  0%|          | 0/150 [00:00<?, ?it/s]                                         0%|          | 0/150 [02:25<?, ?it/s]Best trial: 0. Best value: 0.521908:   0%|          | 0/150 [02:25<?, ?it/s]Best trial: 0. Best value: 0.521908:   1%|          | 1/150 [02:25<6:01:30, 145.58s/it]                                                                                       Best trial: 0. Best value: 0.521908:   1%|          | 1/150 [03:57<6:01:30, 145.58s/it]Best trial: 0. Best value: 0.521908:   1%|          | 1/150 [03:57<6:01:30, 145.58s/it]Best trial: 0. Best value: 0.521908:   1%|▏         | 2/150 [03:57<4:41:33, 114.15s/it]                                                                                       Best trial: 0. Best value: 0.521908:   1%|▏         | 2/150 [11:11<4:41:33, 114.15s/it]Best trial: 0. Best value: 0.521908:   1%|▏         | 2/150 [11:11<4:41:33, 114.15s/it]Best trial: 0. Best value: 0.521908:   2%|▏         | 3/150 [11:11<10:37:00, 260.01s/it]                                                                                        Best trial: 0. Best value: 0.521908:   2%|▏         | 3/150 [12:40<10:37:00, 260.01s/it]Best trial: 0. Best value: 0.521908:   2%|▏         | 3/150 [12:40<10:37:00, 260.01s/it]Best trial: 0. Best value: 0.521908:   3%|▎         | 4/150 [12:40<7:48:19, 192.46s/it]                                                                                        Best trial: 0. Best value: 0.521908:   3%|▎         | 4/150 [13:53<7:48:19, 192.46s/it]Best trial: 0. Best value: 0.521908:   3%|▎         | 4/150 [13:53<7:48:19, 192.46s/it]Best trial: 0. Best value: 0.521908:   3%|▎         | 5/150 [13:53<6:01:39, 149.65s/it]                                                                                       Best trial: 0. Best value: 0.521908:   3%|▎         | 5/150 [16:17<6:01:39, 149.65s/it]Best trial: 5. Best value: 0.55458:   3%|▎         | 5/150 [16:17<6:01:39, 149.65s/it] Best trial: 5. Best value: 0.55458:   4%|▍         | 6/150 [16:17<5:53:48, 147.42s/it]                                                                                      Best trial: 5. Best value: 0.55458:   4%|▍         | 6/150 [18:55<5:53:48, 147.42s/it]Best trial: 5. Best value: 0.55458:   4%|▍         | 6/150 [18:55<5:53:48, 147.42s/it]Best trial: 5. Best value: 0.55458:   5%|▍         | 7/150 [18:55<6:00:05, 151.09s/it]                                                                                      Best trial: 5. Best value: 0.55458:   5%|▍         | 7/150 [22:11<6:00:05, 151.09s/it]Best trial: 5. Best value: 0.55458:   5%|▍         | 7/150 [22:11<6:00:05, 151.09s/it]Best trial: 5. Best value: 0.55458:   5%|▌         | 8/150 [22:11<6:31:28, 165.41s/it]                                                                                      Best trial: 5. Best value: 0.55458:   5%|▌         | 8/150 [24:13<6:31:28, 165.41s/it]Best trial: 5. Best value: 0.55458:   5%|▌         | 8/150 [24:13<6:31:28, 165.41s/it]Best trial: 5. Best value: 0.55458:   6%|▌         | 9/150 [24:13<5:56:52, 151.86s/it]                                                                                      Best trial: 5. Best value: 0.55458:   6%|▌         | 9/150 [27:14<5:56:52, 151.86s/it]Best trial: 5. Best value: 0.55458:   6%|▌         | 9/150 [27:14<5:56:52, 151.86s/it]Best trial: 5. Best value: 0.55458:   7%|▋         | 10/150 [27:14<6:15:25, 160.90s/it]                                                                                       Best trial: 5. Best value: 0.55458:   7%|▋         | 10/150 [29:39<6:15:25, 160.90s/it]Best trial: 5. Best value: 0.55458:   7%|▋         | 10/150 [29:39<6:15:25, 160.90s/it]Best trial: 5. Best value: 0.55458:   7%|▋         | 11/150 [29:39<6:01:20, 155.98s/it]                                                                                       Best trial: 5. Best value: 0.55458:   7%|▋         | 11/150 [32:08<6:01:20, 155.98s/it]Best trial: 5. Best value: 0.55458:   7%|▋         | 11/150 [32:08<6:01:20, 155.98s/it]Best trial: 5. Best value: 0.55458:   8%|▊         | 12/150 [32:08<5:53:34, 153.73s/it]                                                                                       Best trial: 5. Best value: 0.55458:   8%|▊         | 12/150 [35:12<5:53:34, 153.73s/it]Best trial: 5. Best value: 0.55458:   8%|▊         | 12/150 [35:12<5:53:34, 153.73s/it]Best trial: 5. Best value: 0.55458:   9%|▊         | 13/150 [35:12<6:11:50, 162.85s/it]                                                                                       Best trial: 5. Best value: 0.55458:   9%|▊         | 13/150 [38:32<6:11:50, 162.85s/it]Best trial: 5. Best value: 0.55458:   9%|▊         | 13/150 [38:32<6:11:50, 162.85s/it]Best trial: 5. Best value: 0.55458:   9%|▉         | 14/150 [38:32<6:34:47, 174.17s/it]                                                                                       Best trial: 5. Best value: 0.55458:   9%|▉         | 14/150 [48:04<6:34:47, 174.17s/it]Best trial: 5. Best value: 0.55458:   9%|▉         | 14/150 [48:04<6:34:47, 174.17s/it]Best trial: 5. Best value: 0.55458:  10%|█         | 15/150 [48:04<11:01:58, 294.21s/it]                                                                                        Best trial: 5. Best value: 0.55458:  10%|█         | 15/150 [51:50<11:01:58, 294.21s/it]Best trial: 5. Best value: 0.55458:  10%|█         | 15/150 [51:50<11:01:58, 294.21s/it]Best trial: 5. Best value: 0.55458:  11%|█         | 16/150 [51:50<10:10:53, 273.53s/it]                                                                                        Best trial: 5. Best value: 0.55458:  11%|█         | 16/150 [54:12<10:10:53, 273.53s/it]Best trial: 5. Best value: 0.55458:  11%|█         | 16/150 [54:12<10:10:53, 273.53s/it]Best trial: 5. Best value: 0.55458:  11%|█▏        | 17/150 [54:12<8:38:28, 233.90s/it]                                                                                        Best trial: 5. Best value: 0.55458:  11%|█▏        | 17/150 [55:17<8:38:28, 233.90s/it]Best trial: 5. Best value: 0.55458:  11%|█▏        | 17/150 [55:17<8:38:28, 233.90s/it]Best trial: 5. Best value: 0.55458:  12%|█▏        | 18/150 [55:17<6:42:55, 183.14s/it]                                                                                       Best trial: 5. Best value: 0.55458:  12%|█▏        | 18/150 [57:38<6:42:55, 183.14s/it]Best trial: 5. Best value: 0.55458:  12%|█▏        | 18/150 [57:38<6:42:55, 183.14s/it]Best trial: 5. Best value: 0.55458:  13%|█▎        | 19/150 [57:38<6:12:34, 170.64s/it]                                                                                       Best trial: 5. Best value: 0.55458:  13%|█▎        | 19/150 [1:04:10<6:12:34, 170.64s/it]Best trial: 5. Best value: 0.55458:  13%|█▎        | 19/150 [1:04:10<6:12:34, 170.64s/it]Best trial: 5. Best value: 0.55458:  13%|█▎        | 20/150 [1:04:10<8:33:28, 236.99s/it]                                                                                         Best trial: 5. Best value: 0.55458:  13%|█▎        | 20/150 [1:05:21<8:33:28, 236.99s/it]Best trial: 5. Best value: 0.55458:  13%|█▎        | 20/150 [1:05:21<8:33:28, 236.99s/it]Best trial: 5. Best value: 0.55458:  14%|█▍        | 21/150 [1:05:21<6:42:29, 187.21s/it]                                                                                         Best trial: 5. Best value: 0.55458:  14%|█▍        | 21/150 [1:07:58<6:42:29, 187.21s/it]Best trial: 5. Best value: 0.55458:  14%|█▍        | 21/150 [1:07:58<6:42:29, 187.21s/it]Best trial: 5. Best value: 0.55458:  15%|█▍        | 22/150 [1:07:58<6:19:52, 178.07s/it]                                                                                         [I 2024-12-29 19:24:11,893] Trial 0 finished with value: 0.521907571331765 and parameters: {'lr': 0.0004876362690879637, 'decay': 6.810499373163746e-05, 'batch_size': 128, 'nheads': 4, 'project_to': 32, 'hidden_size': 64, 'num_layers': 1, 'dropout': 0.10386599130243562, 'alpha': 1.4596581040406873, 'aug_choice': 5}. Best is trial 0 with value: 0.521907571331765.
[I 2024-12-29 19:25:44,038] Trial 1 finished with value: 0.31943519882216437 and parameters: {'lr': 0.002707992227167031, 'decay': 0.00041261321806213214, 'batch_size': 128, 'nheads': 2, 'project_to': 128, 'hidden_size': 64, 'num_layers': 3, 'dropout': 0.576068445474614, 'alpha': 0.10627864235954171, 'aug_choice': 6}. Best is trial 0 with value: 0.521907571331765.
[I 2024-12-29 19:32:57,615] Trial 2 finished with value: 0.5191844107310446 and parameters: {'lr': 6.438064150574576e-05, 'decay': 0.00016623918119849836, 'batch_size': 128, 'nheads': 1, 'project_to': 128, 'hidden_size': 128, 'num_layers': 3, 'dropout': 0.12056102242049867, 'alpha': 1.3413152425709878, 'aug_choice': 3}. Best is trial 0 with value: 0.521907571331765.
[I 2024-12-29 19:34:26,526] Trial 3 finished with value: 0.4546756335848951 and parameters: {'lr': 0.006973880360507631, 'decay': 2.3911167932268984e-05, 'batch_size': 64, 'nheads': 1, 'project_to': 32, 'hidden_size': 64, 'num_layers': 3, 'dropout': 0.20742012507472787, 'alpha': 0.12911380325939872, 'aug_choice': 4}. Best is trial 0 with value: 0.521907571331765.
[I 2024-12-29 19:35:40,276] Trial 4 finished with value: 0.43831584871779494 and parameters: {'lr': 0.004233091049029032, 'decay': 0.00022498044023812442, 'batch_size': 128, 'nheads': 2, 'project_to': 128, 'hidden_size': 128, 'num_layers': 1, 'dropout': 0.5893183428964414, 'alpha': 0.4736884559489808, 'aug_choice': 0}. Best is trial 0 with value: 0.521907571331765.
[I 2024-12-29 19:38:03,362] Trial 5 finished with value: 0.5545795045453051 and parameters: {'lr': 0.0070570907696069106, 'decay': 0.0061051998865267005, 'batch_size': 64, 'nheads': 2, 'project_to': 64, 'hidden_size': 32, 'num_layers': 2, 'dropout': 0.16298710543871586, 'alpha': 1.4010432282381322, 'aug_choice': 2}. Best is trial 5 with value: 0.5545795045453051.
[I 2024-12-29 19:40:42,008] Trial 6 finished with value: 0.48473739220061773 and parameters: {'lr': 0.00013495152881195507, 'decay': 1.3274287052159629e-05, 'batch_size': 64, 'nheads': 1, 'project_to': 64, 'hidden_size': 128, 'num_layers': 2, 'dropout': 0.4189537592753374, 'alpha': 1.0804746608927693, 'aug_choice': 2}. Best is trial 5 with value: 0.5545795045453051.
[I 2024-12-29 19:43:58,079] Trial 7 finished with value: 0.5287919977398458 and parameters: {'lr': 0.0003113922556124602, 'decay': 0.00016021265261322858, 'batch_size': 128, 'nheads': 1, 'project_to': 128, 'hidden_size': 128, 'num_layers': 3, 'dropout': 0.38775656325460084, 'alpha': 1.1094217067677268, 'aug_choice': 1}. Best is trial 5 with value: 0.5545795045453051.
[I 2024-12-29 19:46:00,143] Trial 8 finished with value: 0.47445205744277497 and parameters: {'lr': 0.0021782558413319716, 'decay': 1.7101844528587265e-05, 'batch_size': 64, 'nheads': 4, 'project_to': 128, 'hidden_size': 64, 'num_layers': 1, 'dropout': 0.5984104963881383, 'alpha': 0.1017582029261863, 'aug_choice': 2}. Best is trial 5 with value: 0.5545795045453051.
[I 2024-12-29 19:49:01,273] Trial 9 finished with value: 0.49199346149069473 and parameters: {'lr': 0.009313070258206824, 'decay': 0.00924234001030403, 'batch_size': 128, 'nheads': 1, 'project_to': 32, 'hidden_size': 64, 'num_layers': 2, 'dropout': 0.2320803182288857, 'alpha': 1.1875170733774387, 'aug_choice': 1}. Best is trial 5 with value: 0.5545795045453051.
[I 2024-12-29 19:51:26,102] Trial 10 finished with value: 0.3565204489056223 and parameters: {'lr': 2.310714377214541e-05, 'decay': 0.009898775624286713, 'batch_size': 64, 'nheads': 2, 'project_to': 64, 'hidden_size': 32, 'num_layers': 2, 'dropout': 0.36029962103988583, 'alpha': 0.7768793569007644, 'aug_choice': 8}. Best is trial 5 with value: 0.5545795045453051.
[I 2024-12-29 19:53:54,688] Trial 11 finished with value: 0.49494045466259123 and parameters: {'lr': 0.0006775867018206473, 'decay': 0.0013339725756604727, 'batch_size': 64, 'nheads': 2, 'project_to': 64, 'hidden_size': 32, 'num_layers': 2, 'dropout': 0.40215624753995716, 'alpha': 0.9681953120662489, 'aug_choice': 1}. Best is trial 5 with value: 0.5545795045453051.
[I 2024-12-29 19:56:58,533] Trial 12 finished with value: 0.48534411357734947 and parameters: {'lr': 0.0011859576312969328, 'decay': 0.0015668602572505084, 'batch_size': 64, 'nheads': 1, 'project_to': 64, 'hidden_size': 32, 'num_layers': 3, 'dropout': 0.2933245935533472, 'alpha': 0.8242347567166396, 'aug_choice': 7}. Best is trial 5 with value: 0.5545795045453051.
[I 2024-12-29 20:00:18,856] Trial 13 finished with value: 0.5196534789860501 and parameters: {'lr': 0.00018072945840421118, 'decay': 0.0012268325438594475, 'batch_size': 128, 'nheads': 2, 'project_to': 128, 'hidden_size': 32, 'num_layers': 2, 'dropout': 0.49436667985484817, 'alpha': 1.2797251108797987, 'aug_choice': 1}. Best is trial 5 with value: 0.5545795045453051.
[I 2024-12-29 20:09:51,254] Trial 14 finished with value: 0.45580485720834407 and parameters: {'lr': 1.1174147484937464e-05, 'decay': 6.529500724002912e-05, 'batch_size': 128, 'nheads': 4, 'project_to': 64, 'hidden_size': 128, 'num_layers': 3, 'dropout': 0.2933032389599622, 'alpha': 1.436683512217656, 'aug_choice': 2}. Best is trial 5 with value: 0.5545795045453051.
[I 2024-12-29 20:13:36,770] Trial 15 finished with value: 0.5278986601246988 and parameters: {'lr': 8.866199831671034e-05, 'decay': 0.003262005311579251, 'batch_size': 64, 'nheads': 1, 'project_to': 128, 'hidden_size': 32, 'num_layers': 2, 'dropout': 0.19057372233237968, 'alpha': 1.1042184858594009, 'aug_choice': 8}. Best is trial 5 with value: 0.5545795045453051.
[I 2024-12-29 20:15:58,500] Trial 16 finished with value: 0.5217038375404361 and parameters: {'lr': 0.000274969523691688, 'decay': 0.0007100996339545876, 'batch_size': 64, 'nheads': 2, 'project_to': 64, 'hidden_size': 128, 'num_layers': 3, 'dropout': 0.6865899230595234, 'alpha': 0.8834972140281172, 'aug_choice': 5}. Best is trial 5 with value: 0.5545795045453051.
[I 2024-12-29 20:17:03,491] Trial 17 finished with value: 0.40738026307678965 and parameters: {'lr': 0.0011857930592160644, 'decay': 9.058017304620775e-05, 'batch_size': 128, 'nheads': 2, 'project_to': 64, 'hidden_size': 32, 'num_layers': 1, 'dropout': 0.48924786891323735, 'alpha': 0.5517692774197004, 'aug_choice': 6}. Best is trial 5 with value: 0.5545795045453051.
[I 2024-12-29 20:19:25,015] Trial 18 finished with value: 0.48521590849549684 and parameters: {'lr': 4.069268596013131e-05, 'decay': 0.003586150228347039, 'batch_size': 64, 'nheads': 1, 'project_to': 128, 'hidden_size': 128, 'num_layers': 2, 'dropout': 0.31455476665976784, 'alpha': 1.19065562671045, 'aug_choice': 0}. Best is trial 5 with value: 0.5545795045453051.
[I 2024-12-29 20:25:56,638] Trial 19 finished with value: 0.4563675535448617 and parameters: {'lr': 0.00043442553921940665, 'decay': 0.00042057260143831866, 'batch_size': 128, 'nheads': 4, 'project_to': 32, 'hidden_size': 128, 'num_layers': 3, 'dropout': 0.4450636070558503, 'alpha': 1.3275474989738836, 'aug_choice': 3}. Best is trial 5 with value: 0.5545795045453051.
[I 2024-12-29 20:27:07,780] Trial 20 finished with value: 0.47258802459177 and parameters: {'lr': 0.0014044794937518577, 'decay': 0.00012299390599461953, 'batch_size': 64, 'nheads': 1, 'project_to': 128, 'hidden_size': 32, 'num_layers': 2, 'dropout': 0.17063356758990814, 'alpha': 1.023796554841931, 'aug_choice': 4}. Best is trial 5 with value: 0.5545795045453051.
[I 2024-12-29 20:29:44,526] Trial 21 finished with value: 0.4784156484910929 and parameters: {'lr': 9.860193703354459e-05, 'decay': 0.00400064294277721, 'batch_size': 64, 'nheads': 1, 'project_to': 128, 'hidden_size': 32, 'num_layers': 2, 'dropout': 0.23866753804209542, 'alpha': 1.14596413102619, 'aug_choice': 8}. Best is trial 5 with value: 0.5545795045453051.
