Fold 0: 0 trials completed, running 40 more trials...
[I 2024-12-25 13:28:03,583] A new study created in RDB with name: webcam_engagement_classifier
  0%|          | 0/40 [00:00<?, ?it/s]                                        0%|          | 0/40 [02:45<?, ?it/s]Best trial: 0. Best value: 0.447287:   0%|          | 0/40 [02:45<?, ?it/s]Best trial: 0. Best value: 0.447287:   2%|▎         | 1/40 [02:45<1:47:35, 165.53s/it]                                                                                      Best trial: 0. Best value: 0.447287:   2%|▎         | 1/40 [05:53<1:47:35, 165.53s/it]Best trial: 0. Best value: 0.447287:   2%|▎         | 1/40 [05:53<1:47:35, 165.53s/it]Best trial: 0. Best value: 0.447287:   5%|▌         | 2/40 [05:53<1:53:05, 178.56s/it]                                                                                      Best trial: 0. Best value: 0.447287:   5%|▌         | 2/40 [15:32<1:53:05, 178.56s/it]Best trial: 0. Best value: 0.447287:   5%|▌         | 2/40 [15:32<1:53:05, 178.56s/it]Best trial: 0. Best value: 0.447287:   8%|▊         | 3/40 [15:32<3:42:49, 361.34s/it]                                                                                      Best trial: 0. Best value: 0.447287:   8%|▊         | 3/40 [19:11<3:42:49, 361.34s/it]Best trial: 0. Best value: 0.447287:   8%|▊         | 3/40 [19:11<3:42:49, 361.34s/it]Best trial: 0. Best value: 0.447287:  10%|█         | 4/40 [19:11<3:03:06, 305.19s/it]                                                                                      Best trial: 0. Best value: 0.447287:  10%|█         | 4/40 [22:31<3:03:06, 305.19s/it]Best trial: 0. Best value: 0.447287:  10%|█         | 4/40 [22:31<3:03:06, 305.19s/it]Best trial: 0. Best value: 0.447287:  12%|█▎        | 5/40 [22:31<2:35:55, 267.31s/it]                                                                                      Best trial: 0. Best value: 0.447287:  12%|█▎        | 5/40 [26:13<2:35:55, 267.31s/it]Best trial: 0. Best value: 0.447287:  12%|█▎        | 5/40 [26:13<2:35:55, 267.31s/it]Best trial: 0. Best value: 0.447287:  15%|█▌        | 6/40 [26:13<2:22:43, 251.88s/it]                                                                                      Best trial: 0. Best value: 0.447287:  15%|█▌        | 6/40 [29:42<2:22:43, 251.88s/it]Best trial: 0. Best value: 0.447287:  15%|█▌        | 6/40 [29:42<2:22:43, 251.88s/it]Best trial: 0. Best value: 0.447287:  18%|█▊        | 7/40 [29:42<2:10:49, 237.86s/it]                                                                                      Best trial: 0. Best value: 0.447287:  18%|█▊        | 7/40 [39:32<2:10:49, 237.86s/it]Best trial: 0. Best value: 0.447287:  18%|█▊        | 7/40 [39:32<2:10:49, 237.86s/it]Best trial: 0. Best value: 0.447287:  20%|██        | 8/40 [39:32<3:06:43, 350.12s/it]                                                                                      Best trial: 0. Best value: 0.447287:  20%|██        | 8/40 [43:58<3:06:43, 350.12s/it]Best trial: 8. Best value: 0.468283:  20%|██        | 8/40 [43:58<3:06:43, 350.12s/it]Best trial: 8. Best value: 0.468283:  22%|██▎       | 9/40 [43:58<2:47:14, 323.68s/it]                                                                                      Best trial: 8. Best value: 0.468283:  22%|██▎       | 9/40 [48:21<2:47:14, 323.68s/it]Best trial: 8. Best value: 0.468283:  22%|██▎       | 9/40 [48:21<2:47:14, 323.68s/it]Best trial: 8. Best value: 0.468283:  25%|██▌       | 10/40 [48:21<2:32:31, 305.06s/it]                                                                                       Best trial: 8. Best value: 0.468283:  25%|██▌       | 10/40 [52:37<2:32:31, 305.06s/it]Best trial: 8. Best value: 0.468283:  25%|██▌       | 10/40 [52:37<2:32:31, 305.06s/it]Best trial: 8. Best value: 0.468283:  28%|██▊       | 11/40 [52:37<2:20:10, 290.03s/it]                                                                                       Best trial: 8. Best value: 0.468283:  28%|██▊       | 11/40 [58:32<2:20:10, 290.03s/it]Best trial: 11. Best value: 0.486718:  28%|██▊       | 11/40 [58:32<2:20:10, 290.03s/it]Best trial: 11. Best value: 0.486718:  30%|███       | 12/40 [58:32<2:24:33, 309.76s/it]                                                                                        Best trial: 11. Best value: 0.486718:  30%|███       | 12/40 [1:04:31<2:24:33, 309.76s/it]Best trial: 11. Best value: 0.486718:  30%|███       | 12/40 [1:04:31<2:24:33, 309.76s/it]Best trial: 11. Best value: 0.486718:  32%|███▎      | 13/40 [1:04:31<2:26:08, 324.77s/it]                                                                                          Best trial: 11. Best value: 0.486718:  32%|███▎      | 13/40 [1:09:34<2:26:08, 324.77s/it]Best trial: 13. Best value: 0.518811:  32%|███▎      | 13/40 [1:09:34<2:26:08, 324.77s/it]Best trial: 13. Best value: 0.518811:  35%|███▌      | 14/40 [1:09:34<2:17:52, 318.16s/it]                                                                                          Best trial: 13. Best value: 0.518811:  35%|███▌      | 14/40 [1:18:25<2:17:52, 318.16s/it]Best trial: 14. Best value: 0.599742:  35%|███▌      | 14/40 [1:18:25<2:17:52, 318.16s/it]Best trial: 14. Best value: 0.599742:  38%|███▊      | 15/40 [1:18:25<2:39:17, 382.32s/it]                                                                                          Best trial: 14. Best value: 0.599742:  38%|███▊      | 15/40 [1:26:46<2:39:17, 382.32s/it]Best trial: 14. Best value: 0.599742:  38%|███▊      | 15/40 [1:26:46<2:39:17, 382.32s/it]Best trial: 14. Best value: 0.599742:  40%|████      | 16/40 [1:26:46<2:47:14, 418.10s/it]                                                                                          Best trial: 14. Best value: 0.599742:  40%|████      | 16/40 [1:30:36<2:47:14, 418.10s/it]Best trial: 14. Best value: 0.599742:  40%|████      | 16/40 [1:30:36<2:47:14, 418.10s/it]Best trial: 14. Best value: 0.599742:  42%|████▎     | 17/40 [1:30:36<2:18:33, 361.48s/it]                                                                                          Best trial: 14. Best value: 0.599742:  42%|████▎     | 17/40 [1:40:23<2:18:33, 361.48s/it]Best trial: 14. Best value: 0.599742:  42%|████▎     | 17/40 [1:40:23<2:18:33, 361.48s/it]Best trial: 14. Best value: 0.599742:  45%|████▌     | 18/40 [1:40:23<2:37:19, 429.08s/it]                                                                                          Best trial: 14. Best value: 0.599742:  45%|████▌     | 18/40 [1:50:17<2:37:19, 429.08s/it]Best trial: 14. Best value: 0.599742:  45%|████▌     | 18/40 [1:50:17<2:37:19, 429.08s/it]Best trial: 14. Best value: 0.599742:  48%|████▊     | 19/40 [1:50:17<2:47:32, 478.70s/it]                                                                                          Best trial: 14. Best value: 0.599742:  48%|████▊     | 19/40 [1:55:41<2:47:32, 478.70s/it]Best trial: 14. Best value: 0.599742:  48%|████▊     | 19/40 [1:55:41<2:47:32, 478.70s/it]Best trial: 14. Best value: 0.599742:  50%|█████     | 20/40 [1:55:41<2:24:03, 432.19s/it]                                                                                          Best trial: 14. Best value: 0.599742:  50%|█████     | 20/40 [2:07:44<2:24:03, 432.19s/it]Best trial: 14. Best value: 0.599742:  50%|█████     | 20/40 [2:07:44<2:24:03, 432.19s/it]Best trial: 14. Best value: 0.599742:  52%|█████▎    | 21/40 [2:07:44<2:44:31, 519.55s/it]                                                                                          Best trial: 14. Best value: 0.599742:  52%|█████▎    | 21/40 [2:17:32<2:44:31, 519.55s/it]Best trial: 14. Best value: 0.599742:  52%|█████▎    | 21/40 [2:17:32<2:44:31, 519.55s/it]Best trial: 14. Best value: 0.599742:  55%|█████▌    | 22/40 [2:17:32<2:42:04, 540.25s/it]                                                                                          [I 2024-12-25 13:30:49,111] Trial 0 finished with value: 0.4472873178502776 and parameters: {'lr': 0.0013242118048885948, 'decay': 0.0024027537851017714, 'batch_size': 128, 'nheads': 1, 'project_to': 32, 'hidden_size': 64, 'num_layers': 1, 'dropout': 0.752924760108113, 'class_weights': False, 'aug_choice': 6}. Best is trial 0 with value: 0.4472873178502776.
[I 2024-12-25 13:33:56,787] Trial 1 finished with value: 0.4340190936746407 and parameters: {'lr': 0.0001301833172235561, 'decay': 0.0009992519364841314, 'batch_size': 128, 'nheads': 2, 'project_to': 128, 'hidden_size': 128, 'num_layers': 3, 'dropout': 0.5983736565521837, 'class_weights': False, 'aug_choice': 6}. Best is trial 0 with value: 0.4472873178502776.
[I 2024-12-25 13:43:35,632] Trial 2 finished with value: 0.4058803129495761 and parameters: {'lr': 1.1843188050501528e-05, 'decay': 0.00033146318610829213, 'batch_size': 64, 'nheads': 1, 'project_to': 64, 'hidden_size': 32, 'num_layers': 3, 'dropout': 0.2207547867606131, 'class_weights': False, 'aug_choice': 6}. Best is trial 0 with value: 0.4472873178502776.
[I 2024-12-25 13:47:14,749] Trial 3 finished with value: 0.4277111437070074 and parameters: {'lr': 0.002270270080038714, 'decay': 0.0002504622429185816, 'batch_size': 128, 'nheads': 1, 'project_to': 64, 'hidden_size': 128, 'num_layers': 3, 'dropout': 0.8986226271435361, 'class_weights': False, 'aug_choice': 4}. Best is trial 0 with value: 0.4472873178502776.
[I 2024-12-25 13:50:34,891] Trial 4 finished with value: 0.431198694385549 and parameters: {'lr': 8.037838098461812e-05, 'decay': 0.003429732385346187, 'batch_size': 64, 'nheads': 4, 'project_to': 128, 'hidden_size': 128, 'num_layers': 2, 'dropout': 0.6208543454988192, 'class_weights': True, 'aug_choice': 0}. Best is trial 0 with value: 0.4472873178502776.
[I 2024-12-25 13:54:16,815] Trial 5 finished with value: 0.4149357217587286 and parameters: {'lr': 0.004799401812250271, 'decay': 0.0005388198995052334, 'batch_size': 128, 'nheads': 1, 'project_to': 64, 'hidden_size': 32, 'num_layers': 2, 'dropout': 0.4439804271994404, 'class_weights': True, 'aug_choice': 8}. Best is trial 0 with value: 0.4472873178502776.
[I 2024-12-25 13:57:45,819] Trial 6 finished with value: 0.3049490497423111 and parameters: {'lr': 0.00028824921226428094, 'decay': 0.004831324593618431, 'batch_size': 128, 'nheads': 1, 'project_to': 32, 'hidden_size': 128, 'num_layers': 2, 'dropout': 0.7239494897552234, 'class_weights': True, 'aug_choice': 2}. Best is trial 0 with value: 0.4472873178502776.
[I 2024-12-25 14:07:36,299] Trial 7 finished with value: 0.41381497241342324 and parameters: {'lr': 2.2647803816106706e-05, 'decay': 0.00010475070753368648, 'batch_size': 128, 'nheads': 4, 'project_to': 128, 'hidden_size': 64, 'num_layers': 1, 'dropout': 0.37631393233543076, 'class_weights': False, 'aug_choice': 2}. Best is trial 0 with value: 0.4472873178502776.
[I 2024-12-25 14:12:01,859] Trial 8 finished with value: 0.4682831554210296 and parameters: {'lr': 0.0032012001953871734, 'decay': 0.0029150239128975307, 'batch_size': 64, 'nheads': 2, 'project_to': 128, 'hidden_size': 32, 'num_layers': 2, 'dropout': 0.4360203934803486, 'class_weights': True, 'aug_choice': 7}. Best is trial 8 with value: 0.4682831554210296.
[I 2024-12-25 14:16:25,208] Trial 9 finished with value: 0.4505075502624131 and parameters: {'lr': 0.00032813086460821173, 'decay': 0.0039110361007501275, 'batch_size': 64, 'nheads': 1, 'project_to': 32, 'hidden_size': 64, 'num_layers': 3, 'dropout': 0.4291197729237307, 'class_weights': True, 'aug_choice': 2}. Best is trial 8 with value: 0.4682831554210296.
[I 2024-12-25 14:20:41,166] Trial 10 finished with value: 0.4371397382878712 and parameters: {'lr': 0.00897737080037168, 'decay': 1.7639278982046583e-05, 'batch_size': 64, 'nheads': 2, 'project_to': 128, 'hidden_size': 32, 'num_layers': 1, 'dropout': 0.1485399746053443, 'class_weights': True, 'aug_choice': 7}. Best is trial 8 with value: 0.4682831554210296.
[I 2024-12-25 14:26:36,067] Trial 11 finished with value: 0.4867179250710656 and parameters: {'lr': 0.0009034905848795184, 'decay': 0.009033856837367156, 'batch_size': 64, 'nheads': 2, 'project_to': 32, 'hidden_size': 64, 'num_layers': 2, 'dropout': 0.3202931819316198, 'class_weights': True, 'aug_choice': 7}. Best is trial 11 with value: 0.4867179250710656.
[I 2024-12-25 14:32:35,348] Trial 12 finished with value: 0.4697032191394948 and parameters: {'lr': 0.001007780885413166, 'decay': 0.009624868815391511, 'batch_size': 64, 'nheads': 2, 'project_to': 32, 'hidden_size': 32, 'num_layers': 2, 'dropout': 0.294337117956605, 'class_weights': True, 'aug_choice': 7}. Best is trial 11 with value: 0.4867179250710656.
[I 2024-12-25 14:37:38,247] Trial 13 finished with value: 0.5188110922531182 and parameters: {'lr': 0.0007962730955406171, 'decay': 0.008053796633802535, 'batch_size': 64, 'nheads': 2, 'project_to': 32, 'hidden_size': 64, 'num_layers': 2, 'dropout': 0.2824496949432812, 'class_weights': True, 'aug_choice': 7}. Best is trial 13 with value: 0.5188110922531182.
[I 2024-12-25 14:46:29,253] Trial 14 finished with value: 0.5997416501477526 and parameters: {'lr': 0.0006243229568347664, 'decay': 0.007054504309818491, 'batch_size': 64, 'nheads': 2, 'project_to': 32, 'hidden_size': 64, 'num_layers': 2, 'dropout': 0.28637386274160354, 'class_weights': True, 'aug_choice': 3}. Best is trial 14 with value: 0.5997416501477526.
[I 2024-12-25 14:54:50,449] Trial 15 finished with value: 0.48539137997820303 and parameters: {'lr': 0.0003810175016618366, 'decay': 0.0011713198569607063, 'batch_size': 64, 'nheads': 2, 'project_to': 32, 'hidden_size': 64, 'num_layers': 1, 'dropout': 0.15797658218901212, 'class_weights': True, 'aug_choice': 3}. Best is trial 14 with value: 0.5997416501477526.
[I 2024-12-25 14:58:40,242] Trial 16 finished with value: 0.42451641040150195 and parameters: {'lr': 0.0001490407608647652, 'decay': 5.5517722358285916e-05, 'batch_size': 64, 'nheads': 2, 'project_to': 32, 'hidden_size': 64, 'num_layers': 2, 'dropout': 0.26129364914267394, 'class_weights': True, 'aug_choice': 5}. Best is trial 14 with value: 0.5997416501477526.
[I 2024-12-25 15:08:26,701] Trial 17 finished with value: 0.532261308654197 and parameters: {'lr': 0.0005407396012420399, 'decay': 0.0009913399535219896, 'batch_size': 64, 'nheads': 4, 'project_to': 32, 'hidden_size': 64, 'num_layers': 3, 'dropout': 0.5390900100448794, 'class_weights': True, 'aug_choice': 3}. Best is trial 14 with value: 0.5997416501477526.
[I 2024-12-25 15:18:20,995] Trial 18 finished with value: 0.5247716433149242 and parameters: {'lr': 6.7471721201986e-05, 'decay': 0.000979852341221503, 'batch_size': 64, 'nheads': 4, 'project_to': 32, 'hidden_size': 64, 'num_layers': 3, 'dropout': 0.5584070850848613, 'class_weights': True, 'aug_choice': 3}. Best is trial 14 with value: 0.5997416501477526.
[I 2024-12-25 15:23:44,774] Trial 19 finished with value: 0.4091304893621512 and parameters: {'lr': 0.0006052422679609764, 'decay': 0.0016353562051076675, 'batch_size': 64, 'nheads': 4, 'project_to': 32, 'hidden_size': 64, 'num_layers': 3, 'dropout': 0.543226302986924, 'class_weights': True, 'aug_choice': 1}. Best is trial 14 with value: 0.5997416501477526.
[I 2024-12-25 15:35:48,003] Trial 20 finished with value: 0.474366660713541 and parameters: {'lr': 4.166332958114782e-05, 'decay': 0.00015497104714258945, 'batch_size': 64, 'nheads': 4, 'project_to': 64, 'hidden_size': 64, 'num_layers': 3, 'dropout': 0.7158747751366417, 'class_weights': True, 'aug_choice': 3}. Best is trial 14 with value: 0.5997416501477526.
