Best trial: 73. Best value: 0.585015:  59%|█████▊    | 88/150 [5:27:22<3:49:44, 222.32s/it]Best trial: 73. Best value: 0.585015:  59%|█████▊    | 88/150 [5:27:22<3:49:44, 222.32s/it]Best trial: 73. Best value: 0.585015:  59%|█████▉    | 89/150 [5:27:22<3:58:53, 234.98s/it]                                                                                           Best trial: 73. Best value: 0.585015:  59%|█████▉    | 89/150 [5:31:58<3:58:53, 234.98s/it]Best trial: 73. Best value: 0.585015:  59%|█████▉    | 89/150 [5:31:58<3:58:53, 234.98s/it]Best trial: 73. Best value: 0.585015:  60%|██████    | 90/150 [5:31:58<4:07:23, 247.40s/it]                                                                                           Best trial: 73. Best value: 0.585015:  60%|██████    | 90/150 [5:34:27<4:07:23, 247.40s/it]Best trial: 73. Best value: 0.585015:  60%|██████    | 90/150 [5:34:27<4:07:23, 247.40s/it]Best trial: 73. Best value: 0.585015:  61%|██████    | 91/150 [5:34:27<3:34:06, 217.73s/it]                                                                                           Best trial: 73. Best value: 0.585015:  61%|██████    | 91/150 [5:38:59<3:34:06, 217.73s/it]Best trial: 73. Best value: 0.585015:  61%|██████    | 91/150 [5:38:59<3:34:06, 217.73s/it]Best trial: 73. Best value: 0.585015:  61%|██████▏   | 92/150 [5:38:59<3:46:17, 234.09s/it]                                                                                           Best trial: 73. Best value: 0.585015:  61%|██████▏   | 92/150 [5:43:26<3:46:17, 234.09s/it]Best trial: 73. Best value: 0.585015:  61%|██████▏   | 92/150 [5:43:26<3:46:17, 234.09s/it]Best trial: 73. Best value: 0.585015:  62%|██████▏   | 93/150 [5:43:26<3:51:48, 244.00s/it]                                                                                           Best trial: 73. Best value: 0.585015:  62%|██████▏   | 93/150 [5:49:36<3:51:48, 244.00s/it]Best trial: 73. Best value: 0.585015:  62%|██████▏   | 93/150 [5:49:36<3:51:48, 244.00s/it]Best trial: 73. Best value: 0.585015:  63%|██████▎   | 94/150 [5:49:36<4:22:57, 281.74s/it]                                                                                           Best trial: 73. Best value: 0.585015:  63%|██████▎   | 94/150 [5:55:07<4:22:57, 281.74s/it]Best trial: 73. Best value: 0.585015:  63%|██████▎   | 94/150 [5:55:07<4:22:57, 281.74s/it]Best trial: 73. Best value: 0.585015:  63%|██████▎   | 95/150 [5:55:07<4:31:38, 296.34s/it]                                                                                           Best trial: 73. Best value: 0.585015:  63%|██████▎   | 95/150 [5:57:28<4:31:38, 296.34s/it]Best trial: 73. Best value: 0.585015:  63%|██████▎   | 95/150 [5:57:28<4:31:38, 296.34s/it]Best trial: 73. Best value: 0.585015:  64%|██████▍   | 96/150 [5:57:28<3:44:49, 249.81s/it]                                                                                           Best trial: 73. Best value: 0.585015:  64%|██████▍   | 96/150 [6:02:49<3:44:49, 249.81s/it]Best trial: 73. Best value: 0.585015:  64%|██████▍   | 96/150 [6:02:49<3:44:49, 249.81s/it]Best trial: 73. Best value: 0.585015:  65%|██████▍   | 97/150 [6:02:49<3:59:36, 271.26s/it]                                                                                           Best trial: 73. Best value: 0.585015:  65%|██████▍   | 97/150 [6:07:25<3:59:36, 271.26s/it]Best trial: 73. Best value: 0.585015:  65%|██████▍   | 97/150 [6:07:25<3:59:36, 271.26s/it]Best trial: 73. Best value: 0.585015:  65%|██████▌   | 98/150 [6:07:25<3:56:16, 272.63s/it]                                                                                           Best trial: 73. Best value: 0.585015:  65%|██████▌   | 98/150 [6:10:48<3:56:16, 272.63s/it]Best trial: 73. Best value: 0.585015:  65%|██████▌   | 98/150 [6:10:48<3:56:16, 272.63s/it]Best trial: 73. Best value: 0.585015:  66%|██████▌   | 99/150 [6:10:48<3:34:05, 251.87s/it]                                                                                           Best trial: 73. Best value: 0.585015:  66%|██████▌   | 99/150 [6:12:54<3:34:05, 251.87s/it]Best trial: 73. Best value: 0.585015:  66%|██████▌   | 99/150 [6:12:54<3:34:05, 251.87s/it]Best trial: 73. Best value: 0.585015:  67%|██████▋   | 100/150 [6:12:54<2:58:17, 213.95s/it]                                                                                            Best trial: 73. Best value: 0.585015:  67%|██████▋   | 100/150 [6:18:08<2:58:17, 213.95s/it]Best trial: 73. Best value: 0.585015:  67%|██████▋   | 100/150 [6:18:08<2:58:17, 213.95s/it]Best trial: 73. Best value: 0.585015:  67%|██████▋   | 101/150 [6:18:08<3:19:12, 243.92s/it]                                                                                            Best trial: 73. Best value: 0.585015:  67%|██████▋   | 101/150 [6:20:16<3:19:12, 243.92s/it]Best trial: 73. Best value: 0.585015:  67%|██████▋   | 101/150 [6:20:16<3:19:12, 243.92s/it]Best trial: 73. Best value: 0.585015:  68%|██████▊   | 102/150 [6:20:16<2:47:24, 209.27s/it]                                                                                            Best trial: 73. Best value: 0.585015:  68%|██████▊   | 102/150 [6:22:28<2:47:24, 209.27s/it]Best trial: 73. Best value: 0.585015:  68%|██████▊   | 102/150 [6:22:28<2:47:24, 209.27s/it]Best trial: 73. Best value: 0.585015:  69%|██████▊   | 103/150 [6:22:28<2:25:40, 185.96s/it]                                                                                            Best trial: 73. Best value: 0.585015:  69%|██████▊   | 103/150 [6:24:24<2:25:40, 185.96s/it]Best trial: 73. Best value: 0.585015:  69%|██████▊   | 103/150 [6:24:24<2:25:40, 185.96s/it]Best trial: 73. Best value: 0.585015:  69%|██████▉   | 104/150 [6:24:24<2:06:34, 165.10s/it]                                                                                            Best trial: 73. Best value: 0.585015:  69%|██████▉   | 104/150 [6:26:47<2:06:34, 165.10s/it]Best trial: 73. Best value: 0.585015:  69%|██████▉   | 104/150 [6:26:47<2:06:34, 165.10s/it]Best trial: 73. Best value: 0.585015:  70%|███████   | 105/150 [6:26:47<1:58:55, 158.56s/it]                                                                                            Best trial: 73. Best value: 0.585015:  70%|███████   | 105/150 [6:28:38<1:58:55, 158.56s/it]Best trial: 73. Best value: 0.585015:  70%|███████   | 105/150 [6:28:38<1:58:55, 158.56s/it]Best trial: 73. Best value: 0.585015:  71%|███████   | 106/150 [6:28:38<1:45:38, 144.05s/it]                                                                                            Best trial: 73. Best value: 0.585015:  71%|███████   | 106/150 [6:34:33<1:45:38, 144.05s/it]Best trial: 73. Best value: 0.585015:  71%|███████   | 106/150 [6:34:33<1:45:38, 144.05s/it]Best trial: 73. Best value: 0.585015:  71%|███████▏  | 107/150 [6:34:33<2:28:45, 207.57s/it]                                                                                            Best trial: 73. Best value: 0.585015:  71%|███████▏  | 107/150 [6:40:48<2:28:45, 207.57s/it]Best trial: 107. Best value: 0.611699:  71%|███████▏  | 107/150 [6:40:48<2:28:45, 207.57s/it]Best trial: 107. Best value: 0.611699:  72%|███████▏  | 108/150 [6:40:48<3:00:18, 257.59s/it]                                                                                             Best trial: 107. Best value: 0.611699:  72%|███████▏  | 108/150 [6:42:45<3:00:18, 257.59s/it]Best trial: 107. Best value: 0.611699:  72%|███████▏  | 108/150 [6:42:45<3:00:18, 257.59s/it]Best trial: 107. Best value: 0.611699:  73%|███████▎  | 109/150 [6:42:45<2:27:10, 215.37s/it]                                                                                             Best trial: 107. Best value: 0.611699:  73%|███████▎  | 109/150 [6:47:50<2:27:10, 215.37s/it]Best trial: 107. Best value: 0.611699:  73%|███████▎  | 109/150 [6:47:50<2:27:10, 215.37s/it]Best trial: 107. Best value: 0.611699:  73%|███████▎  | 110/150 [6:47:50<2:41:38, 242.45s/it]                                                                                             [I 2024-12-30 00:49:08,920] Trial 88 finished with value: 0.5185187833697488 and parameters: {'lr': 0.001014991659118214, 'decay': 0.0004833482146724162, 'batch_size': 64, 'nheads': 1, 'project_to': 64, 'hidden_size': 128, 'num_layers': 1, 'dropout': 0.11393417071457752, 'alpha': 0.9148488077316607, 'aug_choice': 3}. Best is trial 73 with value: 0.5850152682687418.
[I 2024-12-30 00:53:45,295] Trial 89 finished with value: 0.4762044713318177 and parameters: {'lr': 0.002043034322399181, 'decay': 0.0003588011045370893, 'batch_size': 64, 'nheads': 1, 'project_to': 64, 'hidden_size': 128, 'num_layers': 1, 'dropout': 0.32798291229215537, 'alpha': 0.857071218695692, 'aug_choice': 3}. Best is trial 73 with value: 0.5850152682687418.
[I 2024-12-30 00:56:13,808] Trial 90 finished with value: 0.3832915474828586 and parameters: {'lr': 0.00397086346345335, 'decay': 0.001213317867090179, 'batch_size': 64, 'nheads': 2, 'project_to': 128, 'hidden_size': 32, 'num_layers': 1, 'dropout': 0.24738646522809177, 'alpha': 0.15956610419256356, 'aug_choice': 7}. Best is trial 73 with value: 0.5850152682687418.
[I 2024-12-30 01:00:46,050] Trial 91 finished with value: 0.512291929751472 and parameters: {'lr': 0.0030329064833592673, 'decay': 0.003474131553009256, 'batch_size': 64, 'nheads': 4, 'project_to': 32, 'hidden_size': 64, 'num_layers': 1, 'dropout': 0.2617463936128928, 'alpha': 0.7311432535488196, 'aug_choice': 3}. Best is trial 73 with value: 0.5850152682687418.
[I 2024-12-30 01:05:13,191] Trial 92 finished with value: 0.48312917228610236 and parameters: {'lr': 0.00043232516999473016, 'decay': 0.002423148086899663, 'batch_size': 64, 'nheads': 1, 'project_to': 32, 'hidden_size': 64, 'num_layers': 1, 'dropout': 0.2868421475070519, 'alpha': 0.7598340216169848, 'aug_choice': 3}. Best is trial 73 with value: 0.5850152682687418.
[I 2024-12-30 01:11:23,000] Trial 93 finished with value: 0.49965184319160677 and parameters: {'lr': 0.0036420657974390604, 'decay': 0.0019825046517925556, 'batch_size': 64, 'nheads': 4, 'project_to': 32, 'hidden_size': 64, 'num_layers': 1, 'dropout': 0.22602330655690853, 'alpha': 0.8103211373977126, 'aug_choice': 3}. Best is trial 73 with value: 0.5850152682687418.
[I 2024-12-30 01:16:53,402] Trial 94 finished with value: 0.5570967579692881 and parameters: {'lr': 0.006411225670556195, 'decay': 0.001530009651801814, 'batch_size': 64, 'nheads': 1, 'project_to': 32, 'hidden_size': 64, 'num_layers': 1, 'dropout': 0.2738654681741636, 'alpha': 0.6704978083868168, 'aug_choice': 3}. Best is trial 73 with value: 0.5850152682687418.
[I 2024-12-30 01:19:14,643] Trial 95 finished with value: 0.5324541557168239 and parameters: {'lr': 0.0022921873264786035, 'decay': 0.0009708719593070623, 'batch_size': 64, 'nheads': 1, 'project_to': 32, 'hidden_size': 64, 'num_layers': 1, 'dropout': 0.20092885157346063, 'alpha': 0.984748672132044, 'aug_choice': 2}. Best is trial 73 with value: 0.5850152682687418.
[I 2024-12-30 01:24:35,957] Trial 96 finished with value: 0.5011560011448438 and parameters: {'lr': 0.005146162095182277, 'decay': 0.000794179876168205, 'batch_size': 64, 'nheads': 1, 'project_to': 128, 'hidden_size': 64, 'num_layers': 2, 'dropout': 0.10175444165606161, 'alpha': 1.06769238544991, 'aug_choice': 3}. Best is trial 73 with value: 0.5850152682687418.
[I 2024-12-30 01:29:11,793] Trial 97 finished with value: 0.49675572955691916 and parameters: {'lr': 0.008243094782355046, 'decay': 0.004282460544720988, 'batch_size': 64, 'nheads': 1, 'project_to': 32, 'hidden_size': 128, 'num_layers': 1, 'dropout': 0.14601686902958294, 'alpha': 0.567736634647501, 'aug_choice': 3}. Best is trial 73 with value: 0.5850152682687418.
[I 2024-12-30 01:32:35,212] Trial 98 finished with value: 0.49447061801204656 and parameters: {'lr': 0.001389921503032152, 'decay': 0.0028391238645243022, 'batch_size': 64, 'nheads': 4, 'project_to': 64, 'hidden_size': 32, 'num_layers': 3, 'dropout': 0.35145992252441055, 'alpha': 0.7160498826911553, 'aug_choice': 1}. Best is trial 73 with value: 0.5850152682687418.
[I 2024-12-30 01:34:40,672] Trial 99 finished with value: 0.5601191754898871 and parameters: {'lr': 0.0044230526797974425, 'decay': 0.003583964245650727, 'batch_size': 64, 'nheads': 1, 'project_to': 32, 'hidden_size': 64, 'num_layers': 1, 'dropout': 0.3079743765598536, 'alpha': 0.6149566274882051, 'aug_choice': 8}. Best is trial 73 with value: 0.5850152682687418.
[I 2024-12-30 01:39:54,530] Trial 100 finished with value: 0.5007178510750862 and parameters: {'lr': 0.0018176659627567031, 'decay': 0.0012826477056533147, 'batch_size': 128, 'nheads': 2, 'project_to': 128, 'hidden_size': 64, 'num_layers': 2, 'dropout': 0.12898186213834698, 'alpha': 0.8483082538879451, 'aug_choice': 3}. Best is trial 73 with value: 0.5850152682687418.
[I 2024-12-30 01:42:02,936] Trial 101 finished with value: 0.544069081798104 and parameters: {'lr': 0.0002493830812719755, 'decay': 2.2498904985845804e-05, 'batch_size': 64, 'nheads': 1, 'project_to': 128, 'hidden_size': 32, 'num_layers': 2, 'dropout': 0.14281805106786286, 'alpha': 1.0034524923855916, 'aug_choice': 8}. Best is trial 73 with value: 0.5850152682687418.
[I 2024-12-30 01:44:14,524] Trial 102 finished with value: 0.5552081709788395 and parameters: {'lr': 0.00028189672872356507, 'decay': 0.0028884353002094536, 'batch_size': 64, 'nheads': 1, 'project_to': 128, 'hidden_size': 32, 'num_layers': 2, 'dropout': 0.17274700753493039, 'alpha': 1.1302137501672205, 'aug_choice': 8}. Best is trial 73 with value: 0.5850152682687418.
[I 2024-12-30 01:46:10,944] Trial 103 finished with value: 0.4415871950670511 and parameters: {'lr': 0.00036364300413886576, 'decay': 0.001789513198620075, 'batch_size': 64, 'nheads': 1, 'project_to': 128, 'hidden_size': 32, 'num_layers': 2, 'dropout': 0.2798887498588722, 'alpha': 0.7779644969594323, 'aug_choice': 8}. Best is trial 73 with value: 0.5850152682687418.
[I 2024-12-30 01:48:34,232] Trial 104 finished with value: 0.5000338872458977 and parameters: {'lr': 0.00019320501830445423, 'decay': 0.0021325336198189655, 'batch_size': 64, 'nheads': 1, 'project_to': 128, 'hidden_size': 32, 'num_layers': 2, 'dropout': 0.15174632350056225, 'alpha': 0.9315795463037496, 'aug_choice': 8}. Best is trial 73 with value: 0.5850152682687418.
[I 2024-12-30 01:50:24,444] Trial 105 finished with value: 0.48769396188378156 and parameters: {'lr': 0.0001254936935712719, 'decay': 0.0015155456685146487, 'batch_size': 64, 'nheads': 1, 'project_to': 128, 'hidden_size': 32, 'num_layers': 2, 'dropout': 0.3244429957345295, 'alpha': 1.034191964623433, 'aug_choice': 6}. Best is trial 73 with value: 0.5850152682687418.
[I 2024-12-30 01:56:20,235] Trial 106 finished with value: 0.5185847560471324 and parameters: {'lr': 0.0035261715427538183, 'decay': 0.004886194917289134, 'batch_size': 64, 'nheads': 1, 'project_to': 32, 'hidden_size': 64, 'num_layers': 1, 'dropout': 0.11823651482031533, 'alpha': 0.8914860490331795, 'aug_choice': 3}. Best is trial 73 with value: 0.5850152682687418.
[I 2024-12-30 02:02:34,524] Trial 107 finished with value: 0.6116991648507072 and parameters: {'lr': 0.009902777046222005, 'decay': 0.003305872809139166, 'batch_size': 64, 'nheads': 1, 'project_to': 64, 'hidden_size': 128, 'num_layers': 1, 'dropout': 0.19026885838408972, 'alpha': 1.1750417499385355, 'aug_choice': 3}. Best is trial 107 with value: 0.6116991648507072.
[I 2024-12-30 02:04:31,377] Trial 108 finished with value: 0.4868289122819181 and parameters: {'lr': 0.00998023128041164, 'decay': 6.886015379779018e-05, 'batch_size': 64, 'nheads': 1, 'project_to': 64, 'hidden_size': 128, 'num_layers': 1, 'dropout': 0.2323493996968366, 'alpha': 1.2322247152284236, 'aug_choice': 5}. Best is trial 107 with value: 0.6116991648507072.
[I 2024-12-30 02:09:37,031] Trial 109 finished with value: 0.5615469676655879 and parameters: {'lr': 0.00652824252892205, 'decay': 0.006833842197623187, 'batch_size': 64, 'nheads': 4, 'project_to': 64, 'hidden_size': 128, 'num_layers': 1, 'dropout': 0.25718537076618936, 'alpha': 1.3934816679617748, 'aug_choice': 3}. Best is trial 107 with value: 0.6116991648507072.
