Best trial: 6. Best value: 0.549449:  15%|█▍        | 22/150 [1:36:04<9:16:57, 261.08s/it]Best trial: 6. Best value: 0.549449:  15%|█▍        | 22/150 [1:36:04<9:16:57, 261.08s/it]Best trial: 6. Best value: 0.549449:  15%|█▌        | 23/150 [1:36:04<10:25:33, 295.54s/it]                                                                                           Best trial: 6. Best value: 0.549449:  15%|█▌        | 23/150 [1:41:21<10:25:33, 295.54s/it]Best trial: 6. Best value: 0.549449:  15%|█▌        | 23/150 [1:41:21<10:25:33, 295.54s/it]Best trial: 6. Best value: 0.549449:  16%|█▌        | 24/150 [1:41:21<10:34:16, 302.04s/it]                                                                                           Best trial: 6. Best value: 0.549449:  16%|█▌        | 24/150 [1:43:32<10:34:16, 302.04s/it]Best trial: 6. Best value: 0.549449:  16%|█▌        | 24/150 [1:43:32<10:34:16, 302.04s/it]Best trial: 6. Best value: 0.549449:  17%|█▋        | 25/150 [1:43:32<8:42:15, 250.68s/it]                                                                                           Best trial: 6. Best value: 0.549449:  17%|█▋        | 25/150 [1:44:58<8:42:15, 250.68s/it]Best trial: 6. Best value: 0.549449:  17%|█▋        | 25/150 [1:44:58<8:42:15, 250.68s/it]Best trial: 6. Best value: 0.549449:  17%|█▋        | 26/150 [1:44:58<6:56:07, 201.35s/it]                                                                                          Best trial: 6. Best value: 0.549449:  17%|█▋        | 26/150 [1:49:10<6:56:07, 201.35s/it]Best trial: 6. Best value: 0.549449:  17%|█▋        | 26/150 [1:49:10<6:56:07, 201.35s/it]Best trial: 6. Best value: 0.549449:  18%|█▊        | 27/150 [1:49:10<7:23:53, 216.53s/it]                                                                                          Best trial: 6. Best value: 0.549449:  18%|█▊        | 27/150 [1:56:01<7:23:53, 216.53s/it]Best trial: 6. Best value: 0.549449:  18%|█▊        | 27/150 [1:56:01<7:23:53, 216.53s/it]Best trial: 6. Best value: 0.549449:  19%|█▊        | 28/150 [1:56:01<9:18:37, 274.74s/it]                                                                                          Best trial: 6. Best value: 0.549449:  19%|█▊        | 28/150 [2:01:52<9:18:37, 274.74s/it]Best trial: 6. Best value: 0.549449:  19%|█▊        | 28/150 [2:01:52<9:18:37, 274.74s/it]Best trial: 6. Best value: 0.549449:  19%|█▉        | 29/150 [2:01:52<10:00:18, 297.67s/it]                                                                                           Best trial: 6. Best value: 0.549449:  19%|█▉        | 29/150 [2:05:17<10:00:18, 297.67s/it]Best trial: 6. Best value: 0.549449:  19%|█▉        | 29/150 [2:05:17<10:00:18, 297.67s/it]Best trial: 6. Best value: 0.549449:  20%|██        | 30/150 [2:05:17<8:59:38, 269.82s/it]                                                                                           Best trial: 6. Best value: 0.549449:  20%|██        | 30/150 [2:08:50<8:59:38, 269.82s/it]Best trial: 30. Best value: 0.55672:  20%|██        | 30/150 [2:08:50<8:59:38, 269.82s/it]Best trial: 30. Best value: 0.55672:  21%|██        | 31/150 [2:08:50<8:21:20, 252.78s/it]                                                                                          Best trial: 30. Best value: 0.55672:  21%|██        | 31/150 [2:12:01<8:21:20, 252.78s/it]Best trial: 30. Best value: 0.55672:  21%|██        | 31/150 [2:12:01<8:21:20, 252.78s/it]Best trial: 30. Best value: 0.55672:  21%|██▏       | 32/150 [2:12:01<7:40:46, 234.29s/it]                                                                                          Best trial: 30. Best value: 0.55672:  21%|██▏       | 32/150 [2:15:12<7:40:46, 234.29s/it]Best trial: 30. Best value: 0.55672:  21%|██▏       | 32/150 [2:15:12<7:40:46, 234.29s/it]Best trial: 30. Best value: 0.55672:  22%|██▏       | 33/150 [2:15:12<7:11:27, 221.26s/it]                                                                                          Best trial: 30. Best value: 0.55672:  22%|██▏       | 33/150 [2:18:33<7:11:27, 221.26s/it]Best trial: 30. Best value: 0.55672:  22%|██▏       | 33/150 [2:18:33<7:11:27, 221.26s/it]Best trial: 30. Best value: 0.55672:  23%|██▎       | 34/150 [2:18:33<6:56:17, 215.32s/it]                                                                                          Best trial: 30. Best value: 0.55672:  23%|██▎       | 34/150 [2:22:48<6:56:17, 215.32s/it]Best trial: 30. Best value: 0.55672:  23%|██▎       | 34/150 [2:22:48<6:56:17, 215.32s/it]Best trial: 30. Best value: 0.55672:  23%|██▎       | 35/150 [2:22:48<7:15:08, 227.03s/it]                                                                                          Best trial: 30. Best value: 0.55672:  23%|██▎       | 35/150 [2:26:01<7:15:08, 227.03s/it]Best trial: 30. Best value: 0.55672:  23%|██▎       | 35/150 [2:26:01<7:15:08, 227.03s/it]Best trial: 30. Best value: 0.55672:  24%|██▍       | 36/150 [2:26:01<6:51:49, 216.75s/it]                                                                                          Best trial: 30. Best value: 0.55672:  24%|██▍       | 36/150 [2:29:13<6:51:49, 216.75s/it]Best trial: 30. Best value: 0.55672:  24%|██▍       | 36/150 [2:29:13<6:51:49, 216.75s/it]Best trial: 30. Best value: 0.55672:  25%|██▍       | 37/150 [2:29:13<6:34:18, 209.37s/it]                                                                                          Best trial: 30. Best value: 0.55672:  25%|██▍       | 37/150 [2:33:43<6:34:18, 209.37s/it]Best trial: 30. Best value: 0.55672:  25%|██▍       | 37/150 [2:33:43<6:34:18, 209.37s/it]Best trial: 30. Best value: 0.55672:  25%|██▌       | 38/150 [2:33:43<7:05:06, 227.73s/it]                                                                                          Best trial: 30. Best value: 0.55672:  25%|██▌       | 38/150 [2:35:36<7:05:06, 227.73s/it]Best trial: 30. Best value: 0.55672:  25%|██▌       | 38/150 [2:35:36<7:05:06, 227.73s/it]Best trial: 30. Best value: 0.55672:  26%|██▌       | 39/150 [2:35:36<5:57:19, 193.15s/it]                                                                                          Best trial: 30. Best value: 0.55672:  26%|██▌       | 39/150 [2:39:17<5:57:19, 193.15s/it]Best trial: 30. Best value: 0.55672:  26%|██▌       | 39/150 [2:39:17<5:57:19, 193.15s/it]Best trial: 30. Best value: 0.55672:  27%|██▋       | 40/150 [2:39:17<6:09:24, 201.49s/it]                                                                                          Best trial: 30. Best value: 0.55672:  27%|██▋       | 40/150 [2:40:50<6:09:24, 201.49s/it]Best trial: 30. Best value: 0.55672:  27%|██▋       | 40/150 [2:40:50<6:09:24, 201.49s/it]Best trial: 30. Best value: 0.55672:  27%|██▋       | 41/150 [2:40:50<5:07:13, 169.12s/it]                                                                                          Best trial: 30. Best value: 0.55672:  27%|██▋       | 41/150 [2:45:03<5:07:13, 169.12s/it]Best trial: 41. Best value: 0.56679:  27%|██▋       | 41/150 [2:45:03<5:07:13, 169.12s/it]Best trial: 41. Best value: 0.56679:  28%|██▊       | 42/150 [2:45:03<5:49:42, 194.29s/it]                                                                                          Best trial: 41. Best value: 0.56679:  28%|██▊       | 42/150 [2:48:44<5:49:42, 194.29s/it]Best trial: 41. Best value: 0.56679:  28%|██▊       | 42/150 [2:48:44<5:49:42, 194.29s/it]Best trial: 41. Best value: 0.56679:  29%|██▊       | 43/150 [2:48:44<6:00:36, 202.21s/it]                                                                                          Best trial: 41. Best value: 0.56679:  29%|██▊       | 43/150 [2:52:03<6:00:36, 202.21s/it]Best trial: 41. Best value: 0.56679:  29%|██▊       | 43/150 [2:52:03<6:00:36, 202.21s/it]Best trial: 41. Best value: 0.56679:  29%|██▉       | 44/150 [2:52:03<5:55:31, 201.24s/it]                                                                                          [I 2025-01-03 02:33:47,295] Trial 22 finished with value: 0.5374647470136276 and parameters: {'lr': 0.004699380698191607, 'decay': 0.005145063559142426, 'batch_size': 128, 'nheads': 2, 'project_to': 32, 'hidden_size': 64, 'num_layers': 1, 'dropout': 0.28443096028831644, 'alpha': 0.8461189214482031, 'aug_choice': 3}. Best is trial 6 with value: 0.5494486560091569.
[I 2025-01-03 02:39:04,478] Trial 23 finished with value: 0.43419855738959656 and parameters: {'lr': 0.004244533975411744, 'decay': 0.00473223217083838, 'batch_size': 128, 'nheads': 2, 'project_to': 32, 'hidden_size': 64, 'num_layers': 1, 'dropout': 0.19555534757341178, 'alpha': 0.655528697072064, 'aug_choice': 3}. Best is trial 6 with value: 0.5494486560091569.
[I 2025-01-03 02:41:15,351] Trial 24 finished with value: 0.460876879756395 and parameters: {'lr': 0.0020655735140968044, 'decay': 0.0018667707798980383, 'batch_size': 128, 'nheads': 4, 'project_to': 32, 'hidden_size': 64, 'num_layers': 1, 'dropout': 0.3186930059157207, 'alpha': 0.8519798432882378, 'aug_choice': 2}. Best is trial 6 with value: 0.5494486560091569.
[I 2025-01-03 02:42:41,629] Trial 25 finished with value: 0.5351482266019809 and parameters: {'lr': 0.004687895333078885, 'decay': 0.0010418695308786277, 'batch_size': 128, 'nheads': 2, 'project_to': 32, 'hidden_size': 64, 'num_layers': 1, 'dropout': 0.2837861287243817, 'alpha': 1.0399149731493837, 'aug_choice': 4}. Best is trial 6 with value: 0.5494486560091569.
[I 2025-01-03 02:46:53,576] Trial 26 finished with value: 0.4851048013412164 and parameters: {'lr': 0.002067927736409255, 'decay': 0.0053400834907656085, 'batch_size': 64, 'nheads': 4, 'project_to': 32, 'hidden_size': 64, 'num_layers': 2, 'dropout': 0.37226820950281103, 'alpha': 0.6960189582591486, 'aug_choice': 7}. Best is trial 6 with value: 0.5494486560091569.
[I 2025-01-03 02:53:44,108] Trial 27 finished with value: 0.48644371860209173 and parameters: {'lr': 0.0005273729644010833, 'decay': 0.002925996601953529, 'batch_size': 128, 'nheads': 4, 'project_to': 32, 'hidden_size': 32, 'num_layers': 1, 'dropout': 0.15588316760662552, 'alpha': 1.3585417104335966, 'aug_choice': 3}. Best is trial 6 with value: 0.5494486560091569.
[I 2025-01-03 02:59:35,294] Trial 28 finished with value: 0.5339889878667053 and parameters: {'lr': 0.005345308899634661, 'decay': 0.002340175604126645, 'batch_size': 128, 'nheads': 1, 'project_to': 64, 'hidden_size': 64, 'num_layers': 1, 'dropout': 0.2172528296306725, 'alpha': 0.12660005901697113, 'aug_choice': 3}. Best is trial 6 with value: 0.5494486560091569.
[I 2025-01-03 03:03:00,126] Trial 29 finished with value: 0.5446486657206485 and parameters: {'lr': 0.0029844740989391104, 'decay': 0.00033477929086490866, 'batch_size': 128, 'nheads': 2, 'project_to': 128, 'hidden_size': 32, 'num_layers': 2, 'dropout': 0.4594354094619528, 'alpha': 0.8020492299573523, 'aug_choice': 7}. Best is trial 6 with value: 0.5494486560091569.
[I 2025-01-03 03:06:33,147] Trial 30 finished with value: 0.5567203803986559 and parameters: {'lr': 0.0008587940701338526, 'decay': 0.0004038620970431867, 'batch_size': 128, 'nheads': 1, 'project_to': 128, 'hidden_size': 32, 'num_layers': 2, 'dropout': 0.46790565414693525, 'alpha': 1.432833743221965, 'aug_choice': 7}. Best is trial 30 with value: 0.5567203803986559.
[I 2025-01-03 03:09:44,306] Trial 31 finished with value: 0.5341226595551123 and parameters: {'lr': 0.0006990890560068702, 'decay': 0.0003903646684608519, 'batch_size': 128, 'nheads': 1, 'project_to': 128, 'hidden_size': 32, 'num_layers': 2, 'dropout': 0.47793731609183154, 'alpha': 1.4602890419890824, 'aug_choice': 7}. Best is trial 30 with value: 0.5567203803986559.
[I 2025-01-03 03:12:55,158] Trial 32 finished with value: 0.5307589135995872 and parameters: {'lr': 0.002891048313665435, 'decay': 0.00012441655870454573, 'batch_size': 128, 'nheads': 1, 'project_to': 128, 'hidden_size': 32, 'num_layers': 2, 'dropout': 0.4580415298630073, 'alpha': 1.351841608820888, 'aug_choice': 7}. Best is trial 30 with value: 0.5567203803986559.
[I 2025-01-03 03:16:16,613] Trial 33 finished with value: 0.4797763741848561 and parameters: {'lr': 0.0014686308309716642, 'decay': 0.0002766618553723708, 'batch_size': 128, 'nheads': 1, 'project_to': 128, 'hidden_size': 32, 'num_layers': 2, 'dropout': 0.5298986957407806, 'alpha': 1.1585825047268004, 'aug_choice': 7}. Best is trial 30 with value: 0.5567203803986559.
[I 2025-01-03 03:20:30,956] Trial 34 finished with value: 0.48189783838290634 and parameters: {'lr': 0.000292894017822311, 'decay': 0.0008362989266031287, 'batch_size': 128, 'nheads': 1, 'project_to': 128, 'hidden_size': 32, 'num_layers': 3, 'dropout': 0.44781357069949357, 'alpha': 0.5220472338284396, 'aug_choice': 7}. Best is trial 30 with value: 0.5567203803986559.
[I 2025-01-03 03:23:43,727] Trial 35 finished with value: 0.5448193125141333 and parameters: {'lr': 0.000420266909562144, 'decay': 6.616999793053557e-05, 'batch_size': 64, 'nheads': 1, 'project_to': 128, 'hidden_size': 32, 'num_layers': 2, 'dropout': 0.5225729567952049, 'alpha': 1.0593038637606784, 'aug_choice': 7}. Best is trial 30 with value: 0.5567203803986559.
[I 2025-01-03 03:26:55,878] Trial 36 finished with value: 0.5184913038476198 and parameters: {'lr': 9.410666995210403e-05, 'decay': 1.1389415118540917e-05, 'batch_size': 64, 'nheads': 1, 'project_to': 128, 'hidden_size': 32, 'num_layers': 2, 'dropout': 0.5478221485567337, 'alpha': 1.0495446720481698, 'aug_choice': 5}. Best is trial 30 with value: 0.5567203803986559.
[I 2025-01-03 03:31:26,459] Trial 37 finished with value: 0.5162194939671293 and parameters: {'lr': 0.00021968079977219103, 'decay': 0.00010138729377246471, 'batch_size': 64, 'nheads': 1, 'project_to': 128, 'hidden_size': 128, 'num_layers': 3, 'dropout': 0.5260855056221877, 'alpha': 1.2756624111701396, 'aug_choice': 7}. Best is trial 30 with value: 0.5567203803986559.
[I 2025-01-03 03:33:18,901] Trial 38 finished with value: 0.43909792505002015 and parameters: {'lr': 0.00010438033606155043, 'decay': 4.2813455750625585e-05, 'batch_size': 64, 'nheads': 1, 'project_to': 128, 'hidden_size': 32, 'num_layers': 2, 'dropout': 0.627881289883817, 'alpha': 1.4937552089093997, 'aug_choice': 4}. Best is trial 30 with value: 0.5567203803986559.
[I 2025-01-03 03:36:59,865] Trial 39 finished with value: 0.4833276704780013 and parameters: {'lr': 0.00035967862998237713, 'decay': 8.082426815363378e-05, 'batch_size': 64, 'nheads': 1, 'project_to': 64, 'hidden_size': 32, 'num_layers': 3, 'dropout': 0.6019308157230177, 'alpha': 1.127539752425692, 'aug_choice': 7}. Best is trial 30 with value: 0.5567203803986559.
[I 2025-01-03 03:38:33,449] Trial 40 finished with value: 0.4854332086185488 and parameters: {'lr': 0.0008073696969515759, 'decay': 0.00019909063267364873, 'batch_size': 64, 'nheads': 1, 'project_to': 128, 'hidden_size': 128, 'num_layers': 2, 'dropout': 0.41336648223082323, 'alpha': 1.3600359843847545, 'aug_choice': 6}. Best is trial 30 with value: 0.5567203803986559.
[I 2025-01-03 03:42:46,462] Trial 41 finished with value: 0.56678959769374 and parameters: {'lr': 0.0063620237579443024, 'decay': 0.00036472380226219115, 'batch_size': 64, 'nheads': 2, 'project_to': 128, 'hidden_size': 32, 'num_layers': 2, 'dropout': 0.49278983000737797, 'alpha': 0.9865656667967908, 'aug_choice': 7}. Best is trial 41 with value: 0.56678959769374.
[I 2025-01-03 03:46:27,163] Trial 42 finished with value: 0.5145683149863524 and parameters: {'lr': 0.0061598038747913975, 'decay': 0.0004381725069293558, 'batch_size': 64, 'nheads': 4, 'project_to': 128, 'hidden_size': 32, 'num_layers': 2, 'dropout': 0.5115865721170831, 'alpha': 1.2702677318047726, 'aug_choice': 7}. Best is trial 41 with value: 0.56678959769374.
[I 2025-01-03 03:49:46,133] Trial 43 finished with value: 0.45305987302219736 and parameters: {'lr': 0.0003333718357444601, 'decay': 5.217948470854201e-05, 'batch_size': 64, 'nheads': 2, 'project_to': 128, 'hidden_size': 32, 'num_layers': 2, 'dropout': 0.5817532527290588, 'alpha': 0.9897670202062754, 'aug_choice': 7}. Best is trial 41 with value: 0.56678959769374.
