[I 2024-12-29 08:28:23,056] Trial 63 finished with value: 0.42393867415881326 and parameters: {'lr': 0.007653698664865246, 'decay': 2.0538067352002616e-05, 'batch_size': 64, 'nheads': 2, 'project_to': 64, 'hidden_size': 32, 'num_layers': 3, 'dropout': 0.3973424248691223, 'aug_choice': 5}. Best is trial 50 with value: 0.581011910145976.
Best trial: 50. Best value: 0.581012:  60%|██████    | 24/40 [1:04:16<36:36, 137.31s/it]Best trial: 50. Best value: 0.581012:  60%|██████    | 24/40 [1:04:16<36:36, 137.31s/it]Best trial: 50. Best value: 0.581012:  62%|██████▎   | 25/40 [1:04:16<36:22, 145.50s/it]                                                                                        Best trial: 50. Best value: 0.581012:  62%|██████▎   | 25/40 [1:07:12<36:22, 145.50s/it]Best trial: 50. Best value: 0.581012:  62%|██████▎   | 25/40 [1:07:12<36:22, 145.50s/it]Best trial: 50. Best value: 0.581012:  65%|██████▌   | 26/40 [1:07:12<36:06, 154.77s/it]                                                                                        Best trial: 50. Best value: 0.581012:  65%|██████▌   | 26/40 [1:12:38<36:06, 154.77s/it]Best trial: 50. Best value: 0.581012:  65%|██████▌   | 26/40 [1:12:38<36:06, 154.77s/it]Best trial: 50. Best value: 0.581012:  68%|██████▊   | 27/40 [1:12:38<44:40, 206.19s/it]                                                                                        Best trial: 50. Best value: 0.581012:  68%|██████▊   | 27/40 [1:14:27<44:40, 206.19s/it]Best trial: 50. Best value: 0.581012:  68%|██████▊   | 27/40 [1:14:27<44:40, 206.19s/it]Best trial: 50. Best value: 0.581012:  70%|███████   | 28/40 [1:14:27<35:23, 176.93s/it]                                                                                        Best trial: 50. Best value: 0.581012:  70%|███████   | 28/40 [1:17:16<35:23, 176.93s/it]Best trial: 50. Best value: 0.581012:  70%|███████   | 28/40 [1:17:16<35:23, 176.93s/it]Best trial: 50. Best value: 0.581012:  72%|███████▎  | 29/40 [1:17:16<31:59, 174.48s/it]                                                                                        Best trial: 50. Best value: 0.581012:  72%|███████▎  | 29/40 [1:21:46<31:59, 174.48s/it]Best trial: 50. Best value: 0.581012:  72%|███████▎  | 29/40 [1:21:46<31:59, 174.48s/it]Best trial: 50. Best value: 0.581012:  75%|███████▌  | 30/40 [1:21:46<33:52, 203.26s/it]                                                                                        Best trial: 50. Best value: 0.581012:  75%|███████▌  | 30/40 [1:24:10<33:52, 203.26s/it]Best trial: 50. Best value: 0.581012:  75%|███████▌  | 30/40 [1:24:10<33:52, 203.26s/it]Best trial: 50. Best value: 0.581012:  78%|███████▊  | 31/40 [1:24:10<27:48, 185.39s/it]                                                                                        Best trial: 50. Best value: 0.581012:  78%|███████▊  | 31/40 [1:26:50<27:48, 185.39s/it]Best trial: 50. Best value: 0.581012:  78%|███████▊  | 31/40 [1:26:50<27:48, 185.39s/it]Best trial: 50. Best value: 0.581012:  80%|████████  | 32/40 [1:26:50<23:43, 177.94s/it]                                                                                        Best trial: 50. Best value: 0.581012:  80%|████████  | 32/40 [1:29:43<23:43, 177.94s/it]Best trial: 50. Best value: 0.581012:  80%|████████  | 32/40 [1:29:43<23:43, 177.94s/it]Best trial: 50. Best value: 0.581012:  82%|████████▎ | 33/40 [1:29:43<20:34, 176.40s/it]                                                                                        Best trial: 50. Best value: 0.581012:  82%|████████▎ | 33/40 [1:32:21<20:34, 176.40s/it]Best trial: 50. Best value: 0.581012:  82%|████████▎ | 33/40 [1:32:21<20:34, 176.40s/it]Best trial: 50. Best value: 0.581012:  85%|████████▌ | 34/40 [1:32:21<17:05, 170.96s/it]                                                                                        Best trial: 50. Best value: 0.581012:  85%|████████▌ | 34/40 [1:34:37<17:05, 170.96s/it]Best trial: 50. Best value: 0.581012:  85%|████████▌ | 34/40 [1:34:37<17:05, 170.96s/it]Best trial: 50. Best value: 0.581012:  88%|████████▊ | 35/40 [1:34:37<13:22, 160.43s/it]                                                                                        Best trial: 50. Best value: 0.581012:  88%|████████▊ | 35/40 [1:36:11<13:22, 160.43s/it]Best trial: 50. Best value: 0.581012:  88%|████████▊ | 35/40 [1:36:11<13:22, 160.43s/it]Best trial: 50. Best value: 0.581012:  90%|█████████ | 36/40 [1:36:11<09:21, 140.36s/it]                                                                                        Best trial: 50. Best value: 0.581012:  90%|█████████ | 36/40 [1:39:44<09:21, 140.36s/it]Best trial: 50. Best value: 0.581012:  90%|█████████ | 36/40 [1:39:44<09:21, 140.36s/it]Best trial: 50. Best value: 0.581012:  92%|█████████▎| 37/40 [1:39:44<08:06, 162.25s/it]                                                                                        Best trial: 50. Best value: 0.581012:  92%|█████████▎| 37/40 [1:41:21<08:06, 162.25s/it]Best trial: 50. Best value: 0.581012:  92%|█████████▎| 37/40 [1:41:21<08:06, 162.25s/it]Best trial: 50. Best value: 0.581012:  95%|█████████▌| 38/40 [1:41:21<04:45, 142.77s/it]                                                                                        Best trial: 50. Best value: 0.581012:  95%|█████████▌| 38/40 [1:42:44<04:45, 142.77s/it]Best trial: 50. Best value: 0.581012:  95%|█████████▌| 38/40 [1:42:44<04:45, 142.77s/it]Best trial: 50. Best value: 0.581012:  98%|█████████▊| 39/40 [1:42:44<02:04, 124.75s/it]                                                                                        Best trial: 50. Best value: 0.581012:  98%|█████████▊| 39/40 [1:44:55<02:04, 124.75s/it]Best trial: 50. Best value: 0.581012:  98%|█████████▊| 39/40 [1:44:55<02:04, 124.75s/it]Best trial: 50. Best value: 0.581012: 100%|██████████| 40/40 [1:44:55<00:00, 126.73s/it]Best trial: 50. Best value: 0.581012: 100%|██████████| 40/40 [1:44:55<00:00, 157.40s/it]
[I 2024-12-29 08:31:07,666] Trial 64 finished with value: 0.4898027271255883 and parameters: {'lr': 0.0035066819167136696, 'decay': 2.6756031443741968e-05, 'batch_size': 64, 'nheads': 4, 'project_to': 64, 'hidden_size': 32, 'num_layers': 3, 'dropout': 0.30648200528770475, 'aug_choice': 5}. Best is trial 50 with value: 0.581011910145976.
[I 2024-12-29 08:34:04,073] Trial 65 finished with value: 0.382191877154344 and parameters: {'lr': 0.004972571194246893, 'decay': 1.8814611059903676e-05, 'batch_size': 64, 'nheads': 1, 'project_to': 64, 'hidden_size': 32, 'num_layers': 3, 'dropout': 0.33365102431251803, 'aug_choice': 1}. Best is trial 50 with value: 0.581011910145976.
[I 2024-12-29 08:39:30,223] Trial 66 finished with value: 0.3368732169853262 and parameters: {'lr': 1.2794842494156089e-05, 'decay': 0.003970171050087431, 'batch_size': 64, 'nheads': 2, 'project_to': 32, 'hidden_size': 32, 'num_layers': 3, 'dropout': 0.48541583240393743, 'aug_choice': 8}. Best is trial 50 with value: 0.581011910145976.
[I 2024-12-29 08:41:18,901] Trial 67 finished with value: 0.4934818913986368 and parameters: {'lr': 0.001601169668953566, 'decay': 1.3682155348988765e-05, 'batch_size': 64, 'nheads': 4, 'project_to': 64, 'hidden_size': 128, 'num_layers': 1, 'dropout': 0.3561509983201022, 'aug_choice': 5}. Best is trial 50 with value: 0.581011910145976.
[I 2024-12-29 08:44:07,642] Trial 68 finished with value: 0.44010944750974923 and parameters: {'lr': 0.0012050051044382643, 'decay': 0.006550413315732053, 'batch_size': 128, 'nheads': 2, 'project_to': 64, 'hidden_size': 32, 'num_layers': 3, 'dropout': 0.5323775224520733, 'aug_choice': 7}. Best is trial 50 with value: 0.581011910145976.
[I 2024-12-29 08:48:38,052] Trial 69 finished with value: 0.4736084905217095 and parameters: {'lr': 0.002513426905179136, 'decay': 6.132903250087341e-05, 'batch_size': 128, 'nheads': 1, 'project_to': 32, 'hidden_size': 64, 'num_layers': 3, 'dropout': 0.41569729716029635, 'aug_choice': 3}. Best is trial 50 with value: 0.581011910145976.
[I 2024-12-29 08:51:01,739] Trial 70 finished with value: 0.46628695350840305 and parameters: {'lr': 0.006244049369683961, 'decay': 7.589054412246094e-05, 'batch_size': 64, 'nheads': 2, 'project_to': 64, 'hidden_size': 128, 'num_layers': 3, 'dropout': 0.2815423768918742, 'aug_choice': 5}. Best is trial 50 with value: 0.581011910145976.
[I 2024-12-29 08:53:42,313] Trial 71 finished with value: 0.49511822657855203 and parameters: {'lr': 0.001823068822338603, 'decay': 1.7063957283646797e-05, 'batch_size': 128, 'nheads': 2, 'project_to': 64, 'hidden_size': 32, 'num_layers': 3, 'dropout': 0.37929647816200346, 'aug_choice': 7}. Best is trial 50 with value: 0.581011910145976.
[I 2024-12-29 08:56:35,121] Trial 72 finished with value: 0.41685282186839306 and parameters: {'lr': 0.0027747475286780325, 'decay': 3.5575909038977086e-05, 'batch_size': 128, 'nheads': 2, 'project_to': 64, 'hidden_size': 32, 'num_layers': 3, 'dropout': 0.308190138989442, 'aug_choice': 7}. Best is trial 50 with value: 0.581011910145976.
[I 2024-12-29 08:59:13,392] Trial 73 finished with value: 0.3653158082221073 and parameters: {'lr': 0.004827497443752693, 'decay': 2.2619613503013804e-05, 'batch_size': 128, 'nheads': 2, 'project_to': 64, 'hidden_size': 32, 'num_layers': 3, 'dropout': 0.3990260588884664, 'aug_choice': 7}. Best is trial 50 with value: 0.581011910145976.
[I 2024-12-29 09:01:29,235] Trial 74 finished with value: 0.44049800339254597 and parameters: {'lr': 0.0005722765875242595, 'decay': 1.24139067693441e-05, 'batch_size': 128, 'nheads': 2, 'project_to': 64, 'hidden_size': 32, 'num_layers': 3, 'dropout': 0.4508954449909302, 'aug_choice': 2}. Best is trial 50 with value: 0.581011910145976.
[I 2024-12-29 09:03:02,768] Trial 75 finished with value: 0.45732204789784475 and parameters: {'lr': 0.00080064308393988, 'decay': 0.0003732718423871361, 'batch_size': 128, 'nheads': 2, 'project_to': 64, 'hidden_size': 32, 'num_layers': 3, 'dropout': 0.25077471400927526, 'aug_choice': 6}. Best is trial 50 with value: 0.581011910145976.
[I 2024-12-29 09:06:36,082] Trial 76 finished with value: 0.4666071406916303 and parameters: {'lr': 0.0010499292696149977, 'decay': 0.0014718532436548656, 'batch_size': 128, 'nheads': 4, 'project_to': 32, 'hidden_size': 32, 'num_layers': 3, 'dropout': 0.34089921181341887, 'aug_choice': 7}. Best is trial 50 with value: 0.581011910145976.
[I 2024-12-29 09:08:13,401] Trial 77 finished with value: 0.3583284784661796 and parameters: {'lr': 0.002182648391430219, 'decay': 0.0009486054414634356, 'batch_size': 128, 'nheads': 2, 'project_to': 64, 'hidden_size': 128, 'num_layers': 2, 'dropout': 0.42262524692053793, 'aug_choice': 0}. Best is trial 50 with value: 0.581011910145976.
[I 2024-12-29 09:09:36,101] Trial 78 finished with value: 0.39846760113080854 and parameters: {'lr': 0.008517404989448897, 'decay': 2.6124940373128558e-05, 'batch_size': 128, 'nheads': 1, 'project_to': 64, 'hidden_size': 32, 'num_layers': 3, 'dropout': 0.3688065277759031, 'aug_choice': 4}. Best is trial 50 with value: 0.581011910145976.
[I 2024-12-29 09:11:47,456] Trial 79 finished with value: 0.4600567913609212 and parameters: {'lr': 0.0037638355976900707, 'decay': 1.8610889058378966e-05, 'batch_size': 128, 'nheads': 4, 'project_to': 32, 'hidden_size': 32, 'num_layers': 3, 'dropout': 0.23812425311573968, 'aug_choice': 5}. Best is trial 50 with value: 0.581011910145976.

Optimization finished!
Best macro F1: 0.5810
Best hyperparameters:
    lr: 0.009439239435741228
    decay: 4.538196616733881e-05
    batch_size: 64
    nheads: 2
    project_to: 64
    hidden_size: 32
    num_layers: 3
    dropout: 0.4142689105182811
    aug_choice: 7
Fold 1: 40 trials completed, running 40 more trials...
[I 2024-12-29 09:11:49,630] Using an existing study with name 'webcam_engagement_classifier' instead of creating a new one.
  0%|          | 0/40 [00:00<?, ?it/s]                                        0%|          | 0/40 [03:09<?, ?it/s]Best trial: 22. Best value: 0.593931:   0%|          | 0/40 [03:09<?, ?it/s]Best trial: 22. Best value: 0.593931:   2%|▎         | 1/40 [03:09<2:03:28, 189.96s/it]                                                                                       Best trial: 22. Best value: 0.593931:   2%|▎         | 1/40 [09:09<2:03:28, 189.96s/it]Best trial: 41. Best value: 0.595064:   2%|▎         | 1/40 [09:09<2:03:28, 189.96s/it]Best trial: 41. Best value: 0.595064:   5%|▌         | 2/40 [09:09<3:03:32, 289.80s/it]                                                                                       Best trial: 41. Best value: 0.595064:   5%|▌         | 2/40 [15:24<3:03:32, 289.80s/it]Best trial: 41. Best value: 0.595064:   5%|▌         | 2/40 [15:24<3:03:32, 289.80s/it]Best trial: 41. Best value: 0.595064:   8%|▊         | 3/40 [15:24<3:22:36, 328.54s/it]                                                                                       Best trial: 41. Best value: 0.595064:   8%|▊         | 3/40 [20:58<3:22:36, 328.54s/it]Best trial: 41. Best value: 0.595064:   8%|▊         | 3/40 [20:58<3:22:36, 328.54s/it]Best trial: 41. Best value: 0.595064:  10%|█         | 4/40 [20:58<3:18:27, 330.76s/it]                                                                                       Best trial: 41. Best value: 0.595064:  10%|█         | 4/40 [22:19<3:18:27, 330.76s/it]Best trial: 41. Best value: 0.595064:  10%|█         | 4/40 [22:19<3:18:27, 330.76s/it]Best trial: 41. Best value: 0.595064:  12%|█▎        | 5/40 [22:19<2:20:23, 240.66s/it]                                                                                       Best trial: 41. Best value: 0.595064:  12%|█▎        | 5/40 [29:04<2:20:23, 240.66s/it]Best trial: 41. Best value: 0.595064:  12%|█▎        | 5/40 [29:04<2:20:23, 240.66s/it]Best trial: 41. Best value: 0.595064:  15%|█▌        | 6/40 [29:04<2:48:03, 296.57s/it]                                                                                       Best trial: 41. Best value: 0.595064:  15%|█▌        | 6/40 [32:25<2:48:03, 296.57s/it]Best trial: 41. Best value: 0.595064:  15%|█▌        | 6/40 [32:25<2:48:03, 296.57s/it]Best trial: 41. Best value: 0.595064:  18%|█▊        | 7/40 [32:25<2:25:52, 265.23s/it]                                                                                       Best trial: 41. Best value: 0.595064:  18%|█▊        | 7/40 [35:10<2:25:52, 265.23s/it]Best trial: 41. Best value: 0.595064:  18%|█▊        | 7/40 [35:10<2:25:52, 265.23s/it]Best trial: 41. Best value: 0.595064:  20%|██        | 8/40 [35:10<2:04:25, 233.29s/it]                                                                                       Best trial: 41. Best value: 0.595064:  20%|██        | 8/40 [43:58<2:04:25, 233.29s/it]Best trial: 41. Best value: 0.595064:  20%|██        | 8/40 [43:58<2:04:25, 233.29s/it]Best trial: 41. Best value: 0.595064:  22%|██▎       | 9/40 [43:58<2:48:09, 325.48s/it]                                                                                       Best trial: 41. Best value: 0.595064:  22%|██▎       | 9/40 [46:33<2:48:09, 325.48s/it]Best trial: 41. Best value: 0.595064:  22%|██▎       | 9/40 [46:33<2:48:09, 325.48s/it]Best trial: 41. Best value: 0.595064:  25%|██▌       | 10/40 [46:33<2:16:30, 273.02s/it]                                                                                        Best trial: 41. Best value: 0.595064:  25%|██▌       | 10/40 [48:19<2:16:30, 273.02s/it]Best trial: 41. Best value: 0.595064:  25%|██▌       | 10/40 [48:19<2:16:30, 273.02s/it]Best trial: 41. Best value: 0.595064:  28%|██▊       | 11/40 [48:19<1:47:12, 221.80s/it]                                                                                        Best trial: 41. Best value: 0.595064:  28%|██▊       | 11/40 [54:18<1:47:12, 221.80s/it]Best trial: 41. Best value: 0.595064:  28%|██▊       | 11/40 [54:18<1:47:12, 221.80s/it]Best trial: 41. Best value: 0.595064:  30%|███       | 12/40 [54:18<2:03:02, 263.66s/it]Fold 0: 0 trials completed, running 150 more trials...
[I 2024-12-29 12:02:40,437] A new study created in RDB with name: webcam_engagement_classifier
