  0%|          | 0/40 [00:00<?, ?it/s]                                        0%|          | 0/40 [04:10<?, ?it/s]Best trial: 0. Best value: 0.372719:   0%|          | 0/40 [04:10<?, ?it/s]Best trial: 0. Best value: 0.372719:   2%|▎         | 1/40 [04:10<2:43:01, 250.80s/it]                                                                                      Best trial: 0. Best value: 0.372719:   2%|▎         | 1/40 [07:24<2:43:01, 250.80s/it]Best trial: 1. Best value: 0.46216:   2%|▎         | 1/40 [07:24<2:43:01, 250.80s/it] Best trial: 1. Best value: 0.46216:   5%|▌         | 2/40 [07:24<2:17:33, 217.20s/it]                                                                                     Best trial: 1. Best value: 0.46216:   5%|▌         | 2/40 [08:39<2:17:33, 217.20s/it]Best trial: 1. Best value: 0.46216:   5%|▌         | 2/40 [08:39<2:17:33, 217.20s/it]Best trial: 1. Best value: 0.46216:   8%|▊         | 3/40 [08:39<1:33:46, 152.08s/it]                                                                                     Best trial: 1. Best value: 0.46216:   8%|▊         | 3/40 [13:22<1:33:46, 152.08s/it]Best trial: 1. Best value: 0.46216:   8%|▊         | 3/40 [13:22<1:33:46, 152.08s/it]Best trial: 1. Best value: 0.46216:  10%|█         | 4/40 [13:22<2:02:20, 203.91s/it]                                                                                     Best trial: 1. Best value: 0.46216:  10%|█         | 4/40 [19:18<2:02:20, 203.91s/it]Best trial: 1. Best value: 0.46216:  10%|█         | 4/40 [19:18<2:02:20, 203.91s/it]Best trial: 1. Best value: 0.46216:  12%|█▎        | 5/40 [19:18<2:30:53, 258.68s/it]                                                                                     Best trial: 1. Best value: 0.46216:  12%|█▎        | 5/40 [23:55<2:30:53, 258.68s/it]Best trial: 1. Best value: 0.46216:  12%|█▎        | 5/40 [23:55<2:30:53, 258.68s/it]Best trial: 1. Best value: 0.46216:  15%|█▌        | 6/40 [23:55<2:30:05, 264.88s/it]                                                                                     Best trial: 1. Best value: 0.46216:  15%|█▌        | 6/40 [26:02<2:30:05, 264.88s/it]Best trial: 1. Best value: 0.46216:  15%|█▌        | 6/40 [26:02<2:30:05, 264.88s/it]Best trial: 1. Best value: 0.46216:  18%|█▊        | 7/40 [26:02<2:01:00, 220.00s/it]                                                                                     Best trial: 1. Best value: 0.46216:  18%|█▊        | 7/40 [27:20<2:01:00, 220.00s/it]Best trial: 7. Best value: 0.47161:  18%|█▊        | 7/40 [27:20<2:01:00, 220.00s/it]Best trial: 7. Best value: 0.47161:  20%|██        | 8/40 [27:20<1:33:13, 174.79s/it]                                                                                     Best trial: 7. Best value: 0.47161:  20%|██        | 8/40 [30:12<1:33:13, 174.79s/it]Best trial: 7. Best value: 0.47161:  20%|██        | 8/40 [30:12<1:33:13, 174.79s/it]Best trial: 7. Best value: 0.47161:  22%|██▎       | 9/40 [30:12<1:29:51, 173.93s/it]                                                                                     Best trial: 7. Best value: 0.47161:  22%|██▎       | 9/40 [33:42<1:29:51, 173.93s/it]Best trial: 7. Best value: 0.47161:  22%|██▎       | 9/40 [33:42<1:29:51, 173.93s/it]Best trial: 7. Best value: 0.47161:  25%|██▌       | 10/40 [33:42<1:32:25, 184.84s/it]                                                                                      Best trial: 7. Best value: 0.47161:  25%|██▌       | 10/40 [34:55<1:32:25, 184.84s/it]Best trial: 7. Best value: 0.47161:  25%|██▌       | 10/40 [34:55<1:32:25, 184.84s/it]Best trial: 7. Best value: 0.47161:  28%|██▊       | 11/40 [34:55<1:12:55, 150.88s/it]                                                                                      Best trial: 7. Best value: 0.47161:  28%|██▊       | 11/40 [36:10<1:12:55, 150.88s/it]Best trial: 7. Best value: 0.47161:  28%|██▊       | 11/40 [36:10<1:12:55, 150.88s/it]Best trial: 7. Best value: 0.47161:  30%|███       | 12/40 [36:10<59:34, 127.65s/it]                                                                                      Best trial: 7. Best value: 0.47161:  30%|███       | 12/40 [37:23<59:34, 127.65s/it]Best trial: 7. Best value: 0.47161:  30%|███       | 12/40 [37:23<59:34, 127.65s/it]Best trial: 7. Best value: 0.47161:  32%|███▎      | 13/40 [37:23<49:56, 110.97s/it]                                                                                    Best trial: 7. Best value: 0.47161:  32%|███▎      | 13/40 [38:38<49:56, 110.97s/it]Best trial: 7. Best value: 0.47161:  32%|███▎      | 13/40 [38:38<49:56, 110.97s/it]Best trial: 7. Best value: 0.47161:  35%|███▌      | 14/40 [38:38<43:27, 100.29s/it]                                                                                    Best trial: 7. Best value: 0.47161:  35%|███▌      | 14/40 [40:50<43:27, 100.29s/it]Best trial: 7. Best value: 0.47161:  35%|███▌      | 14/40 [40:50<43:27, 100.29s/it]Best trial: 7. Best value: 0.47161:  38%|███▊      | 15/40 [40:50<45:48, 109.96s/it]                                                                                    Best trial: 7. Best value: 0.47161:  38%|███▊      | 15/40 [46:42<45:48, 109.96s/it]Best trial: 7. Best value: 0.47161:  38%|███▊      | 15/40 [46:42<45:48, 109.96s/it]Best trial: 7. Best value: 0.47161:  40%|████      | 16/40 [46:42<1:13:03, 182.64s/it]                                                                                      Best trial: 7. Best value: 0.47161:  40%|████      | 16/40 [51:27<1:13:03, 182.64s/it]Best trial: 16. Best value: 0.4861:  40%|████      | 16/40 [51:27<1:13:03, 182.64s/it]Best trial: 16. Best value: 0.4861:  42%|████▎     | 17/40 [51:27<1:21:47, 213.36s/it]                                                                                      Best trial: 16. Best value: 0.4861:  42%|████▎     | 17/40 [53:35<1:21:47, 213.36s/it]Best trial: 16. Best value: 0.4861:  42%|████▎     | 17/40 [53:35<1:21:47, 213.36s/it]Best trial: 16. Best value: 0.4861:  45%|████▌     | 18/40 [53:35<1:08:50, 187.73s/it]                                                                                      Best trial: 16. Best value: 0.4861:  45%|████▌     | 18/40 [1:00:58<1:08:50, 187.73s/it]Best trial: 18. Best value: 0.563634:  45%|████▌     | 18/40 [1:00:58<1:08:50, 187.73s/it]Best trial: 18. Best value: 0.563634:  48%|████▊     | 19/40 [1:00:58<1:32:30, 264.32s/it]                                                                                          Best trial: 18. Best value: 0.563634:  48%|████▊     | 19/40 [1:07:01<1:32:30, 264.32s/it]Best trial: 18. Best value: 0.563634:  48%|████▊     | 19/40 [1:07:01<1:32:30, 264.32s/it]Best trial: 18. Best value: 0.563634:  50%|█████     | 20/40 [1:07:01<1:38:03, 294.16s/it]                                                                                          Best trial: 18. Best value: 0.563634:  50%|█████     | 20/40 [1:12:54<1:38:03, 294.16s/it]Best trial: 18. Best value: 0.563634:  50%|█████     | 20/40 [1:12:54<1:38:03, 294.16s/it]Best trial: 18. Best value: 0.563634:  52%|█████▎    | 21/40 [1:12:54<1:38:43, 311.77s/it]                                                                                          Best trial: 18. Best value: 0.563634:  52%|█████▎    | 21/40 [1:19:58<1:38:43, 311.77s/it]Best trial: 18. Best value: 0.563634:  52%|█████▎    | 21/40 [1:19:58<1:38:43, 311.77s/it]Best trial: 18. Best value: 0.563634:  55%|█████▌    | 22/40 [1:19:58<1:43:38, 345.45s/it]                                                                                          Best trial: 18. Best value: 0.563634:  55%|█████▌    | 22/40 [1:26:20<1:43:38, 345.45s/it]Best trial: 22. Best value: 0.593931:  55%|█████▌    | 22/40 [1:26:20<1:43:38, 345.45s/it]Best trial: 22. Best value: 0.593931:  57%|█████▊    | 23/40 [1:26:20<1:40:59, 356.42s/it]                                                                                          Best trial: 22. Best value: 0.593931:  57%|█████▊    | 23/40 [1:32:25<1:40:59, 356.42s/it]Best trial: 22. Best value: 0.593931:  57%|█████▊    | 23/40 [1:32:25<1:40:59, 356.42s/it]Best trial: 22. Best value: 0.593931:  60%|██████    | 24/40 [1:32:25<1:35:45, 359.10s/it]                                                                                          [I 2024-12-28 22:00:48,694] Trial 0 finished with value: 0.372718806120836 and parameters: {'lr': 5.217171240001092e-05, 'decay': 2.0978616628247406e-05, 'batch_size': 64, 'nheads': 4, 'project_to': 32, 'hidden_size': 32, 'num_layers': 3, 'dropout': 0.4441914870720721, 'aug_choice': 1}. Best is trial 0 with value: 0.372718806120836.
[I 2024-12-28 22:04:02,365] Trial 1 finished with value: 0.46215981689176094 and parameters: {'lr': 6.701520587072079e-05, 'decay': 0.000329241439285935, 'batch_size': 128, 'nheads': 1, 'project_to': 128, 'hidden_size': 64, 'num_layers': 3, 'dropout': 0.26589409145401477, 'aug_choice': 2}. Best is trial 1 with value: 0.46215981689176094.
[I 2024-12-28 22:05:16,947] Trial 2 finished with value: 0.3768387785300838 and parameters: {'lr': 0.00041857311615314975, 'decay': 0.005202173478560859, 'batch_size': 64, 'nheads': 2, 'project_to': 64, 'hidden_size': 32, 'num_layers': 1, 'dropout': 0.48181839030489326, 'aug_choice': 6}. Best is trial 1 with value: 0.46215981689176094.
[I 2024-12-28 22:10:00,327] Trial 3 finished with value: 0.45037854224803126 and parameters: {'lr': 8.692853534321987e-05, 'decay': 0.008452384935012784, 'batch_size': 64, 'nheads': 4, 'project_to': 128, 'hidden_size': 32, 'num_layers': 3, 'dropout': 0.17636002039364884, 'aug_choice': 7}. Best is trial 1 with value: 0.46215981689176094.
[I 2024-12-28 22:15:56,105] Trial 4 finished with value: 0.3860116672535788 and parameters: {'lr': 2.3718349623191444e-05, 'decay': 0.001919410782378493, 'batch_size': 64, 'nheads': 4, 'project_to': 32, 'hidden_size': 64, 'num_layers': 3, 'dropout': 0.4912544673199216, 'aug_choice': 8}. Best is trial 1 with value: 0.46215981689176094.
[I 2024-12-28 22:20:33,028] Trial 5 finished with value: 0.4317167629348827 and parameters: {'lr': 3.8245526668147134e-05, 'decay': 0.00017926690657590934, 'batch_size': 64, 'nheads': 1, 'project_to': 64, 'hidden_size': 128, 'num_layers': 2, 'dropout': 0.6348400522686347, 'aug_choice': 7}. Best is trial 1 with value: 0.46215981689176094.
[I 2024-12-28 22:22:40,631] Trial 6 finished with value: 0.43076890296115294 and parameters: {'lr': 0.009517216750816068, 'decay': 0.0005500245065007758, 'batch_size': 128, 'nheads': 2, 'project_to': 128, 'hidden_size': 64, 'num_layers': 3, 'dropout': 0.33476147954774316, 'aug_choice': 6}. Best is trial 1 with value: 0.46215981689176094.
[I 2024-12-28 22:23:58,625] Trial 7 finished with value: 0.47160998835160167 and parameters: {'lr': 0.005042055231987608, 'decay': 1.440508817552962e-05, 'batch_size': 64, 'nheads': 2, 'project_to': 32, 'hidden_size': 32, 'num_layers': 3, 'dropout': 0.6175452187928357, 'aug_choice': 4}. Best is trial 7 with value: 0.47160998835160167.
[I 2024-12-28 22:26:50,651] Trial 8 finished with value: 0.4525085443780292 and parameters: {'lr': 0.0012732303921421633, 'decay': 7.229903712688664e-05, 'batch_size': 64, 'nheads': 1, 'project_to': 128, 'hidden_size': 64, 'num_layers': 1, 'dropout': 0.6773762105021989, 'aug_choice': 1}. Best is trial 7 with value: 0.47160998835160167.
[I 2024-12-28 22:30:19,916] Trial 9 finished with value: 0.3565028409647836 and parameters: {'lr': 0.00020161300990343965, 'decay': 3.425434495450572e-05, 'batch_size': 128, 'nheads': 2, 'project_to': 64, 'hidden_size': 128, 'num_layers': 3, 'dropout': 0.23118146634973818, 'aug_choice': 1}. Best is trial 7 with value: 0.47160998835160167.
[I 2024-12-28 22:31:33,798] Trial 10 finished with value: 0.46663385173764826 and parameters: {'lr': 0.009073082167711343, 'decay': 1.4303380847736526e-05, 'batch_size': 128, 'nheads': 2, 'project_to': 32, 'hidden_size': 32, 'num_layers': 2, 'dropout': 0.5795890823156328, 'aug_choice': 4}. Best is trial 7 with value: 0.47160998835160167.
[I 2024-12-28 22:32:48,307] Trial 11 finished with value: 0.3654969225263281 and parameters: {'lr': 0.008385259703764199, 'decay': 1.018564814251222e-05, 'batch_size': 128, 'nheads': 2, 'project_to': 32, 'hidden_size': 32, 'num_layers': 2, 'dropout': 0.5856521949032467, 'aug_choice': 4}. Best is trial 7 with value: 0.47160998835160167.
[I 2024-12-28 22:34:00,920] Trial 12 finished with value: 0.34958990928342004 and parameters: {'lr': 0.0021328070513727203, 'decay': 1.0406226476024747e-05, 'batch_size': 128, 'nheads': 2, 'project_to': 32, 'hidden_size': 32, 'num_layers': 2, 'dropout': 0.5570749624152672, 'aug_choice': 4}. Best is trial 7 with value: 0.47160998835160167.
[I 2024-12-28 22:35:16,521] Trial 13 finished with value: 0.39705327115942496 and parameters: {'lr': 0.0032795232289677817, 'decay': 6.347358539396713e-05, 'batch_size': 128, 'nheads': 2, 'project_to': 32, 'hidden_size': 32, 'num_layers': 2, 'dropout': 0.6975914816108145, 'aug_choice': 4}. Best is trial 7 with value: 0.47160998835160167.
[I 2024-12-28 22:37:28,890] Trial 14 finished with value: 0.4629851032578758 and parameters: {'lr': 0.0007783555720070135, 'decay': 9.910519403086766e-05, 'batch_size': 64, 'nheads': 2, 'project_to': 32, 'hidden_size': 32, 'num_layers': 1, 'dropout': 0.5369818589402466, 'aug_choice': 5}. Best is trial 7 with value: 0.47160998835160167.
[I 2024-12-28 22:43:20,306] Trial 15 finished with value: 0.40809285616317054 and parameters: {'lr': 1.01729525504497e-05, 'decay': 2.8343322288704025e-05, 'batch_size': 128, 'nheads': 2, 'project_to': 32, 'hidden_size': 32, 'num_layers': 2, 'dropout': 0.38634310007138506, 'aug_choice': 0}. Best is trial 7 with value: 0.47160998835160167.
[I 2024-12-28 22:48:05,097] Trial 16 finished with value: 0.4861000977099187 and parameters: {'lr': 0.0034338155393585533, 'decay': 0.0005687978435482804, 'batch_size': 64, 'nheads': 2, 'project_to': 32, 'hidden_size': 128, 'num_layers': 2, 'dropout': 0.6129829547299919, 'aug_choice': 3}. Best is trial 16 with value: 0.4861000977099187.
[I 2024-12-28 22:50:13,177] Trial 17 finished with value: 0.42400872150714886 and parameters: {'lr': 0.0037192718395966285, 'decay': 0.0006721998616499989, 'batch_size': 64, 'nheads': 2, 'project_to': 32, 'hidden_size': 128, 'num_layers': 1, 'dropout': 0.6262430992687236, 'aug_choice': 8}. Best is trial 16 with value: 0.4861000977099187.
[I 2024-12-28 22:57:35,903] Trial 18 finished with value: 0.5636341058328469 and parameters: {'lr': 0.0008823932548890214, 'decay': 0.002688606211826535, 'batch_size': 64, 'nheads': 4, 'project_to': 32, 'hidden_size': 128, 'num_layers': 2, 'dropout': 0.41033430629641626, 'aug_choice': 3}. Best is trial 18 with value: 0.5636341058328469.
[I 2024-12-28 23:03:39,633] Trial 19 finished with value: 0.5421749541330786 and parameters: {'lr': 0.0006414776358575511, 'decay': 0.0023227051504019383, 'batch_size': 64, 'nheads': 4, 'project_to': 64, 'hidden_size': 128, 'num_layers': 2, 'dropout': 0.10637507017256198, 'aug_choice': 3}. Best is trial 18 with value: 0.5636341058328469.
[I 2024-12-28 23:09:32,461] Trial 20 finished with value: 0.4943620536676169 and parameters: {'lr': 0.00021688809268633922, 'decay': 0.0021170328639762348, 'batch_size': 64, 'nheads': 4, 'project_to': 64, 'hidden_size': 128, 'num_layers': 1, 'dropout': 0.14170043890402811, 'aug_choice': 3}. Best is trial 18 with value: 0.5636341058328469.
[I 2024-12-28 23:16:36,441] Trial 21 finished with value: 0.5489404053484791 and parameters: {'lr': 0.0003233115783900719, 'decay': 0.0026817539870327796, 'batch_size': 64, 'nheads': 4, 'project_to': 64, 'hidden_size': 128, 'num_layers': 1, 'dropout': 0.11544051264535776, 'aug_choice': 3}. Best is trial 18 with value: 0.5636341058328469.
[I 2024-12-28 23:22:58,453] Trial 22 finished with value: 0.5939308893339964 and parameters: {'lr': 0.0005036674439915768, 'decay': 0.0021967562213752083, 'batch_size': 64, 'nheads': 4, 'project_to': 64, 'hidden_size': 128, 'num_layers': 1, 'dropout': 0.10067521889528376, 'aug_choice': 3}. Best is trial 22 with value: 0.5939308893339964.
