  0%|          | 0/25 [00:00<?, ?it/s]                                        0%|          | 0/25 [03:56<?, ?it/s]Best trial: 57. Best value: 0.619304:   0%|          | 0/25 [03:56<?, ?it/s]Best trial: 57. Best value: 0.619304:   4%|▍         | 1/25 [03:56<1:34:34, 236.42s/it]                                                                                       Best trial: 57. Best value: 0.619304:   4%|▍         | 1/25 [06:33<1:34:34, 236.42s/it]Best trial: 57. Best value: 0.619304:   4%|▍         | 1/25 [06:33<1:34:34, 236.42s/it]Best trial: 57. Best value: 0.619304:   8%|▊         | 2/25 [06:33<1:12:37, 189.46s/it]                                                                                       Best trial: 57. Best value: 0.619304:   8%|▊         | 2/25 [09:17<1:12:37, 189.46s/it]Best trial: 57. Best value: 0.619304:   8%|▊         | 2/25 [09:17<1:12:37, 189.46s/it]Best trial: 57. Best value: 0.619304:  12%|█▏        | 3/25 [09:17<1:05:13, 177.89s/it]                                                                                       Best trial: 57. Best value: 0.619304:  12%|█▏        | 3/25 [11:38<1:05:13, 177.89s/it]Best trial: 57. Best value: 0.619304:  12%|█▏        | 3/25 [11:38<1:05:13, 177.89s/it]Best trial: 57. Best value: 0.619304:  16%|█▌        | 4/25 [11:38<57:16, 163.66s/it]                                                                                       Best trial: 57. Best value: 0.619304:  16%|█▌        | 4/25 [14:04<57:16, 163.66s/it]Best trial: 57. Best value: 0.619304:  16%|█▌        | 4/25 [14:04<57:16, 163.66s/it]Best trial: 57. Best value: 0.619304:  20%|██        | 5/25 [14:04<52:25, 157.29s/it]                                                                                     Best trial: 57. Best value: 0.619304:  20%|██        | 5/25 [16:30<52:25, 157.29s/it]Best trial: 57. Best value: 0.619304:  20%|██        | 5/25 [16:30<52:25, 157.29s/it]Best trial: 57. Best value: 0.619304:  24%|██▍       | 6/25 [16:30<48:32, 153.31s/it]                                                                                     Best trial: 57. Best value: 0.619304:  24%|██▍       | 6/25 [19:04<48:32, 153.31s/it]Best trial: 57. Best value: 0.619304:  24%|██▍       | 6/25 [19:04<48:32, 153.31s/it]Best trial: 57. Best value: 0.619304:  28%|██▊       | 7/25 [19:04<46:02, 153.49s/it]                                                                                     Best trial: 57. Best value: 0.619304:  28%|██▊       | 7/25 [21:26<46:02, 153.49s/it]Best trial: 57. Best value: 0.619304:  28%|██▊       | 7/25 [21:26<46:02, 153.49s/it]Best trial: 57. Best value: 0.619304:  32%|███▏      | 8/25 [21:26<42:28, 149.92s/it]                                                                                     Best trial: 57. Best value: 0.619304:  32%|███▏      | 8/25 [24:03<42:28, 149.92s/it]Best trial: 57. Best value: 0.619304:  32%|███▏      | 8/25 [24:03<42:28, 149.92s/it]Best trial: 57. Best value: 0.619304:  36%|███▌      | 9/25 [24:03<40:32, 152.03s/it]                                                                                     Best trial: 57. Best value: 0.619304:  36%|███▌      | 9/25 [26:28<40:32, 152.03s/it]Best trial: 57. Best value: 0.619304:  36%|███▌      | 9/25 [26:28<40:32, 152.03s/it]Best trial: 57. Best value: 0.619304:  40%|████      | 10/25 [26:28<37:26, 149.75s/it]                                                                                      Best trial: 57. Best value: 0.619304:  40%|████      | 10/25 [27:31<37:26, 149.75s/it]Best trial: 57. Best value: 0.619304:  40%|████      | 10/25 [27:31<37:26, 149.75s/it]Best trial: 57. Best value: 0.619304:  44%|████▍     | 11/25 [27:31<28:48, 123.45s/it]                                                                                      Best trial: 57. Best value: 0.619304:  44%|████▍     | 11/25 [28:55<28:48, 123.45s/it]Best trial: 57. Best value: 0.619304:  44%|████▍     | 11/25 [28:55<28:48, 123.45s/it]Best trial: 57. Best value: 0.619304:  48%|████▊     | 12/25 [28:55<24:07, 111.36s/it]                                                                                      Best trial: 57. Best value: 0.619304:  48%|████▊     | 12/25 [30:47<24:07, 111.36s/it]Best trial: 57. Best value: 0.619304:  48%|████▊     | 12/25 [30:47<24:07, 111.36s/it]Best trial: 57. Best value: 0.619304:  52%|█████▏    | 13/25 [30:47<22:16, 111.40s/it]                                                                                      Best trial: 57. Best value: 0.619304:  52%|█████▏    | 13/25 [32:27<22:16, 111.40s/it]Best trial: 57. Best value: 0.619304:  52%|█████▏    | 13/25 [32:27<22:16, 111.40s/it]Best trial: 57. Best value: 0.619304:  56%|█████▌    | 14/25 [32:27<19:48, 108.03s/it]                                                                                      Best trial: 57. Best value: 0.619304:  56%|█████▌    | 14/25 [35:04<19:48, 108.03s/it]Best trial: 57. Best value: 0.619304:  56%|█████▌    | 14/25 [35:04<19:48, 108.03s/it]Best trial: 57. Best value: 0.619304:  60%|██████    | 15/25 [35:04<20:28, 122.88s/it]                                                                                      Best trial: 57. Best value: 0.619304:  60%|██████    | 15/25 [36:52<20:28, 122.88s/it]Best trial: 57. Best value: 0.619304:  60%|██████    | 15/25 [36:52<20:28, 122.88s/it]Best trial: 57. Best value: 0.619304:  64%|██████▍   | 16/25 [36:52<17:45, 118.39s/it]                                                                                      Best trial: 57. Best value: 0.619304:  64%|██████▍   | 16/25 [39:31<17:45, 118.39s/it]Best trial: 57. Best value: 0.619304:  64%|██████▍   | 16/25 [39:31<17:45, 118.39s/it]Best trial: 57. Best value: 0.619304:  68%|██████▊   | 17/25 [39:31<17:24, 130.57s/it]                                                                                      Best trial: 57. Best value: 0.619304:  68%|██████▊   | 17/25 [42:17<17:24, 130.57s/it]Best trial: 142. Best value: 0.63476:  68%|██████▊   | 17/25 [42:17<17:24, 130.57s/it]Best trial: 142. Best value: 0.63476:  72%|███████▏  | 18/25 [42:17<16:28, 141.17s/it]                                                                                      Best trial: 142. Best value: 0.63476:  72%|███████▏  | 18/25 [44:45<16:28, 141.17s/it]Best trial: 142. Best value: 0.63476:  72%|███████▏  | 18/25 [44:45<16:28, 141.17s/it]Best trial: 142. Best value: 0.63476:  76%|███████▌  | 19/25 [44:45<14:19, 143.32s/it]                                                                                      Best trial: 142. Best value: 0.63476:  76%|███████▌  | 19/25 [47:31<14:19, 143.32s/it]Best trial: 142. Best value: 0.63476:  76%|███████▌  | 19/25 [47:31<14:19, 143.32s/it]Best trial: 142. Best value: 0.63476:  80%|████████  | 20/25 [47:31<12:30, 150.07s/it]                                                                                      Best trial: 142. Best value: 0.63476:  80%|████████  | 20/25 [50:40<12:30, 150.07s/it]Best trial: 142. Best value: 0.63476:  80%|████████  | 20/25 [50:40<12:30, 150.07s/it]Best trial: 142. Best value: 0.63476:  84%|████████▍ | 21/25 [50:40<10:47, 161.92s/it]                                                                                      Best trial: 142. Best value: 0.63476:  84%|████████▍ | 21/25 [53:08<10:47, 161.92s/it]Best trial: 142. Best value: 0.63476:  84%|████████▍ | 21/25 [53:08<10:47, 161.92s/it]Best trial: 142. Best value: 0.63476:  88%|████████▊ | 22/25 [53:08<07:52, 157.64s/it]                                                                                      [I 2025-01-01 00:53:00,600] Trial 125 finished with value: 0.5414099345611688 and parameters: {'lr': 0.0011233981712551863, 'decay': 0.0006555443366570785, 'batch_size': 64, 'nheads': 1, 'project_to': 32, 'hidden_size': 128, 'num_layers': 2, 'dropout': 0.5269525609928173, 'alpha': 1.3765531449335837, 'aug_choice': 7}. Best is trial 57 with value: 0.6193042196249754.
[I 2025-01-01 00:55:37,195] Trial 126 finished with value: 0.5411904440219378 and parameters: {'lr': 0.002001332463193124, 'decay': 0.0005073729116959466, 'batch_size': 128, 'nheads': 1, 'project_to': 32, 'hidden_size': 128, 'num_layers': 2, 'dropout': 0.5207740422424041, 'alpha': 1.3535396074238726, 'aug_choice': 7}. Best is trial 57 with value: 0.6193042196249754.
[I 2025-01-01 00:58:21,320] Trial 127 finished with value: 0.574139729625886 and parameters: {'lr': 0.0013657724910365466, 'decay': 0.0007145323169064074, 'batch_size': 64, 'nheads': 1, 'project_to': 32, 'hidden_size': 128, 'num_layers': 2, 'dropout': 0.554743682856875, 'alpha': 1.367985963136158, 'aug_choice': 7}. Best is trial 57 with value: 0.6193042196249754.
[I 2025-01-01 01:00:43,162] Trial 128 finished with value: 0.5097870797952547 and parameters: {'lr': 0.00177025145436083, 'decay': 0.0004469212448491872, 'batch_size': 64, 'nheads': 1, 'project_to': 32, 'hidden_size': 128, 'num_layers': 2, 'dropout': 0.5611398152370285, 'alpha': 1.2745427975870287, 'aug_choice': 7}. Best is trial 57 with value: 0.6193042196249754.
[I 2025-01-01 01:03:09,151] Trial 129 finished with value: 0.48728157511259323 and parameters: {'lr': 0.0013857209504616554, 'decay': 0.0006769730861589603, 'batch_size': 64, 'nheads': 2, 'project_to': 32, 'hidden_size': 128, 'num_layers': 2, 'dropout': 0.5929164490568541, 'alpha': 1.4499075960575023, 'aug_choice': 8}. Best is trial 57 with value: 0.6193042196249754.
[I 2025-01-01 01:05:34,753] Trial 130 finished with value: 0.5629487767785936 and parameters: {'lr': 0.0027825931275361417, 'decay': 0.000550616294633731, 'batch_size': 64, 'nheads': 1, 'project_to': 32, 'hidden_size': 128, 'num_layers': 2, 'dropout': 0.5518980646244306, 'alpha': 0.5844097867704465, 'aug_choice': 7}. Best is trial 57 with value: 0.6193042196249754.
[I 2025-01-01 01:08:08,591] Trial 131 finished with value: 0.5616959386300764 and parameters: {'lr': 0.005401120009512691, 'decay': 0.0005808667996414676, 'batch_size': 64, 'nheads': 1, 'project_to': 32, 'hidden_size': 128, 'num_layers': 2, 'dropout': 0.5538118135079958, 'alpha': 0.4742603636299998, 'aug_choice': 7}. Best is trial 57 with value: 0.6193042196249754.
[I 2025-01-01 01:10:30,880] Trial 132 finished with value: 0.4773348411259262 and parameters: {'lr': 0.002600162257317582, 'decay': 0.00038865443285467295, 'batch_size': 64, 'nheads': 1, 'project_to': 32, 'hidden_size': 128, 'num_layers': 2, 'dropout': 0.5504082768696413, 'alpha': 0.5684364333303942, 'aug_choice': 7}. Best is trial 57 with value: 0.6193042196249754.
[I 2025-01-01 01:13:07,531] Trial 133 finished with value: 0.49317034587997505 and parameters: {'lr': 0.0008589185533664479, 'decay': 0.0009630643406506777, 'batch_size': 64, 'nheads': 1, 'project_to': 32, 'hidden_size': 128, 'num_layers': 2, 'dropout': 0.6180645630234531, 'alpha': 0.6272966518788645, 'aug_choice': 7}. Best is trial 57 with value: 0.6193042196249754.
[I 2025-01-01 01:15:32,202] Trial 134 finished with value: 0.5406638226340836 and parameters: {'lr': 0.00223021824556056, 'decay': 0.0002646107881559905, 'batch_size': 64, 'nheads': 1, 'project_to': 32, 'hidden_size': 128, 'num_layers': 2, 'dropout': 0.5877702201748078, 'alpha': 0.6953412549813538, 'aug_choice': 7}. Best is trial 57 with value: 0.6193042196249754.
[I 2025-01-01 01:16:36,006] Trial 135 finished with value: 0.511578531484387 and parameters: {'lr': 0.001609683263834843, 'decay': 0.0003210405313690143, 'batch_size': 64, 'nheads': 1, 'project_to': 32, 'hidden_size': 128, 'num_layers': 2, 'dropout': 0.5381264948690456, 'alpha': 1.4974447508151856, 'aug_choice': 4}. Best is trial 57 with value: 0.6193042196249754.
[I 2025-01-01 01:17:59,710] Trial 136 finished with value: 0.5308579445731488 and parameters: {'lr': 0.0012827127825496395, 'decay': 0.0004604118497616993, 'batch_size': 64, 'nheads': 4, 'project_to': 32, 'hidden_size': 128, 'num_layers': 2, 'dropout': 0.5756957574072394, 'alpha': 0.6597084750231973, 'aug_choice': 0}. Best is trial 57 with value: 0.6193042196249754.
[I 2025-01-01 01:19:51,216] Trial 137 finished with value: 0.5073570036560922 and parameters: {'lr': 0.0019032298888182599, 'decay': 0.0007190783835002071, 'batch_size': 128, 'nheads': 1, 'project_to': 32, 'hidden_size': 64, 'num_layers': 2, 'dropout': 0.6003977117621219, 'alpha': 0.5224393871843448, 'aug_choice': 2}. Best is trial 57 with value: 0.6193042196249754.
[I 2025-01-01 01:21:31,465] Trial 138 finished with value: 0.5604501582267332 and parameters: {'lr': 0.0030000709949586676, 'decay': 0.0005390306622226106, 'batch_size': 64, 'nheads': 1, 'project_to': 32, 'hidden_size': 128, 'num_layers': 2, 'dropout': 0.5695752709626818, 'alpha': 0.7387685088517232, 'aug_choice': 8}. Best is trial 57 with value: 0.6193042196249754.
[I 2025-01-01 01:24:08,767] Trial 139 finished with value: 0.5293526723475793 and parameters: {'lr': 0.0010041034225022121, 'decay': 0.0002833081127302303, 'batch_size': 64, 'nheads': 1, 'project_to': 32, 'hidden_size': 128, 'num_layers': 2, 'dropout': 0.47279284412094175, 'alpha': 0.7726307837925849, 'aug_choice': 7}. Best is trial 57 with value: 0.6193042196249754.
[I 2025-01-01 01:25:56,728] Trial 140 finished with value: 0.32901558319288904 and parameters: {'lr': 1.176905179451897e-05, 'decay': 0.00023602808829273505, 'batch_size': 64, 'nheads': 4, 'project_to': 32, 'hidden_size': 128, 'num_layers': 2, 'dropout': 0.5300494746899708, 'alpha': 0.7149187539546793, 'aug_choice': 0}. Best is trial 57 with value: 0.6193042196249754.
[I 2025-01-01 01:28:35,606] Trial 141 finished with value: 0.5150723345953753 and parameters: {'lr': 0.005535996973723782, 'decay': 0.0005982667649111857, 'batch_size': 64, 'nheads': 1, 'project_to': 32, 'hidden_size': 128, 'num_layers': 2, 'dropout': 0.5540675303921748, 'alpha': 0.4937018463774882, 'aug_choice': 7}. Best is trial 57 with value: 0.6193042196249754.
[I 2025-01-01 01:31:21,453] Trial 142 finished with value: 0.6347597360622491 and parameters: {'lr': 0.00460498007518596, 'decay': 0.0009053221386099508, 'batch_size': 64, 'nheads': 1, 'project_to': 32, 'hidden_size': 128, 'num_layers': 2, 'dropout': 0.5488042992124635, 'alpha': 0.45150089761757173, 'aug_choice': 7}. Best is trial 142 with value: 0.6347597360622491.
[I 2025-01-01 01:33:49,799] Trial 143 finished with value: 0.5360251926576046 and parameters: {'lr': 0.0014419231759454957, 'decay': 0.0008482889293011599, 'batch_size': 64, 'nheads': 1, 'project_to': 32, 'hidden_size': 128, 'num_layers': 2, 'dropout': 0.5049495221005257, 'alpha': 0.4348335346273365, 'aug_choice': 7}. Best is trial 142 with value: 0.6347597360622491.
[I 2025-01-01 01:36:35,599] Trial 144 finished with value: 0.5628580600170008 and parameters: {'lr': 0.008295546755234254, 'decay': 0.0011423992745097423, 'batch_size': 64, 'nheads': 1, 'project_to': 32, 'hidden_size': 128, 'num_layers': 2, 'dropout': 0.28598255315607346, 'alpha': 0.39748260722580303, 'aug_choice': 7}. Best is trial 142 with value: 0.6347597360622491.
[I 2025-01-01 01:39:45,126] Trial 145 finished with value: 0.5290941868972642 and parameters: {'lr': 0.008063032097384605, 'decay': 0.0011575562978952013, 'batch_size': 64, 'nheads': 1, 'project_to': 32, 'hidden_size': 128, 'num_layers': 2, 'dropout': 0.28376798819286814, 'alpha': 0.37815276719727126, 'aug_choice': 7}. Best is trial 142 with value: 0.6347597360622491.
[I 2025-01-01 01:42:12,789] Trial 146 finished with value: 0.5246760706664861 and parameters: {'lr': 0.00618838363056576, 'decay': 0.000968867408722643, 'batch_size': 64, 'nheads': 1, 'project_to': 32, 'hidden_size': 128, 'num_layers': 2, 'dropout': 0.5425893406076854, 'alpha': 0.32456801164832993, 'aug_choice': 7}. Best is trial 142 with value: 0.6347597360622491.
Best trial: 142. Best value: 0.63476:  88%|████████▊ | 22/25 [55:32<07:52, 157.64s/it]Best trial: 142. Best value: 0.63476:  88%|████████▊ | 22/25 [55:32<07:52, 157.64s/it]Best trial: 142. Best value: 0.63476:  92%|█████████▏| 23/25 [55:32<05:07, 153.57s/it]                                                                                      Best trial: 142. Best value: 0.63476:  92%|█████████▏| 23/25 [58:14<05:07, 153.57s/it]Best trial: 142. Best value: 0.63476:  92%|█████████▏| 23/25 [58:14<05:07, 153.57s/it]Best trial: 142. Best value: 0.63476:  96%|█████████▌| 24/25 [58:14<02:36, 156.09s/it]                                                                                      Best trial: 142. Best value: 0.63476:  96%|█████████▌| 24/25 [1:00:36<02:36, 156.09s/it]Best trial: 142. Best value: 0.63476:  96%|█████████▌| 24/25 [1:00:36<02:36, 156.09s/it]Best trial: 142. Best value: 0.63476: 100%|██████████| 25/25 [1:00:36<00:00, 151.68s/it]Best trial: 142. Best value: 0.63476: 100%|██████████| 25/25 [1:00:36<00:00, 145.44s/it]
[I 2025-01-01 01:44:36,869] Trial 147 finished with value: 0.4703256612346359 and parameters: {'lr': 0.007636213043745818, 'decay': 0.0013379654533026105, 'batch_size': 64, 'nheads': 1, 'project_to': 32, 'hidden_size': 32, 'num_layers': 2, 'dropout': 0.4578692576354683, 'alpha': 0.41139585860028793, 'aug_choice': 7}. Best is trial 142 with value: 0.6347597360622491.
[I 2025-01-01 01:47:18,826] Trial 148 finished with value: 0.44896497821847436 and parameters: {'lr': 0.004566984375088187, 'decay': 0.0007632723063329118, 'batch_size': 64, 'nheads': 1, 'project_to': 32, 'hidden_size': 32, 'num_layers': 1, 'dropout': 0.3497445722008886, 'alpha': 1.3631704253829264, 'aug_choice': 7}. Best is trial 142 with value: 0.6347597360622491.
[I 2025-01-01 01:49:40,236] Trial 149 finished with value: 0.5244401713243961 and parameters: {'lr': 0.0008704864213417289, 'decay': 0.0006421416044642879, 'batch_size': 64, 'nheads': 1, 'project_to': 32, 'hidden_size': 128, 'num_layers': 1, 'dropout': 0.5789692078687594, 'alpha': 0.5864299528117192, 'aug_choice': 7}. Best is trial 142 with value: 0.6347597360622491.

Optimization finished!
Best macro F1: 0.6348
Best hyperparameters:
    lr: 0.00460498007518596
    decay: 0.0009053221386099508
    batch_size: 64
    nheads: 1
    project_to: 32
    hidden_size: 128
    num_layers: 2
    dropout: 0.5488042992124635
    alpha: 0.45150089761757173
    aug_choice: 7
Fold 3: 0 trials completed, running 150 more trials...
[I 2025-01-01 01:49:42,496] A new study created in RDB with name: webcam_engagement_classifier
