Best trial: 53. Best value: 0.61176:  59%|█████▊    | 88/150 [4:42:13<2:30:55, 146.06s/it]Best trial: 53. Best value: 0.61176:  59%|█████▊    | 88/150 [4:42:13<2:30:55, 146.06s/it]Best trial: 53. Best value: 0.61176:  59%|█████▉    | 89/150 [4:42:13<2:36:01, 153.46s/it]                                                                                          Best trial: 53. Best value: 0.61176:  59%|█████▉    | 89/150 [4:43:59<2:36:01, 153.46s/it]Best trial: 53. Best value: 0.61176:  59%|█████▉    | 89/150 [4:43:59<2:36:01, 153.46s/it]Best trial: 53. Best value: 0.61176:  60%|██████    | 90/150 [4:43:59<2:19:10, 139.17s/it]                                                                                          Best trial: 53. Best value: 0.61176:  60%|██████    | 90/150 [4:50:19<2:19:10, 139.17s/it]Best trial: 53. Best value: 0.61176:  60%|██████    | 90/150 [4:50:19<2:19:10, 139.17s/it]Best trial: 53. Best value: 0.61176:  61%|██████    | 91/150 [4:50:19<3:28:00, 211.54s/it]                                                                                          Best trial: 53. Best value: 0.61176:  61%|██████    | 91/150 [4:53:07<3:28:00, 211.54s/it]Best trial: 53. Best value: 0.61176:  61%|██████    | 91/150 [4:53:07<3:28:00, 211.54s/it]Best trial: 53. Best value: 0.61176:  61%|██████▏   | 92/150 [4:53:07<3:11:47, 198.41s/it]                                                                                          Best trial: 53. Best value: 0.61176:  61%|██████▏   | 92/150 [4:55:57<3:11:47, 198.41s/it]Best trial: 53. Best value: 0.61176:  61%|██████▏   | 92/150 [4:55:57<3:11:47, 198.41s/it]Best trial: 53. Best value: 0.61176:  62%|██████▏   | 93/150 [4:55:57<3:00:24, 189.90s/it]                                                                                          Best trial: 53. Best value: 0.61176:  62%|██████▏   | 93/150 [4:58:28<3:00:24, 189.90s/it]Best trial: 53. Best value: 0.61176:  62%|██████▏   | 93/150 [4:58:28<3:00:24, 189.90s/it]Best trial: 53. Best value: 0.61176:  63%|██████▎   | 94/150 [4:58:28<2:46:19, 178.21s/it]                                                                                          Best trial: 53. Best value: 0.61176:  63%|██████▎   | 94/150 [5:01:01<2:46:19, 178.21s/it]Best trial: 53. Best value: 0.61176:  63%|██████▎   | 94/150 [5:01:01<2:46:19, 178.21s/it]Best trial: 53. Best value: 0.61176:  63%|██████▎   | 95/150 [5:01:01<2:36:20, 170.55s/it]                                                                                          Best trial: 53. Best value: 0.61176:  63%|██████▎   | 95/150 [5:03:06<2:36:20, 170.55s/it]Best trial: 53. Best value: 0.61176:  63%|██████▎   | 95/150 [5:03:06<2:36:20, 170.55s/it]Best trial: 53. Best value: 0.61176:  64%|██████▍   | 96/150 [5:03:06<2:21:13, 156.91s/it]                                                                                          Best trial: 53. Best value: 0.61176:  64%|██████▍   | 96/150 [5:04:23<2:21:13, 156.91s/it]Best trial: 53. Best value: 0.61176:  64%|██████▍   | 96/150 [5:04:23<2:21:13, 156.91s/it]Best trial: 53. Best value: 0.61176:  65%|██████▍   | 97/150 [5:04:23<1:57:25, 132.94s/it]                                                                                          Best trial: 53. Best value: 0.61176:  65%|██████▍   | 97/150 [5:07:10<1:57:25, 132.94s/it]Best trial: 97. Best value: 0.617984:  65%|██████▍   | 97/150 [5:07:10<1:57:25, 132.94s/it]Best trial: 97. Best value: 0.617984:  65%|██████▌   | 98/150 [5:07:10<2:04:03, 143.14s/it]                                                                                           Best trial: 97. Best value: 0.617984:  65%|██████▌   | 98/150 [5:09:32<2:04:03, 143.14s/it]Best trial: 97. Best value: 0.617984:  65%|██████▌   | 98/150 [5:09:32<2:04:03, 143.14s/it]Best trial: 97. Best value: 0.617984:  66%|██████▌   | 99/150 [5:09:32<2:01:33, 143.02s/it]                                                                                           Best trial: 97. Best value: 0.617984:  66%|██████▌   | 99/150 [5:12:43<2:01:33, 143.02s/it]Best trial: 97. Best value: 0.617984:  66%|██████▌   | 99/150 [5:12:43<2:01:33, 143.02s/it]Best trial: 97. Best value: 0.617984:  67%|██████▋   | 100/150 [5:12:43<2:11:00, 157.21s/it]                                                                                            Best trial: 97. Best value: 0.617984:  67%|██████▋   | 100/150 [5:15:37<2:11:00, 157.21s/it]Best trial: 97. Best value: 0.617984:  67%|██████▋   | 100/150 [5:15:37<2:11:00, 157.21s/it]Best trial: 97. Best value: 0.617984:  67%|██████▋   | 101/150 [5:15:37<2:12:34, 162.33s/it]                                                                                            Best trial: 97. Best value: 0.617984:  67%|██████▋   | 101/150 [5:18:18<2:12:34, 162.33s/it]Best trial: 97. Best value: 0.617984:  67%|██████▋   | 101/150 [5:18:18<2:12:34, 162.33s/it]Best trial: 97. Best value: 0.617984:  68%|██████▊   | 102/150 [5:18:18<2:09:32, 161.94s/it]                                                                                            Best trial: 97. Best value: 0.617984:  68%|██████▊   | 102/150 [5:21:31<2:09:32, 161.94s/it]Best trial: 97. Best value: 0.617984:  68%|██████▊   | 102/150 [5:21:31<2:09:32, 161.94s/it]Best trial: 97. Best value: 0.617984:  69%|██████▊   | 103/150 [5:21:31<2:14:10, 171.29s/it]                                                                                            Best trial: 97. Best value: 0.617984:  69%|██████▊   | 103/150 [5:25:40<2:14:10, 171.29s/it]Best trial: 97. Best value: 0.617984:  69%|██████▊   | 103/150 [5:25:40<2:14:10, 171.29s/it]Best trial: 97. Best value: 0.617984:  69%|██████▉   | 104/150 [5:25:40<2:29:17, 194.73s/it]                                                                                            Best trial: 97. Best value: 0.617984:  69%|██████▉   | 104/150 [5:28:10<2:29:17, 194.73s/it]Best trial: 97. Best value: 0.617984:  69%|██████▉   | 104/150 [5:28:10<2:29:17, 194.73s/it]Best trial: 97. Best value: 0.617984:  70%|███████   | 105/150 [5:28:10<2:15:48, 181.07s/it]                                                                                            Best trial: 97. Best value: 0.617984:  70%|███████   | 105/150 [5:30:51<2:15:48, 181.07s/it]Best trial: 97. Best value: 0.617984:  70%|███████   | 105/150 [5:30:51<2:15:48, 181.07s/it]Best trial: 97. Best value: 0.617984:  71%|███████   | 106/150 [5:30:51<2:08:26, 175.15s/it]                                                                                            Best trial: 97. Best value: 0.617984:  71%|███████   | 106/150 [5:33:01<2:08:26, 175.15s/it]Best trial: 97. Best value: 0.617984:  71%|███████   | 106/150 [5:33:01<2:08:26, 175.15s/it]Best trial: 97. Best value: 0.617984:  71%|███████▏  | 107/150 [5:33:01<1:55:53, 161.71s/it]                                                                                            Best trial: 97. Best value: 0.617984:  71%|███████▏  | 107/150 [5:35:20<1:55:53, 161.71s/it]Best trial: 97. Best value: 0.617984:  71%|███████▏  | 107/150 [5:35:20<1:55:53, 161.71s/it]Best trial: 97. Best value: 0.617984:  72%|███████▏  | 108/150 [5:35:20<1:48:21, 154.79s/it]                                                                                            Best trial: 97. Best value: 0.617984:  72%|███████▏  | 108/150 [5:37:02<1:48:21, 154.79s/it]Best trial: 97. Best value: 0.617984:  72%|███████▏  | 108/150 [5:37:02<1:48:21, 154.79s/it]Best trial: 97. Best value: 0.617984:  73%|███████▎  | 109/150 [5:37:02<1:34:52, 138.83s/it]                                                                                            Best trial: 97. Best value: 0.617984:  73%|███████▎  | 109/150 [5:41:58<1:34:52, 138.83s/it]Best trial: 97. Best value: 0.617984:  73%|███████▎  | 109/150 [5:41:58<1:34:52, 138.83s/it]Best trial: 97. Best value: 0.617984:  73%|███████▎  | 110/150 [5:41:58<2:04:07, 186.19s/it]                                                                                            [I 2025-01-01 06:31:55,873] Trial 88 finished with value: 0.5575316329172316 and parameters: {'lr': 0.004007780407230495, 'decay': 0.008003662445181307, 'batch_size': 128, 'nheads': 4, 'project_to': 128, 'hidden_size': 32, 'num_layers': 2, 'dropout': 0.2754060172841685, 'alpha': 0.7019773116628952, 'aug_choice': 5}. Best is trial 53 with value: 0.6117603655496555.
[I 2025-01-01 06:33:41,714] Trial 89 finished with value: 0.5022866688899877 and parameters: {'lr': 0.00939580204167675, 'decay': 0.0020849779602767357, 'batch_size': 64, 'nheads': 4, 'project_to': 128, 'hidden_size': 32, 'num_layers': 2, 'dropout': 0.3052815802074742, 'alpha': 0.9968458042974706, 'aug_choice': 4}. Best is trial 53 with value: 0.6117603655496555.
[I 2025-01-01 06:40:02,111] Trial 90 finished with value: 0.5494267410878116 and parameters: {'lr': 0.0069131458626927695, 'decay': 0.003574983775962154, 'batch_size': 128, 'nheads': 2, 'project_to': 128, 'hidden_size': 32, 'num_layers': 2, 'dropout': 0.3327540294874039, 'alpha': 1.1102074534689002, 'aug_choice': 3}. Best is trial 53 with value: 0.6117603655496555.
[I 2025-01-01 06:42:49,886] Trial 91 finished with value: 0.5771668108520316 and parameters: {'lr': 0.0031952758912659794, 'decay': 0.0015641230036626827, 'batch_size': 128, 'nheads': 4, 'project_to': 128, 'hidden_size': 32, 'num_layers': 2, 'dropout': 0.40081188208296153, 'alpha': 0.7891291574181367, 'aug_choice': 8}. Best is trial 53 with value: 0.6117603655496555.
[I 2025-01-01 06:45:39,937] Trial 92 finished with value: 0.5673446175718009 and parameters: {'lr': 0.003537387750262918, 'decay': 0.00118235862993002, 'batch_size': 128, 'nheads': 4, 'project_to': 128, 'hidden_size': 32, 'num_layers': 2, 'dropout': 0.4120095766768952, 'alpha': 0.8733609909914003, 'aug_choice': 8}. Best is trial 53 with value: 0.6117603655496555.
[I 2025-01-01 06:48:10,870] Trial 93 finished with value: 0.5721647650748648 and parameters: {'lr': 0.00519126850596301, 'decay': 0.003167403311136133, 'batch_size': 128, 'nheads': 4, 'project_to': 128, 'hidden_size': 32, 'num_layers': 2, 'dropout': 0.3646697698091559, 'alpha': 0.8154327994237042, 'aug_choice': 8}. Best is trial 53 with value: 0.6117603655496555.
[I 2025-01-01 06:50:43,544] Trial 94 finished with value: 0.5722271931796266 and parameters: {'lr': 0.004490503381021372, 'decay': 0.0018739102451671766, 'batch_size': 128, 'nheads': 4, 'project_to': 128, 'hidden_size': 32, 'num_layers': 2, 'dropout': 0.387855842029152, 'alpha': 0.9246990541316701, 'aug_choice': 8}. Best is trial 53 with value: 0.6117603655496555.
[I 2025-01-01 06:52:48,624] Trial 95 finished with value: 0.5674527705606561 and parameters: {'lr': 0.0017593776108392103, 'decay': 0.0025331050799257933, 'batch_size': 128, 'nheads': 1, 'project_to': 64, 'hidden_size': 32, 'num_layers': 2, 'dropout': 0.3800281915977327, 'alpha': 0.7407236690794964, 'aug_choice': 8}. Best is trial 53 with value: 0.6117603655496555.
[I 2025-01-01 06:54:05,620] Trial 96 finished with value: 0.48509009759548666 and parameters: {'lr': 0.0025880383663593265, 'decay': 0.00010111206313249725, 'batch_size': 64, 'nheads': 4, 'project_to': 128, 'hidden_size': 32, 'num_layers': 2, 'dropout': 0.406895015788206, 'alpha': 0.6377788055234856, 'aug_choice': 0}. Best is trial 53 with value: 0.6117603655496555.
[I 2025-01-01 06:56:52,560] Trial 97 finished with value: 0.61798434411871 and parameters: {'lr': 0.006281810260156404, 'decay': 0.00508959296313041, 'batch_size': 128, 'nheads': 4, 'project_to': 128, 'hidden_size': 32, 'num_layers': 2, 'dropout': 0.43467132230861305, 'alpha': 0.7772629657497033, 'aug_choice': 2}. Best is trial 97 with value: 0.61798434411871.
[I 2025-01-01 06:59:15,303] Trial 98 finished with value: 0.541820199883589 and parameters: {'lr': 0.006440751244703348, 'decay': 0.005727473777858704, 'batch_size': 64, 'nheads': 4, 'project_to': 128, 'hidden_size': 32, 'num_layers': 1, 'dropout': 0.46299799769996347, 'alpha': 0.5446578001766599, 'aug_choice': 2}. Best is trial 97 with value: 0.61798434411871.
[I 2025-01-01 07:02:25,642] Trial 99 finished with value: 0.5601333900383607 and parameters: {'lr': 0.00840707933409308, 'decay': 0.004522177084792934, 'batch_size': 128, 'nheads': 1, 'project_to': 128, 'hidden_size': 64, 'num_layers': 2, 'dropout': 0.430298336729221, 'alpha': 0.45904063468559253, 'aug_choice': 2}. Best is trial 97 with value: 0.61798434411871.
[I 2025-01-01 07:05:19,910] Trial 100 finished with value: 0.560349331584778 and parameters: {'lr': 0.005825918356197368, 'decay': 0.005379203122971634, 'batch_size': 64, 'nheads': 2, 'project_to': 128, 'hidden_size': 128, 'num_layers': 2, 'dropout': 0.4449560612836188, 'alpha': 0.8616458140297028, 'aug_choice': 2}. Best is trial 97 with value: 0.61798434411871.
[I 2025-01-01 07:08:00,929] Trial 101 finished with value: 0.5664167237347659 and parameters: {'lr': 0.0035575644004250256, 'decay': 0.0015382138706555113, 'batch_size': 128, 'nheads': 4, 'project_to': 128, 'hidden_size': 32, 'num_layers': 2, 'dropout': 0.4186636167883293, 'alpha': 0.7898845701879811, 'aug_choice': 8}. Best is trial 97 with value: 0.61798434411871.
[I 2025-01-01 07:11:14,054] Trial 102 finished with value: 0.5448946950044427 and parameters: {'lr': 0.0038969821839361226, 'decay': 0.007770448454231518, 'batch_size': 128, 'nheads': 4, 'project_to': 128, 'hidden_size': 32, 'num_layers': 2, 'dropout': 0.3435137741349672, 'alpha': 0.6799237869306562, 'aug_choice': 2}. Best is trial 97 with value: 0.61798434411871.
[I 2025-01-01 07:15:23,486] Trial 103 finished with value: 0.5166283275869372 and parameters: {'lr': 0.0021685519227441913, 'decay': 0.003292493359121407, 'batch_size': 128, 'nheads': 4, 'project_to': 128, 'hidden_size': 32, 'num_layers': 2, 'dropout': 0.3684354196859154, 'alpha': 0.7245980344391317, 'aug_choice': 1}. Best is trial 97 with value: 0.61798434411871.
[I 2025-01-01 07:17:52,665] Trial 104 finished with value: 0.5140379617788555 and parameters: {'lr': 0.0028275016715144426, 'decay': 0.0019753284530862865, 'batch_size': 128, 'nheads': 4, 'project_to': 128, 'hidden_size': 32, 'num_layers': 2, 'dropout': 0.4820162126825672, 'alpha': 0.5867298578803877, 'aug_choice': 8}. Best is trial 97 with value: 0.61798434411871.
[I 2025-01-01 07:20:34,001] Trial 105 finished with value: 0.573869905910625 and parameters: {'lr': 0.0046086547157784975, 'decay': 0.0007425222520049379, 'batch_size': 128, 'nheads': 4, 'project_to': 128, 'hidden_size': 32, 'num_layers': 2, 'dropout': 0.3911583473008561, 'alpha': 0.7768205857172438, 'aug_choice': 5}. Best is trial 97 with value: 0.61798434411871.
[I 2025-01-01 07:22:44,361] Trial 106 finished with value: 0.5396163762106693 and parameters: {'lr': 0.0006333130942058821, 'decay': 0.003988646717089644, 'batch_size': 128, 'nheads': 4, 'project_to': 128, 'hidden_size': 32, 'num_layers': 2, 'dropout': 0.40236549800342614, 'alpha': 0.7013547278330801, 'aug_choice': 6}. Best is trial 97 with value: 0.61798434411871.
[I 2025-01-01 07:25:02,991] Trial 107 finished with value: 0.5491410370001744 and parameters: {'lr': 0.0032966685056347055, 'decay': 0.0024467976592699022, 'batch_size': 128, 'nheads': 4, 'project_to': 128, 'hidden_size': 32, 'num_layers': 2, 'dropout': 0.4363789797785094, 'alpha': 0.4814621208928628, 'aug_choice': 8}. Best is trial 97 with value: 0.61798434411871.
[I 2025-01-01 07:26:44,585] Trial 108 finished with value: 0.5603519119721427 and parameters: {'lr': 0.0013600265699116167, 'decay': 0.0011306542978691992, 'batch_size': 128, 'nheads': 4, 'project_to': 128, 'hidden_size': 32, 'num_layers': 2, 'dropout': 0.29007203749562505, 'alpha': 0.8307210734701427, 'aug_choice': 0}. Best is trial 97 with value: 0.61798434411871.
[I 2025-01-01 07:31:41,278] Trial 109 finished with value: 0.4999890876233839 and parameters: {'lr': 0.00032771218956291443, 'decay': 0.0017113390088430846, 'batch_size': 64, 'nheads': 1, 'project_to': 64, 'hidden_size': 32, 'num_layers': 1, 'dropout': 0.38159905609486644, 'alpha': 0.6426746929124905, 'aug_choice': 3}. Best is trial 97 with value: 0.61798434411871.
Best trial: 97. Best value: 0.617984:  73%|███████▎  | 110/150 [5:52:47<2:04:07, 186.19s/it]Best trial: 97. Best value: 0.617984:  73%|███████▎  | 110/150 [5:52:47<2:04:07, 186.19s/it]Best trial: 97. Best value: 0.617984:  74%|███████▍  | 111/150 [5:52:47<3:31:07, 324.80s/it]                                                                                            Best trial: 97. Best value: 0.617984:  74%|███████▍  | 111/150 [5:55:48<3:31:07, 324.80s/it]Best trial: 97. Best value: 0.617984:  74%|███████▍  | 111/150 [5:55:48<3:31:07, 324.80s/it]Best trial: 97. Best value: 0.617984:  75%|███████▍  | 112/150 [5:55:48<2:58:31, 281.89s/it]                                                                                            Best trial: 97. Best value: 0.617984:  75%|███████▍  | 112/150 [5:57:38<2:58:31, 281.89s/it]Best trial: 97. Best value: 0.617984:  75%|███████▍  | 112/150 [5:57:38<2:58:31, 281.89s/it]Best trial: 97. Best value: 0.617984:  75%|███████▌  | 113/150 [5:57:38<2:21:58, 230.23s/it]                                                                                            Best trial: 97. Best value: 0.617984:  75%|███████▌  | 113/150 [6:00:16<2:21:58, 230.23s/it]Best trial: 97. Best value: 0.617984:  75%|███████▌  | 113/150 [6:00:16<2:21:58, 230.23s/it]Best trial: 97. Best value: 0.617984:  76%|███████▌  | 114/150 [6:00:16<2:05:05, 208.49s/it]                                                                                            Best trial: 97. Best value: 0.617984:  76%|███████▌  | 114/150 [6:02:56<2:05:05, 208.49s/it]Best trial: 97. Best value: 0.617984:  76%|███████▌  | 114/150 [6:02:56<2:05:05, 208.49s/it]Best trial: 97. Best value: 0.617984:  77%|███████▋  | 115/150 [6:02:56<1:53:09, 193.98s/it]                                                                                            Best trial: 97. Best value: 0.617984:  77%|███████▋  | 115/150 [6:05:25<1:53:09, 193.98s/it]Best trial: 97. Best value: 0.617984:  77%|███████▋  | 115/150 [6:05:25<1:53:09, 193.98s/it]Best trial: 97. Best value: 0.617984:  77%|███████▋  | 116/150 [6:05:25<1:42:14, 180.42s/it]                                                                                            Best trial: 97. Best value: 0.617984:  77%|███████▋  | 116/150 [6:07:51<1:42:14, 180.42s/it]Best trial: 97. Best value: 0.617984:  77%|███████▋  | 116/150 [6:07:51<1:42:14, 180.42s/it]Best trial: 97. Best value: 0.617984:  78%|███████▊  | 117/150 [6:07:51<1:33:40, 170.33s/it]                                                                                            Best trial: 97. Best value: 0.617984:  78%|███████▊  | 117/150 [6:09:57<1:33:40, 170.33s/it]Best trial: 97. Best value: 0.617984:  78%|███████▊  | 117/150 [6:09:57<1:33:40, 170.33s/it]Best trial: 97. Best value: 0.617984:  79%|███████▊  | 118/150 [6:09:57<1:23:41, 156.91s/it]                                                                                            Best trial: 97. Best value: 0.617984:  79%|███████▊  | 118/150 [6:11:44<1:23:41, 156.91s/it]Best trial: 97. Best value: 0.617984:  79%|███████▊  | 118/150 [6:11:44<1:23:41, 156.91s/it]Best trial: 97. Best value: 0.617984:  79%|███████▉  | 119/150 [6:11:44<1:13:23, 142.03s/it]                                                                                            Best trial: 97. Best value: 0.617984:  79%|███████▉  | 119/150 [6:13:44<1:13:23, 142.03s/it]Best trial: 97. Best value: 0.617984:  79%|███████▉  | 119/150 [6:13:44<1:13:23, 142.03s/it]Best trial: 97. Best value: 0.617984:  80%|████████  | 120/150 [6:13:44<1:07:40, 135.36s/it]                                                                                            Best trial: 97. Best value: 0.617984:  80%|████████  | 120/150 [6:15:45<1:07:40, 135.36s/it]Best trial: 97. Best value: 0.617984:  80%|████████  | 120/150 [6:15:45<1:07:40, 135.36s/it]Best trial: 97. Best value: 0.617984:  81%|████████  | 121/150 [6:15:45<1:03:22, 131.10s/it]                                                                                            Best trial: 97. Best value: 0.617984:  81%|████████  | 121/150 [6:18:28<1:03:22, 131.10s/it]Best trial: 97. Best value: 0.617984:  81%|████████  | 121/150 [6:18:28<1:03:22, 131.10s/it]Best trial: 97. Best value: 0.617984:  81%|████████▏ | 122/150 [6:18:28<1:05:32, 140.46s/it][I 2025-01-01 07:42:29,516] Trial 110 finished with value: 0.5120851609296776 and parameters: {'lr': 1.2188559033033214e-05, 'decay': 0.006418295488529878, 'batch_size': 128, 'nheads': 4, 'project_to': 128, 'hidden_size': 32, 'num_layers': 2, 'dropout': 0.4543522136645658, 'alpha': 0.8933187517280589, 'aug_choice': 8}. Best is trial 97 with value: 0.61798434411871.
[I 2025-01-01 07:45:31,286] Trial 111 finished with value: 0.536056942552349 and parameters: {'lr': 0.004253940855171576, 'decay': 0.004926340527143289, 'batch_size': 64, 'nheads': 1, 'project_to': 32, 'hidden_size': 32, 'num_layers': 3, 'dropout': 0.4148249996626017, 'alpha': 0.5509105097152592, 'aug_choice': 8}. Best is trial 97 with value: 0.61798434411871.
[I 2025-01-01 07:47:20,958] Trial 112 finished with value: 0.5139382691518637 and parameters: {'lr': 0.005110552755626098, 'decay': 0.005182306097061389, 'batch_size': 64, 'nheads': 1, 'project_to': 32, 'hidden_size': 32, 'num_layers': 3, 'dropout': 0.44288075553818207, 'alpha': 0.6177181687457989, 'aug_choice': 8}. Best is trial 97 with value: 0.61798434411871.
