  0%|          | 0/150 [00:00<?, ?it/s]                                         0%|          | 0/150 [04:23<?, ?it/s]Best trial: 0. Best value: 0.492082:   0%|          | 0/150 [04:23<?, ?it/s]Best trial: 0. Best value: 0.492082:   1%|          | 1/150 [04:23<10:55:10, 263.83s/it]                                                                                        Best trial: 0. Best value: 0.492082:   1%|          | 1/150 [07:03<10:55:10, 263.83s/it]Best trial: 0. Best value: 0.492082:   1%|          | 1/150 [07:03<10:55:10, 263.83s/it]Best trial: 0. Best value: 0.492082:   1%|▏         | 2/150 [07:03<8:19:50, 202.64s/it]                                                                                        Best trial: 0. Best value: 0.492082:   1%|▏         | 2/150 [09:29<8:19:50, 202.64s/it]Best trial: 0. Best value: 0.492082:   1%|▏         | 2/150 [09:29<8:19:50, 202.64s/it]Best trial: 0. Best value: 0.492082:   2%|▏         | 3/150 [09:29<7:13:09, 176.80s/it]                                                                                       Best trial: 0. Best value: 0.492082:   2%|▏         | 3/150 [15:36<7:13:09, 176.80s/it]Best trial: 0. Best value: 0.492082:   2%|▏         | 3/150 [15:36<7:13:09, 176.80s/it]Best trial: 0. Best value: 0.492082:   3%|▎         | 4/150 [15:36<10:12:44, 251.81s/it]                                                                                        Best trial: 0. Best value: 0.492082:   3%|▎         | 4/150 [17:52<10:12:44, 251.81s/it]Best trial: 0. Best value: 0.492082:   3%|▎         | 4/150 [17:52<10:12:44, 251.81s/it]Best trial: 0. Best value: 0.492082:   3%|▎         | 5/150 [17:52<8:27:44, 210.10s/it]                                                                                        Best trial: 0. Best value: 0.492082:   3%|▎         | 5/150 [22:49<8:27:44, 210.10s/it]Best trial: 0. Best value: 0.492082:   3%|▎         | 5/150 [22:49<8:27:44, 210.10s/it]Best trial: 0. Best value: 0.492082:   4%|▍         | 6/150 [22:49<9:34:58, 239.58s/it]                                                                                       Best trial: 0. Best value: 0.492082:   4%|▍         | 6/150 [27:58<9:34:58, 239.58s/it]Best trial: 0. Best value: 0.492082:   4%|▍         | 6/150 [27:58<9:34:58, 239.58s/it]Best trial: 0. Best value: 0.492082:   5%|▍         | 7/150 [27:58<10:25:26, 262.42s/it]                                                                                        Best trial: 0. Best value: 0.492082:   5%|▍         | 7/150 [30:37<10:25:26, 262.42s/it]Best trial: 0. Best value: 0.492082:   5%|▍         | 7/150 [30:37<10:25:26, 262.42s/it]Best trial: 0. Best value: 0.492082:   5%|▌         | 8/150 [30:37<9:02:51, 229.38s/it]                                                                                        Best trial: 0. Best value: 0.492082:   5%|▌         | 8/150 [31:47<9:02:51, 229.38s/it]Best trial: 0. Best value: 0.492082:   5%|▌         | 8/150 [31:47<9:02:51, 229.38s/it]Best trial: 0. Best value: 0.492082:   6%|▌         | 9/150 [31:47<7:01:45, 179.47s/it]                                                                                       Best trial: 0. Best value: 0.492082:   6%|▌         | 9/150 [36:23<7:01:45, 179.47s/it]Best trial: 0. Best value: 0.492082:   6%|▌         | 9/150 [36:23<7:01:45, 179.47s/it]Best trial: 0. Best value: 0.492082:   7%|▋         | 10/150 [36:23<8:08:17, 209.27s/it]                                                                                        Best trial: 0. Best value: 0.492082:   7%|▋         | 10/150 [38:27<8:08:17, 209.27s/it]Best trial: 0. Best value: 0.492082:   7%|▋         | 10/150 [38:27<8:08:17, 209.27s/it]Best trial: 0. Best value: 0.492082:   7%|▋         | 11/150 [38:27<7:04:13, 183.12s/it]                                                                                        Best trial: 0. Best value: 0.492082:   7%|▋         | 11/150 [41:12<7:04:13, 183.12s/it]Best trial: 0. Best value: 0.492082:   7%|▋         | 11/150 [41:12<7:04:13, 183.12s/it]Best trial: 0. Best value: 0.492082:   8%|▊         | 12/150 [41:12<6:48:44, 177.71s/it]                                                                                        Best trial: 0. Best value: 0.492082:   8%|▊         | 12/150 [46:36<6:48:44, 177.71s/it]Best trial: 0. Best value: 0.492082:   8%|▊         | 12/150 [46:36<6:48:44, 177.71s/it]Best trial: 0. Best value: 0.492082:   9%|▊         | 13/150 [46:36<8:27:12, 222.14s/it]                                                                                        Best trial: 0. Best value: 0.492082:   9%|▊         | 13/150 [49:02<8:27:12, 222.14s/it]Best trial: 13. Best value: 0.57801:   9%|▊         | 13/150 [49:02<8:27:12, 222.14s/it]Best trial: 13. Best value: 0.57801:   9%|▉         | 14/150 [49:02<7:31:16, 199.09s/it]                                                                                        Best trial: 13. Best value: 0.57801:   9%|▉         | 14/150 [51:35<7:31:16, 199.09s/it]Best trial: 13. Best value: 0.57801:   9%|▉         | 14/150 [51:35<7:31:16, 199.09s/it]Best trial: 13. Best value: 0.57801:  10%|█         | 15/150 [51:35<6:56:46, 185.23s/it]                                                                                        Best trial: 13. Best value: 0.57801:  10%|█         | 15/150 [53:12<6:56:46, 185.23s/it]Best trial: 13. Best value: 0.57801:  10%|█         | 15/150 [53:12<6:56:46, 185.23s/it]Best trial: 13. Best value: 0.57801:  11%|█         | 16/150 [53:12<5:54:11, 158.59s/it]                                                                                        Best trial: 13. Best value: 0.57801:  11%|█         | 16/150 [55:50<5:54:11, 158.59s/it]Best trial: 13. Best value: 0.57801:  11%|█         | 16/150 [55:50<5:54:11, 158.59s/it]Best trial: 13. Best value: 0.57801:  11%|█▏        | 17/150 [55:50<5:51:24, 158.53s/it]                                                                                        Best trial: 13. Best value: 0.57801:  11%|█▏        | 17/150 [57:07<5:51:24, 158.53s/it]Best trial: 13. Best value: 0.57801:  11%|█▏        | 17/150 [57:07<5:51:24, 158.53s/it]Best trial: 13. Best value: 0.57801:  12%|█▏        | 18/150 [57:07<4:54:30, 133.86s/it]                                                                                        Best trial: 13. Best value: 0.57801:  12%|█▏        | 18/150 [1:00:10<4:54:30, 133.86s/it]Best trial: 13. Best value: 0.57801:  12%|█▏        | 18/150 [1:00:10<4:54:30, 133.86s/it]Best trial: 13. Best value: 0.57801:  13%|█▎        | 19/150 [1:00:10<5:24:31, 148.64s/it]                                                                                          Best trial: 13. Best value: 0.57801:  13%|█▎        | 19/150 [1:01:55<5:24:31, 148.64s/it]Best trial: 13. Best value: 0.57801:  13%|█▎        | 19/150 [1:01:55<5:24:31, 148.64s/it]Best trial: 13. Best value: 0.57801:  13%|█▎        | 20/150 [1:01:55<4:53:55, 135.66s/it]                                                                                          Best trial: 13. Best value: 0.57801:  13%|█▎        | 20/150 [1:03:54<4:53:55, 135.66s/it]Best trial: 13. Best value: 0.57801:  13%|█▎        | 20/150 [1:03:54<4:53:55, 135.66s/it]Best trial: 13. Best value: 0.57801:  14%|█▍        | 21/150 [1:03:54<4:40:34, 130.50s/it]                                                                                          Best trial: 13. Best value: 0.57801:  14%|█▍        | 21/150 [1:06:09<4:40:34, 130.50s/it]Best trial: 13. Best value: 0.57801:  14%|█▍        | 21/150 [1:06:09<4:40:34, 130.50s/it]Best trial: 13. Best value: 0.57801:  15%|█▍        | 22/150 [1:06:09<4:41:37, 132.01s/it]                                                                                          [I 2024-12-29 13:34:13,845] Trial 0 finished with value: 0.4920822583533915 and parameters: {'lr': 0.001130705674083664, 'decay': 1.3906291224440756e-05, 'batch_size': 64, 'nheads': 1, 'project_to': 128, 'hidden_size': 32, 'num_layers': 1, 'dropout': 0.21086747857765942, 'alpha': 0.11987203802538866, 'aug_choice': 3}. Best is trial 0 with value: 0.4920822583533915.
[I 2024-12-29 13:36:53,648] Trial 1 finished with value: 0.46650840904719354 and parameters: {'lr': 0.0005031349629377357, 'decay': 2.074509748533167e-05, 'batch_size': 64, 'nheads': 2, 'project_to': 32, 'hidden_size': 128, 'num_layers': 1, 'dropout': 0.3609785310365259, 'alpha': 1.3071001449992858, 'aug_choice': 1}. Best is trial 0 with value: 0.4920822583533915.
[I 2024-12-29 13:39:19,702] Trial 2 finished with value: 0.3581099825996416 and parameters: {'lr': 1.170088020790172e-05, 'decay': 2.9653054827762477e-05, 'batch_size': 64, 'nheads': 4, 'project_to': 32, 'hidden_size': 32, 'num_layers': 1, 'dropout': 0.23721927577063534, 'alpha': 0.5908462034684737, 'aug_choice': 4}. Best is trial 0 with value: 0.4920822583533915.
[I 2024-12-29 13:45:26,508] Trial 3 finished with value: 0.4808246433228444 and parameters: {'lr': 0.0023723422705547925, 'decay': 0.00030958410057565084, 'batch_size': 128, 'nheads': 2, 'project_to': 32, 'hidden_size': 64, 'num_layers': 3, 'dropout': 0.2450087587387934, 'alpha': 0.455038682356142, 'aug_choice': 3}. Best is trial 0 with value: 0.4920822583533915.
[I 2024-12-29 13:47:42,653] Trial 4 finished with value: 0.4398024955591105 and parameters: {'lr': 0.0005262697741780442, 'decay': 0.0004052144795743422, 'batch_size': 128, 'nheads': 4, 'project_to': 128, 'hidden_size': 128, 'num_layers': 2, 'dropout': 0.6213419722540567, 'alpha': 0.46525802233533653, 'aug_choice': 8}. Best is trial 0 with value: 0.4920822583533915.
[I 2024-12-29 13:52:39,443] Trial 5 finished with value: 0.40231361972462526 and parameters: {'lr': 8.363326195772667e-05, 'decay': 6.679646020462114e-05, 'batch_size': 128, 'nheads': 1, 'project_to': 64, 'hidden_size': 64, 'num_layers': 3, 'dropout': 0.32082858951782967, 'alpha': 0.427025864549069, 'aug_choice': 3}. Best is trial 0 with value: 0.4920822583533915.
[I 2024-12-29 13:57:48,904] Trial 6 finished with value: 0.44741358576050627 and parameters: {'lr': 3.1095816832938284e-05, 'decay': 2.4660308584227233e-05, 'batch_size': 64, 'nheads': 2, 'project_to': 64, 'hidden_size': 32, 'num_layers': 1, 'dropout': 0.5529128379601213, 'alpha': 1.0968685617395464, 'aug_choice': 1}. Best is trial 0 with value: 0.4920822583533915.
[I 2024-12-29 14:00:27,523] Trial 7 finished with value: 0.4158598705330987 and parameters: {'lr': 2.86203506363324e-05, 'decay': 1.0885399405549187e-05, 'batch_size': 64, 'nheads': 2, 'project_to': 128, 'hidden_size': 128, 'num_layers': 2, 'dropout': 0.2643209844463819, 'alpha': 0.3693952796036202, 'aug_choice': 8}. Best is trial 0 with value: 0.4920822583533915.
[I 2024-12-29 14:01:37,254] Trial 8 finished with value: 0.46384166491373924 and parameters: {'lr': 0.003103020720238737, 'decay': 0.0005507423635844679, 'batch_size': 64, 'nheads': 2, 'project_to': 64, 'hidden_size': 64, 'num_layers': 1, 'dropout': 0.3499349690858382, 'alpha': 0.8319060033577499, 'aug_choice': 0}. Best is trial 0 with value: 0.4920822583533915.
[I 2024-12-29 14:06:13,247] Trial 9 finished with value: 0.4188373950680185 and parameters: {'lr': 0.00030155039438044625, 'decay': 0.00011798738003150242, 'batch_size': 64, 'nheads': 1, 'project_to': 32, 'hidden_size': 128, 'num_layers': 3, 'dropout': 0.6669212110441269, 'alpha': 0.6589145469445055, 'aug_choice': 3}. Best is trial 0 with value: 0.4920822583533915.
[I 2024-12-29 14:08:17,081] Trial 10 finished with value: 0.4257535826138696 and parameters: {'lr': 0.00513868178859765, 'decay': 0.007940024722201374, 'batch_size': 128, 'nheads': 1, 'project_to': 128, 'hidden_size': 32, 'num_layers': 2, 'dropout': 0.1492211745425624, 'alpha': 0.14559181367066443, 'aug_choice': 5}. Best is trial 0 with value: 0.4920822583533915.
[I 2024-12-29 14:11:02,421] Trial 11 finished with value: 0.46207621979061964 and parameters: {'lr': 0.0016056495861547452, 'decay': 0.001972914734352683, 'batch_size': 128, 'nheads': 1, 'project_to': 32, 'hidden_size': 64, 'num_layers': 3, 'dropout': 0.10796373237730991, 'alpha': 0.16148913701365103, 'aug_choice': 7}. Best is trial 0 with value: 0.4920822583533915.
[I 2024-12-29 14:16:26,781] Trial 12 finished with value: 0.4227146345166314 and parameters: {'lr': 0.0014436884385034565, 'decay': 0.0001397892796801147, 'batch_size': 128, 'nheads': 2, 'project_to': 128, 'hidden_size': 32, 'num_layers': 3, 'dropout': 0.47646139294967793, 'alpha': 0.12383246226029666, 'aug_choice': 3}. Best is trial 0 with value: 0.4920822583533915.
[I 2024-12-29 14:18:52,621] Trial 13 finished with value: 0.5780103030910341 and parameters: {'lr': 0.009160217264804356, 'decay': 0.001140207741094638, 'batch_size': 128, 'nheads': 1, 'project_to': 32, 'hidden_size': 64, 'num_layers': 2, 'dropout': 0.21062720895502582, 'alpha': 0.8034742820684657, 'aug_choice': 2}. Best is trial 13 with value: 0.5780103030910341.
[I 2024-12-29 14:21:25,731] Trial 14 finished with value: 0.5426624625757775 and parameters: {'lr': 0.007799356469453913, 'decay': 0.0015372896968177017, 'batch_size': 64, 'nheads': 1, 'project_to': 128, 'hidden_size': 32, 'num_layers': 2, 'dropout': 0.1910377032603772, 'alpha': 0.9191241274958103, 'aug_choice': 2}. Best is trial 13 with value: 0.5780103030910341.
[I 2024-12-29 14:23:02,462] Trial 15 finished with value: 0.5109901790259773 and parameters: {'lr': 0.00920966087579013, 'decay': 0.0017898219909121887, 'batch_size': 128, 'nheads': 1, 'project_to': 32, 'hidden_size': 64, 'num_layers': 2, 'dropout': 0.46428807346282114, 'alpha': 0.9467387807455203, 'aug_choice': 2}. Best is trial 13 with value: 0.5780103030910341.
[I 2024-12-29 14:25:40,840] Trial 16 finished with value: 0.5262061836957631 and parameters: {'lr': 0.009848900112984492, 'decay': 0.0018188616342786521, 'batch_size': 64, 'nheads': 1, 'project_to': 128, 'hidden_size': 32, 'num_layers': 2, 'dropout': 0.15958556772980556, 'alpha': 1.1099359994647418, 'aug_choice': 2}. Best is trial 13 with value: 0.5780103030910341.
[I 2024-12-29 14:26:57,290] Trial 17 finished with value: 0.49486219475296356 and parameters: {'lr': 0.005432185259179711, 'decay': 0.006825367889635412, 'batch_size': 128, 'nheads': 1, 'project_to': 32, 'hidden_size': 64, 'num_layers': 2, 'dropout': 0.4317140675562534, 'alpha': 1.4157388478271167, 'aug_choice': 6}. Best is trial 13 with value: 0.5780103030910341.
[I 2024-12-29 14:30:00,338] Trial 18 finished with value: 0.44052765545764994 and parameters: {'lr': 0.00023702925966558876, 'decay': 0.0009878393106336485, 'batch_size': 128, 'nheads': 4, 'project_to': 128, 'hidden_size': 32, 'num_layers': 2, 'dropout': 0.30089029340598544, 'alpha': 0.9569107403280726, 'aug_choice': 2}. Best is trial 13 with value: 0.5780103030910341.
[I 2024-12-29 14:31:45,757] Trial 19 finished with value: 0.4640114785366388 and parameters: {'lr': 0.004261807995724903, 'decay': 0.004205362141365263, 'batch_size': 64, 'nheads': 1, 'project_to': 64, 'hidden_size': 64, 'num_layers': 2, 'dropout': 0.18403111550005874, 'alpha': 0.7568873509079098, 'aug_choice': 2}. Best is trial 13 with value: 0.5780103030910341.
[I 2024-12-29 14:33:44,217] Trial 20 finished with value: 0.4839464565726598 and parameters: {'lr': 0.0007591492258898473, 'decay': 0.0007318240961589927, 'batch_size': 128, 'nheads': 1, 'project_to': 128, 'hidden_size': 32, 'num_layers': 2, 'dropout': 0.2861700015254644, 'alpha': 1.1539864364418067, 'aug_choice': 2}. Best is trial 13 with value: 0.5780103030910341.
[I 2024-12-29 14:35:59,759] Trial 21 finished with value: 0.48745987649905137 and parameters: {'lr': 0.009218938227014816, 'decay': 0.0022494849801069803, 'batch_size': 64, 'nheads': 1, 'project_to': 128, 'hidden_size': 32, 'num_layers': 2, 'dropout': 0.1302799343768672, 'alpha': 1.1110813256434786, 'aug_choice': 2}. Best is trial 13 with value: 0.5780103030910341.
