[I 2024-12-29 05:40:52,370] Trial 5 finished with value: 0.4155249790952187 and parameters: {'lr': 0.0023568173002042362, 'decay': 0.008439057348080412, 'batch_size': 128, 'nheads': 2, 'project_to': 32, 'hidden_size': 32, 'num_layers': 2, 'dropout': 0.5764579796484389, 'aug_choice': 6}. Best is trial 1 with value: 0.5138017362988531.
[I 2024-12-29 05:43:00,452] Trial 6 finished with value: 0.5947281052327423 and parameters: {'lr': 0.004731473452278059, 'decay': 2.017810356642503e-05, 'batch_size': 128, 'nheads': 2, 'project_to': 64, 'hidden_size': 64, 'num_layers': 3, 'dropout': 0.13626661791201372, 'aug_choice': 5}. Best is trial 6 with value: 0.5947281052327423.
[I 2024-12-29 05:45:46,392] Trial 7 finished with value: 0.5072310113486457 and parameters: {'lr': 0.0011715922889212577, 'decay': 6.514379519393331e-05, 'batch_size': 64, 'nheads': 1, 'project_to': 64, 'hidden_size': 128, 'num_layers': 2, 'dropout': 0.4596876057477125, 'aug_choice': 7}. Best is trial 6 with value: 0.5947281052327423.
[I 2024-12-29 05:49:23,631] Trial 8 finished with value: 0.591971794286359 and parameters: {'lr': 0.0004488059663384918, 'decay': 0.005793743385960093, 'batch_size': 128, 'nheads': 4, 'project_to': 128, 'hidden_size': 64, 'num_layers': 3, 'dropout': 0.1484859643482327, 'aug_choice': 5}. Best is trial 6 with value: 0.5947281052327423.
[I 2024-12-29 05:52:31,883] Trial 9 finished with value: 0.3644586818690449 and parameters: {'lr': 2.5214441915662385e-05, 'decay': 2.924363800020454e-05, 'batch_size': 64, 'nheads': 4, 'project_to': 64, 'hidden_size': 32, 'num_layers': 3, 'dropout': 0.5107194907882554, 'aug_choice': 0}. Best is trial 6 with value: 0.5947281052327423.
[I 2024-12-29 05:55:31,268] Trial 10 finished with value: 0.4468645804968986 and parameters: {'lr': 0.007818140719307972, 'decay': 1.2100082970645817e-05, 'batch_size': 128, 'nheads': 2, 'project_to': 64, 'hidden_size': 64, 'num_layers': 3, 'dropout': 0.34753168055678574, 'aug_choice': 2}. Best is trial 6 with value: 0.5947281052327423.
[I 2024-12-29 05:59:16,116] Trial 11 finished with value: 0.5776009720748885 and parameters: {'lr': 0.009734852428490209, 'decay': 0.00025327851006662474, 'batch_size': 128, 'nheads': 2, 'project_to': 128, 'hidden_size': 64, 'num_layers': 3, 'dropout': 0.10946945337924249, 'aug_choice': 5}. Best is trial 6 with value: 0.5947281052327423.
[I 2024-12-29 06:02:46,188] Trial 12 finished with value: 0.5149170489810456 and parameters: {'lr': 0.002752280443795906, 'decay': 0.0006808710522248149, 'batch_size': 128, 'nheads': 4, 'project_to': 128, 'hidden_size': 64, 'num_layers': 3, 'dropout': 0.10207618491117902, 'aug_choice': 5}. Best is trial 6 with value: 0.5947281052327423.
[I 2024-12-29 06:07:18,331] Trial 13 finished with value: 0.4606922529095051 and parameters: {'lr': 0.00013434193561443267, 'decay': 0.00014342720275096528, 'batch_size': 128, 'nheads': 4, 'project_to': 128, 'hidden_size': 64, 'num_layers': 3, 'dropout': 0.3680758239712872, 'aug_choice': 1}. Best is trial 6 with value: 0.5947281052327423.
[I 2024-12-29 06:08:38,258] Trial 14 finished with value: 0.4537564432102403 and parameters: {'lr': 0.0025928066145797487, 'decay': 0.0009707850298719719, 'batch_size': 128, 'nheads': 2, 'project_to': 128, 'hidden_size': 64, 'num_layers': 2, 'dropout': 0.29820509393052613, 'aug_choice': 4}. Best is trial 6 with value: 0.5947281052327423.
[I 2024-12-29 06:11:31,512] Trial 15 finished with value: 0.5494662107659728 and parameters: {'lr': 0.0003439020448912319, 'decay': 0.0018451011317895667, 'batch_size': 128, 'nheads': 2, 'project_to': 64, 'hidden_size': 64, 'num_layers': 3, 'dropout': 0.1504860637949353, 'aug_choice': 5}. Best is trial 6 with value: 0.5947281052327423.
[I 2024-12-29 06:14:06,837] Trial 16 finished with value: 0.5702934009795138 and parameters: {'lr': 0.0009283932984359872, 'decay': 0.00010745549034117715, 'batch_size': 128, 'nheads': 4, 'project_to': 128, 'hidden_size': 64, 'num_layers': 2, 'dropout': 0.29167295713454, 'aug_choice': 5}. Best is trial 6 with value: 0.5947281052327423.
[I 2024-12-29 06:17:47,003] Trial 17 finished with value: 0.3922624609433111 and parameters: {'lr': 0.0049295231503111376, 'decay': 1.7202244207241826e-05, 'batch_size': 128, 'nheads': 4, 'project_to': 128, 'hidden_size': 64, 'num_layers': 3, 'dropout': 0.1510211135025849, 'aug_choice': 2}. Best is trial 6 with value: 0.5947281052327423.
[I 2024-12-29 06:19:25,375] Trial 18 finished with value: 0.3960608730883727 and parameters: {'lr': 5.412476047432137e-05, 'decay': 0.0001935935066410235, 'batch_size': 128, 'nheads': 2, 'project_to': 64, 'hidden_size': 64, 'num_layers': 2, 'dropout': 0.4160723689471644, 'aug_choice': 4}. Best is trial 6 with value: 0.5947281052327423.
[I 2024-12-29 06:20:47,411] Trial 19 finished with value: 0.36649139514054674 and parameters: {'lr': 0.0014790245498914891, 'decay': 5.7676126441430895e-05, 'batch_size': 128, 'nheads': 1, 'project_to': 32, 'hidden_size': 128, 'num_layers': 3, 'dropout': 0.16924489725370273, 'aug_choice': 6}. Best is trial 6 with value: 0.5947281052327423.
[I 2024-12-29 06:23:32,665] Trial 20 finished with value: 0.443890670356143 and parameters: {'lr': 0.0005566241952502252, 'decay': 0.0017748038075647427, 'batch_size': 128, 'nheads': 4, 'project_to': 128, 'hidden_size': 64, 'num_layers': 2, 'dropout': 0.2603638620826497, 'aug_choice': 8}. Best is trial 6 with value: 0.5947281052327423.
[I 2024-12-29 06:27:03,021] Trial 21 finished with value: 0.5223871330831955 and parameters: {'lr': 0.0074564970240750955, 'decay': 0.0003237326172718517, 'batch_size': 128, 'nheads': 2, 'project_to': 128, 'hidden_size': 64, 'num_layers': 3, 'dropout': 0.10328435186929329, 'aug_choice': 5}. Best is trial 6 with value: 0.5947281052327423.
[I 2024-12-29 06:29:43,495] Trial 22 finished with value: 0.4554453640852558 and parameters: {'lr': 0.004779786374241438, 'decay': 0.00025777882557499114, 'batch_size': 128, 'nheads': 2, 'project_to': 128, 'hidden_size': 64, 'num_layers': 3, 'dropout': 0.11413341889303115, 'aug_choice': 5}. Best is trial 6 with value: 0.5947281052327423.
[I 2024-12-29 06:33:08,981] Trial 23 finished with value: 0.51221319411142 and parameters: {'lr': 0.009868410799128233, 'decay': 0.003684767028593148, 'batch_size': 128, 'nheads': 2, 'project_to': 128, 'hidden_size': 64, 'num_layers': 3, 'dropout': 0.15896985637913963, 'aug_choice': 5}. Best is trial 6 with value: 0.5947281052327423.
Best trial: 6. Best value: 0.594728:  60%|██████    | 24/40 [1:21:51<46:56, 176.02s/it]Best trial: 6. Best value: 0.594728:  60%|██████    | 24/40 [1:21:51<46:56, 176.02s/it]Best trial: 6. Best value: 0.594728:  62%|██████▎   | 25/40 [1:21:51<41:05, 164.38s/it]                                                                                       Best trial: 6. Best value: 0.594728:  62%|██████▎   | 25/40 [1:25:46<41:05, 164.38s/it]Best trial: 6. Best value: 0.594728:  62%|██████▎   | 25/40 [1:25:46<41:05, 164.38s/it]Best trial: 6. Best value: 0.594728:  65%|██████▌   | 26/40 [1:25:46<43:18, 185.61s/it]                                                                                       Best trial: 6. Best value: 0.594728:  65%|██████▌   | 26/40 [1:28:14<43:18, 185.61s/it]Best trial: 6. Best value: 0.594728:  65%|██████▌   | 26/40 [1:28:14<43:18, 185.61s/it]Best trial: 6. Best value: 0.594728:  68%|██████▊   | 27/40 [1:28:14<37:47, 174.40s/it]                                                                                       Best trial: 6. Best value: 0.594728:  68%|██████▊   | 27/40 [1:30:24<37:47, 174.40s/it]Best trial: 6. Best value: 0.594728:  68%|██████▊   | 27/40 [1:30:24<37:47, 174.40s/it]Best trial: 6. Best value: 0.594728:  70%|███████   | 28/40 [1:30:24<32:15, 161.26s/it]                                                                                       Best trial: 6. Best value: 0.594728:  70%|███████   | 28/40 [1:32:27<32:15, 161.26s/it]Best trial: 6. Best value: 0.594728:  70%|███████   | 28/40 [1:32:27<32:15, 161.26s/it]Best trial: 6. Best value: 0.594728:  72%|███████▎  | 29/40 [1:32:27<27:27, 149.75s/it]                                                                                       Best trial: 6. Best value: 0.594728:  72%|███████▎  | 29/40 [1:40:21<27:27, 149.75s/it]Best trial: 6. Best value: 0.594728:  72%|███████▎  | 29/40 [1:40:21<27:27, 149.75s/it]Best trial: 6. Best value: 0.594728:  75%|███████▌  | 30/40 [1:40:21<41:09, 246.94s/it]                                                                                       Best trial: 6. Best value: 0.594728:  75%|███████▌  | 30/40 [1:42:06<41:09, 246.94s/it]Best trial: 6. Best value: 0.594728:  75%|███████▌  | 30/40 [1:42:06<41:09, 246.94s/it]Best trial: 6. Best value: 0.594728:  78%|███████▊  | 31/40 [1:42:06<30:39, 204.36s/it]                                                                                       Best trial: 6. Best value: 0.594728:  78%|███████▊  | 31/40 [1:44:50<30:39, 204.36s/it]Best trial: 6. Best value: 0.594728:  78%|███████▊  | 31/40 [1:44:50<30:39, 204.36s/it]Best trial: 6. Best value: 0.594728:  80%|████████  | 32/40 [1:44:50<25:37, 192.24s/it]                                                                                       Best trial: 6. Best value: 0.594728:  80%|████████  | 32/40 [1:47:23<25:37, 192.24s/it]Best trial: 6. Best value: 0.594728:  80%|████████  | 32/40 [1:47:23<25:37, 192.24s/it]Best trial: 6. Best value: 0.594728:  82%|████████▎ | 33/40 [1:47:23<21:03, 180.56s/it]                                                                                       Best trial: 6. Best value: 0.594728:  82%|████████▎ | 33/40 [1:50:04<21:03, 180.56s/it]Best trial: 6. Best value: 0.594728:  82%|████████▎ | 33/40 [1:50:04<21:03, 180.56s/it]Best trial: 6. Best value: 0.594728:  85%|████████▌ | 34/40 [1:50:04<17:27, 174.55s/it]                                                                                       Best trial: 6. Best value: 0.594728:  85%|████████▌ | 34/40 [1:55:52<17:27, 174.55s/it]Best trial: 6. Best value: 0.594728:  85%|████████▌ | 34/40 [1:55:52<17:27, 174.55s/it]Best trial: 6. Best value: 0.594728:  88%|████████▊ | 35/40 [1:55:52<18:52, 226.59s/it]                                                                                       Best trial: 6. Best value: 0.594728:  88%|████████▊ | 35/40 [1:58:16<18:52, 226.59s/it]Best trial: 6. Best value: 0.594728:  88%|████████▊ | 35/40 [1:58:16<18:52, 226.59s/it]Best trial: 6. Best value: 0.594728:  90%|█████████ | 36/40 [1:58:16<13:27, 201.95s/it]                                                                                       Best trial: 6. Best value: 0.594728:  90%|█████████ | 36/40 [2:01:21<13:27, 201.95s/it]Best trial: 6. Best value: 0.594728:  90%|█████████ | 36/40 [2:01:21<13:27, 201.95s/it]Best trial: 6. Best value: 0.594728:  92%|█████████▎| 37/40 [2:01:21<09:50, 196.89s/it]                                                                                       Best trial: 6. Best value: 0.594728:  92%|█████████▎| 37/40 [2:02:43<09:50, 196.89s/it]Best trial: 6. Best value: 0.594728:  92%|█████████▎| 37/40 [2:02:43<09:50, 196.89s/it]Best trial: 6. Best value: 0.594728:  95%|█████████▌| 38/40 [2:02:43<05:24, 162.18s/it]                                                                                       Best trial: 6. Best value: 0.594728:  95%|█████████▌| 38/40 [2:07:32<05:24, 162.18s/it]Best trial: 6. Best value: 0.594728:  95%|█████████▌| 38/40 [2:07:32<05:24, 162.18s/it]Best trial: 6. Best value: 0.594728:  98%|█████████▊| 39/40 [2:07:32<03:20, 200.30s/it]                                                                                       Best trial: 6. Best value: 0.594728:  98%|█████████▊| 39/40 [2:11:33<03:20, 200.30s/it]Best trial: 6. Best value: 0.594728:  98%|█████████▊| 39/40 [2:11:33<03:20, 200.30s/it]Best trial: 6. Best value: 0.594728: 100%|██████████| 40/40 [2:11:33<00:00, 212.53s/it]Best trial: 6. Best value: 0.594728: 100%|██████████| 40/40 [2:11:33<00:00, 197.34s/it]
[I 2024-12-29 06:35:26,204] Trial 24 finished with value: 0.3946462272848735 and parameters: {'lr': 0.004126595834452915, 'decay': 7.942470266981069e-05, 'batch_size': 128, 'nheads': 2, 'project_to': 128, 'hidden_size': 64, 'num_layers': 3, 'dropout': 0.22429660369898735, 'aug_choice': 0}. Best is trial 6 with value: 0.5947281052327423.
[I 2024-12-29 06:39:21,326] Trial 25 finished with value: 0.44638610240898424 and parameters: {'lr': 0.00015892792641855242, 'decay': 0.000774935432535544, 'batch_size': 128, 'nheads': 2, 'project_to': 64, 'hidden_size': 64, 'num_layers': 3, 'dropout': 0.3311834538855428, 'aug_choice': 1}. Best is trial 6 with value: 0.5947281052327423.
[I 2024-12-29 06:41:49,588] Trial 26 finished with value: 0.5749836535539635 and parameters: {'lr': 0.0019937280831429085, 'decay': 3.366064003831307e-05, 'batch_size': 128, 'nheads': 2, 'project_to': 128, 'hidden_size': 64, 'num_layers': 3, 'dropout': 0.1304444630367184, 'aug_choice': 5}. Best is trial 6 with value: 0.5947281052327423.
[I 2024-12-29 06:44:00,198] Trial 27 finished with value: 0.5531288569232312 and parameters: {'lr': 0.00023217537887518043, 'decay': 1.0157941356129645e-05, 'batch_size': 128, 'nheads': 2, 'project_to': 128, 'hidden_size': 64, 'num_layers': 2, 'dropout': 0.19359823089969663, 'aug_choice': 5}. Best is trial 6 with value: 0.5947281052327423.
[I 2024-12-29 06:46:03,087] Trial 28 finished with value: 0.40589956413921763 and parameters: {'lr': 0.004551083440516309, 'decay': 0.00046192572541402526, 'batch_size': 128, 'nheads': 1, 'project_to': 32, 'hidden_size': 32, 'num_layers': 3, 'dropout': 0.2481980703097495, 'aug_choice': 5}. Best is trial 6 with value: 0.5947281052327423.
[I 2024-12-29 06:53:56,810] Trial 29 finished with value: 0.500404172923649 and parameters: {'lr': 1.0785074883776711e-05, 'decay': 0.0004171848485606332, 'batch_size': 64, 'nheads': 4, 'project_to': 64, 'hidden_size': 128, 'num_layers': 3, 'dropout': 0.1847208028348718, 'aug_choice': 7}. Best is trial 6 with value: 0.5947281052327423.
[I 2024-12-29 06:55:41,812] Trial 30 finished with value: 0.5542535170548012 and parameters: {'lr': 0.0015809734699447052, 'decay': 0.001325327431578432, 'batch_size': 128, 'nheads': 1, 'project_to': 32, 'hidden_size': 128, 'num_layers': 2, 'dropout': 0.2981408945388653, 'aug_choice': 5}. Best is trial 6 with value: 0.5947281052327423.
[I 2024-12-29 06:58:25,777] Trial 31 finished with value: 0.4502542914957747 and parameters: {'lr': 0.0024251208238960033, 'decay': 3.7230988686862565e-05, 'batch_size': 128, 'nheads': 2, 'project_to': 128, 'hidden_size': 64, 'num_layers': 3, 'dropout': 0.14223061238500614, 'aug_choice': 5}. Best is trial 6 with value: 0.5947281052327423.
[I 2024-12-29 07:00:59,092] Trial 32 finished with value: 0.5171011873125932 and parameters: {'lr': 0.00748800833538967, 'decay': 1.6305163262317162e-05, 'batch_size': 128, 'nheads': 2, 'project_to': 128, 'hidden_size': 64, 'num_layers': 3, 'dropout': 0.1289861132072755, 'aug_choice': 5}. Best is trial 6 with value: 0.5947281052327423.
[I 2024-12-29 07:03:39,621] Trial 33 finished with value: 0.5125025576632649 and parameters: {'lr': 0.0037975747857512824, 'decay': 3.9646986419057025e-05, 'batch_size': 128, 'nheads': 2, 'project_to': 128, 'hidden_size': 64, 'num_layers': 3, 'dropout': 0.19218658164741043, 'aug_choice': 5}. Best is trial 6 with value: 0.5947281052327423.
[I 2024-12-29 07:09:27,619] Trial 34 finished with value: 0.4632745668229164 and parameters: {'lr': 0.0017335968886941495, 'decay': 2.2498142441099762e-05, 'batch_size': 128, 'nheads': 2, 'project_to': 128, 'hidden_size': 64, 'num_layers': 3, 'dropout': 0.10149435466358248, 'aug_choice': 3}. Best is trial 6 with value: 0.5947281052327423.
[I 2024-12-29 07:11:52,077] Trial 35 finished with value: 0.44514121667705275 and parameters: {'lr': 0.0005424127990391838, 'decay': 0.0029254456315622505, 'batch_size': 64, 'nheads': 2, 'project_to': 64, 'hidden_size': 32, 'num_layers': 1, 'dropout': 0.223157463115288, 'aug_choice': 8}. Best is trial 6 with value: 0.5947281052327423.
[I 2024-12-29 07:14:57,165] Trial 36 finished with value: 0.5073385567804973 and parameters: {'lr': 0.00635598082999739, 'decay': 0.00015980600891053298, 'batch_size': 128, 'nheads': 4, 'project_to': 128, 'hidden_size': 64, 'num_layers': 3, 'dropout': 0.6897301109805015, 'aug_choice': 5}. Best is trial 6 with value: 0.5947281052327423.
[I 2024-12-29 07:16:18,370] Trial 37 finished with value: 0.379202867053952 and parameters: {'lr': 6.52660633052161e-05, 'decay': 4.9843408569647695e-05, 'batch_size': 64, 'nheads': 2, 'project_to': 32, 'hidden_size': 64, 'num_layers': 3, 'dropout': 0.17821875782711416, 'aug_choice': 6}. Best is trial 6 with value: 0.5947281052327423.
[I 2024-12-29 07:21:07,602] Trial 38 finished with value: 0.5300841009150851 and parameters: {'lr': 0.0008396752791922734, 'decay': 9.70191011863876e-05, 'batch_size': 128, 'nheads': 1, 'project_to': 64, 'hidden_size': 32, 'num_layers': 1, 'dropout': 0.2689107767368908, 'aug_choice': 3}. Best is trial 6 with value: 0.5947281052327423.
[I 2024-12-29 07:25:08,663] Trial 39 finished with value: 0.4799506614199073 and parameters: {'lr': 0.003217075628564502, 'decay': 2.1870425965016473e-05, 'batch_size': 64, 'nheads': 2, 'project_to': 128, 'hidden_size': 128, 'num_layers': 3, 'dropout': 0.5043718617405756, 'aug_choice': 7}. Best is trial 6 with value: 0.5947281052327423.

Optimization finished!
Best macro F1: 0.5947
Best hyperparameters:
    lr: 0.004731473452278059
    decay: 2.017810356642503e-05
    batch_size: 128
    nheads: 2
    project_to: 64
    hidden_size: 64
    num_layers: 3
    dropout: 0.13626661791201372
    aug_choice: 5
Fold 5: 0 trials completed, running 40 more trials...
[I 2024-12-29 07:25:11,000] A new study created in RDB with name: webcam_engagement_classifier
  0%|          | 0/40 [00:00<?, ?it/s]Fold 0: 40 trials completed, running 0 more trials...
[I 2024-12-29 07:26:05,898] Using an existing study with name 'webcam_engagement_classifier' instead of creating a new one.

Optimization finished!
Best macro F1: 0.5230
Best hyperparameters:
    lr: 0.007205986268892185
    decay: 0.0022543935259381077
    batch_size: 128
    nheads: 4
    project_to: 64
    hidden_size: 32
    num_layers: 2
    dropout: 0.34835523786744316
    aug_choice: 5
Fold 1: 40 trials completed, running 0 more trials...
[I 2024-12-29 07:26:08,089] Using an existing study with name 'webcam_engagement_classifier' instead of creating a new one.

Optimization finished!
Best macro F1: 0.5939
Best hyperparameters:
    lr: 0.0005036674439915768
    decay: 0.0021967562213752083
    batch_size: 64
    nheads: 4
    project_to: 64
    hidden_size: 128
    num_layers: 1
    dropout: 0.10067521889528376
    aug_choice: 3
Fold 2: 40 trials completed, running 0 more trials...
[I 2024-12-29 07:26:10,302] Using an existing study with name 'webcam_engagement_classifier' instead of creating a new one.

Optimization finished!
Best macro F1: 0.5795
Best hyperparameters:
    lr: 0.004601319418056465
    decay: 0.009858800947118612
    batch_size: 64
    nheads: 2
    project_to: 128
    hidden_size: 128
    num_layers: 1
    dropout: 0.2560074327445531
    aug_choice: 2
Fold 0: 40 trials completed, running 40 more trials...
[I 2024-12-29 07:26:51,513] Using an existing study with name 'webcam_engagement_classifier' instead of creating a new one.
