Best trial: 107. Best value: 0.611699:  73%|███████▎  | 110/150 [6:52:14<2:41:38, 242.45s/it]Best trial: 107. Best value: 0.611699:  73%|███████▎  | 110/150 [6:52:14<2:41:38, 242.45s/it]Best trial: 107. Best value: 0.611699:  74%|███████▍  | 111/150 [6:52:14<2:41:43, 248.80s/it]                                                                                             Best trial: 107. Best value: 0.611699:  74%|███████▍  | 111/150 [6:57:04<2:41:43, 248.80s/it]Best trial: 107. Best value: 0.611699:  74%|███████▍  | 111/150 [6:57:04<2:41:43, 248.80s/it]Best trial: 107. Best value: 0.611699:  75%|███████▍  | 112/150 [6:57:04<2:45:25, 261.20s/it]                                                                                             Best trial: 107. Best value: 0.611699:  75%|███████▍  | 112/150 [7:02:54<2:45:25, 261.20s/it]Best trial: 107. Best value: 0.611699:  75%|███████▍  | 112/150 [7:02:54<2:45:25, 261.20s/it]Best trial: 107. Best value: 0.611699:  75%|███████▌  | 113/150 [7:02:54<2:57:28, 287.80s/it]                                                                                             Best trial: 107. Best value: 0.611699:  75%|███████▌  | 113/150 [7:08:19<2:57:28, 287.80s/it]Best trial: 107. Best value: 0.611699:  75%|███████▌  | 113/150 [7:08:19<2:57:28, 287.80s/it]Best trial: 107. Best value: 0.611699:  76%|███████▌  | 114/150 [7:08:19<2:59:28, 299.13s/it]                                                                                             Best trial: 107. Best value: 0.611699:  76%|███████▌  | 114/150 [7:09:32<2:59:28, 299.13s/it]Best trial: 107. Best value: 0.611699:  76%|███████▌  | 114/150 [7:09:32<2:59:28, 299.13s/it]Best trial: 107. Best value: 0.611699:  77%|███████▋  | 115/150 [7:09:32<2:14:48, 231.10s/it]                                                                                             Best trial: 107. Best value: 0.611699:  77%|███████▋  | 115/150 [7:13:51<2:14:48, 231.10s/it]Best trial: 107. Best value: 0.611699:  77%|███████▋  | 115/150 [7:13:51<2:14:48, 231.10s/it]Best trial: 107. Best value: 0.611699:  77%|███████▋  | 116/150 [7:13:51<2:15:43, 239.52s/it]                                                                                             Best trial: 107. Best value: 0.611699:  77%|███████▋  | 116/150 [7:18:32<2:15:43, 239.52s/it]Best trial: 107. Best value: 0.611699:  77%|███████▋  | 116/150 [7:18:32<2:15:43, 239.52s/it]Best trial: 107. Best value: 0.611699:  78%|███████▊  | 117/150 [7:18:32<2:18:38, 252.08s/it]                                                                                             Best trial: 107. Best value: 0.611699:  78%|███████▊  | 117/150 [7:23:06<2:18:38, 252.08s/it]Best trial: 107. Best value: 0.611699:  78%|███████▊  | 117/150 [7:23:06<2:18:38, 252.08s/it]Best trial: 107. Best value: 0.611699:  79%|███████▊  | 118/150 [7:23:06<2:17:58, 258.71s/it]                                                                                             Best trial: 107. Best value: 0.611699:  79%|███████▊  | 118/150 [7:24:19<2:17:58, 258.71s/it]Best trial: 107. Best value: 0.611699:  79%|███████▊  | 118/150 [7:24:19<2:17:58, 258.71s/it]Best trial: 107. Best value: 0.611699:  79%|███████▉  | 119/150 [7:24:19<1:44:51, 202.97s/it]                                                                                             Best trial: 107. Best value: 0.611699:  79%|███████▉  | 119/150 [7:29:26<1:44:51, 202.97s/it]Best trial: 107. Best value: 0.611699:  79%|███████▉  | 119/150 [7:29:26<1:44:51, 202.97s/it]Best trial: 107. Best value: 0.611699:  80%|████████  | 120/150 [7:29:26<1:57:01, 234.06s/it]                                                                                             Best trial: 107. Best value: 0.611699:  80%|████████  | 120/150 [7:34:00<1:57:01, 234.06s/it]Best trial: 107. Best value: 0.611699:  80%|████████  | 120/150 [7:34:00<1:57:01, 234.06s/it]Best trial: 107. Best value: 0.611699:  81%|████████  | 121/150 [7:34:00<1:58:52, 245.94s/it]                                                                                             Best trial: 107. Best value: 0.611699:  81%|████████  | 121/150 [7:39:58<1:58:52, 245.94s/it]Best trial: 107. Best value: 0.611699:  81%|████████  | 121/150 [7:39:58<1:58:52, 245.94s/it]Best trial: 107. Best value: 0.611699:  81%|████████▏ | 122/150 [7:39:58<2:10:29, 279.62s/it]                                                                                             Best trial: 107. Best value: 0.611699:  81%|████████▏ | 122/150 [7:42:33<2:10:29, 279.62s/it]Best trial: 107. Best value: 0.611699:  81%|████████▏ | 122/150 [7:42:33<2:10:29, 279.62s/it]Best trial: 107. Best value: 0.611699:  82%|████████▏ | 123/150 [7:42:33<1:48:59, 242.20s/it]                                                                                             Best trial: 107. Best value: 0.611699:  82%|████████▏ | 123/150 [7:45:33<1:48:59, 242.20s/it]Best trial: 107. Best value: 0.611699:  82%|████████▏ | 123/150 [7:45:33<1:48:59, 242.20s/it]Best trial: 107. Best value: 0.611699:  83%|████████▎ | 124/150 [7:45:33<1:36:54, 223.62s/it]                                                                                             Best trial: 107. Best value: 0.611699:  83%|████████▎ | 124/150 [7:52:20<1:36:54, 223.62s/it]Best trial: 107. Best value: 0.611699:  83%|████████▎ | 124/150 [7:52:20<1:36:54, 223.62s/it]Best trial: 107. Best value: 0.611699:  83%|████████▎ | 125/150 [7:52:20<1:56:02, 278.51s/it]                                                                                             Best trial: 107. Best value: 0.611699:  83%|████████▎ | 125/150 [7:54:29<1:56:02, 278.51s/it]Best trial: 107. Best value: 0.611699:  83%|████████▎ | 125/150 [7:54:29<1:56:02, 278.51s/it]Best trial: 107. Best value: 0.611699:  84%|████████▍ | 126/150 [7:54:29<1:33:34, 233.92s/it]                                                                                             Best trial: 107. Best value: 0.611699:  84%|████████▍ | 126/150 [7:56:35<1:33:34, 233.92s/it]Best trial: 107. Best value: 0.611699:  84%|████████▍ | 126/150 [7:56:35<1:33:34, 233.92s/it]Best trial: 107. Best value: 0.611699:  85%|████████▍ | 127/150 [7:56:35<1:17:11, 201.35s/it]                                                                                             Best trial: 107. Best value: 0.611699:  85%|████████▍ | 127/150 [7:58:36<1:17:11, 201.35s/it]Best trial: 107. Best value: 0.611699:  85%|████████▍ | 127/150 [7:58:36<1:17:11, 201.35s/it]Best trial: 107. Best value: 0.611699:  85%|████████▌ | 128/150 [7:58:36<1:04:58, 177.19s/it]                                                                                             Best trial: 107. Best value: 0.611699:  85%|████████▌ | 128/150 [8:00:54<1:04:58, 177.19s/it]Best trial: 107. Best value: 0.611699:  85%|████████▌ | 128/150 [8:00:54<1:04:58, 177.19s/it]Best trial: 107. Best value: 0.611699:  86%|████████▌ | 129/150 [8:00:54<57:55, 165.52s/it]                                                                                             Best trial: 107. Best value: 0.611699:  86%|████████▌ | 129/150 [8:03:33<57:55, 165.52s/it]Best trial: 107. Best value: 0.611699:  86%|████████▌ | 129/150 [8:03:33<57:55, 165.52s/it]Best trial: 107. Best value: 0.611699:  87%|████████▋ | 130/150 [8:03:33<54:33, 163.68s/it]                                                                                           Best trial: 107. Best value: 0.611699:  87%|████████▋ | 130/150 [8:05:34<54:33, 163.68s/it]Best trial: 107. Best value: 0.611699:  87%|████████▋ | 130/150 [8:05:34<54:33, 163.68s/it]Best trial: 107. Best value: 0.611699:  87%|████████▋ | 131/150 [8:05:34<47:47, 150.90s/it]                                                                                           Best trial: 107. Best value: 0.611699:  87%|████████▋ | 131/150 [8:07:31<47:47, 150.90s/it]Best trial: 107. Best value: 0.611699:  87%|████████▋ | 131/150 [8:07:31<47:47, 150.90s/it]Best trial: 107. Best value: 0.611699:  88%|████████▊ | 132/150 [8:07:31<42:12, 140.71s/it]                                                                                           [I 2024-12-30 02:14:00,623] Trial 110 finished with value: 0.49455791608109057 and parameters: {'lr': 0.007408100561823216, 'decay': 0.0010673036923462668, 'batch_size': 64, 'nheads': 1, 'project_to': 64, 'hidden_size': 128, 'num_layers': 1, 'dropout': 0.19384167104969519, 'alpha': 0.7487103026803756, 'aug_choice': 3}. Best is trial 107 with value: 0.6116991648507072.
[I 2024-12-30 02:18:50,766] Trial 111 finished with value: 0.5318684840018556 and parameters: {'lr': 0.004994367400021285, 'decay': 0.0032464307658422262, 'batch_size': 64, 'nheads': 1, 'project_to': 64, 'hidden_size': 128, 'num_layers': 1, 'dropout': 0.16959171314278498, 'alpha': 1.151170485632439, 'aug_choice': 3}. Best is trial 107 with value: 0.6116991648507072.
[I 2024-12-30 02:24:40,650] Trial 112 finished with value: 0.5257687839009203 and parameters: {'lr': 0.005641510122208832, 'decay': 0.0024082969638253406, 'batch_size': 64, 'nheads': 1, 'project_to': 64, 'hidden_size': 128, 'num_layers': 1, 'dropout': 0.13733731323530604, 'alpha': 1.0568799917234093, 'aug_choice': 3}. Best is trial 107 with value: 0.6116991648507072.
[I 2024-12-30 02:30:06,203] Trial 113 finished with value: 0.5361561073060865 and parameters: {'lr': 0.008929750057595854, 'decay': 0.0028178864838494634, 'batch_size': 64, 'nheads': 1, 'project_to': 32, 'hidden_size': 64, 'num_layers': 1, 'dropout': 0.10718880402967718, 'alpha': 0.7976005849361449, 'aug_choice': 3}. Best is trial 107 with value: 0.6116991648507072.
[I 2024-12-30 02:31:18,564] Trial 114 finished with value: 0.501102226836467 and parameters: {'lr': 0.0004426067151939208, 'decay': 0.0037926675866562444, 'batch_size': 64, 'nheads': 1, 'project_to': 128, 'hidden_size': 128, 'num_layers': 1, 'dropout': 0.15859355076477089, 'alpha': 1.3202515927358398, 'aug_choice': 4}. Best is trial 107 with value: 0.6116991648507072.
[I 2024-12-30 02:35:37,747] Trial 115 finished with value: 0.5726346139676576 and parameters: {'lr': 0.0029186731192082558, 'decay': 0.0017946789923713583, 'batch_size': 64, 'nheads': 1, 'project_to': 64, 'hidden_size': 32, 'num_layers': 1, 'dropout': 0.18601252456409043, 'alpha': 1.2357907772874346, 'aug_choice': 3}. Best is trial 107 with value: 0.6116991648507072.
[I 2024-12-30 02:40:19,129] Trial 116 finished with value: 0.539977190880781 and parameters: {'lr': 0.002732627246259457, 'decay': 0.0017577437627225192, 'batch_size': 64, 'nheads': 1, 'project_to': 64, 'hidden_size': 64, 'num_layers': 1, 'dropout': 0.21810617650978575, 'alpha': 1.2788681975194232, 'aug_choice': 3}. Best is trial 107 with value: 0.6116991648507072.
[I 2024-12-30 02:44:53,303] Trial 117 finished with value: 0.5362460399364151 and parameters: {'lr': 0.0030046484760178375, 'decay': 0.0019392296722929132, 'batch_size': 64, 'nheads': 1, 'project_to': 64, 'hidden_size': 128, 'num_layers': 1, 'dropout': 0.1848097944462333, 'alpha': 1.239332492902733, 'aug_choice': 3}. Best is trial 107 with value: 0.6116991648507072.
[I 2024-12-30 02:46:06,198] Trial 118 finished with value: 0.4954586992015683 and parameters: {'lr': 0.003998393919641755, 'decay': 0.0013791552177985418, 'batch_size': 64, 'nheads': 1, 'project_to': 64, 'hidden_size': 32, 'num_layers': 1, 'dropout': 0.2980493511121557, 'alpha': 1.2152926422253099, 'aug_choice': 0}. Best is trial 107 with value: 0.6116991648507072.
[I 2024-12-30 02:51:12,818] Trial 119 finished with value: 0.528712450786004 and parameters: {'lr': 0.005938847331694371, 'decay': 0.0022807169427663454, 'batch_size': 128, 'nheads': 1, 'project_to': 64, 'hidden_size': 64, 'num_layers': 1, 'dropout': 0.20421419095414794, 'alpha': 1.0992306634918072, 'aug_choice': 3}. Best is trial 107 with value: 0.6116991648507072.
[I 2024-12-30 02:55:46,475] Trial 120 finished with value: 0.5599905769979878 and parameters: {'lr': 0.0023489245420797826, 'decay': 0.0011445826832059069, 'batch_size': 64, 'nheads': 4, 'project_to': 64, 'hidden_size': 128, 'num_layers': 1, 'dropout': 0.1254121903569044, 'alpha': 1.1660963531196091, 'aug_choice': 3}. Best is trial 107 with value: 0.6116991648507072.
[I 2024-12-30 03:01:44,678] Trial 121 finished with value: 0.50623089057286 and parameters: {'lr': 0.00023214554192056193, 'decay': 0.001634208788197333, 'batch_size': 64, 'nheads': 1, 'project_to': 64, 'hidden_size': 32, 'num_layers': 2, 'dropout': 0.2493915672657581, 'alpha': 0.7014751227344596, 'aug_choice': 3}. Best is trial 107 with value: 0.6116991648507072.
[I 2024-12-30 03:04:19,563] Trial 122 finished with value: 0.6036945407949131 and parameters: {'lr': 0.0033392879907852752, 'decay': 0.002577808732172862, 'batch_size': 64, 'nheads': 1, 'project_to': 32, 'hidden_size': 32, 'num_layers': 1, 'dropout': 0.10068924998303236, 'alpha': 1.276754021499555, 'aug_choice': 8}. Best is trial 107 with value: 0.6116991648507072.
[I 2024-12-30 03:07:19,849] Trial 123 finished with value: 0.515396764653049 and parameters: {'lr': 0.004239403210582219, 'decay': 0.002584024628112367, 'batch_size': 64, 'nheads': 1, 'project_to': 32, 'hidden_size': 32, 'num_layers': 1, 'dropout': 0.10281995857396532, 'alpha': 1.2644319563012838, 'aug_choice': 7}. Best is trial 107 with value: 0.6116991648507072.
[I 2024-12-30 03:14:06,435] Trial 124 finished with value: 0.5664478748256316 and parameters: {'lr': 0.003274123544014714, 'decay': 0.0031931932159178084, 'batch_size': 64, 'nheads': 1, 'project_to': 32, 'hidden_size': 32, 'num_layers': 1, 'dropout': 0.13316112425913934, 'alpha': 1.3488080444032793, 'aug_choice': 3}. Best is trial 107 with value: 0.6116991648507072.
[I 2024-12-30 03:16:16,297] Trial 125 finished with value: 0.574350086619324 and parameters: {'lr': 0.0020065030636253873, 'decay': 0.0022673627807398007, 'batch_size': 64, 'nheads': 1, 'project_to': 32, 'hidden_size': 32, 'num_layers': 1, 'dropout': 0.11301715306384306, 'alpha': 1.4317681803803406, 'aug_choice': 8}. Best is trial 107 with value: 0.6116991648507072.
[I 2024-12-30 03:18:21,660] Trial 126 finished with value: 0.5346213956033796 and parameters: {'lr': 0.00166627674477218, 'decay': 0.002088666472386866, 'batch_size': 64, 'nheads': 1, 'project_to': 32, 'hidden_size': 32, 'num_layers': 1, 'dropout': 0.1116024511949589, 'alpha': 1.4092291497183902, 'aug_choice': 8}. Best is trial 107 with value: 0.6116991648507072.
[I 2024-12-30 03:20:22,470] Trial 127 finished with value: 0.5580096016129154 and parameters: {'lr': 0.0020344983563673445, 'decay': 0.0016206823459788877, 'batch_size': 64, 'nheads': 1, 'project_to': 32, 'hidden_size': 32, 'num_layers': 1, 'dropout': 0.10014726511238464, 'alpha': 1.4656127275152766, 'aug_choice': 8}. Best is trial 107 with value: 0.6116991648507072.
[I 2024-12-30 03:22:40,773] Trial 128 finished with value: 0.5334434957244129 and parameters: {'lr': 0.002704955054687676, 'decay': 0.001334434531487368, 'batch_size': 64, 'nheads': 1, 'project_to': 32, 'hidden_size': 32, 'num_layers': 1, 'dropout': 0.12115773481013185, 'alpha': 1.3195960599394787, 'aug_choice': 8}. Best is trial 107 with value: 0.6116991648507072.
[I 2024-12-30 03:25:20,152] Trial 129 finished with value: 0.574286092349524 and parameters: {'lr': 0.007805751348885949, 'decay': 0.0019850778187401916, 'batch_size': 64, 'nheads': 1, 'project_to': 64, 'hidden_size': 32, 'num_layers': 1, 'dropout': 0.15149995959263818, 'alpha': 1.3535784268952276, 'aug_choice': 8}. Best is trial 107 with value: 0.6116991648507072.
[I 2024-12-30 03:27:21,241] Trial 130 finished with value: 0.5482935566742608 and parameters: {'lr': 0.006762421036685776, 'decay': 0.000982620857117652, 'batch_size': 64, 'nheads': 1, 'project_to': 64, 'hidden_size': 32, 'num_layers': 1, 'dropout': 0.14520694753501806, 'alpha': 1.4150073028514303, 'aug_choice': 8}. Best is trial 107 with value: 0.6116991648507072.
