  0%|          | 0/150 [00:00<?, ?it/s]                                         0%|          | 0/150 [01:58<?, ?it/s]Best trial: 0. Best value: 0.461072:   0%|          | 0/150 [01:58<?, ?it/s]Best trial: 0. Best value: 0.461072:   1%|          | 1/150 [01:58<4:55:29, 118.99s/it]                                                                                       Best trial: 0. Best value: 0.461072:   1%|          | 1/150 [03:25<4:55:29, 118.99s/it]Best trial: 1. Best value: 0.550763:   1%|          | 1/150 [03:25<4:55:29, 118.99s/it]Best trial: 1. Best value: 0.550763:   1%|▏         | 2/150 [03:25<4:06:50, 100.07s/it]                                                                                       Best trial: 1. Best value: 0.550763:   1%|▏         | 2/150 [05:37<4:06:50, 100.07s/it]Best trial: 2. Best value: 0.579829:   1%|▏         | 2/150 [05:37<4:06:50, 100.07s/it]Best trial: 2. Best value: 0.579829:   2%|▏         | 3/150 [05:37<4:40:26, 114.47s/it]                                                                                       Best trial: 2. Best value: 0.579829:   2%|▏         | 3/150 [08:47<4:40:26, 114.47s/it]Best trial: 2. Best value: 0.579829:   2%|▏         | 3/150 [08:47<4:40:26, 114.47s/it]Best trial: 2. Best value: 0.579829:   3%|▎         | 4/150 [08:47<5:51:11, 144.32s/it]                                                                                       Best trial: 2. Best value: 0.579829:   3%|▎         | 4/150 [22:20<5:51:11, 144.32s/it]Best trial: 2. Best value: 0.579829:   3%|▎         | 4/150 [22:20<5:51:11, 144.32s/it]Best trial: 2. Best value: 0.579829:   3%|▎         | 5/150 [22:20<15:31:28, 385.44s/it]                                                                                        Best trial: 2. Best value: 0.579829:   3%|▎         | 5/150 [29:46<15:31:28, 385.44s/it]Best trial: 2. Best value: 0.579829:   3%|▎         | 5/150 [29:46<15:31:28, 385.44s/it]Best trial: 2. Best value: 0.579829:   4%|▍         | 6/150 [29:46<16:14:30, 406.04s/it]                                                                                        Best trial: 2. Best value: 0.579829:   4%|▍         | 6/150 [32:06<16:14:30, 406.04s/it]Best trial: 6. Best value: 0.599587:   4%|▍         | 6/150 [32:06<16:14:30, 406.04s/it]Best trial: 6. Best value: 0.599587:   5%|▍         | 7/150 [32:06<12:40:36, 319.14s/it]                                                                                        Best trial: 6. Best value: 0.599587:   5%|▍         | 7/150 [34:58<12:40:36, 319.14s/it]Best trial: 6. Best value: 0.599587:   5%|▍         | 7/150 [34:58<12:40:36, 319.14s/it]Best trial: 6. Best value: 0.599587:   5%|▌         | 8/150 [34:58<10:43:54, 272.08s/it]                                                                                        Best trial: 6. Best value: 0.599587:   5%|▌         | 8/150 [36:21<10:43:54, 272.08s/it]Best trial: 6. Best value: 0.599587:   5%|▌         | 8/150 [36:21<10:43:54, 272.08s/it]Best trial: 6. Best value: 0.599587:   6%|▌         | 9/150 [36:21<8:20:27, 212.96s/it]                                                                                        Best trial: 6. Best value: 0.599587:   6%|▌         | 9/150 [43:47<8:20:27, 212.96s/it]Best trial: 6. Best value: 0.599587:   6%|▌         | 9/150 [43:47<8:20:27, 212.96s/it]Best trial: 6. Best value: 0.599587:   7%|▋         | 10/150 [43:47<11:04:51, 284.94s/it]                                                                                         Best trial: 6. Best value: 0.599587:   7%|▋         | 10/150 [46:35<11:04:51, 284.94s/it]Best trial: 6. Best value: 0.599587:   7%|▋         | 10/150 [46:35<11:04:51, 284.94s/it]Best trial: 6. Best value: 0.599587:   7%|▋         | 11/150 [46:35<9:37:48, 249.41s/it]                                                                                         Best trial: 6. Best value: 0.599587:   7%|▋         | 11/150 [48:36<9:37:48, 249.41s/it]Best trial: 6. Best value: 0.599587:   7%|▋         | 11/150 [48:36<9:37:48, 249.41s/it]Best trial: 6. Best value: 0.599587:   8%|▊         | 12/150 [48:36<8:03:34, 210.25s/it]                                                                                        Best trial: 6. Best value: 0.599587:   8%|▊         | 12/150 [51:00<8:03:34, 210.25s/it]Best trial: 6. Best value: 0.599587:   8%|▊         | 12/150 [51:00<8:03:34, 210.25s/it]Best trial: 6. Best value: 0.599587:   9%|▊         | 13/150 [51:00<7:14:18, 190.21s/it]                                                                                        Best trial: 6. Best value: 0.599587:   9%|▊         | 13/150 [53:31<7:14:18, 190.21s/it]Best trial: 6. Best value: 0.599587:   9%|▊         | 13/150 [53:31<7:14:18, 190.21s/it]Best trial: 6. Best value: 0.599587:   9%|▉         | 14/150 [53:31<6:44:21, 178.39s/it]                                                                                        Best trial: 6. Best value: 0.599587:   9%|▉         | 14/150 [56:08<6:44:21, 178.39s/it]Best trial: 6. Best value: 0.599587:   9%|▉         | 14/150 [56:08<6:44:21, 178.39s/it]Best trial: 6. Best value: 0.599587:  10%|█         | 15/150 [56:08<6:26:39, 171.85s/it]                                                                                        Best trial: 6. Best value: 0.599587:  10%|█         | 15/150 [1:01:15<6:26:39, 171.85s/it]Best trial: 6. Best value: 0.599587:  10%|█         | 15/150 [1:01:15<6:26:39, 171.85s/it]Best trial: 6. Best value: 0.599587:  11%|█         | 16/150 [1:01:15<7:54:55, 212.65s/it]                                                                                          Best trial: 6. Best value: 0.599587:  11%|█         | 16/150 [1:04:38<7:54:55, 212.65s/it]Best trial: 6. Best value: 0.599587:  11%|█         | 16/150 [1:04:38<7:54:55, 212.65s/it]Best trial: 6. Best value: 0.599587:  11%|█▏        | 17/150 [1:04:38<7:44:24, 209.50s/it]                                                                                          Best trial: 6. Best value: 0.599587:  11%|█▏        | 17/150 [1:06:17<7:44:24, 209.50s/it]Best trial: 6. Best value: 0.599587:  11%|█▏        | 17/150 [1:06:17<7:44:24, 209.50s/it]Best trial: 6. Best value: 0.599587:  12%|█▏        | 18/150 [1:06:17<6:27:58, 176.35s/it]                                                                                          Best trial: 6. Best value: 0.599587:  12%|█▏        | 18/150 [1:11:48<6:27:58, 176.35s/it]Best trial: 6. Best value: 0.599587:  12%|█▏        | 18/150 [1:11:48<6:27:58, 176.35s/it]Best trial: 6. Best value: 0.599587:  13%|█▎        | 19/150 [1:11:48<8:06:39, 222.89s/it]                                                                                          Best trial: 6. Best value: 0.599587:  13%|█▎        | 19/150 [1:13:53<8:06:39, 222.89s/it]Best trial: 6. Best value: 0.599587:  13%|█▎        | 19/150 [1:13:53<8:06:39, 222.89s/it]Best trial: 6. Best value: 0.599587:  13%|█▎        | 20/150 [1:13:53<6:58:56, 193.36s/it]                                                                                          Best trial: 6. Best value: 0.599587:  13%|█▎        | 20/150 [1:17:04<6:58:56, 193.36s/it]Best trial: 6. Best value: 0.599587:  13%|█▎        | 20/150 [1:17:04<6:58:56, 193.36s/it]Best trial: 6. Best value: 0.599587:  14%|█▍        | 21/150 [1:17:04<6:54:39, 192.86s/it]                                                                                          Best trial: 6. Best value: 0.599587:  14%|█▍        | 21/150 [1:19:10<6:54:39, 192.86s/it]Best trial: 6. Best value: 0.599587:  14%|█▍        | 21/150 [1:19:10<6:54:39, 192.86s/it]Best trial: 6. Best value: 0.599587:  15%|█▍        | 22/150 [1:19:10<6:08:34, 172.77s/it]                                                                                          [I 2025-01-01 01:51:41,485] Trial 0 finished with value: 0.46107193606900504 and parameters: {'lr': 9.386786767441656e-05, 'decay': 0.0014840716383682608, 'batch_size': 64, 'nheads': 2, 'project_to': 32, 'hidden_size': 64, 'num_layers': 3, 'dropout': 0.22504399363305766, 'alpha': 0.46245653805663944, 'aug_choice': 4}. Best is trial 0 with value: 0.46107193606900504.
[I 2025-01-01 01:53:08,306] Trial 1 finished with value: 0.5507634709037178 and parameters: {'lr': 0.003405282386891527, 'decay': 0.00491625468509492, 'batch_size': 64, 'nheads': 2, 'project_to': 32, 'hidden_size': 32, 'num_layers': 3, 'dropout': 0.4412458446728478, 'alpha': 0.7537519592167934, 'aug_choice': 6}. Best is trial 1 with value: 0.5507634709037178.
[I 2025-01-01 01:55:19,905] Trial 2 finished with value: 0.5798285169679411 and parameters: {'lr': 0.007169474244869258, 'decay': 0.003263384856092405, 'batch_size': 128, 'nheads': 4, 'project_to': 128, 'hidden_size': 128, 'num_layers': 1, 'dropout': 0.6947426269803062, 'alpha': 0.7234799561892152, 'aug_choice': 2}. Best is trial 2 with value: 0.5798285169679411.
[I 2025-01-01 01:58:29,998] Trial 3 finished with value: 0.5660388720030961 and parameters: {'lr': 0.0021799782468501666, 'decay': 4.839178037080682e-05, 'batch_size': 128, 'nheads': 2, 'project_to': 64, 'hidden_size': 32, 'num_layers': 2, 'dropout': 0.47257974601505714, 'alpha': 1.1546604138697178, 'aug_choice': 1}. Best is trial 2 with value: 0.5798285169679411.
[I 2025-01-01 02:12:02,958] Trial 4 finished with value: 0.5247864587782882 and parameters: {'lr': 2.7350092797874183e-05, 'decay': 4.655894013226421e-05, 'batch_size': 128, 'nheads': 2, 'project_to': 32, 'hidden_size': 32, 'num_layers': 1, 'dropout': 0.2083901136032124, 'alpha': 0.84125446198813, 'aug_choice': 1}. Best is trial 2 with value: 0.5798285169679411.
[I 2025-01-01 02:19:29,002] Trial 5 finished with value: 0.5291391554438952 and parameters: {'lr': 2.6420150614941456e-05, 'decay': 3.396092525017262e-05, 'batch_size': 64, 'nheads': 1, 'project_to': 32, 'hidden_size': 64, 'num_layers': 3, 'dropout': 0.2797447679818258, 'alpha': 0.31972051361516735, 'aug_choice': 1}. Best is trial 2 with value: 0.5798285169679411.
[I 2025-01-01 02:21:49,200] Trial 6 finished with value: 0.5995870683333523 and parameters: {'lr': 0.0011965535170473276, 'decay': 2.349250261094809e-05, 'batch_size': 64, 'nheads': 2, 'project_to': 128, 'hidden_size': 32, 'num_layers': 2, 'dropout': 0.3121855153584736, 'alpha': 1.1343236434938224, 'aug_choice': 5}. Best is trial 6 with value: 0.5995870683333523.
[I 2025-01-01 02:24:40,520] Trial 7 finished with value: 0.579731100394654 and parameters: {'lr': 0.00013020517665353093, 'decay': 1.1329599314909606e-05, 'batch_size': 64, 'nheads': 2, 'project_to': 64, 'hidden_size': 64, 'num_layers': 2, 'dropout': 0.12840545099069742, 'alpha': 0.3958777533570027, 'aug_choice': 5}. Best is trial 6 with value: 0.5995870683333523.
[I 2025-01-01 02:26:03,509] Trial 8 finished with value: 0.5462610077767766 and parameters: {'lr': 0.0015663802968978733, 'decay': 0.003981243938398313, 'batch_size': 64, 'nheads': 1, 'project_to': 64, 'hidden_size': 32, 'num_layers': 1, 'dropout': 0.1282644758419704, 'alpha': 0.5003184533316987, 'aug_choice': 4}. Best is trial 6 with value: 0.5995870683333523.
[I 2025-01-01 02:33:29,616] Trial 9 finished with value: 0.4908272690430067 and parameters: {'lr': 2.4730912459140135e-05, 'decay': 0.0032625954475792515, 'batch_size': 64, 'nheads': 2, 'project_to': 32, 'hidden_size': 32, 'num_layers': 3, 'dropout': 0.45010924092045257, 'alpha': 0.7935043084701545, 'aug_choice': 7}. Best is trial 6 with value: 0.5995870683333523.
[I 2025-01-01 02:36:18,475] Trial 10 finished with value: 0.49304390221890354 and parameters: {'lr': 0.0005148760293384649, 'decay': 0.0003161047263587458, 'batch_size': 128, 'nheads': 4, 'project_to': 128, 'hidden_size': 128, 'num_layers': 2, 'dropout': 0.6108505153559894, 'alpha': 1.4688780688773435, 'aug_choice': 5}. Best is trial 6 with value: 0.5995870683333523.
[I 2025-01-01 02:38:19,148] Trial 11 finished with value: 0.5045859187857107 and parameters: {'lr': 0.009818458347223835, 'decay': 0.00043304780584532617, 'batch_size': 128, 'nheads': 4, 'project_to': 128, 'hidden_size': 128, 'num_layers': 1, 'dropout': 0.6462531227013647, 'alpha': 1.1209479948185788, 'aug_choice': 2}. Best is trial 6 with value: 0.5995870683333523.
[I 2025-01-01 02:40:43,244] Trial 12 finished with value: 0.5688671284390107 and parameters: {'lr': 0.00779894964571423, 'decay': 0.0002755910902092331, 'batch_size': 128, 'nheads': 4, 'project_to': 128, 'hidden_size': 128, 'num_layers': 1, 'dropout': 0.33570978460543066, 'alpha': 1.1047605826136255, 'aug_choice': 2}. Best is trial 6 with value: 0.5995870683333523.
[I 2025-01-01 02:43:14,323] Trial 13 finished with value: 0.5831984755131577 and parameters: {'lr': 0.000708529564333329, 'decay': 0.0006533102571091338, 'batch_size': 128, 'nheads': 4, 'project_to': 128, 'hidden_size': 128, 'num_layers': 2, 'dropout': 0.5226236436720693, 'alpha': 1.4064556767576808, 'aug_choice': 8}. Best is trial 6 with value: 0.5995870683333523.
[I 2025-01-01 02:45:51,018] Trial 14 finished with value: 0.5280823056628192 and parameters: {'lr': 0.0006362198040171751, 'decay': 0.0010522618471701596, 'batch_size': 64, 'nheads': 4, 'project_to': 128, 'hidden_size': 128, 'num_layers': 2, 'dropout': 0.5443611678275674, 'alpha': 1.4377778602061402, 'aug_choice': 8}. Best is trial 6 with value: 0.5995870683333523.
[I 2025-01-01 02:50:58,423] Trial 15 finished with value: 0.5631360003207311 and parameters: {'lr': 0.0010261305697477033, 'decay': 0.00013016605434299075, 'batch_size': 128, 'nheads': 1, 'project_to': 128, 'hidden_size': 32, 'num_layers': 2, 'dropout': 0.3721417343811013, 'alpha': 1.2924694412561626, 'aug_choice': 3}. Best is trial 6 with value: 0.5995870683333523.
[I 2025-01-01 02:54:20,608] Trial 16 finished with value: 0.5170905997394435 and parameters: {'lr': 0.00018243809133022367, 'decay': 1.1024833800114666e-05, 'batch_size': 128, 'nheads': 4, 'project_to': 128, 'hidden_size': 128, 'num_layers': 2, 'dropout': 0.5352685362705374, 'alpha': 0.9748101528298181, 'aug_choice': 8}. Best is trial 6 with value: 0.5995870683333523.
[I 2025-01-01 02:55:59,790] Trial 17 finished with value: 0.5267369461264011 and parameters: {'lr': 0.0003162901318090613, 'decay': 0.00010753071170766036, 'batch_size': 64, 'nheads': 2, 'project_to': 128, 'hidden_size': 32, 'num_layers': 2, 'dropout': 0.32169843509234003, 'alpha': 1.3010058599095529, 'aug_choice': 0}. Best is trial 6 with value: 0.5995870683333523.
[I 2025-01-01 03:01:31,102] Trial 18 finished with value: 0.5324204827436939 and parameters: {'lr': 6.884063509613139e-05, 'decay': 0.0008089020628459357, 'batch_size': 128, 'nheads': 4, 'project_to': 128, 'hidden_size': 128, 'num_layers': 3, 'dropout': 0.5282892658275985, 'alpha': 1.3057186406091552, 'aug_choice': 5}. Best is trial 6 with value: 0.5995870683333523.
[I 2025-01-01 03:03:35,624] Trial 19 finished with value: 0.5531468457070353 and parameters: {'lr': 0.0008081982883722533, 'decay': 0.0001523792126578118, 'batch_size': 64, 'nheads': 1, 'project_to': 128, 'hidden_size': 64, 'num_layers': 2, 'dropout': 0.24464263684546356, 'alpha': 0.151258172578974, 'aug_choice': 8}. Best is trial 6 with value: 0.5995870683333523.
[I 2025-01-01 03:06:47,325] Trial 20 finished with value: 0.48721293257035686 and parameters: {'lr': 0.0034250466767622636, 'decay': 2.1278787298516255e-05, 'batch_size': 64, 'nheads': 4, 'project_to': 64, 'hidden_size': 128, 'num_layers': 2, 'dropout': 0.39584964998314365, 'alpha': 0.9953521115323477, 'aug_choice': 7}. Best is trial 6 with value: 0.5995870683333523.
[I 2025-01-01 03:08:53,247] Trial 21 finished with value: 0.551592470033441 and parameters: {'lr': 0.004398004765097801, 'decay': 0.0018321716000242005, 'batch_size': 128, 'nheads': 4, 'project_to': 128, 'hidden_size': 128, 'num_layers': 1, 'dropout': 0.6790991898650822, 'alpha': 0.6214510664266986, 'aug_choice': 2}. Best is trial 6 with value: 0.5995870683333523.
