Best trial: 19. Best value: 0.534777:  15%|█▍        | 22/150 [1:25:11<6:49:32, 191.97s/it]Best trial: 22. Best value: 0.573639:  15%|█▍        | 22/150 [1:25:11<6:49:32, 191.97s/it]Best trial: 22. Best value: 0.573639:  15%|█▌        | 23/150 [1:25:11<6:50:56, 194.14s/it]                                                                                           Best trial: 22. Best value: 0.573639:  15%|█▌        | 23/150 [1:28:17<6:50:56, 194.14s/it]Best trial: 22. Best value: 0.573639:  15%|█▌        | 23/150 [1:28:17<6:50:56, 194.14s/it]Best trial: 22. Best value: 0.573639:  16%|█▌        | 24/150 [1:28:17<6:42:21, 191.60s/it]                                                                                           Best trial: 22. Best value: 0.573639:  16%|█▌        | 24/150 [1:30:49<6:42:21, 191.60s/it]Best trial: 22. Best value: 0.573639:  16%|█▌        | 24/150 [1:30:49<6:42:21, 191.60s/it]Best trial: 22. Best value: 0.573639:  17%|█▋        | 25/150 [1:30:49<6:14:36, 179.81s/it]                                                                                           Best trial: 22. Best value: 0.573639:  17%|█▋        | 25/150 [1:35:53<6:14:36, 179.81s/it]Best trial: 22. Best value: 0.573639:  17%|█▋        | 25/150 [1:35:53<6:14:36, 179.81s/it]Best trial: 22. Best value: 0.573639:  17%|█▋        | 26/150 [1:35:53<7:28:25, 216.98s/it]                                                                                           Best trial: 22. Best value: 0.573639:  17%|█▋        | 26/150 [1:39:02<7:28:25, 216.98s/it]Best trial: 22. Best value: 0.573639:  17%|█▋        | 26/150 [1:39:02<7:28:25, 216.98s/it]Best trial: 22. Best value: 0.573639:  18%|█▊        | 27/150 [1:39:02<7:07:33, 208.56s/it]                                                                                           Best trial: 22. Best value: 0.573639:  18%|█▊        | 27/150 [1:41:05<7:07:33, 208.56s/it]Best trial: 22. Best value: 0.573639:  18%|█▊        | 27/150 [1:41:05<7:07:33, 208.56s/it]Best trial: 22. Best value: 0.573639:  19%|█▊        | 28/150 [1:41:05<6:11:49, 182.86s/it]                                                                                           Best trial: 22. Best value: 0.573639:  19%|█▊        | 28/150 [1:44:25<6:11:49, 182.86s/it]Best trial: 22. Best value: 0.573639:  19%|█▊        | 28/150 [1:44:25<6:11:49, 182.86s/it]Best trial: 22. Best value: 0.573639:  19%|█▉        | 29/150 [1:44:25<6:19:24, 188.14s/it]                                                                                           Best trial: 22. Best value: 0.573639:  19%|█▉        | 29/150 [1:46:55<6:19:24, 188.14s/it]Best trial: 22. Best value: 0.573639:  19%|█▉        | 29/150 [1:46:55<6:19:24, 188.14s/it]Best trial: 22. Best value: 0.573639:  20%|██        | 30/150 [1:46:55<5:53:20, 176.67s/it]                                                                                           Best trial: 22. Best value: 0.573639:  20%|██        | 30/150 [1:49:18<5:53:20, 176.67s/it]Best trial: 22. Best value: 0.573639:  20%|██        | 30/150 [1:49:18<5:53:20, 176.67s/it]Best trial: 22. Best value: 0.573639:  21%|██        | 31/150 [1:49:18<5:30:32, 166.66s/it]                                                                                           Best trial: 22. Best value: 0.573639:  21%|██        | 31/150 [1:51:36<5:30:32, 166.66s/it]Best trial: 22. Best value: 0.573639:  21%|██        | 31/150 [1:51:36<5:30:32, 166.66s/it]Best trial: 22. Best value: 0.573639:  21%|██▏       | 32/150 [1:51:36<5:10:31, 157.90s/it]                                                                                           Best trial: 22. Best value: 0.573639:  21%|██▏       | 32/150 [1:53:58<5:10:31, 157.90s/it]Best trial: 22. Best value: 0.573639:  21%|██▏       | 32/150 [1:53:58<5:10:31, 157.90s/it]Best trial: 22. Best value: 0.573639:  22%|██▏       | 33/150 [1:53:58<4:58:35, 153.13s/it]                                                                                           Best trial: 22. Best value: 0.573639:  22%|██▏       | 33/150 [1:56:39<4:58:35, 153.13s/it]Best trial: 22. Best value: 0.573639:  22%|██▏       | 33/150 [1:56:39<4:58:35, 153.13s/it]Best trial: 22. Best value: 0.573639:  23%|██▎       | 34/150 [1:56:39<5:00:54, 155.64s/it]                                                                                           Best trial: 22. Best value: 0.573639:  23%|██▎       | 34/150 [1:59:22<5:00:54, 155.64s/it]Best trial: 22. Best value: 0.573639:  23%|██▎       | 34/150 [1:59:22<5:00:54, 155.64s/it]Best trial: 22. Best value: 0.573639:  23%|██▎       | 35/150 [1:59:22<5:02:35, 157.88s/it]                                                                                           Best trial: 22. Best value: 0.573639:  23%|██▎       | 35/150 [2:02:18<5:02:35, 157.88s/it]Best trial: 35. Best value: 0.61569:  23%|██▎       | 35/150 [2:02:18<5:02:35, 157.88s/it] Best trial: 35. Best value: 0.61569:  24%|██▍       | 36/150 [2:02:18<5:10:13, 163.27s/it]                                                                                          Best trial: 35. Best value: 0.61569:  24%|██▍       | 36/150 [2:04:50<5:10:13, 163.27s/it]Best trial: 35. Best value: 0.61569:  24%|██▍       | 36/150 [2:04:50<5:10:13, 163.27s/it]Best trial: 35. Best value: 0.61569:  25%|██▍       | 37/150 [2:04:50<5:00:45, 159.69s/it]                                                                                          Best trial: 35. Best value: 0.61569:  25%|██▍       | 37/150 [2:08:20<5:00:45, 159.69s/it]Best trial: 35. Best value: 0.61569:  25%|██▍       | 37/150 [2:08:20<5:00:45, 159.69s/it]Best trial: 35. Best value: 0.61569:  25%|██▌       | 38/150 [2:08:20<5:26:22, 174.85s/it]                                                                                          Best trial: 35. Best value: 0.61569:  25%|██▌       | 38/150 [2:11:53<5:26:22, 174.85s/it]Best trial: 35. Best value: 0.61569:  25%|██▌       | 38/150 [2:11:53<5:26:22, 174.85s/it]Best trial: 35. Best value: 0.61569:  26%|██▌       | 39/150 [2:11:53<5:44:43, 186.34s/it]                                                                                          Best trial: 35. Best value: 0.61569:  26%|██▌       | 39/150 [2:15:25<5:44:43, 186.34s/it]Best trial: 35. Best value: 0.61569:  26%|██▌       | 39/150 [2:15:25<5:44:43, 186.34s/it]Best trial: 35. Best value: 0.61569:  27%|██▋       | 40/150 [2:15:25<5:55:46, 194.06s/it]                                                                                          Best trial: 35. Best value: 0.61569:  27%|██▋       | 40/150 [2:18:18<5:55:46, 194.06s/it]Best trial: 40. Best value: 0.618536:  27%|██▋       | 40/150 [2:18:18<5:55:46, 194.06s/it]Best trial: 40. Best value: 0.618536:  27%|██▋       | 41/150 [2:18:18<5:40:51, 187.63s/it]                                                                                           Best trial: 40. Best value: 0.618536:  27%|██▋       | 41/150 [2:21:05<5:40:51, 187.63s/it]Best trial: 40. Best value: 0.618536:  27%|██▋       | 41/150 [2:21:05<5:40:51, 187.63s/it]Best trial: 40. Best value: 0.618536:  28%|██▊       | 42/150 [2:21:05<5:26:36, 181.45s/it]                                                                                           Best trial: 40. Best value: 0.618536:  28%|██▊       | 42/150 [2:24:00<5:26:36, 181.45s/it]Best trial: 40. Best value: 0.618536:  28%|██▊       | 42/150 [2:24:00<5:26:36, 181.45s/it]Best trial: 40. Best value: 0.618536:  29%|██▊       | 43/150 [2:24:00<5:20:01, 179.46s/it]                                                                                           Best trial: 40. Best value: 0.618536:  29%|██▊       | 43/150 [2:25:27<5:20:01, 179.46s/it]Best trial: 40. Best value: 0.618536:  29%|██▊       | 43/150 [2:25:27<5:20:01, 179.46s/it]Best trial: 40. Best value: 0.618536:  29%|██▉       | 44/150 [2:25:27<4:28:00, 151.70s/it]                                                                                           [I 2025-01-02 05:23:57,984] Trial 22 finished with value: 0.5736392938899856 and parameters: {'lr': 0.00013182695924974296, 'decay': 3.822292716168237e-05, 'batch_size': 128, 'nheads': 2, 'project_to': 64, 'hidden_size': 128, 'num_layers': 3, 'dropout': 0.39133474207162244, 'alpha': 0.7765967208503379, 'aug_choice': 5}. Best is trial 22 with value: 0.5736392938899856.
[I 2025-01-02 05:27:03,662] Trial 23 finished with value: 0.4851121091149384 and parameters: {'lr': 0.00010854273727129621, 'decay': 3.239770328289422e-05, 'batch_size': 128, 'nheads': 2, 'project_to': 64, 'hidden_size': 128, 'num_layers': 3, 'dropout': 0.37466608674826163, 'alpha': 0.7790857441375619, 'aug_choice': 5}. Best is trial 22 with value: 0.5736392938899856.
[I 2025-01-02 05:29:35,969] Trial 24 finished with value: 0.49730956489640304 and parameters: {'lr': 0.0007527926237204329, 'decay': 1.0414204422652516e-05, 'batch_size': 128, 'nheads': 2, 'project_to': 64, 'hidden_size': 128, 'num_layers': 3, 'dropout': 0.41212237891049724, 'alpha': 1.0013767378080132, 'aug_choice': 5}. Best is trial 22 with value: 0.5736392938899856.
[I 2025-01-02 05:34:39,659] Trial 25 finished with value: 0.49640280560618394 and parameters: {'lr': 4.3440771885162555e-05, 'decay': 4.3408629775140405e-05, 'batch_size': 128, 'nheads': 2, 'project_to': 64, 'hidden_size': 128, 'num_layers': 3, 'dropout': 0.6134730150601845, 'alpha': 0.7899559812963585, 'aug_choice': 1}. Best is trial 22 with value: 0.5736392938899856.
[I 2025-01-02 05:37:48,589] Trial 26 finished with value: 0.5137437007768153 and parameters: {'lr': 0.000295036671877453, 'decay': 8.969368134075119e-05, 'batch_size': 128, 'nheads': 2, 'project_to': 64, 'hidden_size': 128, 'num_layers': 3, 'dropout': 0.5502780889303857, 'alpha': 0.553245825662509, 'aug_choice': 2}. Best is trial 22 with value: 0.5736392938899856.
[I 2025-01-02 05:39:51,491] Trial 27 finished with value: 0.5218569075936367 and parameters: {'lr': 9.658059263058657e-05, 'decay': 1.8409450924652282e-05, 'batch_size': 128, 'nheads': 2, 'project_to': 64, 'hidden_size': 128, 'num_layers': 2, 'dropout': 0.48537336560503475, 'alpha': 0.25587465153922573, 'aug_choice': 0}. Best is trial 22 with value: 0.5736392938899856.
[I 2025-01-02 05:43:11,943] Trial 28 finished with value: 0.47768698248001645 and parameters: {'lr': 0.00014798310887984136, 'decay': 3.5682032403934355e-05, 'batch_size': 128, 'nheads': 2, 'project_to': 64, 'hidden_size': 128, 'num_layers': 3, 'dropout': 0.26301022782775263, 'alpha': 0.8741199696944842, 'aug_choice': 7}. Best is trial 22 with value: 0.5736392938899856.
[I 2025-01-02 05:45:41,839] Trial 29 finished with value: 0.5065506546448647 and parameters: {'lr': 1.849884454246831e-05, 'decay': 1.5666206358591966e-05, 'batch_size': 128, 'nheads': 2, 'project_to': 128, 'hidden_size': 128, 'num_layers': 3, 'dropout': 0.4266876098926536, 'alpha': 0.7099064256173813, 'aug_choice': 6}. Best is trial 22 with value: 0.5736392938899856.
[I 2025-01-02 05:48:05,137] Trial 30 finished with value: 0.5686823929816123 and parameters: {'lr': 0.0011406179262079064, 'decay': 0.0002570697420356918, 'batch_size': 128, 'nheads': 2, 'project_to': 64, 'hidden_size': 128, 'num_layers': 3, 'dropout': 0.36742985900237185, 'alpha': 1.026891278947815, 'aug_choice': 5}. Best is trial 22 with value: 0.5736392938899856.
[I 2025-01-02 05:50:22,596] Trial 31 finished with value: 0.5428243794633408 and parameters: {'lr': 0.0011031670611913308, 'decay': 0.00030613955363162614, 'batch_size': 128, 'nheads': 2, 'project_to': 64, 'hidden_size': 128, 'num_layers': 3, 'dropout': 0.3761052424178085, 'alpha': 1.0446624238409552, 'aug_choice': 5}. Best is trial 22 with value: 0.5736392938899856.
[I 2025-01-02 05:52:44,589] Trial 32 finished with value: 0.5073086735078266 and parameters: {'lr': 0.00107006247375022, 'decay': 0.0003307101286676674, 'batch_size': 128, 'nheads': 2, 'project_to': 64, 'hidden_size': 128, 'num_layers': 3, 'dropout': 0.37398533333447864, 'alpha': 1.0716437762000373, 'aug_choice': 5}. Best is trial 22 with value: 0.5736392938899856.
[I 2025-01-02 05:55:26,092] Trial 33 finished with value: 0.5353673955512637 and parameters: {'lr': 0.0025038175438573235, 'decay': 0.0005515877510539108, 'batch_size': 128, 'nheads': 2, 'project_to': 64, 'hidden_size': 128, 'num_layers': 3, 'dropout': 0.3380862692892853, 'alpha': 1.1378193130300935, 'aug_choice': 5}. Best is trial 22 with value: 0.5736392938899856.
[I 2025-01-02 05:58:09,190] Trial 34 finished with value: 0.5327478648898493 and parameters: {'lr': 0.0071580297976815525, 'decay': 0.0005935112501917147, 'batch_size': 128, 'nheads': 2, 'project_to': 64, 'hidden_size': 128, 'num_layers': 3, 'dropout': 0.32577148531077416, 'alpha': 1.161336806887601, 'aug_choice': 5}. Best is trial 22 with value: 0.5736392938899856.
[I 2025-01-02 06:01:05,056] Trial 35 finished with value: 0.6156902819101407 and parameters: {'lr': 0.002056963713043582, 'decay': 0.0001953885062248267, 'batch_size': 128, 'nheads': 2, 'project_to': 128, 'hidden_size': 128, 'num_layers': 3, 'dropout': 0.2524250593658447, 'alpha': 1.355621421485048, 'aug_choice': 5}. Best is trial 35 with value: 0.6156902819101407.
[I 2025-01-02 06:03:36,386] Trial 36 finished with value: 0.5358247281727605 and parameters: {'lr': 0.001653963631849836, 'decay': 0.00022750315354064306, 'batch_size': 128, 'nheads': 2, 'project_to': 128, 'hidden_size': 32, 'num_layers': 3, 'dropout': 0.24542452807824328, 'alpha': 1.48017727720173, 'aug_choice': 5}. Best is trial 35 with value: 0.6156902819101407.
[I 2025-01-02 06:07:06,597] Trial 37 finished with value: 0.568374741081831 and parameters: {'lr': 0.003943960327148449, 'decay': 0.008631007837675609, 'batch_size': 128, 'nheads': 2, 'project_to': 128, 'hidden_size': 128, 'num_layers': 2, 'dropout': 0.12318978562295874, 'alpha': 1.3092496065856565, 'aug_choice': 7}. Best is trial 35 with value: 0.6156902819101407.
[I 2025-01-02 06:10:39,752] Trial 38 finished with value: 0.5068572512318071 and parameters: {'lr': 0.00942074870867711, 'decay': 0.00935476310416496, 'batch_size': 128, 'nheads': 2, 'project_to': 128, 'hidden_size': 32, 'num_layers': 2, 'dropout': 0.13348388463896668, 'alpha': 1.3385858861855977, 'aug_choice': 7}. Best is trial 35 with value: 0.6156902819101407.
[I 2025-01-02 06:14:11,830] Trial 39 finished with value: 0.5432901145002161 and parameters: {'lr': 0.004208231186399072, 'decay': 0.0049694957367133466, 'batch_size': 128, 'nheads': 2, 'project_to': 128, 'hidden_size': 128, 'num_layers': 2, 'dropout': 0.16241534874087638, 'alpha': 1.3651673680440317, 'aug_choice': 7}. Best is trial 35 with value: 0.6156902819101407.
[I 2025-01-02 06:17:04,440] Trial 40 finished with value: 0.6185357998778109 and parameters: {'lr': 0.0026986023706154143, 'decay': 9.534246446998627e-05, 'batch_size': 64, 'nheads': 2, 'project_to': 128, 'hidden_size': 128, 'num_layers': 2, 'dropout': 0.25769643091202843, 'alpha': 1.2464807637589015, 'aug_choice': 7}. Best is trial 40 with value: 0.6185357998778109.
[I 2025-01-02 06:19:51,479] Trial 41 finished with value: 0.511970397114312 and parameters: {'lr': 0.002881242949068613, 'decay': 9.159543774950985e-05, 'batch_size': 64, 'nheads': 2, 'project_to': 128, 'hidden_size': 128, 'num_layers': 2, 'dropout': 0.2502799080016593, 'alpha': 1.2394400061543596, 'aug_choice': 7}. Best is trial 40 with value: 0.6185357998778109.
[I 2025-01-02 06:22:46,281] Trial 42 finished with value: 0.519250599870812 and parameters: {'lr': 0.004615400747646596, 'decay': 0.0001621101163858545, 'batch_size': 64, 'nheads': 2, 'project_to': 128, 'hidden_size': 128, 'num_layers': 2, 'dropout': 0.2169986062501004, 'alpha': 1.2454228840383643, 'aug_choice': 7}. Best is trial 40 with value: 0.6185357998778109.
[I 2025-01-02 06:24:13,228] Trial 43 finished with value: 0.5752708024543297 and parameters: {'lr': 0.0017009159967117762, 'decay': 9.87002960791692e-05, 'batch_size': 64, 'nheads': 2, 'project_to': 128, 'hidden_size': 128, 'num_layers': 2, 'dropout': 0.1412570801313402, 'alpha': 1.4011827268785757, 'aug_choice': 4}. Best is trial 40 with value: 0.6185357998778109.
