Best trial: 66. Best value: 0.619031:  59%|█████▊    | 88/150 [3:47:48<2:09:27, 125.29s/it]Best trial: 66. Best value: 0.619031:  59%|█████▊    | 88/150 [3:47:48<2:09:27, 125.29s/it]Best trial: 66. Best value: 0.619031:  59%|█████▉    | 89/150 [3:47:48<2:50:45, 167.96s/it]                                                                                           Best trial: 66. Best value: 0.619031:  59%|█████▉    | 89/150 [3:49:41<2:50:45, 167.96s/it]Best trial: 66. Best value: 0.619031:  59%|█████▉    | 89/150 [3:49:41<2:50:45, 167.96s/it]Best trial: 66. Best value: 0.619031:  60%|██████    | 90/150 [3:49:41<2:31:18, 151.31s/it]                                                                                           Best trial: 66. Best value: 0.619031:  60%|██████    | 90/150 [3:50:54<2:31:18, 151.31s/it]Best trial: 66. Best value: 0.619031:  60%|██████    | 90/150 [3:50:54<2:31:18, 151.31s/it]Best trial: 66. Best value: 0.619031:  61%|██████    | 91/150 [3:50:54<2:05:44, 127.88s/it]                                                                                           Best trial: 66. Best value: 0.619031:  61%|██████    | 91/150 [3:52:35<2:05:44, 127.88s/it]Best trial: 66. Best value: 0.619031:  61%|██████    | 91/150 [3:52:35<2:05:44, 127.88s/it]Best trial: 66. Best value: 0.619031:  61%|██████▏   | 92/150 [3:52:35<1:55:43, 119.72s/it]                                                                                           Best trial: 66. Best value: 0.619031:  61%|██████▏   | 92/150 [3:54:44<1:55:43, 119.72s/it]Best trial: 66. Best value: 0.619031:  61%|██████▏   | 92/150 [3:54:44<1:55:43, 119.72s/it]Best trial: 66. Best value: 0.619031:  62%|██████▏   | 93/150 [3:54:44<1:56:31, 122.66s/it]                                                                                           Best trial: 66. Best value: 0.619031:  62%|██████▏   | 93/150 [3:56:39<1:56:31, 122.66s/it]Best trial: 66. Best value: 0.619031:  62%|██████▏   | 93/150 [3:56:39<1:56:31, 122.66s/it]Best trial: 66. Best value: 0.619031:  63%|██████▎   | 94/150 [3:56:39<1:52:19, 120.35s/it]                                                                                           Best trial: 66. Best value: 0.619031:  63%|██████▎   | 94/150 [3:58:42<1:52:19, 120.35s/it]Best trial: 66. Best value: 0.619031:  63%|██████▎   | 94/150 [3:58:42<1:52:19, 120.35s/it]Best trial: 66. Best value: 0.619031:  63%|██████▎   | 95/150 [3:58:42<1:50:58, 121.07s/it]                                                                                           Best trial: 66. Best value: 0.619031:  63%|██████▎   | 95/150 [4:01:18<1:50:58, 121.07s/it]Best trial: 66. Best value: 0.619031:  63%|██████▎   | 95/150 [4:01:18<1:50:58, 121.07s/it]Best trial: 66. Best value: 0.619031:  64%|██████▍   | 96/150 [4:01:18<1:58:25, 131.58s/it]                                                                                           Best trial: 66. Best value: 0.619031:  64%|██████▍   | 96/150 [4:02:59<1:58:25, 131.58s/it]Best trial: 66. Best value: 0.619031:  64%|██████▍   | 96/150 [4:02:59<1:58:25, 131.58s/it]Best trial: 66. Best value: 0.619031:  65%|██████▍   | 97/150 [4:02:59<1:48:13, 122.52s/it]                                                                                           Best trial: 66. Best value: 0.619031:  65%|██████▍   | 97/150 [4:04:58<1:48:13, 122.52s/it]Best trial: 66. Best value: 0.619031:  65%|██████▍   | 97/150 [4:04:58<1:48:13, 122.52s/it]Best trial: 66. Best value: 0.619031:  65%|██████▌   | 98/150 [4:04:58<1:45:11, 121.38s/it]                                                                                           Best trial: 66. Best value: 0.619031:  65%|██████▌   | 98/150 [4:07:08<1:45:11, 121.38s/it]Best trial: 66. Best value: 0.619031:  65%|██████▌   | 98/150 [4:07:08<1:45:11, 121.38s/it]Best trial: 66. Best value: 0.619031:  66%|██████▌   | 99/150 [4:07:08<1:45:14, 123.80s/it]                                                                                           Best trial: 66. Best value: 0.619031:  66%|██████▌   | 99/150 [4:08:49<1:45:14, 123.80s/it]Best trial: 66. Best value: 0.619031:  66%|██████▌   | 99/150 [4:08:49<1:45:14, 123.80s/it]Best trial: 66. Best value: 0.619031:  67%|██████▋   | 100/150 [4:08:49<1:37:33, 117.08s/it]                                                                                            Best trial: 66. Best value: 0.619031:  67%|██████▋   | 100/150 [4:10:00<1:37:33, 117.08s/it]Best trial: 66. Best value: 0.619031:  67%|██████▋   | 100/150 [4:10:00<1:37:33, 117.08s/it]Best trial: 66. Best value: 0.619031:  67%|██████▋   | 101/150 [4:10:00<1:24:14, 103.15s/it]                                                                                            Best trial: 66. Best value: 0.619031:  67%|██████▋   | 101/150 [4:11:47<1:24:14, 103.15s/it]Best trial: 66. Best value: 0.619031:  67%|██████▋   | 101/150 [4:11:47<1:24:14, 103.15s/it]Best trial: 66. Best value: 0.619031:  68%|██████▊   | 102/150 [4:11:47<1:23:38, 104.56s/it]                                                                                            Best trial: 66. Best value: 0.619031:  68%|██████▊   | 102/150 [4:13:34<1:23:38, 104.56s/it]Best trial: 66. Best value: 0.619031:  68%|██████▊   | 102/150 [4:13:34<1:23:38, 104.56s/it]Best trial: 66. Best value: 0.619031:  69%|██████▊   | 103/150 [4:13:34<1:22:25, 105.22s/it]                                                                                            Best trial: 66. Best value: 0.619031:  69%|██████▊   | 103/150 [4:15:21<1:22:25, 105.22s/it]Best trial: 66. Best value: 0.619031:  69%|██████▊   | 103/150 [4:15:21<1:22:25, 105.22s/it]Best trial: 66. Best value: 0.619031:  69%|██████▉   | 104/150 [4:15:21<1:20:56, 105.58s/it]                                                                                            Best trial: 66. Best value: 0.619031:  69%|██████▉   | 104/150 [4:17:04<1:20:56, 105.58s/it]Best trial: 66. Best value: 0.619031:  69%|██████▉   | 104/150 [4:17:04<1:20:56, 105.58s/it]Best trial: 66. Best value: 0.619031:  70%|███████   | 105/150 [4:17:04<1:18:45, 105.02s/it]                                                                                            Best trial: 66. Best value: 0.619031:  70%|███████   | 105/150 [4:19:06<1:18:45, 105.02s/it]Best trial: 66. Best value: 0.619031:  70%|███████   | 105/150 [4:19:06<1:18:45, 105.02s/it]Best trial: 66. Best value: 0.619031:  71%|███████   | 106/150 [4:19:06<1:20:45, 110.12s/it]                                                                                            Best trial: 66. Best value: 0.619031:  71%|███████   | 106/150 [4:21:12<1:20:45, 110.12s/it]Best trial: 66. Best value: 0.619031:  71%|███████   | 106/150 [4:21:12<1:20:45, 110.12s/it]Best trial: 66. Best value: 0.619031:  71%|███████▏  | 107/150 [4:21:12<1:22:13, 114.74s/it]                                                                                            Best trial: 66. Best value: 0.619031:  71%|███████▏  | 107/150 [4:23:58<1:22:13, 114.74s/it]Best trial: 66. Best value: 0.619031:  71%|███████▏  | 107/150 [4:23:58<1:22:13, 114.74s/it]Best trial: 66. Best value: 0.619031:  72%|███████▏  | 108/150 [4:23:58<1:31:08, 130.21s/it]                                                                                            Best trial: 66. Best value: 0.619031:  72%|███████▏  | 108/150 [4:25:55<1:31:08, 130.21s/it]Best trial: 66. Best value: 0.619031:  72%|███████▏  | 108/150 [4:25:55<1:31:08, 130.21s/it]Best trial: 66. Best value: 0.619031:  73%|███████▎  | 109/150 [4:25:55<1:26:10, 126.12s/it]                                                                                            Best trial: 66. Best value: 0.619031:  73%|███████▎  | 109/150 [4:27:45<1:26:10, 126.12s/it]Best trial: 66. Best value: 0.619031:  73%|███████▎  | 109/150 [4:27:45<1:26:10, 126.12s/it]Best trial: 66. Best value: 0.619031:  73%|███████▎  | 110/150 [4:27:45<1:20:53, 121.33s/it]                                                                                            [I 2025-01-02 02:02:17,255] Trial 88 finished with value: 0.48344190842225304 and parameters: {'lr': 0.0018707217354661182, 'decay': 0.00046728476845017073, 'batch_size': 64, 'nheads': 2, 'project_to': 64, 'hidden_size': 32, 'num_layers': 2, 'dropout': 0.13923005252859497, 'alpha': 0.8811587053430291, 'aug_choice': 3}. Best is trial 66 with value: 0.6190306216664284.
[I 2025-01-02 02:04:09,727] Trial 89 finished with value: 0.4673453123335506 and parameters: {'lr': 0.003282803151052166, 'decay': 0.00010775189934096764, 'batch_size': 64, 'nheads': 2, 'project_to': 64, 'hidden_size': 32, 'num_layers': 2, 'dropout': 0.21988628451910547, 'alpha': 0.3523851598315316, 'aug_choice': 8}. Best is trial 66 with value: 0.6190306216664284.
[I 2025-01-02 02:05:22,921] Trial 90 finished with value: 0.4953113219170504 and parameters: {'lr': 0.006351591232693752, 'decay': 0.0005986402948663746, 'batch_size': 64, 'nheads': 2, 'project_to': 64, 'hidden_size': 128, 'num_layers': 2, 'dropout': 0.15694068331047584, 'alpha': 0.5634986599473046, 'aug_choice': 6}. Best is trial 66 with value: 0.6190306216664284.
[I 2025-01-02 02:07:03,599] Trial 91 finished with value: 0.5351335899369961 and parameters: {'lr': 0.002302948044989487, 'decay': 0.0002868453732374687, 'batch_size': 64, 'nheads': 1, 'project_to': 64, 'hidden_size': 32, 'num_layers': 2, 'dropout': 0.1115358179778922, 'alpha': 0.6502805051485866, 'aug_choice': 8}. Best is trial 66 with value: 0.6190306216664284.
[I 2025-01-02 02:09:13,118] Trial 92 finished with value: 0.5293776731859638 and parameters: {'lr': 0.0015227569572387673, 'decay': 0.00037637586252511543, 'batch_size': 64, 'nheads': 2, 'project_to': 64, 'hidden_size': 128, 'num_layers': 2, 'dropout': 0.17366357717268568, 'alpha': 1.0918571552351422, 'aug_choice': 8}. Best is trial 66 with value: 0.6190306216664284.
[I 2025-01-02 02:11:08,080] Trial 93 finished with value: 0.5581852014631925 and parameters: {'lr': 0.0007546566575773505, 'decay': 0.00016354556245969608, 'batch_size': 64, 'nheads': 1, 'project_to': 64, 'hidden_size': 128, 'num_layers': 2, 'dropout': 0.23954733906906955, 'alpha': 1.0300158604547434, 'aug_choice': 8}. Best is trial 66 with value: 0.6190306216664284.
[I 2025-01-02 02:13:10,817] Trial 94 finished with value: 0.5482424101480438 and parameters: {'lr': 0.0008012443201003172, 'decay': 0.00013137631230579553, 'batch_size': 64, 'nheads': 1, 'project_to': 64, 'hidden_size': 128, 'num_layers': 2, 'dropout': 0.2448833134347882, 'alpha': 1.0182105785647297, 'aug_choice': 8}. Best is trial 66 with value: 0.6190306216664284.
[I 2025-01-02 02:15:46,945] Trial 95 finished with value: 0.38439470284133437 and parameters: {'lr': 0.0015582230576545882, 'decay': 0.001247660462065355, 'batch_size': 64, 'nheads': 2, 'project_to': 64, 'hidden_size': 128, 'num_layers': 2, 'dropout': 0.2684074452277309, 'alpha': 0.9126064143358988, 'aug_choice': 7}. Best is trial 66 with value: 0.6190306216664284.
[I 2025-01-02 02:17:28,329] Trial 96 finished with value: 0.4740448631340172 and parameters: {'lr': 0.0010540371883330625, 'decay': 0.0016329865170681599, 'batch_size': 64, 'nheads': 1, 'project_to': 64, 'hidden_size': 128, 'num_layers': 2, 'dropout': 0.19037999751171736, 'alpha': 0.44580182646750305, 'aug_choice': 2}. Best is trial 66 with value: 0.6190306216664284.
[I 2025-01-02 02:19:27,050] Trial 97 finished with value: 0.5338085215302669 and parameters: {'lr': 0.0005998354773110523, 'decay': 0.00021558127076645186, 'batch_size': 64, 'nheads': 1, 'project_to': 64, 'hidden_size': 128, 'num_layers': 2, 'dropout': 0.28236467509347335, 'alpha': 0.24777893743387844, 'aug_choice': 5}. Best is trial 66 with value: 0.6190306216664284.
[I 2025-01-02 02:21:36,505] Trial 98 finished with value: 0.5218686272843543 and parameters: {'lr': 0.0021321623438076203, 'decay': 7.094532676157339e-05, 'batch_size': 128, 'nheads': 2, 'project_to': 64, 'hidden_size': 128, 'num_layers': 2, 'dropout': 0.2305299836848978, 'alpha': 0.14525895188444082, 'aug_choice': 8}. Best is trial 66 with value: 0.6190306216664284.
[I 2025-01-02 02:23:17,878] Trial 99 finished with value: 0.5084089068628168 and parameters: {'lr': 0.0034718858425993185, 'decay': 0.0006963801913071834, 'batch_size': 64, 'nheads': 1, 'project_to': 64, 'hidden_size': 128, 'num_layers': 1, 'dropout': 0.204624569709615, 'alpha': 0.8120227177581762, 'aug_choice': 5}. Best is trial 66 with value: 0.6190306216664284.
[I 2025-01-02 02:24:28,521] Trial 100 finished with value: 0.46194494601674047 and parameters: {'lr': 0.00041892866912130936, 'decay': 0.0003123992125254324, 'batch_size': 64, 'nheads': 1, 'project_to': 64, 'hidden_size': 128, 'num_layers': 2, 'dropout': 0.5853921157833089, 'alpha': 0.9029594738609819, 'aug_choice': 4}. Best is trial 66 with value: 0.6190306216664284.
[I 2025-01-02 02:26:16,374] Trial 101 finished with value: 0.46745942024520887 and parameters: {'lr': 0.0010043653414207952, 'decay': 0.00016568332135850526, 'batch_size': 64, 'nheads': 1, 'project_to': 64, 'hidden_size': 128, 'num_layers': 2, 'dropout': 0.16162568620429918, 'alpha': 0.9468268346583629, 'aug_choice': 8}. Best is trial 66 with value: 0.6190306216664284.
[I 2025-01-02 02:28:03,132] Trial 102 finished with value: 0.4908809532512641 and parameters: {'lr': 0.0008245442065437258, 'decay': 0.0004636554339234219, 'batch_size': 64, 'nheads': 1, 'project_to': 64, 'hidden_size': 32, 'num_layers': 2, 'dropout': 0.13134786442025373, 'alpha': 0.9806329307820674, 'aug_choice': 8}. Best is trial 66 with value: 0.6190306216664284.
[I 2025-01-02 02:29:49,546] Trial 103 finished with value: 0.48388778018148393 and parameters: {'lr': 0.0005654856093927547, 'decay': 0.00018637844618413, 'batch_size': 64, 'nheads': 1, 'project_to': 64, 'hidden_size': 128, 'num_layers': 2, 'dropout': 0.18304085659196268, 'alpha': 0.7904460771638799, 'aug_choice': 8}. Best is trial 66 with value: 0.6190306216664284.
[I 2025-01-02 02:31:33,264] Trial 104 finished with value: 0.5355486846527564 and parameters: {'lr': 0.001279890594079392, 'decay': 0.0002318834792373112, 'batch_size': 64, 'nheads': 1, 'project_to': 64, 'hidden_size': 128, 'num_layers': 2, 'dropout': 0.14637271276307806, 'alpha': 1.145611214497524, 'aug_choice': 5}. Best is trial 66 with value: 0.6190306216664284.
[I 2025-01-02 02:33:35,284] Trial 105 finished with value: 0.5310699535483737 and parameters: {'lr': 0.00427744538895847, 'decay': 0.00012639006922757372, 'batch_size': 64, 'nheads': 1, 'project_to': 64, 'hidden_size': 128, 'num_layers': 2, 'dropout': 0.10077597915609107, 'alpha': 1.0356082154509, 'aug_choice': 8}. Best is trial 66 with value: 0.6190306216664284.
[I 2025-01-02 02:35:40,799] Trial 106 finished with value: 0.5191944716485571 and parameters: {'lr': 0.0017375549656724644, 'decay': 0.0007969013320217025, 'batch_size': 128, 'nheads': 1, 'project_to': 64, 'hidden_size': 64, 'num_layers': 2, 'dropout': 0.16248997903150578, 'alpha': 0.8462285098677963, 'aug_choice': 5}. Best is trial 66 with value: 0.6190306216664284.
[I 2025-01-02 02:38:27,122] Trial 107 finished with value: 0.5168065491014487 and parameters: {'lr': 0.002456592830767826, 'decay': 0.0009335525656038717, 'batch_size': 64, 'nheads': 1, 'project_to': 64, 'hidden_size': 128, 'num_layers': 2, 'dropout': 0.19214409265815852, 'alpha': 0.733096690036363, 'aug_choice': 1}. Best is trial 66 with value: 0.6190306216664284.
[I 2025-01-02 02:40:23,690] Trial 108 finished with value: 0.5350984113976144 and parameters: {'lr': 0.0006903281775232512, 'decay': 0.0002562177798310514, 'batch_size': 64, 'nheads': 2, 'project_to': 64, 'hidden_size': 128, 'num_layers': 2, 'dropout': 0.22090597982608545, 'alpha': 1.1082120778246316, 'aug_choice': 5}. Best is trial 66 with value: 0.6190306216664284.
[I 2025-01-02 02:42:13,844] Trial 109 finished with value: 0.5009613932103644 and parameters: {'lr': 0.0014185860281933792, 'decay': 0.00019724978008740332, 'batch_size': 64, 'nheads': 1, 'project_to': 64, 'hidden_size': 32, 'num_layers': 2, 'dropout': 0.1202792524172347, 'alpha': 1.0755001908857411, 'aug_choice': 8}. Best is trial 66 with value: 0.6190306216664284.
