Best trial: 53. Best value: 0.61176:  44%|████▍     | 66/150 [3:34:20<4:19:36, 185.44s/it]Best trial: 53. Best value: 0.61176:  44%|████▍     | 66/150 [3:34:20<4:19:36, 185.44s/it]Best trial: 53. Best value: 0.61176:  45%|████▍     | 67/150 [3:34:20<3:41:02, 159.79s/it]                                                                                          Best trial: 53. Best value: 0.61176:  45%|████▍     | 67/150 [3:35:59<3:41:02, 159.79s/it]Best trial: 53. Best value: 0.61176:  45%|████▍     | 67/150 [3:35:59<3:41:02, 159.79s/it]Best trial: 53. Best value: 0.61176:  45%|████▌     | 68/150 [3:35:59<3:13:32, 141.61s/it]                                                                                          Best trial: 53. Best value: 0.61176:  45%|████▌     | 68/150 [3:37:50<3:13:32, 141.61s/it]Best trial: 53. Best value: 0.61176:  45%|████▌     | 68/150 [3:37:50<3:13:32, 141.61s/it]Best trial: 53. Best value: 0.61176:  46%|████▌     | 69/150 [3:37:50<2:58:29, 132.22s/it]                                                                                          Best trial: 53. Best value: 0.61176:  46%|████▌     | 69/150 [3:39:38<2:58:29, 132.22s/it]Best trial: 53. Best value: 0.61176:  46%|████▌     | 69/150 [3:39:38<2:58:29, 132.22s/it]Best trial: 53. Best value: 0.61176:  47%|████▋     | 70/150 [3:39:38<2:46:53, 125.16s/it]                                                                                          Best trial: 53. Best value: 0.61176:  47%|████▋     | 70/150 [3:41:10<2:46:53, 125.16s/it]Best trial: 53. Best value: 0.61176:  47%|████▋     | 70/150 [3:41:10<2:46:53, 125.16s/it]Best trial: 53. Best value: 0.61176:  47%|████▋     | 71/150 [3:41:10<2:31:31, 115.09s/it]                                                                                          Best trial: 53. Best value: 0.61176:  47%|████▋     | 71/150 [3:47:14<2:31:31, 115.09s/it]Best trial: 53. Best value: 0.61176:  47%|████▋     | 71/150 [3:47:14<2:31:31, 115.09s/it]Best trial: 53. Best value: 0.61176:  48%|████▊     | 72/150 [3:47:14<4:06:46, 189.82s/it]                                                                                          Best trial: 53. Best value: 0.61176:  48%|████▊     | 72/150 [3:53:21<4:06:46, 189.82s/it]Best trial: 53. Best value: 0.61176:  48%|████▊     | 72/150 [3:53:21<4:06:46, 189.82s/it]Best trial: 53. Best value: 0.61176:  49%|████▊     | 73/150 [3:53:21<5:11:59, 243.11s/it]                                                                                          Best trial: 53. Best value: 0.61176:  49%|████▊     | 73/150 [4:00:16<5:11:59, 243.11s/it]Best trial: 53. Best value: 0.61176:  49%|████▊     | 73/150 [4:00:16<5:11:59, 243.11s/it]Best trial: 53. Best value: 0.61176:  49%|████▉     | 74/150 [4:00:16<6:13:03, 294.52s/it]                                                                                          Best trial: 53. Best value: 0.61176:  49%|████▉     | 74/150 [4:07:45<6:13:03, 294.52s/it]Best trial: 53. Best value: 0.61176:  49%|████▉     | 74/150 [4:07:45<6:13:03, 294.52s/it]Best trial: 53. Best value: 0.61176:  50%|█████     | 75/150 [4:07:45<7:06:15, 341.01s/it]                                                                                          Best trial: 53. Best value: 0.61176:  50%|█████     | 75/150 [4:10:27<7:06:15, 341.01s/it]Best trial: 53. Best value: 0.61176:  50%|█████     | 75/150 [4:10:27<7:06:15, 341.01s/it]Best trial: 53. Best value: 0.61176:  51%|█████     | 76/150 [4:10:27<5:54:12, 287.19s/it]                                                                                          Best trial: 53. Best value: 0.61176:  51%|█████     | 76/150 [4:15:59<5:54:12, 287.19s/it]Best trial: 53. Best value: 0.61176:  51%|█████     | 76/150 [4:15:59<5:54:12, 287.19s/it]Best trial: 53. Best value: 0.61176:  51%|█████▏    | 77/150 [4:15:59<6:05:55, 300.76s/it]                                                                                          Best trial: 53. Best value: 0.61176:  51%|█████▏    | 77/150 [4:19:32<6:05:55, 300.76s/it]Best trial: 53. Best value: 0.61176:  51%|█████▏    | 77/150 [4:19:32<6:05:55, 300.76s/it]Best trial: 53. Best value: 0.61176:  52%|█████▏    | 78/150 [4:19:32<5:29:20, 274.45s/it]                                                                                          Best trial: 53. Best value: 0.61176:  52%|█████▏    | 78/150 [4:21:12<5:29:20, 274.45s/it]Best trial: 53. Best value: 0.61176:  52%|█████▏    | 78/150 [4:21:12<5:29:20, 274.45s/it]Best trial: 53. Best value: 0.61176:  53%|█████▎    | 79/150 [4:21:12<4:22:44, 222.03s/it]                                                                                          Best trial: 53. Best value: 0.61176:  53%|█████▎    | 79/150 [4:23:41<4:22:44, 222.03s/it]Best trial: 53. Best value: 0.61176:  53%|█████▎    | 79/150 [4:23:41<4:22:44, 222.03s/it]Best trial: 53. Best value: 0.61176:  53%|█████▎    | 80/150 [4:23:41<3:53:23, 200.05s/it]                                                                                          Best trial: 53. Best value: 0.61176:  53%|█████▎    | 80/150 [4:25:13<3:53:23, 200.05s/it]Best trial: 53. Best value: 0.61176:  53%|█████▎    | 80/150 [4:25:13<3:53:23, 200.05s/it]Best trial: 53. Best value: 0.61176:  54%|█████▍    | 81/150 [4:25:13<3:12:46, 167.63s/it]                                                                                          Best trial: 53. Best value: 0.61176:  54%|█████▍    | 81/150 [4:26:38<3:12:46, 167.63s/it]Best trial: 53. Best value: 0.61176:  54%|█████▍    | 81/150 [4:26:38<3:12:46, 167.63s/it]Best trial: 53. Best value: 0.61176:  55%|█████▍    | 82/150 [4:26:38<2:42:03, 142.99s/it]                                                                                          Best trial: 53. Best value: 0.61176:  55%|█████▍    | 82/150 [4:28:10<2:42:03, 142.99s/it]Best trial: 53. Best value: 0.61176:  55%|█████▍    | 82/150 [4:28:10<2:42:03, 142.99s/it]Best trial: 53. Best value: 0.61176:  55%|█████▌    | 83/150 [4:28:10<2:22:25, 127.55s/it]                                                                                          Best trial: 53. Best value: 0.61176:  55%|█████▌    | 83/150 [4:29:58<2:22:25, 127.55s/it]Best trial: 53. Best value: 0.61176:  55%|█████▌    | 83/150 [4:29:58<2:22:25, 127.55s/it]Best trial: 53. Best value: 0.61176:  56%|█████▌    | 84/150 [4:29:58<2:13:46, 121.62s/it]                                                                                          Best trial: 53. Best value: 0.61176:  56%|█████▌    | 84/150 [4:31:25<2:13:46, 121.62s/it]Best trial: 53. Best value: 0.61176:  56%|█████▌    | 84/150 [4:31:25<2:13:46, 121.62s/it]Best trial: 53. Best value: 0.61176:  57%|█████▋    | 85/150 [4:31:25<2:00:25, 111.16s/it]                                                                                          Best trial: 53. Best value: 0.61176:  57%|█████▋    | 85/150 [4:33:42<2:00:25, 111.16s/it]Best trial: 53. Best value: 0.61176:  57%|█████▋    | 85/150 [4:33:42<2:00:25, 111.16s/it]Best trial: 53. Best value: 0.61176:  57%|█████▋    | 86/150 [4:33:42<2:07:03, 119.12s/it]                                                                                          Best trial: 53. Best value: 0.61176:  57%|█████▋    | 86/150 [4:36:21<2:07:03, 119.12s/it]Best trial: 53. Best value: 0.61176:  57%|█████▋    | 86/150 [4:36:21<2:07:03, 119.12s/it]Best trial: 53. Best value: 0.61176:  58%|█████▊    | 87/150 [4:36:21<2:17:34, 131.02s/it]                                                                                          Best trial: 53. Best value: 0.61176:  58%|█████▊    | 87/150 [4:39:22<2:17:34, 131.02s/it]Best trial: 53. Best value: 0.61176:  58%|█████▊    | 87/150 [4:39:22<2:17:34, 131.02s/it]Best trial: 53. Best value: 0.61176:  59%|█████▊    | 88/150 [4:39:22<2:30:55, 146.06s/it]                                                                                          [I 2025-01-01 05:24:03,008] Trial 66 finished with value: 0.5925826210876962 and parameters: {'lr': 0.005204511851447212, 'decay': 0.0016229194948535542, 'batch_size': 128, 'nheads': 4, 'project_to': 128, 'hidden_size': 32, 'num_layers': 2, 'dropout': 0.3610353596645276, 'alpha': 0.8272005065315302, 'aug_choice': 0}. Best is trial 53 with value: 0.6117603655496555.
[I 2025-01-01 05:25:42,219] Trial 67 finished with value: 0.501148299929315 and parameters: {'lr': 0.005856283423534629, 'decay': 0.007164443025288251, 'batch_size': 128, 'nheads': 4, 'project_to': 128, 'hidden_size': 32, 'num_layers': 1, 'dropout': 0.3591091706302929, 'alpha': 1.1665687176816752, 'aug_choice': 0}. Best is trial 53 with value: 0.6117603655496555.
[I 2025-01-01 05:27:32,524] Trial 68 finished with value: 0.5716921951409175 and parameters: {'lr': 0.0018615944901829592, 'decay': 0.0045025440926544725, 'batch_size': 128, 'nheads': 4, 'project_to': 128, 'hidden_size': 32, 'num_layers': 2, 'dropout': 0.3347886472044627, 'alpha': 0.653045661507198, 'aug_choice': 0}. Best is trial 53 with value: 0.6117603655496555.
[I 2025-01-01 05:29:21,219] Trial 69 finished with value: 0.49123401470645833 and parameters: {'lr': 0.0012402587670898937, 'decay': 0.0012141834641046707, 'batch_size': 128, 'nheads': 4, 'project_to': 128, 'hidden_size': 32, 'num_layers': 2, 'dropout': 0.30096250129765517, 'alpha': 0.5061972962863259, 'aug_choice': 0}. Best is trial 53 with value: 0.6117603655496555.
[I 2025-01-01 05:30:52,796] Trial 70 finished with value: 0.5481382543394061 and parameters: {'lr': 0.002736602758236864, 'decay': 0.0009296224525960082, 'batch_size': 128, 'nheads': 4, 'project_to': 128, 'hidden_size': 32, 'num_layers': 2, 'dropout': 0.4316445694009322, 'alpha': 0.8378032912756772, 'aug_choice': 4}. Best is trial 53 with value: 0.6117603655496555.
[I 2025-01-01 05:36:57,004] Trial 71 finished with value: 0.6082480773407093 and parameters: {'lr': 0.0037475969588542436, 'decay': 0.001750844419742913, 'batch_size': 128, 'nheads': 4, 'project_to': 128, 'hidden_size': 32, 'num_layers': 2, 'dropout': 0.40449381927212635, 'alpha': 0.9482202224375713, 'aug_choice': 3}. Best is trial 53 with value: 0.6117603655496555.
[I 2025-01-01 05:43:04,447] Trial 72 finished with value: 0.5597696225244079 and parameters: {'lr': 0.00562456198515831, 'decay': 0.002358017777190428, 'batch_size': 128, 'nheads': 4, 'project_to': 128, 'hidden_size': 32, 'num_layers': 2, 'dropout': 0.37314259766193825, 'alpha': 0.9455184922320303, 'aug_choice': 3}. Best is trial 53 with value: 0.6117603655496555.
[I 2025-01-01 05:49:58,939] Trial 73 finished with value: 0.5535103847224004 and parameters: {'lr': 0.003761823401616076, 'decay': 0.0017265820093940335, 'batch_size': 128, 'nheads': 4, 'project_to': 128, 'hidden_size': 32, 'num_layers': 2, 'dropout': 0.46151234930505075, 'alpha': 1.06918298093217, 'aug_choice': 3}. Best is trial 53 with value: 0.6117603655496555.
[I 2025-01-01 05:57:28,411] Trial 74 finished with value: 0.5506860884839158 and parameters: {'lr': 0.004758135818472247, 'decay': 0.003593714897141482, 'batch_size': 128, 'nheads': 4, 'project_to': 128, 'hidden_size': 32, 'num_layers': 2, 'dropout': 0.38580286523380247, 'alpha': 1.020176989051092, 'aug_choice': 3}. Best is trial 53 with value: 0.6117603655496555.
[I 2025-01-01 06:00:10,025] Trial 75 finished with value: 0.5490903424299598 and parameters: {'lr': 0.007921172799626763, 'decay': 0.0028250352198935795, 'batch_size': 128, 'nheads': 4, 'project_to': 128, 'hidden_size': 32, 'num_layers': 2, 'dropout': 0.355554268361943, 'alpha': 0.9057591781829553, 'aug_choice': 5}. Best is trial 53 with value: 0.6117603655496555.
[I 2025-01-01 06:05:42,443] Trial 76 finished with value: 0.5531929166082433 and parameters: {'lr': 0.002497726662079012, 'decay': 0.002047390528290045, 'batch_size': 128, 'nheads': 4, 'project_to': 128, 'hidden_size': 32, 'num_layers': 1, 'dropout': 0.4910267176637142, 'alpha': 0.7542288932507908, 'aug_choice': 3}. Best is trial 53 with value: 0.6117603655496555.
[I 2025-01-01 06:09:15,491] Trial 77 finished with value: 0.5558857048980452 and parameters: {'lr': 0.002952549588954132, 'decay': 0.0008676477254602828, 'batch_size': 128, 'nheads': 4, 'project_to': 128, 'hidden_size': 32, 'num_layers': 2, 'dropout': 0.41090855260085213, 'alpha': 0.6760570594898643, 'aug_choice': 1}. Best is trial 53 with value: 0.6117603655496555.
[I 2025-01-01 06:10:55,221] Trial 78 finished with value: 0.5791852557788598 and parameters: {'lr': 0.0015423271248879373, 'decay': 0.0012714601544978159, 'batch_size': 128, 'nheads': 4, 'project_to': 128, 'hidden_size': 32, 'num_layers': 2, 'dropout': 0.27094246365826813, 'alpha': 0.6068149839039944, 'aug_choice': 0}. Best is trial 53 with value: 0.6117603655496555.
[I 2025-01-01 06:13:23,990] Trial 79 finished with value: 0.5624574114277917 and parameters: {'lr': 0.002067070904067689, 'decay': 0.0006527674465855763, 'batch_size': 128, 'nheads': 4, 'project_to': 128, 'hidden_size': 32, 'num_layers': 2, 'dropout': 0.3183064647245793, 'alpha': 0.8302950453275444, 'aug_choice': 5}. Best is trial 53 with value: 0.6117603655496555.
[I 2025-01-01 06:14:55,961] Trial 80 finished with value: 0.6048016419579821 and parameters: {'lr': 0.004931924533996556, 'decay': 0.007523924777069461, 'batch_size': 64, 'nheads': 4, 'project_to': 128, 'hidden_size': 32, 'num_layers': 1, 'dropout': 0.3336901531965896, 'alpha': 0.7181720133988023, 'aug_choice': 6}. Best is trial 53 with value: 0.6117603655496555.
[I 2025-01-01 06:16:21,462] Trial 81 finished with value: 0.5130988766327412 and parameters: {'lr': 0.005020222148730731, 'decay': 0.007204938371270798, 'batch_size': 64, 'nheads': 4, 'project_to': 128, 'hidden_size': 32, 'num_layers': 1, 'dropout': 0.33429692391834814, 'alpha': 0.7178244181542753, 'aug_choice': 6}. Best is trial 53 with value: 0.6117603655496555.
[I 2025-01-01 06:17:52,978] Trial 82 finished with value: 0.5540840643470816 and parameters: {'lr': 0.004033999711711068, 'decay': 0.00426218676368445, 'batch_size': 64, 'nheads': 4, 'project_to': 128, 'hidden_size': 32, 'num_layers': 1, 'dropout': 0.3738910594076375, 'alpha': 0.5266470255614533, 'aug_choice': 6}. Best is trial 53 with value: 0.6117603655496555.
[I 2025-01-01 06:19:40,752] Trial 83 finished with value: 0.5297773388104259 and parameters: {'lr': 0.0068523667517584935, 'decay': 0.006597399485867556, 'batch_size': 64, 'nheads': 4, 'project_to': 128, 'hidden_size': 32, 'num_layers': 1, 'dropout': 0.43409910282058184, 'alpha': 0.7613788435109601, 'aug_choice': 6}. Best is trial 53 with value: 0.6117603655496555.
[I 2025-01-01 06:21:07,511] Trial 84 finished with value: 0.5433493859320444 and parameters: {'lr': 0.002343025310844392, 'decay': 0.004915819850203633, 'batch_size': 64, 'nheads': 4, 'project_to': 128, 'hidden_size': 32, 'num_layers': 1, 'dropout': 0.3527252888625542, 'alpha': 1.1622688559701277, 'aug_choice': 6}. Best is trial 53 with value: 0.6117603655496555.
[I 2025-01-01 06:23:25,194] Trial 85 finished with value: 0.5562397609740822 and parameters: {'lr': 0.004959265009952902, 'decay': 0.0091668518839308, 'batch_size': 64, 'nheads': 4, 'project_to': 64, 'hidden_size': 64, 'num_layers': 1, 'dropout': 0.39910235653053583, 'alpha': 0.6608819241560459, 'aug_choice': 8}. Best is trial 53 with value: 0.6117603655496555.
[I 2025-01-01 06:26:04,005] Trial 86 finished with value: 0.5421247088382101 and parameters: {'lr': 0.0030345200829677917, 'decay': 0.002716587066059284, 'batch_size': 64, 'nheads': 4, 'project_to': 128, 'hidden_size': 32, 'num_layers': 2, 'dropout': 0.4228541323875442, 'alpha': 1.252493787110591, 'aug_choice': 8}. Best is trial 53 with value: 0.6117603655496555.
[I 2025-01-01 06:29:05,136] Trial 87 finished with value: 0.5699016673135207 and parameters: {'lr': 0.0009177903415748645, 'decay': 0.001518760000560822, 'batch_size': 64, 'nheads': 2, 'project_to': 128, 'hidden_size': 32, 'num_layers': 2, 'dropout': 0.4607184190980101, 'alpha': 0.5906262249357392, 'aug_choice': 7}. Best is trial 53 with value: 0.6117603655496555.
