[I 2024-12-26 05:50:50,001] Trial 21 finished with value: 0.44224474229843747 and parameters: {'lr': 0.00018471223377895557, 'decay': 0.0006330921292107832, 'batch_size': 128, 'nheads': 1, 'project_to': 64, 'hidden_size': 128, 'num_layers': 3, 'dropout': 0.8957417525212934, 'class_weights': True, 'aug_choice': 3}. Best is trial 19 with value: 0.600022887264312.
Best trial: 19. Best value: 0.600023:  55%|█████▌    | 22/40 [1:40:59<1:37:19, 324.42s/it]Best trial: 19. Best value: 0.600023:  55%|█████▌    | 22/40 [1:40:59<1:37:19, 324.42s/it]Best trial: 19. Best value: 0.600023:  57%|█████▊    | 23/40 [1:40:59<1:38:07, 346.32s/it]                                                                                          Best trial: 19. Best value: 0.600023:  57%|█████▊    | 23/40 [1:46:37<1:38:07, 346.32s/it]Best trial: 19. Best value: 0.600023:  57%|█████▊    | 23/40 [1:46:37<1:38:07, 346.32s/it]Best trial: 19. Best value: 0.600023:  60%|██████    | 24/40 [1:46:37<1:31:41, 343.83s/it]                                                                                          Best trial: 19. Best value: 0.600023:  60%|██████    | 24/40 [1:49:19<1:31:41, 343.83s/it]Best trial: 19. Best value: 0.600023:  60%|██████    | 24/40 [1:49:19<1:31:41, 343.83s/it]Best trial: 19. Best value: 0.600023:  62%|██████▎   | 25/40 [1:49:19<1:12:19, 289.28s/it]                                                                                          Best trial: 19. Best value: 0.600023:  62%|██████▎   | 25/40 [1:53:15<1:12:19, 289.28s/it]Best trial: 19. Best value: 0.600023:  62%|██████▎   | 25/40 [1:53:15<1:12:19, 289.28s/it]Best trial: 19. Best value: 0.600023:  65%|██████▌   | 26/40 [1:53:15<1:03:46, 273.35s/it]                                                                                          Best trial: 19. Best value: 0.600023:  65%|██████▌   | 26/40 [1:54:40<1:03:46, 273.35s/it]Best trial: 19. Best value: 0.600023:  65%|██████▌   | 26/40 [1:54:40<1:03:46, 273.35s/it]Best trial: 19. Best value: 0.600023:  68%|██████▊   | 27/40 [1:54:40<47:01, 217.01s/it]                                                                                          Best trial: 19. Best value: 0.600023:  68%|██████▊   | 27/40 [2:03:49<47:01, 217.01s/it]Best trial: 19. Best value: 0.600023:  68%|██████▊   | 27/40 [2:03:49<47:01, 217.01s/it]Best trial: 19. Best value: 0.600023:  70%|███████   | 28/40 [2:03:49<1:03:17, 316.48s/it]                                                                                          Best trial: 19. Best value: 0.600023:  70%|███████   | 28/40 [2:07:20<1:03:17, 316.48s/it]Best trial: 19. Best value: 0.600023:  70%|███████   | 28/40 [2:07:20<1:03:17, 316.48s/it]Best trial: 19. Best value: 0.600023:  72%|███████▎  | 29/40 [2:07:20<52:13, 284.88s/it]                                                                                          Best trial: 19. Best value: 0.600023:  72%|███████▎  | 29/40 [2:08:47<52:13, 284.88s/it]Best trial: 19. Best value: 0.600023:  72%|███████▎  | 29/40 [2:08:47<52:13, 284.88s/it]Best trial: 19. Best value: 0.600023:  75%|███████▌  | 30/40 [2:08:47<37:34, 225.40s/it]                                                                                        Best trial: 19. Best value: 0.600023:  75%|███████▌  | 30/40 [2:14:23<37:34, 225.40s/it]Best trial: 19. Best value: 0.600023:  75%|███████▌  | 30/40 [2:14:23<37:34, 225.40s/it]Best trial: 19. Best value: 0.600023:  78%|███████▊  | 31/40 [2:14:23<38:47, 258.56s/it]                                                                                        Best trial: 19. Best value: 0.600023:  78%|███████▊  | 31/40 [2:20:02<38:47, 258.56s/it]Best trial: 19. Best value: 0.600023:  78%|███████▊  | 31/40 [2:20:02<38:47, 258.56s/it]Best trial: 19. Best value: 0.600023:  80%|████████  | 32/40 [2:20:02<37:42, 282.82s/it]                                                                                        Best trial: 19. Best value: 0.600023:  80%|████████  | 32/40 [2:25:40<37:42, 282.82s/it]Best trial: 19. Best value: 0.600023:  80%|████████  | 32/40 [2:25:41<37:42, 282.82s/it]Best trial: 19. Best value: 0.600023:  82%|████████▎ | 33/40 [2:25:41<34:56, 299.51s/it]                                                                                        Best trial: 19. Best value: 0.600023:  82%|████████▎ | 33/40 [2:31:34<34:56, 299.51s/it]Best trial: 33. Best value: 0.60238:  82%|████████▎ | 33/40 [2:31:34<34:56, 299.51s/it] Best trial: 33. Best value: 0.60238:  85%|████████▌ | 34/40 [2:31:34<31:34, 315.83s/it]                                                                                       Best trial: 33. Best value: 0.60238:  85%|████████▌ | 34/40 [2:37:21<31:34, 315.83s/it]Best trial: 33. Best value: 0.60238:  85%|████████▌ | 34/40 [2:37:21<31:34, 315.83s/it]Best trial: 33. Best value: 0.60238:  88%|████████▊ | 35/40 [2:37:21<27:04, 324.92s/it]                                                                                       Best trial: 33. Best value: 0.60238:  88%|████████▊ | 35/40 [2:44:18<27:04, 324.92s/it]Best trial: 33. Best value: 0.60238:  88%|████████▊ | 35/40 [2:44:18<27:04, 324.92s/it]Best trial: 33. Best value: 0.60238:  90%|█████████ | 36/40 [2:44:18<23:31, 352.76s/it]                                                                                       Best trial: 33. Best value: 0.60238:  90%|█████████ | 36/40 [2:47:22<23:31, 352.76s/it]Best trial: 33. Best value: 0.60238:  90%|█████████ | 36/40 [2:47:22<23:31, 352.76s/it]Best trial: 33. Best value: 0.60238:  92%|█████████▎| 37/40 [2:47:22<15:05, 301.99s/it]                                                                                       Best trial: 33. Best value: 0.60238:  92%|█████████▎| 37/40 [2:50:14<15:05, 301.99s/it]Best trial: 33. Best value: 0.60238:  92%|█████████▎| 37/40 [2:50:14<15:05, 301.99s/it]Best trial: 33. Best value: 0.60238:  95%|█████████▌| 38/40 [2:50:14<08:45, 262.99s/it]                                                                                       Best trial: 33. Best value: 0.60238:  95%|█████████▌| 38/40 [2:54:03<08:45, 262.99s/it]Best trial: 33. Best value: 0.60238:  95%|█████████▌| 38/40 [2:54:03<08:45, 262.99s/it]Best trial: 33. Best value: 0.60238:  98%|█████████▊| 39/40 [2:54:03<04:12, 252.87s/it]                                                                                       Best trial: 33. Best value: 0.60238:  98%|█████████▊| 39/40 [3:02:34<04:12, 252.87s/it]Best trial: 33. Best value: 0.60238:  98%|█████████▊| 39/40 [3:02:34<04:12, 252.87s/it]Best trial: 33. Best value: 0.60238: 100%|██████████| 40/40 [3:02:34<00:00, 330.18s/it]Best trial: 33. Best value: 0.60238: 100%|██████████| 40/40 [3:02:34<00:00, 273.85s/it]
[I 2024-12-26 05:57:27,400] Trial 22 finished with value: 0.5320672635900506 and parameters: {'lr': 8.466764436708529e-05, 'decay': 0.0004330223289614506, 'batch_size': 128, 'nheads': 1, 'project_to': 64, 'hidden_size': 128, 'num_layers': 3, 'dropout': 0.5579257082293734, 'class_weights': True, 'aug_choice': 3}. Best is trial 19 with value: 0.600022887264312.
[I 2024-12-26 06:03:05,411] Trial 23 finished with value: 0.578203090788033 and parameters: {'lr': 0.0002082916285156196, 'decay': 0.00015287135091005279, 'batch_size': 128, 'nheads': 1, 'project_to': 64, 'hidden_size': 128, 'num_layers': 3, 'dropout': 0.36355632910641134, 'class_weights': True, 'aug_choice': 3}. Best is trial 19 with value: 0.600022887264312.
[I 2024-12-26 06:05:47,429] Trial 24 finished with value: 0.4833305796039569 and parameters: {'lr': 0.0008223407413302202, 'decay': 0.0013912885439271298, 'batch_size': 128, 'nheads': 1, 'project_to': 64, 'hidden_size': 128, 'num_layers': 2, 'dropout': 0.365749933524334, 'class_weights': True, 'aug_choice': 2}. Best is trial 19 with value: 0.600022887264312.
[I 2024-12-26 06:09:43,624] Trial 25 finished with value: 0.5141400841720088 and parameters: {'lr': 0.0001996091407944256, 'decay': 0.00014760418333846707, 'batch_size': 128, 'nheads': 4, 'project_to': 64, 'hidden_size': 128, 'num_layers': 3, 'dropout': 0.20454405717261304, 'class_weights': True, 'aug_choice': 8}. Best is trial 19 with value: 0.600022887264312.
[I 2024-12-26 06:11:09,181] Trial 26 finished with value: 0.5328119382917454 and parameters: {'lr': 0.0016862136848765253, 'decay': 0.0016124154526763752, 'batch_size': 128, 'nheads': 1, 'project_to': 64, 'hidden_size': 128, 'num_layers': 3, 'dropout': 0.3926022182821072, 'class_weights': False, 'aug_choice': 4}. Best is trial 19 with value: 0.600022887264312.
[I 2024-12-26 06:20:17,735] Trial 27 finished with value: 0.5521182456376907 and parameters: {'lr': 5.085555373028204e-05, 'decay': 0.0003271505124278604, 'batch_size': 128, 'nheads': 1, 'project_to': 64, 'hidden_size': 128, 'num_layers': 2, 'dropout': 0.2696034301307782, 'class_weights': True, 'aug_choice': 3}. Best is trial 19 with value: 0.600022887264312.
[I 2024-12-26 06:23:48,895] Trial 28 finished with value: 0.4409437338289189 and parameters: {'lr': 0.00028006789342373945, 'decay': 0.00016695594583625894, 'batch_size': 128, 'nheads': 1, 'project_to': 128, 'hidden_size': 128, 'num_layers': 3, 'dropout': 0.14057136204094078, 'class_weights': True, 'aug_choice': 1}. Best is trial 19 with value: 0.600022887264312.
[I 2024-12-26 06:25:15,524] Trial 29 finished with value: 0.33855934150275163 and parameters: {'lr': 0.0007064443155609352, 'decay': 5.0471062114793044e-05, 'batch_size': 128, 'nheads': 4, 'project_to': 64, 'hidden_size': 32, 'num_layers': 1, 'dropout': 0.5325103487405761, 'class_weights': True, 'aug_choice': 4}. Best is trial 19 with value: 0.600022887264312.
[I 2024-12-26 06:30:51,435] Trial 30 finished with value: 0.5719078815035797 and parameters: {'lr': 0.00029435860847367085, 'decay': 1.8973593405467125e-05, 'batch_size': 128, 'nheads': 1, 'project_to': 128, 'hidden_size': 128, 'num_layers': 3, 'dropout': 0.30628013140143084, 'class_weights': True, 'aug_choice': 3}. Best is trial 19 with value: 0.600022887264312.
[I 2024-12-26 06:36:30,857] Trial 31 finished with value: 0.5596031300826041 and parameters: {'lr': 0.00028128850221689734, 'decay': 1.95855620747088e-05, 'batch_size': 128, 'nheads': 1, 'project_to': 128, 'hidden_size': 128, 'num_layers': 3, 'dropout': 0.3014259584703214, 'class_weights': True, 'aug_choice': 3}. Best is trial 19 with value: 0.600022887264312.
[I 2024-12-26 06:42:09,305] Trial 32 finished with value: 0.5657151120548152 and parameters: {'lr': 0.0003129251637759742, 'decay': 1.6484886100379283e-05, 'batch_size': 128, 'nheads': 1, 'project_to': 128, 'hidden_size': 128, 'num_layers': 3, 'dropout': 0.3444916737802225, 'class_weights': True, 'aug_choice': 3}. Best is trial 19 with value: 0.600022887264312.
[I 2024-12-26 06:48:03,214] Trial 33 finished with value: 0.6023795768996791 and parameters: {'lr': 0.00022421584399822615, 'decay': 4.457099500808953e-05, 'batch_size': 128, 'nheads': 1, 'project_to': 128, 'hidden_size': 128, 'num_layers': 3, 'dropout': 0.3214808006624059, 'class_weights': True, 'aug_choice': 3}. Best is trial 33 with value: 0.6023795768996791.
[I 2024-12-26 06:53:49,341] Trial 34 finished with value: 0.5241590521998145 and parameters: {'lr': 0.00014232617764496197, 'decay': 5.085717393120113e-05, 'batch_size': 128, 'nheads': 1, 'project_to': 128, 'hidden_size': 128, 'num_layers': 2, 'dropout': 0.40409482053086104, 'class_weights': False, 'aug_choice': 3}. Best is trial 33 with value: 0.6023795768996791.
[I 2024-12-26 07:00:47,057] Trial 35 finished with value: 0.5567963373720841 and parameters: {'lr': 5.871057592808769e-05, 'decay': 0.00012303980218257555, 'batch_size': 128, 'nheads': 4, 'project_to': 128, 'hidden_size': 128, 'num_layers': 3, 'dropout': 0.21736374230540134, 'class_weights': True, 'aug_choice': 3}. Best is trial 33 with value: 0.6023795768996791.
[I 2024-12-26 07:03:50,605] Trial 36 finished with value: 0.5827319259050353 and parameters: {'lr': 0.00023352636867935063, 'decay': 0.00021801714130911443, 'batch_size': 64, 'nheads': 1, 'project_to': 128, 'hidden_size': 128, 'num_layers': 3, 'dropout': 0.29274395002354703, 'class_weights': True, 'aug_choice': 2}. Best is trial 33 with value: 0.6023795768996791.
[I 2024-12-26 07:06:42,593] Trial 37 finished with value: 0.5892746279583332 and parameters: {'lr': 0.0002049152069159289, 'decay': 0.0002586621801655737, 'batch_size': 64, 'nheads': 1, 'project_to': 32, 'hidden_size': 128, 'num_layers': 2, 'dropout': 0.2683627065678503, 'class_weights': False, 'aug_choice': 2}. Best is trial 33 with value: 0.6023795768996791.
[I 2024-12-26 07:10:31,852] Trial 38 finished with value: 0.5338833977319348 and parameters: {'lr': 0.0001220017114608581, 'decay': 0.0002646958102116621, 'batch_size': 64, 'nheads': 2, 'project_to': 32, 'hidden_size': 128, 'num_layers': 2, 'dropout': 0.15030996774434155, 'class_weights': False, 'aug_choice': 2}. Best is trial 33 with value: 0.6023795768996791.
[I 2024-12-26 07:19:02,428] Trial 39 finished with value: 0.560624481975949 and parameters: {'lr': 2.6153816907968525e-05, 'decay': 0.0004265604535163811, 'batch_size': 64, 'nheads': 4, 'project_to': 32, 'hidden_size': 128, 'num_layers': 2, 'dropout': 0.28140682929398836, 'class_weights': False, 'aug_choice': 2}. Best is trial 33 with value: 0.6023795768996791.

Optimization finished!
Best macro F1: 0.6024
Best hyperparameters:
    lr: 0.00022421584399822615
    decay: 4.457099500808953e-05
    batch_size: 128
    nheads: 1
    project_to: 128
    hidden_size: 128
    num_layers: 3
    dropout: 0.3214808006624059
    class_weights: True
    aug_choice: 3
Fold 5: 0 trials completed, running 40 more trials...
[I 2024-12-26 07:19:03,169] A new study created in RDB with name: webcam_engagement_classifier
  0%|          | 0/40 [00:00<?, ?it/s]                                        0%|          | 0/40 [01:37<?, ?it/s]Best trial: 0. Best value: 0.490914:   0%|          | 0/40 [01:37<?, ?it/s]Best trial: 0. Best value: 0.490914:   2%|▎         | 1/40 [01:37<1:03:36, 97.87s/it]                                                                                     Best trial: 0. Best value: 0.490914:   2%|▎         | 1/40 [03:00<1:03:36, 97.87s/it]Best trial: 0. Best value: 0.490914:   2%|▎         | 1/40 [03:00<1:03:36, 97.87s/it]Best trial: 0. Best value: 0.490914:   5%|▌         | 2/40 [03:00<56:20, 88.95s/it]                                                                                     Best trial: 0. Best value: 0.490914:   5%|▌         | 2/40 [05:34<56:20, 88.95s/it]Best trial: 2. Best value: 0.547565:   5%|▌         | 2/40 [05:34<56:20, 88.95s/it]Best trial: 2. Best value: 0.547565:   8%|▊         | 3/40 [05:34<1:13:14, 118.77s/it]                                                                                      Best trial: 2. Best value: 0.547565:   8%|▊         | 3/40 [07:20<1:13:14, 118.77s/it]Best trial: 2. Best value: 0.547565:   8%|▊         | 3/40 [07:20<1:13:14, 118.77s/it]Best trial: 2. Best value: 0.547565:  10%|█         | 4/40 [07:20<1:08:08, 113.56s/it]Fold 0: 0 trials completed, running 40 more trials...
[I 2024-12-26 09:03:10,064] A new study created in RDB with name: webcam_engagement_classifier
