Best trial: 13. Best value: 0.57801:  15%|█▍        | 22/150 [1:09:21<4:41:37, 132.01s/it]Best trial: 13. Best value: 0.57801:  15%|█▍        | 22/150 [1:09:21<4:41:37, 132.01s/it]Best trial: 13. Best value: 0.57801:  15%|█▌        | 23/150 [1:09:21<5:17:25, 149.96s/it]                                                                                          Best trial: 13. Best value: 0.57801:  15%|█▌        | 23/150 [1:11:51<5:17:25, 149.96s/it]Best trial: 13. Best value: 0.57801:  15%|█▌        | 23/150 [1:11:51<5:17:25, 149.96s/it]Best trial: 13. Best value: 0.57801:  16%|█▌        | 24/150 [1:11:51<5:15:11, 150.09s/it]                                                                                          Best trial: 13. Best value: 0.57801:  16%|█▌        | 24/150 [1:14:07<5:15:11, 150.09s/it]Best trial: 13. Best value: 0.57801:  16%|█▌        | 24/150 [1:14:07<5:15:11, 150.09s/it]Best trial: 13. Best value: 0.57801:  17%|█▋        | 25/150 [1:14:07<5:03:20, 145.60s/it]                                                                                          Best trial: 13. Best value: 0.57801:  17%|█▋        | 25/150 [1:16:06<5:03:20, 145.60s/it]Best trial: 13. Best value: 0.57801:  17%|█▋        | 25/150 [1:16:06<5:03:20, 145.60s/it]Best trial: 13. Best value: 0.57801:  17%|█▋        | 26/150 [1:16:06<4:44:29, 137.66s/it]                                                                                          Best trial: 13. Best value: 0.57801:  17%|█▋        | 26/150 [1:17:52<4:44:29, 137.66s/it]Best trial: 13. Best value: 0.57801:  17%|█▋        | 26/150 [1:17:52<4:44:29, 137.66s/it]Best trial: 13. Best value: 0.57801:  18%|█▊        | 27/150 [1:17:52<4:22:57, 128.27s/it]                                                                                          Best trial: 13. Best value: 0.57801:  18%|█▊        | 27/150 [1:19:13<4:22:57, 128.27s/it]Best trial: 13. Best value: 0.57801:  18%|█▊        | 27/150 [1:19:13<4:22:57, 128.27s/it]Best trial: 13. Best value: 0.57801:  19%|█▊        | 28/150 [1:19:13<3:52:11, 114.19s/it]                                                                                          Best trial: 13. Best value: 0.57801:  19%|█▊        | 28/150 [1:20:49<3:52:11, 114.19s/it]Best trial: 13. Best value: 0.57801:  19%|█▊        | 28/150 [1:20:49<3:52:11, 114.19s/it]Best trial: 13. Best value: 0.57801:  19%|█▉        | 29/150 [1:20:49<3:38:46, 108.48s/it]                                                                                          Best trial: 13. Best value: 0.57801:  19%|█▉        | 29/150 [1:21:50<3:38:46, 108.48s/it]Best trial: 13. Best value: 0.57801:  19%|█▉        | 29/150 [1:21:50<3:38:46, 108.48s/it]Best trial: 13. Best value: 0.57801:  20%|██        | 30/150 [1:21:50<3:08:39, 94.33s/it]                                                                                          Best trial: 13. Best value: 0.57801:  20%|██        | 30/150 [1:24:55<3:08:39, 94.33s/it]Best trial: 13. Best value: 0.57801:  20%|██        | 30/150 [1:24:55<3:08:39, 94.33s/it]Best trial: 13. Best value: 0.57801:  21%|██        | 31/150 [1:24:55<4:01:12, 121.62s/it]                                                                                          Best trial: 13. Best value: 0.57801:  21%|██        | 31/150 [1:27:08<4:01:12, 121.62s/it]Best trial: 13. Best value: 0.57801:  21%|██        | 31/150 [1:27:09<4:01:12, 121.62s/it]Best trial: 13. Best value: 0.57801:  21%|██▏       | 32/150 [1:27:09<4:06:04, 125.12s/it]                                                                                          Best trial: 13. Best value: 0.57801:  21%|██▏       | 32/150 [1:29:14<4:06:04, 125.12s/it]Best trial: 13. Best value: 0.57801:  21%|██▏       | 32/150 [1:29:14<4:06:04, 125.12s/it]Best trial: 13. Best value: 0.57801:  22%|██▏       | 33/150 [1:29:14<4:04:20, 125.30s/it]                                                                                          Best trial: 13. Best value: 0.57801:  22%|██▏       | 33/150 [1:32:13<4:04:20, 125.30s/it]Best trial: 13. Best value: 0.57801:  22%|██▏       | 33/150 [1:32:13<4:04:20, 125.30s/it]Best trial: 13. Best value: 0.57801:  23%|██▎       | 34/150 [1:32:13<4:33:31, 141.47s/it]                                                                                          Best trial: 13. Best value: 0.57801:  23%|██▎       | 34/150 [1:34:44<4:33:31, 141.47s/it]Best trial: 13. Best value: 0.57801:  23%|██▎       | 34/150 [1:34:44<4:33:31, 141.47s/it]Best trial: 13. Best value: 0.57801:  23%|██▎       | 35/150 [1:34:44<4:36:31, 144.27s/it]                                                                                          Best trial: 13. Best value: 0.57801:  23%|██▎       | 35/150 [1:36:25<4:36:31, 144.27s/it]Best trial: 13. Best value: 0.57801:  23%|██▎       | 35/150 [1:36:25<4:36:31, 144.27s/it]Best trial: 13. Best value: 0.57801:  24%|██▍       | 36/150 [1:36:25<4:09:25, 131.27s/it]                                                                                          Best trial: 13. Best value: 0.57801:  24%|██▍       | 36/150 [1:37:58<4:09:25, 131.27s/it]Best trial: 13. Best value: 0.57801:  24%|██▍       | 36/150 [1:37:58<4:09:25, 131.27s/it]Best trial: 13. Best value: 0.57801:  25%|██▍       | 37/150 [1:37:58<3:45:14, 119.60s/it]                                                                                          Best trial: 13. Best value: 0.57801:  25%|██▍       | 37/150 [1:39:50<3:45:14, 119.60s/it]Best trial: 13. Best value: 0.57801:  25%|██▍       | 37/150 [1:39:50<3:45:14, 119.60s/it]Best trial: 13. Best value: 0.57801:  25%|██▌       | 38/150 [1:39:50<3:39:25, 117.55s/it]                                                                                          Best trial: 13. Best value: 0.57801:  25%|██▌       | 38/150 [1:41:44<3:39:25, 117.55s/it]Best trial: 13. Best value: 0.57801:  25%|██▌       | 38/150 [1:41:44<3:39:25, 117.55s/it]Best trial: 13. Best value: 0.57801:  26%|██▌       | 39/150 [1:41:44<3:35:25, 116.45s/it]                                                                                          Best trial: 13. Best value: 0.57801:  26%|██▌       | 39/150 [1:44:26<3:35:25, 116.45s/it]Best trial: 13. Best value: 0.57801:  26%|██▌       | 39/150 [1:44:26<3:35:25, 116.45s/it]Best trial: 13. Best value: 0.57801:  27%|██▋       | 40/150 [1:44:26<3:58:18, 129.99s/it]                                                                                          Best trial: 13. Best value: 0.57801:  27%|██▋       | 40/150 [1:45:35<3:58:18, 129.99s/it]Best trial: 13. Best value: 0.57801:  27%|██▋       | 40/150 [1:45:35<3:58:18, 129.99s/it]Best trial: 13. Best value: 0.57801:  27%|██▋       | 41/150 [1:45:35<3:22:45, 111.61s/it]                                                                                          Best trial: 13. Best value: 0.57801:  27%|██▋       | 41/150 [1:47:51<3:22:45, 111.61s/it]Best trial: 13. Best value: 0.57801:  27%|██▋       | 41/150 [1:47:51<3:22:45, 111.61s/it]Best trial: 13. Best value: 0.57801:  28%|██▊       | 42/150 [1:47:51<3:34:15, 119.03s/it]                                                                                          Best trial: 13. Best value: 0.57801:  28%|██▊       | 42/150 [1:50:25<3:34:15, 119.03s/it]Best trial: 13. Best value: 0.57801:  28%|██▊       | 42/150 [1:50:25<3:34:15, 119.03s/it]Best trial: 13. Best value: 0.57801:  29%|██▊       | 43/150 [1:50:25<3:51:09, 129.62s/it]                                                                                          Best trial: 13. Best value: 0.57801:  29%|██▊       | 43/150 [1:52:36<3:51:09, 129.62s/it]Best trial: 13. Best value: 0.57801:  29%|██▊       | 43/150 [1:52:36<3:51:09, 129.62s/it]Best trial: 13. Best value: 0.57801:  29%|██▉       | 44/150 [1:52:36<3:49:35, 129.95s/it]                                                                                          [I 2024-12-29 14:39:11,596] Trial 22 finished with value: 0.48841402400177136 and parameters: {'lr': 0.008226506764613959, 'decay': 0.0034233963689130425, 'batch_size': 64, 'nheads': 1, 'project_to': 128, 'hidden_size': 32, 'num_layers': 2, 'dropout': 0.17888695001160676, 'alpha': 0.9470444398361922, 'aug_choice': 2}. Best is trial 13 with value: 0.5780103030910341.
[I 2024-12-29 14:41:41,987] Trial 23 finished with value: 0.5565080240405483 and parameters: {'lr': 0.002635022859881673, 'decay': 0.0011912173334118316, 'batch_size': 64, 'nheads': 1, 'project_to': 128, 'hidden_size': 32, 'num_layers': 2, 'dropout': 0.10490394207350634, 'alpha': 1.263701245010785, 'aug_choice': 2}. Best is trial 13 with value: 0.5780103030910341.
[I 2024-12-29 14:43:57,123] Trial 24 finished with value: 0.550358327239465 and parameters: {'lr': 0.0027069209804329543, 'decay': 0.0009535295096290137, 'batch_size': 64, 'nheads': 1, 'project_to': 128, 'hidden_size': 32, 'num_layers': 2, 'dropout': 0.1075740632826159, 'alpha': 1.2368523634881292, 'aug_choice': 5}. Best is trial 13 with value: 0.5780103030910341.
[I 2024-12-29 14:45:56,237] Trial 25 finished with value: 0.4548207105885889 and parameters: {'lr': 0.0027111191466069775, 'decay': 0.00025691276466858305, 'batch_size': 64, 'nheads': 4, 'project_to': 32, 'hidden_size': 64, 'num_layers': 2, 'dropout': 0.10524304063096244, 'alpha': 1.4988930381805106, 'aug_choice': 5}. Best is trial 13 with value: 0.5780103030910341.
[I 2024-12-29 14:47:42,611] Trial 26 finished with value: 0.43984583609985056 and parameters: {'lr': 0.00016156785755391736, 'decay': 0.0006738327490344745, 'batch_size': 64, 'nheads': 1, 'project_to': 128, 'hidden_size': 32, 'num_layers': 1, 'dropout': 0.10183744082763238, 'alpha': 1.2826740343534702, 'aug_choice': 5}. Best is trial 13 with value: 0.5780103030910341.
[I 2024-12-29 14:49:03,960] Trial 27 finished with value: 0.45235423678224385 and parameters: {'lr': 0.0019992632585828316, 'decay': 0.0008784829706705682, 'batch_size': 64, 'nheads': 1, 'project_to': 128, 'hidden_size': 32, 'num_layers': 3, 'dropout': 0.21549644137558369, 'alpha': 1.2556890960641631, 'aug_choice': 6}. Best is trial 13 with value: 0.5780103030910341.
[I 2024-12-29 14:50:39,106] Trial 28 finished with value: 0.4943442978422462 and parameters: {'lr': 0.0010554349952318865, 'decay': 0.0033676791014872645, 'batch_size': 128, 'nheads': 1, 'project_to': 64, 'hidden_size': 128, 'num_layers': 2, 'dropout': 0.1503413589831641, 'alpha': 1.380042774589755, 'aug_choice': 0}. Best is trial 13 with value: 0.5780103030910341.
[I 2024-12-29 14:51:40,431] Trial 29 finished with value: 0.4894643485612217 and parameters: {'lr': 0.0037310623699580523, 'decay': 0.0002315349503780317, 'batch_size': 64, 'nheads': 1, 'project_to': 32, 'hidden_size': 64, 'num_layers': 1, 'dropout': 0.21385913163331605, 'alpha': 1.0416260681932774, 'aug_choice': 4}. Best is trial 13 with value: 0.5780103030910341.
[I 2024-12-29 14:54:45,725] Trial 30 finished with value: 0.44728920180072074 and parameters: {'lr': 0.0009381914470687573, 'decay': 0.0010613924568749734, 'batch_size': 64, 'nheads': 4, 'project_to': 128, 'hidden_size': 32, 'num_layers': 2, 'dropout': 0.3945980077392629, 'alpha': 1.2146851308214428, 'aug_choice': 7}. Best is trial 13 with value: 0.5780103030910341.
[I 2024-12-29 14:56:59,022] Trial 31 finished with value: 0.5088804627564042 and parameters: {'lr': 0.004802717594337706, 'decay': 0.0012689447834253696, 'batch_size': 64, 'nheads': 1, 'project_to': 128, 'hidden_size': 32, 'num_layers': 2, 'dropout': 0.18506572498803103, 'alpha': 0.7988706467053689, 'aug_choice': 5}. Best is trial 13 with value: 0.5780103030910341.
[I 2024-12-29 14:59:04,746] Trial 32 finished with value: 0.48442524435956535 and parameters: {'lr': 0.006180883714833267, 'decay': 0.0004938847671044508, 'batch_size': 64, 'nheads': 1, 'project_to': 128, 'hidden_size': 32, 'num_layers': 2, 'dropout': 0.13657937443117846, 'alpha': 0.8909608241156504, 'aug_choice': 2}. Best is trial 13 with value: 0.5780103030910341.
[I 2024-12-29 15:02:03,951] Trial 33 finished with value: 0.5256243747314057 and parameters: {'lr': 0.00316498341753581, 'decay': 0.0013546768068239236, 'batch_size': 64, 'nheads': 1, 'project_to': 128, 'hidden_size': 32, 'num_layers': 2, 'dropout': 0.19736210237222568, 'alpha': 0.6991069697424073, 'aug_choice': 1}. Best is trial 13 with value: 0.5780103030910341.
[I 2024-12-29 15:04:34,751] Trial 34 finished with value: 0.5243077931600054 and parameters: {'lr': 0.006203118317387299, 'decay': 0.0026286996196646173, 'batch_size': 64, 'nheads': 1, 'project_to': 128, 'hidden_size': 32, 'num_layers': 1, 'dropout': 0.23319402059396704, 'alpha': 1.0337678943779405, 'aug_choice': 2}. Best is trial 13 with value: 0.5780103030910341.
[I 2024-12-29 15:06:15,699] Trial 35 finished with value: 0.38518536905203765 and parameters: {'lr': 0.0006142618754133108, 'decay': 0.00533220238817549, 'batch_size': 64, 'nheads': 1, 'project_to': 32, 'hidden_size': 32, 'num_layers': 2, 'dropout': 0.2648376032832549, 'alpha': 0.5730678229957804, 'aug_choice': 5}. Best is trial 13 with value: 0.5780103030910341.
[I 2024-12-29 15:07:48,051] Trial 36 finished with value: 0.5116441457690605 and parameters: {'lr': 0.0017982599375732382, 'decay': 0.0014638715656380519, 'batch_size': 64, 'nheads': 4, 'project_to': 128, 'hidden_size': 128, 'num_layers': 3, 'dropout': 0.12949302919986297, 'alpha': 1.398106850587657, 'aug_choice': 4}. Best is trial 13 with value: 0.5780103030910341.
[I 2024-12-29 15:09:40,821] Trial 37 finished with value: 0.48205022780318874 and parameters: {'lr': 0.0025036921961778973, 'decay': 0.000383564112976387, 'batch_size': 128, 'nheads': 1, 'project_to': 32, 'hidden_size': 32, 'num_layers': 2, 'dropout': 0.23521382927712753, 'alpha': 1.2060401576961206, 'aug_choice': 8}. Best is trial 13 with value: 0.5780103030910341.
[I 2024-12-29 15:11:34,703] Trial 38 finished with value: 0.5047539061266392 and parameters: {'lr': 0.006692694204374194, 'decay': 0.0006856940328648001, 'batch_size': 64, 'nheads': 2, 'project_to': 128, 'hidden_size': 64, 'num_layers': 1, 'dropout': 0.16735988421941356, 'alpha': 1.3417058327514009, 'aug_choice': 2}. Best is trial 13 with value: 0.5780103030910341.
[I 2024-12-29 15:14:16,279] Trial 39 finished with value: 0.4499954674092494 and parameters: {'lr': 0.004054211086277658, 'decay': 0.0026470202643761468, 'batch_size': 64, 'nheads': 1, 'project_to': 64, 'hidden_size': 128, 'num_layers': 2, 'dropout': 0.35159118061180283, 'alpha': 1.4766435358796828, 'aug_choice': 1}. Best is trial 13 with value: 0.5780103030910341.
[I 2024-12-29 15:15:25,024] Trial 40 finished with value: 0.44704123807879137 and parameters: {'lr': 0.0013373111741889297, 'decay': 4.766949410843415e-05, 'batch_size': 128, 'nheads': 1, 'project_to': 32, 'hidden_size': 32, 'num_layers': 3, 'dropout': 0.26758210805498106, 'alpha': 1.044103351128579, 'aug_choice': 0}. Best is trial 13 with value: 0.5780103030910341.
[I 2024-12-29 15:17:41,360] Trial 41 finished with value: 0.5032287933664827 and parameters: {'lr': 0.009443455559069799, 'decay': 0.0016953680215147987, 'batch_size': 64, 'nheads': 1, 'project_to': 128, 'hidden_size': 32, 'num_layers': 2, 'dropout': 0.1586989985440979, 'alpha': 1.1840556258820254, 'aug_choice': 2}. Best is trial 13 with value: 0.5780103030910341.
[I 2024-12-29 15:20:15,687] Trial 42 finished with value: 0.47983975174326027 and parameters: {'lr': 0.006688768496189926, 'decay': 0.0005246217561069565, 'batch_size': 64, 'nheads': 1, 'project_to': 128, 'hidden_size': 32, 'num_layers': 2, 'dropout': 0.12903969316854313, 'alpha': 0.880381974388218, 'aug_choice': 2}. Best is trial 13 with value: 0.5780103030910341.
[I 2024-12-29 15:22:26,417] Trial 43 finished with value: 0.49110112676426876 and parameters: {'lr': 0.009949084360748834, 'decay': 0.0008642312948678048, 'batch_size': 64, 'nheads': 1, 'project_to': 128, 'hidden_size': 32, 'num_layers': 2, 'dropout': 0.21238202812535464, 'alpha': 1.1175543402818482, 'aug_choice': 2}. Best is trial 13 with value: 0.5780103030910341.
