[I 2024-12-28 23:29:03,793] Trial 23 finished with value: 0.5278240097867228 and parameters: {'lr': 0.00014478916112183892, 'decay': 0.0014831782267243714, 'batch_size': 64, 'nheads': 4, 'project_to': 64, 'hidden_size': 128, 'num_layers': 1, 'dropout': 0.31767894817011355, 'aug_choice': 3}. Best is trial 22 with value: 0.5939308893339964.
Best trial: 22. Best value: 0.593931:  60%|██████    | 24/40 [1:38:45<1:35:45, 359.10s/it]Best trial: 22. Best value: 0.593931:  60%|██████    | 24/40 [1:38:45<1:35:45, 359.10s/it]Best trial: 22. Best value: 0.593931:  62%|██████▎   | 25/40 [1:38:45<1:31:16, 365.12s/it]                                                                                          Best trial: 22. Best value: 0.593931:  62%|██████▎   | 25/40 [1:44:52<1:31:16, 365.12s/it]Best trial: 22. Best value: 0.593931:  62%|██████▎   | 25/40 [1:44:52<1:31:16, 365.12s/it]Best trial: 22. Best value: 0.593931:  65%|██████▌   | 26/40 [1:44:52<1:25:21, 365.79s/it]                                                                                          Best trial: 22. Best value: 0.593931:  65%|██████▌   | 26/40 [1:50:10<1:25:21, 365.79s/it]Best trial: 22. Best value: 0.593931:  65%|██████▌   | 26/40 [1:50:10<1:25:21, 365.79s/it]Best trial: 22. Best value: 0.593931:  68%|██████▊   | 27/40 [1:50:10<1:16:08, 351.43s/it]                                                                                          Best trial: 22. Best value: 0.593931:  68%|██████▊   | 27/40 [1:53:31<1:16:08, 351.43s/it]Best trial: 22. Best value: 0.593931:  68%|██████▊   | 27/40 [1:53:31<1:16:08, 351.43s/it]Best trial: 22. Best value: 0.593931:  70%|███████   | 28/40 [1:53:31<1:01:15, 306.33s/it]                                                                                          Best trial: 22. Best value: 0.593931:  70%|███████   | 28/40 [1:55:15<1:01:15, 306.33s/it]Best trial: 22. Best value: 0.593931:  70%|███████   | 28/40 [1:55:15<1:01:15, 306.33s/it]Best trial: 22. Best value: 0.593931:  72%|███████▎  | 29/40 [1:55:15<45:02, 245.71s/it]                                                                                          Best trial: 22. Best value: 0.593931:  72%|███████▎  | 29/40 [1:57:47<45:02, 245.71s/it]Best trial: 22. Best value: 0.593931:  72%|███████▎  | 29/40 [1:57:47<45:02, 245.71s/it]Best trial: 22. Best value: 0.593931:  75%|███████▌  | 30/40 [1:57:47<36:15, 217.55s/it]                                                                                        Best trial: 22. Best value: 0.593931:  75%|███████▌  | 30/40 [2:06:14<36:15, 217.55s/it]Best trial: 22. Best value: 0.593931:  75%|███████▌  | 30/40 [2:06:14<36:15, 217.55s/it]Best trial: 22. Best value: 0.593931:  78%|███████▊  | 31/40 [2:06:14<45:40, 304.49s/it]                                                                                        Best trial: 22. Best value: 0.593931:  78%|███████▊  | 31/40 [2:13:11<45:40, 304.49s/it]Best trial: 22. Best value: 0.593931:  78%|███████▊  | 31/40 [2:13:11<45:40, 304.49s/it]Best trial: 22. Best value: 0.593931:  80%|████████  | 32/40 [2:13:11<45:04, 338.07s/it]                                                                                        Best trial: 22. Best value: 0.593931:  80%|████████  | 32/40 [2:19:03<45:04, 338.07s/it]Best trial: 22. Best value: 0.593931:  80%|████████  | 32/40 [2:19:03<45:04, 338.07s/it]Best trial: 22. Best value: 0.593931:  82%|████████▎ | 33/40 [2:19:03<39:56, 342.39s/it]                                                                                        Best trial: 22. Best value: 0.593931:  82%|████████▎ | 33/40 [2:23:35<39:56, 342.39s/it]Best trial: 22. Best value: 0.593931:  82%|████████▎ | 33/40 [2:23:35<39:56, 342.39s/it]Best trial: 22. Best value: 0.593931:  85%|████████▌ | 34/40 [2:23:35<32:07, 321.17s/it]                                                                                        Best trial: 22. Best value: 0.593931:  85%|████████▌ | 34/40 [2:25:53<32:07, 321.17s/it]Best trial: 22. Best value: 0.593931:  85%|████████▌ | 34/40 [2:25:53<32:07, 321.17s/it]Best trial: 22. Best value: 0.593931:  88%|████████▊ | 35/40 [2:25:53<22:10, 266.13s/it]                                                                                        Best trial: 22. Best value: 0.593931:  88%|████████▊ | 35/40 [2:30:53<22:10, 266.13s/it]Best trial: 22. Best value: 0.593931:  88%|████████▊ | 35/40 [2:30:53<22:10, 266.13s/it]Best trial: 22. Best value: 0.593931:  90%|█████████ | 36/40 [2:30:53<18:25, 276.41s/it]                                                                                        Best trial: 22. Best value: 0.593931:  90%|█████████ | 36/40 [2:32:18<18:25, 276.41s/it]Best trial: 22. Best value: 0.593931:  90%|█████████ | 36/40 [2:32:19<18:25, 276.41s/it]Best trial: 22. Best value: 0.593931:  92%|█████████▎| 37/40 [2:32:19<10:57, 219.12s/it]                                                                                        Best trial: 22. Best value: 0.593931:  92%|█████████▎| 37/40 [2:34:50<10:57, 219.12s/it]Best trial: 22. Best value: 0.593931:  92%|█████████▎| 37/40 [2:34:50<10:57, 219.12s/it]Best trial: 22. Best value: 0.593931:  95%|█████████▌| 38/40 [2:34:50<06:37, 198.96s/it]                                                                                        Best trial: 22. Best value: 0.593931:  95%|█████████▌| 38/40 [2:38:04<06:37, 198.96s/it]Best trial: 22. Best value: 0.593931:  95%|█████████▌| 38/40 [2:38:04<06:37, 198.96s/it]Best trial: 22. Best value: 0.593931:  98%|█████████▊| 39/40 [2:38:04<03:17, 197.20s/it]                                                                                        Best trial: 22. Best value: 0.593931:  98%|█████████▊| 39/40 [2:46:22<03:17, 197.20s/it]Best trial: 22. Best value: 0.593931:  98%|█████████▊| 39/40 [2:46:22<03:17, 197.20s/it]Best trial: 22. Best value: 0.593931: 100%|██████████| 40/40 [2:46:22<00:00, 287.54s/it]Best trial: 22. Best value: 0.593931: 100%|██████████| 40/40 [2:46:22<00:00, 249.56s/it]
[I 2024-12-28 23:35:22,950] Trial 24 finished with value: 0.5548366454011585 and parameters: {'lr': 0.0004161041607609607, 'decay': 0.004259336244306024, 'batch_size': 64, 'nheads': 4, 'project_to': 64, 'hidden_size': 128, 'num_layers': 1, 'dropout': 0.1961692539392782, 'aug_choice': 3}. Best is trial 22 with value: 0.5939308893339964.
[I 2024-12-28 23:41:30,323] Trial 25 finished with value: 0.5543073872886631 and parameters: {'lr': 0.0010988936032854584, 'decay': 0.00460971739399032, 'batch_size': 64, 'nheads': 4, 'project_to': 64, 'hidden_size': 128, 'num_layers': 1, 'dropout': 0.19816547771325893, 'aug_choice': 3}. Best is trial 22 with value: 0.5939308893339964.
[I 2024-12-28 23:46:48,255] Trial 26 finished with value: 0.5255020283952131 and parameters: {'lr': 0.0005768327385993724, 'decay': 0.0009146210746327084, 'batch_size': 64, 'nheads': 4, 'project_to': 64, 'hidden_size': 128, 'num_layers': 1, 'dropout': 0.28279232593032744, 'aug_choice': 3}. Best is trial 22 with value: 0.5939308893339964.
[I 2024-12-28 23:50:09,338] Trial 27 finished with value: 0.5021827311563675 and parameters: {'lr': 0.0016082267343264466, 'decay': 0.009536440572911331, 'batch_size': 64, 'nheads': 4, 'project_to': 64, 'hidden_size': 128, 'num_layers': 1, 'dropout': 0.17620879045327723, 'aug_choice': 2}. Best is trial 22 with value: 0.5939308893339964.
[I 2024-12-28 23:51:53,604] Trial 28 finished with value: 0.3633535732038878 and parameters: {'lr': 0.00013009878372342423, 'decay': 0.004065675749102722, 'batch_size': 64, 'nheads': 4, 'project_to': 64, 'hidden_size': 128, 'num_layers': 1, 'dropout': 0.3821865340900144, 'aug_choice': 0}. Best is trial 22 with value: 0.5939308893339964.
[I 2024-12-28 23:54:25,464] Trial 29 finished with value: 0.528012901727058 and parameters: {'lr': 0.0003304202256713912, 'decay': 0.0011534646917657119, 'batch_size': 64, 'nheads': 4, 'project_to': 64, 'hidden_size': 128, 'num_layers': 2, 'dropout': 0.23230433402934875, 'aug_choice': 5}. Best is trial 22 with value: 0.5939308893339964.
[I 2024-12-29 00:02:52,821] Trial 30 finished with value: 0.4652389637991888 and parameters: {'lr': 0.00090490091070637, 'decay': 0.0057180408395181735, 'batch_size': 64, 'nheads': 4, 'project_to': 128, 'hidden_size': 128, 'num_layers': 1, 'dropout': 0.4323106583750625, 'aug_choice': 3}. Best is trial 22 with value: 0.5939308893339964.
[I 2024-12-29 00:09:49,234] Trial 31 finished with value: 0.5624469456520252 and parameters: {'lr': 0.001105620281258967, 'decay': 0.0035191265489607788, 'batch_size': 64, 'nheads': 4, 'project_to': 64, 'hidden_size': 128, 'num_layers': 1, 'dropout': 0.15939233748865897, 'aug_choice': 3}. Best is trial 22 with value: 0.5939308893339964.
[I 2024-12-29 00:15:41,709] Trial 32 finished with value: 0.5885783271589284 and parameters: {'lr': 0.0005501606868369038, 'decay': 0.0033192677073332474, 'batch_size': 64, 'nheads': 4, 'project_to': 64, 'hidden_size': 128, 'num_layers': 1, 'dropout': 0.15788310339034747, 'aug_choice': 3}. Best is trial 22 with value: 0.5939308893339964.
[I 2024-12-29 00:20:13,354] Trial 33 finished with value: 0.5011597526901916 and parameters: {'lr': 0.002085870890363896, 'decay': 0.0002722709571968822, 'batch_size': 64, 'nheads': 4, 'project_to': 64, 'hidden_size': 128, 'num_layers': 1, 'dropout': 0.14374269476598295, 'aug_choice': 3}. Best is trial 22 with value: 0.5939308893339964.
[I 2024-12-29 00:22:31,077] Trial 34 finished with value: 0.4500280976447272 and parameters: {'lr': 0.0005466069048630626, 'decay': 0.0030531559676283517, 'batch_size': 64, 'nheads': 1, 'project_to': 64, 'hidden_size': 128, 'num_layers': 1, 'dropout': 0.3444107848161938, 'aug_choice': 2}. Best is trial 22 with value: 0.5939308893339964.
[I 2024-12-29 00:27:31,450] Trial 35 finished with value: 0.5757289644248431 and parameters: {'lr': 0.001418676832261498, 'decay': 0.0014003383710169456, 'batch_size': 64, 'nheads': 4, 'project_to': 64, 'hidden_size': 64, 'num_layers': 1, 'dropout': 0.26291551191019874, 'aug_choice': 3}. Best is trial 22 with value: 0.5939308893339964.
[I 2024-12-29 00:28:56,895] Trial 36 finished with value: 0.4951320476160453 and parameters: {'lr': 0.0018105550737713579, 'decay': 0.006483832208175722, 'batch_size': 64, 'nheads': 4, 'project_to': 128, 'hidden_size': 64, 'num_layers': 1, 'dropout': 0.28096890001905, 'aug_choice': 6}. Best is trial 22 with value: 0.5939308893339964.
[I 2024-12-29 00:31:28,805] Trial 37 finished with value: 0.37871123305725496 and parameters: {'lr': 0.00042612663346824594, 'decay': 0.001206995587188479, 'batch_size': 64, 'nheads': 4, 'project_to': 64, 'hidden_size': 64, 'num_layers': 2, 'dropout': 0.43277890822983134, 'aug_choice': 8}. Best is trial 22 with value: 0.5939308893339964.
[I 2024-12-29 00:34:41,900] Trial 38 finished with value: 0.49540410088490416 and parameters: {'lr': 0.000260366837484061, 'decay': 0.0015705120525196488, 'batch_size': 64, 'nheads': 1, 'project_to': 64, 'hidden_size': 64, 'num_layers': 1, 'dropout': 0.24637135719692105, 'aug_choice': 7}. Best is trial 22 with value: 0.5939308893339964.
[I 2024-12-29 00:43:00,249] Trial 39 finished with value: 0.487094552581372 and parameters: {'lr': 7.355990032906192e-05, 'decay': 0.0003802910269215892, 'batch_size': 64, 'nheads': 4, 'project_to': 128, 'hidden_size': 64, 'num_layers': 3, 'dropout': 0.48856755089489656, 'aug_choice': 3}. Best is trial 22 with value: 0.5939308893339964.

Optimization finished!
Best macro F1: 0.5939
Best hyperparameters:
    lr: 0.0005036674439915768
    decay: 0.0021967562213752083
    batch_size: 64
    nheads: 4
    project_to: 64
    hidden_size: 128
    num_layers: 1
    dropout: 0.10067521889528376
    aug_choice: 3
Fold 2: 0 trials completed, running 40 more trials...
[I 2024-12-29 00:43:02,519] A new study created in RDB with name: webcam_engagement_classifier
  0%|          | 0/40 [00:00<?, ?it/s]                                        0%|          | 0/40 [01:48<?, ?it/s]Best trial: 0. Best value: 0.464121:   0%|          | 0/40 [01:48<?, ?it/s]Best trial: 0. Best value: 0.464121:   2%|▎         | 1/40 [01:48<1:10:39, 108.70s/it]                                                                                      Best trial: 0. Best value: 0.464121:   2%|▎         | 1/40 [05:39<1:10:39, 108.70s/it]Best trial: 0. Best value: 0.464121:   2%|▎         | 1/40 [05:39<1:10:39, 108.70s/it]Best trial: 0. Best value: 0.464121:   5%|▌         | 2/40 [05:39<1:54:10, 180.27s/it]                                                                                      Best trial: 0. Best value: 0.464121:   5%|▌         | 2/40 [12:01<1:54:10, 180.27s/it]Best trial: 2. Best value: 0.478365:   5%|▌         | 2/40 [12:01<1:54:10, 180.27s/it]Best trial: 2. Best value: 0.478365:   8%|▊         | 3/40 [12:01<2:48:09, 272.68s/it]                                                                                      Best trial: 2. Best value: 0.478365:   8%|▊         | 3/40 [24:55<2:48:09, 272.68s/it]Best trial: 3. Best value: 0.481148:   8%|▊         | 3/40 [24:55<2:48:09, 272.68s/it]Best trial: 3. Best value: 0.481148:  10%|█         | 4/40 [24:55<4:42:22, 470.62s/it]                                                                                      Best trial: 3. Best value: 0.481148:  10%|█         | 4/40 [29:08<4:42:22, 470.62s/it]Best trial: 3. Best value: 0.481148:  10%|█         | 4/40 [29:08<4:42:22, 470.62s/it]Best trial: 3. Best value: 0.481148:  12%|█▎        | 5/40 [29:08<3:48:36, 391.91s/it]                                                                                      Best trial: 3. Best value: 0.481148:  12%|█▎        | 5/40 [31:13<3:48:36, 391.91s/it]Best trial: 5. Best value: 0.494383:  12%|█▎        | 5/40 [31:13<3:48:36, 391.91s/it]Best trial: 5. Best value: 0.494383:  15%|█▌        | 6/40 [31:13<2:50:43, 301.26s/it]                                                                                      Best trial: 5. Best value: 0.494383:  15%|█▌        | 6/40 [34:59<2:50:43, 301.26s/it]Best trial: 6. Best value: 0.506716:  15%|█▌        | 6/40 [34:59<2:50:43, 301.26s/it]Best trial: 6. Best value: 0.506716:  18%|█▊        | 7/40 [34:59<2:32:08, 276.63s/it]                                                                                      Best trial: 6. Best value: 0.506716:  18%|█▊        | 7/40 [37:44<2:32:08, 276.63s/it]Best trial: 6. Best value: 0.506716:  18%|█▊        | 7/40 [37:44<2:32:08, 276.63s/it]Best trial: 6. Best value: 0.506716:  20%|██        | 8/40 [37:44<2:08:34, 241.08s/it]                                                                                      Best trial: 6. Best value: 0.506716:  20%|██        | 8/40 [40:04<2:08:34, 241.08s/it]Best trial: 6. Best value: 0.506716:  20%|██        | 8/40 [40:04<2:08:34, 241.08s/it]Best trial: 6. Best value: 0.506716:  22%|██▎       | 9/40 [40:04<1:48:14, 209.49s/it]                                                                                      Best trial: 6. Best value: 0.506716:  22%|██▎       | 9/40 [51:35<1:48:14, 209.49s/it]Best trial: 6. Best value: 0.506716:  22%|██▎       | 9/40 [51:35<1:48:14, 209.49s/it]Best trial: 6. Best value: 0.506716:  25%|██▌       | 10/40 [51:35<2:59:03, 358.12s/it]                                                                                       Best trial: 6. Best value: 0.506716:  25%|██▌       | 10/40 [53:41<2:59:03, 358.12s/it]Best trial: 10. Best value: 0.530968:  25%|██▌       | 10/40 [53:41<2:59:03, 358.12s/it]Best trial: 10. Best value: 0.530968:  28%|██▊       | 11/40 [53:41<2:18:51, 287.29s/it]                                                                                        Best trial: 10. Best value: 0.530968:  28%|██▊       | 11/40 [55:51<2:18:51, 287.29s/it]Best trial: 11. Best value: 0.560752:  28%|██▊       | 11/40 [55:51<2:18:51, 287.29s/it]Best trial: 11. Best value: 0.560752:  30%|███       | 12/40 [55:51<1:51:39, 239.27s/it]                                                                                        Best trial: 11. Best value: 0.560752:  30%|███       | 12/40 [57:53<1:51:39, 239.27s/it]Best trial: 11. Best value: 0.560752:  30%|███       | 12/40 [57:53<1:51:39, 239.27s/it]Best trial: 11. Best value: 0.560752:  32%|███▎      | 13/40 [57:53<1:31:41, 203.77s/it]                                                                                        Best trial: 11. Best value: 0.560752:  32%|███▎      | 13/40 [59:43<1:31:41, 203.77s/it]Best trial: 11. Best value: 0.560752:  32%|███▎      | 13/40 [59:43<1:31:41, 203.77s/it]Best trial: 11. Best value: 0.560752:  35%|███▌      | 14/40 [59:43<1:16:04, 175.56s/it]                                                                                        Best trial: 11. Best value: 0.560752:  35%|███▌      | 14/40 [1:01:11<1:16:04, 175.56s/it]Best trial: 11. Best value: 0.560752:  35%|███▌      | 14/40 [1:01:11<1:16:04, 175.56s/it]Best trial: 11. Best value: 0.560752:  38%|███▊      | 15/40 [1:01:11<1:02:05, 149.03s/it]                                                                                          Best trial: 11. Best value: 0.560752:  38%|███▊      | 15/40 [1:03:16<1:02:05, 149.03s/it]Best trial: 11. Best value: 0.560752:  38%|███▊      | 15/40 [1:03:16<1:02:05, 149.03s/it]Best trial: 11. Best value: 0.560752:  40%|████      | 16/40 [1:03:16<56:44, 141.84s/it]                                                                                          Best trial: 11. Best value: 0.560752:  40%|████      | 16/40 [1:05:30<56:44, 141.84s/it]Best trial: 11. Best value: 0.560752:  40%|████      | 16/40 [1:05:30<56:44, 141.84s/it]Best trial: 11. Best value: 0.560752:  42%|████▎     | 17/40 [1:05:30<53:26, 139.41s/it]                                                                                        Best trial: 11. Best value: 0.560752:  42%|████▎     | 17/40 [1:07:49<53:26, 139.41s/it]Best trial: 11. Best value: 0.560752:  42%|████▎     | 17/40 [1:07:49<53:26, 139.41s/it]Best trial: 11. Best value: 0.560752:  45%|████▌     | 18/40 [1:07:49<51:07, 139.43s/it]                                                                                        Best trial: 11. Best value: 0.560752:  45%|████▌     | 18/40 [1:11:39<51:07, 139.43s/it]Best trial: 11. Best value: 0.560752:  45%|████▌     | 18/40 [1:11:39<51:07, 139.43s/it]Best trial: 11. Best value: 0.560752:  48%|████▊     | 19/40 [1:11:39<58:15, 166.46s/it]                                                                                        Best trial: 11. Best value: 0.560752:  48%|████▊     | 19/40 [1:13:39<58:15, 166.46s/it]Best trial: 11. Best value: 0.560752:  48%|████▊     | 19/40 [1:13:39<58:15, 166.46s/it]Best trial: 11. Best value: 0.560752:  50%|█████     | 20/40 [1:13:39<50:49, 152.49s/it]                                                                                        Best trial: 11. Best value: 0.560752:  50%|█████     | 20/40 [1:16:28<50:49, 152.49s/it]Best trial: 11. Best value: 0.560752:  50%|█████     | 20/40 [1:16:28<50:49, 152.49s/it]Best trial: 11. Best value: 0.560752:  52%|█████▎    | 21/40 [1:16:28<49:54, 157.59s/it]                                                                                        Best trial: 11. Best value: 0.560752:  52%|█████▎    | 21/40 [1:18:47<49:54, 157.59s/it]Best trial: 11. Best value: 0.560752:  52%|█████▎    | 21/40 [1:18:47<49:54, 157.59s/it]Best trial: 11. Best value: 0.560752:  55%|█████▌    | 22/40 [1:18:47<45:34, 151.93s/it]                                                                                        Best trial: 11. Best value: 0.560752:  55%|█████▌    | 22/40 [1:20:51<45:34, 151.93s/it]Best trial: 11. Best value: 0.560752:  55%|█████▌    | 22/40 [1:20:51<45:34, 151.93s/it]Best trial: 11. Best value: 0.560752:  57%|█████▊    | 23/40 [1:20:51<40:39, 143.49s/it]                                                                                        Best trial: 11. Best value: 0.560752:  57%|█████▊    | 23/40 [1:23:54<40:39, 143.49s/it]Best trial: 11. Best value: 0.560752:  57%|█████▊    | 23/40 [1:23:54<40:39, 143.49s/it]Best trial: 11. Best value: 0.560752:  60%|██████    | 24/40 [1:23:54<41:27, 155.45s/it]                                                                                        [I 2024-12-29 00:44:51,219] Trial 0 finished with value: 0.46412146208862887 and parameters: {'lr': 0.007407578956627979, 'decay': 0.0002368276631877748, 'batch_size': 128, 'nheads': 2, 'project_to': 64, 'hidden_size': 64, 'num_layers': 1, 'dropout': 0.5769239532557535, 'aug_choice': 0}. Best is trial 0 with value: 0.46412146208862887.
[I 2024-12-29 00:48:41,584] Trial 1 finished with value: 0.422100421421051 and parameters: {'lr': 0.008856446367373884, 'decay': 1.056581890983207e-05, 'batch_size': 64, 'nheads': 2, 'project_to': 128, 'hidden_size': 64, 'num_layers': 3, 'dropout': 0.6517972092122502, 'aug_choice': 7}. Best is trial 0 with value: 0.46412146208862887.
[I 2024-12-29 00:55:04,237] Trial 2 finished with value: 0.4783650555050089 and parameters: {'lr': 0.0001290205854553875, 'decay': 3.1021991110869224e-05, 'batch_size': 64, 'nheads': 1, 'project_to': 32, 'hidden_size': 64, 'num_layers': 3, 'dropout': 0.13407749733837804, 'aug_choice': 3}. Best is trial 2 with value: 0.4783650555050089.
[I 2024-12-29 01:07:58,291] Trial 3 finished with value: 0.48114795337162725 and parameters: {'lr': 6.097936588686407e-05, 'decay': 0.004695399751612066, 'batch_size': 128, 'nheads': 1, 'project_to': 32, 'hidden_size': 64, 'num_layers': 2, 'dropout': 0.528005785614854, 'aug_choice': 3}. Best is trial 3 with value: 0.48114795337162725.
