Best trial: 41. Best value: 0.56679:  29%|██▉       | 44/150 [2:54:22<5:55:31, 201.24s/it]Best trial: 41. Best value: 0.56679:  29%|██▉       | 44/150 [2:54:22<5:55:31, 201.24s/it]Best trial: 41. Best value: 0.56679:  30%|███       | 45/150 [2:54:22<5:19:35, 182.63s/it]                                                                                          Best trial: 41. Best value: 0.56679:  30%|███       | 45/150 [2:57:59<5:19:35, 182.63s/it]Best trial: 41. Best value: 0.56679:  30%|███       | 45/150 [2:57:59<5:19:35, 182.63s/it]Best trial: 41. Best value: 0.56679:  31%|███       | 46/150 [2:57:59<5:34:16, 192.85s/it]                                                                                          Best trial: 41. Best value: 0.56679:  31%|███       | 46/150 [3:00:03<5:34:16, 192.85s/it]Best trial: 41. Best value: 0.56679:  31%|███       | 46/150 [3:00:03<5:34:16, 192.85s/it]Best trial: 41. Best value: 0.56679:  31%|███▏      | 47/150 [3:00:03<4:55:50, 172.33s/it]                                                                                          Best trial: 41. Best value: 0.56679:  31%|███▏      | 47/150 [3:04:55<4:55:50, 172.33s/it]Best trial: 41. Best value: 0.56679:  31%|███▏      | 47/150 [3:04:55<4:55:50, 172.33s/it]Best trial: 41. Best value: 0.56679:  32%|███▏      | 48/150 [3:04:55<5:54:03, 208.27s/it]                                                                                          Best trial: 41. Best value: 0.56679:  32%|███▏      | 48/150 [3:07:03<5:54:03, 208.27s/it]Best trial: 41. Best value: 0.56679:  32%|███▏      | 48/150 [3:07:03<5:54:03, 208.27s/it]Best trial: 41. Best value: 0.56679:  33%|███▎      | 49/150 [3:07:03<5:09:56, 184.13s/it]                                                                                          Best trial: 41. Best value: 0.56679:  33%|███▎      | 49/150 [3:10:52<5:09:56, 184.13s/it]Best trial: 41. Best value: 0.56679:  33%|███▎      | 49/150 [3:10:52<5:09:56, 184.13s/it]Best trial: 41. Best value: 0.56679:  33%|███▎      | 50/150 [3:10:52<5:29:03, 197.44s/it]                                                                                          Best trial: 41. Best value: 0.56679:  33%|███▎      | 50/150 [3:16:11<5:29:03, 197.44s/it]Best trial: 41. Best value: 0.56679:  33%|███▎      | 50/150 [3:16:11<5:29:03, 197.44s/it]Best trial: 41. Best value: 0.56679:  34%|███▍      | 51/150 [3:16:11<6:26:05, 234.00s/it]                                                                                          Best trial: 41. Best value: 0.56679:  34%|███▍      | 51/150 [3:19:42<6:26:05, 234.00s/it]Best trial: 41. Best value: 0.56679:  34%|███▍      | 51/150 [3:19:42<6:26:05, 234.00s/it]Best trial: 41. Best value: 0.56679:  35%|███▍      | 52/150 [3:19:42<6:10:44, 226.99s/it]                                                                                          Best trial: 41. Best value: 0.56679:  35%|███▍      | 52/150 [3:22:50<6:10:44, 226.99s/it]Best trial: 41. Best value: 0.56679:  35%|███▍      | 52/150 [3:22:50<6:10:44, 226.99s/it]Best trial: 41. Best value: 0.56679:  35%|███▌      | 53/150 [3:22:50<5:48:19, 215.46s/it]                                                                                          Best trial: 41. Best value: 0.56679:  35%|███▌      | 53/150 [3:25:56<5:48:19, 215.46s/it]Best trial: 41. Best value: 0.56679:  35%|███▌      | 53/150 [3:25:56<5:48:19, 215.46s/it]Best trial: 41. Best value: 0.56679:  36%|███▌      | 54/150 [3:25:56<5:30:22, 206.49s/it]                                                                                          Best trial: 41. Best value: 0.56679:  36%|███▌      | 54/150 [3:30:45<5:30:22, 206.49s/it]Best trial: 41. Best value: 0.56679:  36%|███▌      | 54/150 [3:30:45<5:30:22, 206.49s/it]Best trial: 41. Best value: 0.56679:  37%|███▋      | 55/150 [3:30:45<6:06:06, 231.22s/it]                                                                                          Best trial: 41. Best value: 0.56679:  37%|███▋      | 55/150 [3:33:55<6:06:06, 231.22s/it]Best trial: 41. Best value: 0.56679:  37%|███▋      | 55/150 [3:33:55<6:06:06, 231.22s/it]Best trial: 41. Best value: 0.56679:  37%|███▋      | 56/150 [3:33:55<5:43:00, 218.94s/it]                                                                                          Best trial: 41. Best value: 0.56679:  37%|███▋      | 56/150 [3:35:24<5:43:00, 218.94s/it]Best trial: 41. Best value: 0.56679:  37%|███▋      | 56/150 [3:35:24<5:43:00, 218.94s/it]Best trial: 41. Best value: 0.56679:  38%|███▊      | 57/150 [3:35:24<4:38:58, 179.98s/it]                                                                                          Best trial: 41. Best value: 0.56679:  38%|███▊      | 57/150 [3:38:07<4:38:58, 179.98s/it]Best trial: 41. Best value: 0.56679:  38%|███▊      | 57/150 [3:38:07<4:38:58, 179.98s/it]Best trial: 41. Best value: 0.56679:  39%|███▊      | 58/150 [3:38:07<4:28:16, 174.96s/it]                                                                                          Best trial: 41. Best value: 0.56679:  39%|███▊      | 58/150 [3:40:39<4:28:16, 174.96s/it]Best trial: 41. Best value: 0.56679:  39%|███▊      | 58/150 [3:40:39<4:28:16, 174.96s/it]Best trial: 41. Best value: 0.56679:  39%|███▉      | 59/150 [3:40:39<4:14:35, 167.86s/it]                                                                                          Best trial: 41. Best value: 0.56679:  39%|███▉      | 59/150 [3:44:15<4:14:35, 167.86s/it]Best trial: 41. Best value: 0.56679:  39%|███▉      | 59/150 [3:44:15<4:14:35, 167.86s/it]Best trial: 41. Best value: 0.56679:  40%|████      | 60/150 [3:44:15<4:33:33, 182.37s/it]                                                                                          Best trial: 41. Best value: 0.56679:  40%|████      | 60/150 [3:45:59<4:33:33, 182.37s/it]Best trial: 41. Best value: 0.56679:  40%|████      | 60/150 [3:45:59<4:33:33, 182.37s/it]Best trial: 41. Best value: 0.56679:  41%|████      | 61/150 [3:45:59<3:55:55, 159.05s/it]                                                                                          Best trial: 41. Best value: 0.56679:  41%|████      | 61/150 [3:49:20<3:55:55, 159.05s/it]Best trial: 41. Best value: 0.56679:  41%|████      | 61/150 [3:49:20<3:55:55, 159.05s/it]Best trial: 41. Best value: 0.56679:  41%|████▏     | 62/150 [3:49:20<4:11:25, 171.43s/it]                                                                                          Best trial: 41. Best value: 0.56679:  41%|████▏     | 62/150 [3:52:29<4:11:25, 171.43s/it]Best trial: 41. Best value: 0.56679:  41%|████▏     | 62/150 [3:52:29<4:11:25, 171.43s/it]Best trial: 41. Best value: 0.56679:  42%|████▏     | 63/150 [3:52:29<4:16:29, 176.89s/it]                                                                                          Best trial: 41. Best value: 0.56679:  42%|████▏     | 63/150 [3:55:50<4:16:29, 176.89s/it]Best trial: 41. Best value: 0.56679:  42%|████▏     | 63/150 [3:55:50<4:16:29, 176.89s/it]Best trial: 41. Best value: 0.56679:  43%|████▎     | 64/150 [3:55:50<4:23:47, 184.04s/it]                                                                                          Best trial: 41. Best value: 0.56679:  43%|████▎     | 64/150 [3:59:04<4:23:47, 184.04s/it]Best trial: 41. Best value: 0.56679:  43%|████▎     | 64/150 [3:59:04<4:23:47, 184.04s/it]Best trial: 41. Best value: 0.56679:  43%|████▎     | 65/150 [3:59:04<4:24:43, 186.86s/it]                                                                                          Best trial: 41. Best value: 0.56679:  43%|████▎     | 65/150 [4:04:11<4:24:43, 186.86s/it]Best trial: 41. Best value: 0.56679:  43%|████▎     | 65/150 [4:04:11<4:24:43, 186.86s/it]Best trial: 41. Best value: 0.56679:  44%|████▍     | 66/150 [4:04:11<5:12:10, 222.99s/it]                                                                                          [I 2025-01-03 03:52:05,333] Trial 44 finished with value: 0.48403660057826164 and parameters: {'lr': 0.007281892316825417, 'decay': 2.3259100270731312e-05, 'batch_size': 64, 'nheads': 1, 'project_to': 128, 'hidden_size': 32, 'num_layers': 2, 'dropout': 0.5006415763817434, 'alpha': 1.0423251409953642, 'aug_choice': 5}. Best is trial 41 with value: 0.56678959769374.
[I 2025-01-03 03:55:42,044] Trial 45 finished with value: 0.43927332041959477 and parameters: {'lr': 0.00044654193773594993, 'decay': 0.00016821666508642775, 'batch_size': 64, 'nheads': 4, 'project_to': 128, 'hidden_size': 32, 'num_layers': 2, 'dropout': 0.3834708346009522, 'alpha': 1.114132833402084, 'aug_choice': 1}. Best is trial 41 with value: 0.56678959769374.
[I 2025-01-03 03:57:46,494] Trial 46 finished with value: 0.45743996065343534 and parameters: {'lr': 0.00012250035374322858, 'decay': 0.0009874921588943675, 'batch_size': 64, 'nheads': 2, 'project_to': 128, 'hidden_size': 128, 'num_layers': 3, 'dropout': 0.4273912443781709, 'alpha': 0.5834759302199316, 'aug_choice': 0}. Best is trial 41 with value: 0.56678959769374.
[I 2025-01-03 04:02:38,618] Trial 47 finished with value: 0.4846247531287224 and parameters: {'lr': 4.227585525327164e-05, 'decay': 0.0006947609439909519, 'batch_size': 64, 'nheads': 4, 'project_to': 64, 'hidden_size': 32, 'num_layers': 2, 'dropout': 0.49478737161665615, 'alpha': 0.8844127417596808, 'aug_choice': 8}. Best is trial 41 with value: 0.56678959769374.
[I 2025-01-03 04:04:46,409] Trial 48 finished with value: 0.47113474375495956 and parameters: {'lr': 0.0009717558590919752, 'decay': 0.0012862222573788568, 'batch_size': 64, 'nheads': 1, 'project_to': 128, 'hidden_size': 32, 'num_layers': 2, 'dropout': 0.5633865710193906, 'alpha': 1.229254472451315, 'aug_choice': 2}. Best is trial 41 with value: 0.56678959769374.
[I 2025-01-03 04:08:34,901] Trial 49 finished with value: 0.5402636220662401 and parameters: {'lr': 0.0014370681258984626, 'decay': 0.00045604532163345406, 'batch_size': 64, 'nheads': 4, 'project_to': 128, 'hidden_size': 32, 'num_layers': 2, 'dropout': 0.33585099007138985, 'alpha': 0.7707492671767295, 'aug_choice': 7}. Best is trial 41 with value: 0.56678959769374.
[I 2025-01-03 04:13:54,206] Trial 50 finished with value: 0.49106486084446865 and parameters: {'lr': 0.007401174575722413, 'decay': 0.0002514459233091066, 'batch_size': 128, 'nheads': 2, 'project_to': 128, 'hidden_size': 32, 'num_layers': 3, 'dropout': 0.12302561364385538, 'alpha': 0.9518124755923127, 'aug_choice': 7}. Best is trial 41 with value: 0.56678959769374.
[I 2025-01-03 04:17:24,838] Trial 51 finished with value: 0.5614640995342037 and parameters: {'lr': 0.0032335801510246873, 'decay': 0.0003349834946068436, 'batch_size': 128, 'nheads': 2, 'project_to': 128, 'hidden_size': 32, 'num_layers': 2, 'dropout': 0.444851415560583, 'alpha': 0.8145626211185064, 'aug_choice': 7}. Best is trial 41 with value: 0.56678959769374.
[I 2025-01-03 04:20:33,406] Trial 52 finished with value: 0.3881167527081614 and parameters: {'lr': 0.0018150273921182867, 'decay': 0.000567926694576824, 'batch_size': 128, 'nheads': 2, 'project_to': 128, 'hidden_size': 32, 'num_layers': 2, 'dropout': 0.4344261500823853, 'alpha': 0.6987224198691795, 'aug_choice': 7}. Best is trial 41 with value: 0.56678959769374.
[I 2025-01-03 04:23:38,953] Trial 53 finished with value: 0.45094962986750253 and parameters: {'lr': 0.003243583509824302, 'decay': 0.0003264493233338195, 'batch_size': 128, 'nheads': 2, 'project_to': 128, 'hidden_size': 32, 'num_layers': 2, 'dropout': 0.3928931871228149, 'alpha': 0.6115487223633026, 'aug_choice': 7}. Best is trial 41 with value: 0.56678959769374.
[I 2025-01-03 04:28:27,898] Trial 54 finished with value: 0.4808905053418501 and parameters: {'lr': 0.00828045590168845, 'decay': 8.28730663647769e-05, 'batch_size': 128, 'nheads': 2, 'project_to': 128, 'hidden_size': 32, 'num_layers': 2, 'dropout': 0.2298386893090869, 'alpha': 0.862378387876412, 'aug_choice': 7}. Best is trial 41 with value: 0.56678959769374.
[I 2025-01-03 04:31:38,188] Trial 55 finished with value: 0.5262951814788602 and parameters: {'lr': 0.0005554096732924189, 'decay': 0.00021599685293078536, 'batch_size': 128, 'nheads': 2, 'project_to': 128, 'hidden_size': 128, 'num_layers': 1, 'dropout': 0.351472302429839, 'alpha': 0.24585296908302215, 'aug_choice': 1}. Best is trial 41 with value: 0.56678959769374.
[I 2025-01-03 04:33:07,248] Trial 56 finished with value: 0.5254530827317655 and parameters: {'lr': 0.0036701416529775835, 'decay': 0.0001519265307161524, 'batch_size': 128, 'nheads': 4, 'project_to': 64, 'hidden_size': 32, 'num_layers': 2, 'dropout': 0.4786637291750915, 'alpha': 0.9815836714058361, 'aug_choice': 6}. Best is trial 41 with value: 0.56678959769374.
[I 2025-01-03 04:35:50,499] Trial 57 finished with value: 0.4051291757457721 and parameters: {'lr': 0.00014832795821340892, 'decay': 2.412165101013953e-05, 'batch_size': 128, 'nheads': 4, 'project_to': 32, 'hidden_size': 32, 'num_layers': 1, 'dropout': 0.5413777358342641, 'alpha': 1.0966237980117668, 'aug_choice': 0}. Best is trial 41 with value: 0.56678959769374.
[I 2025-01-03 04:38:21,798] Trial 58 finished with value: 0.4961236130206325 and parameters: {'lr': 0.005876799600149497, 'decay': 0.006631309940975577, 'batch_size': 128, 'nheads': 2, 'project_to': 128, 'hidden_size': 32, 'num_layers': 2, 'dropout': 0.14031099886079035, 'alpha': 0.8202906001217363, 'aug_choice': 8}. Best is trial 41 with value: 0.56678959769374.
[I 2025-01-03 04:41:58,015] Trial 59 finished with value: 0.4740425890515555 and parameters: {'lr': 0.000220996543116401, 'decay': 0.0019926738859739417, 'batch_size': 128, 'nheads': 1, 'project_to': 128, 'hidden_size': 64, 'num_layers': 1, 'dropout': 0.404344333077358, 'alpha': 0.49746859593680826, 'aug_choice': 7}. Best is trial 41 with value: 0.56678959769374.
[I 2025-01-03 04:43:42,641] Trial 60 finished with value: 0.44324315897663374 and parameters: {'lr': 0.0009881325054218262, 'decay': 0.0007338145001183703, 'batch_size': 64, 'nheads': 4, 'project_to': 32, 'hidden_size': 32, 'num_layers': 2, 'dropout': 0.6586716518315143, 'alpha': 0.4007181103409387, 'aug_choice': 4}. Best is trial 41 with value: 0.56678959769374.
[I 2025-01-03 04:47:02,970] Trial 61 finished with value: 0.5341281610042167 and parameters: {'lr': 0.0026306296441824615, 'decay': 0.0003204073397182604, 'batch_size': 128, 'nheads': 2, 'project_to': 128, 'hidden_size': 32, 'num_layers': 2, 'dropout': 0.46167409215580457, 'alpha': 0.759445048218974, 'aug_choice': 7}. Best is trial 41 with value: 0.56678959769374.
[I 2025-01-03 04:50:12,602] Trial 62 finished with value: 0.5012283865916474 and parameters: {'lr': 0.004162304326021405, 'decay': 0.000364998986418482, 'batch_size': 128, 'nheads': 2, 'project_to': 128, 'hidden_size': 32, 'num_layers': 2, 'dropout': 0.4958932565742921, 'alpha': 0.6688133988045653, 'aug_choice': 7}. Best is trial 41 with value: 0.56678959769374.
[I 2025-01-03 04:53:33,327] Trial 63 finished with value: 0.5505754823842669 and parameters: {'lr': 0.00984539430251135, 'decay': 0.0005073407054979491, 'batch_size': 128, 'nheads': 2, 'project_to': 128, 'hidden_size': 32, 'num_layers': 2, 'dropout': 0.43880279664910377, 'alpha': 0.8089555477378836, 'aug_choice': 7}. Best is trial 41 with value: 0.56678959769374.
[I 2025-01-03 04:56:46,770] Trial 64 finished with value: 0.5260581789575882 and parameters: {'lr': 0.008666345765117732, 'decay': 0.0005320183965040026, 'batch_size': 128, 'nheads': 2, 'project_to': 128, 'hidden_size': 32, 'num_layers': 2, 'dropout': 0.4370991245322696, 'alpha': 0.9060173557349049, 'aug_choice': 7}. Best is trial 41 with value: 0.56678959769374.
[I 2025-01-03 05:01:54,051] Trial 65 finished with value: 0.42879401958816293 and parameters: {'lr': 0.005346351536734503, 'decay': 0.0002683219275186128, 'batch_size': 128, 'nheads': 2, 'project_to': 128, 'hidden_size': 64, 'num_layers': 1, 'dropout': 0.5190495429716752, 'alpha': 1.186209498203871, 'aug_choice': 3}. Best is trial 41 with value: 0.56678959769374.
