[I 2025-01-02 03:30:33,400] Trial 131 finished with value: 0.5500822234285617 and parameters: {'lr': 0.0015096102238523115, 'decay': 0.00026813116397414325, 'batch_size': 64, 'nheads': 1, 'project_to': 128, 'hidden_size': 32, 'num_layers': 2, 'dropout': 0.1234431207610065, 'alpha': 0.9671884653800653, 'aug_choice': 7}. Best is trial 66 with value: 0.6190306216664284.
Best trial: 66. Best value: 0.619031:  88%|████████▊ | 132/150 [5:17:22<42:25, 141.44s/it]Best trial: 66. Best value: 0.619031:  88%|████████▊ | 132/150 [5:17:22<42:25, 141.44s/it]Best trial: 66. Best value: 0.619031:  89%|████████▊ | 133/150 [5:17:22<34:38, 122.28s/it]                                                                                          Best trial: 66. Best value: 0.619031:  89%|████████▊ | 133/150 [5:18:30<34:38, 122.28s/it]Best trial: 66. Best value: 0.619031:  89%|████████▊ | 133/150 [5:18:30<34:38, 122.28s/it]Best trial: 66. Best value: 0.619031:  89%|████████▉ | 134/150 [5:18:30<28:15, 105.96s/it]                                                                                          Best trial: 66. Best value: 0.619031:  89%|████████▉ | 134/150 [5:20:23<28:15, 105.96s/it]Best trial: 66. Best value: 0.619031:  89%|████████▉ | 134/150 [5:20:23<28:15, 105.96s/it]Best trial: 66. Best value: 0.619031:  90%|█████████ | 135/150 [5:20:23<27:03, 108.23s/it]                                                                                          Best trial: 66. Best value: 0.619031:  90%|█████████ | 135/150 [5:21:50<27:03, 108.23s/it]Best trial: 66. Best value: 0.619031:  90%|█████████ | 135/150 [5:21:50<27:03, 108.23s/it]Best trial: 66. Best value: 0.619031:  91%|█████████ | 136/150 [5:21:50<23:46, 101.86s/it]                                                                                          Best trial: 66. Best value: 0.619031:  91%|█████████ | 136/150 [5:23:03<23:46, 101.86s/it]Best trial: 66. Best value: 0.619031:  91%|█████████ | 136/150 [5:23:03<23:46, 101.86s/it]Best trial: 66. Best value: 0.619031:  91%|█████████▏| 137/150 [5:23:03<20:11, 93.19s/it]                                                                                          Best trial: 66. Best value: 0.619031:  91%|█████████▏| 137/150 [5:24:08<20:11, 93.19s/it]Best trial: 66. Best value: 0.619031:  91%|█████████▏| 137/150 [5:24:08<20:11, 93.19s/it]Best trial: 66. Best value: 0.619031:  92%|█████████▏| 138/150 [5:24:08<16:55, 84.59s/it]                                                                                         Best trial: 66. Best value: 0.619031:  92%|█████████▏| 138/150 [5:25:12<16:55, 84.59s/it]Best trial: 66. Best value: 0.619031:  92%|█████████▏| 138/150 [5:25:13<16:55, 84.59s/it]Best trial: 66. Best value: 0.619031:  93%|█████████▎| 139/150 [5:25:13<14:24, 78.59s/it]                                                                                         Best trial: 66. Best value: 0.619031:  93%|█████████▎| 139/150 [5:26:18<14:24, 78.59s/it]Best trial: 66. Best value: 0.619031:  93%|█████████▎| 139/150 [5:26:18<14:24, 78.59s/it]Best trial: 66. Best value: 0.619031:  93%|█████████▎| 140/150 [5:26:18<12:27, 74.79s/it]                                                                                         Best trial: 66. Best value: 0.619031:  93%|█████████▎| 140/150 [5:27:29<12:27, 74.79s/it]Best trial: 66. Best value: 0.619031:  93%|█████████▎| 140/150 [5:27:29<12:27, 74.79s/it]Best trial: 66. Best value: 0.619031:  94%|█████████▍| 141/150 [5:27:29<11:02, 73.65s/it]                                                                                         Best trial: 66. Best value: 0.619031:  94%|█████████▍| 141/150 [5:28:36<11:02, 73.65s/it]Best trial: 66. Best value: 0.619031:  94%|█████████▍| 141/150 [5:28:36<11:02, 73.65s/it]Best trial: 66. Best value: 0.619031:  95%|█████████▍| 142/150 [5:28:36<09:31, 71.44s/it]                                                                                         Best trial: 66. Best value: 0.619031:  95%|█████████▍| 142/150 [5:29:50<09:31, 71.44s/it]Best trial: 66. Best value: 0.619031:  95%|█████████▍| 142/150 [5:29:50<09:31, 71.44s/it]Best trial: 66. Best value: 0.619031:  95%|█████████▌| 143/150 [5:29:50<08:25, 72.21s/it]                                                                                         Best trial: 66. Best value: 0.619031:  95%|█████████▌| 143/150 [5:31:46<08:25, 72.21s/it]Best trial: 66. Best value: 0.619031:  95%|█████████▌| 143/150 [5:31:46<08:25, 72.21s/it]Best trial: 66. Best value: 0.619031:  96%|█████████▌| 144/150 [5:31:46<08:32, 85.47s/it]                                                                                         Best trial: 66. Best value: 0.619031:  96%|█████████▌| 144/150 [5:33:32<08:32, 85.47s/it]Best trial: 66. Best value: 0.619031:  96%|█████████▌| 144/150 [5:33:32<08:32, 85.47s/it]Best trial: 66. Best value: 0.619031:  97%|█████████▋| 145/150 [5:33:32<07:38, 91.75s/it]                                                                                         Best trial: 66. Best value: 0.619031:  97%|█████████▋| 145/150 [5:35:29<07:38, 91.75s/it]Best trial: 66. Best value: 0.619031:  97%|█████████▋| 145/150 [5:35:29<07:38, 91.75s/it]Best trial: 66. Best value: 0.619031:  97%|█████████▋| 146/150 [5:35:29<06:36, 99.22s/it]                                                                                         Best trial: 66. Best value: 0.619031:  97%|█████████▋| 146/150 [5:37:29<06:36, 99.22s/it]Best trial: 66. Best value: 0.619031:  97%|█████████▋| 146/150 [5:37:29<06:36, 99.22s/it]Best trial: 66. Best value: 0.619031:  98%|█████████▊| 147/150 [5:37:29<05:16, 105.36s/it]                                                                                          Best trial: 66. Best value: 0.619031:  98%|█████████▊| 147/150 [5:39:33<05:16, 105.36s/it]Best trial: 66. Best value: 0.619031:  98%|█████████▊| 147/150 [5:39:33<05:16, 105.36s/it]Best trial: 66. Best value: 0.619031:  99%|█████████▊| 148/150 [5:39:33<03:41, 110.86s/it]                                                                                          Best trial: 66. Best value: 0.619031:  99%|█████████▊| 148/150 [5:42:08<03:41, 110.86s/it]Best trial: 66. Best value: 0.619031:  99%|█████████▊| 148/150 [5:42:08<03:41, 110.86s/it]Best trial: 66. Best value: 0.619031:  99%|█████████▉| 149/150 [5:42:08<02:04, 124.13s/it]                                                                                          Best trial: 66. Best value: 0.619031:  99%|█████████▉| 149/150 [5:44:15<02:04, 124.13s/it]Best trial: 66. Best value: 0.619031:  99%|█████████▉| 149/150 [5:44:15<02:04, 124.13s/it]Best trial: 66. Best value: 0.619031: 100%|██████████| 150/150 [5:44:15<00:00, 125.10s/it]Best trial: 66. Best value: 0.619031: 100%|██████████| 150/150 [5:44:15<00:00, 137.70s/it]
[I 2025-01-02 03:31:50,972] Trial 132 finished with value: 0.5741783965534655 and parameters: {'lr': 0.0032487291263731673, 'decay': 1.1511768397587016e-05, 'batch_size': 64, 'nheads': 1, 'project_to': 64, 'hidden_size': 128, 'num_layers': 2, 'dropout': 0.1867225008846754, 'alpha': 0.6526340112402601, 'aug_choice': 4}. Best is trial 66 with value: 0.6190306216664284.
[I 2025-01-02 03:32:58,841] Trial 133 finished with value: 0.53604491093025 and parameters: {'lr': 0.00464900515428885, 'decay': 2.214250317824341e-05, 'batch_size': 64, 'nheads': 1, 'project_to': 64, 'hidden_size': 128, 'num_layers': 2, 'dropout': 0.21303799752102115, 'alpha': 0.5931820573393315, 'aug_choice': 4}. Best is trial 66 with value: 0.6190306216664284.
[I 2025-01-02 03:34:52,378] Trial 134 finished with value: 0.5155496787897733 and parameters: {'lr': 0.0026321896860758277, 'decay': 1.045657535242461e-05, 'batch_size': 64, 'nheads': 1, 'project_to': 64, 'hidden_size': 128, 'num_layers': 2, 'dropout': 0.18709007871286606, 'alpha': 0.656560472946844, 'aug_choice': 5}. Best is trial 66 with value: 0.6190306216664284.
[I 2025-01-02 03:36:19,383] Trial 135 finished with value: 0.5190359683172253 and parameters: {'lr': 0.003202059046904819, 'decay': 0.0006726244620267883, 'batch_size': 64, 'nheads': 1, 'project_to': 64, 'hidden_size': 128, 'num_layers': 2, 'dropout': 0.16001359958125422, 'alpha': 0.5278249767829198, 'aug_choice': 4}. Best is trial 66 with value: 0.6190306216664284.
[I 2025-01-02 03:37:32,324] Trial 136 finished with value: 0.4955986981204766 and parameters: {'lr': 0.0035180672591948285, 'decay': 5.157809912556758e-05, 'batch_size': 64, 'nheads': 1, 'project_to': 64, 'hidden_size': 128, 'num_layers': 2, 'dropout': 0.19671068133539238, 'alpha': 0.6314474880616178, 'aug_choice': 4}. Best is trial 66 with value: 0.6190306216664284.
[I 2025-01-02 03:38:36,867] Trial 137 finished with value: 0.5759260956400973 and parameters: {'lr': 0.0021188660633937517, 'decay': 4.2815035497670805e-05, 'batch_size': 64, 'nheads': 1, 'project_to': 64, 'hidden_size': 128, 'num_layers': 2, 'dropout': 0.2337762653409648, 'alpha': 0.7612927996341746, 'aug_choice': 4}. Best is trial 66 with value: 0.6190306216664284.
[I 2025-01-02 03:39:41,461] Trial 138 finished with value: 0.4858779620537908 and parameters: {'lr': 0.001672975898916352, 'decay': 2.9727273921734774e-05, 'batch_size': 64, 'nheads': 1, 'project_to': 64, 'hidden_size': 128, 'num_layers': 2, 'dropout': 0.24219240288124055, 'alpha': 0.8113991682861242, 'aug_choice': 4}. Best is trial 66 with value: 0.6190306216664284.
[I 2025-01-02 03:40:47,371] Trial 139 finished with value: 0.45566508743512346 and parameters: {'lr': 0.005950824549874431, 'decay': 1.187997061267551e-05, 'batch_size': 128, 'nheads': 1, 'project_to': 64, 'hidden_size': 128, 'num_layers': 2, 'dropout': 0.2761589440579298, 'alpha': 0.7617402252735133, 'aug_choice': 4}. Best is trial 66 with value: 0.6190306216664284.
[I 2025-01-02 03:41:58,360] Trial 140 finished with value: 0.5303063207542984 and parameters: {'lr': 0.002434150699740312, 'decay': 0.001226407637236777, 'batch_size': 64, 'nheads': 1, 'project_to': 128, 'hidden_size': 128, 'num_layers': 2, 'dropout': 0.25444575970145983, 'alpha': 0.6988532308694899, 'aug_choice': 4}. Best is trial 66 with value: 0.6190306216664284.
[I 2025-01-02 03:43:04,635] Trial 141 finished with value: 0.5043005073781749 and parameters: {'lr': 0.0020506246983310393, 'decay': 3.0285196147644495e-05, 'batch_size': 64, 'nheads': 1, 'project_to': 64, 'hidden_size': 128, 'num_layers': 2, 'dropout': 0.22086080773769057, 'alpha': 0.7393395656255236, 'aug_choice': 4}. Best is trial 66 with value: 0.6190306216664284.
[I 2025-01-02 03:44:18,640] Trial 142 finished with value: 0.5382463687987966 and parameters: {'lr': 0.002970163258540367, 'decay': 7.555177115435254e-05, 'batch_size': 64, 'nheads': 1, 'project_to': 64, 'hidden_size': 128, 'num_layers': 2, 'dropout': 0.2940895493967694, 'alpha': 1.0088251001428208, 'aug_choice': 0}. Best is trial 66 with value: 0.6190306216664284.
[I 2025-01-02 03:46:15,054] Trial 143 finished with value: 0.5692257007809777 and parameters: {'lr': 0.0013669007337983735, 'decay': 1.4308846778527506e-05, 'batch_size': 64, 'nheads': 1, 'project_to': 64, 'hidden_size': 128, 'num_layers': 2, 'dropout': 0.2309657072133596, 'alpha': 0.8592585387859848, 'aug_choice': 5}. Best is trial 66 with value: 0.6190306216664284.
[I 2025-01-02 03:48:01,460] Trial 144 finished with value: 0.4912537705836411 and parameters: {'lr': 0.001334381371549616, 'decay': 1.5521814502566382e-05, 'batch_size': 64, 'nheads': 1, 'project_to': 64, 'hidden_size': 128, 'num_layers': 2, 'dropout': 0.2325102019462178, 'alpha': 0.7143393758771703, 'aug_choice': 5}. Best is trial 66 with value: 0.6190306216664284.
[I 2025-01-02 03:49:58,120] Trial 145 finished with value: 0.5517984384404894 and parameters: {'lr': 0.0010852447313869226, 'decay': 1.4257710923912895e-05, 'batch_size': 64, 'nheads': 1, 'project_to': 64, 'hidden_size': 128, 'num_layers': 2, 'dropout': 0.2487529943759319, 'alpha': 0.8483962659196548, 'aug_choice': 5}. Best is trial 66 with value: 0.6190306216664284.
[I 2025-01-02 03:51:57,795] Trial 146 finished with value: 0.5442007411780632 and parameters: {'lr': 0.0018107134304530127, 'decay': 1.8622547917851507e-05, 'batch_size': 64, 'nheads': 1, 'project_to': 64, 'hidden_size': 128, 'num_layers': 2, 'dropout': 0.2162096826429859, 'alpha': 0.8873893342307491, 'aug_choice': 5}. Best is trial 66 with value: 0.6190306216664284.
[I 2025-01-02 03:54:01,490] Trial 147 finished with value: 0.5042190812354863 and parameters: {'lr': 0.0009035335857599642, 'decay': 0.0008280716670665037, 'batch_size': 64, 'nheads': 1, 'project_to': 64, 'hidden_size': 32, 'num_layers': 2, 'dropout': 0.23587366578441943, 'alpha': 0.7860882362913503, 'aug_choice': 5}. Best is trial 66 with value: 0.6190306216664284.
[I 2025-01-02 03:56:36,581] Trial 148 finished with value: 0.4570733205370714 and parameters: {'lr': 0.0014374522035874354, 'decay': 1.3923648973108893e-05, 'batch_size': 64, 'nheads': 1, 'project_to': 64, 'hidden_size': 128, 'num_layers': 2, 'dropout': 0.2056246550810415, 'alpha': 0.5803436654663111, 'aug_choice': 1}. Best is trial 66 with value: 0.6190306216664284.
[I 2025-01-02 03:58:43,949] Trial 149 finished with value: 0.5011424943022977 and parameters: {'lr': 0.0012694223102598132, 'decay': 4.4264851416684444e-05, 'batch_size': 64, 'nheads': 4, 'project_to': 64, 'hidden_size': 128, 'num_layers': 2, 'dropout': 0.1882867402739884, 'alpha': 0.6210624828193437, 'aug_choice': 5}. Best is trial 66 with value: 0.6190306216664284.

Optimization finished!
Best macro F1: 0.6190
Best hyperparameters:
    lr: 0.0012146294180578722
    decay: 0.0005577810476066299
    batch_size: 64
    nheads: 1
    project_to: 64
    hidden_size: 128
    num_layers: 2
    dropout: 0.19278681991877758
    alpha: 0.7736108906846482
    aug_choice: 5
Fold 5: 0 trials completed, running 150 more trials...
[I 2025-01-02 03:58:46,204] A new study created in RDB with name: webcam_engagement_classifier
