Best trial: 42. Best value: 0.574338:  44%|████▍     | 66/150 [3:58:17<4:17:17, 183.78s/it]Best trial: 42. Best value: 0.574338:  44%|████▍     | 66/150 [3:58:17<4:17:17, 183.78s/it]Best trial: 42. Best value: 0.574338:  45%|████▍     | 67/150 [3:58:17<3:56:18, 170.83s/it]                                                                                           Best trial: 42. Best value: 0.574338:  45%|████▍     | 67/150 [4:03:22<3:56:18, 170.83s/it]Best trial: 67. Best value: 0.577202:  45%|████▍     | 67/150 [4:03:22<3:56:18, 170.83s/it]Best trial: 67. Best value: 0.577202:  45%|████▌     | 68/150 [4:03:22<4:48:34, 211.16s/it]                                                                                           Best trial: 67. Best value: 0.577202:  45%|████▌     | 68/150 [4:08:26<4:48:34, 211.16s/it]Best trial: 67. Best value: 0.577202:  45%|████▌     | 68/150 [4:08:26<4:48:34, 211.16s/it]Best trial: 67. Best value: 0.577202:  46%|████▌     | 69/150 [4:08:26<5:22:42, 239.04s/it]                                                                                           Best trial: 67. Best value: 0.577202:  46%|████▌     | 69/150 [4:14:09<5:22:42, 239.04s/it]Best trial: 67. Best value: 0.577202:  46%|████▌     | 69/150 [4:14:09<5:22:42, 239.04s/it]Best trial: 67. Best value: 0.577202:  47%|████▋     | 70/150 [4:14:09<6:00:12, 270.16s/it]                                                                                           Best trial: 67. Best value: 0.577202:  47%|████▋     | 70/150 [4:18:38<6:00:12, 270.16s/it]Best trial: 67. Best value: 0.577202:  47%|████▋     | 70/150 [4:18:38<6:00:12, 270.16s/it]Best trial: 67. Best value: 0.577202:  47%|████▋     | 71/150 [4:18:38<5:55:15, 269.82s/it]                                                                                           Best trial: 67. Best value: 0.577202:  47%|████▋     | 71/150 [4:23:29<5:55:15, 269.82s/it]Best trial: 67. Best value: 0.577202:  47%|████▋     | 71/150 [4:23:29<5:55:15, 269.82s/it]Best trial: 67. Best value: 0.577202:  48%|████▊     | 72/150 [4:23:29<5:58:54, 276.08s/it]                                                                                           Best trial: 67. Best value: 0.577202:  48%|████▊     | 72/150 [4:28:09<5:58:54, 276.08s/it]Best trial: 67. Best value: 0.577202:  48%|████▊     | 72/150 [4:28:09<5:58:54, 276.08s/it]Best trial: 67. Best value: 0.577202:  49%|████▊     | 73/150 [4:28:09<5:55:52, 277.31s/it]                                                                                           Best trial: 67. Best value: 0.577202:  49%|████▊     | 73/150 [4:32:59<5:55:52, 277.31s/it]Best trial: 73. Best value: 0.585015:  49%|████▊     | 73/150 [4:32:59<5:55:52, 277.31s/it]Best trial: 73. Best value: 0.585015:  49%|████▉     | 74/150 [4:32:59<5:56:08, 281.16s/it]                                                                                           Best trial: 73. Best value: 0.585015:  49%|████▉     | 74/150 [4:37:13<5:56:08, 281.16s/it]Best trial: 73. Best value: 0.585015:  49%|████▉     | 74/150 [4:37:13<5:56:08, 281.16s/it]Best trial: 73. Best value: 0.585015:  50%|█████     | 75/150 [4:37:13<5:41:14, 272.99s/it]                                                                                           Best trial: 73. Best value: 0.585015:  50%|█████     | 75/150 [4:39:02<5:41:14, 272.99s/it]Best trial: 73. Best value: 0.585015:  50%|█████     | 75/150 [4:39:02<5:41:14, 272.99s/it]Best trial: 73. Best value: 0.585015:  51%|█████     | 76/150 [4:39:02<4:36:09, 223.91s/it]                                                                                           Best trial: 73. Best value: 0.585015:  51%|█████     | 76/150 [4:40:46<4:36:09, 223.91s/it]Best trial: 73. Best value: 0.585015:  51%|█████     | 76/150 [4:40:46<4:36:09, 223.91s/it]Best trial: 73. Best value: 0.585015:  51%|█████▏    | 77/150 [4:40:46<3:48:32, 187.84s/it]                                                                                           Best trial: 73. Best value: 0.585015:  51%|█████▏    | 77/150 [4:45:09<3:48:32, 187.84s/it]Best trial: 73. Best value: 0.585015:  51%|█████▏    | 77/150 [4:45:09<3:48:32, 187.84s/it]Best trial: 73. Best value: 0.585015:  52%|█████▏    | 78/150 [4:45:09<4:12:24, 210.35s/it]                                                                                           Best trial: 73. Best value: 0.585015:  52%|█████▏    | 78/150 [4:46:36<4:12:24, 210.35s/it]Best trial: 73. Best value: 0.585015:  52%|█████▏    | 78/150 [4:46:36<4:12:24, 210.35s/it]Best trial: 73. Best value: 0.585015:  53%|█████▎    | 79/150 [4:46:36<3:25:17, 173.48s/it]                                                                                           Best trial: 73. Best value: 0.585015:  53%|█████▎    | 79/150 [4:49:58<3:25:17, 173.48s/it]Best trial: 73. Best value: 0.585015:  53%|█████▎    | 79/150 [4:49:58<3:25:17, 173.48s/it]Best trial: 73. Best value: 0.585015:  53%|█████▎    | 80/150 [4:49:58<3:32:11, 181.88s/it]                                                                                           Best trial: 73. Best value: 0.585015:  53%|█████▎    | 80/150 [4:55:25<3:32:11, 181.88s/it]Best trial: 73. Best value: 0.585015:  53%|█████▎    | 80/150 [4:55:25<3:32:11, 181.88s/it]Best trial: 73. Best value: 0.585015:  54%|█████▍    | 81/150 [4:55:25<4:19:19, 225.50s/it]                                                                                           Best trial: 73. Best value: 0.585015:  54%|█████▍    | 81/150 [4:59:41<4:19:19, 225.50s/it]Best trial: 73. Best value: 0.585015:  54%|█████▍    | 81/150 [4:59:41<4:19:19, 225.50s/it]Best trial: 73. Best value: 0.585015:  55%|█████▍    | 82/150 [4:59:41<4:25:52, 234.60s/it]                                                                                           Best trial: 73. Best value: 0.585015:  55%|█████▍    | 82/150 [5:04:54<4:25:52, 234.60s/it]Best trial: 73. Best value: 0.585015:  55%|█████▍    | 82/150 [5:04:54<4:25:52, 234.60s/it]Best trial: 73. Best value: 0.585015:  55%|█████▌    | 83/150 [5:04:54<4:48:26, 258.30s/it]                                                                                           Best trial: 73. Best value: 0.585015:  55%|█████▌    | 83/150 [5:09:45<4:48:26, 258.30s/it]Best trial: 73. Best value: 0.585015:  55%|█████▌    | 83/150 [5:09:45<4:48:26, 258.30s/it]Best trial: 73. Best value: 0.585015:  56%|█████▌    | 84/150 [5:09:45<4:54:47, 267.99s/it]                                                                                           Best trial: 73. Best value: 0.585015:  56%|█████▌    | 84/150 [5:15:00<4:54:47, 267.99s/it]Best trial: 73. Best value: 0.585015:  56%|█████▌    | 84/150 [5:15:00<4:54:47, 267.99s/it]Best trial: 73. Best value: 0.585015:  57%|█████▋    | 85/150 [5:15:00<5:05:45, 282.24s/it]                                                                                           Best trial: 73. Best value: 0.585015:  57%|█████▋    | 85/150 [5:16:08<5:05:45, 282.24s/it]Best trial: 73. Best value: 0.585015:  57%|█████▋    | 85/150 [5:16:08<5:05:45, 282.24s/it]Best trial: 73. Best value: 0.585015:  57%|█████▋    | 86/150 [5:16:08<3:52:23, 217.87s/it]                                                                                           Best trial: 73. Best value: 0.585015:  57%|█████▋    | 86/150 [5:17:29<3:52:23, 217.87s/it]Best trial: 73. Best value: 0.585015:  57%|█████▋    | 86/150 [5:17:29<3:52:23, 217.87s/it]Best trial: 73. Best value: 0.585015:  58%|█████▊    | 87/150 [5:17:29<3:05:36, 176.78s/it]                                                                                           Best trial: 73. Best value: 0.585015:  58%|█████▊    | 87/150 [5:22:58<3:05:36, 176.78s/it]Best trial: 73. Best value: 0.585015:  58%|█████▊    | 87/150 [5:22:58<3:05:36, 176.78s/it]Best trial: 73. Best value: 0.585015:  59%|█████▊    | 88/150 [5:22:58<3:49:44, 222.32s/it]                                                                                           [I 2024-12-29 23:20:03,470] Trial 66 finished with value: 0.5118430701477744 and parameters: {'lr': 0.0003673118934133078, 'decay': 0.0005388944457291549, 'batch_size': 128, 'nheads': 1, 'project_to': 32, 'hidden_size': 64, 'num_layers': 1, 'dropout': 0.19556351113118553, 'alpha': 0.5377463093784431, 'aug_choice': 8}. Best is trial 42 with value: 0.5743379801920471.
[I 2024-12-29 23:25:08,732] Trial 67 finished with value: 0.577201905247123 and parameters: {'lr': 0.0055533723614471335, 'decay': 0.0014308589874328147, 'batch_size': 64, 'nheads': 1, 'project_to': 64, 'hidden_size': 128, 'num_layers': 2, 'dropout': 0.24559814792937965, 'alpha': 0.76796163538646, 'aug_choice': 3}. Best is trial 67 with value: 0.577201905247123.
[I 2024-12-29 23:30:12,835] Trial 68 finished with value: 0.5703529205835848 and parameters: {'lr': 0.005631016396894642, 'decay': 0.0013912992957217742, 'batch_size': 64, 'nheads': 1, 'project_to': 64, 'hidden_size': 128, 'num_layers': 1, 'dropout': 0.30758395708384345, 'alpha': 0.7762325959332577, 'aug_choice': 3}. Best is trial 67 with value: 0.577201905247123.
[I 2024-12-29 23:35:55,610] Trial 69 finished with value: 0.5437919450072216 and parameters: {'lr': 0.0074175349113114585, 'decay': 0.001422569272190387, 'batch_size': 64, 'nheads': 1, 'project_to': 64, 'hidden_size': 128, 'num_layers': 2, 'dropout': 0.34256914015537965, 'alpha': 0.7951359552066783, 'aug_choice': 3}. Best is trial 67 with value: 0.577201905247123.
[I 2024-12-29 23:40:24,627] Trial 70 finished with value: 0.4424939922445823 and parameters: {'lr': 0.005034124122954663, 'decay': 0.0007388296376437271, 'batch_size': 128, 'nheads': 1, 'project_to': 64, 'hidden_size': 128, 'num_layers': 1, 'dropout': 0.2413592926292698, 'alpha': 0.6862786428226291, 'aug_choice': 3}. Best is trial 67 with value: 0.577201905247123.
[I 2024-12-29 23:45:15,324] Trial 71 finished with value: 0.5008788110465614 and parameters: {'lr': 0.006212611544575677, 'decay': 0.0010529518007898057, 'batch_size': 64, 'nheads': 1, 'project_to': 64, 'hidden_size': 128, 'num_layers': 1, 'dropout': 0.31383660343858466, 'alpha': 0.7580606594705275, 'aug_choice': 3}. Best is trial 67 with value: 0.577201905247123.
[I 2024-12-29 23:49:55,485] Trial 72 finished with value: 0.5285003491004623 and parameters: {'lr': 0.003691612626075982, 'decay': 0.0018788009635419688, 'batch_size': 64, 'nheads': 1, 'project_to': 64, 'hidden_size': 128, 'num_layers': 1, 'dropout': 0.2728880929396662, 'alpha': 0.6430570552312693, 'aug_choice': 3}. Best is trial 67 with value: 0.577201905247123.
[I 2024-12-29 23:54:45,640] Trial 73 finished with value: 0.5850152682687418 and parameters: {'lr': 0.00239382793305067, 'decay': 0.0015163739732948287, 'batch_size': 64, 'nheads': 1, 'project_to': 64, 'hidden_size': 128, 'num_layers': 1, 'dropout': 0.31099512480690417, 'alpha': 0.8268410080473009, 'aug_choice': 3}. Best is trial 73 with value: 0.5850152682687418.
[I 2024-12-29 23:58:59,581] Trial 74 finished with value: 0.4968451972356309 and parameters: {'lr': 0.0024674166393356023, 'decay': 0.0014360112544945672, 'batch_size': 64, 'nheads': 1, 'project_to': 64, 'hidden_size': 128, 'num_layers': 1, 'dropout': 0.3835868053040234, 'alpha': 0.8265255282785389, 'aug_choice': 3}. Best is trial 73 with value: 0.5850152682687418.
[I 2024-12-30 00:00:48,975] Trial 75 finished with value: 0.49423319570393864 and parameters: {'lr': 0.0017809606299791783, 'decay': 0.0012026670344790112, 'batch_size': 64, 'nheads': 1, 'project_to': 64, 'hidden_size': 128, 'num_layers': 2, 'dropout': 0.3975899956793136, 'alpha': 0.9079641809933419, 'aug_choice': 5}. Best is trial 73 with value: 0.5850152682687418.
[I 2024-12-30 00:02:32,648] Trial 76 finished with value: 0.505336178517242 and parameters: {'lr': 0.005707468672477054, 'decay': 0.00020466126281474043, 'batch_size': 64, 'nheads': 1, 'project_to': 64, 'hidden_size': 128, 'num_layers': 1, 'dropout': 0.3075336771161225, 'alpha': 0.7005837003440535, 'aug_choice': 2}. Best is trial 73 with value: 0.5850152682687418.
[I 2024-12-30 00:06:55,501] Trial 77 finished with value: 0.4877302889911742 and parameters: {'lr': 0.001261835161082108, 'decay': 0.0006092551334601084, 'batch_size': 64, 'nheads': 2, 'project_to': 64, 'hidden_size': 128, 'num_layers': 1, 'dropout': 0.369685416105303, 'alpha': 0.7847863901208709, 'aug_choice': 3}. Best is trial 73 with value: 0.5850152682687418.
[I 2024-12-30 00:08:22,967] Trial 78 finished with value: 0.49381581458260193 and parameters: {'lr': 0.007627080529999827, 'decay': 0.002426266295093181, 'batch_size': 64, 'nheads': 1, 'project_to': 64, 'hidden_size': 128, 'num_layers': 3, 'dropout': 0.3361073288315487, 'alpha': 0.954072118499327, 'aug_choice': 6}. Best is trial 73 with value: 0.5850152682687418.
[I 2024-12-30 00:11:44,433] Trial 79 finished with value: 0.37866676026472074 and parameters: {'lr': 1.3145412007546009e-05, 'decay': 0.0009039893444182404, 'batch_size': 64, 'nheads': 1, 'project_to': 64, 'hidden_size': 128, 'num_layers': 2, 'dropout': 0.416618091344943, 'alpha': 0.5017069570566347, 'aug_choice': 1}. Best is trial 73 with value: 0.5850152682687418.
[I 2024-12-30 00:17:11,707] Trial 80 finished with value: 0.5814253273839943 and parameters: {'lr': 0.0008903933557378132, 'decay': 0.001665896827146412, 'batch_size': 64, 'nheads': 1, 'project_to': 64, 'hidden_size': 128, 'num_layers': 1, 'dropout': 0.24166328254337047, 'alpha': 0.8630019311849138, 'aug_choice': 3}. Best is trial 73 with value: 0.5850152682687418.
[I 2024-12-30 00:21:27,547] Trial 81 finished with value: 0.5432195594960135 and parameters: {'lr': 0.000892349859280306, 'decay': 0.0017956395895403021, 'batch_size': 64, 'nheads': 1, 'project_to': 64, 'hidden_size': 128, 'num_layers': 1, 'dropout': 0.4405871855882224, 'alpha': 0.8752914050838568, 'aug_choice': 3}. Best is trial 73 with value: 0.5850152682687418.
[I 2024-12-30 00:26:41,152] Trial 82 finished with value: 0.5101373783950482 and parameters: {'lr': 0.004625355820450838, 'decay': 0.0016012434614869307, 'batch_size': 64, 'nheads': 1, 'project_to': 64, 'hidden_size': 128, 'num_layers': 1, 'dropout': 0.2423539302844216, 'alpha': 0.8185532509683539, 'aug_choice': 3}. Best is trial 73 with value: 0.5850152682687418.
[I 2024-12-30 00:31:31,759] Trial 83 finished with value: 0.5306262307752592 and parameters: {'lr': 0.0005181041596243716, 'decay': 0.0021174697787201806, 'batch_size': 64, 'nheads': 1, 'project_to': 64, 'hidden_size': 128, 'num_layers': 1, 'dropout': 0.29122216993380334, 'alpha': 0.7105690930333008, 'aug_choice': 3}. Best is trial 73 with value: 0.5850152682687418.
[I 2024-12-30 00:36:47,244] Trial 84 finished with value: 0.5295034636109663 and parameters: {'lr': 0.0007296399512713361, 'decay': 0.005293776667042895, 'batch_size': 64, 'nheads': 1, 'project_to': 64, 'hidden_size': 128, 'num_layers': 1, 'dropout': 0.11396464191332664, 'alpha': 0.6522130306777576, 'aug_choice': 3}. Best is trial 73 with value: 0.5850152682687418.
[I 2024-12-30 00:37:54,917] Trial 85 finished with value: 0.5070428377067557 and parameters: {'lr': 0.0033194405332337452, 'decay': 1.1400368701068138e-05, 'batch_size': 64, 'nheads': 1, 'project_to': 64, 'hidden_size': 128, 'num_layers': 1, 'dropout': 0.16683822933059506, 'alpha': 1.1856850635716436, 'aug_choice': 0}. Best is trial 73 with value: 0.5850152682687418.
[I 2024-12-30 00:39:15,812] Trial 86 finished with value: 0.52094241645804 and parameters: {'lr': 0.0024616325594031883, 'decay': 0.004044750296969471, 'batch_size': 128, 'nheads': 1, 'project_to': 64, 'hidden_size': 128, 'num_layers': 1, 'dropout': 0.2132426781014471, 'alpha': 0.7665532221476438, 'aug_choice': 4}. Best is trial 73 with value: 0.5850152682687418.
[I 2024-12-30 00:44:44,410] Trial 87 finished with value: 0.5451307906338598 and parameters: {'lr': 0.0015584765259823187, 'decay': 0.002581189173062508, 'batch_size': 64, 'nheads': 1, 'project_to': 64, 'hidden_size': 128, 'num_layers': 2, 'dropout': 0.12851769746510824, 'alpha': 0.6033543174252518, 'aug_choice': 3}. Best is trial 73 with value: 0.5850152682687418.
