Best trial: 66. Best value: 0.619031:  73%|███████▎  | 110/150 [4:32:19<1:20:53, 121.33s/it]Best trial: 66. Best value: 0.619031:  73%|███████▎  | 110/150 [4:32:19<1:20:53, 121.33s/it]Best trial: 66. Best value: 0.619031:  74%|███████▍  | 111/150 [4:32:19<1:48:34, 167.03s/it]                                                                                            Best trial: 66. Best value: 0.619031:  74%|███████▍  | 111/150 [4:34:45<1:48:34, 167.03s/it]Best trial: 66. Best value: 0.619031:  74%|███████▍  | 111/150 [4:34:45<1:48:34, 167.03s/it]Best trial: 66. Best value: 0.619031:  75%|███████▍  | 112/150 [4:34:45<1:41:49, 160.77s/it]                                                                                            Best trial: 66. Best value: 0.619031:  75%|███████▍  | 112/150 [4:36:34<1:41:49, 160.77s/it]Best trial: 66. Best value: 0.619031:  75%|███████▍  | 112/150 [4:36:34<1:41:49, 160.77s/it]Best trial: 66. Best value: 0.619031:  75%|███████▌  | 113/150 [4:36:34<1:29:40, 145.41s/it]                                                                                            Best trial: 66. Best value: 0.619031:  75%|███████▌  | 113/150 [4:38:43<1:29:40, 145.41s/it]Best trial: 66. Best value: 0.619031:  75%|███████▌  | 113/150 [4:38:43<1:29:40, 145.41s/it]Best trial: 66. Best value: 0.619031:  76%|███████▌  | 114/150 [4:38:43<1:24:17, 140.48s/it]                                                                                            Best trial: 66. Best value: 0.619031:  76%|███████▌  | 114/150 [4:40:46<1:24:17, 140.48s/it]Best trial: 66. Best value: 0.619031:  76%|███████▌  | 114/150 [4:40:46<1:24:17, 140.48s/it]Best trial: 66. Best value: 0.619031:  77%|███████▋  | 115/150 [4:40:46<1:18:46, 135.04s/it]                                                                                            Best trial: 66. Best value: 0.619031:  77%|███████▋  | 115/150 [4:42:45<1:18:46, 135.04s/it]Best trial: 66. Best value: 0.619031:  77%|███████▋  | 115/150 [4:42:45<1:18:46, 135.04s/it]Best trial: 66. Best value: 0.619031:  77%|███████▋  | 116/150 [4:42:45<1:13:49, 130.28s/it]                                                                                            Best trial: 66. Best value: 0.619031:  77%|███████▋  | 116/150 [4:44:54<1:13:49, 130.28s/it]Best trial: 66. Best value: 0.619031:  77%|███████▋  | 116/150 [4:44:54<1:13:49, 130.28s/it]Best trial: 66. Best value: 0.619031:  78%|███████▊  | 117/150 [4:44:54<1:11:32, 130.07s/it]                                                                                            Best trial: 66. Best value: 0.619031:  78%|███████▊  | 117/150 [4:46:40<1:11:32, 130.07s/it]Best trial: 66. Best value: 0.619031:  78%|███████▊  | 117/150 [4:46:40<1:11:32, 130.07s/it]Best trial: 66. Best value: 0.619031:  79%|███████▊  | 118/150 [4:46:40<1:05:24, 122.64s/it]                                                                                            Best trial: 66. Best value: 0.619031:  79%|███████▊  | 118/150 [4:48:40<1:05:24, 122.64s/it]Best trial: 66. Best value: 0.619031:  79%|███████▊  | 118/150 [4:48:40<1:05:24, 122.64s/it]Best trial: 66. Best value: 0.619031:  79%|███████▉  | 119/150 [4:48:40<1:03:01, 121.97s/it]                                                                                            Best trial: 66. Best value: 0.619031:  79%|███████▉  | 119/150 [4:50:49<1:03:01, 121.97s/it]Best trial: 66. Best value: 0.619031:  79%|███████▉  | 119/150 [4:50:49<1:03:01, 121.97s/it]Best trial: 66. Best value: 0.619031:  80%|████████  | 120/150 [4:50:49<1:02:05, 124.18s/it]                                                                                            Best trial: 66. Best value: 0.619031:  80%|████████  | 120/150 [4:52:12<1:02:05, 124.18s/it]Best trial: 66. Best value: 0.619031:  80%|████████  | 120/150 [4:52:12<1:02:05, 124.18s/it]Best trial: 66. Best value: 0.619031:  81%|████████  | 121/150 [4:52:12<53:58, 111.69s/it]                                                                                            Best trial: 66. Best value: 0.619031:  81%|████████  | 121/150 [4:54:09<53:58, 111.69s/it]Best trial: 66. Best value: 0.619031:  81%|████████  | 121/150 [4:54:09<53:58, 111.69s/it]Best trial: 66. Best value: 0.619031:  81%|████████▏ | 122/150 [4:54:09<52:48, 113.17s/it]                                                                                          Best trial: 66. Best value: 0.619031:  81%|████████▏ | 122/150 [4:56:14<52:48, 113.17s/it]Best trial: 66. Best value: 0.619031:  81%|████████▏ | 122/150 [4:56:14<52:48, 113.17s/it]Best trial: 66. Best value: 0.619031:  82%|████████▏ | 123/150 [4:56:14<52:33, 116.80s/it]                                                                                          Best trial: 66. Best value: 0.619031:  82%|████████▏ | 123/150 [4:58:25<52:33, 116.80s/it]Best trial: 66. Best value: 0.619031:  82%|████████▏ | 123/150 [4:58:25<52:33, 116.80s/it]Best trial: 66. Best value: 0.619031:  83%|████████▎ | 124/150 [4:58:25<52:25, 120.98s/it]                                                                                          Best trial: 66. Best value: 0.619031:  83%|████████▎ | 124/150 [5:00:17<52:25, 120.98s/it]Best trial: 66. Best value: 0.619031:  83%|████████▎ | 124/150 [5:00:17<52:25, 120.98s/it]Best trial: 66. Best value: 0.619031:  83%|████████▎ | 125/150 [5:00:17<49:18, 118.36s/it]                                                                                          Best trial: 66. Best value: 0.619031:  83%|████████▎ | 125/150 [5:02:14<49:18, 118.36s/it]Best trial: 66. Best value: 0.619031:  83%|████████▎ | 125/150 [5:02:14<49:18, 118.36s/it]Best trial: 66. Best value: 0.619031:  84%|████████▍ | 126/150 [5:02:14<47:13, 118.05s/it]                                                                                          Best trial: 66. Best value: 0.619031:  84%|████████▍ | 126/150 [5:04:13<47:13, 118.05s/it]Best trial: 66. Best value: 0.619031:  84%|████████▍ | 126/150 [5:04:13<47:13, 118.05s/it]Best trial: 66. Best value: 0.619031:  85%|████████▍ | 127/150 [5:04:13<45:18, 118.20s/it]                                                                                          Best trial: 66. Best value: 0.619031:  85%|████████▍ | 127/150 [5:06:46<45:18, 118.20s/it]Best trial: 66. Best value: 0.619031:  85%|████████▍ | 127/150 [5:06:46<45:18, 118.20s/it]Best trial: 66. Best value: 0.619031:  85%|████████▌ | 128/150 [5:06:46<47:14, 128.83s/it]                                                                                          Best trial: 66. Best value: 0.619031:  85%|████████▌ | 128/150 [5:08:44<47:14, 128.83s/it]Best trial: 66. Best value: 0.619031:  85%|████████▌ | 128/150 [5:08:44<47:14, 128.83s/it]Best trial: 66. Best value: 0.619031:  86%|████████▌ | 129/150 [5:08:44<43:55, 125.49s/it]                                                                                          Best trial: 66. Best value: 0.619031:  86%|████████▌ | 129/150 [5:11:01<43:55, 125.49s/it]Best trial: 66. Best value: 0.619031:  86%|████████▌ | 129/150 [5:11:01<43:55, 125.49s/it]Best trial: 66. Best value: 0.619031:  87%|████████▋ | 130/150 [5:11:01<43:00, 129.02s/it]                                                                                          Best trial: 66. Best value: 0.619031:  87%|████████▋ | 130/150 [5:13:23<43:00, 129.02s/it]Best trial: 66. Best value: 0.619031:  87%|████████▋ | 130/150 [5:13:23<43:00, 129.02s/it]Best trial: 66. Best value: 0.619031:  87%|████████▋ | 131/150 [5:13:23<42:01, 132.72s/it]                                                                                          Best trial: 66. Best value: 0.619031:  87%|████████▋ | 131/150 [5:16:04<42:01, 132.72s/it]Best trial: 66. Best value: 0.619031:  87%|████████▋ | 131/150 [5:16:04<42:01, 132.72s/it]Best trial: 66. Best value: 0.619031:  88%|████████▊ | 132/150 [5:16:04<42:25, 141.44s/it]                                                                                          [I 2025-01-02 02:46:47,511] Trial 110 finished with value: 0.5042948167125775 and parameters: {'lr': 0.0004347412934224283, 'decay': 0.0005347073956791515, 'batch_size': 64, 'nheads': 1, 'project_to': 64, 'hidden_size': 128, 'num_layers': 2, 'dropout': 0.17052131032886284, 'alpha': 0.7721178381455102, 'aug_choice': 3}. Best is trial 66 with value: 0.6190306216664284.
[I 2025-01-02 02:49:13,660] Trial 111 finished with value: 0.563745376063844 and parameters: {'lr': 0.0010929446447079708, 'decay': 0.0010021095679405897, 'batch_size': 64, 'nheads': 2, 'project_to': 32, 'hidden_size': 128, 'num_layers': 2, 'dropout': 0.14387848835680767, 'alpha': 1.0235423849796694, 'aug_choice': 5}. Best is trial 66 with value: 0.6190306216664284.
[I 2025-01-02 02:51:03,252] Trial 112 finished with value: 0.5233247735602667 and parameters: {'lr': 0.001170507122910762, 'decay': 0.0006203578552820329, 'batch_size': 64, 'nheads': 2, 'project_to': 32, 'hidden_size': 128, 'num_layers': 2, 'dropout': 0.13417766959438665, 'alpha': 0.9548395899294398, 'aug_choice': 5}. Best is trial 66 with value: 0.6190306216664284.
[I 2025-01-02 02:53:12,205] Trial 113 finished with value: 0.508729887215874 and parameters: {'lr': 0.0009140334566506046, 'decay': 0.0011414104658241029, 'batch_size': 64, 'nheads': 2, 'project_to': 32, 'hidden_size': 128, 'num_layers': 2, 'dropout': 0.14811318676861746, 'alpha': 0.5986424901542307, 'aug_choice': 5}. Best is trial 66 with value: 0.6190306216664284.
[I 2025-01-02 02:55:14,568] Trial 114 finished with value: 0.5379218497375579 and parameters: {'lr': 0.0018797667688018448, 'decay': 0.00015963539554252979, 'batch_size': 64, 'nheads': 2, 'project_to': 64, 'hidden_size': 128, 'num_layers': 2, 'dropout': 0.5396171113762683, 'alpha': 1.0124027690361455, 'aug_choice': 5}. Best is trial 66 with value: 0.6190306216664284.
[I 2025-01-02 02:57:13,753] Trial 115 finished with value: 0.48055112647914516 and parameters: {'lr': 0.0009773462853094857, 'decay': 0.0003835127283110567, 'batch_size': 64, 'nheads': 2, 'project_to': 128, 'hidden_size': 128, 'num_layers': 2, 'dropout': 0.24132350044232265, 'alpha': 1.208993339977995, 'aug_choice': 5}. Best is trial 66 with value: 0.6190306216664284.
[I 2025-01-02 02:59:23,324] Trial 116 finished with value: 0.4901556652640349 and parameters: {'lr': 0.0003489300685644648, 'decay': 0.00032026961349668876, 'batch_size': 128, 'nheads': 2, 'project_to': 32, 'hidden_size': 128, 'num_layers': 2, 'dropout': 0.35806905037283676, 'alpha': 0.5294772900136435, 'aug_choice': 5}. Best is trial 66 with value: 0.6190306216664284.
[I 2025-01-02 03:01:08,624] Trial 117 finished with value: 0.46964448202453063 and parameters: {'lr': 0.0007467183478271691, 'decay': 0.0009001608592342053, 'batch_size': 64, 'nheads': 1, 'project_to': 64, 'hidden_size': 64, 'num_layers': 2, 'dropout': 0.2049607499699826, 'alpha': 0.8307471882983758, 'aug_choice': 8}. Best is trial 66 with value: 0.6190306216664284.
[I 2025-01-02 03:03:09,042] Trial 118 finished with value: 0.4489876724324187 and parameters: {'lr': 0.0014774104455698676, 'decay': 0.00066604768088332, 'batch_size': 64, 'nheads': 4, 'project_to': 64, 'hidden_size': 128, 'num_layers': 2, 'dropout': 0.3922871501765345, 'alpha': 1.156656362676539, 'aug_choice': 5}. Best is trial 66 with value: 0.6190306216664284.
[I 2025-01-02 03:05:18,388] Trial 119 finished with value: 0.46864332383407975 and parameters: {'lr': 0.0027670701992861873, 'decay': 0.0004320618168221255, 'batch_size': 64, 'nheads': 1, 'project_to': 64, 'hidden_size': 128, 'num_layers': 2, 'dropout': 0.18555261800090206, 'alpha': 0.9044102740468518, 'aug_choice': 2}. Best is trial 66 with value: 0.6190306216664284.
[I 2025-01-02 03:06:40,921] Trial 120 finished with value: 0.5329323495998067 and parameters: {'lr': 0.0002450857306146941, 'decay': 0.0024188474694322127, 'batch_size': 64, 'nheads': 2, 'project_to': 32, 'hidden_size': 128, 'num_layers': 2, 'dropout': 0.15596144413044852, 'alpha': 0.38897069556749425, 'aug_choice': 6}. Best is trial 66 with value: 0.6190306216664284.
[I 2025-01-02 03:08:37,557] Trial 121 finished with value: 0.5160358431771599 and parameters: {'lr': 0.0011360944316379724, 'decay': 0.001001317752407974, 'batch_size': 64, 'nheads': 2, 'project_to': 32, 'hidden_size': 128, 'num_layers': 2, 'dropout': 0.14277112649413565, 'alpha': 1.037946263379615, 'aug_choice': 5}. Best is trial 66 with value: 0.6190306216664284.
[I 2025-01-02 03:10:42,823] Trial 122 finished with value: 0.5244155419714712 and parameters: {'lr': 0.0005695991624591653, 'decay': 0.0007930637828849805, 'batch_size': 64, 'nheads': 2, 'project_to': 32, 'hidden_size': 128, 'num_layers': 2, 'dropout': 0.17683392599030848, 'alpha': 1.0509212833851558, 'aug_choice': 5}. Best is trial 66 with value: 0.6190306216664284.
[I 2025-01-02 03:12:53,541] Trial 123 finished with value: 0.5836058205910627 and parameters: {'lr': 0.0012196817391377525, 'decay': 0.0005232376173975223, 'batch_size': 64, 'nheads': 2, 'project_to': 32, 'hidden_size': 128, 'num_layers': 2, 'dropout': 0.16751494143490647, 'alpha': 0.9798025961319382, 'aug_choice': 5}. Best is trial 66 with value: 0.6190306216664284.
[I 2025-01-02 03:14:45,784] Trial 124 finished with value: 0.5005603928626249 and parameters: {'lr': 0.0012681501093811077, 'decay': 0.0005189671936357777, 'batch_size': 64, 'nheads': 2, 'project_to': 32, 'hidden_size': 128, 'num_layers': 2, 'dropout': 0.16825508603174386, 'alpha': 0.9803288684160698, 'aug_choice': 5}. Best is trial 66 with value: 0.6190306216664284.
[I 2025-01-02 03:16:43,123] Trial 125 finished with value: 0.4879638107236515 and parameters: {'lr': 0.0016957249016642366, 'decay': 0.0005808627028672818, 'batch_size': 64, 'nheads': 2, 'project_to': 32, 'hidden_size': 128, 'num_layers': 2, 'dropout': 0.19667294575255792, 'alpha': 0.9297865869176176, 'aug_choice': 8}. Best is trial 66 with value: 0.6190306216664284.
[I 2025-01-02 03:18:41,685] Trial 126 finished with value: 0.5758693750627645 and parameters: {'lr': 0.0019941738379941126, 'decay': 0.0004645553351384848, 'batch_size': 64, 'nheads': 1, 'project_to': 128, 'hidden_size': 128, 'num_layers': 2, 'dropout': 0.2201629167638025, 'alpha': 0.6602549121088881, 'aug_choice': 5}. Best is trial 66 with value: 0.6190306216664284.
[I 2025-01-02 03:21:15,304] Trial 127 finished with value: 0.4754812804989902 and parameters: {'lr': 0.0022538590547054012, 'decay': 0.00046471136267264455, 'batch_size': 128, 'nheads': 1, 'project_to': 128, 'hidden_size': 128, 'num_layers': 2, 'dropout': 0.33227568608133146, 'alpha': 0.6511125918611979, 'aug_choice': 5}. Best is trial 66 with value: 0.6190306216664284.
[I 2025-01-02 03:23:13,001] Trial 128 finished with value: 0.4019161708671909 and parameters: {'lr': 0.001966624779868246, 'decay': 0.00034309243282656775, 'batch_size': 64, 'nheads': 2, 'project_to': 128, 'hidden_size': 128, 'num_layers': 2, 'dropout': 0.20835948954333836, 'alpha': 0.717208001124564, 'aug_choice': 5}. Best is trial 66 with value: 0.6190306216664284.
[I 2025-01-02 03:25:30,250] Trial 129 finished with value: 0.5296067972272841 and parameters: {'lr': 0.00010471327903198762, 'decay': 0.0007271796882442439, 'batch_size': 64, 'nheads': 1, 'project_to': 128, 'hidden_size': 128, 'num_layers': 2, 'dropout': 0.22432883301675963, 'alpha': 0.8728230376564787, 'aug_choice': 5}. Best is trial 66 with value: 0.6190306216664284.
[I 2025-01-02 03:27:51,608] Trial 130 finished with value: 0.5042589557299808 and parameters: {'lr': 0.00016077340729371404, 'decay': 0.0004330143232010132, 'batch_size': 64, 'nheads': 2, 'project_to': 128, 'hidden_size': 128, 'num_layers': 2, 'dropout': 0.2586252710957936, 'alpha': 0.6789073800022913, 'aug_choice': 5}. Best is trial 66 with value: 0.6190306216664284.
