Best trial: 40. Best value: 0.618536:  46%|████▌     | 22/48 [1:18:01<2:15:26, 312.56s/it]Best trial: 40. Best value: 0.618536:  46%|████▌     | 22/48 [1:18:01<2:15:26, 312.56s/it]Best trial: 40. Best value: 0.618536:  48%|████▊     | 23/48 [1:18:01<1:50:57, 266.30s/it]                                                                                          Best trial: 40. Best value: 0.618536:  48%|████▊     | 23/48 [1:21:27<1:50:57, 266.30s/it]Best trial: 40. Best value: 0.618536:  48%|████▊     | 23/48 [1:21:27<1:50:57, 266.30s/it]Best trial: 40. Best value: 0.618536:  50%|█████     | 24/48 [1:21:27<1:39:13, 248.06s/it]                                                                                          Best trial: 40. Best value: 0.618536:  50%|█████     | 24/48 [1:24:25<1:39:13, 248.06s/it]Best trial: 40. Best value: 0.618536:  50%|█████     | 24/48 [1:24:25<1:39:13, 248.06s/it]Best trial: 40. Best value: 0.618536:  52%|█████▏    | 25/48 [1:24:25<1:27:03, 227.09s/it]                                                                                          Best trial: 40. Best value: 0.618536:  52%|█████▏    | 25/48 [1:31:13<1:27:03, 227.09s/it]Best trial: 40. Best value: 0.618536:  52%|█████▏    | 25/48 [1:31:13<1:27:03, 227.09s/it]Best trial: 40. Best value: 0.618536:  54%|█████▍    | 26/48 [1:31:13<1:43:13, 281.51s/it]                                                                                          Best trial: 40. Best value: 0.618536:  54%|█████▍    | 26/48 [1:37:47<1:43:13, 281.51s/it]Best trial: 40. Best value: 0.618536:  54%|█████▍    | 26/48 [1:37:47<1:43:13, 281.51s/it]Best trial: 40. Best value: 0.618536:  56%|█████▋    | 27/48 [1:37:47<1:50:18, 315.17s/it]                                                                                          Best trial: 40. Best value: 0.618536:  56%|█████▋    | 27/48 [1:43:56<1:50:18, 315.17s/it]Best trial: 40. Best value: 0.618536:  56%|█████▋    | 27/48 [1:43:56<1:50:18, 315.17s/it]Best trial: 40. Best value: 0.618536:  58%|█████▊    | 28/48 [1:43:56<1:50:25, 331.27s/it]                                                                                          Best trial: 40. Best value: 0.618536:  58%|█████▊    | 28/48 [1:50:18<1:50:25, 331.27s/it]Best trial: 40. Best value: 0.618536:  58%|█████▊    | 28/48 [1:50:18<1:50:25, 331.27s/it]Best trial: 40. Best value: 0.618536:  60%|██████    | 29/48 [1:50:18<1:49:42, 346.45s/it]                                                                                          Best trial: 40. Best value: 0.618536:  60%|██████    | 29/48 [1:55:21<1:49:42, 346.45s/it]Best trial: 40. Best value: 0.618536:  60%|██████    | 29/48 [1:55:21<1:49:42, 346.45s/it]Best trial: 40. Best value: 0.618536:  62%|██████▎   | 30/48 [1:55:21<1:40:01, 333.40s/it]                                                                                          Best trial: 40. Best value: 0.618536:  62%|██████▎   | 30/48 [2:00:58<1:40:01, 333.40s/it]Best trial: 40. Best value: 0.618536:  62%|██████▎   | 30/48 [2:00:58<1:40:01, 333.40s/it]Best trial: 40. Best value: 0.618536:  65%|██████▍   | 31/48 [2:00:58<1:34:48, 334.59s/it]                                                                                          Best trial: 40. Best value: 0.618536:  65%|██████▍   | 31/48 [2:06:43<1:34:48, 334.59s/it]Best trial: 40. Best value: 0.618536:  65%|██████▍   | 31/48 [2:06:43<1:34:48, 334.59s/it]Best trial: 40. Best value: 0.618536:  67%|██████▋   | 32/48 [2:06:43<1:30:02, 337.68s/it]                                                                                          Best trial: 40. Best value: 0.618536:  67%|██████▋   | 32/48 [2:14:13<1:30:02, 337.68s/it]Best trial: 40. Best value: 0.618536:  67%|██████▋   | 32/48 [2:14:13<1:30:02, 337.68s/it]Best trial: 40. Best value: 0.618536:  69%|██████▉   | 33/48 [2:14:13<1:32:51, 371.41s/it]                                                                                          Best trial: 40. Best value: 0.618536:  69%|██████▉   | 33/48 [2:16:53<1:32:51, 371.41s/it]Best trial: 40. Best value: 0.618536:  69%|██████▉   | 33/48 [2:16:53<1:32:51, 371.41s/it]Best trial: 40. Best value: 0.618536:  71%|███████   | 34/48 [2:16:53<1:11:53, 308.08s/it]                                                                                          Best trial: 40. Best value: 0.618536:  71%|███████   | 34/48 [2:23:08<1:11:53, 308.08s/it]Best trial: 40. Best value: 0.618536:  71%|███████   | 34/48 [2:23:08<1:11:53, 308.08s/it]Best trial: 40. Best value: 0.618536:  73%|███████▎  | 35/48 [2:23:08<1:11:05, 328.11s/it]                                                                                          Best trial: 40. Best value: 0.618536:  73%|███████▎  | 35/48 [2:24:35<1:11:05, 328.11s/it]Best trial: 40. Best value: 0.618536:  73%|███████▎  | 35/48 [2:24:35<1:11:05, 328.11s/it]Best trial: 40. Best value: 0.618536:  75%|███████▌  | 36/48 [2:24:35<51:07, 255.60s/it]                                                                                          Best trial: 40. Best value: 0.618536:  75%|███████▌  | 36/48 [2:31:12<51:07, 255.60s/it]Best trial: 40. Best value: 0.618536:  75%|███████▌  | 36/48 [2:31:12<51:07, 255.60s/it]Best trial: 40. Best value: 0.618536:  77%|███████▋  | 37/48 [2:31:12<54:39, 298.13s/it]                                                                                        Best trial: 40. Best value: 0.618536:  77%|███████▋  | 37/48 [2:34:07<54:39, 298.13s/it]Best trial: 40. Best value: 0.618536:  77%|███████▋  | 37/48 [2:34:07<54:39, 298.13s/it]Best trial: 40. Best value: 0.618536:  79%|███████▉  | 38/48 [2:34:07<43:32, 261.21s/it]                                                                                        Best trial: 40. Best value: 0.618536:  79%|███████▉  | 38/48 [2:36:05<43:32, 261.21s/it]Best trial: 40. Best value: 0.618536:  79%|███████▉  | 38/48 [2:36:05<43:32, 261.21s/it]Best trial: 40. Best value: 0.618536:  81%|████████▏ | 39/48 [2:36:05<32:44, 218.24s/it]                                                                                        Best trial: 40. Best value: 0.618536:  81%|████████▏ | 39/48 [2:38:47<32:44, 218.24s/it]Best trial: 40. Best value: 0.618536:  81%|████████▏ | 39/48 [2:38:47<32:44, 218.24s/it]Best trial: 40. Best value: 0.618536:  83%|████████▎ | 40/48 [2:38:47<26:49, 201.25s/it]                                                                                        Best trial: 40. Best value: 0.618536:  83%|████████▎ | 40/48 [2:41:27<26:49, 201.25s/it]Best trial: 40. Best value: 0.618536:  83%|████████▎ | 40/48 [2:41:27<26:49, 201.25s/it]Best trial: 40. Best value: 0.618536:  85%|████████▌ | 41/48 [2:41:27<22:03, 189.01s/it]                                                                                        Best trial: 40. Best value: 0.618536:  85%|████████▌ | 41/48 [2:42:57<22:03, 189.01s/it]Best trial: 40. Best value: 0.618536:  85%|████████▌ | 41/48 [2:42:57<22:03, 189.01s/it]Best trial: 40. Best value: 0.618536:  88%|████████▊ | 42/48 [2:42:57<15:55, 159.17s/it]                                                                                        Best trial: 40. Best value: 0.618536:  88%|████████▊ | 42/48 [2:44:25<15:55, 159.17s/it]Best trial: 40. Best value: 0.618536:  88%|████████▊ | 42/48 [2:44:25<15:55, 159.17s/it]Best trial: 40. Best value: 0.618536:  90%|████████▉ | 43/48 [2:44:25<11:28, 137.79s/it]                                                                                        Best trial: 40. Best value: 0.618536:  90%|████████▉ | 43/48 [2:46:47<11:28, 137.79s/it]Best trial: 40. Best value: 0.618536:  90%|████████▉ | 43/48 [2:46:47<11:28, 137.79s/it]Best trial: 40. Best value: 0.618536:  92%|█████████▏| 44/48 [2:46:47<09:16, 139.09s/it]                                                                                        [I 2025-01-02 23:14:16,166] Trial 124 finished with value: 0.5779364349997065 and parameters: {'lr': 0.006207447051764191, 'decay': 0.0017112850347541445, 'batch_size': 64, 'nheads': 4, 'project_to': 32, 'hidden_size': 128, 'num_layers': 2, 'dropout': 0.17737592132132507, 'alpha': 0.8172569720289715, 'aug_choice': 5}. Best is trial 40 with value: 0.6185357998778109.
[I 2025-01-02 23:17:41,674] Trial 125 finished with value: 0.5473416644543546 and parameters: {'lr': 0.004253590179675209, 'decay': 0.001933673930690174, 'batch_size': 64, 'nheads': 4, 'project_to': 32, 'hidden_size': 128, 'num_layers': 2, 'dropout': 0.24253901357674654, 'alpha': 0.7810385388675767, 'aug_choice': 5}. Best is trial 40 with value: 0.6185357998778109.
[I 2025-01-02 23:20:39,843] Trial 126 finished with value: 0.5773026375746866 and parameters: {'lr': 0.003484579362654465, 'decay': 0.002256194491076142, 'batch_size': 128, 'nheads': 4, 'project_to': 32, 'hidden_size': 128, 'num_layers': 2, 'dropout': 0.2055401990289483, 'alpha': 0.9229706525882988, 'aug_choice': 5}. Best is trial 40 with value: 0.6185357998778109.
[I 2025-01-02 23:27:28,320] Trial 127 finished with value: 0.6017992851620074 and parameters: {'lr': 0.00559092692881268, 'decay': 0.0026989591054864177, 'batch_size': 64, 'nheads': 4, 'project_to': 32, 'hidden_size': 128, 'num_layers': 2, 'dropout': 0.18849256100010187, 'alpha': 0.889910205255945, 'aug_choice': 3}. Best is trial 40 with value: 0.6185357998778109.
[I 2025-01-02 23:34:02,012] Trial 128 finished with value: 0.5944808069068956 and parameters: {'lr': 0.007899154412423302, 'decay': 0.0037413261703731727, 'batch_size': 64, 'nheads': 1, 'project_to': 32, 'hidden_size': 128, 'num_layers': 2, 'dropout': 0.4358682931815883, 'alpha': 0.7022496294576734, 'aug_choice': 3}. Best is trial 40 with value: 0.6185357998778109.
[I 2025-01-02 23:40:10,847] Trial 129 finished with value: 0.5245027849591363 and parameters: {'lr': 0.008320670824122495, 'decay': 0.005533258331046154, 'batch_size': 64, 'nheads': 1, 'project_to': 32, 'hidden_size': 128, 'num_layers': 2, 'dropout': 0.4386994651387746, 'alpha': 0.659335510441656, 'aug_choice': 3}. Best is trial 40 with value: 0.6185357998778109.
[I 2025-01-02 23:46:32,717] Trial 130 finished with value: 0.5693544612014888 and parameters: {'lr': 0.007720252422594574, 'decay': 0.0035558839605424717, 'batch_size': 64, 'nheads': 1, 'project_to': 32, 'hidden_size': 128, 'num_layers': 2, 'dropout': 0.4262798852580122, 'alpha': 0.6944107222502722, 'aug_choice': 3}. Best is trial 40 with value: 0.6185357998778109.
[I 2025-01-02 23:51:35,656] Trial 131 finished with value: 0.5516855872126589 and parameters: {'lr': 0.006734433900992012, 'decay': 0.0026720420648271384, 'batch_size': 64, 'nheads': 1, 'project_to': 32, 'hidden_size': 128, 'num_layers': 2, 'dropout': 0.4456555821495577, 'alpha': 0.800387404704758, 'aug_choice': 3}. Best is trial 40 with value: 0.6185357998778109.
[I 2025-01-02 23:57:13,041] Trial 132 finished with value: 0.5735979885626296 and parameters: {'lr': 0.0053752569725645395, 'decay': 0.0035951252051395805, 'batch_size': 64, 'nheads': 1, 'project_to': 32, 'hidden_size': 128, 'num_layers': 2, 'dropout': 0.411153264452826, 'alpha': 0.8621045742527182, 'aug_choice': 3}. Best is trial 40 with value: 0.6185357998778109.
[I 2025-01-03 00:02:57,922] Trial 133 finished with value: 0.5756008473620995 and parameters: {'lr': 0.009583801337493453, 'decay': 0.006477335303638009, 'batch_size': 64, 'nheads': 1, 'project_to': 32, 'hidden_size': 128, 'num_layers': 2, 'dropout': 0.488265414726963, 'alpha': 0.7311507797251247, 'aug_choice': 3}. Best is trial 40 with value: 0.6185357998778109.
[I 2025-01-03 00:10:28,042] Trial 134 finished with value: 0.5667835866814344 and parameters: {'lr': 0.0044896382802105195, 'decay': 0.0032718132766636344, 'batch_size': 64, 'nheads': 4, 'project_to': 32, 'hidden_size': 128, 'num_layers': 2, 'dropout': 0.1885015817636194, 'alpha': 0.5639592589741287, 'aug_choice': 3}. Best is trial 40 with value: 0.6185357998778109.
[I 2025-01-03 00:13:08,346] Trial 135 finished with value: 0.5636039636280449 and parameters: {'lr': 0.005502347644399955, 'decay': 0.0021551055428870656, 'batch_size': 64, 'nheads': 4, 'project_to': 32, 'hidden_size': 128, 'num_layers': 2, 'dropout': 0.3890373366513566, 'alpha': 0.6221867441534672, 'aug_choice': 5}. Best is trial 40 with value: 0.6185357998778109.
[I 2025-01-03 00:19:23,206] Trial 136 finished with value: 0.5822013894039719 and parameters: {'lr': 0.006468564090111885, 'decay': 0.002679320402715317, 'batch_size': 64, 'nheads': 4, 'project_to': 32, 'hidden_size': 128, 'num_layers': 2, 'dropout': 0.16318042197812205, 'alpha': 0.760623542258539, 'aug_choice': 3}. Best is trial 40 with value: 0.6185357998778109.
[I 2025-01-03 00:20:49,625] Trial 137 finished with value: 0.5034540906759372 and parameters: {'lr': 0.004771892812575115, 'decay': 0.0017949395177390083, 'batch_size': 64, 'nheads': 1, 'project_to': 32, 'hidden_size': 128, 'num_layers': 2, 'dropout': 0.2316557096837198, 'alpha': 0.8847387654432962, 'aug_choice': 4}. Best is trial 40 with value: 0.6185357998778109.
[I 2025-01-03 00:27:26,980] Trial 138 finished with value: 0.5519571906350648 and parameters: {'lr': 0.0005592460590064187, 'decay': 0.004659565360093987, 'batch_size': 128, 'nheads': 4, 'project_to': 32, 'hidden_size': 128, 'num_layers': 2, 'dropout': 0.21935525017200935, 'alpha': 0.9328393205133277, 'aug_choice': 3}. Best is trial 40 with value: 0.6185357998778109.
[I 2025-01-03 00:30:22,049] Trial 139 finished with value: 0.5254092542464612 and parameters: {'lr': 0.0040087913410229966, 'decay': 0.0014128043813447266, 'batch_size': 64, 'nheads': 4, 'project_to': 32, 'hidden_size': 128, 'num_layers': 2, 'dropout': 0.631198384688264, 'alpha': 0.8225367102355865, 'aug_choice': 1}. Best is trial 40 with value: 0.6185357998778109.
[I 2025-01-03 00:32:20,008] Trial 140 finished with value: 0.5229786255107364 and parameters: {'lr': 0.0034408497100201574, 'decay': 0.002149028613533212, 'batch_size': 64, 'nheads': 2, 'project_to': 32, 'hidden_size': 128, 'num_layers': 2, 'dropout': 0.1947766873256361, 'alpha': 0.8443505982617148, 'aug_choice': 2}. Best is trial 40 with value: 0.6185357998778109.
[I 2025-01-03 00:35:01,613] Trial 141 finished with value: 0.5106671250353474 and parameters: {'lr': 0.0003750326990475322, 'decay': 0.00042445725428313377, 'batch_size': 64, 'nheads': 4, 'project_to': 32, 'hidden_size': 128, 'num_layers': 2, 'dropout': 0.17531128959377412, 'alpha': 0.9889062980835459, 'aug_choice': 5}. Best is trial 40 with value: 0.6185357998778109.
[I 2025-01-03 00:37:42,058] Trial 142 finished with value: 0.5787980225614306 and parameters: {'lr': 0.0031596332727041833, 'decay': 0.0012595572796176627, 'batch_size': 64, 'nheads': 4, 'project_to': 32, 'hidden_size': 128, 'num_layers': 2, 'dropout': 0.13457830964985873, 'alpha': 0.6952754264929709, 'aug_choice': 8}. Best is trial 40 with value: 0.6185357998778109.
[I 2025-01-03 00:39:11,627] Trial 143 finished with value: 0.5633327743521793 and parameters: {'lr': 0.002726875371636059, 'decay': 0.00011302527614028716, 'batch_size': 64, 'nheads': 4, 'project_to': 32, 'hidden_size': 64, 'num_layers': 2, 'dropout': 0.11428269876384961, 'alpha': 0.1032003774869017, 'aug_choice': 6}. Best is trial 40 with value: 0.6185357998778109.
[I 2025-01-03 00:40:39,525] Trial 144 finished with value: 0.5594589154636367 and parameters: {'lr': 0.0038584017464307154, 'decay': 0.0001964502730988494, 'batch_size': 64, 'nheads': 4, 'project_to': 32, 'hidden_size': 128, 'num_layers': 2, 'dropout': 0.16799215598790457, 'alpha': 0.8977802761938953, 'aug_choice': 0}. Best is trial 40 with value: 0.6185357998778109.
[I 2025-01-03 00:43:01,634] Trial 145 finished with value: 0.48554344011736594 and parameters: {'lr': 0.005875073977220161, 'decay': 0.00036163546793501524, 'batch_size': 64, 'nheads': 4, 'project_to': 64, 'hidden_size': 128, 'num_layers': 2, 'dropout': 0.21032798258270397, 'alpha': 0.9443096532605236, 'aug_choice': 8}. Best is trial 40 with value: 0.6185357998778109.
Best trial: 40. Best value: 0.618536:  92%|█████████▏| 44/48 [2:52:07<09:16, 139.09s/it]Best trial: 40. Best value: 0.618536:  92%|█████████▏| 44/48 [2:52:07<09:16, 139.09s/it]Best trial: 40. Best value: 0.618536:  94%|█████████▍| 45/48 [2:52:07<09:40, 193.57s/it]                                                                                        Best trial: 40. Best value: 0.618536:  94%|█████████▍| 45/48 [2:55:06<09:40, 193.57s/it]Best trial: 40. Best value: 0.618536:  94%|█████████▍| 45/48 [2:55:06<09:40, 193.57s/it]Best trial: 40. Best value: 0.618536:  96%|█████████▌| 46/48 [2:55:06<06:18, 189.17s/it]                                                                                        Best trial: 40. Best value: 0.618536:  96%|█████████▌| 46/48 [2:58:26<06:18, 189.17s/it]Best trial: 40. Best value: 0.618536:  96%|█████████▌| 46/48 [2:58:26<06:18, 189.17s/it]Best trial: 40. Best value: 0.618536:  98%|█████████▊| 47/48 [2:58:26<03:12, 192.42s/it]                                                                                        Best trial: 40. Best value: 0.618536:  98%|█████████▊| 47/48 [3:01:25<03:12, 192.42s/it]Best trial: 40. Best value: 0.618536:  98%|█████████▊| 47/48 [3:01:25<03:12, 192.42s/it]Best trial: 40. Best value: 0.618536: 100%|██████████| 48/48 [3:01:25<00:00, 188.44s/it]Best trial: 40. Best value: 0.618536: 100%|██████████| 48/48 [3:01:25<00:00, 226.79s/it]
[I 2025-01-03 00:48:22,340] Trial 146 finished with value: 0.4818538030066487 and parameters: {'lr': 0.0021786755157297906, 'decay': 0.001836972880522766, 'batch_size': 64, 'nheads': 4, 'project_to': 128, 'hidden_size': 64, 'num_layers': 2, 'dropout': 0.5771531724597831, 'alpha': 0.9679182471000605, 'aug_choice': 3}. Best is trial 40 with value: 0.6185357998778109.
[I 2025-01-03 00:51:21,241] Trial 147 finished with value: 0.45286629161907427 and parameters: {'lr': 1.8100701863716014e-05, 'decay': 0.004068236598789032, 'batch_size': 64, 'nheads': 2, 'project_to': 32, 'hidden_size': 128, 'num_layers': 2, 'dropout': 0.15951929725385658, 'alpha': 0.6111483653307914, 'aug_choice': 8}. Best is trial 40 with value: 0.6185357998778109.
[I 2025-01-03 00:54:41,234] Trial 148 finished with value: 0.5461305730537218 and parameters: {'lr': 0.0024931462783475346, 'decay': 0.003084602486230638, 'batch_size': 64, 'nheads': 4, 'project_to': 128, 'hidden_size': 128, 'num_layers': 2, 'dropout': 0.14446892319781168, 'alpha': 1.0435735691105017, 'aug_choice': 1}. Best is trial 40 with value: 0.6185357998778109.
[I 2025-01-03 00:57:40,406] Trial 149 finished with value: 0.5462258247902024 and parameters: {'lr': 0.009890456840696282, 'decay': 0.0014806186631818078, 'batch_size': 64, 'nheads': 1, 'project_to': 128, 'hidden_size': 64, 'num_layers': 2, 'dropout': 0.25392302466482275, 'alpha': 0.7994076946541511, 'aug_choice': 5}. Best is trial 40 with value: 0.6185357998778109.

Optimization finished!
Best macro F1: 0.6185
Best hyperparameters:
    lr: 0.0026986023706154143
    decay: 9.534246446998627e-05
    batch_size: 64
    nheads: 2
    project_to: 128
    hidden_size: 128
    num_layers: 2
    dropout: 0.25769643091202843
    alpha: 1.2464807637589015
    aug_choice: 7
Fold 6#HP: 0 trials completed, running 150 more trials...
[I 2025-01-03 00:57:42,670] A new study created in RDB with name: webcam_engagement_classifier
