[I 2024-12-26 18:33:23,283] Trial 21 finished with value: 0.6047429306342478 and parameters: {'lr': 0.0003263682222627475, 'decay': 0.0005371006097244324, 'batch_size': 64, 'nheads': 4, 'project_to': 128, 'hidden_size': 32, 'num_layers': 3, 'dropout': 0.2966099619706164, 'class_weights': False, 'aug_choice': 6}. Best is trial 20 with value: 0.6579602806119411.
Best trial: 20. Best value: 0.65796:  55%|█████▌    | 22/40 [2:07:14<1:21:56, 273.12s/it]Best trial: 20. Best value: 0.65796:  55%|█████▌    | 22/40 [2:07:14<1:21:56, 273.12s/it]Best trial: 20. Best value: 0.65796:  57%|█████▊    | 23/40 [2:07:14<1:10:28, 248.76s/it]                                                                                         Best trial: 20. Best value: 0.65796:  57%|█████▊    | 23/40 [2:09:51<1:10:28, 248.76s/it]Best trial: 20. Best value: 0.65796:  57%|█████▊    | 23/40 [2:09:51<1:10:28, 248.76s/it]Best trial: 20. Best value: 0.65796:  60%|██████    | 24/40 [2:09:51<58:59, 221.23s/it]                                                                                         Best trial: 20. Best value: 0.65796:  60%|██████    | 24/40 [2:13:08<58:59, 221.23s/it]Best trial: 20. Best value: 0.65796:  60%|██████    | 24/40 [2:13:08<58:59, 221.23s/it]Best trial: 20. Best value: 0.65796:  62%|██████▎   | 25/40 [2:13:08<53:30, 214.02s/it]                                                                                       Best trial: 20. Best value: 0.65796:  62%|██████▎   | 25/40 [2:16:16<53:30, 214.02s/it]Best trial: 20. Best value: 0.65796:  62%|██████▎   | 25/40 [2:16:16<53:30, 214.02s/it]Best trial: 20. Best value: 0.65796:  65%|██████▌   | 26/40 [2:16:16<48:06, 206.15s/it]                                                                                       Best trial: 20. Best value: 0.65796:  65%|██████▌   | 26/40 [2:19:20<48:06, 206.15s/it]Best trial: 20. Best value: 0.65796:  65%|██████▌   | 26/40 [2:19:20<48:06, 206.15s/it]Best trial: 20. Best value: 0.65796:  68%|██████▊   | 27/40 [2:19:20<43:15, 199.66s/it]                                                                                       Best trial: 20. Best value: 0.65796:  68%|██████▊   | 27/40 [2:25:04<43:15, 199.66s/it]Best trial: 20. Best value: 0.65796:  68%|██████▊   | 27/40 [2:25:04<43:15, 199.66s/it]Best trial: 20. Best value: 0.65796:  70%|███████   | 28/40 [2:25:04<48:35, 242.92s/it]                                                                                       Best trial: 20. Best value: 0.65796:  70%|███████   | 28/40 [2:27:56<48:35, 242.92s/it]Best trial: 20. Best value: 0.65796:  70%|███████   | 28/40 [2:27:56<48:35, 242.92s/it]Best trial: 20. Best value: 0.65796:  72%|███████▎  | 29/40 [2:27:56<40:37, 221.63s/it]                                                                                       Best trial: 20. Best value: 0.65796:  72%|███████▎  | 29/40 [2:30:11<40:37, 221.63s/it]Best trial: 20. Best value: 0.65796:  72%|███████▎  | 29/40 [2:30:11<40:37, 221.63s/it]Best trial: 20. Best value: 0.65796:  75%|███████▌  | 30/40 [2:30:11<32:36, 195.60s/it]                                                                                       Best trial: 20. Best value: 0.65796:  75%|███████▌  | 30/40 [2:35:01<32:36, 195.60s/it]Best trial: 20. Best value: 0.65796:  75%|███████▌  | 30/40 [2:35:01<32:36, 195.60s/it]Best trial: 20. Best value: 0.65796:  78%|███████▊  | 31/40 [2:35:01<33:36, 224.00s/it]                                                                                       Best trial: 20. Best value: 0.65796:  78%|███████▊  | 31/40 [2:39:26<33:36, 224.00s/it]Best trial: 20. Best value: 0.65796:  78%|███████▊  | 31/40 [2:39:26<33:36, 224.00s/it]Best trial: 20. Best value: 0.65796:  80%|████████  | 32/40 [2:39:26<31:29, 236.14s/it]                                                                                       Best trial: 20. Best value: 0.65796:  80%|████████  | 32/40 [2:44:19<31:29, 236.14s/it]Best trial: 20. Best value: 0.65796:  80%|████████  | 32/40 [2:44:19<31:29, 236.14s/it]Best trial: 20. Best value: 0.65796:  82%|████████▎ | 33/40 [2:44:19<29:32, 253.23s/it]                                                                                       Best trial: 20. Best value: 0.65796:  82%|████████▎ | 33/40 [2:47:04<29:32, 253.23s/it]Best trial: 20. Best value: 0.65796:  82%|████████▎ | 33/40 [2:47:04<29:32, 253.23s/it]Best trial: 20. Best value: 0.65796:  85%|████████▌ | 34/40 [2:47:04<22:40, 226.73s/it]                                                                                       Best trial: 20. Best value: 0.65796:  85%|████████▌ | 34/40 [2:51:03<22:40, 226.73s/it]Best trial: 20. Best value: 0.65796:  85%|████████▌ | 34/40 [2:51:03<22:40, 226.73s/it]Best trial: 20. Best value: 0.65796:  88%|████████▊ | 35/40 [2:51:03<19:12, 230.58s/it]                                                                                       Best trial: 20. Best value: 0.65796:  88%|████████▊ | 35/40 [2:54:52<19:12, 230.58s/it]Best trial: 20. Best value: 0.65796:  88%|████████▊ | 35/40 [2:54:52<19:12, 230.58s/it]Best trial: 20. Best value: 0.65796:  90%|█████████ | 36/40 [2:54:52<15:20, 230.02s/it]                                                                                       Best trial: 20. Best value: 0.65796:  90%|█████████ | 36/40 [2:57:59<15:20, 230.02s/it]Best trial: 20. Best value: 0.65796:  90%|█████████ | 36/40 [2:57:59<15:20, 230.02s/it]Best trial: 20. Best value: 0.65796:  92%|█████████▎| 37/40 [2:57:59<10:51, 217.05s/it]                                                                                       Best trial: 20. Best value: 0.65796:  92%|█████████▎| 37/40 [3:00:32<10:51, 217.05s/it]Best trial: 20. Best value: 0.65796:  92%|█████████▎| 37/40 [3:00:32<10:51, 217.05s/it]Best trial: 20. Best value: 0.65796:  95%|█████████▌| 38/40 [3:00:32<06:35, 197.96s/it]                                                                                       Best trial: 20. Best value: 0.65796:  95%|█████████▌| 38/40 [3:06:30<06:35, 197.96s/it]Best trial: 20. Best value: 0.65796:  95%|█████████▌| 38/40 [3:06:30<06:35, 197.96s/it]Best trial: 20. Best value: 0.65796:  98%|█████████▊| 39/40 [3:06:30<04:05, 245.85s/it]                                                                                       Best trial: 20. Best value: 0.65796:  98%|█████████▊| 39/40 [3:09:28<04:05, 245.85s/it]Best trial: 20. Best value: 0.65796:  98%|█████████▊| 39/40 [3:09:28<04:05, 245.85s/it]Best trial: 20. Best value: 0.65796: 100%|██████████| 40/40 [3:09:28<00:00, 225.63s/it]Best trial: 20. Best value: 0.65796: 100%|██████████| 40/40 [3:09:28<00:00, 284.22s/it]
[I 2024-12-26 18:36:35,210] Trial 22 finished with value: 0.5851941992625772 and parameters: {'lr': 0.0003524948812111987, 'decay': 0.0004839541939229609, 'batch_size': 64, 'nheads': 4, 'project_to': 128, 'hidden_size': 32, 'num_layers': 3, 'dropout': 0.3070257494247517, 'class_weights': False, 'aug_choice': 6}. Best is trial 20 with value: 0.6579602806119411.
[I 2024-12-26 18:39:12,222] Trial 23 finished with value: 0.584716841060361 and parameters: {'lr': 0.0014569307617796673, 'decay': 0.00019411369519477663, 'batch_size': 64, 'nheads': 4, 'project_to': 128, 'hidden_size': 32, 'num_layers': 3, 'dropout': 0.29407280264135094, 'class_weights': False, 'aug_choice': 6}. Best is trial 20 with value: 0.6579602806119411.
[I 2024-12-26 18:42:29,443] Trial 24 finished with value: 0.5994674832661628 and parameters: {'lr': 0.00015147087152740874, 'decay': 0.00047979097674882447, 'batch_size': 64, 'nheads': 4, 'project_to': 128, 'hidden_size': 32, 'num_layers': 3, 'dropout': 0.4392878786337491, 'class_weights': False, 'aug_choice': 6}. Best is trial 20 with value: 0.6579602806119411.
[I 2024-12-26 18:45:37,217] Trial 25 finished with value: 0.6181887893732393 and parameters: {'lr': 0.00048729084861469125, 'decay': 4.242486597500843e-05, 'batch_size': 64, 'nheads': 1, 'project_to': 64, 'hidden_size': 32, 'num_layers': 3, 'dropout': 0.35853104819947634, 'class_weights': False, 'aug_choice': 6}. Best is trial 20 with value: 0.6579602806119411.
[I 2024-12-26 18:48:41,748] Trial 26 finished with value: 0.5609136742983042 and parameters: {'lr': 0.00026882628763085946, 'decay': 3.6982679067796365e-05, 'batch_size': 64, 'nheads': 4, 'project_to': 128, 'hidden_size': 64, 'num_layers': 3, 'dropout': 0.35451460426064607, 'class_weights': False, 'aug_choice': 6}. Best is trial 20 with value: 0.6579602806119411.
[I 2024-12-26 18:54:25,607] Trial 27 finished with value: 0.5756744308777341 and parameters: {'lr': 4.1898637716116755e-05, 'decay': 0.001389391138785671, 'batch_size': 64, 'nheads': 4, 'project_to': 128, 'hidden_size': 32, 'num_layers': 3, 'dropout': 0.2749403206782145, 'class_weights': False, 'aug_choice': 6}. Best is trial 20 with value: 0.6579602806119411.
[I 2024-12-26 18:57:17,567] Trial 28 finished with value: 0.5590109366111804 and parameters: {'lr': 0.0012866690059374953, 'decay': 0.0004191909146524512, 'batch_size': 64, 'nheads': 2, 'project_to': 32, 'hidden_size': 32, 'num_layers': 3, 'dropout': 0.18503215775178564, 'class_weights': False, 'aug_choice': 6}. Best is trial 20 with value: 0.6579602806119411.
[I 2024-12-26 18:59:32,427] Trial 29 finished with value: 0.513718068856903 and parameters: {'lr': 0.0040842417503150425, 'decay': 3.905094606302118e-05, 'batch_size': 64, 'nheads': 1, 'project_to': 64, 'hidden_size': 32, 'num_layers': 3, 'dropout': 0.3699223305675993, 'class_weights': False, 'aug_choice': 4}. Best is trial 20 with value: 0.6579602806119411.
[I 2024-12-26 19:04:22,692] Trial 30 finished with value: 0.5867839461612608 and parameters: {'lr': 0.0009132095935668995, 'decay': 1.1021552848768714e-05, 'batch_size': 64, 'nheads': 4, 'project_to': 128, 'hidden_size': 64, 'num_layers': 3, 'dropout': 0.17827204023037152, 'class_weights': False, 'aug_choice': 2}. Best is trial 20 with value: 0.6579602806119411.
[I 2024-12-26 19:08:47,151] Trial 31 finished with value: 0.5913692604096284 and parameters: {'lr': 0.0004958071544145253, 'decay': 0.00011786570362090412, 'batch_size': 64, 'nheads': 1, 'project_to': 64, 'hidden_size': 32, 'num_layers': 2, 'dropout': 0.46232193960387424, 'class_weights': False, 'aug_choice': 8}. Best is trial 20 with value: 0.6579602806119411.
[I 2024-12-26 19:13:40,254] Trial 32 finished with value: 0.5429778870101901 and parameters: {'lr': 0.0006290979157528653, 'decay': 6.911183394880844e-05, 'batch_size': 64, 'nheads': 1, 'project_to': 64, 'hidden_size': 32, 'num_layers': 3, 'dropout': 0.2684126957596402, 'class_weights': False, 'aug_choice': 7}. Best is trial 20 with value: 0.6579602806119411.
[I 2024-12-26 19:16:25,156] Trial 33 finished with value: 0.6270331012351145 and parameters: {'lr': 0.00041097035276528186, 'decay': 2.431057695929671e-05, 'batch_size': 64, 'nheads': 1, 'project_to': 64, 'hidden_size': 32, 'num_layers': 3, 'dropout': 0.35037576495175, 'class_weights': False, 'aug_choice': 6}. Best is trial 20 with value: 0.6579602806119411.
[I 2024-12-26 19:20:24,723] Trial 34 finished with value: 0.38512924638062884 and parameters: {'lr': 1.1734057528240365e-05, 'decay': 2.309922839928109e-05, 'batch_size': 64, 'nheads': 1, 'project_to': 64, 'hidden_size': 32, 'num_layers': 3, 'dropout': 0.3389894656598542, 'class_weights': False, 'aug_choice': 6}. Best is trial 20 with value: 0.6579602806119411.
[I 2024-12-26 19:24:13,421] Trial 35 finished with value: 0.5904690018213617 and parameters: {'lr': 0.00010189281414755868, 'decay': 2.3019790630161608e-05, 'batch_size': 64, 'nheads': 1, 'project_to': 64, 'hidden_size': 32, 'num_layers': 3, 'dropout': 0.10117288850582962, 'class_weights': False, 'aug_choice': 6}. Best is trial 20 with value: 0.6579602806119411.
[I 2024-12-26 19:27:20,206] Trial 36 finished with value: 0.5781226306702106 and parameters: {'lr': 0.000188531080027068, 'decay': 0.0014717105420977241, 'batch_size': 64, 'nheads': 1, 'project_to': 128, 'hidden_size': 32, 'num_layers': 3, 'dropout': 0.365132771043382, 'class_weights': False, 'aug_choice': 6}. Best is trial 20 with value: 0.6579602806119411.
[I 2024-12-26 19:29:53,640] Trial 37 finished with value: 0.5680641571745713 and parameters: {'lr': 0.0003972469642282509, 'decay': 0.0002126971324596801, 'batch_size': 64, 'nheads': 1, 'project_to': 64, 'hidden_size': 32, 'num_layers': 3, 'dropout': 0.41806458968127164, 'class_weights': False, 'aug_choice': 4}. Best is trial 20 with value: 0.6579602806119411.
[I 2024-12-26 19:35:51,220] Trial 38 finished with value: 0.5048481737459661 and parameters: {'lr': 0.0002415184786771702, 'decay': 1.6469637392499296e-05, 'batch_size': 64, 'nheads': 4, 'project_to': 128, 'hidden_size': 32, 'num_layers': 3, 'dropout': 0.2681237064845424, 'class_weights': False, 'aug_choice': 1}. Best is trial 20 with value: 0.6579602806119411.
[I 2024-12-26 19:38:49,668] Trial 39 finished with value: 0.557837679509926 and parameters: {'lr': 0.00012877293311026904, 'decay': 3.437427614603801e-05, 'batch_size': 64, 'nheads': 1, 'project_to': 128, 'hidden_size': 32, 'num_layers': 3, 'dropout': 0.17030118851304676, 'class_weights': False, 'aug_choice': 6}. Best is trial 20 with value: 0.6579602806119411.

Optimization finished!
Best macro F1: 0.6580
Best hyperparameters:
    lr: 0.0003929266293878778
    decay: 0.0005330067317604468
    batch_size: 64
    nheads: 4
    project_to: 128
    hidden_size: 32
    num_layers: 3
    dropout: 0.29806014075565235
    class_weights: False
    aug_choice: 6
Fold 2: 0 trials completed, running 40 more trials...
[I 2024-12-26 19:38:50,435] A new study created in RDB with name: webcam_engagement_classifier
  0%|          | 0/40 [00:00<?, ?it/s]                                        0%|          | 0/40 [03:01<?, ?it/s]Best trial: 0. Best value: 0.490084:   0%|          | 0/40 [03:01<?, ?it/s]Best trial: 0. Best value: 0.490084:   2%|▎         | 1/40 [03:01<1:57:43, 181.12s/it]                                                                                      Best trial: 0. Best value: 0.490084:   2%|▎         | 1/40 [06:12<1:57:43, 181.12s/it]Best trial: 1. Best value: 0.535365:   2%|▎         | 1/40 [06:12<1:57:43, 181.12s/it]Best trial: 1. Best value: 0.535365:   5%|▌         | 2/40 [06:12<1:58:26, 187.01s/it]                                                                                      Best trial: 1. Best value: 0.535365:   5%|▌         | 2/40 [08:37<1:58:26, 187.01s/it]Best trial: 1. Best value: 0.535365:   5%|▌         | 2/40 [08:37<1:58:26, 187.01s/it]Best trial: 1. Best value: 0.535365:   8%|▊         | 3/40 [08:37<1:43:36, 168.01s/it]                                                                                      Best trial: 1. Best value: 0.535365:   8%|▊         | 3/40 [20:12<1:43:36, 168.01s/it]Best trial: 1. Best value: 0.535365:   8%|▊         | 3/40 [20:12<1:43:36, 168.01s/it]Best trial: 1. Best value: 0.535365:  10%|█         | 4/40 [20:12<3:45:31, 375.86s/it]                                                                                      Best trial: 1. Best value: 0.535365:  10%|█         | 4/40 [22:47<3:45:31, 375.86s/it]Best trial: 1. Best value: 0.535365:  10%|█         | 4/40 [22:47<3:45:31, 375.86s/it]Best trial: 1. Best value: 0.535365:  12%|█▎        | 5/40 [22:47<2:52:55, 296.43s/it]                                                                                      Best trial: 1. Best value: 0.535365:  12%|█▎        | 5/40 [28:31<2:52:55, 296.43s/it]Best trial: 5. Best value: 0.55765:  12%|█▎        | 5/40 [28:31<2:52:55, 296.43s/it] Best trial: 5. Best value: 0.55765:  15%|█▌        | 6/40 [28:31<2:57:01, 312.40s/it]                                                                                     Best trial: 5. Best value: 0.55765:  15%|█▌        | 6/40 [33:11<2:57:01, 312.40s/it]Best trial: 5. Best value: 0.55765:  15%|█▌        | 6/40 [33:11<2:57:01, 312.40s/it]Best trial: 5. Best value: 0.55765:  18%|█▊        | 7/40 [33:11<2:46:00, 301.83s/it]                                                                                     Best trial: 5. Best value: 0.55765:  18%|█▊        | 7/40 [38:54<2:46:00, 301.83s/it]Best trial: 5. Best value: 0.55765:  18%|█▊        | 7/40 [38:54<2:46:00, 301.83s/it]Best trial: 5. Best value: 0.55765:  20%|██        | 8/40 [38:54<2:48:04, 315.13s/it]                                                                                     Best trial: 5. Best value: 0.55765:  20%|██        | 8/40 [43:01<2:48:04, 315.13s/it]Best trial: 5. Best value: 0.55765:  20%|██        | 8/40 [43:01<2:48:04, 315.13s/it]Best trial: 5. Best value: 0.55765:  22%|██▎       | 9/40 [43:01<2:31:46, 293.76s/it]                                                                                     Best trial: 5. Best value: 0.55765:  22%|██▎       | 9/40 [48:07<2:31:46, 293.76s/it]Best trial: 5. Best value: 0.55765:  22%|██▎       | 9/40 [48:07<2:31:46, 293.76s/it]Best trial: 5. Best value: 0.55765:  25%|██▌       | 10/40 [48:07<2:28:48, 297.62s/it]                                                                                      Best trial: 5. Best value: 0.55765:  25%|██▌       | 10/40 [51:33<2:28:48, 297.62s/it]Best trial: 5. Best value: 0.55765:  25%|██▌       | 10/40 [51:33<2:28:48, 297.62s/it]Best trial: 5. Best value: 0.55765:  28%|██▊       | 11/40 [51:33<2:10:13, 269.42s/it]                                                                                      Best trial: 5. Best value: 0.55765:  28%|██▊       | 11/40 [1:03:49<2:10:13, 269.42s/it]Best trial: 5. Best value: 0.55765:  28%|██▊       | 11/40 [1:03:49<2:10:13, 269.42s/it]Best trial: 5. Best value: 0.55765:  30%|███       | 12/40 [1:03:49<3:11:59, 411.40s/it]                                                                                        Best trial: 5. Best value: 0.55765:  30%|███       | 12/40 [1:09:37<3:11:59, 411.40s/it]Best trial: 5. Best value: 0.55765:  30%|███       | 12/40 [1:09:37<3:11:59, 411.40s/it]Best trial: 5. Best value: 0.55765:  32%|███▎      | 13/40 [1:09:37<2:56:27, 392.11s/it]                                                                                        Best trial: 5. Best value: 0.55765:  32%|███▎      | 13/40 [1:14:57<2:56:27, 392.11s/it]Best trial: 5. Best value: 0.55765:  32%|███▎      | 13/40 [1:14:57<2:56:27, 392.11s/it]Best trial: 5. Best value: 0.55765:  35%|███▌      | 14/40 [1:14:57<2:40:27, 370.29s/it]                                                                                        Best trial: 5. Best value: 0.55765:  35%|███▌      | 14/40 [1:18:38<2:40:27, 370.29s/it]Best trial: 5. Best value: 0.55765:  35%|███▌      | 14/40 [1:18:38<2:40:27, 370.29s/it]Best trial: 5. Best value: 0.55765:  38%|███▊      | 15/40 [1:18:38<2:15:32, 325.29s/it]                                                                                        Best trial: 5. Best value: 0.55765:  38%|███▊      | 15/40 [1:28:33<2:15:32, 325.29s/it]Best trial: 5. Best value: 0.55765:  38%|███▊      | 15/40 [1:28:33<2:15:32, 325.29s/it]Best trial: 5. Best value: 0.55765:  40%|████      | 16/40 [1:28:33<2:42:40, 406.71s/it]                                                                                        Best trial: 5. Best value: 0.55765:  40%|████      | 16/40 [1:34:48<2:42:40, 406.71s/it]Best trial: 5. Best value: 0.55765:  40%|████      | 16/40 [1:34:48<2:42:40, 406.71s/it]Best trial: 5. Best value: 0.55765:  42%|████▎     | 17/40 [1:34:48<2:32:10, 397.00s/it]                                                                                        Best trial: 5. Best value: 0.55765:  42%|████▎     | 17/40 [1:41:15<2:32:10, 397.00s/it]Best trial: 5. Best value: 0.55765:  42%|████▎     | 17/40 [1:41:15<2:32:10, 397.00s/it]Best trial: 5. Best value: 0.55765:  45%|████▌     | 18/40 [1:41:15<2:24:29, 394.07s/it]                                                                                        Best trial: 5. Best value: 0.55765:  45%|████▌     | 18/40 [1:50:42<2:24:29, 394.07s/it]Best trial: 5. Best value: 0.55765:  45%|████▌     | 18/40 [1:50:42<2:24:29, 394.07s/it]Best trial: 5. Best value: 0.55765:  48%|████▊     | 19/40 [1:50:42<2:36:06, 446.03s/it]                                                                                        Best trial: 5. Best value: 0.55765:  48%|████▊     | 19/40 [2:01:16<2:36:06, 446.03s/it]Best trial: 5. Best value: 0.55765:  48%|████▊     | 19/40 [2:01:16<2:36:06, 446.03s/it]Best trial: 5. Best value: 0.55765:  50%|█████     | 20/40 [2:01:16<2:47:31, 502.58s/it]                                                                                        Best trial: 5. Best value: 0.55765:  50%|█████     | 20/40 [2:09:34<2:47:31, 502.58s/it]Best trial: 5. Best value: 0.55765:  50%|█████     | 20/40 [2:09:34<2:47:31, 502.58s/it]Best trial: 5. Best value: 0.55765:  52%|█████▎    | 21/40 [2:09:34<2:38:40, 501.07s/it]                                                                                        Best trial: 5. Best value: 0.55765:  52%|█████▎    | 21/40 [2:14:17<2:38:40, 501.07s/it]Best trial: 5. Best value: 0.55765:  52%|█████▎    | 21/40 [2:14:17<2:38:40, 501.07s/it]Best trial: 5. Best value: 0.55765:  55%|█████▌    | 22/40 [2:14:17<2:10:39, 435.55s/it]                                                                                        [I 2024-12-26 19:41:51,552] Trial 0 finished with value: 0.4900836453708526 and parameters: {'lr': 0.000601309343588369, 'decay': 0.00016827475980242513, 'batch_size': 64, 'nheads': 4, 'project_to': 128, 'hidden_size': 32, 'num_layers': 1, 'dropout': 0.5532141687108922, 'class_weights': False, 'aug_choice': 0}. Best is trial 0 with value: 0.4900836453708526.
