Best trial: 40. Best value: 0.618536:  29%|██▉       | 44/150 [2:26:41<4:28:00, 151.70s/it]Best trial: 40. Best value: 0.618536:  29%|██▉       | 44/150 [2:26:41<4:28:00, 151.70s/it]Best trial: 40. Best value: 0.618536:  30%|███       | 45/150 [2:26:41<3:45:07, 128.64s/it]                                                                                           Best trial: 40. Best value: 0.618536:  30%|███       | 45/150 [2:27:51<3:45:07, 128.64s/it]Best trial: 40. Best value: 0.618536:  30%|███       | 45/150 [2:27:51<3:45:07, 128.64s/it]Best trial: 40. Best value: 0.618536:  31%|███       | 46/150 [2:27:51<3:12:21, 110.98s/it]                                                                                           Best trial: 40. Best value: 0.618536:  31%|███       | 46/150 [2:33:03<3:12:21, 110.98s/it]Best trial: 40. Best value: 0.618536:  31%|███       | 46/150 [2:33:03<3:12:21, 110.98s/it]Best trial: 40. Best value: 0.618536:  31%|███▏      | 47/150 [2:33:03<4:54:13, 171.39s/it]                                                                                           Best trial: 40. Best value: 0.618536:  31%|███▏      | 47/150 [2:34:17<4:54:13, 171.39s/it]Best trial: 40. Best value: 0.618536:  31%|███▏      | 47/150 [2:34:17<4:54:13, 171.39s/it]Best trial: 40. Best value: 0.618536:  32%|███▏      | 48/150 [2:34:17<4:01:25, 142.01s/it]                                                                                           Best trial: 40. Best value: 0.618536:  32%|███▏      | 48/150 [2:35:27<4:01:25, 142.01s/it]Best trial: 40. Best value: 0.618536:  32%|███▏      | 48/150 [2:35:27<4:01:25, 142.01s/it]Best trial: 40. Best value: 0.618536:  33%|███▎      | 49/150 [2:35:27<3:22:49, 120.49s/it]                                                                                           Best trial: 40. Best value: 0.618536:  33%|███▎      | 49/150 [2:38:40<3:22:49, 120.49s/it]Best trial: 40. Best value: 0.618536:  33%|███▎      | 49/150 [2:38:40<3:22:49, 120.49s/it]Best trial: 40. Best value: 0.618536:  33%|███▎      | 50/150 [2:38:40<3:56:46, 142.06s/it]                                                                                           Best trial: 40. Best value: 0.618536:  33%|███▎      | 50/150 [2:41:22<3:56:46, 142.06s/it]Best trial: 40. Best value: 0.618536:  33%|███▎      | 50/150 [2:41:22<3:56:46, 142.06s/it]Best trial: 40. Best value: 0.618536:  34%|███▍      | 51/150 [2:41:22<4:04:38, 148.27s/it]                                                                                           Best trial: 40. Best value: 0.618536:  34%|███▍      | 51/150 [2:44:07<4:04:38, 148.27s/it]Best trial: 40. Best value: 0.618536:  34%|███▍      | 51/150 [2:44:07<4:04:38, 148.27s/it]Best trial: 40. Best value: 0.618536:  35%|███▍      | 52/150 [2:44:07<4:09:59, 153.06s/it]                                                                                           Best trial: 40. Best value: 0.618536:  35%|███▍      | 52/150 [2:46:52<4:09:59, 153.06s/it]Best trial: 40. Best value: 0.618536:  35%|███▍      | 52/150 [2:46:52<4:09:59, 153.06s/it]Best trial: 40. Best value: 0.618536:  35%|███▌      | 53/150 [2:46:52<4:13:36, 156.88s/it]                                                                                           Best trial: 40. Best value: 0.618536:  35%|███▌      | 53/150 [2:49:35<4:13:36, 156.88s/it]Best trial: 40. Best value: 0.618536:  35%|███▌      | 53/150 [2:49:35<4:13:36, 156.88s/it]Best trial: 40. Best value: 0.618536:  36%|███▌      | 54/150 [2:49:35<4:13:46, 158.61s/it]                                                                                           Best trial: 40. Best value: 0.618536:  36%|███▌      | 54/150 [2:52:18<4:13:46, 158.61s/it]Best trial: 40. Best value: 0.618536:  36%|███▌      | 54/150 [2:52:18<4:13:46, 158.61s/it]Best trial: 40. Best value: 0.618536:  37%|███▋      | 55/150 [2:52:18<4:13:08, 159.88s/it]                                                                                           Best trial: 40. Best value: 0.618536:  37%|███▋      | 55/150 [2:55:05<4:13:08, 159.88s/it]Best trial: 40. Best value: 0.618536:  37%|███▋      | 55/150 [2:55:05<4:13:08, 159.88s/it]Best trial: 40. Best value: 0.618536:  37%|███▋      | 56/150 [2:55:05<4:13:58, 162.11s/it]                                                                                           Best trial: 40. Best value: 0.618536:  37%|███▋      | 56/150 [2:57:25<4:13:58, 162.11s/it]Best trial: 40. Best value: 0.618536:  37%|███▋      | 56/150 [2:57:25<4:13:58, 162.11s/it]Best trial: 40. Best value: 0.618536:  38%|███▊      | 57/150 [2:57:25<4:00:45, 155.33s/it]                                                                                           Best trial: 40. Best value: 0.618536:  38%|███▊      | 57/150 [2:59:50<4:00:45, 155.33s/it]Best trial: 40. Best value: 0.618536:  38%|███▊      | 57/150 [2:59:50<4:00:45, 155.33s/it]Best trial: 40. Best value: 0.618536:  39%|███▊      | 58/150 [2:59:50<3:53:35, 152.34s/it]                                                                                           Best trial: 40. Best value: 0.618536:  39%|███▊      | 58/150 [3:02:52<3:53:35, 152.34s/it]Best trial: 40. Best value: 0.618536:  39%|███▊      | 58/150 [3:02:52<3:53:35, 152.34s/it]Best trial: 40. Best value: 0.618536:  39%|███▉      | 59/150 [3:02:52<4:04:22, 161.13s/it]                                                                                           Best trial: 40. Best value: 0.618536:  39%|███▉      | 59/150 [3:05:33<4:04:22, 161.13s/it]Best trial: 40. Best value: 0.618536:  39%|███▉      | 59/150 [3:05:33<4:04:22, 161.13s/it]Best trial: 40. Best value: 0.618536:  40%|████      | 60/150 [3:05:33<4:01:48, 161.21s/it]                                                                                           Best trial: 40. Best value: 0.618536:  40%|████      | 60/150 [3:08:04<4:01:48, 161.21s/it]Best trial: 40. Best value: 0.618536:  40%|████      | 60/150 [3:08:04<4:01:48, 161.21s/it]Best trial: 40. Best value: 0.618536:  41%|████      | 61/150 [3:08:04<3:54:44, 158.25s/it]                                                                                           Best trial: 40. Best value: 0.618536:  41%|████      | 61/150 [3:11:34<3:54:44, 158.25s/it]Best trial: 40. Best value: 0.618536:  41%|████      | 61/150 [3:11:34<3:54:44, 158.25s/it]Best trial: 40. Best value: 0.618536:  41%|████▏     | 62/150 [3:11:34<4:14:33, 173.56s/it]                                                                                           Best trial: 40. Best value: 0.618536:  41%|████▏     | 62/150 [3:14:30<4:14:33, 173.56s/it]Best trial: 40. Best value: 0.618536:  41%|████▏     | 62/150 [3:14:30<4:14:33, 173.56s/it]Best trial: 40. Best value: 0.618536:  42%|████▏     | 63/150 [3:14:30<4:12:49, 174.36s/it]                                                                                           Best trial: 40. Best value: 0.618536:  42%|████▏     | 63/150 [3:17:18<4:12:49, 174.36s/it]Best trial: 40. Best value: 0.618536:  42%|████▏     | 63/150 [3:17:18<4:12:49, 174.36s/it]Best trial: 40. Best value: 0.618536:  43%|████▎     | 64/150 [3:17:18<4:07:10, 172.45s/it]                                                                                           Best trial: 40. Best value: 0.618536:  43%|████▎     | 64/150 [3:20:28<4:07:10, 172.45s/it]Best trial: 40. Best value: 0.618536:  43%|████▎     | 64/150 [3:20:28<4:07:10, 172.45s/it]Best trial: 40. Best value: 0.618536:  43%|████▎     | 65/150 [3:20:28<4:11:54, 177.82s/it]                                                                                           Best trial: 40. Best value: 0.618536:  43%|████▎     | 65/150 [3:23:06<4:11:54, 177.82s/it]Best trial: 40. Best value: 0.618536:  43%|████▎     | 65/150 [3:23:06<4:11:54, 177.82s/it]Best trial: 40. Best value: 0.618536:  44%|████▍     | 66/150 [3:23:06<4:00:21, 171.69s/it]                                                                                           [I 2025-01-02 06:25:28,054] Trial 44 finished with value: 0.5082638961674959 and parameters: {'lr': 0.0016779962440235177, 'decay': 0.00010118249730751154, 'batch_size': 64, 'nheads': 1, 'project_to': 128, 'hidden_size': 128, 'num_layers': 2, 'dropout': 0.16854274979644912, 'alpha': 1.4087309979446898, 'aug_choice': 4}. Best is trial 40 with value: 0.6185357998778109.
[I 2025-01-02 06:26:37,815] Trial 45 finished with value: 0.48378319048421625 and parameters: {'lr': 0.0007146757147261297, 'decay': 0.00021507590673589355, 'batch_size': 64, 'nheads': 2, 'project_to': 128, 'hidden_size': 32, 'num_layers': 1, 'dropout': 0.2971013208492684, 'alpha': 1.4121721393253224, 'aug_choice': 4}. Best is trial 40 with value: 0.6185357998778109.
[I 2025-01-02 06:31:50,177] Trial 46 finished with value: 0.5440026037052383 and parameters: {'lr': 0.002417401962816383, 'decay': 4.8089957250691264e-05, 'batch_size': 64, 'nheads': 2, 'project_to': 128, 'hidden_size': 128, 'num_layers': 2, 'dropout': 0.2248840286734996, 'alpha': 1.4898357174636276, 'aug_choice': 3}. Best is trial 40 with value: 0.6185357998778109.
[I 2025-01-02 06:33:03,643] Trial 47 finished with value: 0.5069015930507942 and parameters: {'lr': 0.0012681203999549487, 'decay': 0.00020395734323245458, 'batch_size': 64, 'nheads': 1, 'project_to': 128, 'hidden_size': 128, 'num_layers': 2, 'dropout': 0.18561431090511676, 'alpha': 1.2129143597767547, 'aug_choice': 4}. Best is trial 40 with value: 0.6185357998778109.
[I 2025-01-02 06:34:13,913] Trial 48 finished with value: 0.5060607995014392 and parameters: {'lr': 0.005980100130665218, 'decay': 7.646088354705508e-05, 'batch_size': 64, 'nheads': 2, 'project_to': 128, 'hidden_size': 128, 'num_layers': 1, 'dropout': 0.27075840754674896, 'alpha': 1.2886223701010915, 'aug_choice': 4}. Best is trial 40 with value: 0.6185357998778109.
[I 2025-01-02 06:37:26,318] Trial 49 finished with value: 0.5881923903159093 and parameters: {'lr': 0.0006014397554186709, 'decay': 0.000400320238220455, 'batch_size': 64, 'nheads': 2, 'project_to': 128, 'hidden_size': 32, 'num_layers': 2, 'dropout': 0.1464419257823267, 'alpha': 0.9927335029436744, 'aug_choice': 1}. Best is trial 40 with value: 0.6185357998778109.
[I 2025-01-02 06:40:09,054] Trial 50 finished with value: 0.5191559374854006 and parameters: {'lr': 0.0006579572703657619, 'decay': 0.0001250001792631916, 'batch_size': 64, 'nheads': 1, 'project_to': 128, 'hidden_size': 32, 'num_layers': 2, 'dropout': 0.15117908358970528, 'alpha': 0.9625737838894122, 'aug_choice': 1}. Best is trial 40 with value: 0.6185357998778109.
[I 2025-01-02 06:42:53,285] Trial 51 finished with value: 0.4704986085550632 and parameters: {'lr': 0.0004750356547653929, 'decay': 0.00029338787199817206, 'batch_size': 64, 'nheads': 2, 'project_to': 128, 'hidden_size': 32, 'num_layers': 2, 'dropout': 0.20184298605321868, 'alpha': 0.8371968124137255, 'aug_choice': 1}. Best is trial 40 with value: 0.6185357998778109.
[I 2025-01-02 06:45:39,074] Trial 52 finished with value: 0.494922686309413 and parameters: {'lr': 0.0008621620882901069, 'decay': 0.00045845974580521813, 'batch_size': 64, 'nheads': 2, 'project_to': 128, 'hidden_size': 32, 'num_layers': 2, 'dropout': 0.12744557951561344, 'alpha': 0.912804039513573, 'aug_choice': 1}. Best is trial 40 with value: 0.6185357998778109.
[I 2025-01-02 06:48:21,722] Trial 53 finished with value: 0.5763030397862975 and parameters: {'lr': 0.002056150408048054, 'decay': 0.0008677400175456282, 'batch_size': 64, 'nheads': 2, 'project_to': 128, 'hidden_size': 32, 'num_layers': 2, 'dropout': 0.3148739195225535, 'alpha': 1.1296085415089978, 'aug_choice': 8}. Best is trial 40 with value: 0.6185357998778109.
[I 2025-01-02 06:51:04,558] Trial 54 finished with value: 0.4537265564001481 and parameters: {'lr': 0.0030949549730296746, 'decay': 0.00043530692092015366, 'batch_size': 64, 'nheads': 2, 'project_to': 128, 'hidden_size': 32, 'num_layers': 2, 'dropout': 0.31759720659092017, 'alpha': 1.3741623136249332, 'aug_choice': 8}. Best is trial 40 with value: 0.6185357998778109.
[I 2025-01-02 06:53:51,871] Trial 55 finished with value: 0.5780841172741038 and parameters: {'lr': 0.002062252401879305, 'decay': 0.0007909625418904976, 'batch_size': 64, 'nheads': 4, 'project_to': 128, 'hidden_size': 32, 'num_layers': 2, 'dropout': 0.2349090463680176, 'alpha': 1.1151405191649013, 'aug_choice': 8}. Best is trial 40 with value: 0.6185357998778109.
[I 2025-01-02 06:56:11,396] Trial 56 finished with value: 0.5276430103243438 and parameters: {'lr': 0.0019334311446922985, 'decay': 0.0007720758829712893, 'batch_size': 64, 'nheads': 4, 'project_to': 128, 'hidden_size': 32, 'num_layers': 2, 'dropout': 0.23364386351622218, 'alpha': 1.1049260664186749, 'aug_choice': 8}. Best is trial 40 with value: 0.6185357998778109.
[I 2025-01-02 06:58:36,761] Trial 57 finished with value: 0.55239710568342 and parameters: {'lr': 0.0020582794402154714, 'decay': 0.0009823925812152007, 'batch_size': 64, 'nheads': 4, 'project_to': 128, 'hidden_size': 32, 'num_layers': 2, 'dropout': 0.281784921530155, 'alpha': 1.1663366219511098, 'aug_choice': 8}. Best is trial 40 with value: 0.6185357998778109.
[I 2025-01-02 07:01:38,398] Trial 58 finished with value: 0.5589001937123229 and parameters: {'lr': 0.0014448816644805657, 'decay': 0.002089653512832367, 'batch_size': 64, 'nheads': 4, 'project_to': 128, 'hidden_size': 32, 'num_layers': 2, 'dropout': 0.19328839335135212, 'alpha': 1.2877000526601814, 'aug_choice': 8}. Best is trial 40 with value: 0.6185357998778109.
[I 2025-01-02 07:04:19,777] Trial 59 finished with value: 0.5810172774577046 and parameters: {'lr': 0.0030813782290309423, 'decay': 0.0008821997536278168, 'batch_size': 64, 'nheads': 4, 'project_to': 128, 'hidden_size': 32, 'num_layers': 2, 'dropout': 0.10030082226451739, 'alpha': 1.2102103925443517, 'aug_choice': 8}. Best is trial 40 with value: 0.6185357998778109.
[I 2025-01-02 07:06:51,133] Trial 60 finished with value: 0.560898387476727 and parameters: {'lr': 0.005708657759523615, 'decay': 0.0010848749830747538, 'batch_size': 64, 'nheads': 4, 'project_to': 128, 'hidden_size': 32, 'num_layers': 2, 'dropout': 0.11249671410825879, 'alpha': 1.205483001165119, 'aug_choice': 8}. Best is trial 40 with value: 0.6185357998778109.
[I 2025-01-02 07:10:20,416] Trial 61 finished with value: 0.5969985802456189 and parameters: {'lr': 0.0031492968095250926, 'decay': 0.0013654312632651478, 'batch_size': 64, 'nheads': 4, 'project_to': 128, 'hidden_size': 32, 'num_layers': 2, 'dropout': 0.14508713190997474, 'alpha': 1.1305513182995002, 'aug_choice': 8}. Best is trial 40 with value: 0.6185357998778109.
[I 2025-01-02 07:13:16,643] Trial 62 finished with value: 0.5696100998152391 and parameters: {'lr': 0.0032321782432807927, 'decay': 0.0007926208245471003, 'batch_size': 64, 'nheads': 4, 'project_to': 128, 'hidden_size': 32, 'num_layers': 2, 'dropout': 0.17831678320499839, 'alpha': 1.1120652587957933, 'aug_choice': 8}. Best is trial 40 with value: 0.6185357998778109.
[I 2025-01-02 07:16:04,621] Trial 63 finished with value: 0.5898706855262015 and parameters: {'lr': 0.0026197484791747948, 'decay': 0.0017674428103535904, 'batch_size': 64, 'nheads': 4, 'project_to': 128, 'hidden_size': 32, 'num_layers': 2, 'dropout': 0.2133525919113699, 'alpha': 0.9691990778392927, 'aug_choice': 8}. Best is trial 40 with value: 0.6185357998778109.
[I 2025-01-02 07:19:14,983] Trial 64 finished with value: 0.5699817438482687 and parameters: {'lr': 0.004745811369094086, 'decay': 0.0030548135883169, 'batch_size': 64, 'nheads': 4, 'project_to': 128, 'hidden_size': 32, 'num_layers': 2, 'dropout': 0.10551295678901282, 'alpha': 0.986738784321653, 'aug_choice': 8}. Best is trial 40 with value: 0.6185357998778109.
[I 2025-01-02 07:21:52,356] Trial 65 finished with value: 0.5480469231919456 and parameters: {'lr': 0.007988781530249062, 'decay': 0.0016292518828322396, 'batch_size': 64, 'nheads': 4, 'project_to': 32, 'hidden_size': 32, 'num_layers': 2, 'dropout': 0.15623975889260086, 'alpha': 1.071723129719616, 'aug_choice': 8}. Best is trial 40 with value: 0.6185357998778109.
