                                                                                       Best trial: 3. Best value: 0.579562:  90%|█████████ | 36/40 [1:53:31<09:11, 137.91s/it]Best trial: 3. Best value: 0.579562:  90%|█████████ | 36/40 [1:53:31<09:11, 137.91s/it]Best trial: 3. Best value: 0.579562:  92%|█████████▎| 37/40 [1:53:31<06:13, 124.61s/it][I 2024-12-28 12:52:14,508] Trial 35 finished with value: 0.4074074074074074 and parameters: {'lr': 0.00020568303431928612, 'decay': 1.1504059940141313e-05, 'batch_size': 64, 'nheads': 1, 'project_to': 64, 'hidden_size': 128, 'num_layers': 2, 'dropout': 0.4753366764150264, 'class_weights': False, 'aug_choice': 1}. Best is trial 3 with value: 0.5795620437956204.
[I 2024-12-28 12:53:48,066] Trial 36 finished with value: 0.2 and parameters: {'lr': 9.261657833854793e-05, 'decay': 7.668710551364482e-05, 'batch_size': 128, 'nheads': 2, 'project_to': 128, 'hidden_size': 128, 'num_layers': 2, 'dropout': 0.2779273553027247, 'class_weights': True, 'aug_choice': 6}. Best is trial 3 with value: 0.5795620437956204.
/home/ammar/miniconda3/envs/torch/lib/python3.12/site-packages/torch/nn/modules/transformer.py:286: UserWarning: enable_nested_tensor is True, but self.use_nested_tensor is False because encoder_layer.self_attn.num_heads is odd
  warnings.warn(f"enable_nested_tensor is True, but self.use_nested_tensor is False because {why_not_sparsity_fast_path}")
/home/ammar/miniconda3/envs/torch/lib/python3.12/site-packages/torch/nn/modules/transformer.py:286: UserWarning: enable_nested_tensor is True, but self.use_nested_tensor is False because encoder_layer.self_attn.num_heads is odd
  warnings.warn(f"enable_nested_tensor is True, but self.use_nested_tensor is False because {why_not_sparsity_fast_path}")
/home/ammar/miniconda3/envs/torch/lib/python3.12/site-packages/torch/nn/modules/transformer.py:286: UserWarning: enable_nested_tensor is True, but self.use_nested_tensor is False because encoder_layer.self_attn.num_heads is odd
  warnings.warn(f"enable_nested_tensor is True, but self.use_nested_tensor is False because {why_not_sparsity_fast_path}")
/home/ammar/miniconda3/envs/torch/lib/python3.12/site-packages/torch/nn/modules/transformer.py:286: UserWarning: enable_nested_tensor is True, but self.use_nested_tensor is False because encoder_layer.self_attn.num_heads is odd
  warnings.warn(f"enable_nested_tensor is True, but self.use_nested_tensor is False because {why_not_sparsity_fast_path}")
/home/ammar/miniconda3/envs/torch/lib/python3.12/site-packages/torch/nn/modules/transformer.py:286: UserWarning: enable_nested_tensor is True, but self.use_nested_tensor is False because encoder_layer.self_attn.num_heads is odd
  warnings.warn(f"enable_nested_tensor is True, but self.use_nested_tensor is False because {why_not_sparsity_fast_path}")
/home/ammar/miniconda3/envs/torch/lib/python3.12/site-packages/torch/nn/modules/transformer.py:286: UserWarning: enable_nested_tensor is True, but self.use_nested_tensor is False because encoder_layer.self_attn.num_heads is odd
  warnings.warn(f"enable_nested_tensor is True, but self.use_nested_tensor is False because {why_not_sparsity_fast_path}")
                                                                                       Best trial: 3. Best value: 0.579562:  92%|█████████▎| 37/40 [1:57:44<06:13, 124.61s/it]Best trial: 3. Best value: 0.579562:  92%|█████████▎| 37/40 [1:57:44<06:13, 124.61s/it]Best trial: 3. Best value: 0.579562:  95%|█████████▌| 38/40 [1:57:44<05:26, 163.06s/it]/home/ammar/miniconda3/envs/torch/lib/python3.12/site-packages/torch/nn/modules/transformer.py:384: UserWarning: The PyTorch API of nested tensors is in prototype stage and will change in the near future. (Triggered internally at /opt/conda/conda-bld/pytorch_1708025845206/work/aten/src/ATen/NestedTensorImpl.cpp:177.)
  output = torch._nested_tensor_from_mask(output, src_key_padding_mask.logical_not(), mask_check=False)
/home/ammar/miniconda3/envs/torch/lib/python3.12/site-packages/torch/nn/modules/transformer.py:384: UserWarning: The PyTorch API of nested tensors is in prototype stage and will change in the near future. (Triggered internally at /opt/conda/conda-bld/pytorch_1708025845206/work/aten/src/ATen/NestedTensorImpl.cpp:177.)
  output = torch._nested_tensor_from_mask(output, src_key_padding_mask.logical_not(), mask_check=False)
/home/ammar/miniconda3/envs/torch/lib/python3.12/site-packages/torch/nn/modules/transformer.py:384: UserWarning: The PyTorch API of nested tensors is in prototype stage and will change in the near future. (Triggered internally at /opt/conda/conda-bld/pytorch_1708025845206/work/aten/src/ATen/NestedTensorImpl.cpp:177.)
  output = torch._nested_tensor_from_mask(output, src_key_padding_mask.logical_not(), mask_check=False)
/home/ammar/miniconda3/envs/torch/lib/python3.12/site-packages/torch/nn/modules/transformer.py:384: UserWarning: The PyTorch API of nested tensors is in prototype stage and will change in the near future. (Triggered internally at /opt/conda/conda-bld/pytorch_1708025845206/work/aten/src/ATen/NestedTensorImpl.cpp:177.)
  output = torch._nested_tensor_from_mask(output, src_key_padding_mask.logical_not(), mask_check=False)
/home/ammar/miniconda3/envs/torch/lib/python3.12/site-packages/torch/nn/modules/transformer.py:384: UserWarning: The PyTorch API of nested tensors is in prototype stage and will change in the near future. (Triggered internally at /opt/conda/conda-bld/pytorch_1708025845206/work/aten/src/ATen/NestedTensorImpl.cpp:177.)
  output = torch._nested_tensor_from_mask(output, src_key_padding_mask.logical_not(), mask_check=False)
/home/ammar/miniconda3/envs/torch/lib/python3.12/site-packages/torch/nn/modules/transformer.py:384: UserWarning: The PyTorch API of nested tensors is in prototype stage and will change in the near future. (Triggered internally at /opt/conda/conda-bld/pytorch_1708025845206/work/aten/src/ATen/NestedTensorImpl.cpp:177.)
  output = torch._nested_tensor_from_mask(output, src_key_padding_mask.logical_not(), mask_check=False)
                                                                                       Best trial: 3. Best value: 0.579562:  95%|█████████▌| 38/40 [1:59:15<05:26, 163.06s/it]Best trial: 3. Best value: 0.579562:  95%|█████████▌| 38/40 [1:59:15<05:26, 163.06s/it]Best trial: 3. Best value: 0.579562:  98%|█████████▊| 39/40 [1:59:15<02:21, 141.52s/it]/home/ammar/miniconda3/envs/torch/lib/python3.12/site-packages/torch/nn/modules/transformer.py:286: UserWarning: enable_nested_tensor is True, but self.use_nested_tensor is False because encoder_layer.self_attn.num_heads is odd
  warnings.warn(f"enable_nested_tensor is True, but self.use_nested_tensor is False because {why_not_sparsity_fast_path}")
/home/ammar/miniconda3/envs/torch/lib/python3.12/site-packages/torch/nn/modules/transformer.py:286: UserWarning: enable_nested_tensor is True, but self.use_nested_tensor is False because encoder_layer.self_attn.num_heads is odd
  warnings.warn(f"enable_nested_tensor is True, but self.use_nested_tensor is False because {why_not_sparsity_fast_path}")
/home/ammar/miniconda3/envs/torch/lib/python3.12/site-packages/torch/nn/modules/transformer.py:286: UserWarning: enable_nested_tensor is True, but self.use_nested_tensor is False because encoder_layer.self_attn.num_heads is odd
  warnings.warn(f"enable_nested_tensor is True, but self.use_nested_tensor is False because {why_not_sparsity_fast_path}")
/home/ammar/miniconda3/envs/torch/lib/python3.12/site-packages/torch/nn/modules/transformer.py:286: UserWarning: enable_nested_tensor is True, but self.use_nested_tensor is False because encoder_layer.self_attn.num_heads is odd
  warnings.warn(f"enable_nested_tensor is True, but self.use_nested_tensor is False because {why_not_sparsity_fast_path}")
/home/ammar/miniconda3/envs/torch/lib/python3.12/site-packages/torch/nn/modules/transformer.py:286: UserWarning: enable_nested_tensor is True, but self.use_nested_tensor is False because encoder_layer.self_attn.num_heads is odd
  warnings.warn(f"enable_nested_tensor is True, but self.use_nested_tensor is False because {why_not_sparsity_fast_path}")
/home/ammar/miniconda3/envs/torch/lib/python3.12/site-packages/torch/nn/modules/transformer.py:286: UserWarning: enable_nested_tensor is True, but self.use_nested_tensor is False because encoder_layer.self_attn.num_heads is odd
  warnings.warn(f"enable_nested_tensor is True, but self.use_nested_tensor is False because {why_not_sparsity_fast_path}")
                                                                                       Best trial: 3. Best value: 0.579562:  98%|█████████▊| 39/40 [2:02:15<02:21, 141.52s/it]Best trial: 3. Best value: 0.579562:  98%|█████████▊| 39/40 [2:02:15<02:21, 141.52s/it]Best trial: 3. Best value: 0.579562: 100%|██████████| 40/40 [2:02:15<00:00, 153.02s/it]Best trial: 3. Best value: 0.579562: 100%|██████████| 40/40 [2:02:15<00:00, 183.38s/it]
[I 2024-12-28 12:58:00,841] Trial 37 finished with value: 0.39160839160839156 and parameters: {'lr': 5.596196026535483e-05, 'decay': 3.2259503977888126e-05, 'batch_size': 64, 'nheads': 1, 'project_to': 64, 'hidden_size': 128, 'num_layers': 2, 'dropout': 0.6566994925320239, 'class_weights': False, 'aug_choice': 1}. Best is trial 3 with value: 0.5795620437956204.
[I 2024-12-28 12:59:32,102] Trial 38 finished with value: 0.3681439227731461 and parameters: {'lr': 0.0004883202335564375, 'decay': 1.0290648586970272e-05, 'batch_size': 64, 'nheads': 4, 'project_to': 64, 'hidden_size': 128, 'num_layers': 1, 'dropout': 0.6016813031021162, 'class_weights': False, 'aug_choice': 4}. Best is trial 3 with value: 0.5795620437956204.
[I 2024-12-28 13:02:31,949] Trial 39 finished with value: 0.2 and parameters: {'lr': 2.1225854870929943e-05, 'decay': 5.364830698604486e-05, 'batch_size': 128, 'nheads': 1, 'project_to': 64, 'hidden_size': 32, 'num_layers': 2, 'dropout': 0.5261990447549947, 'class_weights': True, 'aug_choice': 6}. Best is trial 3 with value: 0.5795620437956204.

Optimization finished!
Best macro F1: 0.5796
Best hyperparameters:
    lr: 2.9204473816461706e-05
    decay: 1.598806783734955e-05
    batch_size: 64
    nheads: 1
    project_to: 64
    hidden_size: 128
    num_layers: 3
    dropout: 0.6847847871640417
    class_weights: False
    aug_choice: 1
Fold 1: 0 trials completed, running 40 more trials...
[I 2024-12-28 13:02:35,725] A new study created in RDB with name: webcam_engagement_classifier
  0%|          | 0/40 [00:00<?, ?it/s]/home/ammar/miniconda3/envs/torch/lib/python3.12/site-packages/torch/nn/modules/transformer.py:384: UserWarning: The PyTorch API of nested tensors is in prototype stage and will change in the near future. (Triggered internally at /opt/conda/conda-bld/pytorch_1708025845206/work/aten/src/ATen/NestedTensorImpl.cpp:177.)
  output = torch._nested_tensor_from_mask(output, src_key_padding_mask.logical_not(), mask_check=False)
/home/ammar/miniconda3/envs/torch/lib/python3.12/site-packages/torch/nn/modules/transformer.py:384: UserWarning: The PyTorch API of nested tensors is in prototype stage and will change in the near future. (Triggered internally at /opt/conda/conda-bld/pytorch_1708025845206/work/aten/src/ATen/NestedTensorImpl.cpp:177.)
  output = torch._nested_tensor_from_mask(output, src_key_padding_mask.logical_not(), mask_check=False)
/home/ammar/miniconda3/envs/torch/lib/python3.12/site-packages/torch/nn/modules/transformer.py:384: UserWarning: The PyTorch API of nested tensors is in prototype stage and will change in the near future. (Triggered internally at /opt/conda/conda-bld/pytorch_1708025845206/work/aten/src/ATen/NestedTensorImpl.cpp:177.)
  output = torch._nested_tensor_from_mask(output, src_key_padding_mask.logical_not(), mask_check=False)
/home/ammar/miniconda3/envs/torch/lib/python3.12/site-packages/torch/nn/modules/transformer.py:384: UserWarning: The PyTorch API of nested tensors is in prototype stage and will change in the near future. (Triggered internally at /opt/conda/conda-bld/pytorch_1708025845206/work/aten/src/ATen/NestedTensorImpl.cpp:177.)
  output = torch._nested_tensor_from_mask(output, src_key_padding_mask.logical_not(), mask_check=False)
/home/ammar/miniconda3/envs/torch/lib/python3.12/site-packages/torch/nn/modules/transformer.py:384: UserWarning: The PyTorch API of nested tensors is in prototype stage and will change in the near future. (Triggered internally at /opt/conda/conda-bld/pytorch_1708025845206/work/aten/src/ATen/NestedTensorImpl.cpp:177.)
  output = torch._nested_tensor_from_mask(output, src_key_padding_mask.logical_not(), mask_check=False)
/home/ammar/miniconda3/envs/torch/lib/python3.12/site-packages/torch/nn/modules/transformer.py:384: UserWarning: The PyTorch API of nested tensors is in prototype stage and will change in the near future. (Triggered internally at /opt/conda/conda-bld/pytorch_1708025845206/work/aten/src/ATen/NestedTensorImpl.cpp:177.)
  output = torch._nested_tensor_from_mask(output, src_key_padding_mask.logical_not(), mask_check=False)
                                        0%|          | 0/40 [02:30<?, ?it/s]Best trial: 0. Best value: 0.501374:   0%|          | 0/40 [02:30<?, ?it/s]Best trial: 0. Best value: 0.501374:   2%|▎         | 1/40 [02:30<1:37:39, 150.25s/it]/home/ammar/miniconda3/envs/torch/lib/python3.12/site-packages/torch/nn/modules/transformer.py:286: UserWarning: enable_nested_tensor is True, but self.use_nested_tensor is False because encoder_layer.self_attn.num_heads is odd
  warnings.warn(f"enable_nested_tensor is True, but self.use_nested_tensor is False because {why_not_sparsity_fast_path}")
/home/ammar/miniconda3/envs/torch/lib/python3.12/site-packages/torch/nn/modules/transformer.py:286: UserWarning: enable_nested_tensor is True, but self.use_nested_tensor is False because encoder_layer.self_attn.num_heads is odd
  warnings.warn(f"enable_nested_tensor is True, but self.use_nested_tensor is False because {why_not_sparsity_fast_path}")
/home/ammar/miniconda3/envs/torch/lib/python3.12/site-packages/torch/nn/modules/transformer.py:286: UserWarning: enable_nested_tensor is True, but self.use_nested_tensor is False because encoder_layer.self_attn.num_heads is odd
  warnings.warn(f"enable_nested_tensor is True, but self.use_nested_tensor is False because {why_not_sparsity_fast_path}")
/home/ammar/miniconda3/envs/torch/lib/python3.12/site-packages/torch/nn/modules/transformer.py:286: UserWarning: enable_nested_tensor is True, but self.use_nested_tensor is False because encoder_layer.self_attn.num_heads is odd
  warnings.warn(f"enable_nested_tensor is True, but self.use_nested_tensor is False because {why_not_sparsity_fast_path}")
/home/ammar/miniconda3/envs/torch/lib/python3.12/site-packages/torch/nn/modules/transformer.py:286: UserWarning: enable_nested_tensor is True, but self.use_nested_tensor is False because encoder_layer.self_attn.num_heads is odd
  warnings.warn(f"enable_nested_tensor is True, but self.use_nested_tensor is False because {why_not_sparsity_fast_path}")
/home/ammar/miniconda3/envs/torch/lib/python3.12/site-packages/torch/nn/modules/transformer.py:286: UserWarning: enable_nested_tensor is True, but self.use_nested_tensor is False because encoder_layer.self_attn.num_heads is odd
  warnings.warn(f"enable_nested_tensor is True, but self.use_nested_tensor is False because {why_not_sparsity_fast_path}")
