[I 2025-01-01 08:08:10,589] Trial 121 finished with value: 0.5777517393271471 and parameters: {'lr': 0.007045453165603884, 'decay': 0.004404584834132552, 'batch_size': 64, 'nheads': 1, 'project_to': 32, 'hidden_size': 32, 'num_layers': 3, 'dropout': 0.4317434433762637, 'alpha': 0.5888788491691191, 'aug_choice': 8}. Best is trial 97 with value: 0.61798434411871.
Warning: Some folds may have failed. stderr: /home/ammar/miniconda3/envs/torch/lib/python3.12/site-packages/torch/nn/modules/transformer.py:286: UserWarning: enable_nested_tensor is True, but self.use_nested_tensor is False because encoder_layer.self_attn.num_heads is odd
  warnings.warn(f"enable_nested_tensor is True, but self.use_nested_tensor is False because {why_not_sparsity_fast_path}")
/home/ammar/miniconda3/envs/torch/lib/python3.12/site-packages/sklearn/metrics/_classification.py:1531: UndefinedMetricWarning: Precision is ill-defined and being set to 0.0 in labels with no predicted samples. Use `zero_division` parameter to control this behavior.
  _warn_prf(average, modifier, f"{metric.capitalize()} is", len(result))
/home/ammar/miniconda3/envs/torch/lib/python3.12/site-packages/sklearn/metrics/_classification.py:1531: UndefinedMetricWarning: Precision is ill-defined and being set to 0.0 in labels with no predicted samples. Use `zero_division` parameter to control this behavior.
  _warn_prf(average, modifier, f"{metric.capitalize()} is", len(result))
/home/ammar/miniconda3/envs/torch/lib/python3.12/site-packages/sklearn/metrics/_classification.py:1531: UndefinedMetricWarning: Precision is ill-defined and being set to 0.0 in labels with no predicted samples. Use `zero_division` parameter to control this behavior.
  _warn_prf(average, modifier, f"{metric.capitalize()} is", len(result))
/home/ammar/miniconda3/envs/torch/lib/python3.12/site-packages/torch/nn/modules/transformer.py:286: UserWarning: enable_nested_tensor is True, but self.use_nested_tensor is False because encoder_layer.self_attn.num_heads is odd
  warnings.warn(f"enable_nested_tensor is True, but self.use_nested_tensor is False because {why_not_sparsity_fast_path}")
/home/ammar/miniconda3/envs/torch/lib/python3.12/site-packages/torch/nn/modules/transformer.py:286: UserWarning: enable_nested_tensor is True, but self.use_nested_tensor is False because encoder_layer.self_attn.num_heads is odd
  warnings.warn(f"enable_nested_tensor is True, but self.use_nested_tensor is False because {why_not_sparsity_fast_path}")
/home/ammar/miniconda3/envs/torch/lib/python3.12/site-packages/torch/nn/modules/transformer.py:286: UserWarning: enable_nested_tensor is True, but self.use_nested_tensor is False because encoder_layer.self_attn.num_heads is odd
  warnings.warn(f"enable_nested_tensor is True, but self.use_nested_tensor is False because {why_not_sparsity_fast_path}")
Traceback (most recent call last):
  File "/home/ammar/MultimodalEngagement/src/train_fold.py", line 107, in <module>
    main()
  File "/home/ammar/MultimodalEngagement/src/train_fold.py", line 99, in main
    eval_run.run()
  File "/home/ammar/MultimodalEngagement/src/experiments/evaluation_run.py", line 73, in run
    train_losses, validation_losses = self.training_loop()
                                      ^^^^^^^^^^^^^^^^^^^^
  File "/home/ammar/MultimodalEngagement/src/experiments/evaluation_run.py", line 292, in training_loop
    train_loss = self.train_epoch()
                 ^^^^^^^^^^^^^^^^^^
  File "/home/ammar/MultimodalEngagement/src/experiments/evaluation_run.py", line 232, in train_epoch
    loss = self.forward(x, y, lengths=lengths)
           ^^^^^^^^^^^^^^^^^^^^^^^^^^^^^^^^^^^
  File "/home/ammar/MultimodalEngagement/src/experiments/evaluation_run.py", line 247, in forward
    output = self.model(x, lengths)
             ^^^^^^^^^^^^^^^^^^^^^^
  File "/home/ammar/miniconda3/envs/torch/lib/python3.12/site-packages/torch/nn/modules/module.py", line 1511, in _wrapped_call_impl
    return self._call_impl(*args, **kwargs)
           ^^^^^^^^^^^^^^^^^^^^^^^^^^^^^^^^
  File "/home/ammar/miniconda3/envs/torch/lib/python3.12/site-packages/torch/nn/modules/module.py", line 1520, in _call_impl
    return forward_call(*args, **kwargs)
           ^^^^^^^^^^^^^^^^^^^^^^^^^^^^^
  File "/home/ammar/MultimodalEngagement/src/models/balanced_transformer.py", line 65, in forward
    x = self.encoder(x, src_key_padding_mask=mask)
        ^^^^^^^^^^^^^^^^^^^^^^^^^^^^^^^^^^^^^^^^^^
  File "/home/ammar/miniconda3/envs/torch/lib/python3.12/site-packages/torch/nn/modules/module.py", line 1511, in _wrapped_call_impl
    return self._call_impl(*args, **kwargs)
           ^^^^^^^^^^^^^^^^^^^^^^^^^^^^^^^^
  File "/home/ammar/miniconda3/envs/torch/lib/python3.12/site-packages/torch/nn/modules/module.py", line 1520, in _call_impl
    return forward_call(*args, **kwargs)
           ^^^^^^^^^^^^^^^^^^^^^^^^^^^^^
  File "/home/ammar/miniconda3/envs/torch/lib/python3.12/site-packages/torch/nn/modules/transformer.py", line 391, in forward
    output = mod(output, src_mask=mask, is_causal=is_causal, src_key_padding_mask=src_key_padding_mask_for_layers)
             ^^^^^^^^^^^^^^^^^^^^^^^^^^^^^^^^^^^^^^^^^^^^^^^^^^^^^^^^^^^^^^^^^^^^^^^^^^^^^^^^^^^^^^^^^^^^^^^^^^^^^
  File "/home/ammar/miniconda3/envs/torch/lib/python3.12/site-packages/torch/nn/modules/module.py", line 1511, in _wrapped_call_impl
    return self._call_impl(*args, **kwargs)
           ^^^^^^^^^^^^^^^^^^^^^^^^^^^^^^^^
  File "/home/ammar/miniconda3/envs/torch/lib/python3.12/site-packages/torch/nn/modules/module.py", line 1520, in _call_impl
    return forward_call(*args, **kwargs)
           ^^^^^^^^^^^^^^^^^^^^^^^^^^^^^
  File "/home/ammar/miniconda3/envs/torch/lib/python3.12/site-packages/torch/nn/modules/transformer.py", line 715, in forward
    x = self.norm2(x + self._ff_block(x))
                       ^^^^^^^^^^^^^^^^^
  File "/home/ammar/miniconda3/envs/torch/lib/python3.12/site-packages/torch/nn/modules/transformer.py", line 730, in _ff_block
    x = self.linear2(self.dropout(self.activation(self.linear1(x))))
                                  ^^^^^^^^^^^^^^^^^^^^^^^^^^^^^^^^
  File "/home/ammar/miniconda3/envs/torch/lib/python3.12/site-packages/torch/nn/functional.py", line 1473, in relu
    result = torch.relu(input)
             ^^^^^^^^^^^^^^^^^
torch.cuda.OutOfMemoryError: CUDA out of memory. Tried to allocate 20.00 MiB. GPU 0 has a total capacity of 9.75 GiB of which 11.00 MiB is free. Process 63929 has 506.00 MiB memory in use. Process 64300 has 618.00 MiB memory in use. Process 64296 has 618.00 MiB memory in use. Process 64294 has 422.00 MiB memory in use. Process 64291 has 466.00 MiB memory in use. Process 64293 has 422.00 MiB memory in use. Process 64298 has 422.00 MiB memory in use. Process 64372 has 512.00 MiB memory in use. Process 64306 has 366.00 MiB memory in use. Process 64299 has 366.00 MiB memory in use. Process 64305 has 366.00 MiB memory in use. Process 64297 has 366.00 MiB memory in use. Process 64295 has 366.00 MiB memory in use. Process 64303 has 366.00 MiB memory in use. Process 64471 has 506.00 MiB memory in use. Including non-PyTorch memory, this process has 404.00 MiB memory in use. Process 64301 has 390.00 MiB memory in use. Process 64309 has 390.00 MiB memory in use. Process 64310 has 390.00 MiB memory in use. Process 64308 has 390.00 MiB memory in use. Process 64302 has 390.00 MiB memory in use. Process 64304 has 390.00 MiB memory in use. Of the allocated memory 136.55 MiB is allocated by PyTorch, and 7.45 MiB is reserved by PyTorch but unallocated. If reserved but unallocated memory is large try setting PYTORCH_CUDA_ALLOC_CONF=expandable_segments:True to avoid fragmentation.  See documentation for Memory Management  (https://pytorch.org/docs/stable/notes/cuda.html#environment-variables)
/home/ammar/miniconda3/envs/torch/lib/python3.12/site-packages/torch/nn/modules/transformer.py:286: UserWarning: enable_nested_tensor is True, but self.use_nested_tensor is False because encoder_layer.self_attn.num_heads is odd
  warnings.warn(f"enable_nested_tensor is True, but self.use_nested_tensor is False because {why_not_sparsity_fast_path}")
/home/ammar/miniconda3/envs/torch/lib/python3.12/site-packages/torch/nn/modules/transformer.py:286: UserWarning: enable_nested_tensor is True, but self.use_nested_tensor is False because encoder_layer.self_attn.num_heads is odd
  warnings.warn(f"enable_nested_tensor is True, but self.use_nested_tensor is False because {why_not_sparsity_fast_path}")
/home/ammar/miniconda3/envs/torch/lib/python3.12/site-packages/torch/nn/modules/transformer.py:286: UserWarning: enable_nested_tensor is True, but self.use_nested_tensor is False because encoder_layer.self_attn.num_heads is odd
  warnings.warn(f"enable_nested_tensor is True, but self.use_nested_tensor is False because {why_not_sparsity_fast_path}")
                                                                                            Best trial: 97. Best value: 0.617984:  81%|████████▏ | 122/150 [6:20:45<1:05:32, 140.46s/it]Best trial: 97. Best value: 0.617984:  81%|████████▏ | 122/150 [6:20:45<1:05:32, 140.46s/it]Best trial: 97. Best value: 0.617984:  82%|████████▏ | 123/150 [6:20:45<1:02:50, 139.64s/it]                                                                                            Best trial: 97. Best value: 0.617984:  82%|████████▏ | 123/150 [6:22:52<1:02:50, 139.64s/it]Best trial: 97. Best value: 0.617984:  82%|████████▏ | 123/150 [6:22:52<1:02:50, 139.64s/it]Best trial: 97. Best value: 0.617984:  83%|████████▎ | 124/150 [6:22:52<58:49, 135.74s/it]                                                                                            Best trial: 97. Best value: 0.617984:  83%|████████▎ | 124/150 [6:25:25<58:49, 135.74s/it]Best trial: 97. Best value: 0.617984:  83%|████████▎ | 124/150 [6:25:25<58:49, 135.74s/it]Best trial: 97. Best value: 0.617984:  83%|████████▎ | 125/150 [6:25:25<58:44, 140.97s/it]                                                                                          Best trial: 97. Best value: 0.617984:  83%|████████▎ | 125/150 [6:27:49<58:44, 140.97s/it]Best trial: 97. Best value: 0.617984:  83%|████████▎ | 125/150 [6:27:49<58:44, 140.97s/it]Best trial: 97. Best value: 0.617984:  84%|████████▍ | 126/150 [6:27:49<56:44, 141.86s/it]                                                                                          Best trial: 97. Best value: 0.617984:  84%|████████▍ | 126/150 [6:34:52<56:44, 141.86s/it]Best trial: 97. Best value: 0.617984:  84%|████████▍ | 126/150 [6:34:52<56:44, 141.86s/it]Best trial: 97. Best value: 0.617984:  85%|████████▍ | 127/150 [6:34:52<1:26:45, 226.31s/it]                                                                                            Best trial: 97. Best value: 0.617984:  85%|████████▍ | 127/150 [6:36:23<1:26:45, 226.31s/it]Best trial: 97. Best value: 0.617984:  85%|████████▍ | 127/150 [6:36:23<1:26:45, 226.31s/it]Best trial: 97. Best value: 0.617984:  85%|████████▌ | 128/150 [6:36:23<1:08:04, 185.66s/it]                                                                                            Best trial: 97. Best value: 0.617984:  85%|████████▌ | 128/150 [6:39:01<1:08:04, 185.66s/it]Best trial: 97. Best value: 0.617984:  85%|████████▌ | 128/150 [6:39:01<1:08:04, 185.66s/it]Best trial: 97. Best value: 0.617984:  86%|████████▌ | 129/150 [6:39:01<1:02:05, 177.42s/it]                                                                                            Best trial: 97. Best value: 0.617984:  86%|████████▌ | 129/150 [6:43:34<1:02:05, 177.42s/it]Best trial: 97. Best value: 0.617984:  86%|████████▌ | 129/150 [6:43:34<1:02:05, 177.42s/it]Best trial: 97. Best value: 0.617984:  87%|████████▋ | 130/150 [6:43:34<1:08:41, 206.09s/it]                                                                                            Best trial: 97. Best value: 0.617984:  87%|████████▋ | 130/150 [6:45:58<1:08:41, 206.09s/it]Best trial: 97. Best value: 0.617984:  87%|████████▋ | 130/150 [6:45:58<1:08:41, 206.09s/it]Best trial: 97. Best value: 0.617984:  87%|████████▋ | 131/150 [6:45:58<59:17, 187.24s/it]                                                                                            Best trial: 97. Best value: 0.617984:  87%|████████▋ | 131/150 [6:48:05<59:17, 187.24s/it]Best trial: 97. Best value: 0.617984:  87%|████████▋ | 131/150 [6:48:05<59:17, 187.24s/it]Best trial: 97. Best value: 0.617984:  88%|████████▊ | 132/150 [6:48:05<50:47, 169.33s/it]                                                                                          Best trial: 97. Best value: 0.617984:  88%|████████▊ | 132/150 [6:50:59<50:47, 169.33s/it]Best trial: 97. Best value: 0.617984:  88%|████████▊ | 132/150 [6:50:59<50:47, 169.33s/it]Best trial: 97. Best value: 0.617984:  89%|████████▊ | 133/150 [6:50:59<48:23, 170.80s/it]                                                                                          Best trial: 97. Best value: 0.617984:  89%|████████▊ | 133/150 [6:53:21<48:23, 170.80s/it]Best trial: 97. Best value: 0.617984:  89%|████████▊ | 133/150 [6:53:21<48:23, 170.80s/it]Best trial: 97. Best value: 0.617984:  89%|████████▉ | 134/150 [6:53:21<43:11, 161.94s/it]                                                                                          Best trial: 97. Best value: 0.617984:  89%|████████▉ | 134/150 [6:55:34<43:11, 161.94s/it]Best trial: 97. Best value: 0.617984:  89%|████████▉ | 134/150 [6:55:34<43:11, 161.94s/it]Best trial: 97. Best value: 0.617984:  90%|█████████ | 135/150 [6:55:34<38:20, 153.40s/it]                                                                                          Best trial: 97. Best value: 0.617984:  90%|█████████ | 135/150 [6:58:17<38:20, 153.40s/it]Best trial: 97. Best value: 0.617984:  90%|█████████ | 135/150 [6:58:17<38:20, 153.40s/it]Best trial: 97. Best value: 0.617984:  91%|█████████ | 136/150 [6:58:17<36:27, 156.23s/it]                                                                                          Best trial: 97. Best value: 0.617984:  91%|█████████ | 136/150 [7:00:17<36:27, 156.23s/it]Best trial: 97. Best value: 0.617984:  91%|█████████ | 136/150 [7:00:17<36:27, 156.23s/it]Best trial: 97. Best value: 0.617984:  91%|█████████▏| 137/150 [7:00:17<31:29, 145.32s/it]                                                                                          Best trial: 97. Best value: 0.617984:  91%|█████████▏| 137/150 [7:04:14<31:29, 145.32s/it]Best trial: 97. Best value: 0.617984:  91%|█████████▏| 137/150 [7:04:14<31:29, 145.32s/it]Best trial: 97. Best value: 0.617984:  92%|█████████▏| 138/150 [7:04:14<34:32, 172.72s/it]                                                                                          Best trial: 97. Best value: 0.617984:  92%|█████████▏| 138/150 [7:06:51<34:32, 172.72s/it]Best trial: 97. Best value: 0.617984:  92%|█████████▏| 138/150 [7:06:51<34:32, 172.72s/it]Best trial: 97. Best value: 0.617984:  93%|█████████▎| 139/150 [7:06:51<30:49, 168.13s/it]                                                                                          Best trial: 97. Best value: 0.617984:  93%|█████████▎| 139/150 [7:09:55<30:49, 168.13s/it]Best trial: 97. Best value: 0.617984:  93%|█████████▎| 139/150 [7:09:55<30:49, 168.13s/it]Best trial: 97. Best value: 0.617984:  93%|█████████▎| 140/150 [7:09:55<28:48, 172.83s/it]                                                                                          Best trial: 97. Best value: 0.617984:  93%|█████████▎| 140/150 [7:11:46<28:48, 172.83s/it]Best trial: 97. Best value: 0.617984:  93%|█████████▎| 140/150 [7:11:46<28:48, 172.83s/it]Best trial: 97. Best value: 0.617984:  94%|█████████▍| 141/150 [7:11:46<23:08, 154.28s/it]                                                                                          Best trial: 97. Best value: 0.617984:  94%|█████████▍| 141/150 [7:14:56<23:08, 154.28s/it]Best trial: 97. Best value: 0.617984:  94%|█████████▍| 141/150 [7:14:56<23:08, 154.28s/it]Best trial: 97. Best value: 0.617984:  95%|█████████▍| 142/150 [7:14:56<22:00, 165.06s/it]Fold 0: All trials completed (trial_149 exists). Skipping...
Fold 1: All trials completed (trial_149 exists). Skipping...
Fold 2: All trials completed (trial_149 exists). Skipping...
Fold 3: 142 trials completed, running 8 more trials...
[I 2025-01-01 21:45:55,102] Using an existing study with name 'webcam_engagement_classifier' instead of creating a new one.
  0%|          | 0/8 [00:00<?, ?it/s]                                       0%|          | 0/8 [04:31<?, ?it/s]Best trial: 97. Best value: 0.617984:   0%|          | 0/8 [04:31<?, ?it/s]Best trial: 97. Best value: 0.617984:  12%|█▎        | 1/8 [04:31<31:41, 271.66s/it]                                                                                    Best trial: 97. Best value: 0.617984:  12%|█▎        | 1/8 [07:55<31:41, 271.66s/it]Best trial: 97. Best value: 0.617984:  12%|█▎        | 1/8 [07:55<31:41, 271.66s/it]Best trial: 97. Best value: 0.617984:  25%|██▌       | 2/8 [07:55<23:09, 231.60s/it]                                                                                    Best trial: 97. Best value: 0.617984:  25%|██▌       | 2/8 [10:30<23:09, 231.60s/it]Best trial: 97. Best value: 0.617984:  25%|██▌       | 2/8 [10:30<23:09, 231.60s/it]Best trial: 97. Best value: 0.617984:  38%|███▊      | 3/8 [10:30<16:23, 196.63s/it]                                                                                    Best trial: 97. Best value: 0.617984:  38%|███▊      | 3/8 [16:12<16:23, 196.63s/it]Best trial: 97. Best value: 0.617984:  38%|███▊      | 3/8 [16:12<16:23, 196.63s/it]Best trial: 97. Best value: 0.617984:  50%|█████     | 4/8 [16:12<16:56, 254.02s/it]                                                                                    Best trial: 97. Best value: 0.617984:  50%|█████     | 4/8 [19:33<16:56, 254.02s/it]Best trial: 97. Best value: 0.617984:  50%|█████     | 4/8 [19:33<16:56, 254.02s/it]Best trial: 97. Best value: 0.617984:  62%|██████▎   | 5/8 [19:33<11:45, 235.03s/it]                                                                                    Best trial: 97. Best value: 0.617984:  62%|██████▎   | 5/8 [22:21<11:45, 235.03s/it]Best trial: 97. Best value: 0.617984:  62%|██████▎   | 5/8 [22:21<11:45, 235.03s/it]Best trial: 97. Best value: 0.617984:  75%|███████▌  | 6/8 [22:21<07:04, 212.06s/it]                                                                                    Best trial: 97. Best value: 0.617984:  75%|███████▌  | 6/8 [25:41<07:04, 212.06s/it]Best trial: 97. Best value: 0.617984:  75%|███████▌  | 6/8 [25:41<07:04, 212.06s/it]Best trial: 97. Best value: 0.617984:  88%|████████▊ | 7/8 [25:41<03:28, 208.34s/it]                                                                                    Best trial: 97. Best value: 0.617984:  88%|████████▊ | 7/8 [28:31<03:28, 208.34s/it]Best trial: 97. Best value: 0.617984:  88%|████████▊ | 7/8 [28:31<03:28, 208.34s/it]Best trial: 97. Best value: 0.617984: 100%|██████████| 8/8 [28:31<00:00, 195.93s/it]Best trial: 97. Best value: 0.617984: 100%|██████████| 8/8 [28:31<00:00, 213.89s/it]
[I 2025-01-01 21:50:26,762] Trial 142 finished with value: 0.5307971420741883 and parameters: {'lr': 0.005798033468589977, 'decay': 0.004956564138724275, 'batch_size': 64, 'nheads': 4, 'project_to': 128, 'hidden_size': 64, 'num_layers': 2, 'dropout': 0.3747649899370911, 'alpha': 0.867693919693129, 'aug_choice': 8}. Best is trial 97 with value: 0.61798434411871.
[I 2025-01-01 21:53:50,329] Trial 143 finished with value: 0.5399587558917547 and parameters: {'lr': 0.007330732814042226, 'decay': 0.0065532344524065565, 'batch_size': 64, 'nheads': 4, 'project_to': 128, 'hidden_size': 64, 'num_layers': 2, 'dropout': 0.3188167621605856, 'alpha': 0.8010793410114091, 'aug_choice': 8}. Best is trial 97 with value: 0.61798434411871.
[I 2025-01-01 21:56:25,349] Trial 144 finished with value: 0.5768697904039629 and parameters: {'lr': 0.004599875052372775, 'decay': 0.005939429162487237, 'batch_size': 64, 'nheads': 4, 'project_to': 128, 'hidden_size': 64, 'num_layers': 2, 'dropout': 0.3912864974619382, 'alpha': 0.9148013470284433, 'aug_choice': 8}. Best is trial 97 with value: 0.61798434411871.
[I 2025-01-01 22:02:07,338] Trial 145 finished with value: 0.5470387949585589 and parameters: {'lr': 0.0031557978769671396, 'decay': 0.0016108143386359276, 'batch_size': 64, 'nheads': 4, 'project_to': 128, 'hidden_size': 32, 'num_layers': 2, 'dropout': 0.4261718401667736, 'alpha': 1.0773721063067692, 'aug_choice': 3}. Best is trial 97 with value: 0.61798434411871.
[I 2025-01-01 22:05:28,694] Trial 146 finished with value: 0.5494483382414944 and parameters: {'lr': 0.00843980075344225, 'decay': 0.0009559188762286974, 'batch_size': 64, 'nheads': 4, 'project_to': 128, 'hidden_size': 32, 'num_layers': 2, 'dropout': 0.4113100812137893, 'alpha': 0.7530633400566946, 'aug_choice': 8}. Best is trial 97 with value: 0.61798434411871.
[I 2025-01-01 22:08:16,156] Trial 147 finished with value: 0.5355904004798221 and parameters: {'lr': 0.00352333500765135, 'decay': 0.0024843545135586624, 'batch_size': 128, 'nheads': 1, 'project_to': 32, 'hidden_size': 32, 'num_layers': 2, 'dropout': 0.3935159574973222, 'alpha': 1.0001725096055591, 'aug_choice': 7}. Best is trial 97 with value: 0.61798434411871.
[I 2025-01-01 22:11:36,845] Trial 148 finished with value: 0.5582672139456666 and parameters: {'lr': 0.005059068633885308, 'decay': 0.0012898462759545273, 'batch_size': 64, 'nheads': 4, 'project_to': 128, 'hidden_size': 128, 'num_layers': 2, 'dropout': 0.34217147244649937, 'alpha': 0.8262340836581771, 'aug_choice': 8}. Best is trial 97 with value: 0.61798434411871.
