[I 2024-12-26 10:57:11,417] Trial 1 finished with value: 0.5614250584967458 and parameters: {'lr': 0.006680778132977812, 'decay': 8.069936134315294e-05, 'batch_size': 64, 'nheads': 1, 'project_to': 32, 'hidden_size': 32, 'num_layers': 1, 'dropout': 0.448801190351506, 'class_weights': False, 'aug_choice': 6}. Best is trial 1 with value: 0.5614250584967458.
[I 2024-12-26 11:01:57,341] Trial 2 finished with value: 0.6278811332958835 and parameters: {'lr': 0.0008874478073789509, 'decay': 2.8900698211995027e-05, 'batch_size': 64, 'nheads': 1, 'project_to': 64, 'hidden_size': 128, 'num_layers': 2, 'dropout': 0.40235034958589033, 'class_weights': False, 'aug_choice': 3}. Best is trial 2 with value: 0.6278811332958835.
[I 2024-12-26 11:04:30,668] Trial 3 finished with value: 0.4392730684025268 and parameters: {'lr': 1.5445784237705228e-05, 'decay': 3.305024284411842e-05, 'batch_size': 64, 'nheads': 4, 'project_to': 64, 'hidden_size': 128, 'num_layers': 2, 'dropout': 0.5656145723231206, 'class_weights': False, 'aug_choice': 4}. Best is trial 2 with value: 0.6278811332958835.
[I 2024-12-26 11:10:46,629] Trial 4 finished with value: 0.576913571845205 and parameters: {'lr': 6.153666466504063e-05, 'decay': 0.0004306241701410914, 'batch_size': 64, 'nheads': 1, 'project_to': 64, 'hidden_size': 32, 'num_layers': 2, 'dropout': 0.4634408973149575, 'class_weights': True, 'aug_choice': 3}. Best is trial 2 with value: 0.6278811332958835.
[I 2024-12-26 11:14:28,758] Trial 5 finished with value: 0.5855995386196348 and parameters: {'lr': 0.00013654755422800986, 'decay': 0.0001559952276621756, 'batch_size': 128, 'nheads': 2, 'project_to': 64, 'hidden_size': 64, 'num_layers': 1, 'dropout': 0.6048819322005125, 'class_weights': False, 'aug_choice': 2}. Best is trial 2 with value: 0.6278811332958835.
[I 2024-12-26 11:23:03,313] Trial 6 finished with value: 0.377840383379219 and parameters: {'lr': 1.979667284301431e-05, 'decay': 0.00014212994415637492, 'batch_size': 128, 'nheads': 4, 'project_to': 128, 'hidden_size': 128, 'num_layers': 3, 'dropout': 0.6991974445115028, 'class_weights': True, 'aug_choice': 3}. Best is trial 2 with value: 0.6278811332958835.
[I 2024-12-26 11:26:54,105] Trial 7 finished with value: 0.5155918176035964 and parameters: {'lr': 4.6342709892307194e-05, 'decay': 0.0004999573670457877, 'batch_size': 128, 'nheads': 4, 'project_to': 128, 'hidden_size': 64, 'num_layers': 1, 'dropout': 0.5709517818459242, 'class_weights': False, 'aug_choice': 6}. Best is trial 2 with value: 0.6278811332958835.
[I 2024-12-26 11:30:35,077] Trial 8 finished with value: 0.5681514605251442 and parameters: {'lr': 0.004176836768241137, 'decay': 1.802131322548429e-05, 'batch_size': 128, 'nheads': 4, 'project_to': 128, 'hidden_size': 64, 'num_layers': 3, 'dropout': 0.16991176599376592, 'class_weights': True, 'aug_choice': 7}. Best is trial 2 with value: 0.6278811332958835.
[I 2024-12-26 11:33:59,071] Trial 9 finished with value: 0.3367568735588975 and parameters: {'lr': 0.00010644982882879631, 'decay': 0.00029196126027446776, 'batch_size': 64, 'nheads': 2, 'project_to': 32, 'hidden_size': 64, 'num_layers': 2, 'dropout': 0.5958866888188551, 'class_weights': True, 'aug_choice': 1}. Best is trial 2 with value: 0.6278811332958835.
[I 2024-12-26 11:35:59,643] Trial 10 finished with value: 0.5556824254690893 and parameters: {'lr': 0.0008644868670143764, 'decay': 0.002299678357621325, 'batch_size': 64, 'nheads': 1, 'project_to': 64, 'hidden_size': 128, 'num_layers': 3, 'dropout': 0.2759410238988489, 'class_weights': False, 'aug_choice': 5}. Best is trial 2 with value: 0.6278811332958835.
[I 2024-12-26 11:38:35,759] Trial 11 finished with value: 0.560090907816445 and parameters: {'lr': 0.0004307218217739542, 'decay': 4.501838215568948e-05, 'batch_size': 128, 'nheads': 2, 'project_to': 64, 'hidden_size': 128, 'num_layers': 1, 'dropout': 0.30007947784194755, 'class_weights': False, 'aug_choice': 2}. Best is trial 2 with value: 0.6278811332958835.
[I 2024-12-26 11:41:09,611] Trial 12 finished with value: 0.5440112782641383 and parameters: {'lr': 0.0013043560536586502, 'decay': 1.2196305004067773e-05, 'batch_size': 64, 'nheads': 2, 'project_to': 64, 'hidden_size': 64, 'num_layers': 2, 'dropout': 0.3083557228976482, 'class_weights': False, 'aug_choice': 2}. Best is trial 2 with value: 0.6278811332958835.
[I 2024-12-26 11:44:10,940] Trial 13 finished with value: 0.5939774507408536 and parameters: {'lr': 0.0002119601319480463, 'decay': 0.00011244424025432882, 'batch_size': 128, 'nheads': 1, 'project_to': 64, 'hidden_size': 128, 'num_layers': 1, 'dropout': 0.39528636703902326, 'class_weights': False, 'aug_choice': 2}. Best is trial 2 with value: 0.6278811332958835.
[I 2024-12-26 11:47:29,030] Trial 14 finished with value: 0.6130386583712925 and parameters: {'lr': 0.0003241137119679428, 'decay': 0.0011645064497706583, 'batch_size': 128, 'nheads': 1, 'project_to': 64, 'hidden_size': 128, 'num_layers': 2, 'dropout': 0.3798330017268692, 'class_weights': False, 'aug_choice': 8}. Best is trial 2 with value: 0.6278811332958835.
[I 2024-12-26 11:49:31,682] Trial 15 finished with value: 0.6196734702457373 and parameters: {'lr': 0.0018773505172459703, 'decay': 0.0013528123731129944, 'batch_size': 64, 'nheads': 1, 'project_to': 32, 'hidden_size': 128, 'num_layers': 2, 'dropout': 0.3746520085316352, 'class_weights': False, 'aug_choice': 8}. Best is trial 2 with value: 0.6278811332958835.
[I 2024-12-26 11:51:43,628] Trial 16 finished with value: 0.5153164709719621 and parameters: {'lr': 0.002027062265069266, 'decay': 0.009478348373617142, 'batch_size': 64, 'nheads': 1, 'project_to': 32, 'hidden_size': 128, 'num_layers': 2, 'dropout': 0.19012996585383732, 'class_weights': False, 'aug_choice': 8}. Best is trial 2 with value: 0.6278811332958835.
[I 2024-12-26 11:56:29,922] Trial 17 finished with value: 0.5886738660274914 and parameters: {'lr': 0.0025968488809166293, 'decay': 0.0009513956780766498, 'batch_size': 64, 'nheads': 1, 'project_to': 32, 'hidden_size': 128, 'num_layers': 3, 'dropout': 0.4841793082230583, 'class_weights': False, 'aug_choice': 3}. Best is trial 2 with value: 0.6278811332958835.
[I 2024-12-26 11:59:43,715] Trial 18 finished with value: 0.6203041642177517 and parameters: {'lr': 0.0006533529207815159, 'decay': 0.00645771459893912, 'batch_size': 64, 'nheads': 1, 'project_to': 32, 'hidden_size': 32, 'num_layers': 2, 'dropout': 0.11016170632962241, 'class_weights': False, 'aug_choice': 8}. Best is trial 2 with value: 0.6278811332958835.
[I 2024-12-26 12:01:54,163] Trial 19 finished with value: 0.5624765275077892 and parameters: {'lr': 0.0005207064226115082, 'decay': 0.0041475718607485315, 'batch_size': 64, 'nheads': 1, 'project_to': 32, 'hidden_size': 32, 'num_layers': 3, 'dropout': 0.10982020972684553, 'class_weights': False, 'aug_choice': 0}. Best is trial 2 with value: 0.6278811332958835.
[I 2024-12-26 12:04:39,327] Trial 20 finished with value: 0.5245922954739995 and parameters: {'lr': 0.0008484322276505986, 'decay': 0.009539944385443611, 'batch_size': 64, 'nheads': 1, 'project_to': 32, 'hidden_size': 32, 'num_layers': 2, 'dropout': 0.2543086658902818, 'class_weights': False, 'aug_choice': 7}. Best is trial 2 with value: 0.6278811332958835.
[I 2024-12-26 12:06:55,996] Trial 21 finished with value: 0.594046663299689 and parameters: {'lr': 0.00179195698312686, 'decay': 0.0011951236390716328, 'batch_size': 64, 'nheads': 1, 'project_to': 32, 'hidden_size': 32, 'num_layers': 2, 'dropout': 0.353042491134749, 'class_weights': False, 'aug_choice': 8}. Best is trial 2 with value: 0.6278811332958835.
Best trial: 2. Best value: 0.627881:  55%|█████▌    | 22/40 [1:17:01<48:32, 161.79s/it]Best trial: 2. Best value: 0.627881:  55%|█████▌    | 22/40 [1:17:01<48:32, 161.79s/it]Best trial: 2. Best value: 0.627881:  57%|█████▊    | 23/40 [1:17:01<49:48, 175.82s/it]                                                                                       Best trial: 2. Best value: 0.627881:  57%|█████▊    | 23/40 [1:19:18<49:48, 175.82s/it]Best trial: 2. Best value: 0.627881:  57%|█████▊    | 23/40 [1:19:18<49:48, 175.82s/it]Best trial: 2. Best value: 0.627881:  60%|██████    | 24/40 [1:19:18<43:48, 164.26s/it]                                                                                       Best trial: 2. Best value: 0.627881:  60%|██████    | 24/40 [1:21:26<43:48, 164.26s/it]Best trial: 2. Best value: 0.627881:  60%|██████    | 24/40 [1:21:26<43:48, 164.26s/it]Best trial: 2. Best value: 0.627881:  62%|██████▎   | 25/40 [1:21:26<38:21, 153.42s/it]                                                                                       Best trial: 2. Best value: 0.627881:  62%|██████▎   | 25/40 [1:22:58<38:21, 153.42s/it]Best trial: 2. Best value: 0.627881:  62%|██████▎   | 25/40 [1:22:58<38:21, 153.42s/it]Best trial: 2. Best value: 0.627881:  65%|██████▌   | 26/40 [1:22:58<31:28, 134.86s/it]                                                                                       Best trial: 2. Best value: 0.627881:  65%|██████▌   | 26/40 [1:25:41<31:28, 134.86s/it]Best trial: 2. Best value: 0.627881:  65%|██████▌   | 26/40 [1:25:41<31:28, 134.86s/it]Best trial: 2. Best value: 0.627881:  68%|██████▊   | 27/40 [1:25:41<31:04, 143.42s/it]                                                                                       Best trial: 2. Best value: 0.627881:  68%|██████▊   | 27/40 [1:30:10<31:04, 143.42s/it]Best trial: 2. Best value: 0.627881:  68%|██████▊   | 27/40 [1:30:10<31:04, 143.42s/it]Best trial: 2. Best value: 0.627881:  70%|███████   | 28/40 [1:30:10<36:12, 181.06s/it]                                                                                       Best trial: 2. Best value: 0.627881:  70%|███████   | 28/40 [1:36:24<36:12, 181.06s/it]Best trial: 2. Best value: 0.627881:  70%|███████   | 28/40 [1:36:24<36:12, 181.06s/it]Best trial: 2. Best value: 0.627881:  72%|███████▎  | 29/40 [1:36:24<43:47, 238.88s/it]                                                                                       Best trial: 2. Best value: 0.627881:  72%|███████▎  | 29/40 [1:41:25<43:47, 238.88s/it]Best trial: 2. Best value: 0.627881:  72%|███████▎  | 29/40 [1:41:25<43:47, 238.88s/it]Best trial: 2. Best value: 0.627881:  75%|███████▌  | 30/40 [1:41:25<42:57, 257.71s/it]                                                                                       Best trial: 2. Best value: 0.627881:  75%|███████▌  | 30/40 [1:43:58<42:57, 257.71s/it]Best trial: 2. Best value: 0.627881:  75%|███████▌  | 30/40 [1:43:58<42:57, 257.71s/it]Best trial: 2. Best value: 0.627881:  78%|███████▊  | 31/40 [1:43:58<33:55, 226.14s/it]                                                                                       Best trial: 2. Best value: 0.627881:  78%|███████▊  | 31/40 [1:45:56<33:55, 226.14s/it]Best trial: 2. Best value: 0.627881:  78%|███████▊  | 31/40 [1:45:56<33:55, 226.14s/it]Best trial: 2. Best value: 0.627881:  80%|████████  | 32/40 [1:45:56<25:50, 193.80s/it]                                                                                       Best trial: 2. Best value: 0.627881:  80%|████████  | 32/40 [1:53:17<25:50, 193.80s/it]Best trial: 2. Best value: 0.627881:  80%|████████  | 32/40 [1:53:17<25:50, 193.80s/it]Best trial: 2. Best value: 0.627881:  82%|████████▎ | 33/40 [1:53:17<31:15, 267.92s/it]                                                                                       Best trial: 2. Best value: 0.627881:  82%|████████▎ | 33/40 [1:54:54<31:15, 267.92s/it]Best trial: 2. Best value: 0.627881:  82%|████████▎ | 33/40 [1:54:54<31:15, 267.92s/it]Best trial: 2. Best value: 0.627881:  85%|████████▌ | 34/40 [1:54:54<21:40, 216.67s/it]                                                                                       Best trial: 2. Best value: 0.627881:  85%|████████▌ | 34/40 [2:00:15<21:40, 216.67s/it]Best trial: 2. Best value: 0.627881:  85%|████████▌ | 34/40 [2:00:15<21:40, 216.67s/it]Best trial: 2. Best value: 0.627881:  88%|████████▊ | 35/40 [2:00:15<20:39, 247.96s/it]                                                                                       Best trial: 2. Best value: 0.627881:  88%|████████▊ | 35/40 [2:03:12<20:39, 247.96s/it]Best trial: 35. Best value: 0.629468:  88%|████████▊ | 35/40 [2:03:12<20:39, 247.96s/it]Best trial: 35. Best value: 0.629468:  90%|█████████ | 36/40 [2:03:12<15:06, 226.66s/it]                                                                                        Best trial: 35. Best value: 0.629468:  90%|█████████ | 36/40 [2:04:27<15:06, 226.66s/it]Best trial: 35. Best value: 0.629468:  90%|█████████ | 36/40 [2:04:27<15:06, 226.66s/it]Best trial: 35. Best value: 0.629468:  92%|█████████▎| 37/40 [2:04:27<09:03, 181.24s/it]                                                                                        Best trial: 35. Best value: 0.629468:  92%|█████████▎| 37/40 [2:09:44<09:03, 181.24s/it]Best trial: 35. Best value: 0.629468:  92%|█████████▎| 37/40 [2:09:44<09:03, 181.24s/it]Best trial: 35. Best value: 0.629468:  95%|█████████▌| 38/40 [2:09:44<07:23, 221.79s/it]                                                                                        Best trial: 35. Best value: 0.629468:  95%|█████████▌| 38/40 [2:11:54<07:23, 221.79s/it]Best trial: 35. Best value: 0.629468:  95%|█████████▌| 38/40 [2:11:54<07:23, 221.79s/it]Best trial: 35. Best value: 0.629468:  98%|█████████▊| 39/40 [2:11:54<03:14, 194.20s/it]                                                                                        Best trial: 35. Best value: 0.629468:  98%|█████████▊| 39/40 [2:14:36<03:14, 194.20s/it]Best trial: 35. Best value: 0.629468:  98%|█████████▊| 39/40 [2:14:36<03:14, 194.20s/it]Best trial: 35. Best value: 0.629468: 100%|██████████| 40/40 [2:14:36<00:00, 184.61s/it]Best trial: 35. Best value: 0.629468: 100%|██████████| 40/40 [2:14:36<00:00, 201.91s/it]
[I 2024-12-26 12:10:24,547] Trial 22 finished with value: 0.5834107014681379 and parameters: {'lr': 0.0007547703079972115, 'decay': 0.0042313333808461666, 'batch_size': 64, 'nheads': 1, 'project_to': 32, 'hidden_size': 32, 'num_layers': 2, 'dropout': 0.21003334380008654, 'class_weights': False, 'aug_choice': 8}. Best is trial 2 with value: 0.6278811332958835.
[I 2024-12-26 12:12:41,840] Trial 23 finished with value: 0.5861428331447599 and parameters: {'lr': 0.0038658128616270567, 'decay': 0.001959427438674865, 'batch_size': 64, 'nheads': 1, 'project_to': 32, 'hidden_size': 128, 'num_layers': 2, 'dropout': 0.10395865854862363, 'class_weights': False, 'aug_choice': 8}. Best is trial 2 with value: 0.6278811332958835.
[I 2024-12-26 12:14:49,975] Trial 24 finished with value: 0.5306475480128009 and parameters: {'lr': 0.0011284364873097026, 'decay': 0.0007060241779937478, 'batch_size': 64, 'nheads': 1, 'project_to': 32, 'hidden_size': 128, 'num_layers': 2, 'dropout': 0.3371268102715602, 'class_weights': False, 'aug_choice': 5}. Best is trial 2 with value: 0.6278811332958835.
[I 2024-12-26 12:16:21,520] Trial 25 finished with value: 0.502296469098429 and parameters: {'lr': 0.0002381395448973596, 'decay': 0.00691060031776838, 'batch_size': 64, 'nheads': 1, 'project_to': 128, 'hidden_size': 32, 'num_layers': 2, 'dropout': 0.5198733911900686, 'class_weights': False, 'aug_choice': 4}. Best is trial 2 with value: 0.6278811332958835.
[I 2024-12-26 12:19:04,924] Trial 26 finished with value: 0.4410361523807718 and parameters: {'lr': 0.0005188185882596499, 'decay': 0.00022163916583252543, 'batch_size': 64, 'nheads': 1, 'project_to': 32, 'hidden_size': 128, 'num_layers': 3, 'dropout': 0.4303183527695531, 'class_weights': True, 'aug_choice': 1}. Best is trial 2 with value: 0.6278811332958835.
[I 2024-12-26 12:23:33,796] Trial 27 finished with value: 0.6236782227509462 and parameters: {'lr': 0.003348790563343166, 'decay': 0.0019451228393452499, 'batch_size': 64, 'nheads': 1, 'project_to': 32, 'hidden_size': 32, 'num_layers': 2, 'dropout': 0.23682853208686408, 'class_weights': False, 'aug_choice': 3}. Best is trial 2 with value: 0.6278811332958835.
[I 2024-12-26 12:29:47,581] Trial 28 finished with value: 0.5890975224790688 and parameters: {'lr': 0.00343268097856372, 'decay': 0.002366079751825258, 'batch_size': 64, 'nheads': 4, 'project_to': 128, 'hidden_size': 32, 'num_layers': 2, 'dropout': 0.15433228429311902, 'class_weights': False, 'aug_choice': 3}. Best is trial 2 with value: 0.6278811332958835.
[I 2024-12-26 12:34:49,223] Trial 29 finished with value: 0.5969961341421355 and parameters: {'lr': 0.006335785918162096, 'decay': 0.004209269903239003, 'batch_size': 64, 'nheads': 1, 'project_to': 32, 'hidden_size': 32, 'num_layers': 1, 'dropout': 0.23466851322665033, 'class_weights': True, 'aug_choice': 3}. Best is trial 2 with value: 0.6278811332958835.
[I 2024-12-26 12:37:21,698] Trial 30 finished with value: 0.5786625971668281 and parameters: {'lr': 0.009102562262295402, 'decay': 6.054089464687116e-05, 'batch_size': 64, 'nheads': 2, 'project_to': 64, 'hidden_size': 32, 'num_layers': 2, 'dropout': 0.13443795465206348, 'class_weights': False, 'aug_choice': 0}. Best is trial 2 with value: 0.6278811332958835.
[I 2024-12-26 12:39:20,059] Trial 31 finished with value: 0.5451279893782134 and parameters: {'lr': 0.0021853887091727487, 'decay': 0.0018081411535840865, 'batch_size': 64, 'nheads': 1, 'project_to': 32, 'hidden_size': 32, 'num_layers': 2, 'dropout': 0.21505922808052494, 'class_weights': False, 'aug_choice': 8}. Best is trial 2 with value: 0.6278811332958835.
[I 2024-12-26 12:46:40,907] Trial 32 finished with value: 0.6111519079483346 and parameters: {'lr': 0.0013898560737877874, 'decay': 0.0061141064544582195, 'batch_size': 64, 'nheads': 1, 'project_to': 32, 'hidden_size': 32, 'num_layers': 2, 'dropout': 0.42188904337608435, 'class_weights': False, 'aug_choice': 3}. Best is trial 2 with value: 0.6278811332958835.
[I 2024-12-26 12:48:17,988] Trial 33 finished with value: 0.5207227363524772 and parameters: {'lr': 0.0055910285002743415, 'decay': 0.0030754864170178886, 'batch_size': 64, 'nheads': 1, 'project_to': 32, 'hidden_size': 128, 'num_layers': 2, 'dropout': 0.3547041541949047, 'class_weights': False, 'aug_choice': 6}. Best is trial 2 with value: 0.6278811332958835.
[I 2024-12-26 12:53:38,952] Trial 34 finished with value: 0.5697853036836803 and parameters: {'lr': 0.0006460168139056641, 'decay': 2.4266119934142707e-05, 'batch_size': 64, 'nheads': 1, 'project_to': 32, 'hidden_size': 32, 'num_layers': 2, 'dropout': 0.5026274862393484, 'class_weights': False, 'aug_choice': 3}. Best is trial 2 with value: 0.6278811332958835.
[I 2024-12-26 12:56:35,930] Trial 35 finished with value: 0.62946821325401 and parameters: {'lr': 0.002892013947094507, 'decay': 0.0007086334735428804, 'batch_size': 64, 'nheads': 1, 'project_to': 32, 'hidden_size': 128, 'num_layers': 2, 'dropout': 0.25273145578766354, 'class_weights': False, 'aug_choice': 8}. Best is trial 35 with value: 0.62946821325401.
[I 2024-12-26 12:57:51,196] Trial 36 finished with value: 0.5237167042189489 and parameters: {'lr': 0.0027981181078809135, 'decay': 0.0006556482412685607, 'batch_size': 64, 'nheads': 1, 'project_to': 64, 'hidden_size': 32, 'num_layers': 1, 'dropout': 0.2885814116393136, 'class_weights': False, 'aug_choice': 4}. Best is trial 35 with value: 0.62946821325401.
[I 2024-12-26 13:03:07,580] Trial 37 finished with value: 0.5939858990961063 and parameters: {'lr': 0.005739578033181701, 'decay': 0.00036166245861111773, 'batch_size': 64, 'nheads': 4, 'project_to': 32, 'hidden_size': 128, 'num_layers': 2, 'dropout': 0.24864782784393383, 'class_weights': True, 'aug_choice': 3}. Best is trial 35 with value: 0.62946821325401.
[I 2024-12-26 13:05:17,412] Trial 38 finished with value: 0.5524999309672508 and parameters: {'lr': 0.0003407468999018645, 'decay': 0.0007249758307334935, 'batch_size': 64, 'nheads': 1, 'project_to': 64, 'hidden_size': 64, 'num_layers': 2, 'dropout': 0.15984698360311633, 'class_weights': False, 'aug_choice': 8}. Best is trial 35 with value: 0.62946821325401.
[I 2024-12-26 13:07:59,660] Trial 39 finished with value: 0.5902278830893127 and parameters: {'lr': 0.0010580592207159087, 'decay': 0.00024909559729994866, 'batch_size': 128, 'nheads': 4, 'project_to': 128, 'hidden_size': 32, 'num_layers': 1, 'dropout': 0.32577646166880125, 'class_weights': True, 'aug_choice': 7}. Best is trial 35 with value: 0.62946821325401.

Optimization finished!
Best macro F1: 0.6295
Best hyperparameters:
    lr: 0.002892013947094507
    decay: 0.0007086334735428804
    batch_size: 64
    nheads: 1
    project_to: 32
    hidden_size: 128
    num_layers: 2
    dropout: 0.25273145578766354
    class_weights: False
    aug_choice: 8
Fold 2: 0 trials completed, running 40 more trials...
[I 2024-12-26 13:08:00,424] A new study created in RDB with name: webcam_engagement_classifier
  0%|          | 0/40 [00:00<?, ?it/s]                                        0%|          | 0/40 [01:45<?, ?it/s]Best trial: 0. Best value: 0.409422:   0%|          | 0/40 [01:45<?, ?it/s]Best trial: 0. Best value: 0.409422:   2%|▎         | 1/40 [01:45<1:08:19, 105.11s/it]                                                                                      Best trial: 0. Best value: 0.409422:   2%|▎         | 1/40 [04:03<1:08:19, 105.11s/it]Best trial: 1. Best value: 0.481663:   2%|▎         | 1/40 [04:03<1:08:19, 105.11s/it]Best trial: 1. Best value: 0.481663:   5%|▌         | 2/40 [04:03<1:18:47, 124.41s/it]Fold 0: 0 trials completed, running 40 more trials...
[I 2024-12-26 13:16:03,073] A new study created in RDB with name: webcam_engagement_classifier
