  0%|          | 0/40 [00:00<?, ?it/s]                                        0%|          | 0/40 [09:09<?, ?it/s]Best trial: 0. Best value: 0.593345:   0%|          | 0/40 [09:09<?, ?it/s]Best trial: 0. Best value: 0.593345:   2%|▎         | 1/40 [09:09<5:56:55, 549.12s/it]                                                                                      Best trial: 0. Best value: 0.593345:   2%|▎         | 1/40 [14:46<5:56:55, 549.12s/it]Best trial: 0. Best value: 0.593345:   2%|▎         | 1/40 [14:46<5:56:55, 549.12s/it]Best trial: 0. Best value: 0.593345:   5%|▌         | 2/40 [14:46<4:29:03, 424.82s/it]                                                                                      Best trial: 0. Best value: 0.593345:   5%|▌         | 2/40 [20:27<4:29:03, 424.82s/it]Best trial: 0. Best value: 0.593345:   5%|▌         | 2/40 [20:27<4:29:03, 424.82s/it]Best trial: 0. Best value: 0.593345:   8%|▊         | 3/40 [20:27<3:58:11, 386.27s/it]                                                                                      Best trial: 0. Best value: 0.593345:   8%|▊         | 3/40 [25:26<3:58:11, 386.27s/it]Best trial: 0. Best value: 0.593345:   8%|▊         | 3/40 [25:26<3:58:11, 386.27s/it]Best trial: 0. Best value: 0.593345:  10%|█         | 4/40 [25:26<3:31:00, 351.69s/it]                                                                                      Best trial: 0. Best value: 0.593345:  10%|█         | 4/40 [32:56<3:31:00, 351.69s/it]Best trial: 0. Best value: 0.593345:  10%|█         | 4/40 [32:56<3:31:00, 351.69s/it]Best trial: 0. Best value: 0.593345:  12%|█▎        | 5/40 [32:56<3:45:57, 387.35s/it]                                                                                      Best trial: 0. Best value: 0.593345:  12%|█▎        | 5/40 [36:53<3:45:57, 387.35s/it]Best trial: 5. Best value: 0.600946:  12%|█▎        | 5/40 [36:53<3:45:57, 387.35s/it]Best trial: 5. Best value: 0.600946:  15%|█▌        | 6/40 [36:53<3:10:27, 336.09s/it]                                                                                      Best trial: 5. Best value: 0.600946:  15%|█▌        | 6/40 [45:01<3:10:27, 336.09s/it]Best trial: 5. Best value: 0.600946:  15%|█▌        | 6/40 [45:01<3:10:27, 336.09s/it]Best trial: 5. Best value: 0.600946:  18%|█▊        | 7/40 [45:01<3:32:09, 385.74s/it]                                                                                      Best trial: 5. Best value: 0.600946:  18%|█▊        | 7/40 [53:43<3:32:09, 385.74s/it]Best trial: 5. Best value: 0.600946:  18%|█▊        | 7/40 [53:43<3:32:09, 385.74s/it]Best trial: 5. Best value: 0.600946:  20%|██        | 8/40 [53:43<3:48:58, 429.34s/it]                                                                                      Best trial: 5. Best value: 0.600946:  20%|██        | 8/40 [59:52<3:48:58, 429.34s/it]Best trial: 5. Best value: 0.600946:  20%|██        | 8/40 [59:52<3:48:58, 429.34s/it]Best trial: 5. Best value: 0.600946:  22%|██▎       | 9/40 [59:52<3:32:04, 410.48s/it]                                                                                      Best trial: 5. Best value: 0.600946:  22%|██▎       | 9/40 [1:02:40<3:32:04, 410.48s/it]Best trial: 5. Best value: 0.600946:  22%|██▎       | 9/40 [1:02:40<3:32:04, 410.48s/it]Best trial: 5. Best value: 0.600946:  25%|██▌       | 10/40 [1:02:40<2:47:44, 335.47s/it]                                                                                         Best trial: 5. Best value: 0.600946:  25%|██▌       | 10/40 [1:07:00<2:47:44, 335.47s/it]Best trial: 5. Best value: 0.600946:  25%|██▌       | 10/40 [1:07:00<2:47:44, 335.47s/it]Best trial: 5. Best value: 0.600946:  28%|██▊       | 11/40 [1:07:00<2:31:01, 312.48s/it]                                                                                         Best trial: 5. Best value: 0.600946:  28%|██▊       | 11/40 [1:14:21<2:31:01, 312.48s/it]Best trial: 5. Best value: 0.600946:  28%|██▊       | 11/40 [1:14:21<2:31:01, 312.48s/it]Best trial: 5. Best value: 0.600946:  30%|███       | 12/40 [1:14:21<2:44:02, 351.50s/it]                                                                                         Best trial: 5. Best value: 0.600946:  30%|███       | 12/40 [1:17:45<2:44:02, 351.50s/it]Best trial: 5. Best value: 0.600946:  30%|███       | 12/40 [1:17:45<2:44:02, 351.50s/it]Best trial: 5. Best value: 0.600946:  32%|███▎      | 13/40 [1:17:45<2:18:06, 306.92s/it]                                                                                         Best trial: 5. Best value: 0.600946:  32%|███▎      | 13/40 [1:22:42<2:18:06, 306.92s/it]Best trial: 5. Best value: 0.600946:  32%|███▎      | 13/40 [1:22:42<2:18:06, 306.92s/it]Best trial: 5. Best value: 0.600946:  35%|███▌      | 14/40 [1:22:42<2:11:41, 303.89s/it]                                                                                         Best trial: 5. Best value: 0.600946:  35%|███▌      | 14/40 [1:30:31<2:11:41, 303.89s/it]Best trial: 5. Best value: 0.600946:  35%|███▌      | 14/40 [1:30:31<2:11:41, 303.89s/it]Best trial: 5. Best value: 0.600946:  38%|███▊      | 15/40 [1:30:31<2:27:22, 353.70s/it]                                                                                         Best trial: 5. Best value: 0.600946:  38%|███▊      | 15/40 [1:35:52<2:27:22, 353.70s/it]Best trial: 5. Best value: 0.600946:  38%|███▊      | 15/40 [1:35:52<2:27:22, 353.70s/it]Best trial: 5. Best value: 0.600946:  40%|████      | 16/40 [1:35:52<2:17:31, 343.82s/it]                                                                                         Best trial: 5. Best value: 0.600946:  40%|████      | 16/40 [1:39:23<2:17:31, 343.82s/it]Best trial: 5. Best value: 0.600946:  40%|████      | 16/40 [1:39:23<2:17:31, 343.82s/it]Best trial: 5. Best value: 0.600946:  42%|████▎     | 17/40 [1:39:23<1:56:24, 303.69s/it]                                                                                         Best trial: 5. Best value: 0.600946:  42%|████▎     | 17/40 [1:44:26<1:56:24, 303.69s/it]Best trial: 5. Best value: 0.600946:  42%|████▎     | 17/40 [1:44:26<1:56:24, 303.69s/it]Best trial: 5. Best value: 0.600946:  45%|████▌     | 18/40 [1:44:26<1:51:22, 303.76s/it]                                                                                         Best trial: 5. Best value: 0.600946:  45%|████▌     | 18/40 [1:48:41<1:51:22, 303.76s/it]Best trial: 5. Best value: 0.600946:  45%|████▌     | 18/40 [1:48:41<1:51:22, 303.76s/it]Best trial: 5. Best value: 0.600946:  48%|████▊     | 19/40 [1:48:41<1:41:08, 288.99s/it]                                                                                         Best trial: 5. Best value: 0.600946:  48%|████▊     | 19/40 [1:58:06<1:41:08, 288.99s/it]Best trial: 5. Best value: 0.600946:  48%|████▊     | 19/40 [1:58:06<1:41:08, 288.99s/it]Best trial: 5. Best value: 0.600946:  50%|█████     | 20/40 [1:58:06<2:03:54, 371.70s/it]                                                                                         Best trial: 5. Best value: 0.600946:  50%|█████     | 20/40 [2:01:02<2:03:54, 371.70s/it]Best trial: 20. Best value: 0.65796:  50%|█████     | 20/40 [2:01:02<2:03:54, 371.70s/it]Best trial: 20. Best value: 0.65796:  52%|█████▎    | 21/40 [2:01:02<1:39:08, 313.08s/it]                                                                                         Best trial: 20. Best value: 0.65796:  52%|█████▎    | 21/40 [2:04:02<1:39:08, 313.08s/it]Best trial: 20. Best value: 0.65796:  52%|█████▎    | 21/40 [2:04:02<1:39:08, 313.08s/it]Best trial: 20. Best value: 0.65796:  55%|█████▌    | 22/40 [2:04:02<1:21:56, 273.12s/it]                                                                                         [I 2024-12-26 16:38:30,024] Trial 0 finished with value: 0.5933450369477947 and parameters: {'lr': 0.0008133407468193437, 'decay': 0.009550459754790987, 'batch_size': 128, 'nheads': 4, 'project_to': 128, 'hidden_size': 128, 'num_layers': 1, 'dropout': 0.11423220308498894, 'class_weights': True, 'aug_choice': 3}. Best is trial 0 with value: 0.5933450369477947.
[I 2024-12-26 16:44:07,834] Trial 1 finished with value: 0.4942045333450693 and parameters: {'lr': 1.609709297404148e-05, 'decay': 0.005371211961520581, 'batch_size': 64, 'nheads': 4, 'project_to': 128, 'hidden_size': 128, 'num_layers': 3, 'dropout': 0.14210544251654272, 'class_weights': True, 'aug_choice': 4}. Best is trial 0 with value: 0.5933450369477947.
[I 2024-12-26 16:49:48,223] Trial 2 finished with value: 0.5143095813912361 and parameters: {'lr': 0.0005264056119686157, 'decay': 0.009798863725850265, 'batch_size': 128, 'nheads': 1, 'project_to': 64, 'hidden_size': 128, 'num_layers': 2, 'dropout': 0.6644780651414962, 'class_weights': False, 'aug_choice': 1}. Best is trial 0 with value: 0.5933450369477947.
[I 2024-12-26 16:54:46,918] Trial 3 finished with value: 0.5457178084722466 and parameters: {'lr': 0.0022956493420904127, 'decay': 9.170278056995248e-05, 'batch_size': 128, 'nheads': 1, 'project_to': 128, 'hidden_size': 32, 'num_layers': 3, 'dropout': 0.12842562857724896, 'class_weights': True, 'aug_choice': 8}. Best is trial 0 with value: 0.5933450369477947.
[I 2024-12-26 17:02:17,493] Trial 4 finished with value: 0.5552850481633377 and parameters: {'lr': 0.00010070143910640672, 'decay': 0.009968850427378105, 'batch_size': 128, 'nheads': 1, 'project_to': 128, 'hidden_size': 32, 'num_layers': 2, 'dropout': 0.493166894928296, 'class_weights': False, 'aug_choice': 7}. Best is trial 0 with value: 0.5933450369477947.
[I 2024-12-26 17:06:14,074] Trial 5 finished with value: 0.6009464310497278 and parameters: {'lr': 0.0005839276567488141, 'decay': 0.00013461118151608109, 'batch_size': 64, 'nheads': 1, 'project_to': 64, 'hidden_size': 32, 'num_layers': 2, 'dropout': 0.534749288837999, 'class_weights': False, 'aug_choice': 8}. Best is trial 5 with value: 0.6009464310497278.
[I 2024-12-26 17:14:22,046] Trial 6 finished with value: 0.4041581158613539 and parameters: {'lr': 3.443364720434494e-05, 'decay': 0.00208770057499386, 'batch_size': 128, 'nheads': 2, 'project_to': 32, 'hidden_size': 64, 'num_layers': 3, 'dropout': 0.31628759131550166, 'class_weights': True, 'aug_choice': 8}. Best is trial 5 with value: 0.6009464310497278.
[I 2024-12-26 17:23:04,725] Trial 7 finished with value: 0.5208635781511007 and parameters: {'lr': 0.005779217538531385, 'decay': 5.1574317123355615e-05, 'batch_size': 128, 'nheads': 1, 'project_to': 128, 'hidden_size': 32, 'num_layers': 2, 'dropout': 0.483956265973566, 'class_weights': False, 'aug_choice': 3}. Best is trial 5 with value: 0.6009464310497278.
[I 2024-12-26 17:29:13,752] Trial 8 finished with value: 0.5160859747874755 and parameters: {'lr': 0.0017229479355438198, 'decay': 0.0008453308774182891, 'batch_size': 64, 'nheads': 2, 'project_to': 128, 'hidden_size': 32, 'num_layers': 3, 'dropout': 0.22002440494374034, 'class_weights': False, 'aug_choice': 1}. Best is trial 5 with value: 0.6009464310497278.
[I 2024-12-26 17:32:01,268] Trial 9 finished with value: 0.5528663395127201 and parameters: {'lr': 0.0027521021070046644, 'decay': 0.008717448647710662, 'batch_size': 64, 'nheads': 2, 'project_to': 32, 'hidden_size': 64, 'num_layers': 1, 'dropout': 0.6135247801473347, 'class_weights': True, 'aug_choice': 6}. Best is trial 5 with value: 0.6009464310497278.
[I 2024-12-26 17:36:21,613] Trial 10 finished with value: 0.4762749440520328 and parameters: {'lr': 0.00015781053612639906, 'decay': 1.1607465447995468e-05, 'batch_size': 64, 'nheads': 1, 'project_to': 64, 'hidden_size': 32, 'num_layers': 1, 'dropout': 0.3917588303507691, 'class_weights': False, 'aug_choice': 0}. Best is trial 5 with value: 0.6009464310497278.
[I 2024-12-26 17:43:42,364] Trial 11 finished with value: 0.5551502718804624 and parameters: {'lr': 0.0005141992361496518, 'decay': 0.000292732403102335, 'batch_size': 64, 'nheads': 4, 'project_to': 64, 'hidden_size': 128, 'num_layers': 1, 'dropout': 0.5364097897193031, 'class_weights': True, 'aug_choice': 3}. Best is trial 5 with value: 0.6009464310497278.
[I 2024-12-26 17:47:06,709] Trial 12 finished with value: 0.5303630584781384 and parameters: {'lr': 0.0007475846480581595, 'decay': 0.00024671758835804455, 'batch_size': 64, 'nheads': 4, 'project_to': 64, 'hidden_size': 128, 'num_layers': 1, 'dropout': 0.33073874677977955, 'class_weights': False, 'aug_choice': 5}. Best is trial 5 with value: 0.6009464310497278.
[I 2024-12-26 17:52:03,582] Trial 13 finished with value: 0.49491913625720246 and parameters: {'lr': 0.0001989575643806669, 'decay': 0.0010630920262744428, 'batch_size': 128, 'nheads': 4, 'project_to': 64, 'hidden_size': 128, 'num_layers': 2, 'dropout': 0.242507476856983, 'class_weights': True, 'aug_choice': 2}. Best is trial 5 with value: 0.6009464310497278.
[I 2024-12-26 17:59:52,721] Trial 14 finished with value: 0.5228396262885472 and parameters: {'lr': 0.0010223245675157263, 'decay': 8.638607605719103e-05, 'batch_size': 128, 'nheads': 4, 'project_to': 32, 'hidden_size': 64, 'num_layers': 1, 'dropout': 0.5556205424171151, 'class_weights': True, 'aug_choice': 3}. Best is trial 5 with value: 0.6009464310497278.
[I 2024-12-26 18:05:13,587] Trial 15 finished with value: 0.5369201887414613 and parameters: {'lr': 0.007044348603110567, 'decay': 2.0703377243828706e-05, 'batch_size': 64, 'nheads': 1, 'project_to': 128, 'hidden_size': 32, 'num_layers': 2, 'dropout': 0.4251337935759738, 'class_weights': False, 'aug_choice': 8}. Best is trial 5 with value: 0.6009464310497278.
[I 2024-12-26 18:08:43,967] Trial 16 finished with value: 0.39701084339095055 and parameters: {'lr': 5.8891312636331946e-05, 'decay': 0.0006518226622708154, 'batch_size': 64, 'nheads': 4, 'project_to': 64, 'hidden_size': 128, 'num_layers': 1, 'dropout': 0.6978752257053384, 'class_weights': True, 'aug_choice': 0}. Best is trial 5 with value: 0.6009464310497278.
[I 2024-12-26 18:13:47,878] Trial 17 finished with value: 0.598915072212825 and parameters: {'lr': 0.0003396550493052197, 'decay': 0.0024596557963076876, 'batch_size': 128, 'nheads': 4, 'project_to': 128, 'hidden_size': 32, 'num_layers': 2, 'dropout': 0.22367908729657887, 'class_weights': False, 'aug_choice': 5}. Best is trial 5 with value: 0.6009464310497278.
[I 2024-12-26 18:18:02,467] Trial 18 finished with value: 0.5211921890513965 and parameters: {'lr': 0.0002698251268542736, 'decay': 0.0026573466104961034, 'batch_size': 64, 'nheads': 1, 'project_to': 64, 'hidden_size': 32, 'num_layers': 2, 'dropout': 0.23070612788216532, 'class_weights': False, 'aug_choice': 5}. Best is trial 5 with value: 0.6009464310497278.
[I 2024-12-26 18:27:26,951] Trial 19 finished with value: 0.5088366343061896 and parameters: {'lr': 8.769937244197319e-05, 'decay': 0.0001510844368618875, 'batch_size': 128, 'nheads': 2, 'project_to': 32, 'hidden_size': 32, 'num_layers': 2, 'dropout': 0.39259225905667244, 'class_weights': False, 'aug_choice': 5}. Best is trial 5 with value: 0.6009464310497278.
[I 2024-12-26 18:30:23,335] Trial 20 finished with value: 0.6579602806119411 and parameters: {'lr': 0.0003929266293878778, 'decay': 0.0005330067317604468, 'batch_size': 64, 'nheads': 4, 'project_to': 128, 'hidden_size': 32, 'num_layers': 3, 'dropout': 0.29806014075565235, 'class_weights': False, 'aug_choice': 6}. Best is trial 20 with value: 0.6579602806119411.
