[I 2024-12-29 12:22:31,995] Trial 5 finished with value: 0.3845066643320076 and parameters: {'lr': 0.0033691199202641143, 'decay': 0.000686934300026253, 'batch_size': 64, 'nheads': 1, 'project_to': 128, 'hidden_size': 64, 'num_layers': 1, 'dropout': 0.6389863596339189, 'alpha': 0.40180300839835426, 'aug_choice': 0}. Best is trial 3 with value: 0.5090952556304558.
                                                                                       Best trial: 3. Best value: 0.509095:   4%|▍         | 6/150 [23:51<7:22:58, 184.58s/it]Best trial: 6. Best value: 0.520085:   4%|▍         | 6/150 [23:51<7:22:58, 184.58s/it]Best trial: 6. Best value: 0.520085:   5%|▍         | 7/150 [23:51<8:03:18, 202.79s/it]                                                                                       Best trial: 6. Best value: 0.520085:   5%|▍         | 7/150 [29:38<8:03:18, 202.79s/it]Best trial: 6. Best value: 0.520085:   5%|▍         | 7/150 [29:38<8:03:18, 202.79s/it]Best trial: 6. Best value: 0.520085:   5%|▌         | 8/150 [29:38<9:48:07, 248.50s/it]                                                                                       Best trial: 6. Best value: 0.520085:   5%|▌         | 8/150 [33:35<9:48:07, 248.50s/it]Best trial: 6. Best value: 0.520085:   5%|▌         | 8/150 [33:35<9:48:07, 248.50s/it]Best trial: 6. Best value: 0.520085:   6%|▌         | 9/150 [33:35<9:35:30, 244.90s/it]                                                                                       Best trial: 6. Best value: 0.520085:   6%|▌         | 9/150 [35:48<9:35:30, 244.90s/it]Best trial: 9. Best value: 0.553382:   6%|▌         | 9/150 [35:48<9:35:30, 244.90s/it]Best trial: 9. Best value: 0.553382:   7%|▋         | 10/150 [35:48<8:11:07, 210.48s/it]                                                                                        Best trial: 9. Best value: 0.553382:   7%|▋         | 10/150 [39:08<8:11:07, 210.48s/it]Best trial: 9. Best value: 0.553382:   7%|▋         | 10/150 [39:08<8:11:07, 210.48s/it]Best trial: 9. Best value: 0.553382:   7%|▋         | 11/150 [39:08<8:00:06, 207.24s/it]                                                                                        Best trial: 9. Best value: 0.553382:   7%|▋         | 11/150 [42:12<8:00:06, 207.24s/it]Best trial: 9. Best value: 0.553382:   7%|▋         | 11/150 [42:12<8:00:06, 207.24s/it]Best trial: 9. Best value: 0.553382:   8%|▊         | 12/150 [42:12<7:40:03, 200.03s/it]Warning: Some folds may have failed. stderr: /home/ammar/miniconda3/envs/torch/lib/python3.12/site-packages/torch/nn/modules/transformer.py:384: UserWarning: The PyTorch API of nested tensors is in prototype stage and will change in the near future. (Triggered internally at /opt/conda/conda-bld/pytorch_1708025845206/work/aten/src/ATen/NestedTensorImpl.cpp:177.)
  output = torch._nested_tensor_from_mask(output, src_key_padding_mask.logical_not(), mask_check=False)
/home/ammar/miniconda3/envs/torch/lib/python3.12/site-packages/torch/nn/modules/transformer.py:384: UserWarning: The PyTorch API of nested tensors is in prototype stage and will change in the near future. (Triggered internally at /opt/conda/conda-bld/pytorch_1708025845206/work/aten/src/ATen/NestedTensorImpl.cpp:177.)
  output = torch._nested_tensor_from_mask(output, src_key_padding_mask.logical_not(), mask_check=False)
/home/ammar/miniconda3/envs/torch/lib/python3.12/site-packages/torch/nn/modules/transformer.py:384: UserWarning: The PyTorch API of nested tensors is in prototype stage and will change in the near future. (Triggered internally at /opt/conda/conda-bld/pytorch_1708025845206/work/aten/src/ATen/NestedTensorImpl.cpp:177.)
  output = torch._nested_tensor_from_mask(output, src_key_padding_mask.logical_not(), mask_check=False)
Traceback (most recent call last):
  File "/home/ammar/MultimodalEngagement/src/train_fold.py", line 107, in <module>
    main()
  File "/home/ammar/MultimodalEngagement/src/train_fold.py", line 99, in main
    eval_run.run()
  File "/home/ammar/MultimodalEngagement/src/experiments/evaluation_run.py", line 73, in run
    train_losses, validation_losses = self.training_loop()
                                      ^^^^^^^^^^^^^^^^^^^^
  File "/home/ammar/MultimodalEngagement/src/experiments/evaluation_run.py", line 287, in training_loop
    losses = {best_epoch: (self.validate(self.train_dataloader), best_validation_loss)}
                           ^^^^^^^^^^^^^^^^^^^^^^^^^^^^^^^^^^^^
  File "/home/ammar/MultimodalEngagement/src/experiments/evaluation_run.py", line 271, in validate
    loss = self.forward(x, y, lengths=lengths)
           ^^^^^^^^^^^^^^^^^^^^^^^^^^^^^^^^^^^
  File "/home/ammar/MultimodalEngagement/src/experiments/evaluation_run.py", line 256, in forward
    loss += self.criterions[i](y_pred, y_true)
            ^^^^^^^^^^^^^^^^^^^^^^^^^^^^^^^^^^
  File "/home/ammar/miniconda3/envs/torch/lib/python3.12/site-packages/torch/nn/modules/module.py", line 1511, in _wrapped_call_impl
    return self._call_impl(*args, **kwargs)
           ^^^^^^^^^^^^^^^^^^^^^^^^^^^^^^^^
  File "/home/ammar/miniconda3/envs/torch/lib/python3.12/site-packages/torch/nn/modules/module.py", line 1520, in _call_impl
    return forward_call(*args, **kwargs)
           ^^^^^^^^^^^^^^^^^^^^^^^^^^^^^
  File "/home/ammar/MultimodalEngagement/src/models/balanced_transformer.py", line 114, in forward
    bce = F.binary_cross_entropy_with_logits(
          ^^^^^^^^^^^^^^^^^^^^^^^^^^^^^^^^^^^
  File "/home/ammar/miniconda3/envs/torch/lib/python3.12/site-packages/torch/nn/functional.py", line 3197, in binary_cross_entropy_with_logits
    raise ValueError(f"Target size ({target.size()}) must be the same as input size ({input.size()})")
ValueError: Target size (torch.Size([1])) must be the same as input size (torch.Size([]))
/home/ammar/miniconda3/envs/torch/lib/python3.12/site-packages/torch/nn/modules/transformer.py:384: UserWarning: The PyTorch API of nested tensors is in prototype stage and will change in the near future. (Triggered internally at /opt/conda/conda-bld/pytorch_1708025845206/work/aten/src/ATen/NestedTensorImpl.cpp:177.)
  output = torch._nested_tensor_from_mask(output, src_key_padding_mask.logical_not(), mask_check=False)
/home/ammar/miniconda3/envs/torch/lib/python3.12/site-packages/torch/nn/modules/transformer.py:384: UserWarning: The PyTorch API of nested tensors is in prototype stage and will change in the near future. (Triggered internally at /opt/conda/conda-bld/pytorch_1708025845206/work/aten/src/ATen/NestedTensorImpl.cpp:177.)
  output = torch._nested_tensor_from_mask(output, src_key_padding_mask.logical_not(), mask_check=False)
/home/ammar/miniconda3/envs/torch/lib/python3.12/site-packages/torch/nn/modules/transformer.py:384: UserWarning: The PyTorch API of nested tensors is in prototype stage and will change in the near future. (Triggered internally at /opt/conda/conda-bld/pytorch_1708025845206/work/aten/src/ATen/NestedTensorImpl.cpp:177.)
  output = torch._nested_tensor_from_mask(output, src_key_padding_mask.logical_not(), mask_check=False)
/home/ammar/miniconda3/envs/torch/lib/python3.12/site-packages/torch/nn/modules/transformer.py:384: UserWarning: The PyTorch API of nested tensors is in prototype stage and will change in the near future. (Triggered internally at /opt/conda/conda-bld/pytorch_1708025845206/work/aten/src/ATen/NestedTensorImpl.cpp:177.)
  output = torch._nested_tensor_from_mask(output, src_key_padding_mask.logical_not(), mask_check=False)

[I 2024-12-29 12:26:32,281] Trial 6 finished with value: 0.5200848497731367 and parameters: {'lr': 4.3537679825043576e-05, 'decay': 1.130524320121418e-05, 'batch_size': 128, 'nheads': 4, 'project_to': 128, 'hidden_size': 128, 'num_layers': 1, 'dropout': 0.31662773528143123, 'alpha': 0.9256260056789368, 'aug_choice': 1}. Best is trial 6 with value: 0.5200848497731367.
[I 2024-12-29 12:32:18,671] Trial 7 finished with value: 0.4544155757000167 and parameters: {'lr': 2.8365833283058454e-05, 'decay': 0.0006591770786758764, 'batch_size': 128, 'nheads': 4, 'project_to': 128, 'hidden_size': 128, 'num_layers': 3, 'dropout': 0.27162604050624317, 'alpha': 0.7203554608417615, 'aug_choice': 7}. Best is trial 6 with value: 0.5200848497731367.
[I 2024-12-29 12:36:15,637] Trial 8 finished with value: 0.4586923713263534 and parameters: {'lr': 0.00010959513795512912, 'decay': 6.480076998502148e-05, 'batch_size': 128, 'nheads': 4, 'project_to': 32, 'hidden_size': 128, 'num_layers': 1, 'dropout': 0.15692615919515282, 'alpha': 0.7050870638695964, 'aug_choice': 5}. Best is trial 6 with value: 0.5200848497731367.
[I 2024-12-29 12:38:29,046] Trial 9 finished with value: 0.5533819507375465 and parameters: {'lr': 0.007361161322643974, 'decay': 0.0005607300989798219, 'batch_size': 64, 'nheads': 4, 'project_to': 128, 'hidden_size': 64, 'num_layers': 1, 'dropout': 0.3612979619949853, 'alpha': 0.730335102222828, 'aug_choice': 0}. Best is trial 9 with value: 0.5533819507375465.
[I 2024-12-29 12:41:48,936] Trial 10 finished with value: 0.5036182614070257 and parameters: {'lr': 0.0003889409246925013, 'decay': 0.007183636812313726, 'batch_size': 64, 'nheads': 4, 'project_to': 128, 'hidden_size': 32, 'num_layers': 1, 'dropout': 0.10940369885492568, 'alpha': 0.5075591387380457, 'aug_choice': 8}. Best is trial 9 with value: 0.5533819507375465.
[I 2024-12-29 12:44:52,470] Trial 11 finished with value: 0.44328482989004314 and parameters: {'lr': 1.1887600860779024e-05, 'decay': 0.00012776102451173517, 'batch_size': 64, 'nheads': 4, 'project_to': 128, 'hidden_size': 128, 'num_layers': 1, 'dropout': 0.3034884888558092, 'alpha': 0.8226342545464583, 'aug_choice': 6}. Best is trial 9 with value: 0.5533819507375465.
                                                                                        Best trial: 9. Best value: 0.553382:   8%|▊         | 12/150 [46:23<7:40:03, 200.03s/it]Best trial: 9. Best value: 0.553382:   8%|▊         | 12/150 [46:23<7:40:03, 200.03s/it]Best trial: 9. Best value: 0.553382:   9%|▊         | 13/150 [46:23<8:12:06, 215.52s/it]                                                                                        Best trial: 9. Best value: 0.553382:   9%|▊         | 13/150 [53:57<8:12:06, 215.52s/it]Best trial: 9. Best value: 0.553382:   9%|▊         | 13/150 [53:57<8:12:06, 215.52s/it]Best trial: 9. Best value: 0.553382:   9%|▉         | 14/150 [53:57<10:51:58, 287.64s/it]                                                                                         Best trial: 9. Best value: 0.553382:   9%|▉         | 14/150 [56:38<10:51:58, 287.64s/it]Best trial: 9. Best value: 0.553382:   9%|▉         | 14/150 [56:38<10:51:58, 287.64s/it]Best trial: 9. Best value: 0.553382:  10%|█         | 15/150 [56:38<9:21:16, 249.45s/it]                                                                                         Best trial: 9. Best value: 0.553382:  10%|█         | 15/150 [58:38<9:21:16, 249.45s/it]Best trial: 9. Best value: 0.553382:  10%|█         | 15/150 [58:38<9:21:16, 249.45s/it]Best trial: 9. Best value: 0.553382:  11%|█         | 16/150 [58:38<7:50:18, 210.59s/it]                                                                                        Best trial: 9. Best value: 0.553382:  11%|█         | 16/150 [1:02:31<7:50:18, 210.59s/it]Best trial: 9. Best value: 0.553382:  11%|█         | 16/150 [1:02:31<7:50:18, 210.59s/it]Best trial: 9. Best value: 0.553382:  11%|█▏        | 17/150 [1:02:31<8:01:38, 217.28s/it]Fold 0: 0 trials completed, running 150 more trials...
[I 2024-12-29 13:08:12,199] A new study created in RDB with name: webcam_engagement_classifier
  0%|          | 0/150 [00:00<?, ?it/s]                                         0%|          | 0/150 [03:47<?, ?it/s]Best trial: 0. Best value: 0.504011:   0%|          | 0/150 [03:47<?, ?it/s]Best trial: 0. Best value: 0.504011:   1%|          | 1/150 [03:47<9:25:42, 227.80s/it]Fold 0: 0 trials completed, running 150 more trials...
[I 2024-12-29 13:17:22,495] A new study created in RDB with name: webcam_engagement_classifier
  0%|          | 0/150 [00:00<?, ?it/s]/home/ammar/miniconda3/envs/torch/lib/python3.12/site-packages/optuna/distributions.py:524: UserWarning: Choices for a categorical distribution should be a tuple of None, bool, int, float and str for persistent storage but contains ['embedding'] which is of type list.
  warnings.warn(message)
/home/ammar/miniconda3/envs/torch/lib/python3.12/site-packages/optuna/distributions.py:524: UserWarning: Choices for a categorical distribution should be a tuple of None, bool, int, float and str for persistent storage but contains ['valence_arousal'] which is of type list.
  warnings.warn(message)
/home/ammar/miniconda3/envs/torch/lib/python3.12/site-packages/optuna/distributions.py:524: UserWarning: Choices for a categorical distribution should be a tuple of None, bool, int, float and str for persistent storage but contains ['embedding', 'valence_arousal'] which is of type list.
  warnings.warn(message)
Fold 0: 0 trials completed, running 150 more trials...
[I 2024-12-29 13:18:30,305] A new study created in RDB with name: webcam_engagement_classifier
  0%|          | 0/150 [00:00<?, ?it/s]Fold 0: 0 trials completed, running 150 more trials...
[I 2024-12-29 13:19:30,057] A new study created in RDB with name: webcam_engagement_classifier
  0%|          | 0/150 [00:00<?, ?it/s]Fold 0: 0 trials completed, running 150 more trials...
[I 2024-12-29 13:20:00,501] A new study created in RDB with name: webcam_engagement_classifier
  0%|          | 0/150 [00:00<?, ?it/s]                                         0%|          | 0/150 [04:21<?, ?it/s]Best trial: 0. Best value: 0.413077:   0%|          | 0/150 [04:21<?, ?it/s]Best trial: 0. Best value: 0.413077:   1%|          | 1/150 [04:21<10:48:21, 261.08s/it]                                                                                        Best trial: 0. Best value: 0.413077:   1%|          | 1/150 [05:43<10:48:21, 261.08s/it]Best trial: 1. Best value: 0.460548:   1%|          | 1/150 [05:43<10:48:21, 261.08s/it]Best trial: 1. Best value: 0.460548:   1%|▏         | 2/150 [05:43<6:24:49, 156.01s/it] Fold 0: 0 trials completed, running 150 more trials...
[I 2024-12-29 13:29:50,020] A new study created in RDB with name: webcam_engagement_classifier
