Best trial: 60. Best value: 0.594903:  44%|████▍     | 66/150 [3:00:58<2:59:38, 128.31s/it]Best trial: 66. Best value: 0.619031:  44%|████▍     | 66/150 [3:00:58<2:59:38, 128.31s/it]Best trial: 66. Best value: 0.619031:  45%|████▍     | 67/150 [3:00:58<2:54:13, 125.95s/it]                                                                                           Best trial: 66. Best value: 0.619031:  45%|████▍     | 67/150 [3:02:54<2:54:13, 125.95s/it]Best trial: 66. Best value: 0.619031:  45%|████▍     | 67/150 [3:02:54<2:54:13, 125.95s/it]Best trial: 66. Best value: 0.619031:  45%|████▌     | 68/150 [3:02:54<2:48:01, 122.94s/it]                                                                                           Best trial: 66. Best value: 0.619031:  45%|████▌     | 68/150 [3:05:02<2:48:01, 122.94s/it]Best trial: 66. Best value: 0.619031:  45%|████▌     | 68/150 [3:05:02<2:48:01, 122.94s/it]Best trial: 66. Best value: 0.619031:  46%|████▌     | 69/150 [3:05:02<2:48:03, 124.49s/it]                                                                                           Best trial: 66. Best value: 0.619031:  46%|████▌     | 69/150 [3:07:45<2:48:03, 124.49s/it]Best trial: 66. Best value: 0.619031:  46%|████▌     | 69/150 [3:07:45<2:48:03, 124.49s/it]Best trial: 66. Best value: 0.619031:  47%|████▋     | 70/150 [3:07:45<3:01:18, 135.98s/it]                                                                                           Best trial: 66. Best value: 0.619031:  47%|████▋     | 70/150 [3:09:40<3:01:18, 135.98s/it]Best trial: 66. Best value: 0.619031:  47%|████▋     | 70/150 [3:09:40<3:01:18, 135.98s/it]Best trial: 66. Best value: 0.619031:  47%|████▋     | 71/150 [3:09:40<2:50:43, 129.67s/it]                                                                                           Best trial: 66. Best value: 0.619031:  47%|████▋     | 71/150 [3:11:43<2:50:43, 129.67s/it]Best trial: 66. Best value: 0.619031:  47%|████▋     | 71/150 [3:11:43<2:50:43, 129.67s/it]Best trial: 66. Best value: 0.619031:  48%|████▊     | 72/150 [3:11:43<2:45:51, 127.59s/it]                                                                                           Best trial: 66. Best value: 0.619031:  48%|████▊     | 72/150 [3:13:32<2:45:51, 127.59s/it]Best trial: 66. Best value: 0.619031:  48%|████▊     | 72/150 [3:13:32<2:45:51, 127.59s/it]Best trial: 66. Best value: 0.619031:  49%|████▊     | 73/150 [3:13:32<2:36:45, 122.15s/it]                                                                                           Best trial: 66. Best value: 0.619031:  49%|████▊     | 73/150 [3:15:43<2:36:45, 122.15s/it]Best trial: 66. Best value: 0.619031:  49%|████▊     | 73/150 [3:15:43<2:36:45, 122.15s/it]Best trial: 66. Best value: 0.619031:  49%|████▉     | 74/150 [3:15:43<2:37:52, 124.64s/it]                                                                                           Best trial: 66. Best value: 0.619031:  49%|████▉     | 74/150 [3:16:48<2:37:52, 124.64s/it]Best trial: 66. Best value: 0.619031:  49%|████▉     | 74/150 [3:16:48<2:37:52, 124.64s/it]Best trial: 66. Best value: 0.619031:  50%|█████     | 75/150 [3:16:48<2:13:46, 107.01s/it]                                                                                           Best trial: 66. Best value: 0.619031:  50%|█████     | 75/150 [3:18:42<2:13:46, 107.01s/it]Best trial: 66. Best value: 0.619031:  50%|█████     | 75/150 [3:18:42<2:13:46, 107.01s/it]Best trial: 66. Best value: 0.619031:  51%|█████     | 76/150 [3:18:42<2:14:34, 109.12s/it]                                                                                           Best trial: 66. Best value: 0.619031:  51%|█████     | 76/150 [3:20:25<2:14:34, 109.12s/it]Best trial: 66. Best value: 0.619031:  51%|█████     | 76/150 [3:20:25<2:14:34, 109.12s/it]Best trial: 66. Best value: 0.619031:  51%|█████▏    | 77/150 [3:20:25<2:10:22, 107.16s/it]                                                                                           Best trial: 66. Best value: 0.619031:  51%|█████▏    | 77/150 [3:22:23<2:10:22, 107.16s/it]Best trial: 66. Best value: 0.619031:  51%|█████▏    | 77/150 [3:22:23<2:10:22, 107.16s/it]Best trial: 66. Best value: 0.619031:  52%|█████▏    | 78/150 [3:22:23<2:12:39, 110.55s/it]                                                                                           Best trial: 66. Best value: 0.619031:  52%|█████▏    | 78/150 [3:24:28<2:12:39, 110.55s/it]Best trial: 66. Best value: 0.619031:  52%|█████▏    | 78/150 [3:24:28<2:12:39, 110.55s/it]Best trial: 66. Best value: 0.619031:  53%|█████▎    | 79/150 [3:24:28<2:15:47, 114.76s/it]                                                                                           Best trial: 66. Best value: 0.619031:  53%|█████▎    | 79/150 [3:26:28<2:15:47, 114.76s/it]Best trial: 66. Best value: 0.619031:  53%|█████▎    | 79/150 [3:26:28<2:15:47, 114.76s/it]Best trial: 66. Best value: 0.619031:  53%|█████▎    | 80/150 [3:26:28<2:15:46, 116.38s/it]                                                                                           Best trial: 66. Best value: 0.619031:  53%|█████▎    | 80/150 [3:28:28<2:15:46, 116.38s/it]Best trial: 66. Best value: 0.619031:  53%|█████▎    | 80/150 [3:28:28<2:15:46, 116.38s/it]Best trial: 66. Best value: 0.619031:  54%|█████▍    | 81/150 [3:28:28<2:14:54, 117.32s/it]                                                                                           Best trial: 66. Best value: 0.619031:  54%|█████▍    | 81/150 [3:30:34<2:14:54, 117.32s/it]Best trial: 66. Best value: 0.619031:  54%|█████▍    | 81/150 [3:30:34<2:14:54, 117.32s/it]Best trial: 66. Best value: 0.619031:  55%|█████▍    | 82/150 [3:30:34<2:16:00, 120.00s/it]                                                                                           Best trial: 66. Best value: 0.619031:  55%|█████▍    | 82/150 [3:33:14<2:16:00, 120.00s/it]Best trial: 66. Best value: 0.619031:  55%|█████▍    | 82/150 [3:33:14<2:16:00, 120.00s/it]Best trial: 66. Best value: 0.619031:  55%|█████▌    | 83/150 [3:33:14<2:27:16, 131.88s/it]                                                                                           Best trial: 66. Best value: 0.619031:  55%|█████▌    | 83/150 [3:35:07<2:27:16, 131.88s/it]Best trial: 66. Best value: 0.619031:  55%|█████▌    | 83/150 [3:35:07<2:27:16, 131.88s/it]Best trial: 66. Best value: 0.619031:  56%|█████▌    | 84/150 [3:35:07<2:19:00, 126.38s/it]                                                                                           Best trial: 66. Best value: 0.619031:  56%|█████▌    | 84/150 [3:37:02<2:19:00, 126.38s/it]Best trial: 66. Best value: 0.619031:  56%|█████▌    | 84/150 [3:37:02<2:19:00, 126.38s/it]Best trial: 66. Best value: 0.619031:  57%|█████▋    | 85/150 [3:37:02<2:13:11, 122.94s/it]                                                                                           Best trial: 66. Best value: 0.619031:  57%|█████▋    | 85/150 [3:39:05<2:13:11, 122.94s/it]Best trial: 66. Best value: 0.619031:  57%|█████▋    | 85/150 [3:39:05<2:13:11, 122.94s/it]Best trial: 66. Best value: 0.619031:  57%|█████▋    | 86/150 [3:39:05<2:11:18, 123.09s/it]                                                                                           Best trial: 66. Best value: 0.619031:  57%|█████▋    | 86/150 [3:41:14<2:11:18, 123.09s/it]Best trial: 66. Best value: 0.619031:  57%|█████▋    | 86/150 [3:41:14<2:11:18, 123.09s/it]Best trial: 66. Best value: 0.619031:  58%|█████▊    | 87/150 [3:41:14<2:11:06, 124.86s/it]                                                                                           Best trial: 66. Best value: 0.619031:  58%|█████▊    | 87/150 [3:43:21<2:11:06, 124.86s/it]Best trial: 66. Best value: 0.619031:  58%|█████▊    | 87/150 [3:43:21<2:11:06, 124.86s/it]Best trial: 66. Best value: 0.619031:  59%|█████▊    | 88/150 [3:43:21<2:09:27, 125.29s/it]                                                                                           [I 2025-01-02 01:15:27,048] Trial 66 finished with value: 0.6190306216664284 and parameters: {'lr': 0.0012146294180578722, 'decay': 0.0005577810476066299, 'batch_size': 64, 'nheads': 1, 'project_to': 64, 'hidden_size': 128, 'num_layers': 2, 'dropout': 0.19278681991877758, 'alpha': 0.7736108906846482, 'aug_choice': 5}. Best is trial 66 with value: 0.6190306216664284.
[I 2025-01-02 01:17:22,978] Trial 67 finished with value: 0.4883178427360307 and parameters: {'lr': 0.002915265888649623, 'decay': 0.00106364400279842, 'batch_size': 64, 'nheads': 1, 'project_to': 64, 'hidden_size': 128, 'num_layers': 2, 'dropout': 0.19308266709129993, 'alpha': 0.7765973325950352, 'aug_choice': 5}. Best is trial 66 with value: 0.6190306216664284.
[I 2025-01-02 01:19:31,086] Trial 68 finished with value: 0.5447075717021138 and parameters: {'lr': 0.005131415543063714, 'decay': 0.0013706010857150546, 'batch_size': 64, 'nheads': 1, 'project_to': 64, 'hidden_size': 128, 'num_layers': 2, 'dropout': 0.15368172176773026, 'alpha': 0.6214331310970301, 'aug_choice': 5}. Best is trial 66 with value: 0.6190306216664284.
[I 2025-01-02 01:22:13,877] Trial 69 finished with value: 0.5363512531054868 and parameters: {'lr': 0.0012929174203126547, 'decay': 0.00042262465508758636, 'batch_size': 64, 'nheads': 1, 'project_to': 64, 'hidden_size': 128, 'num_layers': 2, 'dropout': 0.23077907890135432, 'alpha': 0.9274183857361643, 'aug_choice': 7}. Best is trial 66 with value: 0.6190306216664284.
[I 2025-01-02 01:24:08,825] Trial 70 finished with value: 0.5616018174200569 and parameters: {'lr': 0.0017239062174920143, 'decay': 0.0004988584412813434, 'batch_size': 64, 'nheads': 1, 'project_to': 64, 'hidden_size': 128, 'num_layers': 2, 'dropout': 0.178359914626663, 'alpha': 0.5522616081932308, 'aug_choice': 5}. Best is trial 66 with value: 0.6190306216664284.
[I 2025-01-02 01:26:11,551] Trial 71 finished with value: 0.5243996328385073 and parameters: {'lr': 0.0016947224955797052, 'decay': 0.0005544629927152155, 'batch_size': 64, 'nheads': 1, 'project_to': 64, 'hidden_size': 128, 'num_layers': 2, 'dropout': 0.18098538407714615, 'alpha': 0.7530209663382721, 'aug_choice': 5}. Best is trial 66 with value: 0.6190306216664284.
[I 2025-01-02 01:28:01,025] Trial 72 finished with value: 0.5238047098390709 and parameters: {'lr': 0.001153880033577424, 'decay': 0.0007034410371386061, 'batch_size': 64, 'nheads': 1, 'project_to': 64, 'hidden_size': 128, 'num_layers': 2, 'dropout': 0.19789219324540688, 'alpha': 0.5639741134126329, 'aug_choice': 5}. Best is trial 66 with value: 0.6190306216664284.
[I 2025-01-02 01:30:11,470] Trial 73 finished with value: 0.5402191240819642 and parameters: {'lr': 0.0006730076307383216, 'decay': 0.001083057372592656, 'batch_size': 64, 'nheads': 1, 'project_to': 64, 'hidden_size': 128, 'num_layers': 2, 'dropout': 0.162095228994908, 'alpha': 0.690841009292746, 'aug_choice': 5}. Best is trial 66 with value: 0.6190306216664284.
[I 2025-01-02 01:31:17,358] Trial 74 finished with value: 0.5028057389126438 and parameters: {'lr': 0.001607550245033644, 'decay': 0.0008253378260550477, 'batch_size': 64, 'nheads': 2, 'project_to': 64, 'hidden_size': 128, 'num_layers': 2, 'dropout': 0.13599608632399404, 'alpha': 0.5031094579036951, 'aug_choice': 6}. Best is trial 66 with value: 0.6190306216664284.
[I 2025-01-02 01:33:11,380] Trial 75 finished with value: 0.5549894920503764 and parameters: {'lr': 0.0034243678459801074, 'decay': 0.0003640972137523234, 'batch_size': 64, 'nheads': 1, 'project_to': 64, 'hidden_size': 128, 'num_layers': 2, 'dropout': 0.26470573922354534, 'alpha': 0.8254353323596914, 'aug_choice': 5}. Best is trial 66 with value: 0.6190306216664284.
[I 2025-01-02 01:34:53,973] Trial 76 finished with value: 0.5177586355592297 and parameters: {'lr': 0.003910209888021159, 'decay': 0.00036661450569976, 'batch_size': 64, 'nheads': 1, 'project_to': 64, 'hidden_size': 128, 'num_layers': 2, 'dropout': 0.2517218012894531, 'alpha': 0.5642758151026848, 'aug_choice': 2}. Best is trial 66 with value: 0.6190306216664284.
[I 2025-01-02 01:36:52,448] Trial 77 finished with value: 0.5342350341958662 and parameters: {'lr': 0.005035803360093317, 'decay': 0.00026667342713060827, 'batch_size': 64, 'nheads': 1, 'project_to': 64, 'hidden_size': 128, 'num_layers': 2, 'dropout': 0.11476518688228357, 'alpha': 0.8362516794293152, 'aug_choice': 5}. Best is trial 66 with value: 0.6190306216664284.
[I 2025-01-02 01:38:57,003] Trial 78 finished with value: 0.5746461930495463 and parameters: {'lr': 0.002991716998426328, 'decay': 0.0005172506450443681, 'batch_size': 64, 'nheads': 2, 'project_to': 64, 'hidden_size': 128, 'num_layers': 2, 'dropout': 0.17018247536206682, 'alpha': 0.4160016325087963, 'aug_choice': 8}. Best is trial 66 with value: 0.6190306216664284.
[I 2025-01-02 01:40:57,166] Trial 79 finished with value: 0.5110206382293369 and parameters: {'lr': 0.006433162645108667, 'decay': 0.0005243750070604001, 'batch_size': 64, 'nheads': 1, 'project_to': 64, 'hidden_size': 128, 'num_layers': 2, 'dropout': 0.26973351863377143, 'alpha': 0.43606174944917386, 'aug_choice': 8}. Best is trial 66 with value: 0.6190306216664284.
[I 2025-01-02 01:42:56,665] Trial 80 finished with value: 0.509155977063448 and parameters: {'lr': 0.0029156301039663223, 'decay': 0.00040228715938774045, 'batch_size': 64, 'nheads': 1, 'project_to': 64, 'hidden_size': 128, 'num_layers': 2, 'dropout': 0.21322698965509707, 'alpha': 0.3099708155436177, 'aug_choice': 8}. Best is trial 66 with value: 0.6190306216664284.
[I 2025-01-02 01:45:02,948] Trial 81 finished with value: 0.553922803716126 and parameters: {'lr': 0.002122074377770377, 'decay': 0.0003083719903018373, 'batch_size': 64, 'nheads': 2, 'project_to': 64, 'hidden_size': 128, 'num_layers': 2, 'dropout': 0.17718478980441738, 'alpha': 0.9407848233373808, 'aug_choice': 8}. Best is trial 66 with value: 0.6190306216664284.
[I 2025-01-02 01:47:42,549] Trial 82 finished with value: 0.5057189580970749 and parameters: {'lr': 0.0023066370312876455, 'decay': 0.0005522529383413836, 'batch_size': 64, 'nheads': 2, 'project_to': 64, 'hidden_size': 128, 'num_layers': 2, 'dropout': 0.17676134213353606, 'alpha': 0.971575339228794, 'aug_choice': 1}. Best is trial 66 with value: 0.6190306216664284.
[I 2025-01-02 01:49:36,082] Trial 83 finished with value: 0.5068764129511691 and parameters: {'lr': 0.0026904364340857075, 'decay': 0.0002756617342407587, 'batch_size': 64, 'nheads': 2, 'project_to': 64, 'hidden_size': 128, 'num_layers': 2, 'dropout': 0.227054445257399, 'alpha': 0.8646302485524834, 'aug_choice': 8}. Best is trial 66 with value: 0.6190306216664284.
[I 2025-01-02 01:51:31,015] Trial 84 finished with value: 0.5433422522586878 and parameters: {'lr': 0.0030862550752258243, 'decay': 0.00015107458641983095, 'batch_size': 64, 'nheads': 2, 'project_to': 64, 'hidden_size': 128, 'num_layers': 2, 'dropout': 0.17986050820424962, 'alpha': 0.7442263712217461, 'aug_choice': 8}. Best is trial 66 with value: 0.6190306216664284.
[I 2025-01-02 01:53:34,460] Trial 85 finished with value: 0.5899695783292797 and parameters: {'lr': 0.0020092187284062625, 'decay': 0.00021199045302570002, 'batch_size': 64, 'nheads': 2, 'project_to': 64, 'hidden_size': 32, 'num_layers': 2, 'dropout': 0.16393466389165154, 'alpha': 0.9205221414617308, 'aug_choice': 8}. Best is trial 66 with value: 0.6190306216664284.
[I 2025-01-02 01:55:43,447] Trial 86 finished with value: 0.54015048720297 and parameters: {'lr': 0.003992851747405927, 'decay': 0.00034079878627000956, 'batch_size': 64, 'nheads': 2, 'project_to': 64, 'hidden_size': 32, 'num_layers': 2, 'dropout': 0.3121270611669833, 'alpha': 0.9448326108182349, 'aug_choice': 8}. Best is trial 66 with value: 0.6190306216664284.
[I 2025-01-02 01:57:49,719] Trial 87 finished with value: 0.505834940926207 and parameters: {'lr': 0.002044665492880954, 'decay': 0.00021811432358760297, 'batch_size': 64, 'nheads': 2, 'project_to': 64, 'hidden_size': 32, 'num_layers': 2, 'dropout': 0.20546566007210687, 'alpha': 0.8114912055170482, 'aug_choice': 8}. Best is trial 66 with value: 0.6190306216664284.
