  0%|          | 0/40 [00:00<?, ?it/s]                                        0%|          | 0/40 [01:29<?, ?it/s]Best trial: 2. Best value: 0.522989:   0%|          | 0/40 [01:29<?, ?it/s]Best trial: 2. Best value: 0.522989:   2%|▎         | 1/40 [01:29<57:58, 89.20s/it]                                                                                   Best trial: 2. Best value: 0.522989:   2%|▎         | 1/40 [02:53<57:58, 89.20s/it]Best trial: 2. Best value: 0.522989:   2%|▎         | 1/40 [02:53<57:58, 89.20s/it]Best trial: 2. Best value: 0.522989:   5%|▌         | 2/40 [02:53<54:44, 86.43s/it]                                                                                   Best trial: 2. Best value: 0.522989:   5%|▌         | 2/40 [05:38<54:44, 86.43s/it]Best trial: 2. Best value: 0.522989:   5%|▌         | 2/40 [05:38<54:44, 86.43s/it]Best trial: 2. Best value: 0.522989:   8%|▊         | 3/40 [05:38<1:15:30, 122.44s/it]                                                                                      Best trial: 2. Best value: 0.522989:   8%|▊         | 3/40 [08:57<1:15:30, 122.44s/it]Best trial: 2. Best value: 0.522989:   8%|▊         | 3/40 [08:57<1:15:30, 122.44s/it]Best trial: 2. Best value: 0.522989:  10%|█         | 4/40 [08:57<1:31:32, 152.57s/it]                                                                                      Best trial: 2. Best value: 0.522989:  10%|█         | 4/40 [11:42<1:31:32, 152.57s/it]Best trial: 2. Best value: 0.522989:  10%|█         | 4/40 [11:42<1:31:32, 152.57s/it]Best trial: 2. Best value: 0.522989:  12%|█▎        | 5/40 [11:42<1:31:34, 156.98s/it]                                                                                      Best trial: 2. Best value: 0.522989:  12%|█▎        | 5/40 [14:24<1:31:34, 156.98s/it]Best trial: 2. Best value: 0.522989:  12%|█▎        | 5/40 [14:24<1:31:34, 156.98s/it]Best trial: 2. Best value: 0.522989:  15%|█▌        | 6/40 [14:24<1:29:57, 158.74s/it]                                                                                      Best trial: 2. Best value: 0.522989:  15%|█▌        | 6/40 [18:20<1:29:57, 158.74s/it]Best trial: 2. Best value: 0.522989:  15%|█▌        | 6/40 [18:20<1:29:57, 158.74s/it]Best trial: 2. Best value: 0.522989:  18%|█▊        | 7/40 [18:20<1:41:07, 183.88s/it]                                                                                      Best trial: 2. Best value: 0.522989:  18%|█▊        | 7/40 [20:09<1:41:07, 183.88s/it]Best trial: 2. Best value: 0.522989:  18%|█▊        | 7/40 [20:09<1:41:07, 183.88s/it]Best trial: 2. Best value: 0.522989:  20%|██        | 8/40 [20:09<1:25:26, 160.20s/it]                                                                                      Best trial: 2. Best value: 0.522989:  20%|██        | 8/40 [22:59<1:25:26, 160.20s/it]Best trial: 2. Best value: 0.522989:  20%|██        | 8/40 [22:59<1:25:26, 160.20s/it]Best trial: 2. Best value: 0.522989:  22%|██▎       | 9/40 [22:59<1:24:13, 163.03s/it]                                                                                      Best trial: 2. Best value: 0.522989:  22%|██▎       | 9/40 [25:17<1:24:13, 163.03s/it]Best trial: 2. Best value: 0.522989:  22%|██▎       | 9/40 [25:17<1:24:13, 163.03s/it]Best trial: 2. Best value: 0.522989:  25%|██▌       | 10/40 [25:17<1:17:46, 155.54s/it]                                                                                       Best trial: 2. Best value: 0.522989:  25%|██▌       | 10/40 [28:20<1:17:46, 155.54s/it]Best trial: 50. Best value: 0.581012:  25%|██▌       | 10/40 [28:20<1:17:46, 155.54s/it]Best trial: 50. Best value: 0.581012:  28%|██▊       | 11/40 [28:20<1:19:10, 163.81s/it]                                                                                        Best trial: 50. Best value: 0.581012:  28%|██▊       | 11/40 [32:47<1:19:10, 163.81s/it]Best trial: 50. Best value: 0.581012:  28%|██▊       | 11/40 [32:47<1:19:10, 163.81s/it]Best trial: 50. Best value: 0.581012:  30%|███       | 12/40 [32:47<1:31:08, 195.30s/it]                                                                                        Best trial: 50. Best value: 0.581012:  30%|███       | 12/40 [36:09<1:31:08, 195.30s/it]Best trial: 50. Best value: 0.581012:  30%|███       | 12/40 [36:09<1:31:08, 195.30s/it]Best trial: 50. Best value: 0.581012:  32%|███▎      | 13/40 [36:09<1:28:44, 197.22s/it]                                                                                        Best trial: 50. Best value: 0.581012:  32%|███▎      | 13/40 [38:15<1:28:44, 197.22s/it]Best trial: 50. Best value: 0.581012:  32%|███▎      | 13/40 [38:15<1:28:44, 197.22s/it]Best trial: 50. Best value: 0.581012:  35%|███▌      | 14/40 [38:15<1:16:11, 175.82s/it]                                                                                        Best trial: 50. Best value: 0.581012:  35%|███▌      | 14/40 [42:10<1:16:11, 175.82s/it]Best trial: 50. Best value: 0.581012:  35%|███▌      | 14/40 [42:10<1:16:11, 175.82s/it]Best trial: 50. Best value: 0.581012:  38%|███▊      | 15/40 [42:10<1:20:39, 193.58s/it]                                                                                        Best trial: 50. Best value: 0.581012:  38%|███▊      | 15/40 [44:45<1:20:39, 193.58s/it]Best trial: 50. Best value: 0.581012:  38%|███▊      | 15/40 [44:45<1:20:39, 193.58s/it]Best trial: 50. Best value: 0.581012:  40%|████      | 16/40 [44:45<1:12:46, 181.93s/it]                                                                                        Best trial: 50. Best value: 0.581012:  40%|████      | 16/40 [46:33<1:12:46, 181.93s/it]Best trial: 50. Best value: 0.581012:  40%|████      | 16/40 [46:33<1:12:46, 181.93s/it]Best trial: 50. Best value: 0.581012:  42%|████▎     | 17/40 [46:33<1:01:14, 159.75s/it]                                                                                        Best trial: 50. Best value: 0.581012:  42%|████▎     | 17/40 [48:13<1:01:14, 159.75s/it]Best trial: 50. Best value: 0.581012:  42%|████▎     | 17/40 [48:13<1:01:14, 159.75s/it]Best trial: 50. Best value: 0.581012:  45%|████▌     | 18/40 [48:13<52:01, 141.90s/it]                                                                                        Best trial: 50. Best value: 0.581012:  45%|████▌     | 18/40 [49:22<52:01, 141.90s/it]Best trial: 50. Best value: 0.581012:  45%|████▌     | 18/40 [49:22<52:01, 141.90s/it]Best trial: 50. Best value: 0.581012:  48%|████▊     | 19/40 [49:22<41:57, 119.90s/it]                                                                                      Best trial: 50. Best value: 0.581012:  48%|████▊     | 19/40 [51:27<41:57, 119.90s/it]Best trial: 50. Best value: 0.581012:  48%|████▊     | 19/40 [51:27<41:57, 119.90s/it]Best trial: 50. Best value: 0.581012:  50%|█████     | 20/40 [51:27<40:27, 121.36s/it]                                                                                      Best trial: 50. Best value: 0.581012:  50%|█████     | 20/40 [54:39<40:27, 121.36s/it]Best trial: 50. Best value: 0.581012:  50%|█████     | 20/40 [54:39<40:27, 121.36s/it]Best trial: 50. Best value: 0.581012:  52%|█████▎    | 21/40 [54:39<45:08, 142.57s/it]                                                                                      Best trial: 50. Best value: 0.581012:  52%|█████▎    | 21/40 [57:00<45:08, 142.57s/it]Best trial: 50. Best value: 0.581012:  52%|█████▎    | 21/40 [57:00<45:08, 142.57s/it]Best trial: 50. Best value: 0.581012:  55%|█████▌    | 22/40 [57:00<42:39, 142.19s/it]                                                                                      Best trial: 50. Best value: 0.581012:  55%|█████▌    | 22/40 [59:32<42:39, 142.19s/it]Best trial: 50. Best value: 0.581012:  55%|█████▌    | 22/40 [59:32<42:39, 142.19s/it]Best trial: 50. Best value: 0.581012:  57%|█████▊    | 23/40 [59:32<41:04, 144.99s/it]                                                                                      Best trial: 50. Best value: 0.581012:  57%|█████▊    | 23/40 [1:01:31<41:04, 144.99s/it]Best trial: 50. Best value: 0.581012:  57%|█████▊    | 23/40 [1:01:31<41:04, 144.99s/it]Best trial: 50. Best value: 0.581012:  60%|██████    | 24/40 [1:01:31<36:36, 137.31s/it]                                                                                        [I 2024-12-29 07:28:20,713] Trial 40 finished with value: 0.4459128950643813 and parameters: {'lr': 0.0006160919976660442, 'decay': 1.0287365224943738e-05, 'batch_size': 64, 'nheads': 4, 'project_to': 32, 'hidden_size': 32, 'num_layers': 1, 'dropout': 0.29224988349346687, 'aug_choice': 6}. Best is trial 2 with value: 0.5229890061888663.
[I 2024-12-29 07:29:45,203] Trial 41 finished with value: 0.3494906281645585 and parameters: {'lr': 0.0010137974322082977, 'decay': 3.274885718742013e-05, 'batch_size': 128, 'nheads': 4, 'project_to': 32, 'hidden_size': 32, 'num_layers': 1, 'dropout': 0.26611720220137497, 'aug_choice': 6}. Best is trial 2 with value: 0.5229890061888663.
[I 2024-12-29 07:32:30,484] Trial 42 finished with value: 0.505368548817518 and parameters: {'lr': 0.002179974280866217, 'decay': 1.7555907643068503e-05, 'batch_size': 128, 'nheads': 2, 'project_to': 64, 'hidden_size': 32, 'num_layers': 3, 'dropout': 0.21399042757619288, 'aug_choice': 7}. Best is trial 2 with value: 0.5229890061888663.
[I 2024-12-29 07:35:49,252] Trial 43 finished with value: 0.47525477369031693 and parameters: {'lr': 0.003238492159198865, 'decay': 1.6145707388413185e-05, 'batch_size': 128, 'nheads': 4, 'project_to': 128, 'hidden_size': 32, 'num_layers': 2, 'dropout': 0.21645547786917427, 'aug_choice': 7}. Best is trial 2 with value: 0.5229890061888663.
[I 2024-12-29 07:38:34,059] Trial 44 finished with value: 0.5010596503848139 and parameters: {'lr': 0.007393448763170516, 'decay': 1.5824265551336806e-05, 'batch_size': 128, 'nheads': 1, 'project_to': 32, 'hidden_size': 32, 'num_layers': 3, 'dropout': 0.14401079167000747, 'aug_choice': 7}. Best is trial 2 with value: 0.5229890061888663.
[I 2024-12-29 07:41:16,219] Trial 45 finished with value: 0.3905433612516333 and parameters: {'lr': 0.005453188814641848, 'decay': 5.453795800629943e-05, 'batch_size': 128, 'nheads': 4, 'project_to': 64, 'hidden_size': 32, 'num_layers': 2, 'dropout': 0.1862534808056115, 'aug_choice': 7}. Best is trial 2 with value: 0.5229890061888663.
[I 2024-12-29 07:45:11,847] Trial 46 finished with value: 0.37392109773173826 and parameters: {'lr': 0.0022918198022528415, 'decay': 2.20167382017026e-05, 'batch_size': 128, 'nheads': 2, 'project_to': 128, 'hidden_size': 64, 'num_layers': 1, 'dropout': 0.23343621005991247, 'aug_choice': 3}. Best is trial 2 with value: 0.5229890061888663.
[I 2024-12-29 07:47:01,345] Trial 47 finished with value: 0.5142821939364663 and parameters: {'lr': 0.0020285496616500474, 'decay': 2.9165908832349824e-05, 'batch_size': 128, 'nheads': 1, 'project_to': 64, 'hidden_size': 32, 'num_layers': 3, 'dropout': 0.406758304189507, 'aug_choice': 5}. Best is trial 2 with value: 0.5229890061888663.
[I 2024-12-29 07:49:50,599] Trial 48 finished with value: 0.3023997138220585 and parameters: {'lr': 0.003919863053352493, 'decay': 9.070249171381668e-05, 'batch_size': 128, 'nheads': 1, 'project_to': 64, 'hidden_size': 32, 'num_layers': 2, 'dropout': 0.44668100140147027, 'aug_choice': 1}. Best is trial 2 with value: 0.5229890061888663.
[I 2024-12-29 07:52:09,360] Trial 49 finished with value: 0.4853453356760432 and parameters: {'lr': 0.002077099581841183, 'decay': 2.567392247260221e-05, 'batch_size': 128, 'nheads': 4, 'project_to': 64, 'hidden_size': 32, 'num_layers': 3, 'dropout': 0.34589523732974675, 'aug_choice': 5}. Best is trial 2 with value: 0.5229890061888663.
[I 2024-12-29 07:55:11,934] Trial 50 finished with value: 0.581011910145976 and parameters: {'lr': 0.009439239435741228, 'decay': 4.538196616733881e-05, 'batch_size': 64, 'nheads': 2, 'project_to': 64, 'hidden_size': 32, 'num_layers': 3, 'dropout': 0.4142689105182811, 'aug_choice': 7}. Best is trial 50 with value: 0.581011910145976.
[I 2024-12-29 07:59:39,259] Trial 51 finished with value: 0.4784138201216496 and parameters: {'lr': 0.009573829335657306, 'decay': 5.428093775825578e-05, 'batch_size': 64, 'nheads': 2, 'project_to': 64, 'hidden_size': 32, 'num_layers': 3, 'dropout': 0.412714763885166, 'aug_choice': 7}. Best is trial 50 with value: 0.581011910145976.
[I 2024-12-29 08:03:00,885] Trial 52 finished with value: 0.38496895461994773 and parameters: {'lr': 0.0062439583026613465, 'decay': 1.5225622304891199e-05, 'batch_size': 64, 'nheads': 2, 'project_to': 64, 'hidden_size': 32, 'num_layers': 3, 'dropout': 0.469113918523081, 'aug_choice': 7}. Best is trial 50 with value: 0.581011910145976.
[I 2024-12-29 08:05:07,277] Trial 53 finished with value: 0.42323752960284483 and parameters: {'lr': 0.002829942341466771, 'decay': 4.507942646366916e-05, 'batch_size': 64, 'nheads': 2, 'project_to': 64, 'hidden_size': 32, 'num_layers': 3, 'dropout': 0.5284367104681101, 'aug_choice': 8}. Best is trial 50 with value: 0.581011910145976.
[I 2024-12-29 08:09:02,014] Trial 54 finished with value: 0.5467232398781412 and parameters: {'lr': 0.007189675689425433, 'decay': 1.2996541084530765e-05, 'batch_size': 64, 'nheads': 2, 'project_to': 64, 'hidden_size': 32, 'num_layers': 3, 'dropout': 0.3860170305334134, 'aug_choice': 7}. Best is trial 50 with value: 0.581011910145976.
[I 2024-12-29 08:11:36,882] Trial 55 finished with value: 0.5173266079028495 and parameters: {'lr': 0.007083350413932607, 'decay': 1.2917359080695918e-05, 'batch_size': 64, 'nheads': 2, 'project_to': 64, 'hidden_size': 32, 'num_layers': 3, 'dropout': 0.433343443986009, 'aug_choice': 5}. Best is trial 50 with value: 0.581011910145976.
[I 2024-12-29 08:13:25,063] Trial 56 finished with value: 0.4068786399613279 and parameters: {'lr': 0.006987071910960335, 'decay': 1.0602245217594615e-05, 'batch_size': 64, 'nheads': 2, 'project_to': 64, 'hidden_size': 32, 'num_layers': 3, 'dropout': 0.3852211327228757, 'aug_choice': 0}. Best is trial 50 with value: 0.581011910145976.
[I 2024-12-29 08:15:05,414] Trial 57 finished with value: 0.43732629690135943 and parameters: {'lr': 0.00937530177692161, 'decay': 1.3743921944095726e-05, 'batch_size': 64, 'nheads': 2, 'project_to': 32, 'hidden_size': 32, 'num_layers': 3, 'dropout': 0.4616468566424383, 'aug_choice': 6}. Best is trial 50 with value: 0.581011910145976.
[I 2024-12-29 08:16:14,054] Trial 58 finished with value: 0.38611172380668796 and parameters: {'lr': 0.004346136811681044, 'decay': 3.935293434219904e-05, 'batch_size': 64, 'nheads': 2, 'project_to': 64, 'hidden_size': 32, 'num_layers': 2, 'dropout': 0.43365347793441966, 'aug_choice': 4}. Best is trial 50 with value: 0.581011910145976.
[I 2024-12-29 08:18:18,827] Trial 59 finished with value: 0.44908804176657974 and parameters: {'lr': 0.005747957449002421, 'decay': 0.00011165139432548246, 'batch_size': 64, 'nheads': 2, 'project_to': 32, 'hidden_size': 32, 'num_layers': 3, 'dropout': 0.3596148710941138, 'aug_choice': 5}. Best is trial 50 with value: 0.581011910145976.
[I 2024-12-29 08:21:30,836] Trial 60 finished with value: 0.4840871540303135 and parameters: {'lr': 0.007215048458789455, 'decay': 0.0023396233888338573, 'batch_size': 64, 'nheads': 4, 'project_to': 64, 'hidden_size': 32, 'num_layers': 2, 'dropout': 0.3844031828816623, 'aug_choice': 7}. Best is trial 50 with value: 0.581011910145976.
[I 2024-12-29 08:23:52,145] Trial 61 finished with value: 0.4167618349583811 and parameters: {'lr': 0.003989438245115007, 'decay': 2.9190678710888157e-05, 'batch_size': 64, 'nheads': 1, 'project_to': 64, 'hidden_size': 32, 'num_layers': 3, 'dropout': 0.40913520960648836, 'aug_choice': 5}. Best is trial 50 with value: 0.581011910145976.
[I 2024-12-29 08:26:23,671] Trial 62 finished with value: 0.4030628782855515 and parameters: {'lr': 0.009994225006917764, 'decay': 1.3078711231233095e-05, 'batch_size': 64, 'nheads': 2, 'project_to': 64, 'hidden_size': 32, 'num_layers': 3, 'dropout': 0.43406271597020996, 'aug_choice': 5}. Best is trial 50 with value: 0.581011910145976.
