Best trial: 97. Best value: 0.577628:  73%|███████▎  | 110/150 [6:45:30<2:31:49, 227.74s/it]Best trial: 97. Best value: 0.577628:  73%|███████▎  | 110/150 [6:45:30<2:31:49, 227.74s/it]Best trial: 97. Best value: 0.577628:  74%|███████▍  | 111/150 [6:45:30<1:59:30, 183.86s/it]                                                                                            Best trial: 97. Best value: 0.577628:  74%|███████▍  | 111/150 [6:48:42<1:59:30, 183.86s/it]Best trial: 97. Best value: 0.577628:  74%|███████▍  | 111/150 [6:48:42<1:59:30, 183.86s/it]Best trial: 97. Best value: 0.577628:  75%|███████▍  | 112/150 [6:48:42<1:58:04, 186.43s/it]                                                                                            Best trial: 97. Best value: 0.577628:  75%|███████▍  | 112/150 [6:52:52<1:58:04, 186.43s/it]Best trial: 97. Best value: 0.577628:  75%|███████▍  | 112/150 [6:52:52<1:58:04, 186.43s/it]Best trial: 97. Best value: 0.577628:  75%|███████▌  | 113/150 [6:52:52<2:06:47, 205.60s/it]                                                                                            Best trial: 97. Best value: 0.577628:  75%|███████▌  | 113/150 [6:55:58<2:06:47, 205.60s/it]Best trial: 97. Best value: 0.577628:  75%|███████▌  | 113/150 [6:55:58<2:06:47, 205.60s/it]Best trial: 97. Best value: 0.577628:  76%|███████▌  | 114/150 [6:55:58<1:59:43, 199.55s/it]                                                                                            Best trial: 97. Best value: 0.577628:  76%|███████▌  | 114/150 [6:57:17<1:59:43, 199.55s/it]Best trial: 97. Best value: 0.577628:  76%|███████▌  | 114/150 [6:57:17<1:59:43, 199.55s/it]Best trial: 97. Best value: 0.577628:  77%|███████▋  | 115/150 [6:57:17<1:35:19, 163.41s/it]                                                                                            Best trial: 97. Best value: 0.577628:  77%|███████▋  | 115/150 [7:00:47<1:35:19, 163.41s/it]Best trial: 97. Best value: 0.577628:  77%|███████▋  | 115/150 [7:00:47<1:35:19, 163.41s/it]Best trial: 97. Best value: 0.577628:  77%|███████▋  | 116/150 [7:00:47<1:40:36, 177.54s/it]                                                                                            Best trial: 97. Best value: 0.577628:  77%|███████▋  | 116/150 [7:03:15<1:40:36, 177.54s/it]Best trial: 97. Best value: 0.577628:  77%|███████▋  | 116/150 [7:03:15<1:40:36, 177.54s/it]Best trial: 97. Best value: 0.577628:  78%|███████▊  | 117/150 [7:03:15<1:32:43, 168.60s/it]                                                                                            Best trial: 97. Best value: 0.577628:  78%|███████▊  | 117/150 [7:13:02<1:32:43, 168.60s/it]Best trial: 97. Best value: 0.577628:  78%|███████▊  | 117/150 [7:13:02<1:32:43, 168.60s/it]Best trial: 97. Best value: 0.577628:  79%|███████▊  | 118/150 [7:13:02<2:36:47, 293.98s/it]                                                                                            Best trial: 97. Best value: 0.577628:  79%|███████▊  | 118/150 [7:15:52<2:36:47, 293.98s/it]Best trial: 97. Best value: 0.577628:  79%|███████▊  | 118/150 [7:15:52<2:36:47, 293.98s/it]Best trial: 97. Best value: 0.577628:  79%|███████▉  | 119/150 [7:15:52<2:12:40, 256.80s/it]                                                                                            Best trial: 97. Best value: 0.577628:  79%|███████▉  | 119/150 [7:18:38<2:12:40, 256.80s/it]Best trial: 119. Best value: 0.607131:  79%|███████▉  | 119/150 [7:18:38<2:12:40, 256.80s/it]Best trial: 119. Best value: 0.607131:  80%|████████  | 120/150 [7:18:38<1:54:46, 229.55s/it]                                                                                             Best trial: 119. Best value: 0.607131:  80%|████████  | 120/150 [7:20:54<1:54:46, 229.55s/it]Best trial: 119. Best value: 0.607131:  80%|████████  | 120/150 [7:20:54<1:54:46, 229.55s/it]Best trial: 119. Best value: 0.607131:  81%|████████  | 121/150 [7:20:54<1:37:29, 201.69s/it]                                                                                             Best trial: 119. Best value: 0.607131:  81%|████████  | 121/150 [7:24:37<1:37:29, 201.69s/it]Best trial: 119. Best value: 0.607131:  81%|████████  | 121/150 [7:24:37<1:37:29, 201.69s/it]Best trial: 119. Best value: 0.607131:  81%|████████▏ | 122/150 [7:24:37<1:37:00, 207.86s/it]                                                                                             Best trial: 119. Best value: 0.607131:  81%|████████▏ | 122/150 [7:26:53<1:37:00, 207.86s/it]Best trial: 119. Best value: 0.607131:  81%|████████▏ | 122/150 [7:26:53<1:37:00, 207.86s/it]Best trial: 119. Best value: 0.607131:  82%|████████▏ | 123/150 [7:26:53<1:23:54, 186.47s/it]                                                                                             Best trial: 119. Best value: 0.607131:  82%|████████▏ | 123/150 [7:29:10<1:23:54, 186.47s/it]Best trial: 119. Best value: 0.607131:  82%|████████▏ | 123/150 [7:29:10<1:23:54, 186.47s/it]Best trial: 119. Best value: 0.607131:  83%|████████▎ | 124/150 [7:29:10<1:14:24, 171.70s/it]                                                                                             Best trial: 119. Best value: 0.607131:  83%|████████▎ | 124/150 [7:31:29<1:14:24, 171.70s/it]Best trial: 119. Best value: 0.607131:  83%|████████▎ | 124/150 [7:31:29<1:14:24, 171.70s/it]Best trial: 119. Best value: 0.607131:  83%|████████▎ | 125/150 [7:31:29<1:07:23, 161.74s/it]                                                                                             Best trial: 119. Best value: 0.607131:  83%|████████▎ | 125/150 [7:35:08<1:07:23, 161.74s/it]Best trial: 119. Best value: 0.607131:  83%|████████▎ | 125/150 [7:35:08<1:07:23, 161.74s/it]Best trial: 119. Best value: 0.607131:  84%|████████▍ | 126/150 [7:35:08<1:11:36, 179.01s/it]                                                                                             Best trial: 119. Best value: 0.607131:  84%|████████▍ | 126/150 [7:41:37<1:11:36, 179.01s/it]Best trial: 119. Best value: 0.607131:  84%|████████▍ | 126/150 [7:41:37<1:11:36, 179.01s/it]Best trial: 119. Best value: 0.607131:  85%|████████▍ | 127/150 [7:41:37<1:32:42, 241.85s/it]                                                                                             Best trial: 119. Best value: 0.607131:  85%|████████▍ | 127/150 [7:43:27<1:32:42, 241.85s/it]Best trial: 119. Best value: 0.607131:  85%|████████▍ | 127/150 [7:43:27<1:32:42, 241.85s/it]Best trial: 119. Best value: 0.607131:  85%|████████▌ | 128/150 [7:43:27<1:14:10, 202.28s/it]                                                                                             Best trial: 119. Best value: 0.607131:  85%|████████▌ | 128/150 [7:46:57<1:14:10, 202.28s/it]Best trial: 119. Best value: 0.607131:  85%|████████▌ | 128/150 [7:46:57<1:14:10, 202.28s/it]Best trial: 119. Best value: 0.607131:  86%|████████▌ | 129/150 [7:46:57<1:11:37, 204.64s/it]                                                                                             Best trial: 119. Best value: 0.607131:  86%|████████▌ | 129/150 [7:52:28<1:11:37, 204.64s/it]Best trial: 119. Best value: 0.607131:  86%|████████▌ | 129/150 [7:52:28<1:11:37, 204.64s/it]Best trial: 119. Best value: 0.607131:  87%|████████▋ | 130/150 [7:52:28<1:20:53, 242.69s/it]                                                                                             Best trial: 119. Best value: 0.607131:  87%|████████▋ | 130/150 [7:57:40<1:20:53, 242.69s/it]Best trial: 119. Best value: 0.607131:  87%|████████▋ | 130/150 [7:57:40<1:20:53, 242.69s/it]Best trial: 119. Best value: 0.607131:  87%|████████▋ | 131/150 [7:57:40<1:23:25, 263.44s/it]                                                                                             Best trial: 119. Best value: 0.607131:  87%|████████▋ | 131/150 [8:03:37<1:23:25, 263.44s/it]Best trial: 119. Best value: 0.607131:  87%|████████▋ | 131/150 [8:03:37<1:23:25, 263.44s/it]Best trial: 119. Best value: 0.607131:  88%|████████▊ | 132/150 [8:03:37<1:27:24, 291.35s/it]                                                                                             [I 2025-01-03 07:43:12,764] Trial 110 finished with value: 0.5109324358605074 and parameters: {'lr': 0.001479172425777306, 'decay': 0.0003379628662346233, 'batch_size': 64, 'nheads': 2, 'project_to': 64, 'hidden_size': 32, 'num_layers': 2, 'dropout': 0.1784603264311411, 'alpha': 1.0143658612624498, 'aug_choice': 6}. Best is trial 97 with value: 0.5776284715954992.
[I 2025-01-03 07:46:25,205] Trial 111 finished with value: 0.48363200935254586 and parameters: {'lr': 0.008137309059985076, 'decay': 0.0004994373385332565, 'batch_size': 64, 'nheads': 4, 'project_to': 128, 'hidden_size': 32, 'num_layers': 1, 'dropout': 0.14702426487542508, 'alpha': 0.7843698443470773, 'aug_choice': 7}. Best is trial 97 with value: 0.5776284715954992.
[I 2025-01-03 07:50:35,515] Trial 112 finished with value: 0.5177202786669121 and parameters: {'lr': 0.007561079279435391, 'decay': 0.003928756256668868, 'batch_size': 64, 'nheads': 4, 'project_to': 128, 'hidden_size': 32, 'num_layers': 1, 'dropout': 0.16773261230659087, 'alpha': 0.7149972757851537, 'aug_choice': 7}. Best is trial 97 with value: 0.5776284715954992.
[I 2025-01-03 07:53:40,946] Trial 113 finished with value: 0.4621146912259178 and parameters: {'lr': 0.009063008698483376, 'decay': 0.0005706215563206964, 'batch_size': 64, 'nheads': 1, 'project_to': 128, 'hidden_size': 32, 'num_layers': 1, 'dropout': 0.20000735911558065, 'alpha': 0.2441935122091955, 'aug_choice': 1}. Best is trial 97 with value: 0.5776284715954992.
[I 2025-01-03 07:55:00,052] Trial 114 finished with value: 0.5034624479918459 and parameters: {'lr': 0.004010341957855178, 'decay': 0.0009557891957212001, 'batch_size': 64, 'nheads': 2, 'project_to': 128, 'hidden_size': 32, 'num_layers': 1, 'dropout': 0.11755704668551459, 'alpha': 0.6782729716474026, 'aug_choice': 4}. Best is trial 97 with value: 0.5776284715954992.
[I 2025-01-03 07:58:30,546] Trial 115 finished with value: 0.48801277632596435 and parameters: {'lr': 0.0070922083666312774, 'decay': 0.0020071087840992196, 'batch_size': 128, 'nheads': 4, 'project_to': 128, 'hidden_size': 128, 'num_layers': 1, 'dropout': 0.4334086509448022, 'alpha': 0.4424369692327833, 'aug_choice': 7}. Best is trial 97 with value: 0.5776284715954992.
[I 2025-01-03 08:00:58,280] Trial 116 finished with value: 0.5202816743204906 and parameters: {'lr': 0.0031991410016568096, 'decay': 0.0006641639047644203, 'batch_size': 128, 'nheads': 2, 'project_to': 128, 'hidden_size': 32, 'num_layers': 1, 'dropout': 0.13467089834625595, 'alpha': 0.8185573169829746, 'aug_choice': 8}. Best is trial 97 with value: 0.5776284715954992.
[I 2025-01-03 08:10:44,831] Trial 117 finished with value: 0.538947089240881 and parameters: {'lr': 0.0048658662208141915, 'decay': 0.006223607037119028, 'batch_size': 64, 'nheads': 1, 'project_to': 128, 'hidden_size': 32, 'num_layers': 2, 'dropout': 0.45598858796638875, 'alpha': 0.5476473390794776, 'aug_choice': 3}. Best is trial 97 with value: 0.5776284715954992.
[I 2025-01-03 08:13:34,886] Trial 118 finished with value: 0.44919071034679275 and parameters: {'lr': 0.005671318612069557, 'decay': 0.0001530860574041879, 'batch_size': 128, 'nheads': 4, 'project_to': 64, 'hidden_size': 32, 'num_layers': 1, 'dropout': 0.5343812600454502, 'alpha': 0.9234819679740406, 'aug_choice': 7}. Best is trial 97 with value: 0.5776284715954992.
[I 2025-01-03 08:16:20,829] Trial 119 finished with value: 0.6071307273025635 and parameters: {'lr': 0.000804370013209952, 'decay': 0.00017922305124646383, 'batch_size': 128, 'nheads': 2, 'project_to': 128, 'hidden_size': 32, 'num_layers': 2, 'dropout': 0.1881595607248605, 'alpha': 0.8644835029232685, 'aug_choice': 2}. Best is trial 119 with value: 0.6071307273025635.
[I 2025-01-03 08:18:37,529] Trial 120 finished with value: 0.5068043886948163 and parameters: {'lr': 0.000765348288387151, 'decay': 0.0001793867936346427, 'batch_size': 64, 'nheads': 2, 'project_to': 128, 'hidden_size': 32, 'num_layers': 2, 'dropout': 0.3825236054102661, 'alpha': 0.853237356456948, 'aug_choice': 2}. Best is trial 119 with value: 0.6071307273025635.
[I 2025-01-03 08:22:19,781] Trial 121 finished with value: 0.37681554655220656 and parameters: {'lr': 1.5433246851362843e-05, 'decay': 9.550864318850608e-05, 'batch_size': 128, 'nheads': 2, 'project_to': 128, 'hidden_size': 32, 'num_layers': 2, 'dropout': 0.18356500833370915, 'alpha': 0.10043854373931059, 'aug_choice': 2}. Best is trial 119 with value: 0.6071307273025635.
[I 2025-01-03 08:24:36,351] Trial 122 finished with value: 0.5381393289015038 and parameters: {'lr': 0.0009320762321922532, 'decay': 0.0002565642087861755, 'batch_size': 128, 'nheads': 2, 'project_to': 128, 'hidden_size': 32, 'num_layers': 2, 'dropout': 0.1578684034291067, 'alpha': 0.9025171068499244, 'aug_choice': 5}. Best is trial 119 with value: 0.6071307273025635.
[I 2025-01-03 08:26:53,591] Trial 123 finished with value: 0.47695370681419325 and parameters: {'lr': 0.0010855868154236595, 'decay': 0.00010930181670441536, 'batch_size': 128, 'nheads': 2, 'project_to': 128, 'hidden_size': 32, 'num_layers': 2, 'dropout': 0.22276300874602062, 'alpha': 0.8780166070741346, 'aug_choice': 2}. Best is trial 119 with value: 0.6071307273025635.
[I 2025-01-03 08:29:12,087] Trial 124 finished with value: 0.49326199582470664 and parameters: {'lr': 0.0006174931770849497, 'decay': 0.00042849644066546413, 'batch_size': 128, 'nheads': 2, 'project_to': 128, 'hidden_size': 32, 'num_layers': 2, 'dropout': 0.20582749568997982, 'alpha': 0.7743689395901007, 'aug_choice': 2}. Best is trial 119 with value: 0.6071307273025635.
[I 2025-01-03 08:32:51,407] Trial 125 finished with value: 0.5476927920538608 and parameters: {'lr': 0.008096325852913422, 'decay': 0.0003291070206179826, 'batch_size': 128, 'nheads': 2, 'project_to': 128, 'hidden_size': 32, 'num_layers': 2, 'dropout': 0.1413264075598033, 'alpha': 0.7452892851389079, 'aug_choice': 7}. Best is trial 119 with value: 0.6071307273025635.
[I 2025-01-03 08:39:19,886] Trial 126 finished with value: 0.4871951506923242 and parameters: {'lr': 0.00970994690516115, 'decay': 0.0007089041936624687, 'batch_size': 128, 'nheads': 1, 'project_to': 128, 'hidden_size': 32, 'num_layers': 2, 'dropout': 0.19463325181847693, 'alpha': 0.8088117642690584, 'aug_choice': 3}. Best is trial 119 with value: 0.6071307273025635.
[I 2025-01-03 08:41:09,829] Trial 127 finished with value: 0.503598700716718 and parameters: {'lr': 0.0018681145322536831, 'decay': 0.004918857840895584, 'batch_size': 128, 'nheads': 4, 'project_to': 128, 'hidden_size': 32, 'num_layers': 2, 'dropout': 0.10192550435775909, 'alpha': 0.8474451603449425, 'aug_choice': 0}. Best is trial 119 with value: 0.6071307273025635.
[I 2025-01-03 08:44:39,978] Trial 128 finished with value: 0.46773437638451404 and parameters: {'lr': 0.006609141616524529, 'decay': 0.0004905882859183549, 'batch_size': 64, 'nheads': 2, 'project_to': 64, 'hidden_size': 32, 'num_layers': 2, 'dropout': 0.24320686419837528, 'alpha': 0.20175260318489982, 'aug_choice': 7}. Best is trial 119 with value: 0.6071307273025635.
[I 2025-01-03 08:50:11,437] Trial 129 finished with value: 0.5724017166268106 and parameters: {'lr': 0.0008260000613401203, 'decay': 0.0032687273743412853, 'batch_size': 128, 'nheads': 2, 'project_to': 128, 'hidden_size': 32, 'num_layers': 1, 'dropout': 0.17270114939271333, 'alpha': 0.9596071928187576, 'aug_choice': 3}. Best is trial 119 with value: 0.6071307273025635.
[I 2025-01-03 08:55:23,317] Trial 130 finished with value: 0.5143314971847965 and parameters: {'lr': 0.0007932489939665837, 'decay': 0.002573860944307655, 'batch_size': 128, 'nheads': 2, 'project_to': 128, 'hidden_size': 32, 'num_layers': 1, 'dropout': 0.16347836624872492, 'alpha': 0.9636032769570935, 'aug_choice': 3}. Best is trial 119 with value: 0.6071307273025635.
