[I 2024-12-29 01:12:10,650] Trial 4 finished with value: 0.2891603451267383 and parameters: {'lr': 1.894612831351525e-05, 'decay': 0.00018648766254646178, 'batch_size': 128, 'nheads': 4, 'project_to': 64, 'hidden_size': 128, 'num_layers': 1, 'dropout': 0.3924353629375341, 'aug_choice': 0}. Best is trial 3 with value: 0.48114795337162725.
[I 2024-12-29 01:14:15,953] Trial 5 finished with value: 0.4943826345177581 and parameters: {'lr': 0.004162845574204842, 'decay': 3.262013868890465e-05, 'batch_size': 64, 'nheads': 1, 'project_to': 64, 'hidden_size': 32, 'num_layers': 1, 'dropout': 0.265951753618095, 'aug_choice': 8}. Best is trial 5 with value: 0.4943826345177581.
[I 2024-12-29 01:18:01,872] Trial 6 finished with value: 0.5067163407760282 and parameters: {'lr': 0.00022879136035162208, 'decay': 0.00549724724920258, 'batch_size': 128, 'nheads': 1, 'project_to': 32, 'hidden_size': 32, 'num_layers': 3, 'dropout': 0.22077531845324988, 'aug_choice': 5}. Best is trial 6 with value: 0.5067163407760282.
[I 2024-12-29 01:20:46,830] Trial 7 finished with value: 0.47638470136700656 and parameters: {'lr': 0.0010514511534666915, 'decay': 0.0004305760888994024, 'batch_size': 128, 'nheads': 2, 'project_to': 128, 'hidden_size': 32, 'num_layers': 2, 'dropout': 0.46507503643568293, 'aug_choice': 7}. Best is trial 6 with value: 0.5067163407760282.
[I 2024-12-29 01:23:06,867] Trial 8 finished with value: 0.49829433704818354 and parameters: {'lr': 0.009561577719092563, 'decay': 0.005674551257224575, 'batch_size': 128, 'nheads': 4, 'project_to': 64, 'hidden_size': 32, 'num_layers': 1, 'dropout': 0.3626751287333104, 'aug_choice': 8}. Best is trial 6 with value: 0.5067163407760282.
[I 2024-12-29 01:34:37,802] Trial 9 finished with value: 0.41744040236467733 and parameters: {'lr': 2.892698993766718e-05, 'decay': 2.0433534585911395e-05, 'batch_size': 128, 'nheads': 4, 'project_to': 32, 'hidden_size': 32, 'num_layers': 3, 'dropout': 0.3338806157221903, 'aug_choice': 3}. Best is trial 6 with value: 0.5067163407760282.
[I 2024-12-29 01:36:44,492] Trial 10 finished with value: 0.5309681888374381 and parameters: {'lr': 0.000540209679958012, 'decay': 0.0013944125598098582, 'batch_size': 64, 'nheads': 1, 'project_to': 32, 'hidden_size': 128, 'num_layers': 3, 'dropout': 0.11718774181096181, 'aug_choice': 5}. Best is trial 10 with value: 0.5309681888374381.
[I 2024-12-29 01:38:53,913] Trial 11 finished with value: 0.5607524841405531 and parameters: {'lr': 0.0004947816876992395, 'decay': 0.0016513287472267207, 'batch_size': 64, 'nheads': 1, 'project_to': 32, 'hidden_size': 128, 'num_layers': 3, 'dropout': 0.10504302230015411, 'aug_choice': 5}. Best is trial 11 with value: 0.5607524841405531.
[I 2024-12-29 01:40:56,002] Trial 12 finished with value: 0.5457167694837899 and parameters: {'lr': 0.0007999220661765531, 'decay': 0.0011916267336395882, 'batch_size': 64, 'nheads': 1, 'project_to': 32, 'hidden_size': 128, 'num_layers': 2, 'dropout': 0.10737632330330994, 'aug_choice': 5}. Best is trial 11 with value: 0.5607524841405531.
[I 2024-12-29 01:42:46,369] Trial 13 finished with value: 0.5451927917804773 and parameters: {'lr': 0.0015108206844541626, 'decay': 0.0010476460079126564, 'batch_size': 64, 'nheads': 1, 'project_to': 32, 'hidden_size': 128, 'num_layers': 2, 'dropout': 0.23895838253553467, 'aug_choice': 5}. Best is trial 11 with value: 0.5607524841405531.
[I 2024-12-29 01:44:13,908] Trial 14 finished with value: 0.5381176686545797 and parameters: {'lr': 0.0005667557104399368, 'decay': 0.0015699107179228333, 'batch_size': 64, 'nheads': 1, 'project_to': 32, 'hidden_size': 128, 'num_layers': 2, 'dropout': 0.10261679830694986, 'aug_choice': 4}. Best is trial 11 with value: 0.5607524841405531.
[I 2024-12-29 01:46:19,062] Trial 15 finished with value: 0.5484398249482993 and parameters: {'lr': 0.0021813822692466575, 'decay': 0.0005694347331993359, 'batch_size': 64, 'nheads': 1, 'project_to': 32, 'hidden_size': 128, 'num_layers': 2, 'dropout': 0.19989279324755221, 'aug_choice': 2}. Best is trial 11 with value: 0.5607524841405531.
[I 2024-12-29 01:48:32,829] Trial 16 finished with value: 0.5258912625439495 and parameters: {'lr': 0.0018063735530002127, 'decay': 0.00010377348758585614, 'batch_size': 64, 'nheads': 1, 'project_to': 128, 'hidden_size': 128, 'num_layers': 2, 'dropout': 0.19939226097070004, 'aug_choice': 2}. Best is trial 11 with value: 0.5607524841405531.
[I 2024-12-29 01:50:52,288] Trial 17 finished with value: 0.5442041783475949 and parameters: {'lr': 0.002831069256222638, 'decay': 0.0004611544167154593, 'batch_size': 64, 'nheads': 1, 'project_to': 32, 'hidden_size': 128, 'num_layers': 3, 'dropout': 0.29990985294883704, 'aug_choice': 2}. Best is trial 11 with value: 0.5607524841405531.
[I 2024-12-29 01:54:41,733] Trial 18 finished with value: 0.5098834856676708 and parameters: {'lr': 0.000219737633143822, 'decay': 0.002944551841997593, 'batch_size': 64, 'nheads': 2, 'project_to': 32, 'hidden_size': 128, 'num_layers': 2, 'dropout': 0.17565224616727484, 'aug_choice': 1}. Best is trial 11 with value: 0.5607524841405531.
[I 2024-12-29 01:56:41,657] Trial 19 finished with value: 0.4698716360529739 and parameters: {'lr': 0.0032393620358364193, 'decay': 0.00011588071832249093, 'batch_size': 64, 'nheads': 4, 'project_to': 128, 'hidden_size': 128, 'num_layers': 3, 'dropout': 0.17066239272856873, 'aug_choice': 6}. Best is trial 11 with value: 0.5607524841405531.
[I 2024-12-29 01:59:31,135] Trial 20 finished with value: 0.5388333849045382 and parameters: {'lr': 0.00010550670188744789, 'decay': 0.0006654444358230172, 'batch_size': 64, 'nheads': 1, 'project_to': 32, 'hidden_size': 128, 'num_layers': 2, 'dropout': 0.46255250643685286, 'aug_choice': 2}. Best is trial 11 with value: 0.5607524841405531.
[I 2024-12-29 02:01:49,881] Trial 21 finished with value: 0.5101398590921455 and parameters: {'lr': 0.0006383185037316997, 'decay': 0.002115159662329843, 'batch_size': 64, 'nheads': 1, 'project_to': 32, 'hidden_size': 128, 'num_layers': 2, 'dropout': 0.1021715537491156, 'aug_choice': 5}. Best is trial 11 with value: 0.5607524841405531.
[I 2024-12-29 02:03:53,663] Trial 22 finished with value: 0.5430374164926345 and parameters: {'lr': 0.0003440613444932431, 'decay': 0.0009793789800408774, 'batch_size': 64, 'nheads': 1, 'project_to': 32, 'hidden_size': 128, 'num_layers': 2, 'dropout': 0.1632748256210242, 'aug_choice': 5}. Best is trial 11 with value: 0.5607524841405531.
[I 2024-12-29 02:06:57,009] Trial 23 finished with value: 0.462658934404574 and parameters: {'lr': 0.0012877660593654853, 'decay': 0.0027275269733247616, 'batch_size': 64, 'nheads': 1, 'project_to': 32, 'hidden_size': 128, 'num_layers': 2, 'dropout': 0.28578302084432633, 'aug_choice': 1}. Best is trial 11 with value: 0.5607524841405531.
Best trial: 11. Best value: 0.560752:  60%|██████    | 24/40 [1:25:15<41:27, 155.45s/it]Best trial: 11. Best value: 0.560752:  60%|██████    | 24/40 [1:25:15<41:27, 155.45s/it]Best trial: 11. Best value: 0.560752:  62%|██████▎   | 25/40 [1:25:15<33:14, 132.98s/it]                                                                                        Best trial: 11. Best value: 0.560752:  62%|██████▎   | 25/40 [1:26:45<33:14, 132.98s/it]Best trial: 11. Best value: 0.560752:  62%|██████▎   | 25/40 [1:26:45<33:14, 132.98s/it]Best trial: 11. Best value: 0.560752:  65%|██████▌   | 26/40 [1:26:45<28:02, 120.21s/it]                                                                                        Best trial: 11. Best value: 0.560752:  65%|██████▌   | 26/40 [1:29:02<28:02, 120.21s/it]Best trial: 11. Best value: 0.560752:  65%|██████▌   | 26/40 [1:29:02<28:02, 120.21s/it]Best trial: 11. Best value: 0.560752:  68%|██████▊   | 27/40 [1:29:02<27:09, 125.36s/it]                                                                                        Best trial: 11. Best value: 0.560752:  68%|██████▊   | 27/40 [1:31:21<27:09, 125.36s/it]Best trial: 27. Best value: 0.567417:  68%|██████▊   | 27/40 [1:31:21<27:09, 125.36s/it]Best trial: 27. Best value: 0.567417:  70%|███████   | 28/40 [1:31:21<25:50, 129.20s/it]                                                                                        Best trial: 27. Best value: 0.567417:  70%|███████   | 28/40 [1:33:56<25:50, 129.20s/it]Best trial: 27. Best value: 0.567417:  70%|███████   | 28/40 [1:33:56<25:50, 129.20s/it]Best trial: 27. Best value: 0.567417:  72%|███████▎  | 29/40 [1:33:56<25:07, 137.02s/it]                                                                                        Best trial: 27. Best value: 0.567417:  72%|███████▎  | 29/40 [1:36:14<25:07, 137.02s/it]Best trial: 29. Best value: 0.579505:  72%|███████▎  | 29/40 [1:36:14<25:07, 137.02s/it]Best trial: 29. Best value: 0.579505:  75%|███████▌  | 30/40 [1:36:14<22:53, 137.32s/it]                                                                                        Best trial: 29. Best value: 0.579505:  75%|███████▌  | 30/40 [1:37:58<22:53, 137.32s/it]Best trial: 29. Best value: 0.579505:  75%|███████▌  | 30/40 [1:37:58<22:53, 137.32s/it]Best trial: 29. Best value: 0.579505:  78%|███████▊  | 31/40 [1:37:58<19:07, 127.48s/it]                                                                                        Best trial: 29. Best value: 0.579505:  78%|███████▊  | 31/40 [1:41:11<19:07, 127.48s/it]Best trial: 29. Best value: 0.579505:  78%|███████▊  | 31/40 [1:41:11<19:07, 127.48s/it]Best trial: 29. Best value: 0.579505:  80%|████████  | 32/40 [1:41:11<19:35, 146.94s/it]                                                                                        Best trial: 29. Best value: 0.579505:  80%|████████  | 32/40 [1:43:20<19:35, 146.94s/it]Best trial: 29. Best value: 0.579505:  80%|████████  | 32/40 [1:43:20<19:35, 146.94s/it]Best trial: 29. Best value: 0.579505:  82%|████████▎ | 33/40 [1:43:20<16:30, 141.55s/it]                                                                                        Best trial: 29. Best value: 0.579505:  82%|████████▎ | 33/40 [1:45:48<16:30, 141.55s/it]Best trial: 29. Best value: 0.579505:  82%|████████▎ | 33/40 [1:45:48<16:30, 141.55s/it]Best trial: 29. Best value: 0.579505:  85%|████████▌ | 34/40 [1:45:48<14:20, 143.46s/it]                                                                                        Best trial: 29. Best value: 0.579505:  85%|████████▌ | 34/40 [1:48:00<14:20, 143.46s/it]Best trial: 29. Best value: 0.579505:  85%|████████▌ | 34/40 [1:48:00<14:20, 143.46s/it]Best trial: 29. Best value: 0.579505:  88%|████████▊ | 35/40 [1:48:00<11:41, 140.26s/it]                                                                                        Best trial: 29. Best value: 0.579505:  88%|████████▊ | 35/40 [1:49:49<11:41, 140.26s/it]Best trial: 29. Best value: 0.579505:  88%|████████▊ | 35/40 [1:49:49<11:41, 140.26s/it]Best trial: 29. Best value: 0.579505:  90%|█████████ | 36/40 [1:49:49<08:43, 130.76s/it]                                                                                        Best trial: 29. Best value: 0.579505:  90%|█████████ | 36/40 [1:53:51<08:43, 130.76s/it]Best trial: 29. Best value: 0.579505:  90%|█████████ | 36/40 [1:53:51<08:43, 130.76s/it]Best trial: 29. Best value: 0.579505:  92%|█████████▎| 37/40 [1:53:51<08:12, 164.08s/it]                                                                                        Best trial: 29. Best value: 0.579505:  92%|█████████▎| 37/40 [1:58:09<08:12, 164.08s/it]Best trial: 29. Best value: 0.579505:  92%|█████████▎| 37/40 [1:58:09<08:12, 164.08s/it]Best trial: 29. Best value: 0.579505:  95%|█████████▌| 38/40 [1:58:09<06:24, 192.24s/it]                                                                                        Best trial: 29. Best value: 0.579505:  95%|█████████▌| 38/40 [2:00:56<06:24, 192.24s/it]Best trial: 29. Best value: 0.579505:  95%|█████████▌| 38/40 [2:00:56<06:24, 192.24s/it]Best trial: 29. Best value: 0.579505:  98%|█████████▊| 39/40 [2:00:56<03:04, 184.84s/it]                                                                                        Best trial: 29. Best value: 0.579505:  98%|█████████▊| 39/40 [2:03:20<03:04, 184.84s/it]Best trial: 29. Best value: 0.579505:  98%|█████████▊| 39/40 [2:03:20<03:04, 184.84s/it]Best trial: 29. Best value: 0.579505: 100%|██████████| 40/40 [2:03:20<00:00, 172.59s/it]Best trial: 29. Best value: 0.579505: 100%|██████████| 40/40 [2:03:20<00:00, 185.02s/it]
[I 2024-12-29 02:08:17,561] Trial 24 finished with value: 0.42907926391962753 and parameters: {'lr': 0.0007842401572264227, 'decay': 0.0008130207450052884, 'batch_size': 64, 'nheads': 1, 'project_to': 32, 'hidden_size': 128, 'num_layers': 2, 'dropout': 0.21958970134314015, 'aug_choice': 6}. Best is trial 11 with value: 0.5607524841405531.
[I 2024-12-29 02:09:47,984] Trial 25 finished with value: 0.49655934176165395 and parameters: {'lr': 0.0003636471846801951, 'decay': 0.0004765923240068636, 'batch_size': 64, 'nheads': 1, 'project_to': 32, 'hidden_size': 128, 'num_layers': 1, 'dropout': 0.14883434144961513, 'aug_choice': 4}. Best is trial 11 with value: 0.5607524841405531.
[I 2024-12-29 02:12:05,377] Trial 26 finished with value: 0.5118120973575041 and parameters: {'lr': 0.002285493875826879, 'decay': 0.003668514586263124, 'batch_size': 64, 'nheads': 1, 'project_to': 32, 'hidden_size': 128, 'num_layers': 3, 'dropout': 0.18996083577229028, 'aug_choice': 2}. Best is trial 11 with value: 0.5607524841405531.
[I 2024-12-29 02:14:23,529] Trial 27 finished with value: 0.5674165258599355 and parameters: {'lr': 0.003936863089204852, 'decay': 0.001622918297192629, 'batch_size': 64, 'nheads': 1, 'project_to': 32, 'hidden_size': 128, 'num_layers': 2, 'dropout': 0.25943151140775034, 'aug_choice': 5}. Best is trial 27 with value: 0.5674165258599355.
[I 2024-12-29 02:16:58,793] Trial 28 finished with value: 0.48885283907747795 and parameters: {'lr': 0.00513752084961952, 'decay': 0.0018833196187544655, 'batch_size': 64, 'nheads': 4, 'project_to': 64, 'hidden_size': 64, 'num_layers': 3, 'dropout': 0.3229102828554883, 'aug_choice': 5}. Best is trial 27 with value: 0.5674165258599355.
[I 2024-12-29 02:19:16,812] Trial 29 finished with value: 0.5795048777711699 and parameters: {'lr': 0.004601319418056465, 'decay': 0.009858800947118612, 'batch_size': 64, 'nheads': 2, 'project_to': 128, 'hidden_size': 128, 'num_layers': 1, 'dropout': 0.2560074327445531, 'aug_choice': 2}. Best is trial 29 with value: 0.5795048777711699.
[I 2024-12-29 02:21:01,319] Trial 30 finished with value: 0.46913847977526946 and parameters: {'lr': 0.005239747900499072, 'decay': 0.008963426176122415, 'batch_size': 64, 'nheads': 2, 'project_to': 128, 'hidden_size': 64, 'num_layers': 1, 'dropout': 0.2669295207705033, 'aug_choice': 0}. Best is trial 29 with value: 0.5795048777711699.
[I 2024-12-29 02:24:13,690] Trial 31 finished with value: 0.530162229523197 and parameters: {'lr': 0.005938509735565757, 'decay': 0.009597935575903677, 'batch_size': 64, 'nheads': 2, 'project_to': 128, 'hidden_size': 128, 'num_layers': 1, 'dropout': 0.2512353838347764, 'aug_choice': 2}. Best is trial 29 with value: 0.5795048777711699.
[I 2024-12-29 02:26:22,660] Trial 32 finished with value: 0.554565701385942 and parameters: {'lr': 0.0029789811998736106, 'decay': 0.00017519090046486314, 'batch_size': 64, 'nheads': 2, 'project_to': 128, 'hidden_size': 128, 'num_layers': 1, 'dropout': 0.2118242442025771, 'aug_choice': 2}. Best is trial 29 with value: 0.5795048777711699.
[I 2024-12-29 02:28:50,580] Trial 33 finished with value: 0.47391578216858354 and parameters: {'lr': 0.003637714313270695, 'decay': 0.0002178326262517719, 'batch_size': 64, 'nheads': 2, 'project_to': 128, 'hidden_size': 128, 'num_layers': 1, 'dropout': 0.42759013922527456, 'aug_choice': 7}. Best is trial 29 with value: 0.5795048777711699.
[I 2024-12-29 02:31:03,365] Trial 34 finished with value: 0.5488423039940209 and parameters: {'lr': 0.007069193563485742, 'decay': 9.240518930141754e-05, 'batch_size': 64, 'nheads': 2, 'project_to': 128, 'hidden_size': 64, 'num_layers': 1, 'dropout': 0.3116292439170071, 'aug_choice': 2}. Best is trial 29 with value: 0.5795048777711699.
[I 2024-12-29 02:32:51,973] Trial 35 finished with value: 0.483719213263611 and parameters: {'lr': 0.00966857308898232, 'decay': 5.530551157965851e-05, 'batch_size': 64, 'nheads': 2, 'project_to': 128, 'hidden_size': 128, 'num_layers': 1, 'dropout': 0.601516722656703, 'aug_choice': 0}. Best is trial 29 with value: 0.5795048777711699.
[I 2024-12-29 02:36:53,791] Trial 36 finished with value: 0.5291329142737933 and parameters: {'lr': 8.274265644064957e-05, 'decay': 0.0003104192311964088, 'batch_size': 128, 'nheads': 2, 'project_to': 128, 'hidden_size': 128, 'num_layers': 1, 'dropout': 0.6998059401772974, 'aug_choice': 5}. Best is trial 29 with value: 0.5795048777711699.
[I 2024-12-29 02:41:11,753] Trial 37 finished with value: 0.43068428935595315 and parameters: {'lr': 0.004226689531439388, 'decay': 0.00030160396398143814, 'batch_size': 64, 'nheads': 2, 'project_to': 128, 'hidden_size': 64, 'num_layers': 1, 'dropout': 0.14167348317059023, 'aug_choice': 3}. Best is trial 29 with value: 0.5795048777711699.
[I 2024-12-29 02:43:59,328] Trial 38 finished with value: 0.3761372433493312 and parameters: {'lr': 4.783339244164733e-05, 'decay': 0.00015238900128552418, 'batch_size': 64, 'nheads': 2, 'project_to': 64, 'hidden_size': 128, 'num_layers': 1, 'dropout': 0.2298295735640112, 'aug_choice': 8}. Best is trial 29 with value: 0.5795048777711699.
[I 2024-12-29 02:46:23,310] Trial 39 finished with value: 0.46133485405599534 and parameters: {'lr': 0.0010949016663665372, 'decay': 0.005841017011671323, 'batch_size': 128, 'nheads': 2, 'project_to': 128, 'hidden_size': 32, 'num_layers': 1, 'dropout': 0.36404277229583293, 'aug_choice': 2}. Best is trial 29 with value: 0.5795048777711699.

Optimization finished!
Best macro F1: 0.5795
Best hyperparameters:
    lr: 0.004601319418056465
    decay: 0.009858800947118612
    batch_size: 64
    nheads: 2
    project_to: 128
    hidden_size: 128
    num_layers: 1
    dropout: 0.2560074327445531
    aug_choice: 2
Fold 3: 0 trials completed, running 40 more trials...
[I 2024-12-29 02:46:25,790] A new study created in RDB with name: webcam_engagement_classifier
