[I 2024-12-25 23:23:51,722] Trial 23 finished with value: 0.5359851324531256 and parameters: {'lr': 0.00030868505278850046, 'decay': 0.0011530965962183706, 'batch_size': 64, 'nheads': 2, 'project_to': 128, 'hidden_size': 128, 'num_layers': 3, 'dropout': 0.18081912281627266, 'class_weights': False, 'aug_choice': 4}. Best is trial 13 with value: 0.5484386653482537.
[I 2024-12-25 23:25:20,930] Trial 24 finished with value: 0.5642033933866872 and parameters: {'lr': 0.0004172688709105408, 'decay': 0.0017821929403825762, 'batch_size': 64, 'nheads': 2, 'project_to': 128, 'hidden_size': 128, 'num_layers': 3, 'dropout': 0.18482242668825782, 'class_weights': False, 'aug_choice': 4}. Best is trial 24 with value: 0.5642033933866872.
[I 2024-12-25 23:30:49,761] Trial 25 finished with value: 0.5454164135480027 and parameters: {'lr': 0.00026186323013527096, 'decay': 0.002052677304300256, 'batch_size': 64, 'nheads': 2, 'project_to': 128, 'hidden_size': 128, 'num_layers': 3, 'dropout': 0.19818631654203, 'class_weights': False, 'aug_choice': 3}. Best is trial 24 with value: 0.5642033933866872.
[I 2024-12-25 23:35:56,884] Trial 26 finished with value: 0.45074936686346284 and parameters: {'lr': 0.00011354132435706279, 'decay': 0.002069380445447572, 'batch_size': 64, 'nheads': 2, 'project_to': 128, 'hidden_size': 128, 'num_layers': 3, 'dropout': 0.2036161185160714, 'class_weights': False, 'aug_choice': 3}. Best is trial 24 with value: 0.5642033933866872.
[I 2024-12-25 23:41:18,561] Trial 27 finished with value: 0.5646559566086383 and parameters: {'lr': 0.0015647162581181899, 'decay': 0.0034883322235056188, 'batch_size': 128, 'nheads': 2, 'project_to': 128, 'hidden_size': 32, 'num_layers': 2, 'dropout': 0.38110057872712455, 'class_weights': True, 'aug_choice': 3}. Best is trial 27 with value: 0.5646559566086383.
[I 2024-12-25 23:43:12,501] Trial 28 finished with value: 0.548637255580576 and parameters: {'lr': 0.002193633441793761, 'decay': 0.004666417602637499, 'batch_size': 128, 'nheads': 2, 'project_to': 128, 'hidden_size': 32, 'num_layers': 2, 'dropout': 0.36792837672067247, 'class_weights': True, 'aug_choice': 5}. Best is trial 27 with value: 0.5646559566086383.
[I 2024-12-25 23:45:21,009] Trial 29 finished with value: 0.537228794189165 and parameters: {'lr': 0.0017062863924022483, 'decay': 0.0042555689724534575, 'batch_size': 128, 'nheads': 2, 'project_to': 128, 'hidden_size': 32, 'num_layers': 2, 'dropout': 0.5574191832048715, 'class_weights': True, 'aug_choice': 5}. Best is trial 27 with value: 0.5646559566086383.
[I 2024-12-25 23:48:06,899] Trial 30 finished with value: 0.5466191069344388 and parameters: {'lr': 0.002668273496648006, 'decay': 0.004586529358345995, 'batch_size': 128, 'nheads': 2, 'project_to': 128, 'hidden_size': 32, 'num_layers': 2, 'dropout': 0.3828825020816132, 'class_weights': True, 'aug_choice': 5}. Best is trial 27 with value: 0.5646559566086383.
[I 2024-12-25 23:50:20,311] Trial 31 finished with value: 0.4846208399755488 and parameters: {'lr': 0.0009530762936164093, 'decay': 0.0036656770419090036, 'batch_size': 128, 'nheads': 2, 'project_to': 64, 'hidden_size': 32, 'num_layers': 2, 'dropout': 0.33425033135840543, 'class_weights': True, 'aug_choice': 8}. Best is trial 27 with value: 0.5646559566086383.
[I 2024-12-25 23:52:58,298] Trial 32 finished with value: 0.402595839733279 and parameters: {'lr': 0.0030039217192379354, 'decay': 0.0017019440621368117, 'batch_size': 128, 'nheads': 2, 'project_to': 128, 'hidden_size': 32, 'num_layers': 2, 'dropout': 0.2551855359917494, 'class_weights': True, 'aug_choice': 7}. Best is trial 27 with value: 0.5646559566086383.
[I 2024-12-25 23:55:02,200] Trial 33 finished with value: 0.527206658171047 and parameters: {'lr': 0.0005161800789216538, 'decay': 0.0027482561666565164, 'batch_size': 128, 'nheads': 2, 'project_to': 128, 'hidden_size': 32, 'num_layers': 1, 'dropout': 0.5355911692391149, 'class_weights': True, 'aug_choice': 5}. Best is trial 27 with value: 0.5646559566086383.
[I 2024-12-26 00:01:18,606] Trial 34 finished with value: 0.48631352686811374 and parameters: {'lr': 0.0047551490254263435, 'decay': 0.006828736584029419, 'batch_size': 128, 'nheads': 2, 'project_to': 128, 'hidden_size': 32, 'num_layers': 2, 'dropout': 0.41677809721474723, 'class_weights': True, 'aug_choice': 3}. Best is trial 27 with value: 0.5646559566086383.
[I 2024-12-26 00:02:59,566] Trial 35 finished with value: 0.4783032121594671 and parameters: {'lr': 0.0019616477708411955, 'decay': 0.0007430799824052073, 'batch_size': 128, 'nheads': 2, 'project_to': 64, 'hidden_size': 32, 'num_layers': 2, 'dropout': 0.2527480521341714, 'class_weights': True, 'aug_choice': 6}. Best is trial 27 with value: 0.5646559566086383.
[I 2024-12-26 00:04:54,314] Trial 36 finished with value: 0.3584187213906203 and parameters: {'lr': 0.0009903365696190814, 'decay': 0.0014468079899929793, 'batch_size': 128, 'nheads': 1, 'project_to': 128, 'hidden_size': 32, 'num_layers': 1, 'dropout': 0.16423937433578562, 'class_weights': True, 'aug_choice': 8}. Best is trial 27 with value: 0.5646559566086383.
[I 2024-12-26 00:07:58,807] Trial 37 finished with value: 0.49673179898787784 and parameters: {'lr': 0.0004245831461541714, 'decay': 0.002780161972545917, 'batch_size': 128, 'nheads': 4, 'project_to': 128, 'hidden_size': 32, 'num_layers': 2, 'dropout': 0.3461975481118996, 'class_weights': True, 'aug_choice': 7}. Best is trial 27 with value: 0.5646559566086383.
[I 2024-12-26 00:10:30,820] Trial 38 finished with value: 0.5102302126099593 and parameters: {'lr': 0.0034431927916709322, 'decay': 0.005947594706115247, 'batch_size': 128, 'nheads': 2, 'project_to': 64, 'hidden_size': 32, 'num_layers': 2, 'dropout': 0.2641999322941928, 'class_weights': True, 'aug_choice': 5}. Best is trial 27 with value: 0.5646559566086383.
[I 2024-12-26 00:12:26,699] Trial 39 finished with value: 0.4369907649446447 and parameters: {'lr': 0.004978538495496367, 'decay': 0.00021996669022933987, 'batch_size': 128, 'nheads': 4, 'project_to': 128, 'hidden_size': 32, 'num_layers': 1, 'dropout': 0.6121262940760781, 'class_weights': True, 'aug_choice': 2}. Best is trial 27 with value: 0.5646559566086383.

Optimization finished!
Best macro F1: 0.5647
Best hyperparameters:
    lr: 0.0015647162581181899
    decay: 0.0034883322235056188
    batch_size: 128
    nheads: 2
    project_to: 128
    hidden_size: 32
    num_layers: 2
    dropout: 0.38110057872712455
    class_weights: True
    aug_choice: 3
Fold 2: 0 trials completed, running 40 more trials...
[I 2024-12-26 00:12:27,611] A new study created in RDB with name: webcam_engagement_classifier
  0%|          | 0/40 [00:00<?, ?it/s]                                        0%|          | 0/40 [02:41<?, ?it/s]Best trial: 0. Best value: 0.351753:   0%|          | 0/40 [02:41<?, ?it/s]Best trial: 0. Best value: 0.351753:   2%|▎         | 1/40 [02:41<1:44:46, 161.19s/it]                                                                                      Best trial: 0. Best value: 0.351753:   2%|▎         | 1/40 [04:37<1:44:46, 161.19s/it]Best trial: 1. Best value: 0.478391:   2%|▎         | 1/40 [04:37<1:44:46, 161.19s/it]Best trial: 1. Best value: 0.478391:   5%|▌         | 2/40 [04:37<1:25:13, 134.58s/it]                                                                                      Best trial: 1. Best value: 0.478391:   5%|▌         | 2/40 [08:18<1:25:13, 134.58s/it]Best trial: 2. Best value: 0.493965:   5%|▌         | 2/40 [08:18<1:25:13, 134.58s/it]Best trial: 2. Best value: 0.493965:   8%|▊         | 3/40 [08:18<1:47:21, 174.08s/it]                                                                                      Best trial: 2. Best value: 0.493965:   8%|▊         | 3/40 [21:40<1:47:21, 174.08s/it]Best trial: 2. Best value: 0.493965:   8%|▊         | 3/40 [21:40<1:47:21, 174.08s/it]Best trial: 2. Best value: 0.493965:  10%|█         | 4/40 [21:40<4:13:18, 422.18s/it]                                                                                      Best trial: 2. Best value: 0.493965:  10%|█         | 4/40 [22:59<4:13:18, 422.18s/it]Best trial: 2. Best value: 0.493965:  10%|█         | 4/40 [22:59<4:13:18, 422.18s/it]Best trial: 2. Best value: 0.493965:  12%|█▎        | 5/40 [22:59<2:53:56, 298.19s/it]                                                                                      Best trial: 2. Best value: 0.493965:  12%|█▎        | 5/40 [28:38<2:53:56, 298.19s/it]Best trial: 2. Best value: 0.493965:  12%|█▎        | 5/40 [28:38<2:53:56, 298.19s/it]Best trial: 2. Best value: 0.493965:  15%|█▌        | 6/40 [28:38<2:56:54, 312.19s/it]                                                                                      Best trial: 2. Best value: 0.493965:  15%|█▌        | 6/40 [30:37<2:56:54, 312.19s/it]Best trial: 2. Best value: 0.493965:  15%|█▌        | 6/40 [30:37<2:56:54, 312.19s/it]Best trial: 2. Best value: 0.493965:  18%|█▊        | 7/40 [30:37<2:17:00, 249.11s/it]                                                                                      Best trial: 2. Best value: 0.493965:  18%|█▊        | 7/40 [32:15<2:17:00, 249.11s/it]Best trial: 2. Best value: 0.493965:  18%|█▊        | 7/40 [32:15<2:17:00, 249.11s/it]Best trial: 2. Best value: 0.493965:  20%|██        | 8/40 [32:15<1:47:06, 200.83s/it]                                                                                      Best trial: 2. Best value: 0.493965:  20%|██        | 8/40 [34:45<1:47:06, 200.83s/it]Best trial: 2. Best value: 0.493965:  20%|██        | 8/40 [34:45<1:47:06, 200.83s/it]Best trial: 2. Best value: 0.493965:  22%|██▎       | 9/40 [34:45<1:35:32, 184.92s/it]                                                                                      Best trial: 2. Best value: 0.493965:  22%|██▎       | 9/40 [37:07<1:35:32, 184.92s/it]Best trial: 2. Best value: 0.493965:  22%|██▎       | 9/40 [37:07<1:35:32, 184.92s/it]Best trial: 2. Best value: 0.493965:  25%|██▌       | 10/40 [37:07<1:25:50, 171.67s/it]                                                                                       Best trial: 2. Best value: 0.493965:  25%|██▌       | 10/40 [39:57<1:25:50, 171.67s/it]Best trial: 2. Best value: 0.493965:  25%|██▌       | 10/40 [39:57<1:25:50, 171.67s/it]Best trial: 2. Best value: 0.493965:  28%|██▊       | 11/40 [39:57<1:22:43, 171.16s/it]                                                                                       Best trial: 2. Best value: 0.493965:  28%|██▊       | 11/40 [43:07<1:22:43, 171.16s/it]Best trial: 2. Best value: 0.493965:  28%|██▊       | 11/40 [43:07<1:22:43, 171.16s/it]Best trial: 2. Best value: 0.493965:  30%|███       | 12/40 [43:07<1:22:32, 176.88s/it]                                                                                       Best trial: 2. Best value: 0.493965:  30%|███       | 12/40 [44:56<1:22:32, 176.88s/it]Best trial: 2. Best value: 0.493965:  30%|███       | 12/40 [44:56<1:22:32, 176.88s/it]Best trial: 2. Best value: 0.493965:  32%|███▎      | 13/40 [44:56<1:10:25, 156.50s/it]                                                                                       Best trial: 2. Best value: 0.493965:  32%|███▎      | 13/40 [48:10<1:10:25, 156.50s/it]Best trial: 2. Best value: 0.493965:  32%|███▎      | 13/40 [48:10<1:10:25, 156.50s/it]Best trial: 2. Best value: 0.493965:  35%|███▌      | 14/40 [48:10<1:12:39, 167.68s/it]                                                                                       Best trial: 2. Best value: 0.493965:  35%|███▌      | 14/40 [51:25<1:12:39, 167.68s/it]Best trial: 2. Best value: 0.493965:  35%|███▌      | 14/40 [51:25<1:12:39, 167.68s/it]Best trial: 2. Best value: 0.493965:  38%|███▊      | 15/40 [51:25<1:13:17, 175.90s/it]                                                                                       Best trial: 2. Best value: 0.493965:  38%|███▊      | 15/40 [54:40<1:13:17, 175.90s/it]Best trial: 2. Best value: 0.493965:  38%|███▊      | 15/40 [54:40<1:13:17, 175.90s/it]Best trial: 2. Best value: 0.493965:  40%|████      | 16/40 [54:40<1:12:43, 181.80s/it]                                                                                       Best trial: 2. Best value: 0.493965:  40%|████      | 16/40 [57:37<1:12:43, 181.80s/it]Best trial: 2. Best value: 0.493965:  40%|████      | 16/40 [57:37<1:12:43, 181.80s/it]Best trial: 2. Best value: 0.493965:  42%|████▎     | 17/40 [57:37<1:09:07, 180.31s/it]                                                                                       Best trial: 2. Best value: 0.493965:  42%|████▎     | 17/40 [59:57<1:09:07, 180.31s/it]Best trial: 2. Best value: 0.493965:  42%|████▎     | 17/40 [59:57<1:09:07, 180.31s/it]Best trial: 2. Best value: 0.493965:  45%|████▌     | 18/40 [59:57<1:01:43, 168.35s/it]                                                                                       Best trial: 2. Best value: 0.493965:  45%|████▌     | 18/40 [1:03:56<1:01:43, 168.35s/it]Best trial: 2. Best value: 0.493965:  45%|████▌     | 18/40 [1:03:56<1:01:43, 168.35s/it]Best trial: 2. Best value: 0.493965:  48%|████▊     | 19/40 [1:03:56<1:06:16, 189.38s/it]                                                                                         Best trial: 2. Best value: 0.493965:  48%|████▊     | 19/40 [1:06:38<1:06:16, 189.38s/it]Best trial: 2. Best value: 0.493965:  48%|████▊     | 19/40 [1:06:38<1:06:16, 189.38s/it]Best trial: 2. Best value: 0.493965:  50%|█████     | 20/40 [1:06:38<1:00:22, 181.11s/it]                                                                                         Best trial: 2. Best value: 0.493965:  50%|█████     | 20/40 [1:08:29<1:00:22, 181.11s/it]Best trial: 2. Best value: 0.493965:  50%|█████     | 20/40 [1:08:29<1:00:22, 181.11s/it]Best trial: 2. Best value: 0.493965:  52%|█████▎    | 21/40 [1:08:29<50:42, 160.14s/it]                                                                                         Best trial: 2. Best value: 0.493965:  52%|█████▎    | 21/40 [1:10:55<50:42, 160.14s/it]Best trial: 2. Best value: 0.493965:  52%|█████▎    | 21/40 [1:10:55<50:42, 160.14s/it]Best trial: 2. Best value: 0.493965:  55%|█████▌    | 22/40 [1:10:55<46:44, 155.79s/it]                                                                                       [I 2024-12-26 00:15:08,804] Trial 0 finished with value: 0.3517530797570827 and parameters: {'lr': 0.005286881323997418, 'decay': 0.006798476783572181, 'batch_size': 128, 'nheads': 1, 'project_to': 128, 'hidden_size': 128, 'num_layers': 2, 'dropout': 0.14109122588616724, 'class_weights': True, 'aug_choice': 8}. Best is trial 0 with value: 0.3517530797570827.
[I 2024-12-26 00:17:04,747] Trial 1 finished with value: 0.4783908271239108 and parameters: {'lr': 0.0003587506803200836, 'decay': 1.4880426431955502e-05, 'batch_size': 64, 'nheads': 4, 'project_to': 64, 'hidden_size': 128, 'num_layers': 1, 'dropout': 0.520399655623508, 'class_weights': False, 'aug_choice': 6}. Best is trial 1 with value: 0.4783908271239108.
[I 2024-12-26 00:20:45,847] Trial 2 finished with value: 0.49396530838161956 and parameters: {'lr': 0.00013759618624923316, 'decay': 0.0013184540262738875, 'batch_size': 64, 'nheads': 2, 'project_to': 32, 'hidden_size': 64, 'num_layers': 2, 'dropout': 0.6365661309489774, 'class_weights': True, 'aug_choice': 7}. Best is trial 2 with value: 0.49396530838161956.
[I 2024-12-26 00:34:08,357] Trial 3 finished with value: 0.40055623669464113 and parameters: {'lr': 2.9417629310481526e-05, 'decay': 0.002349806182519453, 'batch_size': 128, 'nheads': 4, 'project_to': 32, 'hidden_size': 32, 'num_layers': 2, 'dropout': 0.6921770852249374, 'class_weights': True, 'aug_choice': 3}. Best is trial 2 with value: 0.49396530838161956.
[I 2024-12-26 00:35:26,714] Trial 4 finished with value: 0.421671173421102 and parameters: {'lr': 0.0006367634712469978, 'decay': 0.00030151204873681665, 'batch_size': 128, 'nheads': 1, 'project_to': 64, 'hidden_size': 64, 'num_layers': 3, 'dropout': 0.2094805580313339, 'class_weights': True, 'aug_choice': 4}. Best is trial 2 with value: 0.49396530838161956.
[I 2024-12-26 00:41:06,072] Trial 5 finished with value: 0.4932789648428055 and parameters: {'lr': 6.0596008258579795e-05, 'decay': 3.463849085542924e-05, 'batch_size': 128, 'nheads': 4, 'project_to': 32, 'hidden_size': 64, 'num_layers': 3, 'dropout': 0.23376443003238556, 'class_weights': True, 'aug_choice': 5}. Best is trial 2 with value: 0.49396530838161956.
[I 2024-12-26 00:43:05,318] Trial 6 finished with value: 0.34187761507360487 and parameters: {'lr': 0.00016173157630332874, 'decay': 0.0001370597862329101, 'batch_size': 64, 'nheads': 2, 'project_to': 32, 'hidden_size': 32, 'num_layers': 3, 'dropout': 0.3106728620139556, 'class_weights': True, 'aug_choice': 0}. Best is trial 2 with value: 0.49396530838161956.
[I 2024-12-26 00:44:42,772] Trial 7 finished with value: 0.39647646012622745 and parameters: {'lr': 1.861060913387263e-05, 'decay': 0.000603890982244873, 'batch_size': 64, 'nheads': 1, 'project_to': 128, 'hidden_size': 64, 'num_layers': 1, 'dropout': 0.24183799426422797, 'class_weights': True, 'aug_choice': 4}. Best is trial 2 with value: 0.49396530838161956.
[I 2024-12-26 00:47:12,702] Trial 8 finished with value: 0.3544235088820715 and parameters: {'lr': 6.568636662350691e-05, 'decay': 0.0023741463967569387, 'batch_size': 64, 'nheads': 4, 'project_to': 128, 'hidden_size': 128, 'num_layers': 1, 'dropout': 0.4873032567026446, 'class_weights': True, 'aug_choice': 8}. Best is trial 2 with value: 0.49396530838161956.
[I 2024-12-26 00:49:34,696] Trial 9 finished with value: 0.32941915683261613 and parameters: {'lr': 3.506168777844404e-05, 'decay': 0.00376258386535017, 'batch_size': 64, 'nheads': 4, 'project_to': 32, 'hidden_size': 64, 'num_layers': 3, 'dropout': 0.24932057314042028, 'class_weights': True, 'aug_choice': 6}. Best is trial 2 with value: 0.49396530838161956.
[I 2024-12-26 00:52:24,699] Trial 10 finished with value: 0.4469441863000148 and parameters: {'lr': 0.0013385110926602934, 'decay': 0.0008178484345842627, 'batch_size': 64, 'nheads': 2, 'project_to': 32, 'hidden_size': 64, 'num_layers': 2, 'dropout': 0.886885226378965, 'class_weights': False, 'aug_choice': 7}. Best is trial 2 with value: 0.49396530838161956.
[I 2024-12-26 00:55:34,660] Trial 11 finished with value: 0.4234804365258192 and parameters: {'lr': 0.00011340240412871867, 'decay': 3.125254638954005e-05, 'batch_size': 128, 'nheads': 2, 'project_to': 32, 'hidden_size': 64, 'num_layers': 2, 'dropout': 0.4633899302001925, 'class_weights': False, 'aug_choice': 5}. Best is trial 2 with value: 0.49396530838161956.
[I 2024-12-26 00:57:24,260] Trial 12 finished with value: 0.39968183357443204 and parameters: {'lr': 1.0697072609771797e-05, 'decay': 4.3753632403384555e-05, 'batch_size': 128, 'nheads': 2, 'project_to': 32, 'hidden_size': 64, 'num_layers': 3, 'dropout': 0.7014005121405125, 'class_weights': True, 'aug_choice': 5}. Best is trial 2 with value: 0.49396530838161956.
[I 2024-12-26 01:00:37,772] Trial 13 finished with value: 0.4103782073847593 and parameters: {'lr': 0.0001539833392129322, 'decay': 9.919641184442573e-05, 'batch_size': 128, 'nheads': 4, 'project_to': 32, 'hidden_size': 64, 'num_layers': 2, 'dropout': 0.6571255684221488, 'class_weights': True, 'aug_choice': 7}. Best is trial 2 with value: 0.49396530838161956.
[I 2024-12-26 01:03:52,729] Trial 14 finished with value: 0.48554520774886 and parameters: {'lr': 0.000937577706790623, 'decay': 0.000988400448562327, 'batch_size': 64, 'nheads': 2, 'project_to': 32, 'hidden_size': 64, 'num_layers': 3, 'dropout': 0.37566864191140437, 'class_weights': False, 'aug_choice': 1}. Best is trial 2 with value: 0.49396530838161956.
[I 2024-12-26 01:07:08,222] Trial 15 finished with value: 0.34113946320476035 and parameters: {'lr': 6.040578353133497e-05, 'decay': 0.0003526626098833699, 'batch_size': 128, 'nheads': 4, 'project_to': 64, 'hidden_size': 32, 'num_layers': 2, 'dropout': 0.5951756772005637, 'class_weights': True, 'aug_choice': 2}. Best is trial 2 with value: 0.49396530838161956.
[I 2024-12-26 01:10:05,078] Trial 16 finished with value: 0.45325132548647434 and parameters: {'lr': 0.0002876792251413506, 'decay': 1.1335955078966318e-05, 'batch_size': 128, 'nheads': 2, 'project_to': 32, 'hidden_size': 64, 'num_layers': 3, 'dropout': 0.8065032739306139, 'class_weights': True, 'aug_choice': 5}. Best is trial 2 with value: 0.49396530838161956.
[I 2024-12-26 01:12:25,593] Trial 17 finished with value: 0.38574577763904777 and parameters: {'lr': 0.003978485266240572, 'decay': 0.00011641547652216673, 'batch_size': 64, 'nheads': 4, 'project_to': 32, 'hidden_size': 64, 'num_layers': 1, 'dropout': 0.3926792272195408, 'class_weights': True, 'aug_choice': 7}. Best is trial 2 with value: 0.49396530838161956.
[I 2024-12-26 01:16:23,951] Trial 18 finished with value: 0.4693229767274105 and parameters: {'lr': 0.0022806169651857938, 'decay': 0.00969156827886196, 'batch_size': 128, 'nheads': 2, 'project_to': 128, 'hidden_size': 32, 'num_layers': 2, 'dropout': 0.12334372746256757, 'class_weights': False, 'aug_choice': 1}. Best is trial 2 with value: 0.49396530838161956.
[I 2024-12-26 01:19:05,799] Trial 19 finished with value: 0.48979776417010684 and parameters: {'lr': 7.411307893623847e-05, 'decay': 4.478393121359606e-05, 'batch_size': 64, 'nheads': 1, 'project_to': 64, 'hidden_size': 128, 'num_layers': 3, 'dropout': 0.5749773102025547, 'class_weights': True, 'aug_choice': 2}. Best is trial 2 with value: 0.49396530838161956.
[I 2024-12-26 01:20:57,042] Trial 20 finished with value: 0.3965839100275321 and parameters: {'lr': 0.0003118216921010692, 'decay': 0.0015778295054373736, 'batch_size': 64, 'nheads': 4, 'project_to': 32, 'hidden_size': 64, 'num_layers': 2, 'dropout': 0.757579903836089, 'class_weights': True, 'aug_choice': 0}. Best is trial 2 with value: 0.49396530838161956.
