[I 2024-12-30 03:29:18,173] Trial 131 finished with value: 0.5476342396305671 and parameters: {'lr': 0.008252752848543874, 'decay': 0.001977582483006933, 'batch_size': 64, 'nheads': 1, 'project_to': 64, 'hidden_size': 32, 'num_layers': 1, 'dropout': 0.1607995651236804, 'alpha': 1.3609538611480596, 'aug_choice': 8}. Best is trial 107 with value: 0.6116991648507072.
Best trial: 107. Best value: 0.611699:  88%|████████▊ | 132/150 [8:09:49<42:12, 140.71s/it]Best trial: 107. Best value: 0.611699:  88%|████████▊ | 132/150 [8:09:49<42:12, 140.71s/it]Best trial: 107. Best value: 0.611699:  89%|████████▊ | 133/150 [8:09:49<39:35, 139.75s/it]                                                                                           Best trial: 107. Best value: 0.611699:  89%|████████▊ | 133/150 [8:11:53<39:35, 139.75s/it]Best trial: 107. Best value: 0.611699:  89%|████████▊ | 133/150 [8:11:53<39:35, 139.75s/it]Best trial: 107. Best value: 0.611699:  89%|████████▉ | 134/150 [8:11:53<36:00, 135.04s/it]                                                                                           Best trial: 107. Best value: 0.611699:  89%|████████▉ | 134/150 [8:14:08<36:00, 135.04s/it]Best trial: 107. Best value: 0.611699:  89%|████████▉ | 134/150 [8:14:08<36:00, 135.04s/it]Best trial: 107. Best value: 0.611699:  90%|█████████ | 135/150 [8:14:08<33:44, 134.97s/it]                                                                                           Best trial: 107. Best value: 0.611699:  90%|█████████ | 135/150 [8:16:10<33:44, 134.97s/it]Best trial: 107. Best value: 0.611699:  90%|█████████ | 135/150 [8:16:10<33:44, 134.97s/it]Best trial: 107. Best value: 0.611699:  91%|█████████ | 136/150 [8:16:10<30:38, 131.31s/it]                                                                                           Best trial: 107. Best value: 0.611699:  91%|█████████ | 136/150 [8:17:55<30:38, 131.31s/it]Best trial: 107. Best value: 0.611699:  91%|█████████ | 136/150 [8:17:55<30:38, 131.31s/it]Best trial: 107. Best value: 0.611699:  91%|█████████▏| 137/150 [8:17:55<26:41, 123.23s/it]                                                                                           Best trial: 107. Best value: 0.611699:  91%|█████████▏| 137/150 [8:20:12<26:41, 123.23s/it]Best trial: 107. Best value: 0.611699:  91%|█████████▏| 137/150 [8:20:12<26:41, 123.23s/it]Best trial: 107. Best value: 0.611699:  92%|█████████▏| 138/150 [8:20:12<25:30, 127.50s/it]                                                                                           Best trial: 107. Best value: 0.611699:  92%|█████████▏| 138/150 [8:22:13<25:30, 127.50s/it]Best trial: 107. Best value: 0.611699:  92%|█████████▏| 138/150 [8:22:13<25:30, 127.50s/it]Best trial: 107. Best value: 0.611699:  93%|█████████▎| 139/150 [8:22:13<22:59, 125.41s/it]                                                                                           Best trial: 107. Best value: 0.611699:  93%|█████████▎| 139/150 [8:24:40<22:59, 125.41s/it]Best trial: 107. Best value: 0.611699:  93%|█████████▎| 139/150 [8:24:40<22:59, 125.41s/it]Best trial: 107. Best value: 0.611699:  93%|█████████▎| 140/150 [8:24:40<22:00, 132.00s/it]                                                                                           Best trial: 107. Best value: 0.611699:  93%|█████████▎| 140/150 [8:26:52<22:00, 132.00s/it]Best trial: 107. Best value: 0.611699:  93%|█████████▎| 140/150 [8:26:52<22:00, 132.00s/it]Best trial: 107. Best value: 0.611699:  94%|█████████▍| 141/150 [8:26:52<19:47, 131.99s/it]                                                                                           Best trial: 107. Best value: 0.611699:  94%|█████████▍| 141/150 [8:29:31<19:47, 131.99s/it]Best trial: 107. Best value: 0.611699:  94%|█████████▍| 141/150 [8:29:31<19:47, 131.99s/it]Best trial: 107. Best value: 0.611699:  95%|█████████▍| 142/150 [8:29:31<18:40, 140.10s/it]                                                                                           Best trial: 107. Best value: 0.611699:  95%|█████████▍| 142/150 [8:31:56<18:40, 140.10s/it]Best trial: 107. Best value: 0.611699:  95%|█████████▍| 142/150 [8:31:56<18:40, 140.10s/it]Best trial: 107. Best value: 0.611699:  95%|█████████▌| 143/150 [8:31:56<16:30, 141.55s/it]                                                                                           Best trial: 107. Best value: 0.611699:  95%|█████████▌| 143/150 [8:33:51<16:30, 141.55s/it]Best trial: 107. Best value: 0.611699:  95%|█████████▌| 143/150 [8:33:51<16:30, 141.55s/it]Best trial: 107. Best value: 0.611699:  96%|█████████▌| 144/150 [8:33:51<13:20, 133.49s/it]                                                                                           Best trial: 107. Best value: 0.611699:  96%|█████████▌| 144/150 [8:37:13<13:20, 133.49s/it]Best trial: 107. Best value: 0.611699:  96%|█████████▌| 144/150 [8:37:13<13:20, 133.49s/it]Best trial: 107. Best value: 0.611699:  97%|█████████▋| 145/150 [8:37:13<12:50, 154.07s/it]                                                                                           Best trial: 107. Best value: 0.611699:  97%|█████████▋| 145/150 [8:39:21<12:50, 154.07s/it]Best trial: 107. Best value: 0.611699:  97%|█████████▋| 145/150 [8:39:21<12:50, 154.07s/it]Best trial: 107. Best value: 0.611699:  97%|█████████▋| 146/150 [8:39:21<09:45, 146.38s/it]                                                                                           Best trial: 107. Best value: 0.611699:  97%|█████████▋| 146/150 [8:41:24<09:45, 146.38s/it]Best trial: 107. Best value: 0.611699:  97%|█████████▋| 146/150 [8:41:24<09:45, 146.38s/it]Best trial: 107. Best value: 0.611699:  98%|█████████▊| 147/150 [8:41:24<06:58, 139.39s/it]                                                                                           Best trial: 107. Best value: 0.611699:  98%|█████████▊| 147/150 [8:43:41<06:58, 139.39s/it]Best trial: 107. Best value: 0.611699:  98%|█████████▊| 147/150 [8:43:41<06:58, 139.39s/it]Best trial: 107. Best value: 0.611699:  99%|█████████▊| 148/150 [8:43:41<04:37, 138.61s/it]                                                                                           Best trial: 107. Best value: 0.611699:  99%|█████████▊| 148/150 [8:45:38<04:37, 138.61s/it]Best trial: 107. Best value: 0.611699:  99%|█████████▊| 148/150 [8:45:38<04:37, 138.61s/it]Best trial: 107. Best value: 0.611699:  99%|█████████▉| 149/150 [8:45:38<02:12, 132.10s/it]                                                                                           Best trial: 107. Best value: 0.611699:  99%|█████████▉| 149/150 [8:47:27<02:12, 132.10s/it]Best trial: 107. Best value: 0.611699:  99%|█████████▉| 149/150 [8:47:27<02:12, 132.10s/it]Best trial: 107. Best value: 0.611699: 100%|██████████| 150/150 [8:47:27<00:00, 125.27s/it]Best trial: 107. Best value: 0.611699: 100%|██████████| 150/150 [8:47:27<00:00, 210.99s/it]
[I 2024-12-30 03:31:35,681] Trial 132 finished with value: 0.5788014054427707 and parameters: {'lr': 0.004963375918307142, 'decay': 0.002355663327269484, 'batch_size': 64, 'nheads': 1, 'project_to': 64, 'hidden_size': 32, 'num_layers': 1, 'dropout': 0.1212395277810954, 'alpha': 1.3045027135696732, 'aug_choice': 8}. Best is trial 107 with value: 0.6116991648507072.
[I 2024-12-30 03:33:39,745] Trial 133 finished with value: 0.5926478706402375 and parameters: {'lr': 0.004912195350648653, 'decay': 0.0018331929856738997, 'batch_size': 64, 'nheads': 1, 'project_to': 64, 'hidden_size': 32, 'num_layers': 1, 'dropout': 0.1780552426041188, 'alpha': 1.4425003957371865, 'aug_choice': 8}. Best is trial 107 with value: 0.6116991648507072.
[I 2024-12-30 03:35:54,531] Trial 134 finished with value: 0.5794738079673412 and parameters: {'lr': 0.007822588136726526, 'decay': 0.002354520473109472, 'batch_size': 64, 'nheads': 1, 'project_to': 64, 'hidden_size': 32, 'num_layers': 1, 'dropout': 0.17916617955323869, 'alpha': 1.4372016102872633, 'aug_choice': 8}. Best is trial 107 with value: 0.6116991648507072.
[I 2024-12-30 03:37:57,299] Trial 135 finished with value: 0.5746655031630467 and parameters: {'lr': 0.009970308216755937, 'decay': 0.0023734474339563135, 'batch_size': 64, 'nheads': 1, 'project_to': 64, 'hidden_size': 32, 'num_layers': 1, 'dropout': 0.18904550672865594, 'alpha': 1.4597396988203926, 'aug_choice': 8}. Best is trial 107 with value: 0.6116991648507072.
[I 2024-12-30 03:39:41,684] Trial 136 finished with value: 0.5433481811412342 and parameters: {'lr': 0.009411353033288522, 'decay': 0.002324493588100494, 'batch_size': 64, 'nheads': 1, 'project_to': 64, 'hidden_size': 32, 'num_layers': 1, 'dropout': 0.17643877614428344, 'alpha': 1.4687166140224803, 'aug_choice': 8}. Best is trial 107 with value: 0.6116991648507072.
[I 2024-12-30 03:41:59,148] Trial 137 finished with value: 0.5122514406943167 and parameters: {'lr': 0.007811821756809268, 'decay': 0.00268340348208655, 'batch_size': 64, 'nheads': 2, 'project_to': 64, 'hidden_size': 32, 'num_layers': 1, 'dropout': 0.16799864895496222, 'alpha': 1.4341918174519976, 'aug_choice': 8}. Best is trial 107 with value: 0.6116991648507072.
[I 2024-12-30 03:43:59,668] Trial 138 finished with value: 0.5127347538295796 and parameters: {'lr': 0.006926749949805768, 'decay': 0.004090041437903825, 'batch_size': 64, 'nheads': 1, 'project_to': 64, 'hidden_size': 32, 'num_layers': 1, 'dropout': 0.1923868390695522, 'alpha': 1.372557734438042, 'aug_choice': 8}. Best is trial 107 with value: 0.6116991648507072.
[I 2024-12-30 03:46:27,052] Trial 139 finished with value: 0.5667283936358215 and parameters: {'lr': 0.005033308005134773, 'decay': 0.003447174042099365, 'batch_size': 64, 'nheads': 1, 'project_to': 64, 'hidden_size': 32, 'num_layers': 1, 'dropout': 0.14928408531009468, 'alpha': 1.3089286831466163, 'aug_choice': 8}. Best is trial 107 with value: 0.6116991648507072.
[I 2024-12-30 03:48:39,023] Trial 140 finished with value: 0.5606707590907154 and parameters: {'lr': 0.009056080796293125, 'decay': 0.0021956834167458084, 'batch_size': 64, 'nheads': 1, 'project_to': 64, 'hidden_size': 32, 'num_layers': 1, 'dropout': 0.20781017775589647, 'alpha': 1.494090716013695, 'aug_choice': 8}. Best is trial 107 with value: 0.6116991648507072.
[I 2024-12-30 03:51:18,035] Trial 141 finished with value: 0.5599772192840045 and parameters: {'lr': 0.007827224081092005, 'decay': 0.0018329470088504984, 'batch_size': 64, 'nheads': 1, 'project_to': 64, 'hidden_size': 32, 'num_layers': 1, 'dropout': 0.18436638917113343, 'alpha': 1.4363590679630074, 'aug_choice': 8}. Best is trial 107 with value: 0.6116991648507072.
[I 2024-12-30 03:53:42,984] Trial 142 finished with value: 0.5659979209002688 and parameters: {'lr': 0.006249597795179075, 'decay': 0.0027205878026742444, 'batch_size': 64, 'nheads': 1, 'project_to': 64, 'hidden_size': 32, 'num_layers': 1, 'dropout': 0.12087612623079745, 'alpha': 1.3736149115019052, 'aug_choice': 8}. Best is trial 107 with value: 0.6116991648507072.
[I 2024-12-30 03:55:37,659] Trial 143 finished with value: 0.5602240370535781 and parameters: {'lr': 0.004473355785893174, 'decay': 0.0018603278560693369, 'batch_size': 64, 'nheads': 1, 'project_to': 64, 'hidden_size': 32, 'num_layers': 1, 'dropout': 0.13526373705899766, 'alpha': 1.2929306276075532, 'aug_choice': 8}. Best is trial 107 with value: 0.6116991648507072.
[I 2024-12-30 03:58:59,736] Trial 144 finished with value: 0.5019548884307365 and parameters: {'lr': 6.081722855717658e-05, 'decay': 0.0023427340002955257, 'batch_size': 64, 'nheads': 1, 'project_to': 64, 'hidden_size': 32, 'num_layers': 1, 'dropout': 0.15852451857288602, 'alpha': 1.3410781657298652, 'aug_choice': 8}. Best is trial 107 with value: 0.6116991648507072.
[I 2024-12-30 04:01:08,176] Trial 145 finished with value: 0.5588215143234877 and parameters: {'lr': 0.006946989114791342, 'decay': 0.00159995815711131, 'batch_size': 64, 'nheads': 1, 'project_to': 64, 'hidden_size': 32, 'num_layers': 1, 'dropout': 0.17765091846972433, 'alpha': 1.4351072452518974, 'aug_choice': 8}. Best is trial 107 with value: 0.6116991648507072.
[I 2024-12-30 04:03:11,272] Trial 146 finished with value: 0.5587189550710161 and parameters: {'lr': 0.008329178599453868, 'decay': 0.0032373543008195707, 'batch_size': 128, 'nheads': 1, 'project_to': 64, 'hidden_size': 32, 'num_layers': 1, 'dropout': 0.11510194979022445, 'alpha': 1.194853121907596, 'aug_choice': 8}. Best is trial 107 with value: 0.6116991648507072.
[I 2024-12-30 04:05:28,062] Trial 147 finished with value: 0.522522578534845 and parameters: {'lr': 0.009816862964260648, 'decay': 0.0020729644964869384, 'batch_size': 64, 'nheads': 1, 'project_to': 64, 'hidden_size': 32, 'num_layers': 1, 'dropout': 0.21807293136850475, 'alpha': 1.496445831997512, 'aug_choice': 8}. Best is trial 107 with value: 0.6116991648507072.
[I 2024-12-30 04:07:24,962] Trial 148 finished with value: 0.4525233326479935 and parameters: {'lr': 0.004768415584159742, 'decay': 0.0015162626041949575, 'batch_size': 64, 'nheads': 1, 'project_to': 64, 'hidden_size': 32, 'num_layers': 3, 'dropout': 0.49798625055168766, 'alpha': 1.2606929258566115, 'aug_choice': 8}. Best is trial 107 with value: 0.6116991648507072.
[I 2024-12-30 04:09:14,304] Trial 149 finished with value: 0.5474421699051525 and parameters: {'lr': 0.005914903997029926, 'decay': 0.0029349300767969023, 'batch_size': 64, 'nheads': 1, 'project_to': 64, 'hidden_size': 32, 'num_layers': 1, 'dropout': 0.23374948098968298, 'alpha': 1.3940669601704245, 'aug_choice': 8}. Best is trial 107 with value: 0.6116991648507072.

Optimization finished!
Best macro F1: 0.6117
Best hyperparameters:
    lr: 0.009902777046222005
    decay: 0.003305872809139166
    batch_size: 64
    nheads: 1
    project_to: 64
    hidden_size: 128
    num_layers: 1
    dropout: 0.19026885838408972
    alpha: 1.1750417499385355
    aug_choice: 3
Fold 2: 0 trials completed, running 150 more trials...
[I 2024-12-30 04:09:16,578] A new study created in RDB with name: webcam_engagement_classifier
