Best trial: 57. Best value: 0.619304:  44%|████▍     | 66/150 [3:33:03<2:14:14, 95.88s/it]Best trial: 57. Best value: 0.619304:  44%|████▍     | 66/150 [3:33:03<2:14:14, 95.88s/it]Best trial: 57. Best value: 0.619304:  45%|████▍     | 67/150 [3:33:03<2:26:10, 105.67s/it]                                                                                           Best trial: 57. Best value: 0.619304:  45%|████▍     | 67/150 [3:34:54<2:26:10, 105.67s/it]Best trial: 57. Best value: 0.619304:  45%|████▍     | 67/150 [3:34:54<2:26:10, 105.67s/it]Best trial: 57. Best value: 0.619304:  45%|████▌     | 68/150 [3:34:54<2:26:31, 107.21s/it]                                                                                           Best trial: 57. Best value: 0.619304:  45%|████▌     | 68/150 [3:36:36<2:26:31, 107.21s/it]Best trial: 57. Best value: 0.619304:  45%|████▌     | 68/150 [3:36:36<2:26:31, 107.21s/it]Best trial: 57. Best value: 0.619304:  46%|████▌     | 69/150 [3:36:36<2:22:21, 105.45s/it]                                                                                           Best trial: 57. Best value: 0.619304:  46%|████▌     | 69/150 [3:38:02<2:22:21, 105.45s/it]Best trial: 57. Best value: 0.619304:  46%|████▌     | 69/150 [3:38:02<2:22:21, 105.45s/it]Best trial: 57. Best value: 0.619304:  47%|████▋     | 70/150 [3:38:02<2:12:54, 99.68s/it]                                                                                           Best trial: 57. Best value: 0.619304:  47%|████▋     | 70/150 [3:39:10<2:12:54, 99.68s/it]Best trial: 57. Best value: 0.619304:  47%|████▋     | 70/150 [3:39:10<2:12:54, 99.68s/it]Best trial: 57. Best value: 0.619304:  47%|████▋     | 71/150 [3:39:10<1:58:38, 90.11s/it]                                                                                          Best trial: 57. Best value: 0.619304:  47%|████▋     | 71/150 [3:41:39<1:58:38, 90.11s/it]Best trial: 57. Best value: 0.619304:  47%|████▋     | 71/150 [3:41:39<1:58:38, 90.11s/it]Best trial: 57. Best value: 0.619304:  48%|████▊     | 72/150 [3:41:39<2:20:17, 107.91s/it]                                                                                           Best trial: 57. Best value: 0.619304:  48%|████▊     | 72/150 [3:43:27<2:20:17, 107.91s/it]Best trial: 57. Best value: 0.619304:  48%|████▊     | 72/150 [3:43:27<2:20:17, 107.91s/it]Best trial: 57. Best value: 0.619304:  49%|████▊     | 73/150 [3:43:27<2:18:28, 107.91s/it]                                                                                           Best trial: 57. Best value: 0.619304:  49%|████▊     | 73/150 [3:45:30<2:18:28, 107.91s/it]Best trial: 57. Best value: 0.619304:  49%|████▊     | 73/150 [3:45:30<2:18:28, 107.91s/it]Best trial: 57. Best value: 0.619304:  49%|████▉     | 74/150 [3:45:30<2:22:25, 112.44s/it]                                                                                           Best trial: 57. Best value: 0.619304:  49%|████▉     | 74/150 [3:46:48<2:22:25, 112.44s/it]Best trial: 57. Best value: 0.619304:  49%|████▉     | 74/150 [3:46:48<2:22:25, 112.44s/it]Best trial: 57. Best value: 0.619304:  50%|█████     | 75/150 [3:46:48<2:07:40, 102.14s/it]                                                                                           Best trial: 57. Best value: 0.619304:  50%|█████     | 75/150 [3:48:49<2:07:40, 102.14s/it]Best trial: 57. Best value: 0.619304:  50%|█████     | 75/150 [3:48:49<2:07:40, 102.14s/it]Best trial: 57. Best value: 0.619304:  51%|█████     | 76/150 [3:48:49<2:12:54, 107.76s/it]                                                                                           Best trial: 57. Best value: 0.619304:  51%|█████     | 76/150 [3:52:00<2:12:54, 107.76s/it]Best trial: 57. Best value: 0.619304:  51%|█████     | 76/150 [3:52:00<2:12:54, 107.76s/it]Best trial: 57. Best value: 0.619304:  51%|█████▏    | 77/150 [3:52:00<2:41:24, 132.66s/it]                                                                                           Best trial: 57. Best value: 0.619304:  51%|█████▏    | 77/150 [3:54:54<2:41:24, 132.66s/it]Best trial: 57. Best value: 0.619304:  51%|█████▏    | 77/150 [3:54:54<2:41:24, 132.66s/it]Best trial: 57. Best value: 0.619304:  52%|█████▏    | 78/150 [3:54:54<2:54:04, 145.07s/it]                                                                                           Best trial: 57. Best value: 0.619304:  52%|█████▏    | 78/150 [3:57:33<2:54:04, 145.07s/it]Best trial: 57. Best value: 0.619304:  52%|█████▏    | 78/150 [3:57:33<2:54:04, 145.07s/it]Best trial: 57. Best value: 0.619304:  53%|█████▎    | 79/150 [3:57:33<2:56:53, 149.49s/it]                                                                                           Best trial: 57. Best value: 0.619304:  53%|█████▎    | 79/150 [4:00:13<2:56:53, 149.49s/it]Best trial: 57. Best value: 0.619304:  53%|█████▎    | 79/150 [4:00:13<2:56:53, 149.49s/it]Best trial: 57. Best value: 0.619304:  53%|█████▎    | 80/150 [4:00:13<2:57:50, 152.43s/it]                                                                                           Best trial: 57. Best value: 0.619304:  53%|█████▎    | 80/150 [4:02:58<2:57:50, 152.43s/it]Best trial: 57. Best value: 0.619304:  53%|█████▎    | 80/150 [4:02:58<2:57:50, 152.43s/it]Best trial: 57. Best value: 0.619304:  54%|█████▍    | 81/150 [4:02:58<2:59:47, 156.34s/it]                                                                                           Best trial: 57. Best value: 0.619304:  54%|█████▍    | 81/150 [4:05:54<2:59:47, 156.34s/it]Best trial: 57. Best value: 0.619304:  54%|█████▍    | 81/150 [4:05:54<2:59:47, 156.34s/it]Best trial: 57. Best value: 0.619304:  55%|█████▍    | 82/150 [4:05:54<3:03:42, 162.10s/it]                                                                                           Best trial: 57. Best value: 0.619304:  55%|█████▍    | 82/150 [4:08:32<3:03:42, 162.10s/it]Best trial: 57. Best value: 0.619304:  55%|█████▍    | 82/150 [4:08:32<3:03:42, 162.10s/it]Best trial: 57. Best value: 0.619304:  55%|█████▌    | 83/150 [4:08:32<2:59:39, 160.89s/it]                                                                                           Best trial: 57. Best value: 0.619304:  55%|█████▌    | 83/150 [4:11:16<2:59:39, 160.89s/it]Best trial: 57. Best value: 0.619304:  55%|█████▌    | 83/150 [4:11:16<2:59:39, 160.89s/it]Best trial: 57. Best value: 0.619304:  56%|█████▌    | 84/150 [4:11:16<2:58:02, 161.86s/it]                                                                                           Best trial: 57. Best value: 0.619304:  56%|█████▌    | 84/150 [4:13:57<2:58:02, 161.86s/it]Best trial: 57. Best value: 0.619304:  56%|█████▌    | 84/150 [4:13:57<2:58:02, 161.86s/it]Best trial: 57. Best value: 0.619304:  57%|█████▋    | 85/150 [4:13:57<2:55:00, 161.54s/it]                                                                                           Best trial: 57. Best value: 0.619304:  57%|█████▋    | 85/150 [4:16:50<2:55:00, 161.54s/it]Best trial: 57. Best value: 0.619304:  57%|█████▋    | 85/150 [4:16:50<2:55:00, 161.54s/it]Best trial: 57. Best value: 0.619304:  57%|█████▋    | 86/150 [4:16:50<2:56:04, 165.07s/it]                                                                                           Best trial: 57. Best value: 0.619304:  57%|█████▋    | 86/150 [4:19:20<2:56:04, 165.07s/it]Best trial: 57. Best value: 0.619304:  57%|█████▋    | 86/150 [4:19:20<2:56:04, 165.07s/it]Best trial: 57. Best value: 0.619304:  58%|█████▊    | 87/150 [4:19:20<2:48:36, 160.59s/it]                                                                                           Best trial: 57. Best value: 0.619304:  58%|█████▊    | 87/150 [4:22:08<2:48:36, 160.59s/it]Best trial: 57. Best value: 0.619304:  58%|█████▊    | 87/150 [4:22:08<2:48:36, 160.59s/it]Best trial: 57. Best value: 0.619304:  59%|█████▊    | 88/150 [4:22:08<2:48:17, 162.86s/it]                                                                                           [I 2024-12-30 07:42:20,470] Trial 66 finished with value: 0.49533321015339693 and parameters: {'lr': 0.004111462747276785, 'decay': 0.0018338078906440717, 'batch_size': 64, 'nheads': 1, 'project_to': 32, 'hidden_size': 64, 'num_layers': 1, 'dropout': 0.19065059568761614, 'alpha': 0.8322007421506583, 'aug_choice': 5}. Best is trial 57 with value: 0.6193042196249754.
[I 2024-12-30 07:44:11,271] Trial 67 finished with value: 0.5271907047999512 and parameters: {'lr': 0.0009478817332839928, 'decay': 0.0015274189730376865, 'batch_size': 64, 'nheads': 1, 'project_to': 32, 'hidden_size': 32, 'num_layers': 1, 'dropout': 0.25851876869604323, 'alpha': 0.9650717350381878, 'aug_choice': 8}. Best is trial 57 with value: 0.6193042196249754.
[I 2024-12-30 07:45:52,617] Trial 68 finished with value: 0.469754923264163 and parameters: {'lr': 0.001986209630768447, 'decay': 0.0029067536978228184, 'batch_size': 64, 'nheads': 1, 'project_to': 32, 'hidden_size': 32, 'num_layers': 1, 'dropout': 0.22518784827446964, 'alpha': 0.6061044191423268, 'aug_choice': 5}. Best is trial 57 with value: 0.6193042196249754.
[I 2024-12-30 07:47:18,829] Trial 69 finished with value: 0.5203048831975916 and parameters: {'lr': 0.0004815320762318824, 'decay': 0.0046907621754850816, 'batch_size': 64, 'nheads': 1, 'project_to': 32, 'hidden_size': 128, 'num_layers': 2, 'dropout': 0.29504852853932145, 'alpha': 0.6988517465753091, 'aug_choice': 0}. Best is trial 57 with value: 0.6193042196249754.
[I 2024-12-30 07:48:26,608] Trial 70 finished with value: 0.5377231298571759 and parameters: {'lr': 0.0029300044071688502, 'decay': 0.0007146830885262368, 'batch_size': 64, 'nheads': 1, 'project_to': 32, 'hidden_size': 32, 'num_layers': 3, 'dropout': 0.3267522348132034, 'alpha': 0.8579138671452226, 'aug_choice': 4}. Best is trial 57 with value: 0.6193042196249754.
[I 2024-12-30 07:50:56,059] Trial 71 finished with value: 0.566608316008814 and parameters: {'lr': 0.0013037213412181007, 'decay': 0.00021153138828278883, 'batch_size': 64, 'nheads': 1, 'project_to': 32, 'hidden_size': 32, 'num_layers': 1, 'dropout': 0.30058630398790687, 'alpha': 0.7620009738223803, 'aug_choice': 7}. Best is trial 57 with value: 0.6193042196249754.
[I 2024-12-30 07:52:43,960] Trial 72 finished with value: 0.4711601373101702 and parameters: {'lr': 0.0011808768784389698, 'decay': 0.00019138737546878305, 'batch_size': 64, 'nheads': 1, 'project_to': 32, 'hidden_size': 32, 'num_layers': 1, 'dropout': 0.35539597899539777, 'alpha': 0.7303601653967103, 'aug_choice': 8}. Best is trial 57 with value: 0.6193042196249754.
[I 2024-12-30 07:54:46,988] Trial 73 finished with value: 0.49275305145892506 and parameters: {'lr': 0.0005817624890029553, 'decay': 0.0008785596366554657, 'batch_size': 64, 'nheads': 1, 'project_to': 32, 'hidden_size': 32, 'num_layers': 1, 'dropout': 0.2717262690445166, 'alpha': 0.6369197876105183, 'aug_choice': 2}. Best is trial 57 with value: 0.6193042196249754.
[I 2024-12-30 07:56:05,096] Trial 74 finished with value: 0.5184406632940469 and parameters: {'lr': 0.0007524698857775512, 'decay': 0.0012033747942967264, 'batch_size': 64, 'nheads': 1, 'project_to': 32, 'hidden_size': 32, 'num_layers': 1, 'dropout': 0.23187478850801302, 'alpha': 0.7953332381546842, 'aug_choice': 6}. Best is trial 57 with value: 0.6193042196249754.
[I 2024-12-30 07:58:05,957] Trial 75 finished with value: 0.523965417147583 and parameters: {'lr': 0.0010324536337189057, 'decay': 0.00037214643631254367, 'batch_size': 64, 'nheads': 1, 'project_to': 32, 'hidden_size': 32, 'num_layers': 1, 'dropout': 0.2961259611474698, 'alpha': 0.7599122504255874, 'aug_choice': 5}. Best is trial 57 with value: 0.6193042196249754.
[I 2024-12-30 08:01:16,722] Trial 76 finished with value: 0.5688351620477878 and parameters: {'lr': 0.0003465732869197494, 'decay': 0.00021650297826889488, 'batch_size': 64, 'nheads': 1, 'project_to': 32, 'hidden_size': 32, 'num_layers': 1, 'dropout': 0.20543561707011088, 'alpha': 0.9098258406556317, 'aug_choice': 1}. Best is trial 57 with value: 0.6193042196249754.
[I 2024-12-30 08:04:10,731] Trial 77 finished with value: 0.5553185958985919 and parameters: {'lr': 0.0003857496309261885, 'decay': 0.00025844928331047963, 'batch_size': 64, 'nheads': 1, 'project_to': 32, 'hidden_size': 32, 'num_layers': 1, 'dropout': 0.19985224434435722, 'alpha': 0.9315163967044874, 'aug_choice': 1}. Best is trial 57 with value: 0.6193042196249754.
[I 2024-12-30 08:06:50,544] Trial 78 finished with value: 0.5223356629169114 and parameters: {'lr': 0.00036370828561941643, 'decay': 0.00032296428899283186, 'batch_size': 64, 'nheads': 1, 'project_to': 32, 'hidden_size': 32, 'num_layers': 1, 'dropout': 0.1942604088507372, 'alpha': 0.9350929881803133, 'aug_choice': 1}. Best is trial 57 with value: 0.6193042196249754.
[I 2024-12-30 08:09:29,844] Trial 79 finished with value: 0.47019552794538644 and parameters: {'lr': 0.0006707497506421118, 'decay': 0.00025761351893629087, 'batch_size': 128, 'nheads': 2, 'project_to': 32, 'hidden_size': 128, 'num_layers': 1, 'dropout': 0.10640796435438926, 'alpha': 1.1591727189694923, 'aug_choice': 1}. Best is trial 57 with value: 0.6193042196249754.
[I 2024-12-30 08:12:15,299] Trial 80 finished with value: 0.522363766994027 and parameters: {'lr': 0.0004067279310793446, 'decay': 0.00021718350246237173, 'batch_size': 64, 'nheads': 1, 'project_to': 128, 'hidden_size': 32, 'num_layers': 2, 'dropout': 0.16990051560863195, 'alpha': 1.0856573297726715, 'aug_choice': 1}. Best is trial 57 with value: 0.6193042196249754.
[I 2024-12-30 08:15:10,824] Trial 81 finished with value: 0.560977081478599 and parameters: {'lr': 0.0005097898794318334, 'decay': 0.000140164719340177, 'batch_size': 64, 'nheads': 1, 'project_to': 32, 'hidden_size': 32, 'num_layers': 1, 'dropout': 0.2377764571105139, 'alpha': 0.9895901236822974, 'aug_choice': 1}. Best is trial 57 with value: 0.6193042196249754.
[I 2024-12-30 08:17:48,919] Trial 82 finished with value: 0.5411583894052947 and parameters: {'lr': 0.0005246115129558487, 'decay': 0.00017936957787332506, 'batch_size': 64, 'nheads': 1, 'project_to': 32, 'hidden_size': 32, 'num_layers': 1, 'dropout': 0.24065123069652883, 'alpha': 1.0156505476192619, 'aug_choice': 1}. Best is trial 57 with value: 0.6193042196249754.
[I 2024-12-30 08:20:33,032] Trial 83 finished with value: 0.5230828097480378 and parameters: {'lr': 0.0003094561066331952, 'decay': 0.00023588207827874476, 'batch_size': 64, 'nheads': 1, 'project_to': 32, 'hidden_size': 32, 'num_layers': 1, 'dropout': 0.21487445813403402, 'alpha': 0.90780411144528, 'aug_choice': 1}. Best is trial 57 with value: 0.6193042196249754.
[I 2024-12-30 08:23:13,831] Trial 84 finished with value: 0.5050679457277053 and parameters: {'lr': 0.0006121964565479391, 'decay': 9.434554531082353e-05, 'batch_size': 64, 'nheads': 1, 'project_to': 32, 'hidden_size': 32, 'num_layers': 1, 'dropout': 0.1840224690353809, 'alpha': 0.9550188902839781, 'aug_choice': 1}. Best is trial 57 with value: 0.6193042196249754.
[I 2024-12-30 08:26:07,138] Trial 85 finished with value: 0.5240646996061382 and parameters: {'lr': 0.0003908033280195897, 'decay': 0.00014405089156442177, 'batch_size': 64, 'nheads': 4, 'project_to': 32, 'hidden_size': 32, 'num_layers': 1, 'dropout': 0.3126176307490858, 'alpha': 1.0092854130495708, 'aug_choice': 1}. Best is trial 57 with value: 0.6193042196249754.
[I 2024-12-30 08:28:37,260] Trial 86 finished with value: 0.5412018242366188 and parameters: {'lr': 0.0013309922382068898, 'decay': 0.0005127466305592224, 'batch_size': 64, 'nheads': 1, 'project_to': 32, 'hidden_size': 64, 'num_layers': 1, 'dropout': 0.15160742874601044, 'alpha': 0.1695430150172006, 'aug_choice': 1}. Best is trial 57 with value: 0.6193042196249754.
[I 2024-12-30 08:31:25,415] Trial 87 finished with value: 0.5275123780005407 and parameters: {'lr': 0.00027548313183169365, 'decay': 0.0001833901586308728, 'batch_size': 128, 'nheads': 2, 'project_to': 32, 'hidden_size': 32, 'num_layers': 1, 'dropout': 0.2087840880286787, 'alpha': 0.857912726772211, 'aug_choice': 2}. Best is trial 57 with value: 0.6193042196249754.
