Best trial: 41. Best value: 0.56679:  59%|█████▊    | 88/150 [5:33:52<2:23:37, 138.99s/it]Best trial: 41. Best value: 0.56679:  59%|█████▊    | 88/150 [5:33:52<2:23:37, 138.99s/it]Best trial: 41. Best value: 0.56679:  59%|█████▉    | 89/150 [5:33:52<2:01:29, 119.49s/it]                                                                                          Best trial: 41. Best value: 0.56679:  59%|█████▉    | 89/150 [5:36:09<2:01:29, 119.49s/it]Best trial: 41. Best value: 0.56679:  59%|█████▉    | 89/150 [5:36:09<2:01:29, 119.49s/it]Best trial: 41. Best value: 0.56679:  60%|██████    | 90/150 [5:36:09<2:04:57, 124.96s/it]                                                                                          Best trial: 41. Best value: 0.56679:  60%|██████    | 90/150 [5:42:28<2:04:57, 124.96s/it]Best trial: 41. Best value: 0.56679:  60%|██████    | 90/150 [5:42:28<2:04:57, 124.96s/it]Best trial: 41. Best value: 0.56679:  61%|██████    | 91/150 [5:42:28<3:17:38, 200.99s/it]                                                                                          Best trial: 41. Best value: 0.56679:  61%|██████    | 91/150 [5:49:12<3:17:38, 200.99s/it]Best trial: 41. Best value: 0.56679:  61%|██████    | 91/150 [5:49:12<3:17:38, 200.99s/it]Best trial: 41. Best value: 0.56679:  61%|██████▏   | 92/150 [5:49:12<4:13:11, 261.92s/it]                                                                                          Best trial: 41. Best value: 0.56679:  61%|██████▏   | 92/150 [5:55:32<4:13:11, 261.92s/it]Best trial: 41. Best value: 0.56679:  61%|██████▏   | 92/150 [5:55:32<4:13:11, 261.92s/it]Best trial: 41. Best value: 0.56679:  62%|██████▏   | 93/150 [5:55:32<4:42:36, 297.49s/it]                                                                                          Best trial: 41. Best value: 0.56679:  62%|██████▏   | 93/150 [6:02:48<4:42:36, 297.49s/it]Best trial: 41. Best value: 0.56679:  62%|██████▏   | 93/150 [6:02:48<4:42:36, 297.49s/it]Best trial: 41. Best value: 0.56679:  63%|██████▎   | 94/150 [6:02:48<5:16:27, 339.07s/it]                                                                                          Best trial: 41. Best value: 0.56679:  63%|██████▎   | 94/150 [6:08:09<5:16:27, 339.07s/it]Best trial: 41. Best value: 0.56679:  63%|██████▎   | 94/150 [6:08:09<5:16:27, 339.07s/it]Best trial: 41. Best value: 0.56679:  63%|██████▎   | 95/150 [6:08:09<5:05:48, 333.60s/it]                                                                                          Best trial: 41. Best value: 0.56679:  63%|██████▎   | 95/150 [6:10:19<5:05:48, 333.60s/it]Best trial: 41. Best value: 0.56679:  63%|██████▎   | 95/150 [6:10:19<5:05:48, 333.60s/it]Best trial: 41. Best value: 0.56679:  64%|██████▍   | 96/150 [6:10:19<4:05:11, 272.43s/it]                                                                                          Best trial: 41. Best value: 0.56679:  64%|██████▍   | 96/150 [6:12:04<4:05:11, 272.43s/it]Best trial: 41. Best value: 0.56679:  64%|██████▍   | 96/150 [6:12:04<4:05:11, 272.43s/it]Best trial: 41. Best value: 0.56679:  65%|██████▍   | 97/150 [6:12:04<3:16:12, 222.13s/it]                                                                                          Best trial: 41. Best value: 0.56679:  65%|██████▍   | 97/150 [6:13:39<3:16:12, 222.13s/it]Best trial: 97. Best value: 0.577628:  65%|██████▍   | 97/150 [6:13:39<3:16:12, 222.13s/it]Best trial: 97. Best value: 0.577628:  65%|██████▌   | 98/150 [6:13:39<2:39:38, 184.20s/it]                                                                                           Best trial: 97. Best value: 0.577628:  65%|██████▌   | 98/150 [6:15:03<2:39:38, 184.20s/it]Best trial: 97. Best value: 0.577628:  65%|██████▌   | 98/150 [6:15:03<2:39:38, 184.20s/it]Best trial: 97. Best value: 0.577628:  66%|██████▌   | 99/150 [6:15:03<2:10:56, 154.05s/it]                                                                                           Best trial: 97. Best value: 0.577628:  66%|██████▌   | 99/150 [6:16:31<2:10:56, 154.05s/it]Best trial: 97. Best value: 0.577628:  66%|██████▌   | 99/150 [6:16:31<2:10:56, 154.05s/it]Best trial: 97. Best value: 0.577628:  67%|██████▋   | 100/150 [6:16:31<1:51:47, 134.14s/it]                                                                                            Best trial: 97. Best value: 0.577628:  67%|██████▋   | 100/150 [6:18:07<1:51:47, 134.14s/it]Best trial: 97. Best value: 0.577628:  67%|██████▋   | 100/150 [6:18:07<1:51:47, 134.14s/it]Best trial: 97. Best value: 0.577628:  67%|██████▋   | 101/150 [6:18:07<1:40:12, 122.71s/it]                                                                                            Best trial: 97. Best value: 0.577628:  67%|██████▋   | 101/150 [6:19:21<1:40:12, 122.71s/it]Best trial: 97. Best value: 0.577628:  67%|██████▋   | 101/150 [6:19:21<1:40:12, 122.71s/it]Best trial: 97. Best value: 0.577628:  68%|██████▊   | 102/150 [6:19:21<1:26:30, 108.14s/it]                                                                                            Best trial: 97. Best value: 0.577628:  68%|██████▊   | 102/150 [6:20:45<1:26:30, 108.14s/it]Best trial: 97. Best value: 0.577628:  68%|██████▊   | 102/150 [6:20:45<1:26:30, 108.14s/it]Best trial: 97. Best value: 0.577628:  69%|██████▊   | 103/150 [6:20:45<1:19:03, 100.93s/it]                                                                                            Best trial: 97. Best value: 0.577628:  69%|██████▊   | 103/150 [6:22:21<1:19:03, 100.93s/it]Best trial: 97. Best value: 0.577628:  69%|██████▊   | 103/150 [6:22:21<1:19:03, 100.93s/it]Best trial: 97. Best value: 0.577628:  69%|██████▉   | 104/150 [6:22:21<1:16:15, 99.46s/it]                                                                                            Best trial: 97. Best value: 0.577628:  69%|██████▉   | 104/150 [6:24:20<1:16:15, 99.46s/it]Best trial: 97. Best value: 0.577628:  69%|██████▉   | 104/150 [6:24:20<1:16:15, 99.46s/it]Best trial: 97. Best value: 0.577628:  70%|███████   | 105/150 [6:24:20<1:18:58, 105.30s/it]                                                                                            Best trial: 97. Best value: 0.577628:  70%|███████   | 105/150 [6:29:43<1:18:58, 105.30s/it]Best trial: 97. Best value: 0.577628:  70%|███████   | 105/150 [6:29:43<1:18:58, 105.30s/it]Best trial: 97. Best value: 0.577628:  71%|███████   | 106/150 [6:29:43<2:05:02, 170.51s/it]                                                                                            Best trial: 97. Best value: 0.577628:  71%|███████   | 106/150 [6:31:12<2:05:02, 170.51s/it]Best trial: 97. Best value: 0.577628:  71%|███████   | 106/150 [6:31:12<2:05:02, 170.51s/it]Best trial: 97. Best value: 0.577628:  71%|███████▏  | 107/150 [6:31:12<1:44:40, 146.06s/it]                                                                                            Best trial: 97. Best value: 0.577628:  71%|███████▏  | 107/150 [6:36:24<1:44:40, 146.06s/it]Best trial: 97. Best value: 0.577628:  71%|███████▏  | 107/150 [6:36:24<1:44:40, 146.06s/it]Best trial: 97. Best value: 0.577628:  72%|███████▏  | 108/150 [6:36:24<2:17:03, 195.80s/it]                                                                                            Best trial: 97. Best value: 0.577628:  72%|███████▏  | 108/150 [6:37:48<2:17:03, 195.80s/it]Best trial: 97. Best value: 0.577628:  72%|███████▏  | 108/150 [6:37:48<2:17:03, 195.80s/it]Best trial: 97. Best value: 0.577628:  73%|███████▎  | 109/150 [6:37:48<1:50:51, 162.24s/it]                                                                                            Best trial: 97. Best value: 0.577628:  73%|███████▎  | 109/150 [6:44:08<1:50:51, 162.24s/it]Best trial: 97. Best value: 0.577628:  73%|███████▎  | 109/150 [6:44:08<1:50:51, 162.24s/it]Best trial: 97. Best value: 0.577628:  73%|███████▎  | 110/150 [6:44:08<2:31:49, 227.74s/it]                                                                                            [I 2025-01-03 06:31:34,879] Trial 88 finished with value: 0.46982002336326006 and parameters: {'lr': 0.00895119882306719, 'decay': 0.0002877389089113302, 'batch_size': 128, 'nheads': 1, 'project_to': 32, 'hidden_size': 128, 'num_layers': 2, 'dropout': 0.4639522571651591, 'alpha': 0.5725280920151075, 'aug_choice': 0}. Best is trial 41 with value: 0.56678959769374.
[I 2025-01-03 06:33:52,584] Trial 89 finished with value: 0.4270574232150876 and parameters: {'lr': 0.004445218362797489, 'decay': 0.0006381784381464024, 'batch_size': 128, 'nheads': 2, 'project_to': 128, 'hidden_size': 32, 'num_layers': 2, 'dropout': 0.44556482360476074, 'alpha': 0.8267069600304536, 'aug_choice': 8}. Best is trial 41 with value: 0.56678959769374.
[I 2025-01-03 06:40:10,977] Trial 90 finished with value: 0.5638119461372789 and parameters: {'lr': 0.009984035984377181, 'decay': 0.0009231640622596269, 'batch_size': 64, 'nheads': 4, 'project_to': 128, 'hidden_size': 32, 'num_layers': 1, 'dropout': 0.15449227721208658, 'alpha': 0.8675003803714, 'aug_choice': 3}. Best is trial 41 with value: 0.56678959769374.
[I 2025-01-03 06:46:55,059] Trial 91 finished with value: 0.4877588037696431 and parameters: {'lr': 0.009746203163987985, 'decay': 0.0003960463955198272, 'batch_size': 64, 'nheads': 4, 'project_to': 128, 'hidden_size': 32, 'num_layers': 1, 'dropout': 0.11432507190944102, 'alpha': 0.8661411146571663, 'aug_choice': 3}. Best is trial 41 with value: 0.56678959769374.
[I 2025-01-03 06:53:15,555] Trial 92 finished with value: 0.5655238682926237 and parameters: {'lr': 0.005768506859107049, 'decay': 0.00243040342746964, 'batch_size': 64, 'nheads': 4, 'project_to': 128, 'hidden_size': 32, 'num_layers': 1, 'dropout': 0.15488163502074812, 'alpha': 0.7595863060096154, 'aug_choice': 3}. Best is trial 41 with value: 0.56678959769374.
[I 2025-01-03 07:00:31,638] Trial 93 finished with value: 0.49657169671436197 and parameters: {'lr': 0.0059375845023147055, 'decay': 0.0011390542705558165, 'batch_size': 64, 'nheads': 4, 'project_to': 128, 'hidden_size': 32, 'num_layers': 1, 'dropout': 0.15734516909796298, 'alpha': 0.7221324163286487, 'aug_choice': 3}. Best is trial 41 with value: 0.56678959769374.
[I 2025-01-03 07:05:52,493] Trial 94 finished with value: 0.5354925185142153 and parameters: {'lr': 0.007461127407563013, 'decay': 0.00089910172521723, 'batch_size': 64, 'nheads': 4, 'project_to': 128, 'hidden_size': 32, 'num_layers': 1, 'dropout': 0.13243520031735528, 'alpha': 0.9099633343646472, 'aug_choice': 3}. Best is trial 41 with value: 0.56678959769374.
[I 2025-01-03 07:08:02,177] Trial 95 finished with value: 0.44726546508504234 and parameters: {'lr': 0.005449526119010194, 'decay': 0.0005022043049707896, 'batch_size': 64, 'nheads': 4, 'project_to': 128, 'hidden_size': 32, 'num_layers': 1, 'dropout': 0.17204476682600273, 'alpha': 0.9363306601636334, 'aug_choice': 2}. Best is trial 41 with value: 0.56678959769374.
[I 2025-01-03 07:09:46,950] Trial 96 finished with value: 0.5659733901680254 and parameters: {'lr': 0.006696687373874479, 'decay': 0.0006076419795950547, 'batch_size': 64, 'nheads': 1, 'project_to': 128, 'hidden_size': 32, 'num_layers': 1, 'dropout': 0.10300651247552244, 'alpha': 0.7523052709623527, 'aug_choice': 0}. Best is trial 41 with value: 0.56678959769374.
[I 2025-01-03 07:11:22,632] Trial 97 finished with value: 0.5776284715954992 and parameters: {'lr': 0.006521786169864909, 'decay': 0.0006517445538627061, 'batch_size': 64, 'nheads': 1, 'project_to': 128, 'hidden_size': 32, 'num_layers': 1, 'dropout': 0.11480098195351056, 'alpha': 0.7814532310327462, 'aug_choice': 0}. Best is trial 97 with value: 0.5776284715954992.
[I 2025-01-03 07:12:46,346] Trial 98 finished with value: 0.5327318059601663 and parameters: {'lr': 0.0037562838491690866, 'decay': 0.0006339085998363659, 'batch_size': 64, 'nheads': 1, 'project_to': 128, 'hidden_size': 32, 'num_layers': 1, 'dropout': 0.10560793389987265, 'alpha': 0.7643822555671497, 'aug_choice': 0}. Best is trial 97 with value: 0.5776284715954992.
[I 2025-01-03 07:14:14,029] Trial 99 finished with value: 0.5291873191796699 and parameters: {'lr': 0.0026580196587693773, 'decay': 0.0008700853922843113, 'batch_size': 64, 'nheads': 1, 'project_to': 128, 'hidden_size': 32, 'num_layers': 1, 'dropout': 0.10212083261253431, 'alpha': 0.7001626495902646, 'aug_choice': 0}. Best is trial 97 with value: 0.5776284715954992.
[I 2025-01-03 07:15:50,070] Trial 100 finished with value: 0.5444155587017006 and parameters: {'lr': 0.006508987318337981, 'decay': 0.002384959758586975, 'batch_size': 64, 'nheads': 1, 'project_to': 128, 'hidden_size': 32, 'num_layers': 1, 'dropout': 0.11905035332098067, 'alpha': 0.6086638228973817, 'aug_choice': 0}. Best is trial 97 with value: 0.5776284715954992.
[I 2025-01-03 07:17:04,198] Trial 101 finished with value: 0.3711248300382651 and parameters: {'lr': 0.004761555354237387, 'decay': 0.0003825980136198713, 'batch_size': 64, 'nheads': 1, 'project_to': 128, 'hidden_size': 32, 'num_layers': 1, 'dropout': 0.12764224794444798, 'alpha': 0.7989183261022739, 'aug_choice': 0}. Best is trial 97 with value: 0.5776284715954992.
[I 2025-01-03 07:18:28,328] Trial 102 finished with value: 0.5133819130177271 and parameters: {'lr': 0.008811950602074051, 'decay': 0.0016261824702402349, 'batch_size': 64, 'nheads': 1, 'project_to': 128, 'hidden_size': 32, 'num_layers': 1, 'dropout': 0.15233704602553605, 'alpha': 0.8565519988802739, 'aug_choice': 0}. Best is trial 97 with value: 0.5776284715954992.
[I 2025-01-03 07:20:04,339] Trial 103 finished with value: 0.461827836457426 and parameters: {'lr': 0.007946523221004552, 'decay': 0.00045182120661921174, 'batch_size': 64, 'nheads': 1, 'project_to': 128, 'hidden_size': 32, 'num_layers': 2, 'dropout': 0.14093908040071712, 'alpha': 0.763248098254539, 'aug_choice': 0}. Best is trial 97 with value: 0.5776284715954992.
[I 2025-01-03 07:22:03,269] Trial 104 finished with value: 0.4592696478345576 and parameters: {'lr': 0.005875652778853881, 'decay': 0.0006139802611793724, 'batch_size': 64, 'nheads': 1, 'project_to': 128, 'hidden_size': 32, 'num_layers': 1, 'dropout': 0.4211495794866895, 'alpha': 0.8847812056362195, 'aug_choice': 5}. Best is trial 97 with value: 0.5776284715954992.
[I 2025-01-03 07:27:25,937] Trial 105 finished with value: 0.4350037980212442 and parameters: {'lr': 0.006954568728292636, 'decay': 0.0003020611611111408, 'batch_size': 64, 'nheads': 1, 'project_to': 128, 'hidden_size': 32, 'num_layers': 2, 'dropout': 0.48810926818998235, 'alpha': 0.8117427200871021, 'aug_choice': 3}. Best is trial 97 with value: 0.5776284715954992.
[I 2025-01-03 07:28:54,946] Trial 106 finished with value: 0.4374111617817672 and parameters: {'lr': 0.004404654937770061, 'decay': 0.0007650809993234425, 'batch_size': 64, 'nheads': 1, 'project_to': 128, 'hidden_size': 32, 'num_layers': 2, 'dropout': 0.47161504856333375, 'alpha': 1.3175492934181374, 'aug_choice': 0}. Best is trial 97 with value: 0.5776284715954992.
[I 2025-01-03 07:34:06,792] Trial 107 finished with value: 0.4937622282230526 and parameters: {'lr': 0.009904308969742369, 'decay': 0.0004012000867046071, 'batch_size': 64, 'nheads': 2, 'project_to': 128, 'hidden_size': 32, 'num_layers': 1, 'dropout': 0.3973395851323482, 'alpha': 0.835570205911162, 'aug_choice': 3}. Best is trial 97 with value: 0.5776284715954992.
[I 2025-01-03 07:35:30,720] Trial 108 finished with value: 0.4833160791819279 and parameters: {'lr': 0.0051813135338163565, 'decay': 0.0011618341126270395, 'batch_size': 64, 'nheads': 2, 'project_to': 128, 'hidden_size': 32, 'num_layers': 2, 'dropout': 0.5063780748215494, 'alpha': 0.7481153725732641, 'aug_choice': 0}. Best is trial 97 with value: 0.5776284715954992.
[I 2025-01-03 07:41:51,297] Trial 109 finished with value: 0.4543345379421043 and parameters: {'lr': 0.006290374699941844, 'decay': 0.00021910809273026978, 'batch_size': 64, 'nheads': 1, 'project_to': 128, 'hidden_size': 32, 'num_layers': 2, 'dropout': 0.21129601402848275, 'alpha': 0.9780722117127518, 'aug_choice': 3}. Best is trial 97 with value: 0.5776284715954992.
