[I 2024-12-28 12:48:41,928] Trial 33 finished with value: 0.390625 and parameters: {'lr': 3.823825118999372e-05, 'decay': 1.789512809651799e-05, 'batch_size': 64, 'nheads': 4, 'project_to': 64, 'hidden_size': 128, 'num_layers': 2, 'dropout': 0.4113112325173003, 'class_weights': False, 'aug_choice': 6}. Best is trial 3 with value: 0.5795620437956204.
Warning: Some folds may have failed. stderr: /home/ammar/miniconda3/envs/torch/lib/python3.12/site-packages/torch/nn/modules/transformer.py:286: UserWarning: enable_nested_tensor is True, but self.use_nested_tensor is False because encoder_layer.self_attn.num_heads is odd
  warnings.warn(f"enable_nested_tensor is True, but self.use_nested_tensor is False because {why_not_sparsity_fast_path}")
Traceback (most recent call last):
  File "/home/ammar/MultimodalEngagement/src/train_fold.py", line 107, in <module>
    main()
  File "/home/ammar/MultimodalEngagement/src/train_fold.py", line 99, in main
    eval_run.run()
  File "/home/ammar/MultimodalEngagement/src/experiments/evaluation_run.py", line 71, in run
    train_losses, validation_losses = self.training_loop()
                                      ^^^^^^^^^^^^^^^^^^^^
  File "/home/ammar/MultimodalEngagement/src/experiments/evaluation_run.py", line 271, in training_loop
    best_validation_loss = self.validate()
                           ^^^^^^^^^^^^^^^
  File "/home/ammar/MultimodalEngagement/src/experiments/evaluation_run.py", line 260, in validate
    loss = self.forward(x, y, lengths=lengths)
           ^^^^^^^^^^^^^^^^^^^^^^^^^^^^^^^^^^^
  File "/home/ammar/MultimodalEngagement/src/experiments/evaluation_run.py", line 236, in forward
    output = self.model(x, lengths)
             ^^^^^^^^^^^^^^^^^^^^^^
  File "/home/ammar/miniconda3/envs/torch/lib/python3.12/site-packages/torch/nn/modules/module.py", line 1511, in _wrapped_call_impl
    return self._call_impl(*args, **kwargs)
           ^^^^^^^^^^^^^^^^^^^^^^^^^^^^^^^^
  File "/home/ammar/miniconda3/envs/torch/lib/python3.12/site-packages/torch/nn/modules/module.py", line 1520, in _call_impl
    return forward_call(*args, **kwargs)
           ^^^^^^^^^^^^^^^^^^^^^^^^^^^^^
  File "/home/ammar/MultimodalEngagement/src/models/balanced_transformer.py", line 64, in forward
    x = self.encoder(x, src_key_padding_mask=mask)
        ^^^^^^^^^^^^^^^^^^^^^^^^^^^^^^^^^^^^^^^^^^
  File "/home/ammar/miniconda3/envs/torch/lib/python3.12/site-packages/torch/nn/modules/module.py", line 1511, in _wrapped_call_impl
    return self._call_impl(*args, **kwargs)
           ^^^^^^^^^^^^^^^^^^^^^^^^^^^^^^^^
  File "/home/ammar/miniconda3/envs/torch/lib/python3.12/site-packages/torch/nn/modules/module.py", line 1520, in _call_impl
    return forward_call(*args, **kwargs)
           ^^^^^^^^^^^^^^^^^^^^^^^^^^^^^
  File "/home/ammar/miniconda3/envs/torch/lib/python3.12/site-packages/torch/nn/modules/transformer.py", line 391, in forward
    output = mod(output, src_mask=mask, is_causal=is_causal, src_key_padding_mask=src_key_padding_mask_for_layers)
             ^^^^^^^^^^^^^^^^^^^^^^^^^^^^^^^^^^^^^^^^^^^^^^^^^^^^^^^^^^^^^^^^^^^^^^^^^^^^^^^^^^^^^^^^^^^^^^^^^^^^^
  File "/home/ammar/miniconda3/envs/torch/lib/python3.12/site-packages/torch/nn/modules/module.py", line 1511, in _wrapped_call_impl
    return self._call_impl(*args, **kwargs)
           ^^^^^^^^^^^^^^^^^^^^^^^^^^^^^^^^
  File "/home/ammar/miniconda3/envs/torch/lib/python3.12/site-packages/torch/nn/modules/module.py", line 1520, in _call_impl
    return forward_call(*args, **kwargs)
           ^^^^^^^^^^^^^^^^^^^^^^^^^^^^^
  File "/home/ammar/miniconda3/envs/torch/lib/python3.12/site-packages/torch/nn/modules/transformer.py", line 714, in forward
    x = self.norm1(x + self._sa_block(x, src_mask, src_key_padding_mask, is_causal=is_causal))
                       ^^^^^^^^^^^^^^^^^^^^^^^^^^^^^^^^^^^^^^^^^^^^^^^^^^^^^^^^^^^^^^^^^^^^^^
  File "/home/ammar/miniconda3/envs/torch/lib/python3.12/site-packages/torch/nn/modules/transformer.py", line 722, in _sa_block
    x = self.self_attn(x, x, x,
        ^^^^^^^^^^^^^^^^^^^^^^^
  File "/home/ammar/miniconda3/envs/torch/lib/python3.12/site-packages/torch/nn/modules/module.py", line 1511, in _wrapped_call_impl
    return self._call_impl(*args, **kwargs)
           ^^^^^^^^^^^^^^^^^^^^^^^^^^^^^^^^
  File "/home/ammar/miniconda3/envs/torch/lib/python3.12/site-packages/torch/nn/modules/module.py", line 1520, in _call_impl
    return forward_call(*args, **kwargs)
           ^^^^^^^^^^^^^^^^^^^^^^^^^^^^^
  File "/home/ammar/miniconda3/envs/torch/lib/python3.12/site-packages/torch/nn/modules/activation.py", line 1241, in forward
    attn_output, attn_output_weights = F.multi_head_attention_forward(
                                       ^^^^^^^^^^^^^^^^^^^^^^^^^^^^^^^
  File "/home/ammar/miniconda3/envs/torch/lib/python3.12/site-packages/torch/nn/functional.py", line 5336, in multi_head_attention_forward
    q, k, v = _in_projection_packed(query, key, value, in_proj_weight, in_proj_bias)
              ^^^^^^^^^^^^^^^^^^^^^^^^^^^^^^^^^^^^^^^^^^^^^^^^^^^^^^^^^^^^^^^^^^^^^^
  File "/home/ammar/miniconda3/envs/torch/lib/python3.12/site-packages/torch/nn/functional.py", line 4859, in _in_projection_packed
    proj = proj.unflatten(-1, (3, E)).unsqueeze(0).transpose(0, -2).squeeze(-2).contiguous()
           ^^^^^^^^^^^^^^^^^^^^^^^^^^^^^^^^^^^^^^^^^^^^^^^^^^^^^^^^^^^^^^^^^^^^^^^^^^^^^^^^^
torch.cuda.OutOfMemoryError: CUDA out of memory. Tried to allocate 30.00 MiB. GPU 0 has a total capacity of 9.75 GiB of which 22.25 MiB is free. Process 27703 has 622.00 MiB memory in use. Process 27702 has 622.00 MiB memory in use. Process 27707 has 622.00 MiB memory in use. Process 27706 has 622.00 MiB memory in use. Process 27704 has 622.00 MiB memory in use. Process 27705 has 622.00 MiB memory in use. Process 29187 has 466.00 MiB memory in use. Process 29188 has 466.00 MiB memory in use. Process 29190 has 466.00 MiB memory in use. Process 29189 has 466.00 MiB memory in use. Process 29191 has 466.00 MiB memory in use. Process 29186 has 466.00 MiB memory in use. Process 29197 has 338.00 MiB memory in use. Process 29194 has 338.00 MiB memory in use. Process 29199 has 338.00 MiB memory in use. Process 29193 has 338.00 MiB memory in use. Process 29195 has 338.00 MiB memory in use. Process 29192 has 338.00 MiB memory in use. Including non-PyTorch memory, this process has 362.00 MiB memory in use. Process 30025 has 392.00 MiB memory in use. Process 30023 has 236.00 MiB memory in use. Of the allocated memory 66.12 MiB is allocated by PyTorch, and 35.88 MiB is reserved by PyTorch but unallocated. If reserved but unallocated memory is large try setting PYTORCH_CUDA_ALLOC_CONF=expandable_segments:True to avoid fragmentation.  See documentation for Memory Management  (https://pytorch.org/docs/stable/notes/cuda.html#environment-variables)
/home/ammar/miniconda3/envs/torch/lib/python3.12/site-packages/torch/nn/modules/transformer.py:286: UserWarning: enable_nested_tensor is True, but self.use_nested_tensor is False because encoder_layer.self_attn.num_heads is odd
  warnings.warn(f"enable_nested_tensor is True, but self.use_nested_tensor is False because {why_not_sparsity_fast_path}")
Traceback (most recent call last):
  File "/home/ammar/MultimodalEngagement/src/train_fold.py", line 107, in <module>
    main()
  File "/home/ammar/MultimodalEngagement/src/train_fold.py", line 99, in main
    eval_run.run()
  File "/home/ammar/MultimodalEngagement/src/experiments/evaluation_run.py", line 71, in run
    train_losses, validation_losses = self.training_loop()
                                      ^^^^^^^^^^^^^^^^^^^^
  File "/home/ammar/MultimodalEngagement/src/experiments/evaluation_run.py", line 271, in training_loop
    best_validation_loss = self.validate()
                           ^^^^^^^^^^^^^^^
  File "/home/ammar/MultimodalEngagement/src/experiments/evaluation_run.py", line 260, in validate
    loss = self.forward(x, y, lengths=lengths)
           ^^^^^^^^^^^^^^^^^^^^^^^^^^^^^^^^^^^
  File "/home/ammar/MultimodalEngagement/src/experiments/evaluation_run.py", line 236, in forward
    output = self.model(x, lengths)
             ^^^^^^^^^^^^^^^^^^^^^^
  File "/home/ammar/miniconda3/envs/torch/lib/python3.12/site-packages/torch/nn/modules/module.py", line 1511, in _wrapped_call_impl
    return self._call_impl(*args, **kwargs)
           ^^^^^^^^^^^^^^^^^^^^^^^^^^^^^^^^
  File "/home/ammar/miniconda3/envs/torch/lib/python3.12/site-packages/torch/nn/modules/module.py", line 1520, in _call_impl
    return forward_call(*args, **kwargs)
           ^^^^^^^^^^^^^^^^^^^^^^^^^^^^^
  File "/home/ammar/MultimodalEngagement/src/models/balanced_transformer.py", line 52, in forward
    mask = torch.arange(max_len, device=x.device)[None, :] >= lengths[:, None]
           ^^^^^^^^^^^^^^^^^^^^^^^^^^^^^^^^^^^^^^^^^^^^^^^^^^^^^^^^^^^^^^^^^^^
RuntimeError: CUDA error: out of memory
CUDA kernel errors might be asynchronously reported at some other API call, so the stacktrace below might be incorrect.
For debugging consider passing CUDA_LAUNCH_BLOCKING=1.
Compile with `TORCH_USE_CUDA_DSA` to enable device-side assertions.

/home/ammar/miniconda3/envs/torch/lib/python3.12/site-packages/torch/nn/modules/transformer.py:286: UserWarning: enable_nested_tensor is True, but self.use_nested_tensor is False because encoder_layer.self_attn.num_heads is odd
  warnings.warn(f"enable_nested_tensor is True, but self.use_nested_tensor is False because {why_not_sparsity_fast_path}")
Traceback (most recent call last):
  File "/home/ammar/MultimodalEngagement/src/train_fold.py", line 107, in <module>
    main()
  File "/home/ammar/MultimodalEngagement/src/train_fold.py", line 99, in main
    eval_run.run()
  File "/home/ammar/MultimodalEngagement/src/experiments/evaluation_run.py", line 69, in run
    self.define_model()
  File "/home/ammar/MultimodalEngagement/src/experiments/evaluation_run.py", line 177, in define_model
    self.model.to(self.device)
  File "/home/ammar/miniconda3/envs/torch/lib/python3.12/site-packages/torch/nn/modules/module.py", line 1152, in to
    return self._apply(convert)
           ^^^^^^^^^^^^^^^^^^^^
  File "/home/ammar/miniconda3/envs/torch/lib/python3.12/site-packages/torch/nn/modules/module.py", line 802, in _apply
    module._apply(fn)
  File "/home/ammar/miniconda3/envs/torch/lib/python3.12/site-packages/torch/nn/modules/module.py", line 802, in _apply
    module._apply(fn)
  File "/home/ammar/miniconda3/envs/torch/lib/python3.12/site-packages/torch/nn/modules/module.py", line 825, in _apply
    param_applied = fn(param)
                    ^^^^^^^^^
  File "/home/ammar/miniconda3/envs/torch/lib/python3.12/site-packages/torch/nn/modules/module.py", line 1150, in convert
    return t.to(device, dtype if t.is_floating_point() or t.is_complex() else None, non_blocking)
           ^^^^^^^^^^^^^^^^^^^^^^^^^^^^^^^^^^^^^^^^^^^^^^^^^^^^^^^^^^^^^^^^^^^^^^^^^^^^^^^^^^^^^^
RuntimeError: CUDA error: out of memory
CUDA kernel errors might be asynchronously reported at some other API call, so the stacktrace below might be incorrect.
For debugging consider passing CUDA_LAUNCH_BLOCKING=1.
Compile with `TORCH_USE_CUDA_DSA` to enable device-side assertions.

/home/ammar/miniconda3/envs/torch/lib/python3.12/site-packages/torch/nn/modules/transformer.py:286: UserWarning: enable_nested_tensor is True, but self.use_nested_tensor is False because encoder_layer.self_attn.num_heads is odd
  warnings.warn(f"enable_nested_tensor is True, but self.use_nested_tensor is False because {why_not_sparsity_fast_path}")
Traceback (most recent call last):
  File "/home/ammar/MultimodalEngagement/src/train_fold.py", line 107, in <module>
    main()
  File "/home/ammar/MultimodalEngagement/src/train_fold.py", line 99, in main
    eval_run.run()
  File "/home/ammar/MultimodalEngagement/src/experiments/evaluation_run.py", line 71, in run
    train_losses, validation_losses = self.training_loop()
                                      ^^^^^^^^^^^^^^^^^^^^
  File "/home/ammar/MultimodalEngagement/src/experiments/evaluation_run.py", line 271, in training_loop
    best_validation_loss = self.validate()
                           ^^^^^^^^^^^^^^^
  File "/home/ammar/MultimodalEngagement/src/experiments/evaluation_run.py", line 260, in validate
    loss = self.forward(x, y, lengths=lengths)
           ^^^^^^^^^^^^^^^^^^^^^^^^^^^^^^^^^^^
  File "/home/ammar/MultimodalEngagement/src/experiments/evaluation_run.py", line 236, in forward
    output = self.model(x, lengths)
             ^^^^^^^^^^^^^^^^^^^^^^
  File "/home/ammar/miniconda3/envs/torch/lib/python3.12/site-packages/torch/nn/modules/module.py", line 1511, in _wrapped_call_impl
    return self._call_impl(*args, **kwargs)
           ^^^^^^^^^^^^^^^^^^^^^^^^^^^^^^^^
  File "/home/ammar/miniconda3/envs/torch/lib/python3.12/site-packages/torch/nn/modules/module.py", line 1520, in _call_impl
    return forward_call(*args, **kwargs)
           ^^^^^^^^^^^^^^^^^^^^^^^^^^^^^
  File "/home/ammar/MultimodalEngagement/src/models/balanced_transformer.py", line 58, in forward
    x = self.projection(x)
        ^^^^^^^^^^^^^^^^^^
  File "/home/ammar/miniconda3/envs/torch/lib/python3.12/site-packages/torch/nn/modules/module.py", line 1511, in _wrapped_call_impl
    return self._call_impl(*args, **kwargs)
           ^^^^^^^^^^^^^^^^^^^^^^^^^^^^^^^^
  File "/home/ammar/miniconda3/envs/torch/lib/python3.12/site-packages/torch/nn/modules/module.py", line 1520, in _call_impl
    return forward_call(*args, **kwargs)
           ^^^^^^^^^^^^^^^^^^^^^^^^^^^^^
  File "/home/ammar/miniconda3/envs/torch/lib/python3.12/site-packages/torch/nn/modules/container.py", line 217, in forward
    input = module(input)
            ^^^^^^^^^^^^^
  File "/home/ammar/miniconda3/envs/torch/lib/python3.12/site-packages/torch/nn/modules/module.py", line 1511, in _wrapped_call_impl
    return self._call_impl(*args, **kwargs)
           ^^^^^^^^^^^^^^^^^^^^^^^^^^^^^^^^
  File "/home/ammar/miniconda3/envs/torch/lib/python3.12/site-packages/torch/nn/modules/module.py", line 1520, in _call_impl
    return forward_call(*args, **kwargs)
           ^^^^^^^^^^^^^^^^^^^^^^^^^^^^^
  File "/home/ammar/miniconda3/envs/torch/lib/python3.12/site-packages/torch/nn/modules/linear.py", line 116, in forward
    return F.linear(input, self.weight, self.bias)
           ^^^^^^^^^^^^^^^^^^^^^^^^^^^^^^^^^^^^^^^
torch.cuda.OutOfMemoryError: CUDA out of memory. Tried to allocate 20.00 MiB. GPU 0 has a total capacity of 9.75 GiB of which 10.81 MiB is free. Process 27703 has 622.00 MiB memory in use. Process 27702 has 622.00 MiB memory in use. Process 27707 has 622.00 MiB memory in use. Process 27706 has 622.00 MiB memory in use. Process 27704 has 622.00 MiB memory in use. Process 27705 has 622.00 MiB memory in use. Process 29187 has 466.00 MiB memory in use. Process 29188 has 466.00 MiB memory in use. Process 29190 has 466.00 MiB memory in use. Process 29189 has 466.00 MiB memory in use. Process 29191 has 466.00 MiB memory in use. Process 29186 has 466.00 MiB memory in use. Process 29197 has 338.00 MiB memory in use. Process 29194 has 338.00 MiB memory in use. Process 29199 has 338.00 MiB memory in use. Process 29193 has 338.00 MiB memory in use. Process 29195 has 338.00 MiB memory in use. Process 29192 has 338.00 MiB memory in use. Process 30025 has 722.00 MiB memory in use. Including non-PyTorch memory, this process has 282.00 MiB memory in use. Of the allocated memory 21.35 MiB is allocated by PyTorch, and 670.00 KiB is reserved by PyTorch but unallocated. If reserved but unallocated memory is large try setting PYTORCH_CUDA_ALLOC_CONF=expandable_segments:True to avoid fragmentation.  See documentation for Memory Management  (https://pytorch.org/docs/stable/notes/cuda.html#environment-variables)
/home/ammar/miniconda3/envs/torch/lib/python3.12/site-packages/torch/nn/modules/transformer.py:286: UserWarning: enable_nested_tensor is True, but self.use_nested_tensor is False because encoder_layer.self_attn.num_heads is odd
  warnings.warn(f"enable_nested_tensor is True, but self.use_nested_tensor is False because {why_not_sparsity_fast_path}")
Traceback (most recent call last):
  File "/home/ammar/MultimodalEngagement/src/train_fold.py", line 107, in <module>
    main()
  File "/home/ammar/MultimodalEngagement/src/train_fold.py", line 99, in main
    eval_run.run()
  File "/home/ammar/MultimodalEngagement/src/experiments/evaluation_run.py", line 69, in run
    self.define_model()
  File "/home/ammar/MultimodalEngagement/src/experiments/evaluation_run.py", line 177, in define_model
    self.model.to(self.device)
  File "/home/ammar/miniconda3/envs/torch/lib/python3.12/site-packages/torch/nn/modules/module.py", line 1152, in to
    return self._apply(convert)
           ^^^^^^^^^^^^^^^^^^^^
  File "/home/ammar/miniconda3/envs/torch/lib/python3.12/site-packages/torch/nn/modules/module.py", line 802, in _apply
    module._apply(fn)
  File "/home/ammar/miniconda3/envs/torch/lib/python3.12/site-packages/torch/nn/modules/module.py", line 802, in _apply
    module._apply(fn)
  File "/home/ammar/miniconda3/envs/torch/lib/python3.12/site-packages/torch/nn/modules/module.py", line 825, in _apply
    param_applied = fn(param)
                    ^^^^^^^^^
  File "/home/ammar/miniconda3/envs/torch/lib/python3.12/site-packages/torch/nn/modules/module.py", line 1150, in convert
    return t.to(device, dtype if t.is_floating_point() or t.is_complex() else None, non_blocking)
           ^^^^^^^^^^^^^^^^^^^^^^^^^^^^^^^^^^^^^^^^^^^^^^^^^^^^^^^^^^^^^^^^^^^^^^^^^^^^^^^^^^^^^^
RuntimeError: CUDA error: out of memory
CUDA kernel errors might be asynchronously reported at some other API call, so the stacktrace below might be incorrect.
For debugging consider passing CUDA_LAUNCH_BLOCKING=1.
Compile with `TORCH_USE_CUDA_DSA` to enable device-side assertions.

/home/ammar/miniconda3/envs/torch/lib/python3.12/site-packages/torch/nn/modules/transformer.py:286: UserWarning: enable_nested_tensor is True, but self.use_nested_tensor is False because encoder_layer.self_attn.num_heads is odd
  warnings.warn(f"enable_nested_tensor is True, but self.use_nested_tensor is False because {why_not_sparsity_fast_path}")
Traceback (most recent call last):
  File "/home/ammar/MultimodalEngagement/src/train_fold.py", line 107, in <module>
    main()
  File "/home/ammar/MultimodalEngagement/src/train_fold.py", line 99, in main
    eval_run.run()
  File "/home/ammar/MultimodalEngagement/src/experiments/evaluation_run.py", line 71, in run
    train_losses, validation_losses = self.training_loop()
                                      ^^^^^^^^^^^^^^^^^^^^
  File "/home/ammar/MultimodalEngagement/src/experiments/evaluation_run.py", line 271, in training_loop
    best_validation_loss = self.validate()
                           ^^^^^^^^^^^^^^^
  File "/home/ammar/MultimodalEngagement/src/experiments/evaluation_run.py", line 260, in validate
    loss = self.forward(x, y, lengths=lengths)
           ^^^^^^^^^^^^^^^^^^^^^^^^^^^^^^^^^^^
  File "/home/ammar/MultimodalEngagement/src/experiments/evaluation_run.py", line 236, in forward
    output = self.model(x, lengths)
             ^^^^^^^^^^^^^^^^^^^^^^
  File "/home/ammar/miniconda3/envs/torch/lib/python3.12/site-packages/torch/nn/modules/module.py", line 1511, in _wrapped_call_impl
    return self._call_impl(*args, **kwargs)
           ^^^^^^^^^^^^^^^^^^^^^^^^^^^^^^^^
  File "/home/ammar/miniconda3/envs/torch/lib/python3.12/site-packages/torch/nn/modules/module.py", line 1520, in _call_impl
    return forward_call(*args, **kwargs)
           ^^^^^^^^^^^^^^^^^^^^^^^^^^^^^
  File "/home/ammar/MultimodalEngagement/src/models/balanced_transformer.py", line 58, in forward
    x = self.projection(x)
        ^^^^^^^^^^^^^^^^^^
  File "/home/ammar/miniconda3/envs/torch/lib/python3.12/site-packages/torch/nn/modules/module.py", line 1511, in _wrapped_call_impl
    return self._call_impl(*args, **kwargs)
           ^^^^^^^^^^^^^^^^^^^^^^^^^^^^^^^^
  File "/home/ammar/miniconda3/envs/torch/lib/python3.12/site-packages/torch/nn/modules/module.py", line 1520, in _call_impl
    return forward_call(*args, **kwargs)
           ^^^^^^^^^^^^^^^^^^^^^^^^^^^^^
  File "/home/ammar/miniconda3/envs/torch/lib/python3.12/site-packages/torch/nn/modules/container.py", line 217, in forward
    input = module(input)
            ^^^^^^^^^^^^^
  File "/home/ammar/miniconda3/envs/torch/lib/python3.12/site-packages/torch/nn/modules/module.py", line 1511, in _wrapped_call_impl
    return self._call_impl(*args, **kwargs)
           ^^^^^^^^^^^^^^^^^^^^^^^^^^^^^^^^
  File "/home/ammar/miniconda3/envs/torch/lib/python3.12/site-packages/torch/nn/modules/module.py", line 1520, in _call_impl
    return forward_call(*args, **kwargs)
           ^^^^^^^^^^^^^^^^^^^^^^^^^^^^^
  File "/home/ammar/miniconda3/envs/torch/lib/python3.12/site-packages/torch/nn/modules/linear.py", line 116, in forward
    return F.linear(input, self.weight, self.bias)
           ^^^^^^^^^^^^^^^^^^^^^^^^^^^^^^^^^^^^^^^
torch.cuda.OutOfMemoryError: CUDA out of memory. Tried to allocate 20.00 MiB. GPU 0 has a total capacity of 9.75 GiB of which 10.81 MiB is free. Process 27703 has 622.00 MiB memory in use. Process 27702 has 622.00 MiB memory in use. Process 27707 has 622.00 MiB memory in use. Process 27706 has 622.00 MiB memory in use. Process 27704 has 622.00 MiB memory in use. Process 27705 has 622.00 MiB memory in use. Process 29187 has 466.00 MiB memory in use. Process 29188 has 466.00 MiB memory in use. Process 29190 has 466.00 MiB memory in use. Process 29189 has 466.00 MiB memory in use. Process 29191 has 466.00 MiB memory in use. Process 29186 has 466.00 MiB memory in use. Process 29197 has 338.00 MiB memory in use. Process 29194 has 338.00 MiB memory in use. Process 29199 has 338.00 MiB memory in use. Process 29193 has 338.00 MiB memory in use. Process 29195 has 338.00 MiB memory in use. Process 29192 has 338.0