Best trial: 11. Best value: 0.55515:  29%|██▉       | 44/150 [2:10:00<5:04:11, 172.19s/it]Best trial: 11. Best value: 0.55515:  29%|██▉       | 44/150 [2:10:00<5:04:11, 172.19s/it]Best trial: 11. Best value: 0.55515:  30%|███       | 45/150 [2:10:00<4:18:31, 147.73s/it]                                                                                          Best trial: 11. Best value: 0.55515:  30%|███       | 45/150 [2:11:14<4:18:31, 147.73s/it]Best trial: 11. Best value: 0.55515:  30%|███       | 45/150 [2:11:14<4:18:31, 147.73s/it]Best trial: 11. Best value: 0.55515:  31%|███       | 46/150 [2:11:14<3:37:40, 125.58s/it]                                                                                          Best trial: 11. Best value: 0.55515:  31%|███       | 46/150 [2:12:27<3:37:40, 125.58s/it]Best trial: 11. Best value: 0.55515:  31%|███       | 46/150 [2:12:27<3:37:40, 125.58s/it]Best trial: 11. Best value: 0.55515:  31%|███▏      | 47/150 [2:12:27<3:08:29, 109.80s/it]                                                                                          Best trial: 11. Best value: 0.55515:  31%|███▏      | 47/150 [2:13:49<3:08:29, 109.80s/it]Best trial: 11. Best value: 0.55515:  31%|███▏      | 47/150 [2:13:49<3:08:29, 109.80s/it]Best trial: 11. Best value: 0.55515:  32%|███▏      | 48/150 [2:13:49<2:52:33, 101.50s/it]                                                                                          Best trial: 11. Best value: 0.55515:  32%|███▏      | 48/150 [2:15:08<2:52:33, 101.50s/it]Best trial: 11. Best value: 0.55515:  32%|███▏      | 48/150 [2:15:08<2:52:33, 101.50s/it]Best trial: 11. Best value: 0.55515:  33%|███▎      | 49/150 [2:15:08<2:39:38, 94.84s/it]                                                                                          Best trial: 11. Best value: 0.55515:  33%|███▎      | 49/150 [2:20:29<2:39:38, 94.84s/it]Best trial: 11. Best value: 0.55515:  33%|███▎      | 49/150 [2:20:29<2:39:38, 94.84s/it]Best trial: 11. Best value: 0.55515:  33%|███▎      | 50/150 [2:20:29<4:30:53, 162.53s/it]                                                                                          Best trial: 11. Best value: 0.55515:  33%|███▎      | 50/150 [2:22:51<4:30:53, 162.53s/it]Best trial: 11. Best value: 0.55515:  33%|███▎      | 50/150 [2:22:51<4:30:53, 162.53s/it]Best trial: 11. Best value: 0.55515:  34%|███▍      | 51/150 [2:22:51<4:17:57, 156.34s/it]                                                                                          Best trial: 11. Best value: 0.55515:  34%|███▍      | 51/150 [2:24:57<4:17:57, 156.34s/it]Best trial: 11. Best value: 0.55515:  34%|███▍      | 51/150 [2:24:57<4:17:57, 156.34s/it]Best trial: 11. Best value: 0.55515:  35%|███▍      | 52/150 [2:24:57<4:00:30, 147.25s/it]                                                                                          Best trial: 11. Best value: 0.55515:  35%|███▍      | 52/150 [2:26:21<4:00:30, 147.25s/it]Best trial: 11. Best value: 0.55515:  35%|███▍      | 52/150 [2:26:21<4:00:30, 147.25s/it]Best trial: 11. Best value: 0.55515:  35%|███▌      | 53/150 [2:26:21<3:27:41, 128.47s/it]                                                                                          Best trial: 11. Best value: 0.55515:  35%|███▌      | 53/150 [2:29:57<3:27:41, 128.47s/it]Best trial: 11. Best value: 0.55515:  35%|███▌      | 53/150 [2:29:57<3:27:41, 128.47s/it]Best trial: 11. Best value: 0.55515:  36%|███▌      | 54/150 [2:29:57<4:07:20, 154.58s/it]                                                                                          Best trial: 11. Best value: 0.55515:  36%|███▌      | 54/150 [2:32:00<4:07:20, 154.58s/it]Best trial: 11. Best value: 0.55515:  36%|███▌      | 54/150 [2:32:00<4:07:20, 154.58s/it]Best trial: 11. Best value: 0.55515:  37%|███▋      | 55/150 [2:32:00<3:49:47, 145.13s/it]                                                                                          Best trial: 11. Best value: 0.55515:  37%|███▋      | 55/150 [2:34:10<3:49:47, 145.13s/it]Best trial: 11. Best value: 0.55515:  37%|███▋      | 55/150 [2:34:10<3:49:47, 145.13s/it]Best trial: 11. Best value: 0.55515:  37%|███▋      | 56/150 [2:34:10<3:40:24, 140.69s/it]                                                                                          Best trial: 11. Best value: 0.55515:  37%|███▋      | 56/150 [2:36:21<3:40:24, 140.69s/it]Best trial: 11. Best value: 0.55515:  37%|███▋      | 56/150 [2:36:21<3:40:24, 140.69s/it]Best trial: 11. Best value: 0.55515:  38%|███▊      | 57/150 [2:36:21<3:33:24, 137.68s/it]                                                                                          Best trial: 11. Best value: 0.55515:  38%|███▊      | 57/150 [2:38:45<3:33:24, 137.68s/it]Best trial: 11. Best value: 0.55515:  38%|███▊      | 57/150 [2:38:45<3:33:24, 137.68s/it]Best trial: 11. Best value: 0.55515:  39%|███▊      | 58/150 [2:38:45<3:34:11, 139.69s/it]                                                                                          Best trial: 11. Best value: 0.55515:  39%|███▊      | 58/150 [2:42:02<3:34:11, 139.69s/it]Best trial: 11. Best value: 0.55515:  39%|███▊      | 58/150 [2:42:02<3:34:11, 139.69s/it]Best trial: 11. Best value: 0.55515:  39%|███▉      | 59/150 [2:42:02<3:57:38, 156.69s/it]                                                                                          Best trial: 11. Best value: 0.55515:  39%|███▉      | 59/150 [2:46:52<3:57:38, 156.69s/it]Best trial: 11. Best value: 0.55515:  39%|███▉      | 59/150 [2:46:52<3:57:38, 156.69s/it]Best trial: 11. Best value: 0.55515:  40%|████      | 60/150 [2:46:52<4:55:05, 196.73s/it]                                                                                          Best trial: 11. Best value: 0.55515:  40%|████      | 60/150 [2:48:44<4:55:05, 196.73s/it]Best trial: 60. Best value: 0.594903:  40%|████      | 60/150 [2:48:44<4:55:05, 196.73s/it]Best trial: 60. Best value: 0.594903:  41%|████      | 61/150 [2:48:44<4:14:11, 171.37s/it]                                                                                           Best trial: 60. Best value: 0.594903:  41%|████      | 61/150 [2:50:54<4:14:11, 171.37s/it]Best trial: 60. Best value: 0.594903:  41%|████      | 61/150 [2:50:54<4:14:11, 171.37s/it]Best trial: 60. Best value: 0.594903:  41%|████▏     | 62/150 [2:50:54<3:52:57, 158.83s/it]                                                                                           Best trial: 60. Best value: 0.594903:  41%|████▏     | 62/150 [2:52:59<3:52:57, 158.83s/it]Best trial: 60. Best value: 0.594903:  41%|████▏     | 62/150 [2:52:59<3:52:57, 158.83s/it]Best trial: 60. Best value: 0.594903:  42%|████▏     | 63/150 [2:52:59<3:35:45, 148.79s/it]                                                                                           Best trial: 60. Best value: 0.594903:  42%|████▏     | 63/150 [2:55:05<3:35:45, 148.79s/it]Best trial: 60. Best value: 0.594903:  42%|████▏     | 63/150 [2:55:05<3:35:45, 148.79s/it]Best trial: 60. Best value: 0.594903:  43%|████▎     | 64/150 [2:55:05<3:23:42, 142.12s/it]                                                                                           Best trial: 60. Best value: 0.594903:  43%|████▎     | 64/150 [2:57:08<3:23:42, 142.12s/it]Best trial: 60. Best value: 0.594903:  43%|████▎     | 64/150 [2:57:08<3:23:42, 142.12s/it]Best trial: 60. Best value: 0.594903:  43%|████▎     | 65/150 [2:57:08<3:12:51, 136.13s/it]                                                                                           Best trial: 60. Best value: 0.594903:  43%|████▎     | 65/150 [2:58:58<3:12:51, 136.13s/it]Best trial: 60. Best value: 0.594903:  43%|████▎     | 65/150 [2:58:58<3:12:51, 136.13s/it]Best trial: 60. Best value: 0.594903:  44%|████▍     | 66/150 [2:58:58<2:59:38, 128.31s/it]                                                                                           [I 2025-01-02 00:24:28,885] Trial 44 finished with value: 0.44449305052111976 and parameters: {'lr': 0.00018395866175871878, 'decay': 0.00013734981895746382, 'batch_size': 64, 'nheads': 1, 'project_to': 32, 'hidden_size': 64, 'num_layers': 3, 'dropout': 0.43838527543504774, 'alpha': 1.433111719519595, 'aug_choice': 6}. Best is trial 11 with value: 0.5551504528069804.
[I 2025-01-02 00:25:42,783] Trial 45 finished with value: 0.5434729031716159 and parameters: {'lr': 0.0009168151679204321, 'decay': 0.00018326654436061284, 'batch_size': 64, 'nheads': 1, 'project_to': 32, 'hidden_size': 64, 'num_layers': 3, 'dropout': 0.21478174634698774, 'alpha': 1.497686491920566, 'aug_choice': 0}. Best is trial 11 with value: 0.5551504528069804.
[I 2025-01-02 00:26:55,771] Trial 46 finished with value: 0.44881065222370337 and parameters: {'lr': 0.0009899198954330165, 'decay': 8.606126234837787e-05, 'batch_size': 64, 'nheads': 1, 'project_to': 32, 'hidden_size': 64, 'num_layers': 3, 'dropout': 0.1495795767822758, 'alpha': 0.3867973117273047, 'aug_choice': 0}. Best is trial 11 with value: 0.5551504528069804.
[I 2025-01-02 00:28:17,896] Trial 47 finished with value: 0.5338622994864699 and parameters: {'lr': 0.0014242357625377045, 'decay': 0.00018230116489380909, 'batch_size': 128, 'nheads': 1, 'project_to': 32, 'hidden_size': 64, 'num_layers': 3, 'dropout': 0.23596601398205386, 'alpha': 1.4939797931522873, 'aug_choice': 0}. Best is trial 11 with value: 0.5551504528069804.
[I 2025-01-02 00:29:37,193] Trial 48 finished with value: 0.5335156513415783 and parameters: {'lr': 0.0036887464259964483, 'decay': 0.00061893098015869, 'batch_size': 64, 'nheads': 1, 'project_to': 32, 'hidden_size': 64, 'num_layers': 3, 'dropout': 0.19252060848587202, 'alpha': 1.4153791677274905, 'aug_choice': 0}. Best is trial 11 with value: 0.5551504528069804.
[I 2025-01-02 00:34:57,677] Trial 49 finished with value: 0.43852700182367144 and parameters: {'lr': 5.9754512211857866e-05, 'decay': 8.95917171266943e-05, 'batch_size': 128, 'nheads': 1, 'project_to': 32, 'hidden_size': 64, 'num_layers': 2, 'dropout': 0.18351286270455144, 'alpha': 1.3536709361787251, 'aug_choice': 7}. Best is trial 11 with value: 0.5551504528069804.
[I 2025-01-02 00:37:19,568] Trial 50 finished with value: 0.4862714478446059 and parameters: {'lr': 0.0007707402775180101, 'decay': 0.00022858627825737157, 'batch_size': 64, 'nheads': 4, 'project_to': 32, 'hidden_size': 64, 'num_layers': 3, 'dropout': 0.6615116300165365, 'alpha': 1.4356091431460858, 'aug_choice': 8}. Best is trial 11 with value: 0.5551504528069804.
[I 2025-01-02 00:39:25,622] Trial 51 finished with value: 0.49032320059320084 and parameters: {'lr': 0.0005073673340407931, 'decay': 0.00017450334060915168, 'batch_size': 64, 'nheads': 1, 'project_to': 64, 'hidden_size': 128, 'num_layers': 3, 'dropout': 0.28121410462663554, 'alpha': 1.2683606238281073, 'aug_choice': 5}. Best is trial 11 with value: 0.5551504528069804.
[I 2025-01-02 00:40:50,264] Trial 52 finished with value: 0.4632994798622615 and parameters: {'lr': 0.00022157889897391248, 'decay': 0.0014940736722486895, 'batch_size': 64, 'nheads': 1, 'project_to': 128, 'hidden_size': 64, 'num_layers': 3, 'dropout': 0.4069731049063852, 'alpha': 1.3437055702995873, 'aug_choice': 0}. Best is trial 11 with value: 0.5551504528069804.
[I 2025-01-02 00:44:25,780] Trial 53 finished with value: 0.4961350306254474 and parameters: {'lr': 0.00033129145739660686, 'decay': 0.00042283984322658886, 'batch_size': 64, 'nheads': 4, 'project_to': 128, 'hidden_size': 128, 'num_layers': 3, 'dropout': 0.4562841784332229, 'alpha': 1.252307392275459, 'aug_choice': 1}. Best is trial 11 with value: 0.5551504528069804.
[I 2025-01-02 00:46:28,859] Trial 54 finished with value: 0.5485653139621555 and parameters: {'lr': 0.0011534849287971735, 'decay': 0.0010038162845029948, 'batch_size': 64, 'nheads': 2, 'project_to': 32, 'hidden_size': 128, 'num_layers': 3, 'dropout': 0.1514805302099109, 'alpha': 1.052389788751851, 'aug_choice': 5}. Best is trial 11 with value: 0.5551504528069804.
[I 2025-01-02 00:48:39,169] Trial 55 finished with value: 0.5262603609505971 and parameters: {'lr': 0.0019678988346465, 'decay': 0.000929993275753758, 'batch_size': 64, 'nheads': 1, 'project_to': 32, 'hidden_size': 128, 'num_layers': 3, 'dropout': 0.1291659969081767, 'alpha': 1.0568989055862525, 'aug_choice': 5}. Best is trial 11 with value: 0.5551504528069804.
[I 2025-01-02 00:50:49,828] Trial 56 finished with value: 0.47181556432965105 and parameters: {'lr': 0.0010973776619646266, 'decay': 0.0006229066146624526, 'batch_size': 128, 'nheads': 1, 'project_to': 32, 'hidden_size': 64, 'num_layers': 1, 'dropout': 0.20856123893552328, 'alpha': 0.8809246597647125, 'aug_choice': 5}. Best is trial 11 with value: 0.5551504528069804.
[I 2025-01-02 00:53:14,198] Trial 57 finished with value: 0.5296315593766956 and parameters: {'lr': 0.008034423772992088, 'decay': 0.0003002269395664783, 'batch_size': 128, 'nheads': 2, 'project_to': 32, 'hidden_size': 128, 'num_layers': 3, 'dropout': 0.16659557318940663, 'alpha': 1.4964343250449383, 'aug_choice': 5}. Best is trial 11 with value: 0.5551504528069804.
[I 2025-01-02 00:56:30,559] Trial 58 finished with value: 0.5113141115938448 and parameters: {'lr': 0.00013416600705701542, 'decay': 0.001279583959052128, 'batch_size': 64, 'nheads': 4, 'project_to': 32, 'hidden_size': 128, 'num_layers': 3, 'dropout': 0.24320772551038952, 'alpha': 1.391090827143095, 'aug_choice': 5}. Best is trial 11 with value: 0.5551504528069804.
[I 2025-01-02 01:01:20,715] Trial 59 finished with value: 0.4726669263193979 and parameters: {'lr': 0.0008616687196189374, 'decay': 0.0004941999335840765, 'batch_size': 128, 'nheads': 1, 'project_to': 32, 'hidden_size': 32, 'num_layers': 3, 'dropout': 0.14083351471121125, 'alpha': 1.4447139562384135, 'aug_choice': 3}. Best is trial 11 with value: 0.5551504528069804.
[I 2025-01-02 01:03:12,900] Trial 60 finished with value: 0.5949026631630986 and parameters: {'lr': 0.0012100506995551985, 'decay': 0.000749933274731039, 'batch_size': 64, 'nheads': 1, 'project_to': 64, 'hidden_size': 128, 'num_layers': 2, 'dropout': 0.19989944335023446, 'alpha': 1.0557600618751513, 'aug_choice': 5}. Best is trial 60 with value: 0.5949026631630986.
[I 2025-01-02 01:05:22,483] Trial 61 finished with value: 0.5460038582389437 and parameters: {'lr': 0.0013119119809064646, 'decay': 0.0007488050807907175, 'batch_size': 64, 'nheads': 1, 'project_to': 64, 'hidden_size': 128, 'num_layers': 2, 'dropout': 0.19747329441249062, 'alpha': 0.6717953160939533, 'aug_choice': 5}. Best is trial 60 with value: 0.5949026631630986.
[I 2025-01-02 01:07:27,858] Trial 62 finished with value: 0.5696535163543597 and parameters: {'lr': 0.0012835961190292456, 'decay': 0.0008740101413752887, 'batch_size': 64, 'nheads': 1, 'project_to': 64, 'hidden_size': 128, 'num_layers': 2, 'dropout': 0.12281422899615194, 'alpha': 0.6467399974429084, 'aug_choice': 5}. Best is trial 60 with value: 0.5949026631630986.
[I 2025-01-02 01:09:34,396] Trial 63 finished with value: 0.5384964022695137 and parameters: {'lr': 0.0013119823861845411, 'decay': 0.000871579859007149, 'batch_size': 64, 'nheads': 1, 'project_to': 64, 'hidden_size': 128, 'num_layers': 2, 'dropout': 0.12284732808791969, 'alpha': 0.6116714493892799, 'aug_choice': 5}. Best is trial 60 with value: 0.5949026631630986.
[I 2025-01-02 01:11:36,562] Trial 64 finished with value: 0.5398865538329305 and parameters: {'lr': 0.002547700779727502, 'decay': 0.0007255254237297361, 'batch_size': 64, 'nheads': 1, 'project_to': 64, 'hidden_size': 128, 'num_layers': 2, 'dropout': 0.16892103948773277, 'alpha': 0.7108689724309526, 'aug_choice': 5}. Best is trial 60 with value: 0.5949026631630986.
[I 2025-01-02 01:13:26,622] Trial 65 finished with value: 0.521940355774254 and parameters: {'lr': 0.0017801366624479462, 'decay': 0.0019350562345438415, 'batch_size': 64, 'nheads': 1, 'project_to': 64, 'hidden_size': 128, 'num_layers': 2, 'dropout': 0.12326624732324232, 'alpha': 0.4741365763110862, 'aug_choice': 5}. Best is trial 60 with value: 0.5949026631630986.
