  0%|          | 0/150 [00:00<?, ?it/s]                                         0%|          | 0/150 [05:52<?, ?it/s]Best trial: 0. Best value: 0.459328:   0%|          | 0/150 [05:52<?, ?it/s]Best trial: 0. Best value: 0.459328:   1%|          | 1/150 [05:52<14:35:40, 352.62s/it]                                                                                        Best trial: 0. Best value: 0.459328:   1%|          | 1/150 [11:32<14:35:40, 352.62s/it]Best trial: 1. Best value: 0.500967:   1%|          | 1/150 [11:32<14:35:40, 352.62s/it]Best trial: 1. Best value: 0.500967:   1%|▏         | 2/150 [11:32<14:11:17, 345.12s/it]                                                                                        Best trial: 1. Best value: 0.500967:   1%|▏         | 2/150 [14:09<14:11:17, 345.12s/it]Best trial: 1. Best value: 0.500967:   1%|▏         | 2/150 [14:09<14:11:17, 345.12s/it]Best trial: 1. Best value: 0.500967:   2%|▏         | 3/150 [14:09<10:35:08, 259.24s/it]                                                                                        Best trial: 1. Best value: 0.500967:   2%|▏         | 3/150 [18:55<10:35:08, 259.24s/it]Best trial: 3. Best value: 0.528776:   2%|▏         | 3/150 [18:55<10:35:08, 259.24s/it]Best trial: 3. Best value: 0.528776:   3%|▎         | 4/150 [18:55<10:56:30, 269.80s/it]                                                                                        Best trial: 3. Best value: 0.528776:   3%|▎         | 4/150 [21:36<10:56:30, 269.80s/it]Best trial: 3. Best value: 0.528776:   3%|▎         | 4/150 [21:36<10:56:30, 269.80s/it]Best trial: 3. Best value: 0.528776:   3%|▎         | 5/150 [21:36<9:16:58, 230.47s/it]                                                                                        Best trial: 3. Best value: 0.528776:   3%|▎         | 5/150 [24:07<9:16:58, 230.47s/it]Best trial: 3. Best value: 0.528776:   3%|▎         | 5/150 [24:07<9:16:58, 230.47s/it]Best trial: 3. Best value: 0.528776:   4%|▍         | 6/150 [24:07<8:08:26, 203.52s/it]                                                                                       Best trial: 3. Best value: 0.528776:   4%|▍         | 6/150 [25:53<8:08:26, 203.52s/it]Best trial: 3. Best value: 0.528776:   4%|▍         | 6/150 [25:53<8:08:26, 203.52s/it]Best trial: 3. Best value: 0.528776:   5%|▍         | 7/150 [25:53<6:49:19, 171.74s/it]                                                                                       Best trial: 3. Best value: 0.528776:   5%|▍         | 7/150 [30:46<6:49:19, 171.74s/it]Best trial: 3. Best value: 0.528776:   5%|▍         | 7/150 [30:46<6:49:19, 171.74s/it]Best trial: 3. Best value: 0.528776:   5%|▌         | 8/150 [30:46<8:17:34, 210.24s/it]                                                                                       Best trial: 3. Best value: 0.528776:   5%|▌         | 8/150 [35:03<8:17:34, 210.24s/it]Best trial: 3. Best value: 0.528776:   5%|▌         | 8/150 [35:03<8:17:34, 210.24s/it]Best trial: 3. Best value: 0.528776:   6%|▌         | 9/150 [35:03<8:48:10, 224.75s/it]                                                                                       Best trial: 3. Best value: 0.528776:   6%|▌         | 9/150 [36:31<8:48:10, 224.75s/it]Best trial: 3. Best value: 0.528776:   6%|▌         | 9/150 [36:31<8:48:10, 224.75s/it]Best trial: 3. Best value: 0.528776:   7%|▋         | 10/150 [36:31<7:05:50, 182.50s/it]                                                                                        Best trial: 3. Best value: 0.528776:   7%|▋         | 10/150 [39:18<7:05:50, 182.50s/it]Best trial: 3. Best value: 0.528776:   7%|▋         | 10/150 [39:18<7:05:50, 182.50s/it]Best trial: 3. Best value: 0.528776:   7%|▋         | 11/150 [39:18<6:52:29, 178.06s/it]                                                                                        Best trial: 3. Best value: 0.528776:   7%|▋         | 11/150 [42:42<6:52:29, 178.06s/it]Best trial: 3. Best value: 0.528776:   7%|▋         | 11/150 [42:42<6:52:29, 178.06s/it]Best trial: 3. Best value: 0.528776:   8%|▊         | 12/150 [42:42<7:07:21, 185.81s/it]                                                                                        Best trial: 3. Best value: 0.528776:   8%|▊         | 12/150 [48:06<7:07:21, 185.81s/it]Best trial: 3. Best value: 0.528776:   8%|▊         | 12/150 [48:06<7:07:21, 185.81s/it]Best trial: 3. Best value: 0.528776:   9%|▊         | 13/150 [48:06<8:39:50, 227.67s/it]                                                                                        Best trial: 3. Best value: 0.528776:   9%|▊         | 13/150 [51:05<8:39:50, 227.67s/it]Best trial: 3. Best value: 0.528776:   9%|▊         | 13/150 [51:05<8:39:50, 227.67s/it]Best trial: 3. Best value: 0.528776:   9%|▉         | 14/150 [51:05<8:03:03, 213.12s/it]                                                                                        Best trial: 3. Best value: 0.528776:   9%|▉         | 14/150 [57:00<8:03:03, 213.12s/it]Best trial: 3. Best value: 0.528776:   9%|▉         | 14/150 [57:00<8:03:03, 213.12s/it]Best trial: 3. Best value: 0.528776:  10%|█         | 15/150 [57:00<9:35:27, 255.76s/it]                                                                                        Best trial: 3. Best value: 0.528776:  10%|█         | 15/150 [1:02:30<9:35:27, 255.76s/it]Best trial: 3. Best value: 0.528776:  10%|█         | 15/150 [1:02:30<9:35:27, 255.76s/it]Best trial: 3. Best value: 0.528776:  11%|█         | 16/150 [1:02:30<10:21:08, 278.12s/it]                                                                                           Best trial: 3. Best value: 0.528776:  11%|█         | 16/150 [1:06:30<10:21:08, 278.12s/it]Best trial: 3. Best value: 0.528776:  11%|█         | 16/150 [1:06:30<10:21:08, 278.12s/it]Best trial: 3. Best value: 0.528776:  11%|█▏        | 17/150 [1:06:30<9:51:19, 266.77s/it]                                                                                           Best trial: 3. Best value: 0.528776:  11%|█▏        | 17/150 [1:09:50<9:51:19, 266.77s/it]Best trial: 3. Best value: 0.528776:  11%|█▏        | 17/150 [1:09:50<9:51:19, 266.77s/it]Best trial: 3. Best value: 0.528776:  12%|█▏        | 18/150 [1:09:50<9:02:34, 246.63s/it]                                                                                          Best trial: 3. Best value: 0.528776:  12%|█▏        | 18/150 [1:13:14<9:02:34, 246.63s/it]Best trial: 3. Best value: 0.528776:  12%|█▏        | 18/150 [1:13:14<9:02:34, 246.63s/it]Best trial: 3. Best value: 0.528776:  13%|█▎        | 19/150 [1:13:14<8:30:03, 233.62s/it]                                                                                          Best trial: 3. Best value: 0.528776:  13%|█▎        | 19/150 [1:16:45<8:30:03, 233.62s/it]Best trial: 19. Best value: 0.534777:  13%|█▎        | 19/150 [1:16:45<8:30:03, 233.62s/it]Best trial: 19. Best value: 0.534777:  13%|█▎        | 20/150 [1:16:45<8:11:35, 226.89s/it]                                                                                           Best trial: 19. Best value: 0.534777:  13%|█▎        | 20/150 [1:18:51<8:11:35, 226.89s/it]Best trial: 19. Best value: 0.534777:  13%|█▎        | 20/150 [1:18:51<8:11:35, 226.89s/it]Best trial: 19. Best value: 0.534777:  14%|█▍        | 21/150 [1:18:51<7:03:02, 196.76s/it]                                                                                           Best trial: 19. Best value: 0.534777:  14%|█▍        | 21/150 [1:21:52<7:03:02, 196.76s/it]Best trial: 19. Best value: 0.534777:  14%|█▍        | 21/150 [1:21:52<7:03:02, 196.76s/it]Best trial: 19. Best value: 0.534777:  15%|█▍        | 22/150 [1:21:52<6:49:32, 191.97s/it]                                                                                           [I 2025-01-02 04:04:38,821] Trial 0 finished with value: 0.459328112632427 and parameters: {'lr': 0.006597042272052229, 'decay': 0.007561820416096648, 'batch_size': 128, 'nheads': 1, 'project_to': 128, 'hidden_size': 32, 'num_layers': 3, 'dropout': 0.5281407186089274, 'alpha': 0.37224162103229186, 'aug_choice': 3}. Best is trial 0 with value: 0.459328112632427.
[I 2025-01-02 04:10:18,693] Trial 1 finished with value: 0.5009666727819169 and parameters: {'lr': 0.0005930209982177506, 'decay': 0.0049634537542242955, 'batch_size': 128, 'nheads': 2, 'project_to': 32, 'hidden_size': 32, 'num_layers': 3, 'dropout': 0.6701452047198226, 'alpha': 1.3235861554323418, 'aug_choice': 3}. Best is trial 1 with value: 0.5009666727819169.
[I 2025-01-02 04:12:55,743] Trial 2 finished with value: 0.3958121966678358 and parameters: {'lr': 2.9886461474417498e-05, 'decay': 6.40274219048366e-05, 'batch_size': 64, 'nheads': 2, 'project_to': 128, 'hidden_size': 32, 'num_layers': 3, 'dropout': 0.5726388754339332, 'alpha': 0.1671389521686541, 'aug_choice': 4}. Best is trial 1 with value: 0.5009666727819169.
[I 2025-01-02 04:17:41,715] Trial 3 finished with value: 0.5287756027319763 and parameters: {'lr': 7.310056998750416e-05, 'decay': 2.6614230413581867e-05, 'batch_size': 128, 'nheads': 2, 'project_to': 64, 'hidden_size': 128, 'num_layers': 3, 'dropout': 0.4664706477356626, 'alpha': 0.7450911056586325, 'aug_choice': 5}. Best is trial 3 with value: 0.5287756027319763.
[I 2025-01-02 04:20:22,462] Trial 4 finished with value: 0.43333841214889113 and parameters: {'lr': 2.637563910413603e-05, 'decay': 0.0002229763828877143, 'batch_size': 128, 'nheads': 4, 'project_to': 128, 'hidden_size': 128, 'num_layers': 2, 'dropout': 0.4230811395017775, 'alpha': 0.8174310464088969, 'aug_choice': 4}. Best is trial 3 with value: 0.5287756027319763.
[I 2025-01-02 04:22:53,658] Trial 5 finished with value: 0.5041023879731223 and parameters: {'lr': 0.0037615465707318734, 'decay': 0.00013297140848096751, 'batch_size': 128, 'nheads': 2, 'project_to': 64, 'hidden_size': 32, 'num_layers': 2, 'dropout': 0.20188649005256235, 'alpha': 0.11258525911469452, 'aug_choice': 7}. Best is trial 3 with value: 0.5287756027319763.
[I 2025-01-02 04:24:39,977] Trial 6 finished with value: 0.5194159338939055 and parameters: {'lr': 0.003865440461745102, 'decay': 0.000353596733991712, 'batch_size': 64, 'nheads': 1, 'project_to': 32, 'hidden_size': 32, 'num_layers': 2, 'dropout': 0.6003008004744063, 'alpha': 1.1832969421739774, 'aug_choice': 8}. Best is trial 3 with value: 0.5287756027319763.
[I 2025-01-02 04:29:32,662] Trial 7 finished with value: 0.5128544665873276 and parameters: {'lr': 0.001894185689391932, 'decay': 2.1160190205228643e-05, 'batch_size': 128, 'nheads': 1, 'project_to': 32, 'hidden_size': 32, 'num_layers': 3, 'dropout': 0.21260110434398477, 'alpha': 0.6656694681175666, 'aug_choice': 3}. Best is trial 3 with value: 0.5287756027319763.
[I 2025-01-02 04:33:49,320] Trial 8 finished with value: 0.41928298159025923 and parameters: {'lr': 0.0010954152391882367, 'decay': 0.0007500940391369375, 'batch_size': 128, 'nheads': 2, 'project_to': 128, 'hidden_size': 128, 'num_layers': 1, 'dropout': 0.5231719138250827, 'alpha': 0.36458496558985354, 'aug_choice': 3}. Best is trial 3 with value: 0.5287756027319763.
[I 2025-01-02 04:35:17,208] Trial 9 finished with value: 0.4890273269680407 and parameters: {'lr': 0.0002354111300758325, 'decay': 1.8415316229896794e-05, 'batch_size': 64, 'nheads': 1, 'project_to': 64, 'hidden_size': 64, 'num_layers': 2, 'dropout': 0.18804414124115532, 'alpha': 0.16942260742556284, 'aug_choice': 4}. Best is trial 3 with value: 0.5287756027319763.
[I 2025-01-02 04:38:05,184] Trial 10 finished with value: 0.4992908424059642 and parameters: {'lr': 0.00013692928842780233, 'decay': 1.09238068614038e-05, 'batch_size': 64, 'nheads': 4, 'project_to': 64, 'hidden_size': 128, 'num_layers': 1, 'dropout': 0.3502783530995018, 'alpha': 0.941270275673503, 'aug_choice': 5}. Best is trial 3 with value: 0.5287756027319763.
[I 2025-01-02 04:41:28,717] Trial 11 finished with value: 0.4496891888196887 and parameters: {'lr': 8.221056033436689e-05, 'decay': 0.001164442473481737, 'batch_size': 64, 'nheads': 1, 'project_to': 32, 'hidden_size': 64, 'num_layers': 2, 'dropout': 0.6530487309590821, 'alpha': 1.2598426061754835, 'aug_choice': 8}. Best is trial 3 with value: 0.5287756027319763.
[I 2025-01-02 04:46:52,705] Trial 12 finished with value: 0.45355917914979277 and parameters: {'lr': 1.0563903431553761e-05, 'decay': 5.792736423202105e-05, 'batch_size': 64, 'nheads': 2, 'project_to': 64, 'hidden_size': 128, 'num_layers': 1, 'dropout': 0.3942356400300868, 'alpha': 1.0978622958253081, 'aug_choice': 5}. Best is trial 3 with value: 0.5287756027319763.
[I 2025-01-02 04:49:52,200] Trial 13 finished with value: 0.5183025654735107 and parameters: {'lr': 0.0004714422213409613, 'decay': 0.0006077067896624701, 'batch_size': 64, 'nheads': 1, 'project_to': 32, 'hidden_size': 128, 'num_layers': 2, 'dropout': 0.47271142945498135, 'alpha': 1.4408106515177455, 'aug_choice': 1}. Best is trial 3 with value: 0.5287756027319763.
[I 2025-01-02 04:55:46,781] Trial 14 finished with value: 0.5209122846386136 and parameters: {'lr': 6.355452909580837e-05, 'decay': 0.0014593344176062496, 'batch_size': 128, 'nheads': 4, 'project_to': 32, 'hidden_size': 64, 'num_layers': 3, 'dropout': 0.3298811319827343, 'alpha': 0.6407219802010351, 'aug_choice': 8}. Best is trial 3 with value: 0.5287756027319763.
[I 2025-01-02 05:01:16,848] Trial 15 finished with value: 0.4477355955030006 and parameters: {'lr': 6.413997745859432e-05, 'decay': 0.001793877992788078, 'batch_size': 128, 'nheads': 4, 'project_to': 64, 'hidden_size': 64, 'num_layers': 3, 'dropout': 0.30096495339050094, 'alpha': 0.6541398814225157, 'aug_choice': 2}. Best is trial 3 with value: 0.5287756027319763.
[I 2025-01-02 05:05:17,194] Trial 16 finished with value: 0.5165815778799592 and parameters: {'lr': 3.588698572692844e-05, 'decay': 0.00292308684452401, 'batch_size': 128, 'nheads': 4, 'project_to': 32, 'hidden_size': 64, 'num_layers': 3, 'dropout': 0.10284842097588731, 'alpha': 0.5455556882873474, 'aug_choice': 0}. Best is trial 3 with value: 0.5287756027319763.
[I 2025-01-02 05:08:36,938] Trial 17 finished with value: 0.44063315519460794 and parameters: {'lr': 1.123789643950571e-05, 'decay': 6.34627192006546e-05, 'batch_size': 128, 'nheads': 4, 'project_to': 64, 'hidden_size': 64, 'num_layers': 3, 'dropout': 0.2893355026375992, 'alpha': 0.9310717799671302, 'aug_choice': 6}. Best is trial 3 with value: 0.5287756027319763.
[I 2025-01-02 05:12:00,247] Trial 18 finished with value: 0.5259899527000246 and parameters: {'lr': 0.00020244588526804793, 'decay': 0.000145576537413472, 'batch_size': 128, 'nheads': 4, 'project_to': 32, 'hidden_size': 64, 'num_layers': 3, 'dropout': 0.4587511727756005, 'alpha': 0.48127505291866046, 'aug_choice': 5}. Best is trial 3 with value: 0.5287756027319763.
[I 2025-01-02 05:15:31,468] Trial 19 finished with value: 0.5347767118793051 and parameters: {'lr': 0.0002187303475273233, 'decay': 3.3194320991441416e-05, 'batch_size': 128, 'nheads': 2, 'project_to': 64, 'hidden_size': 128, 'num_layers': 3, 'dropout': 0.46299279925560044, 'alpha': 0.43857522846751784, 'aug_choice': 5}. Best is trial 19 with value: 0.5347767118793051.
[I 2025-01-02 05:17:37,982] Trial 20 finished with value: 0.5184511212975327 and parameters: {'lr': 0.0003978445955239797, 'decay': 2.8388138819603195e-05, 'batch_size': 128, 'nheads': 2, 'project_to': 64, 'hidden_size': 128, 'num_layers': 2, 'dropout': 0.5061628856442627, 'alpha': 0.3488844465162541, 'aug_choice': 5}. Best is trial 19 with value: 0.5347767118793051.
[I 2025-01-02 05:20:38,786] Trial 21 finished with value: 0.517869625735535 and parameters: {'lr': 0.0001758916786219119, 'decay': 0.0001301292860111229, 'batch_size': 128, 'nheads': 2, 'project_to': 64, 'hidden_size': 128, 'num_layers': 3, 'dropout': 0.4518586161791967, 'alpha': 0.45837031781715076, 'aug_choice': 5}. Best is trial 19 with value: 0.5347767118793051.
