[I 2024-12-28 12:33:44,360] Trial 27 finished with value: 0.43529411764705883 and parameters: {'lr': 7.251038739021296e-05, 'decay': 9.947501655771664e-05, 'batch_size': 128, 'nheads': 1, 'project_to': 64, 'hidden_size': 128, 'num_layers': 2, 'dropout': 0.6999594329463374, 'class_weights': False, 'aug_choice': 0}. Best is trial 3 with value: 0.5795620437956204.
Warning: Some folds may have failed. stderr: /home/ammar/miniconda3/envs/torch/lib/python3.12/site-packages/torch/nn/modules/transformer.py:286: UserWarning: enable_nested_tensor is True, but self.use_nested_tensor is False because encoder_layer.self_attn.num_heads is odd
  warnings.warn(f"enable_nested_tensor is True, but self.use_nested_tensor is False because {why_not_sparsity_fast_path}")
Traceback (most recent call last):
  File "/home/ammar/MultimodalEngagement/src/train_fold.py", line 107, in <module>
    main()
  File "/home/ammar/MultimodalEngagement/src/train_fold.py", line 99, in main
    eval_run.run()
  File "/home/ammar/MultimodalEngagement/src/experiments/evaluation_run.py", line 69, in run
    self.define_model()
  File "/home/ammar/MultimodalEngagement/src/experiments/evaluation_run.py", line 177, in define_model
    self.model.to(self.device)
  File "/home/ammar/miniconda3/envs/torch/lib/python3.12/site-packages/torch/nn/modules/module.py", line 1152, in to
    return self._apply(convert)
           ^^^^^^^^^^^^^^^^^^^^
  File "/home/ammar/miniconda3/envs/torch/lib/python3.12/site-packages/torch/nn/modules/module.py", line 802, in _apply
    module._apply(fn)
  File "/home/ammar/miniconda3/envs/torch/lib/python3.12/site-packages/torch/nn/modules/module.py", line 802, in _apply
    module._apply(fn)
  File "/home/ammar/miniconda3/envs/torch/lib/python3.12/site-packages/torch/nn/modules/module.py", line 825, in _apply
    param_applied = fn(param)
                    ^^^^^^^^^
  File "/home/ammar/miniconda3/envs/torch/lib/python3.12/site-packages/torch/nn/modules/module.py", line 1150, in convert
    return t.to(device, dtype if t.is_floating_point() or t.is_complex() else None, non_blocking)
           ^^^^^^^^^^^^^^^^^^^^^^^^^^^^^^^^^^^^^^^^^^^^^^^^^^^^^^^^^^^^^^^^^^^^^^^^^^^^^^^^^^^^^^
RuntimeError: CUDA error: out of memory
CUDA kernel errors might be asynchronously reported at some other API call, so the stacktrace below might be incorrect.
For debugging consider passing CUDA_LAUNCH_BLOCKING=1.
Compile with `TORCH_USE_CUDA_DSA` to enable device-side assertions.

/home/ammar/miniconda3/envs/torch/lib/python3.12/site-packages/torch/nn/modules/transformer.py:286: UserWarning: enable_nested_tensor is True, but self.use_nested_tensor is False because encoder_layer.self_attn.num_heads is odd
  warnings.warn(f"enable_nested_tensor is True, but self.use_nested_tensor is False because {why_not_sparsity_fast_path}")
Traceback (most recent call last):
  File "/home/ammar/MultimodalEngagement/src/train_fold.py", line 107, in <module>
    main()
  File "/home/ammar/MultimodalEngagement/src/train_fold.py", line 99, in main
    eval_run.run()
  File "/home/ammar/MultimodalEngagement/src/experiments/evaluation_run.py", line 71, in run
    train_losses, validation_losses = self.training_loop()
                                      ^^^^^^^^^^^^^^^^^^^^
  File "/home/ammar/MultimodalEngagement/src/experiments/evaluation_run.py", line 271, in training_loop
    best_validation_loss = self.validate()
                           ^^^^^^^^^^^^^^^
  File "/home/ammar/MultimodalEngagement/src/experiments/evaluation_run.py", line 260, in validate
    loss = self.forward(x, y, lengths=lengths)
           ^^^^^^^^^^^^^^^^^^^^^^^^^^^^^^^^^^^
  File "/home/ammar/MultimodalEngagement/src/experiments/evaluation_run.py", line 236, in forward
    output = self.model(x, lengths)
             ^^^^^^^^^^^^^^^^^^^^^^
  File "/home/ammar/miniconda3/envs/torch/lib/python3.12/site-packages/torch/nn/modules/module.py", line 1511, in _wrapped_call_impl
    return self._call_impl(*args, **kwargs)
           ^^^^^^^^^^^^^^^^^^^^^^^^^^^^^^^^
  File "/home/ammar/miniconda3/envs/torch/lib/python3.12/site-packages/torch/nn/modules/module.py", line 1520, in _call_impl
    return forward_call(*args, **kwargs)
           ^^^^^^^^^^^^^^^^^^^^^^^^^^^^^
  File "/home/ammar/MultimodalEngagement/src/models/balanced_transformer.py", line 52, in forward
    mask = torch.arange(max_len, device=x.device)[None, :] >= lengths[:, None]
           ^^^^^^^^^^^^^^^^^^^^^^^^^^^^^^^^^^^^^^^^^^^^^^^^^^^^^^^^^^^^^^^^^^^
RuntimeError: CUDA error: out of memory
CUDA kernel errors might be asynchronously reported at some other API call, so the stacktrace below might be incorrect.
For debugging consider passing CUDA_LAUNCH_BLOCKING=1.
Compile with `TORCH_USE_CUDA_DSA` to enable device-side assertions.

/home/ammar/miniconda3/envs/torch/lib/python3.12/site-packages/torch/nn/modules/transformer.py:286: UserWarning: enable_nested_tensor is True, but self.use_nested_tensor is False because encoder_layer.self_attn.num_heads is odd
  warnings.warn(f"enable_nested_tensor is True, but self.use_nested_tensor is False because {why_not_sparsity_fast_path}")
Traceback (most recent call last):
  File "/home/ammar/MultimodalEngagement/src/train_fold.py", line 107, in <module>
    main()
  File "/home/ammar/MultimodalEngagement/src/train_fold.py", line 99, in main
    eval_run.run()
  File "/home/ammar/MultimodalEngagement/src/experiments/evaluation_run.py", line 71, in run
    train_losses, validation_losses = self.training_loop()
                                      ^^^^^^^^^^^^^^^^^^^^
  File "/home/ammar/MultimodalEngagement/src/experiments/evaluation_run.py", line 281, in training_loop
    train_loss = self.train_epoch()
                 ^^^^^^^^^^^^^^^^^^
  File "/home/ammar/MultimodalEngagement/src/experiments/evaluation_run.py", line 221, in train_epoch
    loss = self.forward(x, y, lengths=lengths)
           ^^^^^^^^^^^^^^^^^^^^^^^^^^^^^^^^^^^
  File "/home/ammar/MultimodalEngagement/src/experiments/evaluation_run.py", line 236, in forward
    output = self.model(x, lengths)
             ^^^^^^^^^^^^^^^^^^^^^^
  File "/home/ammar/miniconda3/envs/torch/lib/python3.12/site-packages/torch/nn/modules/module.py", line 1511, in _wrapped_call_impl
    return self._call_impl(*args, **kwargs)
           ^^^^^^^^^^^^^^^^^^^^^^^^^^^^^^^^
  File "/home/ammar/miniconda3/envs/torch/lib/python3.12/site-packages/torch/nn/modules/module.py", line 1520, in _call_impl
    return forward_call(*args, **kwargs)
           ^^^^^^^^^^^^^^^^^^^^^^^^^^^^^
  File "/home/ammar/MultimodalEngagement/src/models/balanced_transformer.py", line 64, in forward
    x = self.encoder(x, src_key_padding_mask=mask)
        ^^^^^^^^^^^^^^^^^^^^^^^^^^^^^^^^^^^^^^^^^^
  File "/home/ammar/miniconda3/envs/torch/lib/python3.12/site-packages/torch/nn/modules/module.py", line 1511, in _wrapped_call_impl
    return self._call_impl(*args, **kwargs)
           ^^^^^^^^^^^^^^^^^^^^^^^^^^^^^^^^
  File "/home/ammar/miniconda3/envs/torch/lib/python3.12/site-packages/torch/nn/modules/module.py", line 1520, in _call_impl
    return forward_call(*args, **kwargs)
           ^^^^^^^^^^^^^^^^^^^^^^^^^^^^^
  File "/home/ammar/miniconda3/envs/torch/lib/python3.12/site-packages/torch/nn/modules/transformer.py", line 391, in forward
    output = mod(output, src_mask=mask, is_causal=is_causal, src_key_padding_mask=src_key_padding_mask_for_layers)
             ^^^^^^^^^^^^^^^^^^^^^^^^^^^^^^^^^^^^^^^^^^^^^^^^^^^^^^^^^^^^^^^^^^^^^^^^^^^^^^^^^^^^^^^^^^^^^^^^^^^^^
  File "/home/ammar/miniconda3/envs/torch/lib/python3.12/site-packages/torch/nn/modules/module.py", line 1511, in _wrapped_call_impl
    return self._call_impl(*args, **kwargs)
           ^^^^^^^^^^^^^^^^^^^^^^^^^^^^^^^^
  File "/home/ammar/miniconda3/envs/torch/lib/python3.12/site-packages/torch/nn/modules/module.py", line 1520, in _call_impl
    return forward_call(*args, **kwargs)
           ^^^^^^^^^^^^^^^^^^^^^^^^^^^^^
  File "/home/ammar/miniconda3/envs/torch/lib/python3.12/site-packages/torch/nn/modules/transformer.py", line 714, in forward
    x = self.norm1(x + self._sa_block(x, src_mask, src_key_padding_mask, is_causal=is_causal))
                       ^^^^^^^^^^^^^^^^^^^^^^^^^^^^^^^^^^^^^^^^^^^^^^^^^^^^^^^^^^^^^^^^^^^^^^
  File "/home/ammar/miniconda3/envs/torch/lib/python3.12/site-packages/torch/nn/modules/transformer.py", line 726, in _sa_block
    return self.dropout1(x)
           ^^^^^^^^^^^^^^^^
  File "/home/ammar/miniconda3/envs/torch/lib/python3.12/site-packages/torch/nn/modules/module.py", line 1511, in _wrapped_call_impl
    return self._call_impl(*args, **kwargs)
           ^^^^^^^^^^^^^^^^^^^^^^^^^^^^^^^^
  File "/home/ammar/miniconda3/envs/torch/lib/python3.12/site-packages/torch/nn/modules/module.py", line 1520, in _call_impl
    return forward_call(*args, **kwargs)
           ^^^^^^^^^^^^^^^^^^^^^^^^^^^^^
  File "/home/ammar/miniconda3/envs/torch/lib/python3.12/site-packages/torch/nn/modules/dropout.py", line 59, in forward
    return F.dropout(input, self.p, self.training, self.inplace)
           ^^^^^^^^^^^^^^^^^^^^^^^^^^^^^^^^^^^^^^^^^^^^^^^^^^^^^
  File "/home/ammar/miniconda3/envs/torch/lib/python3.12/site-packages/torch/nn/functional.py", line 1268, in dropout
    return _VF.dropout_(input, p, training) if inplace else _VF.dropout(input, p, training)
                                                            ^^^^^^^^^^^^^^^^^^^^^^^^^^^^^^^
torch.cuda.OutOfMemoryError: CUDA out of memory. Tried to allocate 20.00 MiB. GPU 0 has a total capacity of 9.75 GiB of which 9.25 MiB is free. Process 26094 has 466.00 MiB memory in use. Process 26096 has 466.00 MiB memory in use. Process 26095 has 466.00 MiB memory in use. Process 26093 has 466.00 MiB memory in use. Process 26091 has 466.00 MiB memory in use. Process 26092 has 466.00 MiB memory in use. Process 26098 has 534.00 MiB memory in use. Process 26101 has 534.00 MiB memory in use. Process 26102 has 534.00 MiB memory in use. Process 26099 has 534.00 MiB memory in use. Process 26100 has 534.00 MiB memory in use. Process 26097 has 534.00 MiB memory in use. Process 26104 has 466.00 MiB memory in use. Process 26107 has 466.00 MiB memory in use. Process 26106 has 466.00 MiB memory in use. Process 26108 has 466.00 MiB memory in use. Process 26105 has 466.00 MiB memory in use. Process 26103 has 466.00 MiB memory in use. Including non-PyTorch memory, this process has 752.00 MiB memory in use. Of the allocated memory 452.95 MiB is allocated by PyTorch, and 39.05 MiB is reserved by PyTorch but unallocated. If reserved but unallocated memory is large try setting PYTORCH_CUDA_ALLOC_CONF=expandable_segments:True to avoid fragmentation.  See documentation for Memory Management  (https://pytorch.org/docs/stable/notes/cuda.html#environment-variables)
/home/ammar/miniconda3/envs/torch/lib/python3.12/site-packages/torch/nn/modules/transformer.py:286: UserWarning: enable_nested_tensor is True, but self.use_nested_tensor is False because encoder_layer.self_attn.num_heads is odd
  warnings.warn(f"enable_nested_tensor is True, but self.use_nested_tensor is False because {why_not_sparsity_fast_path}")
/home/ammar/miniconda3/envs/torch/lib/python3.12/site-packages/torch/nn/modules/transformer.py:286: UserWarning: enable_nested_tensor is True, but self.use_nested_tensor is False because encoder_layer.self_attn.num_heads is odd
  warnings.warn(f"enable_nested_tensor is True, but self.use_nested_tensor is False because {why_not_sparsity_fast_path}")
/home/ammar/miniconda3/envs/torch/lib/python3.12/site-packages/sklearn/metrics/_classification.py:1531: UndefinedMetricWarning: Precision is ill-defined and being set to 0.0 in labels with no predicted samples. Use `zero_division` parameter to control this behavior.
  _warn_prf(average, modifier, f"{metric.capitalize()} is", len(result))
/home/ammar/miniconda3/envs/torch/lib/python3.12/site-packages/sklearn/metrics/_classification.py:1531: UndefinedMetricWarning: Precision is ill-defined and being set to 0.0 in labels with no predicted samples. Use `zero_division` parameter to control this behavior.
  _warn_prf(average, modifier, f"{metric.capitalize()} is", len(result))
/home/ammar/miniconda3/envs/torch/lib/python3.12/site-packages/sklearn/metrics/_classification.py:1531: UndefinedMetricWarning: Precision is ill-defined and being set to 0.0 in labels with no predicted samples. Use `zero_division` parameter to control this behavior.
  _warn_prf(average, modifier, f"{metric.capitalize()} is", len(result))
/home/ammar/miniconda3/envs/torch/lib/python3.12/site-packages/torch/nn/modules/transformer.py:286: UserWarning: enable_nested_tensor is True, but self.use_nested_tensor is False because encoder_layer.self_attn.num_heads is odd
  warnings.warn(f"enable_nested_tensor is True, but self.use_nested_tensor is False because {why_not_sparsity_fast_path}")
/home/ammar/miniconda3/envs/torch/lib/python3.12/site-packages/torch/nn/modules/transformer.py:286: UserWarning: enable_nested_tensor is True, but self.use_nested_tensor is False because encoder_layer.self_attn.num_heads is odd
  warnings.warn(f"enable_nested_tensor is True, but self.use_nested_tensor is False because {why_not_sparsity_fast_path}")
/home/ammar/miniconda3/envs/torch/lib/python3.12/site-packages/sklearn/metrics/_classification.py:1531: UndefinedMetricWarning: Precision is ill-defined and being set to 0.0 in labels with no predicted samples. Use `zero_division` parameter to control this behavior.
  _warn_prf(average, modifier, f"{metric.capitalize()} is", len(result))
/home/ammar/miniconda3/envs/torch/lib/python3.12/site-packages/sklearn/metrics/_classification.py:1531: UndefinedMetricWarning: Precision is ill-defined and being set to 0.0 in labels with no predicted samples. Use `zero_division` parameter to control this behavior.
  _warn_prf(average, modifier, f"{metric.capitalize()} is", len(result))
/home/ammar/miniconda3/envs/torch/lib/python3.12/site-packages/sklearn/metrics/_classification.py:1531: UndefinedMetricWarning: Precision is ill-defined and being set to 0.0 in labels with no predicted samples. Use `zero_division` parameter to control this behavior.
  _warn_prf(average, modifier, f"{metric.capitalize()} is", len(result))

/home/ammar/miniconda3/envs/torch/lib/python3.12/site-packages/torch/nn/modules/transformer.py:286: UserWarning: enable_nested_tensor is True, but self.use_nested_tensor is False because encoder_layer.self_attn.num_heads is odd
  warnings.warn(f"enable_nested_tensor is True, but self.use_nested_tensor is False because {why_not_sparsity_fast_path}")
/home/ammar/miniconda3/envs/torch/lib/python3.12/site-packages/torch/nn/modules/transformer.py:286: UserWarning: enable_nested_tensor is True, but self.use_nested_tensor is False because encoder_layer.self_attn.num_heads is odd
  warnings.warn(f"enable_nested_tensor is True, but self.use_nested_tensor is False because {why_not_sparsity_fast_path}")
/home/ammar/miniconda3/envs/torch/lib/python3.12/site-packages/torch/nn/modules/transformer.py:286: UserWarning: enable_nested_tensor is True, but self.use_nested_tensor is False because encoder_layer.self_attn.num_heads is odd
  warnings.warn(f"enable_nested_tensor is True, but self.use_nested_tensor is False because {why_not_sparsity_fast_path}")
/home/ammar/miniconda3/envs/torch/lib/python3.12/site-packages/torch/nn/modules/transformer.py:286: UserWarning: enable_nested_tensor is True, but self.use_nested_tensor is False because encoder_layer.self_attn.num_heads is odd
  warnings.warn(f"enable_nested_tensor is True, but self.use_nested_tensor is False because {why_not_sparsity_fast_path}")
/home/ammar/miniconda3/envs/torch/lib/python3.12/site-packages/torch/nn/modules/transformer.py:286: UserWarning: enable_nested_tensor is True, but self.use_nested_tensor is False because encoder_layer.self_attn.num_heads is odd
  warnings.warn(f"enable_nested_tensor is True, but self.use_nested_tensor is False because {why_not_sparsity_fast_path}")
/home/ammar/miniconda3/envs/torch/lib/python3.12/site-packages/torch/nn/modules/transformer.py:286: UserWarning: enable_nested_tensor is True, but self.use_nested_tensor is False because encoder_layer.self_attn.num_heads is odd
  warnings.warn(f"enable_nested_tensor is True, but self.use_nested_tensor is False because {why_not_sparsity_fast_path}")
                                                                                       Best trial: 3. Best value: 0.579562:  70%|███████   | 28/40 [1:34:46<38:55, 194.59s/it]                                                                                       Best trial: 3. Best value: 0.579562:  70%|███████   | 28/40 [1:34:46<38:55, 194.59s/it]Best trial: 3. Best value: 0.579562:  70%|███████   | 28/40 [1:34:46<38:55, 194.59s/it]Best trial: 3. Best value: 0.579562:  72%|███████▎  | 29/40 [1:34:46<29:17, 159.79s/it]Trial failed due to: <class 'Exception'>: No model image found for fold 1
[W 2024-12-28 12:35:02,967] Trial 28 failed with parameters: {'lr': 0.00019662183122712642, 'decay': 3.622328127058962e-05, 'batch_size': 128, 'nheads': 1, 'project_to': 64, 'hidden_size': 64, 'num_layers': 2, 'dropout': 0.5625282343683061, 'class_weights': False, 'aug_choice': 6} because of the following error: The value None could not be cast to float..
[W 2024-12-28 12:35:02,967] Trial 28 failed with value None.
/home/ammar/miniconda3/envs/torch/lib/python3.12/site-packages/torch/nn/modules/transformer.py:286: UserWarning: enable_nested_tensor is True, but self.use_nested_tensor is False because encoder_layer.self_attn.num_heads is odd
  warnings.warn(f"enable_nested_tensor is True, but self.use_nested_tensor is False because {why_not_sparsity_fast_path}")
/home/ammar/miniconda3/envs/torch/lib/python3.12/site-packages/torch/nn/modules/transformer.py:286: UserWarning: enable_nested_tensor is True, but self.use_nested_tensor is False because encoder_layer.self_attn.num_heads is odd
  warnings.warn(f"enable_nested_tensor is True, but self.use_nested_tensor is False because {why_not_sparsity_fast_path}")
/home/ammar/miniconda3/envs/torch/lib/python3.12/site-packages/torch/nn/modules/transformer.py:286: UserWarning: enable_nested_tensor is True, but self.use_nested_tensor is False because encoder_layer.self_attn.num_heads is odd
  warnings.warn(f"enable_nested_tensor is True, but self.use_nested_tensor is False because {why_not_sparsity_fast_path}")
/home/ammar/miniconda3/envs/torch/lib/python3.12/site-packages/torch/nn/modules/transformer.py:286: UserWarning: enable_nested_tensor is True, but self.use_nested_tensor is False because encoder_layer.self_attn.num_heads is odd
  warnings.warn(f"enable_nested_tensor is True, but self.use_nested_tensor is False because {why_not_sparsity_fast_path}")
/home/ammar/miniconda3/envs/torch/lib/python3.12/site-packages/torch/nn/modules/transformer.py:286: UserWarning: enable_nested_tensor is True, but self.use_nested_tensor is False because encoder_layer.self_attn.num_heads is odd
  warnings.warn(f"enable_nested_tensor is True, but self.use_nested_tensor is False because {why_not_sparsity_fast_path}")
/home/ammar/miniconda3/envs/torch/lib/python3.12/site-packages/torch/nn/modules/transformer.py:286: UserWarning: enable_nested_tensor is True, but self.use_nested_tensor is False because encoder_layer.self_attn.num_heads is odd
  warnings.warn(f"enable_nested_tensor is True, but self.use_nested_tensor is False because {why_not_sparsity_fast_path}")
                                                                                       Best trial: 3. Best value: 0.579562:  72%|███████▎  | 29/40 [1:37:05<29:17, 159.79s/it]Best trial: 3. Best value: 0.579562:  72%|███████▎  | 29/40 [1:37:05<29:17, 159.79s/it]Best trial: 3. Best value: 0.579562:  75%|███████▌  | 30/40 [1:37:05<25:37, 153.76s/it]/home/ammar/miniconda3/envs/torch/lib/python3.12/site-packages/torch/nn/modules/transformer.py:286: UserWarning: enable_nested_tensor is True, but self.use_nested_tensor is False because encoder_layer.self_attn.num_heads is odd
  warnings.warn(f"enable_nested_tensor is True, but self.use_nested_tensor is False because {why_not_sparsity_fast_path}")
/home/ammar/miniconda3/envs/torch/lib/python3.12/site-packages/torch/nn/modules/transformer.py:286: UserWarning: enable_nested_tensor is True, but self.use_nested_tensor is False because encoder_layer.self_attn.num_heads is odd
  warnings.warn(f"enable_nested_tensor is True, but self.use_nested_tensor is False because {why_not_sparsity_fast_path}")
/home/ammar/miniconda3/envs/torch/lib/python3.12/site-packages/torch/nn/modules/transformer.py:286: UserWarning: enable_nested_tensor is True, but self.use_nested_tensor is False because encoder_layer.self_attn.num_heads is odd
  warnings.warn(f"enable_nested_tensor is True, but self.use_nested_tensor is False because {why_not_sparsity_fast_path}")
/home/ammar/miniconda3/envs/torch/lib/python3.12/site-packages/torch/nn/modules/transformer.py:286: UserWarning: enable_nested_tensor is True, but self.use_nested_tensor is False because encoder_layer.self_attn.num_heads is odd
  warnings.warn(f"enable_nested_tensor is True, but self.use_nested_tensor is False because {why_not_sparsity_fast_path}")
/home/ammar/miniconda3/envs/torch/lib/python3.12/site-packages/torch/nn/modules/transformer.py:286: UserWarning: enable_nested_tensor is True, but self.use_nested_tensor is False because encoder_layer.self_attn.num_heads is odd
  warnings.warn(f"enable_nested_tensor is True, but self.use_nested_tensor is False because {why_not_sparsity_fast_path}")
/home/ammar/miniconda3/envs/torch/lib/python3.12/site-packages/torch/nn/modules/transformer.py:286: UserWarning: enable_nested_tensor is True, but self.use_nested_tensor is False because encoder_layer.self_attn.num_heads is odd
  warnings.warn(f"enable_nested_tensor is True, but self.use_nested_tensor is False because {why_not_sparsity_fast_path}")
