Best trial: 103. Best value: 0.581967:  73%|███████▎  | 110/150 [4:45:19<58:04, 87.12s/it]Best trial: 103. Best value: 0.581967:  73%|███████▎  | 110/150 [4:45:19<58:04, 87.12s/it]Best trial: 103. Best value: 0.581967:  74%|███████▍  | 111/150 [4:45:19<54:13, 83.42s/it]                                                                                          Best trial: 103. Best value: 0.581967:  74%|███████▍  | 111/150 [4:46:42<54:13, 83.42s/it]Best trial: 103. Best value: 0.581967:  74%|███████▍  | 111/150 [4:46:42<54:13, 83.42s/it]Best trial: 103. Best value: 0.581967:  75%|███████▍  | 112/150 [4:46:42<52:45, 83.31s/it]                                                                                          Best trial: 103. Best value: 0.581967:  75%|███████▍  | 112/150 [4:47:51<52:45, 83.31s/it]Best trial: 103. Best value: 0.581967:  75%|███████▍  | 112/150 [4:47:51<52:45, 83.31s/it]Best trial: 103. Best value: 0.581967:  75%|███████▌  | 113/150 [4:47:51<48:53, 79.28s/it]                                                                                          Best trial: 103. Best value: 0.581967:  75%|███████▌  | 113/150 [4:49:21<48:53, 79.28s/it]Best trial: 103. Best value: 0.581967:  75%|███████▌  | 113/150 [4:49:21<48:53, 79.28s/it]Best trial: 103. Best value: 0.581967:  76%|███████▌  | 114/150 [4:49:21<49:27, 82.42s/it]                                                                                          Best trial: 103. Best value: 0.581967:  76%|███████▌  | 114/150 [4:50:53<49:27, 82.42s/it]Best trial: 103. Best value: 0.581967:  76%|███████▌  | 114/150 [4:50:53<49:27, 82.42s/it]Best trial: 103. Best value: 0.581967:  77%|███████▋  | 115/150 [4:50:53<49:39, 85.14s/it]                                                                                          Best trial: 103. Best value: 0.581967:  77%|███████▋  | 115/150 [4:52:19<49:39, 85.14s/it]Best trial: 103. Best value: 0.581967:  77%|███████▋  | 115/150 [4:52:19<49:39, 85.14s/it]Best trial: 103. Best value: 0.581967:  77%|███████▋  | 116/150 [4:52:19<48:30, 85.61s/it]                                                                                          Best trial: 103. Best value: 0.581967:  77%|███████▋  | 116/150 [4:53:43<48:30, 85.61s/it]Best trial: 103. Best value: 0.581967:  77%|███████▋  | 116/150 [4:53:43<48:30, 85.61s/it]Best trial: 103. Best value: 0.581967:  78%|███████▊  | 117/150 [4:53:43<46:42, 84.92s/it]                                                                                          Best trial: 103. Best value: 0.581967:  78%|███████▊  | 117/150 [4:55:14<46:42, 84.92s/it]Best trial: 103. Best value: 0.581967:  78%|███████▊  | 117/150 [4:55:14<46:42, 84.92s/it]Best trial: 103. Best value: 0.581967:  79%|███████▊  | 118/150 [4:55:14<46:20, 86.90s/it]                                                                                          Best trial: 103. Best value: 0.581967:  79%|███████▊  | 118/150 [4:56:42<46:20, 86.90s/it]Best trial: 103. Best value: 0.581967:  79%|███████▊  | 118/150 [4:56:42<46:20, 86.90s/it]Best trial: 103. Best value: 0.581967:  79%|███████▉  | 119/150 [4:56:42<45:06, 87.31s/it]                                                                                          Best trial: 103. Best value: 0.581967:  79%|███████▉  | 119/150 [4:58:00<45:06, 87.31s/it]Best trial: 103. Best value: 0.581967:  79%|███████▉  | 119/150 [4:58:00<45:06, 87.31s/it]Best trial: 103. Best value: 0.581967:  80%|████████  | 120/150 [4:58:00<42:13, 84.46s/it]                                                                                          Best trial: 103. Best value: 0.581967:  80%|████████  | 120/150 [4:59:54<42:13, 84.46s/it]Best trial: 103. Best value: 0.581967:  80%|████████  | 120/150 [4:59:54<42:13, 84.46s/it]Best trial: 103. Best value: 0.581967:  81%|████████  | 121/150 [4:59:54<45:01, 93.14s/it]                                                                                          Best trial: 103. Best value: 0.581967:  81%|████████  | 121/150 [5:01:20<45:01, 93.14s/it]Best trial: 103. Best value: 0.581967:  81%|████████  | 121/150 [5:01:20<45:01, 93.14s/it]Best trial: 103. Best value: 0.581967:  81%|████████▏ | 122/150 [5:01:20<42:33, 91.21s/it]                                                                                          Best trial: 103. Best value: 0.581967:  81%|████████▏ | 122/150 [5:02:51<42:33, 91.21s/it]Best trial: 103. Best value: 0.581967:  81%|████████▏ | 122/150 [5:02:51<42:33, 91.21s/it]Best trial: 103. Best value: 0.581967:  82%|████████▏ | 123/150 [5:02:51<40:56, 90.98s/it]                                                                                          Best trial: 103. Best value: 0.581967:  82%|████████▏ | 123/150 [5:04:17<40:56, 90.98s/it]Best trial: 103. Best value: 0.581967:  82%|████████▏ | 123/150 [5:04:17<40:56, 90.98s/it]Best trial: 103. Best value: 0.581967:  83%|████████▎ | 124/150 [5:04:17<38:44, 89.41s/it]                                                                                          Best trial: 103. Best value: 0.581967:  83%|████████▎ | 124/150 [5:05:38<38:44, 89.41s/it]Best trial: 103. Best value: 0.581967:  83%|████████▎ | 124/150 [5:05:38<38:44, 89.41s/it]Best trial: 103. Best value: 0.581967:  83%|████████▎ | 125/150 [5:05:38<36:16, 87.05s/it]                                                                                          Best trial: 103. Best value: 0.581967:  83%|████████▎ | 125/150 [5:06:52<36:16, 87.05s/it]Best trial: 103. Best value: 0.581967:  83%|████████▎ | 125/150 [5:06:52<36:16, 87.05s/it]Best trial: 103. Best value: 0.581967:  84%|████████▍ | 126/150 [5:06:52<33:15, 83.15s/it]                                                                                          Best trial: 103. Best value: 0.581967:  84%|████████▍ | 126/150 [5:08:05<33:15, 83.15s/it]Best trial: 103. Best value: 0.581967:  84%|████████▍ | 126/150 [5:08:05<33:15, 83.15s/it]Best trial: 103. Best value: 0.581967:  85%|████████▍ | 127/150 [5:08:05<30:41, 80.05s/it]                                                                                          Best trial: 103. Best value: 0.581967:  85%|████████▍ | 127/150 [5:09:28<30:41, 80.05s/it]Best trial: 103. Best value: 0.581967:  85%|████████▍ | 127/150 [5:09:28<30:41, 80.05s/it]Best trial: 103. Best value: 0.581967:  85%|████████▌ | 128/150 [5:09:28<29:43, 81.07s/it]                                                                                          Best trial: 103. Best value: 0.581967:  85%|████████▌ | 128/150 [5:10:59<29:43, 81.07s/it]Best trial: 103. Best value: 0.581967:  85%|████████▌ | 128/150 [5:10:59<29:43, 81.07s/it]Best trial: 103. Best value: 0.581967:  86%|████████▌ | 129/150 [5:10:59<29:25, 84.06s/it]                                                                                          Best trial: 103. Best value: 0.581967:  86%|████████▌ | 129/150 [5:12:29<29:25, 84.06s/it]Best trial: 103. Best value: 0.581967:  86%|████████▌ | 129/150 [5:12:29<29:25, 84.06s/it]Best trial: 103. Best value: 0.581967:  87%|████████▋ | 130/150 [5:12:29<28:33, 85.66s/it]                                                                                          Best trial: 103. Best value: 0.581967:  87%|████████▋ | 130/150 [5:14:01<28:33, 85.66s/it]Best trial: 103. Best value: 0.581967:  87%|████████▋ | 130/150 [5:14:01<28:33, 85.66s/it]Best trial: 103. Best value: 0.581967:  87%|████████▋ | 131/150 [5:14:01<27:42, 87.52s/it]                                                                                          Best trial: 103. Best value: 0.581967:  87%|████████▋ | 131/150 [5:15:21<27:42, 87.52s/it]Best trial: 103. Best value: 0.581967:  87%|████████▋ | 131/150 [5:15:21<27:42, 87.52s/it]Best trial: 103. Best value: 0.581967:  88%|████████▊ | 132/150 [5:15:21<25:35, 85.31s/it]                                                                                          [I 2024-12-29 18:15:09,040] Trial 110 finished with value: 0.5024309323228804 and parameters: {'lr': 0.002558232637559627, 'decay': 0.00032837255819792414, 'batch_size': 128, 'nheads': 4, 'project_to': 32, 'hidden_size': 64, 'num_layers': 2, 'dropout': 0.12918757367128542, 'alpha': 1.342552021725011, 'aug_choice': 6}. Best is trial 103 with value: 0.5819666157646056.
[I 2024-12-29 18:16:32,093] Trial 111 finished with value: 0.5092968646985816 and parameters: {'lr': 0.002716507022984537, 'decay': 0.00047280527615809126, 'batch_size': 128, 'nheads': 4, 'project_to': 32, 'hidden_size': 64, 'num_layers': 2, 'dropout': 0.14866246673215677, 'alpha': 1.443593783056818, 'aug_choice': 6}. Best is trial 103 with value: 0.5819666157646056.
[I 2024-12-29 18:17:41,975] Trial 112 finished with value: 0.4348813970376009 and parameters: {'lr': 0.0016917411521008337, 'decay': 0.0008965631966737523, 'batch_size': 128, 'nheads': 4, 'project_to': 32, 'hidden_size': 64, 'num_layers': 2, 'dropout': 0.16321560799758766, 'alpha': 1.3110638961133498, 'aug_choice': 6}. Best is trial 103 with value: 0.5819666157646056.
[I 2024-12-29 18:19:11,713] Trial 113 finished with value: 0.46812131706842525 and parameters: {'lr': 0.0035028174282253715, 'decay': 0.0006705900813788306, 'batch_size': 128, 'nheads': 4, 'project_to': 32, 'hidden_size': 64, 'num_layers': 2, 'dropout': 0.13753375416275063, 'alpha': 1.3645333798003372, 'aug_choice': 6}. Best is trial 103 with value: 0.5819666157646056.
[I 2024-12-29 18:20:43,214] Trial 114 finished with value: 0.5243346086309345 and parameters: {'lr': 0.0021081210990315066, 'decay': 0.0003044622465665428, 'batch_size': 128, 'nheads': 4, 'project_to': 32, 'hidden_size': 64, 'num_layers': 2, 'dropout': 0.1756741328549698, 'alpha': 1.2511543231626647, 'aug_choice': 6}. Best is trial 103 with value: 0.5819666157646056.
[I 2024-12-29 18:22:09,917] Trial 115 finished with value: 0.5492266402287965 and parameters: {'lr': 0.004829366387646969, 'decay': 0.00025394027354557305, 'batch_size': 64, 'nheads': 4, 'project_to': 128, 'hidden_size': 64, 'num_layers': 2, 'dropout': 0.12318220074871505, 'alpha': 1.4997424734369973, 'aug_choice': 6}. Best is trial 103 with value: 0.5819666157646056.
[I 2024-12-29 18:23:33,236] Trial 116 finished with value: 0.5093136143015918 and parameters: {'lr': 0.002955137552926825, 'decay': 0.00015580812116390444, 'batch_size': 64, 'nheads': 4, 'project_to': 32, 'hidden_size': 64, 'num_layers': 2, 'dropout': 0.12114715664845091, 'alpha': 1.4965571432912872, 'aug_choice': 6}. Best is trial 103 with value: 0.5819666157646056.
[I 2024-12-29 18:25:04,742] Trial 117 finished with value: 0.5215030000327994 and parameters: {'lr': 0.004622494426211579, 'decay': 0.00023326831604070813, 'batch_size': 128, 'nheads': 4, 'project_to': 128, 'hidden_size': 64, 'num_layers': 2, 'dropout': 0.11482058879649527, 'alpha': 1.3274266597232947, 'aug_choice': 6}. Best is trial 103 with value: 0.5819666157646056.
[I 2024-12-29 18:26:33,005] Trial 118 finished with value: 0.5298571549509475 and parameters: {'lr': 0.005282048748835599, 'decay': 0.00047805371739007295, 'batch_size': 64, 'nheads': 4, 'project_to': 128, 'hidden_size': 64, 'num_layers': 2, 'dropout': 0.15990608898905434, 'alpha': 1.4354526805758294, 'aug_choice': 6}. Best is trial 103 with value: 0.5819666157646056.
[I 2024-12-29 18:27:50,813] Trial 119 finished with value: 0.5020983115778941 and parameters: {'lr': 0.0019496534062586768, 'decay': 0.00034405071965469173, 'batch_size': 64, 'nheads': 4, 'project_to': 32, 'hidden_size': 64, 'num_layers': 2, 'dropout': 0.12602049097719248, 'alpha': 1.2752202580770617, 'aug_choice': 6}. Best is trial 103 with value: 0.5819666157646056.
[I 2024-12-29 18:29:44,205] Trial 120 finished with value: 0.4435983086078519 and parameters: {'lr': 6.438420926719732e-05, 'decay': 0.000262257460147798, 'batch_size': 64, 'nheads': 4, 'project_to': 128, 'hidden_size': 64, 'num_layers': 2, 'dropout': 0.1921890669419278, 'alpha': 1.3019577208838136, 'aug_choice': 6}. Best is trial 103 with value: 0.5819666157646056.
[I 2024-12-29 18:31:10,909] Trial 121 finished with value: 0.515424359588745 and parameters: {'lr': 0.0037805911936944618, 'decay': 0.0010916144799604634, 'batch_size': 64, 'nheads': 4, 'project_to': 128, 'hidden_size': 64, 'num_layers': 2, 'dropout': 0.13845778596019576, 'alpha': 1.4043845632552163, 'aug_choice': 6}. Best is trial 103 with value: 0.5819666157646056.
[I 2024-12-29 18:32:41,349] Trial 122 finished with value: 0.5629502093950656 and parameters: {'lr': 0.0024834466238488045, 'decay': 0.00018715245027551075, 'batch_size': 64, 'nheads': 4, 'project_to': 128, 'hidden_size': 64, 'num_layers': 2, 'dropout': 0.15450618054493134, 'alpha': 1.4649320044168745, 'aug_choice': 6}. Best is trial 103 with value: 0.5819666157646056.
[I 2024-12-29 18:34:07,104] Trial 123 finished with value: 0.5166793835326754 and parameters: {'lr': 0.0023159279876107074, 'decay': 0.00019284357271018708, 'batch_size': 64, 'nheads': 4, 'project_to': 128, 'hidden_size': 64, 'num_layers': 2, 'dropout': 0.1543619078773728, 'alpha': 1.4538273840248104, 'aug_choice': 6}. Best is trial 103 with value: 0.5819666157646056.
[I 2024-12-29 18:35:28,633] Trial 124 finished with value: 0.4946228560266118 and parameters: {'lr': 0.0032076896997677348, 'decay': 0.00025470947690904805, 'batch_size': 64, 'nheads': 4, 'project_to': 128, 'hidden_size': 64, 'num_layers': 2, 'dropout': 0.17444058822551944, 'alpha': 1.2375011382458763, 'aug_choice': 6}. Best is trial 103 with value: 0.5819666157646056.
[I 2024-12-29 18:36:42,680] Trial 125 finished with value: 0.47997303828721744 and parameters: {'lr': 0.0025757321424215475, 'decay': 0.00015199100160783114, 'batch_size': 64, 'nheads': 4, 'project_to': 128, 'hidden_size': 64, 'num_layers': 2, 'dropout': 0.11311572256876185, 'alpha': 1.4785154512905585, 'aug_choice': 6}. Best is trial 103 with value: 0.5819666157646056.
[I 2024-12-29 18:37:55,496] Trial 126 finished with value: 0.47608880689035243 and parameters: {'lr': 0.001547788919322237, 'decay': 8.674240032197383e-05, 'batch_size': 64, 'nheads': 4, 'project_to': 128, 'hidden_size': 64, 'num_layers': 2, 'dropout': 0.1534442851835615, 'alpha': 1.346759709406684, 'aug_choice': 4}. Best is trial 103 with value: 0.5819666157646056.
[I 2024-12-29 18:39:18,939] Trial 127 finished with value: 0.5269127666983688 and parameters: {'lr': 0.004509042795129874, 'decay': 0.00020528960788244777, 'batch_size': 64, 'nheads': 4, 'project_to': 128, 'hidden_size': 128, 'num_layers': 2, 'dropout': 0.6508240425669041, 'alpha': 1.1821293086002604, 'aug_choice': 0}. Best is trial 103 with value: 0.5819666157646056.
[I 2024-12-29 18:40:49,992] Trial 128 finished with value: 0.5402864969320651 and parameters: {'lr': 0.0057468447221891575, 'decay': 0.0005846417388966521, 'batch_size': 128, 'nheads': 4, 'project_to': 32, 'hidden_size': 64, 'num_layers': 2, 'dropout': 0.165473187290907, 'alpha': 1.3712211137555004, 'aug_choice': 6}. Best is trial 103 with value: 0.5819666157646056.
[I 2024-12-29 18:42:19,372] Trial 129 finished with value: 0.5161345628642969 and parameters: {'lr': 0.00295979693516686, 'decay': 0.00012265515089620295, 'batch_size': 64, 'nheads': 4, 'project_to': 128, 'hidden_size': 64, 'num_layers': 2, 'dropout': 0.13278802192076739, 'alpha': 1.4947797904791027, 'aug_choice': 6}. Best is trial 103 with value: 0.5819666157646056.
[I 2024-12-29 18:43:51,239] Trial 130 finished with value: 0.5167112156332746 and parameters: {'lr': 0.004134499635876109, 'decay': 0.0029874153191459807, 'batch_size': 64, 'nheads': 4, 'project_to': 128, 'hidden_size': 64, 'num_layers': 2, 'dropout': 0.18134240053830042, 'alpha': 1.4244734666785748, 'aug_choice': 6}. Best is trial 103 with value: 0.5819666157646056.
