Best trial: 14. Best value: 0.562334:  15%|█▍        | 22/150 [1:02:47<4:21:20, 122.51s/it]Best trial: 14. Best value: 0.562334:  15%|█▍        | 22/150 [1:02:47<4:21:20, 122.51s/it]Best trial: 14. Best value: 0.562334:  15%|█▌        | 23/150 [1:02:47<4:21:44, 123.66s/it]                                                                                           Best trial: 14. Best value: 0.562334:  15%|█▌        | 23/150 [1:04:10<4:21:44, 123.66s/it]Best trial: 14. Best value: 0.562334:  15%|█▌        | 23/150 [1:04:10<4:21:44, 123.66s/it]Best trial: 14. Best value: 0.562334:  16%|█▌        | 24/150 [1:04:10<3:54:01, 111.44s/it]                                                                                           Best trial: 14. Best value: 0.562334:  16%|█▌        | 24/150 [1:08:39<3:54:01, 111.44s/it]Best trial: 14. Best value: 0.562334:  16%|█▌        | 24/150 [1:08:39<3:54:01, 111.44s/it]Best trial: 14. Best value: 0.562334:  17%|█▋        | 25/150 [1:08:39<5:30:41, 158.73s/it]                                                                                           Best trial: 14. Best value: 0.562334:  17%|█▋        | 25/150 [1:13:27<5:30:41, 158.73s/it]Best trial: 14. Best value: 0.562334:  17%|█▋        | 25/150 [1:13:27<5:30:41, 158.73s/it]Best trial: 14. Best value: 0.562334:  17%|█▋        | 26/150 [1:13:27<6:48:01, 197.43s/it]                                                                                           Best trial: 14. Best value: 0.562334:  17%|█▋        | 26/150 [1:17:59<6:48:01, 197.43s/it]Best trial: 14. Best value: 0.562334:  17%|█▋        | 26/150 [1:17:59<6:48:01, 197.43s/it]Best trial: 14. Best value: 0.562334:  18%|█▊        | 27/150 [1:17:59<7:30:25, 219.72s/it]                                                                                           Best trial: 14. Best value: 0.562334:  18%|█▊        | 27/150 [1:22:42<7:30:25, 219.72s/it]Best trial: 14. Best value: 0.562334:  18%|█▊        | 27/150 [1:22:42<7:30:25, 219.72s/it]Best trial: 14. Best value: 0.562334:  19%|█▊        | 28/150 [1:22:42<8:05:17, 238.67s/it]                                                                                           Best trial: 14. Best value: 0.562334:  19%|█▊        | 28/150 [1:28:17<8:05:17, 238.67s/it]Best trial: 14. Best value: 0.562334:  19%|█▊        | 28/150 [1:28:17<8:05:17, 238.67s/it]Best trial: 14. Best value: 0.562334:  19%|█▉        | 29/150 [1:28:17<9:00:02, 267.79s/it]                                                                                           Best trial: 14. Best value: 0.562334:  19%|█▉        | 29/150 [1:37:58<9:00:02, 267.79s/it]Best trial: 14. Best value: 0.562334:  19%|█▉        | 29/150 [1:37:58<9:00:02, 267.79s/it]Best trial: 14. Best value: 0.562334:  20%|██        | 30/150 [1:37:58<12:03:12, 361.61s/it]                                                                                            Best trial: 14. Best value: 0.562334:  20%|██        | 30/150 [1:45:49<12:03:12, 361.61s/it]Best trial: 14. Best value: 0.562334:  20%|██        | 30/150 [1:45:49<12:03:12, 361.61s/it]Best trial: 14. Best value: 0.562334:  21%|██        | 31/150 [1:45:49<13:02:37, 394.60s/it]                                                                                            Best trial: 14. Best value: 0.562334:  21%|██        | 31/150 [1:58:13<13:02:37, 394.60s/it]Best trial: 14. Best value: 0.562334:  21%|██        | 31/150 [1:58:13<13:02:37, 394.60s/it]Best trial: 14. Best value: 0.562334:  21%|██▏       | 32/150 [1:58:13<16:22:00, 499.33s/it]                                                                                            Best trial: 14. Best value: 0.562334:  21%|██▏       | 32/150 [2:03:21<16:22:00, 499.33s/it]Best trial: 14. Best value: 0.562334:  21%|██▏       | 32/150 [2:03:21<16:22:00, 499.33s/it]Best trial: 14. Best value: 0.562334:  22%|██▏       | 33/150 [2:03:21<14:21:39, 441.88s/it]                                                                                            Best trial: 14. Best value: 0.562334:  22%|██▏       | 33/150 [2:12:29<14:21:39, 441.88s/it]Best trial: 14. Best value: 0.562334:  22%|██▏       | 33/150 [2:12:29<14:21:39, 441.88s/it]Best trial: 14. Best value: 0.562334:  23%|██▎       | 34/150 [2:12:29<15:15:37, 473.60s/it]                                                                                            Best trial: 14. Best value: 0.562334:  23%|██▎       | 34/150 [2:18:47<15:15:37, 473.60s/it]Best trial: 14. Best value: 0.562334:  23%|██▎       | 34/150 [2:18:47<15:15:37, 473.60s/it]Best trial: 14. Best value: 0.562334:  23%|██▎       | 35/150 [2:18:47<14:13:05, 445.09s/it]                                                                                            Best trial: 14. Best value: 0.562334:  23%|██▎       | 35/150 [2:21:25<14:13:05, 445.09s/it]Best trial: 14. Best value: 0.562334:  23%|██▎       | 35/150 [2:21:25<14:13:05, 445.09s/it]Best trial: 14. Best value: 0.562334:  24%|██▍       | 36/150 [2:21:25<11:21:57, 358.92s/it]                                                                                            Best trial: 14. Best value: 0.562334:  24%|██▍       | 36/150 [2:26:13<11:21:57, 358.92s/it]Best trial: 14. Best value: 0.562334:  24%|██▍       | 36/150 [2:26:13<11:21:57, 358.92s/it]Best trial: 14. Best value: 0.562334:  25%|██▍       | 37/150 [2:26:13<10:35:38, 337.51s/it]                                                                                            Best trial: 14. Best value: 0.562334:  25%|██▍       | 37/150 [2:29:14<10:35:38, 337.51s/it]Best trial: 14. Best value: 0.562334:  25%|██▍       | 37/150 [2:29:14<10:35:38, 337.51s/it]Best trial: 14. Best value: 0.562334:  25%|██▌       | 38/150 [2:29:14<9:02:37, 290.69s/it]                                                                                            Best trial: 14. Best value: 0.562334:  25%|██▌       | 38/150 [2:32:07<9:02:37, 290.69s/it]Best trial: 14. Best value: 0.562334:  25%|██▌       | 38/150 [2:32:07<9:02:37, 290.69s/it]Best trial: 14. Best value: 0.562334:  26%|██▌       | 39/150 [2:32:07<7:52:36, 255.46s/it]                                                                                           Best trial: 14. Best value: 0.562334:  26%|██▌       | 39/150 [2:36:46<7:52:36, 255.46s/it]Best trial: 14. Best value: 0.562334:  26%|██▌       | 39/150 [2:36:46<7:52:36, 255.46s/it]Best trial: 14. Best value: 0.562334:  27%|██▋       | 40/150 [2:36:46<8:01:12, 262.48s/it]                                                                                           Best trial: 14. Best value: 0.562334:  27%|██▋       | 40/150 [2:38:51<8:01:12, 262.48s/it]Best trial: 40. Best value: 0.579055:  27%|██▋       | 40/150 [2:38:51<8:01:12, 262.48s/it]Best trial: 40. Best value: 0.579055:  27%|██▋       | 41/150 [2:38:51<6:41:58, 221.27s/it]                                                                                           Best trial: 40. Best value: 0.579055:  27%|██▋       | 41/150 [2:40:53<6:41:58, 221.27s/it]Best trial: 40. Best value: 0.579055:  27%|██▋       | 41/150 [2:40:53<6:41:58, 221.27s/it]Best trial: 40. Best value: 0.579055:  28%|██▊       | 42/150 [2:40:53<5:44:36, 191.45s/it]                                                                                           Best trial: 40. Best value: 0.579055:  28%|██▊       | 42/150 [2:43:37<5:44:36, 191.45s/it]Best trial: 40. Best value: 0.579055:  28%|██▊       | 42/150 [2:43:37<5:44:36, 191.45s/it]Best trial: 40. Best value: 0.579055:  29%|██▊       | 43/150 [2:43:37<5:26:54, 183.31s/it]                                                                                           Best trial: 40. Best value: 0.579055:  29%|██▊       | 43/150 [2:47:13<5:26:54, 183.31s/it]Best trial: 40. Best value: 0.579055:  29%|██▊       | 43/150 [2:47:13<5:26:54, 183.31s/it]Best trial: 40. Best value: 0.579055:  29%|██▉       | 44/150 [2:47:13<5:41:09, 193.11s/it]                                                                                           [I 2024-12-30 05:12:04,444] Trial 22 finished with value: 0.5068471704319212 and parameters: {'lr': 0.0006073430793924226, 'decay': 0.0003344987072707368, 'batch_size': 128, 'nheads': 2, 'project_to': 128, 'hidden_size': 128, 'num_layers': 2, 'dropout': 0.3080838873721933, 'alpha': 0.27590531678447894, 'aug_choice': 8}. Best is trial 14 with value: 0.562333921686486.
[I 2024-12-30 05:13:27,384] Trial 23 finished with value: 0.3996548526793849 and parameters: {'lr': 0.0034367934449966112, 'decay': 0.002155491750122682, 'batch_size': 128, 'nheads': 2, 'project_to': 128, 'hidden_size': 128, 'num_layers': 2, 'dropout': 0.25099985615212794, 'alpha': 0.5234590876317722, 'aug_choice': 0}. Best is trial 14 with value: 0.562333921686486.
[I 2024-12-30 05:17:56,450] Trial 24 finished with value: 0.5241562699287432 and parameters: {'lr': 0.0010902350005348427, 'decay': 0.0005681394754121358, 'batch_size': 128, 'nheads': 2, 'project_to': 128, 'hidden_size': 32, 'num_layers': 1, 'dropout': 0.6941083698802151, 'alpha': 0.7143946664705447, 'aug_choice': 3}. Best is trial 14 with value: 0.562333921686486.
[I 2024-12-30 05:22:44,151] Trial 25 finished with value: 0.48122763042018546 and parameters: {'lr': 0.0010393338734622393, 'decay': 0.0004184043929673152, 'batch_size': 128, 'nheads': 4, 'project_to': 128, 'hidden_size': 32, 'num_layers': 1, 'dropout': 0.6850203674065644, 'alpha': 0.7151726141913675, 'aug_choice': 3}. Best is trial 14 with value: 0.562333921686486.
[I 2024-12-30 05:27:15,868] Trial 26 finished with value: 0.5374948267471178 and parameters: {'lr': 0.00025150951776956964, 'decay': 0.0001623372305404959, 'batch_size': 128, 'nheads': 2, 'project_to': 128, 'hidden_size': 32, 'num_layers': 1, 'dropout': 0.43827781078074446, 'alpha': 0.7774431163994565, 'aug_choice': 3}. Best is trial 14 with value: 0.562333921686486.
[I 2024-12-30 05:31:58,744] Trial 27 finished with value: 0.5334730560489377 and parameters: {'lr': 0.0002090424717228359, 'decay': 0.00017722946789092557, 'batch_size': 128, 'nheads': 2, 'project_to': 128, 'hidden_size': 32, 'num_layers': 1, 'dropout': 0.4304988219814117, 'alpha': 0.8924249586928005, 'aug_choice': 3}. Best is trial 14 with value: 0.562333921686486.
[I 2024-12-30 05:37:34,491] Trial 28 finished with value: 0.5004367430952131 and parameters: {'lr': 0.0002371614053786666, 'decay': 0.00015969278267875627, 'batch_size': 128, 'nheads': 2, 'project_to': 32, 'hidden_size': 32, 'num_layers': 1, 'dropout': 0.43269440692817374, 'alpha': 1.4627225080823454, 'aug_choice': 3}. Best is trial 14 with value: 0.562333921686486.
[I 2024-12-30 05:47:14,997] Trial 29 finished with value: 0.5254408387265131 and parameters: {'lr': 3.4102144267422776e-05, 'decay': 6.248012378223916e-05, 'batch_size': 64, 'nheads': 4, 'project_to': 64, 'hidden_size': 32, 'num_layers': 1, 'dropout': 0.42646220392899564, 'alpha': 0.933470412674299, 'aug_choice': 3}. Best is trial 14 with value: 0.562333921686486.
[I 2024-12-30 05:55:06,570] Trial 30 finished with value: 0.47607810459428557 and parameters: {'lr': 4.360646446143734e-05, 'decay': 2.5385845602770607e-05, 'batch_size': 128, 'nheads': 2, 'project_to': 32, 'hidden_size': 32, 'num_layers': 1, 'dropout': 0.3434221188663207, 'alpha': 1.2283789830535845, 'aug_choice': 1}. Best is trial 14 with value: 0.562333921686486.
[I 2024-12-30 06:07:30,258] Trial 31 finished with value: 0.4566097108222259 and parameters: {'lr': 1.7341385378087188e-05, 'decay': 9.515051445433943e-05, 'batch_size': 64, 'nheads': 4, 'project_to': 64, 'hidden_size': 32, 'num_layers': 1, 'dropout': 0.4252736459483348, 'alpha': 0.9201868037943044, 'aug_choice': 3}. Best is trial 14 with value: 0.562333921686486.
[I 2024-12-30 06:12:38,084] Trial 32 finished with value: 0.5112251639487069 and parameters: {'lr': 0.00016192137987963584, 'decay': 4.0688642427570384e-05, 'batch_size': 64, 'nheads': 4, 'project_to': 64, 'hidden_size': 32, 'num_layers': 1, 'dropout': 0.4256758740258108, 'alpha': 0.9690396280397866, 'aug_choice': 3}. Best is trial 14 with value: 0.562333921686486.
[I 2024-12-30 06:21:45,709] Trial 33 finished with value: 0.4259032790485774 and parameters: {'lr': 2.8133917949763575e-05, 'decay': 0.00021274672705141995, 'batch_size': 64, 'nheads': 4, 'project_to': 64, 'hidden_size': 32, 'num_layers': 1, 'dropout': 0.526381723232466, 'alpha': 0.8486538579807926, 'aug_choice': 3}. Best is trial 14 with value: 0.562333921686486.
[I 2024-12-30 06:28:04,275] Trial 34 finished with value: 0.5186708465349039 and parameters: {'lr': 0.00010967523836200454, 'decay': 0.00011201176004278389, 'batch_size': 64, 'nheads': 4, 'project_to': 64, 'hidden_size': 32, 'num_layers': 1, 'dropout': 0.5056784913814161, 'alpha': 1.0466750160635272, 'aug_choice': 3}. Best is trial 14 with value: 0.562333921686486.
[I 2024-12-30 06:30:42,146] Trial 35 finished with value: 0.4854175170458839 and parameters: {'lr': 5.622892321420701e-05, 'decay': 6.325901274043506e-05, 'batch_size': 64, 'nheads': 1, 'project_to': 128, 'hidden_size': 32, 'num_layers': 1, 'dropout': 0.4487469701917907, 'alpha': 0.7279042087358908, 'aug_choice': 2}. Best is trial 14 with value: 0.562333921686486.
[I 2024-12-30 06:35:29,685] Trial 36 finished with value: 0.5312958259186056 and parameters: {'lr': 0.0003056175154231072, 'decay': 2.198690599379119e-05, 'batch_size': 64, 'nheads': 4, 'project_to': 64, 'hidden_size': 32, 'num_layers': 1, 'dropout': 0.5631097924162339, 'alpha': 0.8907572307175334, 'aug_choice': 3}. Best is trial 14 with value: 0.562333921686486.
[I 2024-12-30 06:38:31,131] Trial 37 finished with value: 0.4709833517186207 and parameters: {'lr': 0.0002729618236240374, 'decay': 2.3128077560382866e-05, 'batch_size': 128, 'nheads': 4, 'project_to': 128, 'hidden_size': 32, 'num_layers': 1, 'dropout': 0.5732243902336533, 'alpha': 1.2256177838608022, 'aug_choice': 7}. Best is trial 14 with value: 0.562333921686486.
[I 2024-12-30 06:41:24,400] Trial 38 finished with value: 0.4907829472544965 and parameters: {'lr': 0.0001465328754678706, 'decay': 1.0226982196610751e-05, 'batch_size': 64, 'nheads': 1, 'project_to': 64, 'hidden_size': 32, 'num_layers': 1, 'dropout': 0.5864489381440968, 'alpha': 0.8166603568329094, 'aug_choice': 5}. Best is trial 14 with value: 0.562333921686486.
[I 2024-12-30 06:46:03,247] Trial 39 finished with value: 0.47932883303530366 and parameters: {'lr': 0.0003402310883496437, 'decay': 1.6783396608710515e-05, 'batch_size': 128, 'nheads': 2, 'project_to': 128, 'hidden_size': 32, 'num_layers': 1, 'dropout': 0.6449374249105028, 'alpha': 1.0329867385790055, 'aug_choice': 3}. Best is trial 14 with value: 0.562333921686486.
[I 2024-12-30 06:48:08,362] Trial 40 finished with value: 0.5790545371673126 and parameters: {'lr': 0.000773858019487634, 'decay': 0.00023154536847061903, 'batch_size': 64, 'nheads': 4, 'project_to': 32, 'hidden_size': 32, 'num_layers': 1, 'dropout': 0.4928963219561273, 'alpha': 0.753143334189625, 'aug_choice': 2}. Best is trial 40 with value: 0.5790545371673126.
[I 2024-12-30 06:50:10,220] Trial 41 finished with value: 0.47436222875787515 and parameters: {'lr': 0.00066394935312158, 'decay': 0.0002141981144187285, 'batch_size': 64, 'nheads': 4, 'project_to': 32, 'hidden_size': 32, 'num_layers': 1, 'dropout': 0.48434197512542776, 'alpha': 0.7546665432868006, 'aug_choice': 2}. Best is trial 40 with value: 0.5790545371673126.
[I 2024-12-30 06:52:54,562] Trial 42 finished with value: 0.4574365797266208 and parameters: {'lr': 0.00010269896999498512, 'decay': 0.000154599842640752, 'batch_size': 64, 'nheads': 4, 'project_to': 32, 'hidden_size': 32, 'num_layers': 1, 'dropout': 0.4007658318787155, 'alpha': 0.879474377668219, 'aug_choice': 2}. Best is trial 40 with value: 0.5790545371673126.
[I 2024-12-30 06:56:30,529] Trial 43 finished with value: 0.46628707530749913 and parameters: {'lr': 0.00020415786676266422, 'decay': 0.0002958052642593393, 'batch_size': 64, 'nheads': 4, 'project_to': 32, 'hidden_size': 32, 'num_layers': 1, 'dropout': 0.5091277326854853, 'alpha': 0.517104205442229, 'aug_choice': 2}. Best is trial 40 with value: 0.5790545371673126.
