  0%|          | 0/150 [00:00<?, ?it/s]                                         0%|          | 0/150 [03:21<?, ?it/s]Best trial: 0. Best value: 0.470553:   0%|          | 0/150 [03:21<?, ?it/s]Best trial: 0. Best value: 0.470553:   1%|          | 1/150 [03:21<8:19:23, 201.10s/it]                                                                                       Best trial: 0. Best value: 0.470553:   1%|          | 1/150 [06:34<8:19:23, 201.10s/it]Best trial: 1. Best value: 0.505983:   1%|          | 1/150 [06:34<8:19:23, 201.10s/it]Best trial: 1. Best value: 0.505983:   1%|▏         | 2/150 [06:34<8:05:10, 196.70s/it]                                                                                       Best trial: 1. Best value: 0.505983:   1%|▏         | 2/150 [09:47<8:05:10, 196.70s/it]Best trial: 1. Best value: 0.505983:   1%|▏         | 2/150 [09:47<8:05:10, 196.70s/it]Best trial: 1. Best value: 0.505983:   2%|▏         | 3/150 [09:47<7:57:36, 194.95s/it]                                                                                       Best trial: 1. Best value: 0.505983:   2%|▏         | 3/150 [13:08<7:57:36, 194.95s/it]Best trial: 1. Best value: 0.505983:   2%|▏         | 3/150 [13:08<7:57:36, 194.95s/it]Best trial: 1. Best value: 0.505983:   3%|▎         | 4/150 [13:08<7:59:57, 197.24s/it]                                                                                       Best trial: 1. Best value: 0.505983:   3%|▎         | 4/150 [14:35<7:59:57, 197.24s/it]Best trial: 1. Best value: 0.505983:   3%|▎         | 4/150 [14:35<7:59:57, 197.24s/it]Best trial: 1. Best value: 0.505983:   3%|▎         | 5/150 [14:35<6:21:03, 157.68s/it]                                                                                       Best trial: 1. Best value: 0.505983:   3%|▎         | 5/150 [19:18<6:21:03, 157.68s/it]Best trial: 1. Best value: 0.505983:   3%|▎         | 5/150 [19:18<6:21:03, 157.68s/it]Best trial: 1. Best value: 0.505983:   4%|▍         | 6/150 [19:18<8:00:37, 200.26s/it]                                                                                       Best trial: 1. Best value: 0.505983:   4%|▍         | 6/150 [23:14<8:00:37, 200.26s/it]Best trial: 6. Best value: 0.549449:   4%|▍         | 6/150 [23:14<8:00:37, 200.26s/it]Best trial: 6. Best value: 0.549449:   5%|▍         | 7/150 [23:14<8:24:44, 211.78s/it]                                                                                       Best trial: 6. Best value: 0.549449:   5%|▍         | 7/150 [24:43<8:24:44, 211.78s/it]Best trial: 6. Best value: 0.549449:   5%|▍         | 7/150 [24:43<8:24:44, 211.78s/it]Best trial: 6. Best value: 0.549449:   5%|▌         | 8/150 [24:43<6:49:00, 172.82s/it]                                                                                       Best trial: 6. Best value: 0.549449:   5%|▌         | 8/150 [30:15<6:49:00, 172.82s/it]Best trial: 6. Best value: 0.549449:   5%|▌         | 8/150 [30:15<6:49:00, 172.82s/it]Best trial: 6. Best value: 0.549449:   6%|▌         | 9/150 [30:15<8:42:42, 222.43s/it]                                                                                       Best trial: 6. Best value: 0.549449:   6%|▌         | 9/150 [32:36<8:42:42, 222.43s/it]Best trial: 6. Best value: 0.549449:   6%|▌         | 9/150 [32:36<8:42:42, 222.43s/it]Best trial: 6. Best value: 0.549449:   7%|▋         | 10/150 [32:36<7:40:32, 197.37s/it]                                                                                        Best trial: 6. Best value: 0.549449:   7%|▋         | 10/150 [34:49<7:40:32, 197.37s/it]Best trial: 6. Best value: 0.549449:   7%|▋         | 10/150 [34:49<7:40:32, 197.37s/it]Best trial: 6. Best value: 0.549449:   7%|▋         | 11/150 [34:49<6:51:18, 177.54s/it]                                                                                        Best trial: 6. Best value: 0.549449:   7%|▋         | 11/150 [41:34<6:51:18, 177.54s/it]Best trial: 6. Best value: 0.549449:   7%|▋         | 11/150 [41:34<6:51:18, 177.54s/it]Best trial: 6. Best value: 0.549449:   8%|▊         | 12/150 [41:34<9:27:40, 246.82s/it]                                                                                        Best trial: 6. Best value: 0.549449:   8%|▊         | 12/150 [48:02<9:27:40, 246.82s/it]Best trial: 6. Best value: 0.549449:   8%|▊         | 12/150 [48:02<9:27:40, 246.82s/it]Best trial: 6. Best value: 0.549449:   9%|▊         | 13/150 [48:02<11:01:14, 289.59s/it]                                                                                         Best trial: 6. Best value: 0.549449:   9%|▊         | 13/150 [54:49<11:01:14, 289.59s/it]Best trial: 6. Best value: 0.549449:   9%|▊         | 13/150 [54:49<11:01:14, 289.59s/it]Best trial: 6. Best value: 0.549449:   9%|▉         | 14/150 [54:49<12:17:06, 325.19s/it]                                                                                         Best trial: 6. Best value: 0.549449:   9%|▉         | 14/150 [58:41<12:17:06, 325.19s/it]Best trial: 6. Best value: 0.549449:   9%|▉         | 14/150 [58:41<12:17:06, 325.19s/it]Best trial: 6. Best value: 0.549449:  10%|█         | 15/150 [58:41<11:08:32, 297.13s/it]                                                                                         Best trial: 6. Best value: 0.549449:  10%|█         | 15/150 [1:05:26<11:08:32, 297.13s/it]Best trial: 6. Best value: 0.549449:  10%|█         | 15/150 [1:05:26<11:08:32, 297.13s/it]Best trial: 6. Best value: 0.549449:  11%|█         | 16/150 [1:05:26<12:15:42, 329.42s/it]                                                                                           Best trial: 6. Best value: 0.549449:  11%|█         | 16/150 [1:09:04<12:15:42, 329.42s/it]Best trial: 6. Best value: 0.549449:  11%|█         | 16/150 [1:09:04<12:15:42, 329.42s/it]Best trial: 6. Best value: 0.549449:  11%|█▏        | 17/150 [1:09:04<10:55:51, 295.87s/it]                                                                                           Best trial: 6. Best value: 0.549449:  11%|█▏        | 17/150 [1:10:30<10:55:51, 295.87s/it]Best trial: 6. Best value: 0.549449:  11%|█▏        | 17/150 [1:10:30<10:55:51, 295.87s/it]Best trial: 6. Best value: 0.549449:  12%|█▏        | 18/150 [1:10:30<8:32:29, 232.95s/it]                                                                                           Best trial: 6. Best value: 0.549449:  12%|█▏        | 18/150 [1:20:08<8:32:29, 232.95s/it]Best trial: 6. Best value: 0.549449:  12%|█▏        | 18/150 [1:20:08<8:32:29, 232.95s/it]Best trial: 6. Best value: 0.549449:  13%|█▎        | 19/150 [1:20:08<12:14:55, 336.61s/it]                                                                                           Best trial: 6. Best value: 0.549449:  13%|█▎        | 19/150 [1:21:38<12:14:55, 336.61s/it]Best trial: 6. Best value: 0.549449:  13%|█▎        | 19/150 [1:21:38<12:14:55, 336.61s/it]Best trial: 6. Best value: 0.549449:  13%|█▎        | 20/150 [1:21:38<9:28:59, 262.61s/it]                                                                                           Best trial: 6. Best value: 0.549449:  13%|█▎        | 20/150 [1:24:20<9:28:59, 262.61s/it]Best trial: 6. Best value: 0.549449:  13%|█▎        | 20/150 [1:24:20<9:28:59, 262.61s/it]Best trial: 6. Best value: 0.549449:  14%|█▍        | 21/150 [1:24:20<8:19:33, 232.35s/it]                                                                                          Best trial: 6. Best value: 0.549449:  14%|█▍        | 21/150 [1:29:48<8:19:33, 232.35s/it]Best trial: 6. Best value: 0.549449:  14%|█▍        | 21/150 [1:29:48<8:19:33, 232.35s/it]Best trial: 6. Best value: 0.549449:  15%|█▍        | 22/150 [1:29:48<9:16:57, 261.08s/it]                                                                                          [I 2025-01-03 01:01:03,763] Trial 0 finished with value: 0.47055270246006353 and parameters: {'lr': 0.004059047030048062, 'decay': 0.00025490675229803555, 'batch_size': 128, 'nheads': 1, 'project_to': 32, 'hidden_size': 32, 'num_layers': 2, 'dropout': 0.2373034277102332, 'alpha': 1.4307851375443803, 'aug_choice': 7}. Best is trial 0 with value: 0.47055270246006353.
[I 2025-01-03 01:04:17,378] Trial 1 finished with value: 0.5059825054139281 and parameters: {'lr': 0.009015414206543726, 'decay': 0.008747786281737125, 'batch_size': 128, 'nheads': 2, 'project_to': 32, 'hidden_size': 128, 'num_layers': 2, 'dropout': 0.26029097815510416, 'alpha': 1.1535082586639989, 'aug_choice': 5}. Best is trial 1 with value: 0.5059825054139281.
[I 2025-01-03 01:07:30,241] Trial 2 finished with value: 0.4288064033296927 and parameters: {'lr': 5.073469201085612e-05, 'decay': 3.2404999249452615e-05, 'batch_size': 64, 'nheads': 1, 'project_to': 64, 'hidden_size': 128, 'num_layers': 3, 'dropout': 0.4046323261673941, 'alpha': 0.5231797340389992, 'aug_choice': 5}. Best is trial 1 with value: 0.5059825054139281.
[I 2025-01-03 01:10:51,002] Trial 3 finished with value: 0.4654712535459532 and parameters: {'lr': 0.00016996978098278627, 'decay': 0.003170692421323938, 'batch_size': 64, 'nheads': 4, 'project_to': 128, 'hidden_size': 128, 'num_layers': 3, 'dropout': 0.5973486457821717, 'alpha': 1.0173814463763755, 'aug_choice': 5}. Best is trial 1 with value: 0.5059825054139281.
[I 2025-01-03 01:12:18,532] Trial 4 finished with value: 0.47370217236292506 and parameters: {'lr': 0.0002835556184210727, 'decay': 6.252841835995815e-05, 'batch_size': 128, 'nheads': 2, 'project_to': 64, 'hidden_size': 128, 'num_layers': 2, 'dropout': 0.13978343057096093, 'alpha': 0.6338664535623931, 'aug_choice': 4}. Best is trial 1 with value: 0.5059825054139281.
[I 2025-01-03 01:17:01,461] Trial 5 finished with value: 0.4674942383535337 and parameters: {'lr': 0.002288811572139766, 'decay': 0.003834671950210977, 'batch_size': 128, 'nheads': 4, 'project_to': 32, 'hidden_size': 128, 'num_layers': 2, 'dropout': 0.5504980410484176, 'alpha': 0.27429740685865966, 'aug_choice': 7}. Best is trial 1 with value: 0.5059825054139281.
[I 2025-01-03 01:20:56,950] Trial 6 finished with value: 0.5494486560091569 and parameters: {'lr': 0.009349722483803708, 'decay': 0.00787239843670144, 'batch_size': 128, 'nheads': 4, 'project_to': 128, 'hidden_size': 32, 'num_layers': 1, 'dropout': 0.19919583329231466, 'alpha': 0.37145941947672545, 'aug_choice': 7}. Best is trial 6 with value: 0.5494486560091569.
[I 2025-01-03 01:22:26,349] Trial 7 finished with value: 0.4699071625096338 and parameters: {'lr': 0.006395102029445039, 'decay': 0.0012318040439485561, 'batch_size': 64, 'nheads': 1, 'project_to': 32, 'hidden_size': 128, 'num_layers': 3, 'dropout': 0.31152542966894653, 'alpha': 0.26719138832473843, 'aug_choice': 6}. Best is trial 6 with value: 0.5494486560091569.
[I 2025-01-03 01:27:57,852] Trial 8 finished with value: 0.43410402076076593 and parameters: {'lr': 2.4666217938791333e-05, 'decay': 2.3566059963703237e-05, 'batch_size': 128, 'nheads': 2, 'project_to': 64, 'hidden_size': 32, 'num_layers': 3, 'dropout': 0.3669389209383769, 'alpha': 1.2259861898166888, 'aug_choice': 1}. Best is trial 6 with value: 0.5494486560091569.
[I 2025-01-03 01:30:19,122] Trial 9 finished with value: 0.4637468887189022 and parameters: {'lr': 2.0230344866157825e-05, 'decay': 0.000709258179978232, 'batch_size': 64, 'nheads': 2, 'project_to': 128, 'hidden_size': 32, 'num_layers': 2, 'dropout': 0.17176318830907472, 'alpha': 1.1484597279896729, 'aug_choice': 0}. Best is trial 6 with value: 0.5494486560091569.
[I 2025-01-03 01:32:31,710] Trial 10 finished with value: 0.4153964750999276 and parameters: {'lr': 0.0012794810704127137, 'decay': 0.00014236204413095127, 'batch_size': 128, 'nheads': 4, 'project_to': 128, 'hidden_size': 64, 'num_layers': 1, 'dropout': 0.47598409704305916, 'alpha': 0.11881749602909308, 'aug_choice': 8}. Best is trial 6 with value: 0.5494486560091569.
[I 2025-01-03 01:39:16,960] Trial 11 finished with value: 0.5317730192735654 and parameters: {'lr': 0.009283600412398538, 'decay': 0.008160963594208412, 'batch_size': 128, 'nheads': 2, 'project_to': 32, 'hidden_size': 64, 'num_layers': 1, 'dropout': 0.2615455531802692, 'alpha': 0.907959026450808, 'aug_choice': 3}. Best is trial 6 with value: 0.5494486560091569.
[I 2025-01-03 01:45:44,986] Trial 12 finished with value: 0.5095242096431635 and parameters: {'lr': 0.0012765900382513441, 'decay': 0.008400574785625038, 'batch_size': 128, 'nheads': 4, 'project_to': 128, 'hidden_size': 64, 'num_layers': 1, 'dropout': 0.11023202857064776, 'alpha': 0.8068079089076876, 'aug_choice': 3}. Best is trial 6 with value: 0.5494486560091569.
[I 2025-01-03 01:52:32,444] Trial 13 finished with value: 0.5479604275512958 and parameters: {'lr': 0.0006342136894242528, 'decay': 0.0017010397674653592, 'batch_size': 128, 'nheads': 4, 'project_to': 32, 'hidden_size': 64, 'num_layers': 1, 'dropout': 0.22754855289483863, 'alpha': 0.8100987004688739, 'aug_choice': 3}. Best is trial 6 with value: 0.5494486560091569.
[I 2025-01-03 01:56:24,528] Trial 14 finished with value: 0.5077228618569757 and parameters: {'lr': 8.910296965867158e-05, 'decay': 0.0015067691779248483, 'batch_size': 128, 'nheads': 4, 'project_to': 128, 'hidden_size': 64, 'num_layers': 1, 'dropout': 0.20905549610764607, 'alpha': 0.5806051930759696, 'aug_choice': 2}. Best is trial 6 with value: 0.5494486560091569.
[I 2025-01-03 02:03:08,942] Trial 15 finished with value: 0.492953411777988 and parameters: {'lr': 0.0007001081906487968, 'decay': 0.0005824864414508623, 'batch_size': 128, 'nheads': 4, 'project_to': 32, 'hidden_size': 32, 'num_layers': 1, 'dropout': 0.3424610746493142, 'alpha': 0.46545930349682707, 'aug_choice': 3}. Best is trial 6 with value: 0.5494486560091569.
[I 2025-01-03 02:06:46,789] Trial 16 finished with value: 0.47575193359872625 and parameters: {'lr': 0.00046960626744411765, 'decay': 0.0028196824953886854, 'batch_size': 128, 'nheads': 4, 'project_to': 128, 'hidden_size': 32, 'num_layers': 1, 'dropout': 0.6777262027258373, 'alpha': 0.7410909141898533, 'aug_choice': 7}. Best is trial 6 with value: 0.5494486560091569.
[I 2025-01-03 02:08:13,278] Trial 17 finished with value: 0.5080675390165056 and parameters: {'lr': 0.0030748514146341542, 'decay': 0.0016937770647564945, 'batch_size': 128, 'nheads': 4, 'project_to': 128, 'hidden_size': 64, 'num_layers': 1, 'dropout': 0.41564628731643805, 'alpha': 0.41425229480852677, 'aug_choice': 0}. Best is trial 6 with value: 0.5494486560091569.
[I 2025-01-03 02:17:51,354] Trial 18 finished with value: 0.40596667092534183 and parameters: {'lr': 1.011437114658715e-05, 'decay': 0.0005675618324952709, 'batch_size': 64, 'nheads': 4, 'project_to': 32, 'hidden_size': 32, 'num_layers': 1, 'dropout': 0.18094753099530853, 'alpha': 0.735684690000413, 'aug_choice': 1}. Best is trial 6 with value: 0.5494486560091569.
[I 2025-01-03 02:19:21,497] Trial 19 finished with value: 0.4675727953510805 and parameters: {'lr': 0.0010522756818533777, 'decay': 0.004052627619414729, 'batch_size': 128, 'nheads': 4, 'project_to': 64, 'hidden_size': 64, 'num_layers': 1, 'dropout': 0.2980827551038458, 'alpha': 0.9189454898174998, 'aug_choice': 6}. Best is trial 6 with value: 0.5494486560091569.
[I 2025-01-03 02:22:03,296] Trial 20 finished with value: 0.43738225669774167 and parameters: {'lr': 0.00018833165979226932, 'decay': 0.00021049267528209037, 'batch_size': 128, 'nheads': 1, 'project_to': 128, 'hidden_size': 32, 'num_layers': 2, 'dropout': 0.10022621732864441, 'alpha': 0.34166415287308294, 'aug_choice': 8}. Best is trial 6 with value: 0.5494486560091569.
[I 2025-01-03 02:27:31,362] Trial 21 finished with value: 0.48515317251108164 and parameters: {'lr': 0.00963650574963263, 'decay': 0.008407703399659086, 'batch_size': 128, 'nheads': 2, 'project_to': 32, 'hidden_size': 64, 'num_layers': 1, 'dropout': 0.25248838208494107, 'alpha': 0.9522556711984302, 'aug_choice': 3}. Best is trial 6 with value: 0.5494486560091569.
