Best trial: 40. Best value: 0.579055:  29%|██▉       | 44/150 [2:49:26<5:41:09, 193.11s/it]Best trial: 40. Best value: 0.579055:  29%|██▉       | 44/150 [2:49:26<5:41:09, 193.11s/it]Best trial: 40. Best value: 0.579055:  30%|███       | 45/150 [2:49:26<5:05:56, 174.82s/it]                                                                                           Best trial: 40. Best value: 0.579055:  30%|███       | 45/150 [2:52:00<5:05:56, 174.82s/it]Best trial: 40. Best value: 0.579055:  30%|███       | 45/150 [2:52:00<5:05:56, 174.82s/it]Best trial: 40. Best value: 0.579055:  31%|███       | 46/150 [2:52:00<4:52:16, 168.62s/it]                                                                                           Best trial: 40. Best value: 0.579055:  31%|███       | 46/150 [2:54:28<4:52:16, 168.62s/it]Best trial: 40. Best value: 0.579055:  31%|███       | 46/150 [2:54:28<4:52:16, 168.62s/it]Best trial: 40. Best value: 0.579055:  31%|███▏      | 47/150 [2:54:28<4:39:12, 162.65s/it]                                                                                           Best trial: 40. Best value: 0.579055:  31%|███▏      | 47/150 [2:57:12<4:39:12, 162.65s/it]Best trial: 40. Best value: 0.579055:  31%|███▏      | 47/150 [2:57:12<4:39:12, 162.65s/it]Best trial: 40. Best value: 0.579055:  32%|███▏      | 48/150 [2:57:12<4:37:01, 162.96s/it]                                                                                           Best trial: 40. Best value: 0.579055:  32%|███▏      | 48/150 [2:59:50<4:37:01, 162.96s/it]Best trial: 40. Best value: 0.579055:  32%|███▏      | 48/150 [2:59:50<4:37:01, 162.96s/it]Best trial: 40. Best value: 0.579055:  33%|███▎      | 49/150 [2:59:50<4:31:34, 161.33s/it]                                                                                           Best trial: 40. Best value: 0.579055:  33%|███▎      | 49/150 [3:02:21<4:31:34, 161.33s/it]Best trial: 40. Best value: 0.579055:  33%|███▎      | 49/150 [3:02:21<4:31:34, 161.33s/it]Best trial: 40. Best value: 0.579055:  33%|███▎      | 50/150 [3:02:21<4:23:40, 158.21s/it]                                                                                           Best trial: 40. Best value: 0.579055:  33%|███▎      | 50/150 [3:04:51<4:23:40, 158.21s/it]Best trial: 40. Best value: 0.579055:  33%|███▎      | 50/150 [3:04:51<4:23:40, 158.21s/it]Best trial: 40. Best value: 0.579055:  34%|███▍      | 51/150 [3:04:51<4:17:18, 155.95s/it]                                                                                           Best trial: 40. Best value: 0.579055:  34%|███▍      | 51/150 [3:08:00<4:17:18, 155.95s/it]Best trial: 40. Best value: 0.579055:  34%|███▍      | 51/150 [3:08:00<4:17:18, 155.95s/it]Best trial: 40. Best value: 0.579055:  35%|███▍      | 52/150 [3:08:00<4:30:39, 165.71s/it]                                                                                           Best trial: 40. Best value: 0.579055:  35%|███▍      | 52/150 [3:10:50<4:30:39, 165.71s/it]Best trial: 40. Best value: 0.579055:  35%|███▍      | 52/150 [3:10:50<4:30:39, 165.71s/it]Best trial: 40. Best value: 0.579055:  35%|███▌      | 53/150 [3:10:50<4:30:16, 167.18s/it]                                                                                           Best trial: 40. Best value: 0.579055:  35%|███▌      | 53/150 [3:13:05<4:30:16, 167.18s/it]Best trial: 40. Best value: 0.579055:  35%|███▌      | 53/150 [3:13:05<4:30:16, 167.18s/it]Best trial: 40. Best value: 0.579055:  36%|███▌      | 54/150 [3:13:05<4:12:00, 157.51s/it]                                                                                           Best trial: 40. Best value: 0.579055:  36%|███▌      | 54/150 [3:14:16<4:12:00, 157.51s/it]Best trial: 40. Best value: 0.579055:  36%|███▌      | 54/150 [3:14:16<4:12:00, 157.51s/it]Best trial: 40. Best value: 0.579055:  37%|███▋      | 55/150 [3:14:16<3:28:15, 131.53s/it]                                                                                           Best trial: 40. Best value: 0.579055:  37%|███▋      | 55/150 [3:16:20<3:28:15, 131.53s/it]Best trial: 40. Best value: 0.579055:  37%|███▋      | 55/150 [3:16:20<3:28:15, 131.53s/it]Best trial: 40. Best value: 0.579055:  37%|███▋      | 56/150 [3:16:20<3:22:25, 129.21s/it]                                                                                           Best trial: 40. Best value: 0.579055:  37%|███▋      | 56/150 [3:18:46<3:22:25, 129.21s/it]Best trial: 40. Best value: 0.579055:  37%|███▋      | 56/150 [3:18:46<3:22:25, 129.21s/it]Best trial: 40. Best value: 0.579055:  38%|███▊      | 57/150 [3:18:46<3:28:00, 134.19s/it]                                                                                           Best trial: 40. Best value: 0.579055:  38%|███▊      | 57/150 [3:20:09<3:28:00, 134.19s/it]Best trial: 57. Best value: 0.619304:  38%|███▊      | 57/150 [3:20:09<3:28:00, 134.19s/it]Best trial: 57. Best value: 0.619304:  39%|███▊      | 58/150 [3:20:09<3:02:04, 118.75s/it]                                                                                           Best trial: 57. Best value: 0.619304:  39%|███▊      | 58/150 [3:21:21<3:02:04, 118.75s/it]Best trial: 57. Best value: 0.619304:  39%|███▊      | 58/150 [3:21:21<3:02:04, 118.75s/it]Best trial: 57. Best value: 0.619304:  39%|███▉      | 59/150 [3:21:21<2:38:55, 104.78s/it]                                                                                           Best trial: 57. Best value: 0.619304:  39%|███▉      | 59/150 [3:22:25<2:38:55, 104.78s/it]Best trial: 57. Best value: 0.619304:  39%|███▉      | 59/150 [3:22:25<2:38:55, 104.78s/it]Best trial: 57. Best value: 0.619304:  40%|████      | 60/150 [3:22:25<2:19:05, 92.73s/it]                                                                                           Best trial: 57. Best value: 0.619304:  40%|████      | 60/150 [3:23:35<2:19:05, 92.73s/it]Best trial: 57. Best value: 0.619304:  40%|████      | 60/150 [3:23:35<2:19:05, 92.73s/it]Best trial: 57. Best value: 0.619304:  41%|████      | 61/150 [3:23:35<2:07:04, 85.67s/it]                                                                                          Best trial: 57. Best value: 0.619304:  41%|████      | 61/150 [3:24:44<2:07:04, 85.67s/it]Best trial: 57. Best value: 0.619304:  41%|████      | 61/150 [3:24:44<2:07:04, 85.67s/it]Best trial: 57. Best value: 0.619304:  41%|████▏     | 62/150 [3:24:44<1:58:23, 80.72s/it]                                                                                          Best trial: 57. Best value: 0.619304:  41%|████▏     | 62/150 [3:25:55<1:58:23, 80.72s/it]Best trial: 57. Best value: 0.619304:  41%|████▏     | 62/150 [3:25:55<1:58:23, 80.72s/it]Best trial: 57. Best value: 0.619304:  42%|████▏     | 63/150 [3:25:55<1:52:44, 77.75s/it]                                                                                          Best trial: 57. Best value: 0.619304:  42%|████▏     | 63/150 [3:27:08<1:52:44, 77.75s/it]Best trial: 57. Best value: 0.619304:  42%|████▏     | 63/150 [3:27:08<1:52:44, 77.75s/it]Best trial: 57. Best value: 0.619304:  43%|████▎     | 64/150 [3:27:08<1:49:28, 76.38s/it]                                                                                          Best trial: 57. Best value: 0.619304:  43%|████▎     | 64/150 [3:28:55<1:49:28, 76.38s/it]Best trial: 57. Best value: 0.619304:  43%|████▎     | 64/150 [3:28:55<1:49:28, 76.38s/it]Best trial: 57. Best value: 0.619304:  43%|████▎     | 65/150 [3:28:55<2:01:30, 85.78s/it]                                                                                          Best trial: 57. Best value: 0.619304:  43%|████▎     | 65/150 [3:30:55<2:01:30, 85.78s/it]Best trial: 57. Best value: 0.619304:  43%|████▎     | 65/150 [3:30:55<2:01:30, 85.78s/it]Best trial: 57. Best value: 0.619304:  44%|████▍     | 66/150 [3:30:55<2:14:14, 95.88s/it]                                                                                          [I 2024-12-30 06:58:42,669] Trial 44 finished with value: 0.5098228981385409 and parameters: {'lr': 0.00610609436305161, 'decay': 3.62747832245802e-05, 'batch_size': 64, 'nheads': 4, 'project_to': 32, 'hidden_size': 32, 'num_layers': 1, 'dropout': 0.46924081661607486, 'alpha': 1.0368444930985172, 'aug_choice': 1}. Best is trial 40 with value: 0.5790545371673126.
[I 2024-12-30 07:01:16,825] Trial 45 finished with value: 0.5534365983714945 and parameters: {'lr': 0.000817878717709351, 'decay': 0.00011749114509716111, 'batch_size': 64, 'nheads': 1, 'project_to': 32, 'hidden_size': 32, 'num_layers': 1, 'dropout': 0.5418986349714182, 'alpha': 0.7882898527546536, 'aug_choice': 7}. Best is trial 40 with value: 0.5790545371673126.
[I 2024-12-30 07:03:45,544] Trial 46 finished with value: 0.5449512914100493 and parameters: {'lr': 0.001480504798237279, 'decay': 0.00012138483297679557, 'batch_size': 64, 'nheads': 1, 'project_to': 32, 'hidden_size': 32, 'num_layers': 1, 'dropout': 0.4030008720290056, 'alpha': 0.7638440316621277, 'aug_choice': 7}. Best is trial 40 with value: 0.5790545371673126.
[I 2024-12-30 07:06:29,215] Trial 47 finished with value: 0.562492221534716 and parameters: {'lr': 0.0016582021800056323, 'decay': 0.00011012283894750927, 'batch_size': 64, 'nheads': 1, 'project_to': 32, 'hidden_size': 32, 'num_layers': 2, 'dropout': 0.3906190325348317, 'alpha': 0.7719494274734289, 'aug_choice': 7}. Best is trial 40 with value: 0.5790545371673126.
[I 2024-12-30 07:09:06,751] Trial 48 finished with value: 0.5305787348919264 and parameters: {'lr': 0.0018042388402785003, 'decay': 9.764829862852563e-05, 'batch_size': 64, 'nheads': 1, 'project_to': 32, 'hidden_size': 32, 'num_layers': 2, 'dropout': 0.3882793981564103, 'alpha': 0.6859017518261907, 'aug_choice': 7}. Best is trial 40 with value: 0.5790545371673126.
[I 2024-12-30 07:11:37,665] Trial 49 finished with value: 0.5275902971811938 and parameters: {'lr': 0.0008570372165467833, 'decay': 0.00012015635764528775, 'batch_size': 64, 'nheads': 1, 'project_to': 32, 'hidden_size': 64, 'num_layers': 2, 'dropout': 0.372175404914223, 'alpha': 0.5447285999892577, 'aug_choice': 7}. Best is trial 40 with value: 0.5790545371673126.
[I 2024-12-30 07:14:08,341] Trial 50 finished with value: 0.4375866621568393 and parameters: {'lr': 0.0015595109493383346, 'decay': 6.911841012919133e-05, 'batch_size': 64, 'nheads': 1, 'project_to': 32, 'hidden_size': 128, 'num_layers': 3, 'dropout': 0.32577205589131103, 'alpha': 0.2051233257904288, 'aug_choice': 7}. Best is trial 40 with value: 0.5790545371673126.
[I 2024-12-30 07:17:16,846] Trial 51 finished with value: 0.5151172318251228 and parameters: {'lr': 0.009351197259729828, 'decay': 0.00029032740789364334, 'batch_size': 64, 'nheads': 1, 'project_to': 32, 'hidden_size': 32, 'num_layers': 2, 'dropout': 0.505003210188742, 'alpha': 0.7857239571920612, 'aug_choice': 7}. Best is trial 40 with value: 0.5790545371673126.
[I 2024-12-30 07:20:07,448] Trial 52 finished with value: 0.5274916790342934 and parameters: {'lr': 0.00448664624857164, 'decay': 0.0006064983050437477, 'batch_size': 64, 'nheads': 1, 'project_to': 32, 'hidden_size': 32, 'num_layers': 2, 'dropout': 0.39872154861767, 'alpha': 0.6653485588956157, 'aug_choice': 7}. Best is trial 40 with value: 0.5790545371673126.
[I 2024-12-30 07:22:22,392] Trial 53 finished with value: 0.4829109320112209 and parameters: {'lr': 0.0021797930586790466, 'decay': 4.814442665636772e-05, 'batch_size': 64, 'nheads': 1, 'project_to': 32, 'hidden_size': 32, 'num_layers': 2, 'dropout': 0.4627711951414786, 'alpha': 0.7850205722998278, 'aug_choice': 7}. Best is trial 40 with value: 0.5790545371673126.
[I 2024-12-30 07:23:33,298] Trial 54 finished with value: 0.4608327560111241 and parameters: {'lr': 0.001374865330868708, 'decay': 0.0001296704939807208, 'batch_size': 64, 'nheads': 1, 'project_to': 32, 'hidden_size': 32, 'num_layers': 1, 'dropout': 0.48320410231449584, 'alpha': 0.576493399214582, 'aug_choice': 6}. Best is trial 40 with value: 0.5790545371673126.
[I 2024-12-30 07:25:37,104] Trial 55 finished with value: 0.5046606081925655 and parameters: {'lr': 0.00044584533934125746, 'decay': 0.00038034813595018446, 'batch_size': 64, 'nheads': 1, 'project_to': 32, 'hidden_size': 128, 'num_layers': 2, 'dropout': 0.5358728835984939, 'alpha': 0.41119602269754835, 'aug_choice': 8}. Best is trial 40 with value: 0.5790545371673126.
[I 2024-12-30 07:28:02,922] Trial 56 finished with value: 0.522275546115228 and parameters: {'lr': 0.0009050444889275997, 'decay': 8.060663738619656e-05, 'batch_size': 64, 'nheads': 1, 'project_to': 32, 'hidden_size': 64, 'num_layers': 3, 'dropout': 0.1653567616592308, 'alpha': 0.816874774145261, 'aug_choice': 7}. Best is trial 40 with value: 0.5790545371673126.
[I 2024-12-30 07:29:25,624] Trial 57 finished with value: 0.6193042196249754 and parameters: {'lr': 0.000528427932520826, 'decay': 0.0002401630772700998, 'batch_size': 64, 'nheads': 1, 'project_to': 32, 'hidden_size': 32, 'num_layers': 1, 'dropout': 0.28724326702839664, 'alpha': 0.6698754913040375, 'aug_choice': 0}. Best is trial 57 with value: 0.6193042196249754.
[I 2024-12-30 07:30:37,830] Trial 58 finished with value: 0.47891799105526056 and parameters: {'lr': 0.0005414586300374121, 'decay': 0.0002603926731237683, 'batch_size': 64, 'nheads': 1, 'project_to': 32, 'hidden_size': 128, 'num_layers': 2, 'dropout': 0.22132560728474715, 'alpha': 0.36096873832118287, 'aug_choice': 0}. Best is trial 57 with value: 0.6193042196249754.
[I 2024-12-30 07:31:42,427] Trial 59 finished with value: 0.542359368308727 and parameters: {'lr': 0.002451270066255009, 'decay': 0.00045809940249476344, 'batch_size': 64, 'nheads': 1, 'project_to': 32, 'hidden_size': 32, 'num_layers': 1, 'dropout': 0.27776678171016156, 'alpha': 0.6678293678768261, 'aug_choice': 0}. Best is trial 57 with value: 0.6193042196249754.
[I 2024-12-30 07:32:51,616] Trial 60 finished with value: 0.47296001947533617 and parameters: {'lr': 0.0007770560880300597, 'decay': 0.0010292568996433118, 'batch_size': 64, 'nheads': 1, 'project_to': 32, 'hidden_size': 32, 'num_layers': 2, 'dropout': 0.34431034236942787, 'alpha': 0.4820391106881427, 'aug_choice': 0}. Best is trial 57 with value: 0.6193042196249754.
[I 2024-12-30 07:34:00,790] Trial 61 finished with value: 0.48491854230778564 and parameters: {'lr': 0.002496811883578149, 'decay': 0.00046756186013588625, 'batch_size': 64, 'nheads': 1, 'project_to': 32, 'hidden_size': 32, 'num_layers': 1, 'dropout': 0.27509398606242935, 'alpha': 0.6473123917253508, 'aug_choice': 0}. Best is trial 57 with value: 0.6193042196249754.
[I 2024-12-30 07:35:11,606] Trial 62 finished with value: 0.587110200880535 and parameters: {'lr': 0.0012674615062746827, 'decay': 0.0007356719090630014, 'batch_size': 64, 'nheads': 1, 'project_to': 32, 'hidden_size': 32, 'num_layers': 1, 'dropout': 0.30485121072519505, 'alpha': 0.6853268580850391, 'aug_choice': 0}. Best is trial 57 with value: 0.6193042196249754.
[I 2024-12-30 07:36:24,791] Trial 63 finished with value: 0.4623585432392057 and parameters: {'lr': 0.001248780875912878, 'decay': 0.0006502875394847374, 'batch_size': 64, 'nheads': 1, 'project_to': 32, 'hidden_size': 32, 'num_layers': 1, 'dropout': 0.3086091505908148, 'alpha': 0.5801188715808537, 'aug_choice': 0}. Best is trial 57 with value: 0.6193042196249754.
[I 2024-12-30 07:38:12,494] Trial 64 finished with value: 0.551507891945187 and parameters: {'lr': 0.001701151726655656, 'decay': 0.00265584220010061, 'batch_size': 64, 'nheads': 1, 'project_to': 32, 'hidden_size': 32, 'num_layers': 1, 'dropout': 0.25961060968940847, 'alpha': 0.7314670676894832, 'aug_choice': 5}. Best is trial 57 with value: 0.6193042196249754.
[I 2024-12-30 07:40:11,956] Trial 65 finished with value: 0.5420332039434796 and parameters: {'lr': 0.0016977351653782757, 'decay': 0.0031416422855944843, 'batch_size': 64, 'nheads': 1, 'project_to': 32, 'hidden_size': 128, 'num_layers': 1, 'dropout': 0.2533640483125043, 'alpha': 0.7191235403105192, 'aug_choice': 5}. Best is trial 57 with value: 0.6193042196249754.
