[I 2025-01-03 09:01:19,794] Trial 131 finished with value: 0.5632878777814303 and parameters: {'lr': 0.001343914243481729, 'decay': 0.007569967721686155, 'batch_size': 128, 'nheads': 2, 'project_to': 128, 'hidden_size': 32, 'num_layers': 1, 'dropout': 0.18498474887088798, 'alpha': 0.9451574621230995, 'aug_choice': 3}. Best is trial 119 with value: 0.6071307273025635.
Best trial: 119. Best value: 0.607131:  88%|████████▊ | 132/150 [8:10:42<1:27:24, 291.35s/it]Best trial: 119. Best value: 0.607131:  88%|████████▊ | 132/150 [8:10:42<1:27:24, 291.35s/it]Best trial: 119. Best value: 0.607131:  89%|████████▊ | 133/150 [8:10:42<1:33:58, 331.67s/it]                                                                                             Best trial: 119. Best value: 0.607131:  89%|████████▊ | 133/150 [8:16:58<1:33:58, 331.67s/it]Best trial: 119. Best value: 0.607131:  89%|████████▊ | 133/150 [8:16:58<1:33:58, 331.67s/it]Best trial: 119. Best value: 0.607131:  89%|████████▉ | 134/150 [8:16:58<1:31:57, 344.81s/it]                                                                                             Best trial: 119. Best value: 0.607131:  89%|████████▉ | 134/150 [8:23:16<1:31:57, 344.81s/it]Best trial: 119. Best value: 0.607131:  89%|████████▉ | 134/150 [8:23:16<1:31:57, 344.81s/it]Best trial: 119. Best value: 0.607131:  90%|█████████ | 135/150 [8:23:16<1:28:44, 354.94s/it]Fold 0: All trials completed (trial_149 exists). Skipping...
Fold 1: All trials completed (trial_149 exists). Skipping...
Fold 2: All trials completed (trial_149 exists). Skipping...
Fold 3: All trials completed (trial_149 exists). Skipping...
Fold 4: All trials completed (trial_149 exists). Skipping...
Fold 5: All trials completed (trial_149 exists). Skipping...
Fold 6#HP: 135 trials completed, running 15 more trials...
[I 2025-01-03 09:45:42,641] Using an existing study with name 'webcam_engagement_classifier' instead of creating a new one.
  0%|          | 0/15 [00:00<?, ?it/s]                                        0%|          | 0/15 [05:58<?, ?it/s]Best trial: 119. Best value: 0.607131:   0%|          | 0/15 [05:58<?, ?it/s]Best trial: 119. Best value: 0.607131:   7%|▋         | 1/15 [05:58<1:23:35, 358.23s/it]                                                                                        Best trial: 119. Best value: 0.607131:   7%|▋         | 1/15 [11:47<1:23:35, 358.23s/it]Best trial: 119. Best value: 0.607131:   7%|▋         | 1/15 [11:47<1:23:35, 358.23s/it]Best trial: 119. Best value: 0.607131:  13%|█▎        | 2/15 [11:47<1:16:27, 352.86s/it]                                                                                        Best trial: 119. Best value: 0.607131:  13%|█▎        | 2/15 [19:55<1:16:27, 352.86s/it]Best trial: 119. Best value: 0.607131:  13%|█▎        | 2/15 [19:55<1:16:27, 352.86s/it]Best trial: 119. Best value: 0.607131:  20%|██        | 3/15 [19:55<1:22:55, 414.63s/it]                                                                                        Best trial: 119. Best value: 0.607131:  20%|██        | 3/15 [25:14<1:22:55, 414.63s/it]Best trial: 119. Best value: 0.607131:  20%|██        | 3/15 [25:14<1:22:55, 414.63s/it]Best trial: 119. Best value: 0.607131:  27%|██▋       | 4/15 [25:14<1:09:05, 376.84s/it]                                                                                        Best trial: 119. Best value: 0.607131:  27%|██▋       | 4/15 [31:10<1:09:05, 376.84s/it]Best trial: 119. Best value: 0.607131:  27%|██▋       | 4/15 [31:10<1:09:05, 376.84s/it]Best trial: 119. Best value: 0.607131:  33%|███▎      | 5/15 [31:10<1:01:34, 369.48s/it]                                                                                        Best trial: 119. Best value: 0.607131:  33%|███▎      | 5/15 [36:27<1:01:34, 369.48s/it]Best trial: 119. Best value: 0.607131:  33%|███▎      | 5/15 [36:27<1:01:34, 369.48s/it]Best trial: 119. Best value: 0.607131:  40%|████      | 6/15 [36:27<52:43, 351.53s/it]                                                                                        Best trial: 119. Best value: 0.607131:  40%|████      | 6/15 [42:14<52:43, 351.53s/it]Best trial: 119. Best value: 0.607131:  40%|████      | 6/15 [42:14<52:43, 351.53s/it]Best trial: 119. Best value: 0.607131:  47%|████▋     | 7/15 [42:14<46:41, 350.14s/it]                                                                                      Best trial: 119. Best value: 0.607131:  47%|████▋     | 7/15 [44:01<46:41, 350.14s/it]Best trial: 119. Best value: 0.607131:  47%|████▋     | 7/15 [44:01<46:41, 350.14s/it]Best trial: 119. Best value: 0.607131:  53%|█████▎    | 8/15 [44:01<31:48, 272.64s/it]                                                                                      Best trial: 119. Best value: 0.607131:  53%|█████▎    | 8/15 [50:49<31:48, 272.64s/it]Best trial: 119. Best value: 0.607131:  53%|█████▎    | 8/15 [50:49<31:48, 272.64s/it]Best trial: 119. Best value: 0.607131:  60%|██████    | 9/15 [50:49<31:29, 314.95s/it]                                                                                      Best trial: 119. Best value: 0.607131:  60%|██████    | 9/15 [53:02<31:29, 314.95s/it]Best trial: 119. Best value: 0.607131:  60%|██████    | 9/15 [53:02<31:29, 314.95s/it]Best trial: 119. Best value: 0.607131:  67%|██████▋   | 10/15 [53:02<21:34, 258.83s/it]                                                                                       Best trial: 119. Best value: 0.607131:  67%|██████▋   | 10/15 [59:26<21:34, 258.83s/it]Best trial: 119. Best value: 0.607131:  67%|██████▋   | 10/15 [59:26<21:34, 258.83s/it]Best trial: 119. Best value: 0.607131:  73%|███████▎  | 11/15 [59:26<19:48, 297.02s/it]                                                                                       Best trial: 119. Best value: 0.607131:  73%|███████▎  | 11/15 [1:00:51<19:48, 297.02s/it]Best trial: 119. Best value: 0.607131:  73%|███████▎  | 11/15 [1:00:51<19:48, 297.02s/it]Best trial: 119. Best value: 0.607131:  80%|████████  | 12/15 [1:00:51<11:37, 232.47s/it]                                                                                         Best trial: 119. Best value: 0.607131:  80%|████████  | 12/15 [1:02:19<11:37, 232.47s/it]Best trial: 119. Best value: 0.607131:  80%|████████  | 12/15 [1:02:19<11:37, 232.47s/it]Best trial: 119. Best value: 0.607131:  87%|████████▋ | 13/15 [1:02:19<06:17, 188.75s/it]                                                                                         Best trial: 119. Best value: 0.607131:  87%|████████▋ | 13/15 [1:05:29<06:17, 188.75s/it]Best trial: 119. Best value: 0.607131:  87%|████████▋ | 13/15 [1:05:29<06:17, 188.75s/it]Best trial: 119. Best value: 0.607131:  93%|█████████▎| 14/15 [1:05:29<03:09, 189.25s/it]                                                                                         Best trial: 119. Best value: 0.607131:  93%|█████████▎| 14/15 [1:11:35<03:09, 189.25s/it]Best trial: 119. Best value: 0.607131:  93%|█████████▎| 14/15 [1:11:35<03:09, 189.25s/it]Best trial: 119. Best value: 0.607131: 100%|██████████| 15/15 [1:11:35<00:00, 242.55s/it]Best trial: 119. Best value: 0.607131: 100%|██████████| 15/15 [1:11:35<00:00, 286.38s/it]
[I 2025-01-03 09:51:40,872] Trial 135 finished with value: 0.5026334715724066 and parameters: {'lr': 0.0011010288872088769, 'decay': 0.002999900572025636, 'batch_size': 128, 'nheads': 2, 'project_to': 128, 'hidden_size': 32, 'num_layers': 1, 'dropout': 0.19264516114747646, 'alpha': 1.0694764765076532, 'aug_choice': 3}. Best is trial 119 with value: 0.6071307273025635.
[I 2025-01-03 09:57:29,976] Trial 136 finished with value: 0.5029153545812705 and parameters: {'lr': 0.0008533960240189531, 'decay': 0.004329416069943913, 'batch_size': 128, 'nheads': 2, 'project_to': 128, 'hidden_size': 32, 'num_layers': 1, 'dropout': 0.1628263808016242, 'alpha': 0.9390197741620552, 'aug_choice': 3}. Best is trial 119 with value: 0.6071307273025635.
[I 2025-01-03 10:05:38,104] Trial 137 finished with value: 0.5386399856834575 and parameters: {'lr': 0.0006833388318458599, 'decay': 0.007867504438302206, 'batch_size': 128, 'nheads': 2, 'project_to': 128, 'hidden_size': 128, 'num_layers': 1, 'dropout': 0.14667896802621916, 'alpha': 1.0286655800460869, 'aug_choice': 3}. Best is trial 119 with value: 0.6071307273025635.
[I 2025-01-03 10:10:57,017] Trial 138 finished with value: 0.4710302576631508 and parameters: {'lr': 0.0009993951953228023, 'decay': 0.003623823997169674, 'batch_size': 64, 'nheads': 2, 'project_to': 128, 'hidden_size': 32, 'num_layers': 1, 'dropout': 0.18290749367930623, 'alpha': 1.1900675940092231, 'aug_choice': 3}. Best is trial 119 with value: 0.6071307273025635.
[I 2025-01-03 10:16:53,455] Trial 139 finished with value: 0.5441191021632601 and parameters: {'lr': 0.0013088465725667937, 'decay': 0.0012928008269785236, 'batch_size': 128, 'nheads': 2, 'project_to': 128, 'hidden_size': 32, 'num_layers': 1, 'dropout': 0.15138297522168856, 'alpha': 1.3984131931106885, 'aug_choice': 3}. Best is trial 119 with value: 0.6071307273025635.
[I 2025-01-03 10:22:10,121] Trial 140 finished with value: 0.4680729172364031 and parameters: {'lr': 0.0021669513353492096, 'decay': 0.002773102435421079, 'batch_size': 64, 'nheads': 1, 'project_to': 128, 'hidden_size': 32, 'num_layers': 1, 'dropout': 0.11313742576406408, 'alpha': 0.9635561059986537, 'aug_choice': 3}. Best is trial 119 with value: 0.6071307273025635.
[I 2025-01-03 10:27:57,397] Trial 141 finished with value: 0.4842906655001737 and parameters: {'lr': 0.0016812133313368915, 'decay': 0.0019180524280864462, 'batch_size': 128, 'nheads': 2, 'project_to': 128, 'hidden_size': 32, 'num_layers': 1, 'dropout': 0.44624708729560975, 'alpha': 0.9230822104160173, 'aug_choice': 3}. Best is trial 119 with value: 0.6071307273025635.
[I 2025-01-03 10:29:44,091] Trial 142 finished with value: 0.4743702675011849 and parameters: {'lr': 0.0007533184513752677, 'decay': 7.36516574536632e-05, 'batch_size': 128, 'nheads': 2, 'project_to': 128, 'hidden_size': 32, 'num_layers': 2, 'dropout': 0.4873376567888903, 'alpha': 0.871513902666971, 'aug_choice': 0}. Best is trial 119 with value: 0.6071307273025635.
[I 2025-01-03 10:36:32,088] Trial 143 finished with value: 0.4751225689787888 and parameters: {'lr': 6.664784244277032e-05, 'decay': 0.0003693020733633911, 'batch_size': 128, 'nheads': 2, 'project_to': 128, 'hidden_size': 32, 'num_layers': 1, 'dropout': 0.46609741531318855, 'alpha': 0.8225261720029616, 'aug_choice': 3}. Best is trial 119 with value: 0.6071307273025635.
[I 2025-01-03 10:38:45,268] Trial 144 finished with value: 0.5131469352909429 and parameters: {'lr': 0.0012021476483605673, 'decay': 0.0008144694325129941, 'batch_size': 128, 'nheads': 2, 'project_to': 128, 'hidden_size': 32, 'num_layers': 3, 'dropout': 0.20595259414424358, 'alpha': 0.8425518379582427, 'aug_choice': 6}. Best is trial 119 with value: 0.6071307273025635.
[I 2025-01-03 10:45:08,882] Trial 145 finished with value: 0.5282567872978529 and parameters: {'lr': 0.0008737585358444519, 'decay': 0.0015145579957513684, 'batch_size': 128, 'nheads': 2, 'project_to': 64, 'hidden_size': 32, 'num_layers': 1, 'dropout': 0.17054988255734105, 'alpha': 0.7874331871236055, 'aug_choice': 3}. Best is trial 119 with value: 0.6071307273025635.
[I 2025-01-03 10:46:33,704] Trial 146 finished with value: 0.4640908960431869 and parameters: {'lr': 0.0005791098546015622, 'decay': 0.00013606910287491388, 'batch_size': 128, 'nheads': 2, 'project_to': 128, 'hidden_size': 32, 'num_layers': 2, 'dropout': 0.40900376909368213, 'alpha': 1.0144392044336221, 'aug_choice': 0}. Best is trial 119 with value: 0.6071307273025635.
[I 2025-01-03 10:48:01,840] Trial 147 finished with value: 0.459625932300823 and parameters: {'lr': 0.0005110775336320405, 'decay': 0.002148732718270016, 'batch_size': 64, 'nheads': 1, 'project_to': 32, 'hidden_size': 32, 'num_layers': 2, 'dropout': 0.12879607836697368, 'alpha': 1.1296944026991327, 'aug_choice': 4}. Best is trial 119 with value: 0.6071307273025635.
[I 2025-01-03 10:51:12,255] Trial 148 finished with value: 0.49188029856586 and parameters: {'lr': 0.0010223342413867914, 'decay': 0.0006006558430799115, 'batch_size': 128, 'nheads': 2, 'project_to': 128, 'hidden_size': 32, 'num_layers': 1, 'dropout': 0.3110411622823135, 'alpha': 0.909357225098542, 'aug_choice': 1}. Best is trial 119 with value: 0.6071307273025635.
[I 2025-01-03 10:57:18,316] Trial 149 finished with value: 0.48726220104922235 and parameters: {'lr': 0.008271692116154434, 'decay': 0.00028899602051867207, 'batch_size': 64, 'nheads': 1, 'project_to': 128, 'hidden_size': 32, 'num_layers': 2, 'dropout': 0.45455093826217224, 'alpha': 0.7451336936868648, 'aug_choice': 3}. Best is trial 119 with value: 0.6071307273025635.

Optimization finished!
Best macro F1: 0.6071
Best hyperparameters:
    lr: 0.000804370013209952
    decay: 0.00017922305124646383
    batch_size: 128
    nheads: 2
    project_to: 128
    hidden_size: 32
    num_layers: 2
    dropout: 0.1881595607248605
    alpha: 0.8644835029232685
    aug_choice: 2
All folds processed successfully!
