[I 2024-12-26 10:07:47,891] Trial 21 finished with value: 0.5648977555995827 and parameters: {'lr': 0.0005690352069291169, 'decay': 0.003893014517164907, 'batch_size': 64, 'nheads': 4, 'project_to': 128, 'hidden_size': 128, 'num_layers': 2, 'dropout': 0.2512619527968937, 'class_weights': False, 'aug_choice': 8}. Best is trial 21 with value: 0.5648977555995827.
Best trial: 21. Best value: 0.564898:  55%|█████▌    | 22/40 [1:03:06<50:51, 169.50s/it]Best trial: 21. Best value: 0.564898:  55%|█████▌    | 22/40 [1:03:06<50:51, 169.50s/it]Best trial: 21. Best value: 0.564898:  57%|█████▊    | 23/40 [1:03:06<46:37, 164.55s/it]                                                                                        Best trial: 21. Best value: 0.564898:  57%|█████▊    | 23/40 [1:06:48<46:37, 164.55s/it]Best trial: 21. Best value: 0.564898:  57%|█████▊    | 23/40 [1:06:48<46:37, 164.55s/it]Best trial: 21. Best value: 0.564898:  60%|██████    | 24/40 [1:06:48<48:27, 181.69s/it]                                                                                        Best trial: 21. Best value: 0.564898:  60%|██████    | 24/40 [1:08:57<48:27, 181.69s/it]Best trial: 21. Best value: 0.564898:  60%|██████    | 24/40 [1:08:57<48:27, 181.69s/it]Best trial: 21. Best value: 0.564898:  62%|██████▎   | 25/40 [1:08:57<41:28, 165.93s/it]                                                                                        Best trial: 21. Best value: 0.564898:  62%|██████▎   | 25/40 [1:14:27<41:28, 165.93s/it]Best trial: 21. Best value: 0.564898:  62%|██████▎   | 25/40 [1:14:27<41:28, 165.93s/it]Best trial: 21. Best value: 0.564898:  65%|██████▌   | 26/40 [1:14:27<50:12, 215.15s/it]                                                                                        Best trial: 21. Best value: 0.564898:  65%|██████▌   | 26/40 [1:16:52<50:12, 215.15s/it]Best trial: 21. Best value: 0.564898:  65%|██████▌   | 26/40 [1:16:52<50:12, 215.15s/it]Best trial: 21. Best value: 0.564898:  68%|██████▊   | 27/40 [1:16:52<42:05, 194.24s/it]                                                                                        Best trial: 21. Best value: 0.564898:  68%|██████▊   | 27/40 [1:19:14<42:05, 194.24s/it]Best trial: 21. Best value: 0.564898:  68%|██████▊   | 27/40 [1:19:14<42:05, 194.24s/it]Best trial: 21. Best value: 0.564898:  70%|███████   | 28/40 [1:19:14<35:43, 178.62s/it]                                                                                        Best trial: 21. Best value: 0.564898:  70%|███████   | 28/40 [1:21:10<35:43, 178.62s/it]Best trial: 21. Best value: 0.564898:  70%|███████   | 28/40 [1:21:10<35:43, 178.62s/it]Best trial: 21. Best value: 0.564898:  72%|███████▎  | 29/40 [1:21:10<29:18, 159.85s/it]                                                                                        Best trial: 21. Best value: 0.564898:  72%|███████▎  | 29/40 [1:23:07<29:18, 159.85s/it]Best trial: 21. Best value: 0.564898:  72%|███████▎  | 29/40 [1:23:07<29:18, 159.85s/it]Best trial: 21. Best value: 0.564898:  75%|███████▌  | 30/40 [1:23:07<24:28, 146.88s/it]                                                                                        Best trial: 21. Best value: 0.564898:  75%|███████▌  | 30/40 [1:24:37<24:28, 146.88s/it]Best trial: 21. Best value: 0.564898:  75%|███████▌  | 30/40 [1:24:37<24:28, 146.88s/it]Best trial: 21. Best value: 0.564898:  78%|███████▊  | 31/40 [1:24:37<19:28, 129.85s/it]                                                                                        Best trial: 21. Best value: 0.564898:  78%|███████▊  | 31/40 [1:26:26<19:28, 129.85s/it]Best trial: 21. Best value: 0.564898:  78%|███████▊  | 31/40 [1:26:26<19:28, 129.85s/it]Best trial: 21. Best value: 0.564898:  80%|████████  | 32/40 [1:26:26<16:29, 123.66s/it]                                                                                        Best trial: 21. Best value: 0.564898:  80%|████████  | 32/40 [1:29:50<16:29, 123.66s/it]Best trial: 21. Best value: 0.564898:  80%|████████  | 32/40 [1:29:50<16:29, 123.66s/it]Best trial: 21. Best value: 0.564898:  82%|████████▎ | 33/40 [1:29:50<17:13, 147.68s/it]                                                                                        Best trial: 21. Best value: 0.564898:  82%|████████▎ | 33/40 [1:31:12<17:13, 147.68s/it]Best trial: 21. Best value: 0.564898:  82%|████████▎ | 33/40 [1:31:12<17:13, 147.68s/it]Best trial: 21. Best value: 0.564898:  85%|████████▌ | 34/40 [1:31:12<12:47, 127.87s/it]                                                                                        Best trial: 21. Best value: 0.564898:  85%|████████▌ | 34/40 [1:34:36<12:47, 127.87s/it]Best trial: 34. Best value: 0.571666:  85%|████████▌ | 34/40 [1:34:36<12:47, 127.87s/it]Best trial: 34. Best value: 0.571666:  88%|████████▊ | 35/40 [1:34:36<12:33, 150.68s/it]                                                                                        Best trial: 34. Best value: 0.571666:  88%|████████▊ | 35/40 [1:37:08<12:33, 150.68s/it]Best trial: 34. Best value: 0.571666:  88%|████████▊ | 35/40 [1:37:08<12:33, 150.68s/it]Best trial: 34. Best value: 0.571666:  90%|█████████ | 36/40 [1:37:08<10:04, 151.23s/it]                                                                                        Best trial: 34. Best value: 0.571666:  90%|█████████ | 36/40 [1:39:36<10:04, 151.23s/it]Best trial: 34. Best value: 0.571666:  90%|█████████ | 36/40 [1:39:36<10:04, 151.23s/it]Best trial: 34. Best value: 0.571666:  92%|█████████▎| 37/40 [1:39:36<07:30, 150.29s/it]                                                                                        Best trial: 34. Best value: 0.571666:  92%|█████████▎| 37/40 [1:42:28<07:30, 150.29s/it]Best trial: 34. Best value: 0.571666:  92%|█████████▎| 37/40 [1:42:28<07:30, 150.29s/it]Best trial: 34. Best value: 0.571666:  95%|█████████▌| 38/40 [1:42:28<05:13, 156.63s/it]                                                                                        Best trial: 34. Best value: 0.571666:  95%|█████████▌| 38/40 [1:44:48<05:13, 156.63s/it]Best trial: 34. Best value: 0.571666:  95%|█████████▌| 38/40 [1:44:48<05:13, 156.63s/it]Best trial: 34. Best value: 0.571666:  98%|█████████▊| 39/40 [1:44:48<02:31, 151.59s/it]                                                                                        Best trial: 34. Best value: 0.571666:  98%|█████████▊| 39/40 [1:46:08<02:31, 151.59s/it]Best trial: 34. Best value: 0.571666:  98%|█████████▊| 39/40 [1:46:08<02:31, 151.59s/it]Best trial: 34. Best value: 0.571666: 100%|██████████| 40/40 [1:46:08<00:00, 130.15s/it]Best trial: 34. Best value: 0.571666: 100%|██████████| 40/40 [1:46:08<00:00, 159.20s/it]
[I 2024-12-26 10:10:20,903] Trial 22 finished with value: 0.49495982773549013 and parameters: {'lr': 0.002112361432246061, 'decay': 0.0016072394309967631, 'batch_size': 64, 'nheads': 4, 'project_to': 128, 'hidden_size': 128, 'num_layers': 2, 'dropout': 0.3360435863830188, 'class_weights': False, 'aug_choice': 8}. Best is trial 21 with value: 0.5648977555995827.
[I 2024-12-26 10:14:02,556] Trial 23 finished with value: 0.5258349076100048 and parameters: {'lr': 0.0007232257507536253, 'decay': 0.005605516725872181, 'batch_size': 64, 'nheads': 4, 'project_to': 128, 'hidden_size': 128, 'num_layers': 2, 'dropout': 0.14860717021280545, 'class_weights': False, 'aug_choice': 1}. Best is trial 21 with value: 0.5648977555995827.
[I 2024-12-26 10:16:11,724] Trial 24 finished with value: 0.4843829879554349 and parameters: {'lr': 0.00013509972991083998, 'decay': 0.002542084336901054, 'batch_size': 64, 'nheads': 4, 'project_to': 128, 'hidden_size': 128, 'num_layers': 2, 'dropout': 0.2521001931067617, 'class_weights': False, 'aug_choice': 0}. Best is trial 21 with value: 0.5648977555995827.
[I 2024-12-26 10:21:41,707] Trial 25 finished with value: 0.4985244774020247 and parameters: {'lr': 0.0003842897800252727, 'decay': 0.0010164278503763903, 'batch_size': 64, 'nheads': 1, 'project_to': 128, 'hidden_size': 128, 'num_layers': 2, 'dropout': 0.14753466917857172, 'class_weights': False, 'aug_choice': 3}. Best is trial 21 with value: 0.5648977555995827.
[I 2024-12-26 10:24:07,156] Trial 26 finished with value: 0.3817121015251601 and parameters: {'lr': 0.009865658706043922, 'decay': 0.008984344681626616, 'batch_size': 128, 'nheads': 4, 'project_to': 32, 'hidden_size': 128, 'num_layers': 3, 'dropout': 0.3548243620116144, 'class_weights': True, 'aug_choice': 5}. Best is trial 21 with value: 0.5648977555995827.
[I 2024-12-26 10:26:29,332] Trial 27 finished with value: 0.5340984711682629 and parameters: {'lr': 0.0012572016064034642, 'decay': 0.0033542082364695996, 'batch_size': 64, 'nheads': 4, 'project_to': 128, 'hidden_size': 128, 'num_layers': 1, 'dropout': 0.25346482729095726, 'class_weights': False, 'aug_choice': 8}. Best is trial 21 with value: 0.5648977555995827.
[I 2024-12-26 10:28:25,381] Trial 28 finished with value: 0.42293868294339715 and parameters: {'lr': 0.001299016136461538, 'decay': 0.0002831985428214234, 'batch_size': 64, 'nheads': 4, 'project_to': 128, 'hidden_size': 32, 'num_layers': 1, 'dropout': 0.2609473704245137, 'class_weights': False, 'aug_choice': 8}. Best is trial 21 with value: 0.5648977555995827.
[I 2024-12-26 10:30:21,992] Trial 29 finished with value: 0.5028904071111547 and parameters: {'lr': 0.0026848907045908866, 'decay': 0.0006670621692445739, 'batch_size': 128, 'nheads': 1, 'project_to': 128, 'hidden_size': 64, 'num_layers': 1, 'dropout': 0.48802571777065884, 'class_weights': False, 'aug_choice': 8}. Best is trial 21 with value: 0.5648977555995827.
[I 2024-12-26 10:31:52,128] Trial 30 finished with value: 0.4489637971530048 and parameters: {'lr': 0.0009954602368184593, 'decay': 0.0004611765716748313, 'batch_size': 64, 'nheads': 4, 'project_to': 32, 'hidden_size': 64, 'num_layers': 1, 'dropout': 0.33036994220195715, 'class_weights': False, 'aug_choice': 0}. Best is trial 21 with value: 0.5648977555995827.
[I 2024-12-26 10:33:41,326] Trial 31 finished with value: 0.48852865015939234 and parameters: {'lr': 0.0003581002591465148, 'decay': 0.0031428428377762857, 'batch_size': 64, 'nheads': 4, 'project_to': 128, 'hidden_size': 128, 'num_layers': 3, 'dropout': 0.20975064113986175, 'class_weights': False, 'aug_choice': 6}. Best is trial 21 with value: 0.5648977555995827.
[I 2024-12-26 10:37:05,052] Trial 32 finished with value: 0.5318022016104854 and parameters: {'lr': 0.0018446277061346756, 'decay': 0.005976345569474752, 'batch_size': 64, 'nheads': 4, 'project_to': 128, 'hidden_size': 128, 'num_layers': 2, 'dropout': 0.2746635438424845, 'class_weights': False, 'aug_choice': 8}. Best is trial 21 with value: 0.5648977555995827.
[I 2024-12-26 10:38:26,695] Trial 33 finished with value: 0.48056273697163016 and parameters: {'lr': 0.0004425558347119865, 'decay': 0.003815211482975199, 'batch_size': 64, 'nheads': 4, 'project_to': 128, 'hidden_size': 128, 'num_layers': 1, 'dropout': 0.3785283316602402, 'class_weights': False, 'aug_choice': 6}. Best is trial 21 with value: 0.5648977555995827.
[I 2024-12-26 10:41:50,610] Trial 34 finished with value: 0.5716662317446183 and parameters: {'lr': 0.004159140036567774, 'decay': 0.001306624159267105, 'batch_size': 64, 'nheads': 4, 'project_to': 128, 'hidden_size': 128, 'num_layers': 2, 'dropout': 0.2227524415911819, 'class_weights': False, 'aug_choice': 8}. Best is trial 34 with value: 0.5716662317446183.
[I 2024-12-26 10:44:23,118] Trial 35 finished with value: 0.5001013587027313 and parameters: {'lr': 0.0037146870629737884, 'decay': 0.0015187624040244848, 'batch_size': 64, 'nheads': 2, 'project_to': 128, 'hidden_size': 128, 'num_layers': 1, 'dropout': 0.23294745034955905, 'class_weights': False, 'aug_choice': 8}. Best is trial 34 with value: 0.5716662317446183.
[I 2024-12-26 10:46:51,207] Trial 36 finished with value: 0.4016780078573638 and parameters: {'lr': 0.005912355119648521, 'decay': 0.002461651319160489, 'batch_size': 128, 'nheads': 4, 'project_to': 64, 'hidden_size': 128, 'num_layers': 3, 'dropout': 0.19186590890146998, 'class_weights': True, 'aug_choice': 8}. Best is trial 34 with value: 0.5716662317446183.
[I 2024-12-26 10:49:42,623] Trial 37 finished with value: 0.5144927400711939 and parameters: {'lr': 0.004125982162874272, 'decay': 0.0011689721466904, 'batch_size': 64, 'nheads': 2, 'project_to': 128, 'hidden_size': 64, 'num_layers': 1, 'dropout': 0.29782158646625095, 'class_weights': False, 'aug_choice': 2}. Best is trial 34 with value: 0.5716662317446183.
[I 2024-12-26 10:52:02,476] Trial 38 finished with value: 0.451449831284699 and parameters: {'lr': 0.009190291738009141, 'decay': 0.0001988145930834592, 'batch_size': 64, 'nheads': 4, 'project_to': 64, 'hidden_size': 32, 'num_layers': 2, 'dropout': 0.42632830792827103, 'class_weights': False, 'aug_choice': 8}. Best is trial 34 with value: 0.5716662317446183.
[I 2024-12-26 10:53:22,581] Trial 39 finished with value: 0.3428360642367532 and parameters: {'lr': 0.001762756204371098, 'decay': 0.00540592766239271, 'batch_size': 128, 'nheads': 1, 'project_to': 128, 'hidden_size': 128, 'num_layers': 2, 'dropout': 0.38528687254130123, 'class_weights': True, 'aug_choice': 4}. Best is trial 34 with value: 0.5716662317446183.

Optimization finished!
Best macro F1: 0.5717
Best hyperparameters:
    lr: 0.004159140036567774
    decay: 0.001306624159267105
    batch_size: 64
    nheads: 4
    project_to: 128
    hidden_size: 128
    num_layers: 2
    dropout: 0.2227524415911819
    class_weights: False
    aug_choice: 8
Fold 1: 0 trials completed, running 40 more trials...
[I 2024-12-26 10:53:23,320] A new study created in RDB with name: webcam_engagement_classifier
  0%|          | 0/40 [00:00<?, ?it/s]                                        0%|          | 0/40 [02:34<?, ?it/s]Best trial: 0. Best value: 0.484055:   0%|          | 0/40 [02:34<?, ?it/s]Best trial: 0. Best value: 0.484055:   2%|▎         | 1/40 [02:34<1:40:13, 154.18s/it]                                                                                      Best trial: 0. Best value: 0.484055:   2%|▎         | 1/40 [03:48<1:40:13, 154.18s/it]Best trial: 1. Best value: 0.561425:   2%|▎         | 1/40 [03:48<1:40:13, 154.18s/it]Best trial: 1. Best value: 0.561425:   5%|▌         | 2/40 [03:48<1:07:44, 106.97s/it]                                                                                      Best trial: 1. Best value: 0.561425:   5%|▌         | 2/40 [08:34<1:07:44, 106.97s/it]Best trial: 2. Best value: 0.627881:   5%|▌         | 2/40 [08:34<1:07:44, 106.97s/it]Best trial: 2. Best value: 0.627881:   8%|▊         | 3/40 [08:34<1:56:21, 188.68s/it]                                                                                      Best trial: 2. Best value: 0.627881:   8%|▊         | 3/40 [11:07<1:56:21, 188.68s/it]Best trial: 2. Best value: 0.627881:   8%|▊         | 3/40 [11:07<1:56:21, 188.68s/it]Best trial: 2. Best value: 0.627881:  10%|█         | 4/40 [11:07<1:44:50, 174.72s/it]                                                                                      Best trial: 2. Best value: 0.627881:  10%|█         | 4/40 [17:23<1:44:50, 174.72s/it]Best trial: 2. Best value: 0.627881:  10%|█         | 4/40 [17:23<1:44:50, 174.72s/it]Best trial: 2. Best value: 0.627881:  12%|█▎        | 5/40 [17:23<2:24:15, 247.29s/it]                                                                                      Best trial: 2. Best value: 0.627881:  12%|█▎        | 5/40 [21:05<2:24:15, 247.29s/it]Best trial: 2. Best value: 0.627881:  12%|█▎        | 5/40 [21:05<2:24:15, 247.29s/it]Best trial: 2. Best value: 0.627881:  15%|█▌        | 6/40 [21:05<2:15:17, 238.74s/it]                                                                                      Best trial: 2. Best value: 0.627881:  15%|█▌        | 6/40 [29:39<2:15:17, 238.74s/it]Best trial: 2. Best value: 0.627881:  15%|█▌        | 6/40 [29:39<2:15:17, 238.74s/it]Best trial: 2. Best value: 0.627881:  18%|█▊        | 7/40 [29:39<3:00:53, 328.91s/it]                                                                                      Best trial: 2. Best value: 0.627881:  18%|█▊        | 7/40 [33:30<3:00:53, 328.91s/it]Best trial: 2. Best value: 0.627881:  18%|█▊        | 7/40 [33:30<3:00:53, 328.91s/it]Best trial: 2. Best value: 0.627881:  20%|██        | 8/40 [33:30<2:38:45, 297.67s/it]                                                                                      Best trial: 2. Best value: 0.627881:  20%|██        | 8/40 [37:11<2:38:45, 297.67s/it]Best trial: 2. Best value: 0.627881:  20%|██        | 8/40 [37:11<2:38:45, 297.67s/it]Best trial: 2. Best value: 0.627881:  22%|██▎       | 9/40 [37:11<2:21:24, 273.69s/it]                                                                                      Best trial: 2. Best value: 0.627881:  22%|██▎       | 9/40 [40:35<2:21:24, 273.69s/it]Best trial: 2. Best value: 0.627881:  22%|██▎       | 9/40 [40:35<2:21:24, 273.69s/it]Best trial: 2. Best value: 0.627881:  25%|██▌       | 10/40 [40:35<2:06:05, 252.18s/it]                                                                                       Best trial: 2. Best value: 0.627881:  25%|██▌       | 10/40 [42:36<2:06:05, 252.18s/it]Best trial: 2. Best value: 0.627881:  25%|██▌       | 10/40 [42:36<2:06:05, 252.18s/it]Best trial: 2. Best value: 0.627881:  28%|██▊       | 11/40 [42:36<1:42:25, 211.90s/it]                                                                                       Best trial: 2. Best value: 0.627881:  28%|██▊       | 11/40 [45:12<1:42:25, 211.90s/it]Best trial: 2. Best value: 0.627881:  28%|██▊       | 11/40 [45:12<1:42:25, 211.90s/it]Best trial: 2. Best value: 0.627881:  30%|███       | 12/40 [45:12<1:30:58, 194.93s/it]                                                                                       Best trial: 2. Best value: 0.627881:  30%|███       | 12/40 [47:46<1:30:58, 194.93s/it]Best trial: 2. Best value: 0.627881:  30%|███       | 12/40 [47:46<1:30:58, 194.93s/it]Best trial: 2. Best value: 0.627881:  32%|███▎      | 13/40 [47:46<1:22:07, 182.49s/it]                                                                                       Best trial: 2. Best value: 0.627881:  32%|███▎      | 13/40 [50:47<1:22:07, 182.49s/it]Best trial: 2. Best value: 0.627881:  32%|███▎      | 13/40 [50:47<1:22:07, 182.49s/it]Best trial: 2. Best value: 0.627881:  35%|███▌      | 14/40 [50:47<1:18:55, 182.14s/it]                                                                                       Best trial: 2. Best value: 0.627881:  35%|███▌      | 14/40 [54:05<1:18:55, 182.14s/it]Best trial: 2. Best value: 0.627881:  35%|███▌      | 14/40 [54:05<1:18:55, 182.14s/it]Best trial: 2. Best value: 0.627881:  38%|███▊      | 15/40 [54:05<1:17:53, 186.95s/it]                                                                                       Best trial: 2. Best value: 0.627881:  38%|███▊      | 15/40 [56:08<1:17:53, 186.95s/it]Best trial: 2. Best value: 0.627881:  38%|███▊      | 15/40 [56:08<1:17:53, 186.95s/it]Best trial: 2. Best value: 0.627881:  40%|████      | 16/40 [56:08<1:07:02, 167.59s/it]                                                                                       Best trial: 2. Best value: 0.627881:  40%|████      | 16/40 [58:20<1:07:02, 167.59s/it]Best trial: 2. Best value: 0.627881:  40%|████      | 16/40 [58:20<1:07:02, 167.59s/it]Best trial: 2. Best value: 0.627881:  42%|████▎     | 17/40 [58:20<1:00:08, 156.87s/it]                                                                                       Best trial: 2. Best value: 0.627881:  42%|████▎     | 17/40 [1:03:06<1:00:08, 156.87s/it]Best trial: 2. Best value: 0.627881:  42%|████▎     | 17/40 [1:03:06<1:00:08, 156.87s/it]Best trial: 2. Best value: 0.627881:  45%|████▌     | 18/40 [1:03:06<1:11:46, 195.76s/it]                                                                                         Best trial: 2. Best value: 0.627881:  45%|████▌     | 18/40 [1:06:20<1:11:46, 195.76s/it]Best trial: 2. Best value: 0.627881:  45%|████▌     | 18/40 [1:06:20<1:11:46, 195.76s/it]Best trial: 2. Best value: 0.627881:  48%|████▊     | 19/40 [1:06:20<1:08:18, 195.17s/it]                                                                                         Best trial: 2. Best value: 0.627881:  48%|████▊     | 19/40 [1:08:30<1:08:18, 195.17s/it]Best trial: 2. Best value: 0.627881:  48%|████▊     | 19/40 [1:08:30<1:08:18, 195.17s/it]Best trial: 2. Best value: 0.627881:  50%|█████     | 20/40 [1:08:30<58:34, 175.74s/it]                                                                                         Best trial: 2. Best value: 0.627881:  50%|█████     | 20/40 [1:11:16<58:34, 175.74s/it]Best trial: 2. Best value: 0.627881:  50%|█████     | 20/40 [1:11:16<58:34, 175.74s/it]Best trial: 2. Best value: 0.627881:  52%|█████▎    | 21/40 [1:11:16<54:38, 172.56s/it]                                                                                       Best trial: 2. Best value: 0.627881:  52%|█████▎    | 21/40 [1:13:32<54:38, 172.56s/it]Best trial: 2. Best value: 0.627881:  52%|█████▎    | 21/40 [1:13:32<54:38, 172.56s/it]Best trial: 2. Best value: 0.627881:  55%|█████▌    | 22/40 [1:13:32<48:32, 161.79s/it]                                                                                       [I 2024-12-26 10:55:57,501] Trial 0 finished with value: 0.4840548195116255 and parameters: {'lr': 0.008474650470733383, 'decay': 0.0035286871759175314, 'batch_size': 128, 'nheads': 2, 'project_to': 64, 'hidden_size': 64, 'num_layers': 1, 'dropout': 0.5730962840140436, 'class_weights': True, 'aug_choice': 0}. Best is trial 0 with value: 0.4840548195116255.
