Best trial: 6. Best value: 0.599587:  29%|██▉       | 44/150 [2:31:26<4:27:13, 151.26s/it]Best trial: 6. Best value: 0.599587:  29%|██▉       | 44/150 [2:31:26<4:27:13, 151.26s/it]Best trial: 6. Best value: 0.599587:  30%|███       | 45/150 [2:31:26<4:45:43, 163.28s/it]                                                                                          Best trial: 6. Best value: 0.599587:  30%|███       | 45/150 [2:33:51<4:45:43, 163.28s/it]Best trial: 6. Best value: 0.599587:  30%|███       | 45/150 [2:33:51<4:45:43, 163.28s/it]Best trial: 6. Best value: 0.599587:  31%|███       | 46/150 [2:33:51<4:33:27, 157.77s/it]                                                                                          Best trial: 6. Best value: 0.599587:  31%|███       | 46/150 [2:35:23<4:33:27, 157.77s/it]Best trial: 6. Best value: 0.599587:  31%|███       | 46/150 [2:35:23<4:33:27, 157.77s/it]Best trial: 6. Best value: 0.599587:  31%|███▏      | 47/150 [2:35:23<3:57:08, 138.14s/it]                                                                                          Best trial: 6. Best value: 0.599587:  31%|███▏      | 47/150 [2:38:05<3:57:08, 138.14s/it]Best trial: 6. Best value: 0.599587:  31%|███▏      | 47/150 [2:38:05<3:57:08, 138.14s/it]Best trial: 6. Best value: 0.599587:  32%|███▏      | 48/150 [2:38:05<4:07:10, 145.40s/it]                                                                                          Best trial: 6. Best value: 0.599587:  32%|███▏      | 48/150 [2:40:26<4:07:10, 145.40s/it]Best trial: 6. Best value: 0.599587:  32%|███▏      | 48/150 [2:40:26<4:07:10, 145.40s/it]Best trial: 6. Best value: 0.599587:  33%|███▎      | 49/150 [2:40:26<4:02:34, 144.10s/it]                                                                                          Best trial: 6. Best value: 0.599587:  33%|███▎      | 49/150 [2:47:09<4:02:34, 144.10s/it]Best trial: 6. Best value: 0.599587:  33%|███▎      | 49/150 [2:47:09<4:02:34, 144.10s/it]Best trial: 6. Best value: 0.599587:  33%|███▎      | 50/150 [2:47:09<6:09:21, 221.61s/it]                                                                                          Best trial: 6. Best value: 0.599587:  33%|███▎      | 50/150 [2:51:39<6:09:21, 221.61s/it]Best trial: 6. Best value: 0.599587:  33%|███▎      | 50/150 [2:51:39<6:09:21, 221.61s/it]Best trial: 6. Best value: 0.599587:  34%|███▍      | 51/150 [2:51:39<6:29:36, 236.13s/it]                                                                                          Best trial: 6. Best value: 0.599587:  34%|███▍      | 51/150 [2:55:27<6:29:36, 236.13s/it]Best trial: 6. Best value: 0.599587:  34%|███▍      | 51/150 [2:55:27<6:29:36, 236.13s/it]Best trial: 6. Best value: 0.599587:  35%|███▍      | 52/150 [2:55:27<6:21:49, 233.77s/it]                                                                                          Best trial: 6. Best value: 0.599587:  35%|███▍      | 52/150 [2:57:32<6:21:49, 233.77s/it]Best trial: 6. Best value: 0.599587:  35%|███▍      | 52/150 [2:57:32<6:21:49, 233.77s/it]Best trial: 6. Best value: 0.599587:  35%|███▌      | 53/150 [2:57:32<5:24:58, 201.01s/it]                                                                                          Best trial: 6. Best value: 0.599587:  35%|███▌      | 53/150 [3:00:39<5:24:58, 201.01s/it]Best trial: 53. Best value: 0.61176:  35%|███▌      | 53/150 [3:00:39<5:24:58, 201.01s/it]Best trial: 53. Best value: 0.61176:  36%|███▌      | 54/150 [3:00:39<5:15:12, 197.01s/it]                                                                                          Best trial: 53. Best value: 0.61176:  36%|███▌      | 54/150 [3:03:14<5:15:12, 197.01s/it]Best trial: 53. Best value: 0.61176:  36%|███▌      | 54/150 [3:03:14<5:15:12, 197.01s/it]Best trial: 53. Best value: 0.61176:  37%|███▋      | 55/150 [3:03:14<4:51:57, 184.39s/it]                                                                                          Best trial: 53. Best value: 0.61176:  37%|███▋      | 55/150 [3:05:10<4:51:57, 184.39s/it]Best trial: 53. Best value: 0.61176:  37%|███▋      | 55/150 [3:05:10<4:51:57, 184.39s/it]Best trial: 53. Best value: 0.61176:  37%|███▋      | 56/150 [3:05:10<4:16:38, 163.81s/it]                                                                                          Best trial: 53. Best value: 0.61176:  37%|███▋      | 56/150 [3:07:47<4:16:38, 163.81s/it]Best trial: 53. Best value: 0.61176:  37%|███▋      | 56/150 [3:07:47<4:16:38, 163.81s/it]Best trial: 53. Best value: 0.61176:  38%|███▊      | 57/150 [3:07:47<4:10:29, 161.61s/it]                                                                                          Best trial: 53. Best value: 0.61176:  38%|███▊      | 57/150 [3:10:32<4:10:29, 161.61s/it]Best trial: 53. Best value: 0.61176:  38%|███▊      | 57/150 [3:10:32<4:10:29, 161.61s/it]Best trial: 53. Best value: 0.61176:  39%|███▊      | 58/150 [3:10:32<4:09:19, 162.60s/it]                                                                                          Best trial: 53. Best value: 0.61176:  39%|███▊      | 58/150 [3:12:59<4:09:19, 162.60s/it]Best trial: 53. Best value: 0.61176:  39%|███▊      | 58/150 [3:12:59<4:09:19, 162.60s/it]Best trial: 53. Best value: 0.61176:  39%|███▉      | 59/150 [3:12:59<3:59:34, 157.96s/it]                                                                                          Best trial: 53. Best value: 0.61176:  39%|███▉      | 59/150 [3:14:21<3:59:34, 157.96s/it]Best trial: 53. Best value: 0.61176:  39%|███▉      | 59/150 [3:14:21<3:59:34, 157.96s/it]Best trial: 53. Best value: 0.61176:  40%|████      | 60/150 [3:14:21<3:22:59, 135.33s/it]                                                                                          Best trial: 53. Best value: 0.61176:  40%|████      | 60/150 [3:17:54<3:22:59, 135.33s/it]Best trial: 53. Best value: 0.61176:  40%|████      | 60/150 [3:17:54<3:22:59, 135.33s/it]Best trial: 53. Best value: 0.61176:  41%|████      | 61/150 [3:17:54<3:55:12, 158.57s/it]                                                                                          Best trial: 53. Best value: 0.61176:  41%|████      | 61/150 [3:20:40<3:55:12, 158.57s/it]Best trial: 53. Best value: 0.61176:  41%|████      | 61/150 [3:20:40<3:55:12, 158.57s/it]Best trial: 53. Best value: 0.61176:  41%|████▏     | 62/150 [3:20:40<3:55:39, 160.68s/it]                                                                                          Best trial: 53. Best value: 0.61176:  41%|████▏     | 62/150 [3:23:14<3:55:39, 160.68s/it]Best trial: 53. Best value: 0.61176:  41%|████▏     | 62/150 [3:23:14<3:55:39, 160.68s/it]Best trial: 53. Best value: 0.61176:  42%|████▏     | 63/150 [3:23:14<3:50:20, 158.85s/it]                                                                                          Best trial: 53. Best value: 0.61176:  42%|████▏     | 63/150 [3:25:58<3:50:20, 158.85s/it]Best trial: 53. Best value: 0.61176:  42%|████▏     | 63/150 [3:25:58<3:50:20, 158.85s/it]Best trial: 53. Best value: 0.61176:  43%|████▎     | 64/150 [3:25:58<3:49:53, 160.39s/it]                                                                                          Best trial: 53. Best value: 0.61176:  43%|████▎     | 64/150 [3:28:31<3:49:53, 160.39s/it]Best trial: 53. Best value: 0.61176:  43%|████▎     | 64/150 [3:28:31<3:49:53, 160.39s/it]Best trial: 53. Best value: 0.61176:  43%|████▎     | 65/150 [3:28:31<3:43:49, 158.00s/it]                                                                                          Best trial: 53. Best value: 0.61176:  43%|████▎     | 65/150 [3:32:40<3:43:49, 158.00s/it]Best trial: 53. Best value: 0.61176:  43%|████▎     | 65/150 [3:32:40<3:43:49, 158.00s/it]Best trial: 53. Best value: 0.61176:  44%|████▍     | 66/150 [3:32:40<4:19:36, 185.44s/it]                                                                                          [I 2025-01-01 04:21:08,771] Trial 44 finished with value: 0.5694775488323748 and parameters: {'lr': 0.0016686730102202444, 'decay': 0.0045775114802035196, 'batch_size': 64, 'nheads': 1, 'project_to': 32, 'hidden_size': 32, 'num_layers': 3, 'dropout': 0.47315877027359676, 'alpha': 0.5754103240718371, 'aug_choice': 8}. Best is trial 6 with value: 0.5995870683333523.
[I 2025-01-01 04:23:33,684] Trial 45 finished with value: 0.5444131155167898 and parameters: {'lr': 0.0004969228498568253, 'decay': 0.00020996746656683297, 'batch_size': 64, 'nheads': 1, 'project_to': 32, 'hidden_size': 32, 'num_layers': 3, 'dropout': 0.31214521287947095, 'alpha': 0.789678722696829, 'aug_choice': 8}. Best is trial 6 with value: 0.5995870683333523.
[I 2025-01-01 04:25:06,036] Trial 46 finished with value: 0.5698637269202587 and parameters: {'lr': 0.0010388349558601295, 'decay': 3.3993454726323366e-05, 'batch_size': 64, 'nheads': 1, 'project_to': 32, 'hidden_size': 32, 'num_layers': 3, 'dropout': 0.3775211246648629, 'alpha': 0.6847632148886404, 'aug_choice': 4}. Best is trial 6 with value: 0.5995870683333523.
[I 2025-01-01 04:27:48,376] Trial 47 finished with value: 0.5150865395457096 and parameters: {'lr': 0.009863380537147245, 'decay': 0.0004223860074565956, 'batch_size': 64, 'nheads': 1, 'project_to': 32, 'hidden_size': 32, 'num_layers': 3, 'dropout': 0.44726062514493037, 'alpha': 0.4806918887017521, 'aug_choice': 7}. Best is trial 6 with value: 0.5995870683333523.
[I 2025-01-01 04:30:09,449] Trial 48 finished with value: 0.5796594347719327 and parameters: {'lr': 0.0013130500200530307, 'decay': 0.0013324229273950603, 'batch_size': 64, 'nheads': 1, 'project_to': 32, 'hidden_size': 32, 'num_layers': 3, 'dropout': 0.2546563927178862, 'alpha': 0.5468848112704696, 'aug_choice': 8}. Best is trial 6 with value: 0.5995870683333523.
[I 2025-01-01 04:36:51,919] Trial 49 finished with value: 0.5440157522967514 and parameters: {'lr': 0.0021574326618053713, 'decay': 0.009969104255651895, 'batch_size': 64, 'nheads': 1, 'project_to': 32, 'hidden_size': 32, 'num_layers': 2, 'dropout': 0.5158010252326264, 'alpha': 0.8576270646741315, 'aug_choice': 3}. Best is trial 6 with value: 0.5995870683333523.
[I 2025-01-01 04:41:21,925] Trial 50 finished with value: 0.5313600221946371 and parameters: {'lr': 0.0007493715728022683, 'decay': 0.00613702613940652, 'batch_size': 64, 'nheads': 2, 'project_to': 32, 'hidden_size': 32, 'num_layers': 3, 'dropout': 0.4754524043697011, 'alpha': 1.3879856030863271, 'aug_choice': 1}. Best is trial 6 with value: 0.5995870683333523.
[I 2025-01-01 04:45:10,197] Trial 51 finished with value: 0.4938746099311742 and parameters: {'lr': 0.007422980066312086, 'decay': 0.0037759976212682366, 'batch_size': 128, 'nheads': 4, 'project_to': 128, 'hidden_size': 128, 'num_layers': 3, 'dropout': 0.5842800793788337, 'alpha': 1.4934112449686854, 'aug_choice': 2}. Best is trial 6 with value: 0.5995870683333523.
[I 2025-01-01 04:47:14,773] Trial 52 finished with value: 0.593003843521062 and parameters: {'lr': 0.0033660777951604113, 'decay': 0.002881777332529992, 'batch_size': 128, 'nheads': 4, 'project_to': 128, 'hidden_size': 32, 'num_layers': 1, 'dropout': 0.40425095671589134, 'alpha': 0.6152305352479507, 'aug_choice': 8}. Best is trial 6 with value: 0.5995870683333523.
[I 2025-01-01 04:50:22,440] Trial 53 finished with value: 0.6117603655496555 and parameters: {'lr': 0.0034606255184630014, 'decay': 0.0020532364327142537, 'batch_size': 64, 'nheads': 4, 'project_to': 128, 'hidden_size': 32, 'num_layers': 2, 'dropout': 0.4137608168647907, 'alpha': 0.5878828405206, 'aug_choice': 8}. Best is trial 53 with value: 0.6117603655496555.
[I 2025-01-01 04:52:57,389] Trial 54 finished with value: 0.562136147412439 and parameters: {'lr': 0.0031942274343211372, 'decay': 0.0022246472332265216, 'batch_size': 128, 'nheads': 4, 'project_to': 128, 'hidden_size': 32, 'num_layers': 2, 'dropout': 0.41100323546434314, 'alpha': 0.4336844022809668, 'aug_choice': 8}. Best is trial 53 with value: 0.6117603655496555.
[I 2025-01-01 04:54:53,173] Trial 55 finished with value: 0.5105104428604934 and parameters: {'lr': 0.005602022865674882, 'decay': 0.003215225387771949, 'batch_size': 64, 'nheads': 4, 'project_to': 128, 'hidden_size': 32, 'num_layers': 2, 'dropout': 0.3575447346999736, 'alpha': 0.6236757092789069, 'aug_choice': 0}. Best is trial 53 with value: 0.6117603655496555.
[I 2025-01-01 04:57:29,647] Trial 56 finished with value: 0.6041691831115374 and parameters: {'lr': 0.0037765028264085307, 'decay': 0.0014602579314849714, 'batch_size': 128, 'nheads': 4, 'project_to': 128, 'hidden_size': 32, 'num_layers': 2, 'dropout': 0.3964840020370755, 'alpha': 0.816945679810366, 'aug_choice': 8}. Best is trial 53 with value: 0.6117603655496555.
[I 2025-01-01 05:00:14,554] Trial 57 finished with value: 0.5850569694150571 and parameters: {'lr': 0.003493673767358632, 'decay': 0.0017110114341588527, 'batch_size': 128, 'nheads': 4, 'project_to': 128, 'hidden_size': 32, 'num_layers': 2, 'dropout': 0.40348915991502265, 'alpha': 0.794507705452951, 'aug_choice': 8}. Best is trial 53 with value: 0.6117603655496555.
[I 2025-01-01 05:02:41,697] Trial 58 finished with value: 0.5662043904291447 and parameters: {'lr': 0.0019702768305491416, 'decay': 0.0014132032362772207, 'batch_size': 128, 'nheads': 4, 'project_to': 128, 'hidden_size': 32, 'num_layers': 2, 'dropout': 0.3888039750852914, 'alpha': 0.8072959421343213, 'aug_choice': 8}. Best is trial 53 with value: 0.6117603655496555.
[I 2025-01-01 05:04:04,207] Trial 59 finished with value: 0.5724597782089175 and parameters: {'lr': 0.003559205916618623, 'decay': 0.0010254622485292588, 'batch_size': 128, 'nheads': 4, 'project_to': 128, 'hidden_size': 32, 'num_layers': 1, 'dropout': 0.42405393474956166, 'alpha': 0.963111449889055, 'aug_choice': 6}. Best is trial 53 with value: 0.6117603655496555.
[I 2025-01-01 05:07:37,022] Trial 60 finished with value: 0.5719250071645062 and parameters: {'lr': 0.006465950523983504, 'decay': 0.0017252928492256696, 'batch_size': 128, 'nheads': 4, 'project_to': 128, 'hidden_size': 32, 'num_layers': 2, 'dropout': 0.34515819328992575, 'alpha': 0.6962544432829739, 'aug_choice': 7}. Best is trial 53 with value: 0.6117603655496555.
[I 2025-01-01 05:10:22,624] Trial 61 finished with value: 0.4863128971406274 and parameters: {'lr': 0.004164586033491842, 'decay': 0.0022916061717985154, 'batch_size': 128, 'nheads': 4, 'project_to': 128, 'hidden_size': 32, 'num_layers': 2, 'dropout': 0.43942730564230914, 'alpha': 0.7623209565824707, 'aug_choice': 8}. Best is trial 53 with value: 0.6117603655496555.
[I 2025-01-01 05:12:57,210] Trial 62 finished with value: 0.5863216971135612 and parameters: {'lr': 0.0029178746238300002, 'decay': 0.006693950731760733, 'batch_size': 128, 'nheads': 4, 'project_to': 128, 'hidden_size': 32, 'num_layers': 2, 'dropout': 0.39546913141151124, 'alpha': 0.6079975472646256, 'aug_choice': 8}. Best is trial 53 with value: 0.6117603655496555.
[I 2025-01-01 05:15:41,197] Trial 63 finished with value: 0.5126218150984485 and parameters: {'lr': 0.0024416469538181725, 'decay': 0.003793933061175206, 'batch_size': 128, 'nheads': 4, 'project_to': 128, 'hidden_size': 32, 'num_layers': 2, 'dropout': 0.3914779999423413, 'alpha': 0.8958147599763995, 'aug_choice': 8}. Best is trial 53 with value: 0.6117603655496555.
[I 2025-01-01 05:18:13,610] Trial 64 finished with value: 0.5583872454339774 and parameters: {'lr': 0.003210518021393469, 'decay': 0.0004928496288895493, 'batch_size': 128, 'nheads': 4, 'project_to': 128, 'hidden_size': 32, 'num_layers': 2, 'dropout': 0.32223908368157417, 'alpha': 1.0598507118084095, 'aug_choice': 8}. Best is trial 53 with value: 0.6117603655496555.
[I 2025-01-01 05:22:23,069] Trial 65 finished with value: 0.5748802288297715 and parameters: {'lr': 0.00847355687035561, 'decay': 0.002924869777751099, 'batch_size': 128, 'nheads': 4, 'project_to': 128, 'hidden_size': 32, 'num_layers': 2, 'dropout': 0.40006034537278257, 'alpha': 0.6176827641000026, 'aug_choice': 8}. Best is trial 53 with value: 0.6117603655496555.
