[I 2024-12-29 18:45:11,381] Trial 131 finished with value: 0.554184775077862 and parameters: {'lr': 0.003700286756013989, 'decay': 0.0011698463403584708, 'batch_size': 64, 'nheads': 4, 'project_to': 128, 'hidden_size': 64, 'num_layers': 2, 'dropout': 0.14871217489687735, 'alpha': 1.401983507948693, 'aug_choice': 6}. Best is trial 103 with value: 0.5819666157646056.
Best trial: 103. Best value: 0.581967:  88%|████████▊ | 132/150 [5:16:52<25:35, 85.31s/it]Best trial: 103. Best value: 0.581967:  88%|████████▊ | 132/150 [5:16:52<25:35, 85.31s/it]Best trial: 103. Best value: 0.581967:  89%|████████▊ | 133/150 [5:16:52<24:39, 87.01s/it]                                                                                          Best trial: 103. Best value: 0.581967:  89%|████████▊ | 133/150 [5:18:21<24:39, 87.01s/it]Best trial: 103. Best value: 0.581967:  89%|████████▊ | 133/150 [5:18:21<24:39, 87.01s/it]Best trial: 103. Best value: 0.581967:  89%|████████▉ | 134/150 [5:18:21<23:21, 87.58s/it]                                                                                          Best trial: 103. Best value: 0.581967:  89%|████████▉ | 134/150 [5:19:50<23:21, 87.58s/it]Best trial: 103. Best value: 0.581967:  89%|████████▉ | 134/150 [5:19:50<23:21, 87.58s/it]Best trial: 103. Best value: 0.581967:  90%|█████████ | 135/150 [5:19:50<21:59, 87.97s/it]                                                                                          Best trial: 103. Best value: 0.581967:  90%|█████████ | 135/150 [5:21:33<21:59, 87.97s/it]Best trial: 103. Best value: 0.581967:  90%|█████████ | 135/150 [5:21:33<21:59, 87.97s/it]Best trial: 103. Best value: 0.581967:  91%|█████████ | 136/150 [5:21:33<21:35, 92.55s/it]                                                                                          Best trial: 103. Best value: 0.581967:  91%|█████████ | 136/150 [5:23:09<21:35, 92.55s/it]Best trial: 103. Best value: 0.581967:  91%|█████████ | 136/150 [5:23:09<21:35, 92.55s/it]Best trial: 103. Best value: 0.581967:  91%|█████████▏| 137/150 [5:23:09<20:18, 93.75s/it]                                                                                          Best trial: 103. Best value: 0.581967:  91%|█████████▏| 137/150 [5:24:22<20:18, 93.75s/it]Best trial: 103. Best value: 0.581967:  91%|█████████▏| 137/150 [5:24:22<20:18, 93.75s/it]Best trial: 103. Best value: 0.581967:  92%|█████████▏| 138/150 [5:24:22<17:28, 87.34s/it]                                                                                          Best trial: 103. Best value: 0.581967:  92%|█████████▏| 138/150 [5:27:32<17:28, 87.34s/it]Best trial: 103. Best value: 0.581967:  92%|█████████▏| 138/150 [5:27:32<17:28, 87.34s/it]Best trial: 103. Best value: 0.581967:  93%|█████████▎| 139/150 [5:27:32<21:40, 118.26s/it]                                                                                           Best trial: 103. Best value: 0.581967:  93%|█████████▎| 139/150 [5:31:04<21:40, 118.26s/it]Best trial: 103. Best value: 0.581967:  93%|█████████▎| 139/150 [5:31:04<21:40, 118.26s/it]Best trial: 103. Best value: 0.581967:  93%|█████████▎| 140/150 [5:31:04<24:24, 146.41s/it]                                                                                           Best trial: 103. Best value: 0.581967:  93%|█████████▎| 140/150 [5:34:04<24:24, 146.41s/it]Best trial: 103. Best value: 0.581967:  93%|█████████▎| 140/150 [5:34:04<24:24, 146.41s/it]Best trial: 103. Best value: 0.581967:  94%|█████████▍| 141/150 [5:34:04<23:27, 156.37s/it]                                                                                           Best trial: 103. Best value: 0.581967:  94%|█████████▍| 141/150 [5:37:01<23:27, 156.37s/it]Best trial: 103. Best value: 0.581967:  94%|█████████▍| 141/150 [5:37:01<23:27, 156.37s/it]Best trial: 103. Best value: 0.581967:  95%|█████████▍| 142/150 [5:37:01<21:41, 162.71s/it]                                                                                           Best trial: 103. Best value: 0.581967:  95%|█████████▍| 142/150 [5:39:41<21:41, 162.71s/it]Best trial: 103. Best value: 0.581967:  95%|█████████▍| 142/150 [5:39:41<21:41, 162.71s/it]Best trial: 103. Best value: 0.581967:  95%|█████████▌| 143/150 [5:39:41<18:51, 161.65s/it]                                                                                           Best trial: 103. Best value: 0.581967:  95%|█████████▌| 143/150 [5:42:05<18:51, 161.65s/it]Best trial: 103. Best value: 0.581967:  95%|█████████▌| 143/150 [5:42:05<18:51, 161.65s/it]Best trial: 103. Best value: 0.581967:  96%|█████████▌| 144/150 [5:42:05<15:38, 156.42s/it]                                                                                           Best trial: 103. Best value: 0.581967:  96%|█████████▌| 144/150 [5:43:23<15:38, 156.42s/it]Best trial: 103. Best value: 0.581967:  96%|█████████▌| 144/150 [5:43:24<15:38, 156.42s/it]Best trial: 103. Best value: 0.581967:  97%|█████████▋| 145/150 [5:43:24<11:05, 133.10s/it]                                                                                           Best trial: 103. Best value: 0.581967:  97%|█████████▋| 145/150 [5:44:39<11:05, 133.10s/it]Best trial: 103. Best value: 0.581967:  97%|█████████▋| 145/150 [5:44:39<11:05, 133.10s/it]Best trial: 103. Best value: 0.581967:  97%|█████████▋| 146/150 [5:44:39<07:43, 115.78s/it]                                                                                           Best trial: 103. Best value: 0.581967:  97%|█████████▋| 146/150 [5:46:03<07:43, 115.78s/it]Best trial: 103. Best value: 0.581967:  97%|█████████▋| 146/150 [5:46:03<07:43, 115.78s/it]Best trial: 103. Best value: 0.581967:  98%|█████████▊| 147/150 [5:46:03<05:18, 106.19s/it]                                                                                           Best trial: 103. Best value: 0.581967:  98%|█████████▊| 147/150 [5:49:07<05:18, 106.19s/it]Best trial: 103. Best value: 0.581967:  98%|█████████▊| 147/150 [5:49:07<05:18, 106.19s/it]Best trial: 103. Best value: 0.581967:  99%|█████████▊| 148/150 [5:49:07<04:19, 129.76s/it]                                                                                           Best trial: 103. Best value: 0.581967:  99%|█████████▊| 148/150 [5:50:39<04:19, 129.76s/it]Best trial: 103. Best value: 0.581967:  99%|█████████▊| 148/150 [5:50:39<04:19, 129.76s/it]Best trial: 103. Best value: 0.581967:  99%|█████████▉| 149/150 [5:50:39<01:58, 118.37s/it]                                                                                           Best trial: 103. Best value: 0.581967:  99%|█████████▉| 149/150 [5:51:54<01:58, 118.37s/it]Best trial: 103. Best value: 0.581967:  99%|█████████▉| 149/150 [5:51:54<01:58, 118.37s/it]Best trial: 103. Best value: 0.581967: 100%|██████████| 150/150 [5:51:54<00:00, 105.15s/it]Best trial: 103. Best value: 0.581967: 100%|██████████| 150/150 [5:51:54<00:00, 140.76s/it]
[I 2024-12-29 18:46:42,376] Trial 132 finished with value: 0.5459273705454152 and parameters: {'lr': 0.002447067486613895, 'decay': 0.0018691180392410912, 'batch_size': 64, 'nheads': 4, 'project_to': 128, 'hidden_size': 64, 'num_layers': 2, 'dropout': 0.10113390816494658, 'alpha': 1.2810463688425564, 'aug_choice': 6}. Best is trial 103 with value: 0.5819666157646056.
[I 2024-12-29 18:48:11,275] Trial 133 finished with value: 0.5200677836235496 and parameters: {'lr': 0.001861771467252808, 'decay': 0.002037682293658515, 'batch_size': 64, 'nheads': 4, 'project_to': 128, 'hidden_size': 64, 'num_layers': 2, 'dropout': 0.10442614712806926, 'alpha': 1.2217531628341922, 'aug_choice': 6}. Best is trial 103 with value: 0.5819666157646056.
[I 2024-12-29 18:49:40,154] Trial 134 finished with value: 0.551533353874808 and parameters: {'lr': 0.0013744386119113137, 'decay': 0.0017369852005388905, 'batch_size': 64, 'nheads': 4, 'project_to': 128, 'hidden_size': 64, 'num_layers': 2, 'dropout': 0.1183937456075765, 'alpha': 1.2971700939742128, 'aug_choice': 6}. Best is trial 103 with value: 0.5819666157646056.
[I 2024-12-29 18:51:23,410] Trial 135 finished with value: 0.5226655010167246 and parameters: {'lr': 0.0034001554150849167, 'decay': 0.0009836024682039987, 'batch_size': 64, 'nheads': 4, 'project_to': 128, 'hidden_size': 64, 'num_layers': 2, 'dropout': 0.12487928015602079, 'alpha': 1.3332382060325667, 'aug_choice': 6}. Best is trial 103 with value: 0.5819666157646056.
[I 2024-12-29 18:52:59,963] Trial 136 finished with value: 0.5178956225144742 and parameters: {'lr': 0.0005003856878023269, 'decay': 0.00017055364604746346, 'batch_size': 64, 'nheads': 4, 'project_to': 128, 'hidden_size': 64, 'num_layers': 2, 'dropout': 0.13478756186776317, 'alpha': 1.3035180756198417, 'aug_choice': 6}. Best is trial 103 with value: 0.5819666157646056.
[I 2024-12-29 18:54:12,329] Trial 137 finished with value: 0.4995676669272204 and parameters: {'lr': 0.0012749404108725686, 'decay': 0.002408846609761542, 'batch_size': 64, 'nheads': 4, 'project_to': 64, 'hidden_size': 64, 'num_layers': 2, 'dropout': 0.38318538903263827, 'alpha': 1.3671295226619076, 'aug_choice': 6}. Best is trial 103 with value: 0.5819666157646056.
[I 2024-12-29 18:57:22,754] Trial 138 finished with value: 0.5695652738607548 and parameters: {'lr': 0.0028058645809323447, 'decay': 0.00042935751643727516, 'batch_size': 64, 'nheads': 4, 'project_to': 32, 'hidden_size': 64, 'num_layers': 2, 'dropout': 0.42543145770106783, 'alpha': 1.426684317663505, 'aug_choice': 7}. Best is trial 103 with value: 0.5819666157646056.
[I 2024-12-29 19:00:54,843] Trial 139 finished with value: 0.5443399239101214 and parameters: {'lr': 0.002189788083938016, 'decay': 0.0004601570891803601, 'batch_size': 64, 'nheads': 4, 'project_to': 32, 'hidden_size': 64, 'num_layers': 2, 'dropout': 0.49902220049400925, 'alpha': 1.4085378387774137, 'aug_choice': 7}. Best is trial 103 with value: 0.5819666157646056.
[I 2024-12-29 19:03:54,433] Trial 140 finished with value: 0.512010934868382 and parameters: {'lr': 0.000780517703231737, 'decay': 0.000351046391337608, 'batch_size': 128, 'nheads': 4, 'project_to': 32, 'hidden_size': 128, 'num_layers': 2, 'dropout': 0.4301044538136819, 'alpha': 1.471353208117449, 'aug_choice': 7}. Best is trial 103 with value: 0.5819666157646056.
[I 2024-12-29 19:06:51,943] Trial 141 finished with value: 0.5037141202240663 and parameters: {'lr': 0.0027484208816329647, 'decay': 0.00027984008144656017, 'batch_size': 64, 'nheads': 4, 'project_to': 32, 'hidden_size': 64, 'num_layers': 2, 'dropout': 0.144441418629344, 'alpha': 1.2599751171306115, 'aug_choice': 7}. Best is trial 103 with value: 0.5819666157646056.
[I 2024-12-29 19:09:31,124] Trial 142 finished with value: 0.43498020461202164 and parameters: {'lr': 0.003333169729250768, 'decay': 0.0007679891824046004, 'batch_size': 64, 'nheads': 4, 'project_to': 32, 'hidden_size': 64, 'num_layers': 2, 'dropout': 0.11563200024458614, 'alpha': 1.4230150193943674, 'aug_choice': 7}. Best is trial 103 with value: 0.5819666157646056.
[I 2024-12-29 19:11:55,327] Trial 143 finished with value: 0.5023167221178991 and parameters: {'lr': 0.002796488201834927, 'decay': 0.0003868711479052119, 'batch_size': 64, 'nheads': 4, 'project_to': 32, 'hidden_size': 64, 'num_layers': 2, 'dropout': 0.1526716254613204, 'alpha': 1.38951161485374, 'aug_choice': 8}. Best is trial 103 with value: 0.5819666157646056.
[I 2024-12-29 19:13:14,018] Trial 144 finished with value: 0.5083241682870043 and parameters: {'lr': 0.0016489361323811682, 'decay': 3.193095282237737e-05, 'batch_size': 64, 'nheads': 4, 'project_to': 128, 'hidden_size': 64, 'num_layers': 2, 'dropout': 0.379689967570522, 'alpha': 1.454609616600426, 'aug_choice': 6}. Best is trial 103 with value: 0.5819666157646056.
[I 2024-12-29 19:14:29,377] Trial 145 finished with value: 0.4029753371509605 and parameters: {'lr': 0.003976132376858334, 'decay': 0.0012318530246608608, 'batch_size': 64, 'nheads': 4, 'project_to': 128, 'hidden_size': 64, 'num_layers': 2, 'dropout': 0.41093657736408745, 'alpha': 1.3533329697933456, 'aug_choice': 6}. Best is trial 103 with value: 0.5819666157646056.
[I 2024-12-29 19:15:53,191] Trial 146 finished with value: 0.4977034290389851 and parameters: {'lr': 0.0022157013442260904, 'decay': 0.001709234364511565, 'batch_size': 64, 'nheads': 4, 'project_to': 32, 'hidden_size': 64, 'num_layers': 2, 'dropout': 0.4228500749614707, 'alpha': 1.321087098689573, 'aug_choice': 6}. Best is trial 103 with value: 0.5819666157646056.
[I 2024-12-29 19:18:57,949] Trial 147 finished with value: 0.4391409831337262 and parameters: {'lr': 2.0587222869095247e-05, 'decay': 0.00022340413709480542, 'batch_size': 64, 'nheads': 4, 'project_to': 128, 'hidden_size': 64, 'num_layers': 2, 'dropout': 0.4566952737311526, 'alpha': 1.2761003250396714, 'aug_choice': 5}. Best is trial 103 with value: 0.5819666157646056.
[I 2024-12-29 19:20:29,761] Trial 148 finished with value: 0.5327362531749923 and parameters: {'lr': 0.004741928902311894, 'decay': 0.0014123152930319946, 'batch_size': 64, 'nheads': 4, 'project_to': 128, 'hidden_size': 64, 'num_layers': 2, 'dropout': 0.12729840973646073, 'alpha': 1.2383270704859508, 'aug_choice': 4}. Best is trial 103 with value: 0.5819666157646056.
[I 2024-12-29 19:21:44,054] Trial 149 finished with value: 0.5058364760692197 and parameters: {'lr': 0.0031052290363081463, 'decay': 0.0009493650697210195, 'batch_size': 64, 'nheads': 4, 'project_to': 32, 'hidden_size': 64, 'num_layers': 2, 'dropout': 0.14023392211233252, 'alpha': 1.3827409000440043, 'aug_choice': 6}. Best is trial 103 with value: 0.5819666157646056.

Optimization finished!
Best macro F1: 0.5820
Best hyperparameters:
    lr: 0.0033507037657773474
    decay: 0.00287356565695494
    batch_size: 64
    nheads: 4
    project_to: 128
    hidden_size: 64
    num_layers: 2
    dropout: 0.16528988519711316
    alpha: 1.2956173217177007
    aug_choice: 6
Fold 1: 0 trials completed, running 150 more trials...
[I 2024-12-29 19:21:46,320] A new study created in RDB with name: webcam_engagement_classifier
