  0%|          | 0/48 [00:00<?, ?it/s]                                        0%|          | 0/48 [03:31<?, ?it/s]Best trial: 40. Best value: 0.618536:   0%|          | 0/48 [03:31<?, ?it/s]Best trial: 40. Best value: 0.618536:   2%|▏         | 1/48 [03:31<2:45:58, 211.89s/it]                                                                                       Best trial: 40. Best value: 0.618536:   2%|▏         | 1/48 [06:17<2:45:58, 211.89s/it]Best trial: 40. Best value: 0.618536:   2%|▏         | 1/48 [06:17<2:45:58, 211.89s/it]Best trial: 40. Best value: 0.618536:   4%|▍         | 2/48 [06:17<2:21:47, 184.95s/it]                                                                                       Best trial: 40. Best value: 0.618536:   4%|▍         | 2/48 [08:47<2:21:47, 184.95s/it]Best trial: 40. Best value: 0.618536:   4%|▍         | 2/48 [08:47<2:21:47, 184.95s/it]Best trial: 40. Best value: 0.618536:   6%|▋         | 3/48 [08:47<2:06:34, 168.76s/it]                                                                                       Best trial: 40. Best value: 0.618536:   6%|▋         | 3/48 [11:38<2:06:34, 168.76s/it]Best trial: 40. Best value: 0.618536:   6%|▋         | 3/48 [11:38<2:06:34, 168.76s/it]Best trial: 40. Best value: 0.618536:   8%|▊         | 4/48 [11:38<2:04:16, 169.47s/it]                                                                                       Best trial: 40. Best value: 0.618536:   8%|▊         | 4/48 [14:39<2:04:16, 169.47s/it]Best trial: 40. Best value: 0.618536:   8%|▊         | 4/48 [14:39<2:04:16, 169.47s/it]Best trial: 40. Best value: 0.618536:  10%|█         | 5/48 [14:39<2:04:36, 173.88s/it]                                                                                       Best trial: 40. Best value: 0.618536:  10%|█         | 5/48 [17:12<2:04:36, 173.88s/it]Best trial: 40. Best value: 0.618536:  10%|█         | 5/48 [17:12<2:04:36, 173.88s/it]Best trial: 40. Best value: 0.618536:  12%|█▎        | 6/48 [17:12<1:56:41, 166.71s/it]                                                                                       Best trial: 40. Best value: 0.618536:  12%|█▎        | 6/48 [20:19<1:56:41, 166.71s/it]Best trial: 40. Best value: 0.618536:  12%|█▎        | 6/48 [20:19<1:56:41, 166.71s/it]Best trial: 40. Best value: 0.618536:  15%|█▍        | 7/48 [20:19<1:58:28, 173.37s/it]                                                                                       Best trial: 40. Best value: 0.618536:  15%|█▍        | 7/48 [21:37<1:58:28, 173.37s/it]Best trial: 40. Best value: 0.618536:  15%|█▍        | 7/48 [21:37<1:58:28, 173.37s/it]Best trial: 40. Best value: 0.618536:  17%|█▋        | 8/48 [21:37<1:35:18, 142.96s/it]                                                                                       Best trial: 40. Best value: 0.618536:  17%|█▋        | 8/48 [22:42<1:35:18, 142.96s/it]Best trial: 40. Best value: 0.618536:  17%|█▋        | 8/48 [22:42<1:35:18, 142.96s/it]Best trial: 40. Best value: 0.618536:  19%|█▉        | 9/48 [22:42<1:17:07, 118.66s/it]                                                                                       Best trial: 40. Best value: 0.618536:  19%|█▉        | 9/48 [25:17<1:17:07, 118.66s/it]Best trial: 40. Best value: 0.618536:  19%|█▉        | 9/48 [25:17<1:17:07, 118.66s/it]Best trial: 40. Best value: 0.618536:  21%|██        | 10/48 [25:17<1:22:18, 129.96s/it]                                                                                        Best trial: 40. Best value: 0.618536:  21%|██        | 10/48 [28:04<1:22:18, 129.96s/it]Best trial: 40. Best value: 0.618536:  21%|██        | 10/48 [28:04<1:22:18, 129.96s/it]Best trial: 40. Best value: 0.618536:  23%|██▎       | 11/48 [28:04<1:26:57, 141.02s/it]                                                                                        Best trial: 40. Best value: 0.618536:  23%|██▎       | 11/48 [30:25<1:26:57, 141.02s/it]Best trial: 40. Best value: 0.618536:  23%|██▎       | 11/48 [30:25<1:26:57, 141.02s/it]Best trial: 40. Best value: 0.618536:  25%|██▌       | 12/48 [30:25<1:24:38, 141.07s/it]                                                                                        Best trial: 40. Best value: 0.618536:  25%|██▌       | 12/48 [33:03<1:24:38, 141.07s/it]Best trial: 40. Best value: 0.618536:  25%|██▌       | 12/48 [33:03<1:24:38, 141.07s/it]Best trial: 40. Best value: 0.618536:  27%|██▋       | 13/48 [33:03<1:25:20, 146.31s/it]                                                                                        Best trial: 40. Best value: 0.618536:  27%|██▋       | 13/48 [35:44<1:25:20, 146.31s/it]Best trial: 40. Best value: 0.618536:  27%|██▋       | 13/48 [35:44<1:25:20, 146.31s/it]Best trial: 40. Best value: 0.618536:  29%|██▉       | 14/48 [35:44<1:25:26, 150.77s/it]                                                                                        Best trial: 40. Best value: 0.618536:  29%|██▉       | 14/48 [38:38<1:25:26, 150.77s/it]Best trial: 40. Best value: 0.618536:  29%|██▉       | 14/48 [38:38<1:25:26, 150.77s/it]Best trial: 40. Best value: 0.618536:  31%|███▏      | 15/48 [38:38<1:26:43, 157.69s/it]                                                                                        Best trial: 40. Best value: 0.618536:  31%|███▏      | 15/48 [41:27<1:26:43, 157.69s/it]Best trial: 40. Best value: 0.618536:  31%|███▏      | 15/48 [41:27<1:26:43, 157.69s/it]Best trial: 40. Best value: 0.618536:  33%|███▎      | 16/48 [41:27<1:25:59, 161.24s/it]                                                                                        Best trial: 40. Best value: 0.618536:  33%|███▎      | 16/48 [44:02<1:25:59, 161.24s/it]Best trial: 40. Best value: 0.618536:  33%|███▎      | 16/48 [44:02<1:25:59, 161.24s/it]Best trial: 40. Best value: 0.618536:  35%|███▌      | 17/48 [44:02<1:22:16, 159.24s/it]                                                                                        Best trial: 40. Best value: 0.618536:  35%|███▌      | 17/48 [50:52<1:22:16, 159.24s/it]Best trial: 40. Best value: 0.618536:  35%|███▌      | 17/48 [50:52<1:22:16, 159.24s/it]Best trial: 40. Best value: 0.618536:  38%|███▊      | 18/48 [50:52<1:57:21, 234.72s/it]                                                                                        Best trial: 40. Best value: 0.618536:  38%|███▊      | 18/48 [57:53<1:57:21, 234.72s/it]Best trial: 40. Best value: 0.618536:  38%|███▊      | 18/48 [57:53<1:57:21, 234.72s/it]Best trial: 40. Best value: 0.618536:  40%|███▉      | 19/48 [57:53<2:20:24, 290.51s/it]                                                                                        Best trial: 40. Best value: 0.618536:  40%|███▉      | 19/48 [1:04:32<2:20:24, 290.51s/it]Best trial: 40. Best value: 0.618536:  40%|███▉      | 19/48 [1:04:32<2:20:24, 290.51s/it]Best trial: 40. Best value: 0.618536:  42%|████▏     | 20/48 [1:04:32<2:30:44, 323.03s/it]                                                                                          Best trial: 40. Best value: 0.618536:  42%|████▏     | 20/48 [1:12:08<2:30:44, 323.03s/it]Best trial: 40. Best value: 0.618536:  42%|████▏     | 20/48 [1:12:08<2:30:44, 323.03s/it]Best trial: 40. Best value: 0.618536:  44%|████▍     | 21/48 [1:12:08<2:43:21, 363.03s/it]                                                                                          Best trial: 40. Best value: 0.618536:  44%|████▍     | 21/48 [1:15:23<2:43:21, 363.03s/it]Best trial: 40. Best value: 0.618536:  44%|████▍     | 21/48 [1:15:23<2:43:21, 363.03s/it]Best trial: 40. Best value: 0.618536:  46%|████▌     | 22/48 [1:15:23<2:15:26, 312.56s/it]                                                                                          [I 2025-01-02 21:59:46,315] Trial 102 finished with value: 0.5344792689821987 and parameters: {'lr': 0.002652740761385008, 'decay': 0.00047980965430608434, 'batch_size': 64, 'nheads': 2, 'project_to': 32, 'hidden_size': 32, 'num_layers': 2, 'dropout': 0.35670383781848464, 'alpha': 1.1365907735794947, 'aug_choice': 7}. Best is trial 40 with value: 0.6185357998778109.
[I 2025-01-02 22:02:32,404] Trial 103 finished with value: 0.5759103419117563 and parameters: {'lr': 0.005787088309522772, 'decay': 0.00014415615315254272, 'batch_size': 64, 'nheads': 2, 'project_to': 32, 'hidden_size': 32, 'num_layers': 2, 'dropout': 0.2629707586215185, 'alpha': 0.9624188185981631, 'aug_choice': 7}. Best is trial 40 with value: 0.6185357998778109.
[I 2025-01-02 22:05:01,907] Trial 104 finished with value: 0.4588875149227398 and parameters: {'lr': 0.002176289898518251, 'decay': 0.0002806337090885013, 'batch_size': 64, 'nheads': 2, 'project_to': 32, 'hidden_size': 32, 'num_layers': 2, 'dropout': 0.2752359756834494, 'alpha': 1.0877429859840513, 'aug_choice': 7}. Best is trial 40 with value: 0.6185357998778109.
[I 2025-01-02 22:07:52,465] Trial 105 finished with value: 0.5104945267917934 and parameters: {'lr': 0.0031316421624559432, 'decay': 5.325291208323037e-05, 'batch_size': 64, 'nheads': 2, 'project_to': 128, 'hidden_size': 32, 'num_layers': 2, 'dropout': 0.2919666966126024, 'alpha': 1.1276440081200079, 'aug_choice': 7}. Best is trial 40 with value: 0.6185357998778109.
[I 2025-01-02 22:10:54,151] Trial 106 finished with value: 0.5057001646579738 and parameters: {'lr': 0.0042829864692138725, 'decay': 0.000707612386973571, 'batch_size': 64, 'nheads': 2, 'project_to': 128, 'hidden_size': 32, 'num_layers': 2, 'dropout': 0.3158348298627499, 'alpha': 1.1932348521658094, 'aug_choice': 7}. Best is trial 40 with value: 0.6185357998778109.
[I 2025-01-02 22:13:26,952] Trial 107 finished with value: 0.5450338403715607 and parameters: {'lr': 0.0036278447849012268, 'decay': 6.624550580472826e-05, 'batch_size': 128, 'nheads': 2, 'project_to': 128, 'hidden_size': 32, 'num_layers': 2, 'dropout': 0.21301601174990054, 'alpha': 0.9135419080921221, 'aug_choice': 5}. Best is trial 40 with value: 0.6185357998778109.
[I 2025-01-02 22:16:34,035] Trial 108 finished with value: 0.4845181485752849 and parameters: {'lr': 0.0022452734960663506, 'decay': 0.004219746445315806, 'batch_size': 64, 'nheads': 2, 'project_to': 128, 'hidden_size': 128, 'num_layers': 2, 'dropout': 0.22483402287955812, 'alpha': 1.0528874997902489, 'aug_choice': 7}. Best is trial 40 with value: 0.6185357998778109.
[I 2025-01-02 22:17:51,865] Trial 109 finished with value: 0.5092710164690037 and parameters: {'lr': 0.001253700705716098, 'decay': 0.000608436781119267, 'batch_size': 64, 'nheads': 2, 'project_to': 128, 'hidden_size': 32, 'num_layers': 2, 'dropout': 0.2490757936414738, 'alpha': 1.3371047688687803, 'aug_choice': 0}. Best is trial 40 with value: 0.6185357998778109.
[I 2025-01-02 22:18:57,097] Trial 110 finished with value: 0.46524778190546456 and parameters: {'lr': 0.001528133977320117, 'decay': 0.00022766978950969694, 'batch_size': 64, 'nheads': 2, 'project_to': 128, 'hidden_size': 64, 'num_layers': 1, 'dropout': 0.26599945625229654, 'alpha': 1.2271593607243259, 'aug_choice': 6}. Best is trial 40 with value: 0.6185357998778109.
[I 2025-01-02 22:21:32,349] Trial 111 finished with value: 0.5818521999082649 and parameters: {'lr': 0.002816391913707024, 'decay': 0.0009346242633976547, 'batch_size': 64, 'nheads': 4, 'project_to': 128, 'hidden_size': 32, 'num_layers': 2, 'dropout': 0.14991128881508853, 'alpha': 1.1055947960396877, 'aug_choice': 8}. Best is trial 40 with value: 0.6185357998778109.
[I 2025-01-02 22:24:18,458] Trial 112 finished with value: 0.49282302905678527 and parameters: {'lr': 0.0025795991521034064, 'decay': 0.0005149663299979885, 'batch_size': 64, 'nheads': 1, 'project_to': 128, 'hidden_size': 32, 'num_layers': 2, 'dropout': 0.14464080696237722, 'alpha': 1.1005080703135643, 'aug_choice': 1}. Best is trial 40 with value: 0.6185357998778109.
[I 2025-01-02 22:26:39,636] Trial 113 finished with value: 0.5826240569422668 and parameters: {'lr': 0.0029735924091134833, 'decay': 0.0009741563834120151, 'batch_size': 64, 'nheads': 4, 'project_to': 128, 'hidden_size': 32, 'num_layers': 2, 'dropout': 0.1748945163351247, 'alpha': 0.9759879416618482, 'aug_choice': 8}. Best is trial 40 with value: 0.6185357998778109.
[I 2025-01-02 22:29:18,003] Trial 114 finished with value: 0.548300355768837 and parameters: {'lr': 0.002820491707664019, 'decay': 0.0012006188011110927, 'batch_size': 64, 'nheads': 4, 'project_to': 128, 'hidden_size': 32, 'num_layers': 2, 'dropout': 0.1768120018918332, 'alpha': 0.9853696698150343, 'aug_choice': 8}. Best is trial 40 with value: 0.6185357998778109.
[I 2025-01-02 22:31:59,093] Trial 115 finished with value: 0.5512533381877881 and parameters: {'lr': 0.000265725276055073, 'decay': 0.0009667872696859808, 'batch_size': 64, 'nheads': 4, 'project_to': 128, 'hidden_size': 32, 'num_layers': 2, 'dropout': 0.19763218554783732, 'alpha': 1.022469718352654, 'aug_choice': 8}. Best is trial 40 with value: 0.6185357998778109.
[I 2025-01-02 22:34:52,817] Trial 116 finished with value: 0.5520295779775035 and parameters: {'lr': 0.0018450073052287358, 'decay': 0.0015685907728606701, 'batch_size': 128, 'nheads': 4, 'project_to': 128, 'hidden_size': 32, 'num_layers': 2, 'dropout': 0.16080122438434283, 'alpha': 0.9532684397757175, 'aug_choice': 8}. Best is trial 40 with value: 0.6185357998778109.
[I 2025-01-02 22:37:42,301] Trial 117 finished with value: 0.5855466097169483 and parameters: {'lr': 0.005403998193089885, 'decay': 0.0017504100607141965, 'batch_size': 64, 'nheads': 4, 'project_to': 32, 'hidden_size': 128, 'num_layers': 2, 'dropout': 0.2066828891420967, 'alpha': 0.8739935980990777, 'aug_choice': 8}. Best is trial 40 with value: 0.6185357998778109.
[I 2025-01-02 22:40:16,877] Trial 118 finished with value: 0.5749232631369615 and parameters: {'lr': 0.004740438095943094, 'decay': 0.0014356527162734168, 'batch_size': 64, 'nheads': 4, 'project_to': 32, 'hidden_size': 128, 'num_layers': 2, 'dropout': 0.18989018712673228, 'alpha': 0.8956807903233186, 'aug_choice': 8}. Best is trial 40 with value: 0.6185357998778109.
[I 2025-01-02 22:47:07,322] Trial 119 finished with value: 0.5973827039712264 and parameters: {'lr': 0.00379011863983987, 'decay': 0.0019336207866942606, 'batch_size': 64, 'nheads': 4, 'project_to': 32, 'hidden_size': 128, 'num_layers': 2, 'dropout': 0.20559267867291775, 'alpha': 0.8375965711474807, 'aug_choice': 3}. Best is trial 40 with value: 0.6185357998778109.
[I 2025-01-02 22:54:07,796] Trial 120 finished with value: 0.5689107361380074 and parameters: {'lr': 0.007238885326384492, 'decay': 0.0019085296347612984, 'batch_size': 64, 'nheads': 4, 'project_to': 32, 'hidden_size': 128, 'num_layers': 2, 'dropout': 0.2090070225631386, 'alpha': 0.8243839488092204, 'aug_choice': 3}. Best is trial 40 with value: 0.6185357998778109.
[I 2025-01-02 23:00:46,604] Trial 121 finished with value: 0.5753271270482393 and parameters: {'lr': 0.0038648307742933856, 'decay': 0.0029009459491695397, 'batch_size': 64, 'nheads': 4, 'project_to': 32, 'hidden_size': 128, 'num_layers': 2, 'dropout': 0.12855934518575976, 'alpha': 0.8632285632588086, 'aug_choice': 3}. Best is trial 40 with value: 0.6185357998778109.
[I 2025-01-02 23:08:22,904] Trial 122 finished with value: 0.5491130774411187 and parameters: {'lr': 0.005289031402403974, 'decay': 0.0025282177192433386, 'batch_size': 64, 'nheads': 4, 'project_to': 32, 'hidden_size': 128, 'num_layers': 2, 'dropout': 0.15060272790869658, 'alpha': 0.7528701899713146, 'aug_choice': 3}. Best is trial 40 with value: 0.6185357998778109.
[I 2025-01-02 23:11:37,763] Trial 123 finished with value: 0.6177822224071413 and parameters: {'lr': 0.004148382418961397, 'decay': 0.0020826504334044015, 'batch_size': 64, 'nheads': 4, 'project_to': 32, 'hidden_size': 128, 'num_layers': 2, 'dropout': 0.17457295574896758, 'alpha': 0.7959303911621796, 'aug_choice': 5}. Best is trial 40 with value: 0.6185357998778109.
