Best trial: 11. Best value: 0.55515:  15%|█▍        | 22/150 [1:06:01<5:36:05, 157.55s/it]Best trial: 11. Best value: 0.55515:  15%|█▍        | 22/150 [1:06:01<5:36:05, 157.55s/it]Best trial: 11. Best value: 0.55515:  15%|█▌        | 23/150 [1:06:01<6:59:09, 198.03s/it]                                                                                          Best trial: 11. Best value: 0.55515:  15%|█▌        | 23/150 [1:08:28<6:59:09, 198.03s/it]Best trial: 11. Best value: 0.55515:  15%|█▌        | 23/150 [1:08:28<6:59:09, 198.03s/it]Best trial: 11. Best value: 0.55515:  16%|█▌        | 24/150 [1:08:28<6:23:31, 182.63s/it]                                                                                          Best trial: 11. Best value: 0.55515:  16%|█▌        | 24/150 [1:11:43<6:23:31, 182.63s/it]Best trial: 11. Best value: 0.55515:  16%|█▌        | 24/150 [1:11:43<6:23:31, 182.63s/it]Best trial: 11. Best value: 0.55515:  17%|█▋        | 25/150 [1:11:43<6:28:02, 186.26s/it]                                                                                          Best trial: 11. Best value: 0.55515:  17%|█▋        | 25/150 [1:17:57<6:28:02, 186.26s/it]Best trial: 11. Best value: 0.55515:  17%|█▋        | 25/150 [1:17:57<6:28:02, 186.26s/it]Best trial: 11. Best value: 0.55515:  17%|█▋        | 26/150 [1:17:57<8:21:18, 242.57s/it]                                                                                          Best trial: 11. Best value: 0.55515:  17%|█▋        | 26/150 [1:21:03<8:21:18, 242.57s/it]Best trial: 11. Best value: 0.55515:  17%|█▋        | 26/150 [1:21:03<8:21:18, 242.57s/it]Best trial: 11. Best value: 0.55515:  18%|█▊        | 27/150 [1:21:03<7:42:23, 225.56s/it]                                                                                          Best trial: 11. Best value: 0.55515:  18%|█▊        | 27/150 [1:23:17<7:42:23, 225.56s/it]Best trial: 11. Best value: 0.55515:  18%|█▊        | 27/150 [1:23:17<7:42:23, 225.56s/it]Best trial: 11. Best value: 0.55515:  19%|█▊        | 28/150 [1:23:17<6:42:50, 198.12s/it]                                                                                          Best trial: 11. Best value: 0.55515:  19%|█▊        | 28/150 [1:25:41<6:42:50, 198.12s/it]Best trial: 11. Best value: 0.55515:  19%|█▊        | 28/150 [1:25:41<6:42:50, 198.12s/it]Best trial: 11. Best value: 0.55515:  19%|█▉        | 29/150 [1:25:41<6:07:02, 182.00s/it]                                                                                          Best trial: 11. Best value: 0.55515:  19%|█▉        | 29/150 [1:27:46<6:07:02, 182.00s/it]Best trial: 11. Best value: 0.55515:  19%|█▉        | 29/150 [1:27:46<6:07:02, 182.00s/it]Best trial: 11. Best value: 0.55515:  20%|██        | 30/150 [1:27:46<5:29:32, 164.77s/it]                                                                                          Best trial: 11. Best value: 0.55515:  20%|██        | 30/150 [1:31:18<5:29:32, 164.77s/it]Best trial: 11. Best value: 0.55515:  20%|██        | 30/150 [1:31:18<5:29:32, 164.77s/it]Best trial: 11. Best value: 0.55515:  21%|██        | 31/150 [1:31:18<5:55:20, 179.16s/it]                                                                                          Best trial: 11. Best value: 0.55515:  21%|██        | 31/150 [1:32:47<5:55:20, 179.16s/it]Best trial: 11. Best value: 0.55515:  21%|██        | 31/150 [1:32:47<5:55:20, 179.16s/it]Best trial: 11. Best value: 0.55515:  21%|██▏       | 32/150 [1:32:47<4:58:42, 151.88s/it]                                                                                          Best trial: 11. Best value: 0.55515:  21%|██▏       | 32/150 [1:34:19<4:58:42, 151.88s/it]Best trial: 11. Best value: 0.55515:  21%|██▏       | 32/150 [1:34:19<4:58:42, 151.88s/it]Best trial: 11. Best value: 0.55515:  22%|██▏       | 33/150 [1:34:19<4:21:36, 134.16s/it]                                                                                          Best trial: 11. Best value: 0.55515:  22%|██▏       | 33/150 [1:35:45<4:21:36, 134.16s/it]Best trial: 11. Best value: 0.55515:  22%|██▏       | 33/150 [1:35:45<4:21:36, 134.16s/it]Best trial: 11. Best value: 0.55515:  23%|██▎       | 34/150 [1:35:45<3:51:20, 119.66s/it]                                                                                          Best trial: 11. Best value: 0.55515:  23%|██▎       | 34/150 [1:37:47<3:51:20, 119.66s/it]Best trial: 11. Best value: 0.55515:  23%|██▎       | 34/150 [1:37:47<3:51:20, 119.66s/it]Best trial: 11. Best value: 0.55515:  23%|██▎       | 35/150 [1:37:47<3:50:44, 120.39s/it]                                                                                          Best trial: 11. Best value: 0.55515:  23%|██▎       | 35/150 [1:40:52<3:50:44, 120.39s/it]Best trial: 11. Best value: 0.55515:  23%|██▎       | 35/150 [1:40:52<3:50:44, 120.39s/it]Best trial: 11. Best value: 0.55515:  24%|██▍       | 36/150 [1:40:52<4:25:06, 139.53s/it]                                                                                          Best trial: 11. Best value: 0.55515:  24%|██▍       | 36/150 [1:42:23<4:25:06, 139.53s/it]Best trial: 11. Best value: 0.55515:  24%|██▍       | 36/150 [1:42:23<4:25:06, 139.53s/it]Best trial: 11. Best value: 0.55515:  25%|██▍       | 37/150 [1:42:23<3:55:22, 124.98s/it]                                                                                          Best trial: 11. Best value: 0.55515:  25%|██▍       | 37/150 [1:48:58<3:55:22, 124.98s/it]Best trial: 11. Best value: 0.55515:  25%|██▍       | 37/150 [1:48:58<3:55:22, 124.98s/it]Best trial: 11. Best value: 0.55515:  25%|██▌       | 38/150 [1:48:58<6:24:39, 206.06s/it]                                                                                          Best trial: 11. Best value: 0.55515:  25%|██▌       | 38/150 [1:51:25<6:24:39, 206.06s/it]Best trial: 11. Best value: 0.55515:  25%|██▌       | 38/150 [1:51:25<6:24:39, 206.06s/it]Best trial: 11. Best value: 0.55515:  26%|██▌       | 39/150 [1:51:25<5:48:34, 188.42s/it]                                                                                          Best trial: 11. Best value: 0.55515:  26%|██▌       | 39/150 [1:58:22<5:48:34, 188.42s/it]Best trial: 11. Best value: 0.55515:  26%|██▌       | 39/150 [1:58:22<5:48:34, 188.42s/it]Best trial: 11. Best value: 0.55515:  27%|██▋       | 40/150 [1:58:22<7:51:11, 257.01s/it]                                                                                          Best trial: 11. Best value: 0.55515:  27%|██▋       | 40/150 [2:01:42<7:51:11, 257.01s/it]Best trial: 11. Best value: 0.55515:  27%|██▋       | 40/150 [2:01:42<7:51:11, 257.01s/it]Best trial: 11. Best value: 0.55515:  27%|██▋       | 41/150 [2:01:42<7:15:50, 239.91s/it]                                                                                          Best trial: 11. Best value: 0.55515:  27%|██▋       | 41/150 [2:03:51<7:15:50, 239.91s/it]Best trial: 11. Best value: 0.55515:  27%|██▋       | 41/150 [2:03:51<7:15:50, 239.91s/it]Best trial: 11. Best value: 0.55515:  28%|██▊       | 42/150 [2:03:51<6:11:36, 206.45s/it]                                                                                          Best trial: 11. Best value: 0.55515:  28%|██▊       | 42/150 [2:06:10<6:11:36, 206.45s/it]Best trial: 11. Best value: 0.55515:  28%|██▊       | 42/150 [2:06:10<6:11:36, 206.45s/it]Best trial: 11. Best value: 0.55515:  29%|██▊       | 43/150 [2:06:10<5:32:33, 186.48s/it]                                                                                          Best trial: 11. Best value: 0.55515:  29%|██▊       | 43/150 [2:08:29<5:32:33, 186.48s/it]Best trial: 11. Best value: 0.55515:  29%|██▊       | 43/150 [2:08:29<5:32:33, 186.48s/it]Best trial: 11. Best value: 0.55515:  29%|██▉       | 44/150 [2:08:29<5:04:11, 172.19s/it]                                                                                          [I 2025-01-01 23:20:30,301] Trial 22 finished with value: 0.48411774226830273 and parameters: {'lr': 3.163242705369168e-05, 'decay': 0.002889407857399341, 'batch_size': 128, 'nheads': 1, 'project_to': 128, 'hidden_size': 128, 'num_layers': 3, 'dropout': 0.40982676802509455, 'alpha': 1.3631649638236083, 'aug_choice': 5}. Best is trial 11 with value: 0.5551504528069804.
[I 2025-01-01 23:22:57,030] Trial 23 finished with value: 0.5202506362600043 and parameters: {'lr': 0.00027351454715011074, 'decay': 0.0004416927265302887, 'batch_size': 128, 'nheads': 1, 'project_to': 128, 'hidden_size': 128, 'num_layers': 3, 'dropout': 0.6046576021716094, 'alpha': 1.4796934934887735, 'aug_choice': 5}. Best is trial 11 with value: 0.5551504528069804.
[I 2025-01-01 23:26:11,752] Trial 24 finished with value: 0.4345296054155864 and parameters: {'lr': 0.0006924184137962004, 'decay': 0.00018318284717540873, 'batch_size': 128, 'nheads': 1, 'project_to': 128, 'hidden_size': 128, 'num_layers': 3, 'dropout': 0.37339968618974906, 'alpha': 1.303751065354884, 'aug_choice': 7}. Best is trial 11 with value: 0.5551504528069804.
[I 2025-01-01 23:32:25,698] Trial 25 finished with value: 0.47697561263621313 and parameters: {'lr': 0.00012865245102735637, 'decay': 0.0010680187801788837, 'batch_size': 128, 'nheads': 1, 'project_to': 128, 'hidden_size': 128, 'num_layers': 3, 'dropout': 0.45146047850736515, 'alpha': 1.38606745659405, 'aug_choice': 3}. Best is trial 11 with value: 0.5551504528069804.
[I 2025-01-01 23:35:31,567] Trial 26 finished with value: 0.49428381213461325 and parameters: {'lr': 4.450588441622545e-05, 'decay': 5.5868881547411526e-05, 'batch_size': 64, 'nheads': 1, 'project_to': 128, 'hidden_size': 128, 'num_layers': 3, 'dropout': 0.29037695291155485, 'alpha': 1.196404961988882, 'aug_choice': 5}. Best is trial 11 with value: 0.5551504528069804.
[I 2025-01-01 23:37:45,673] Trial 27 finished with value: 0.5027120765847182 and parameters: {'lr': 0.00025158096277547615, 'decay': 0.0004886074155295134, 'batch_size': 128, 'nheads': 1, 'project_to': 128, 'hidden_size': 128, 'num_layers': 2, 'dropout': 0.37935549567043314, 'alpha': 1.124951034076608, 'aug_choice': 5}. Best is trial 11 with value: 0.5551504528069804.
[I 2025-01-01 23:40:10,072] Trial 28 finished with value: 0.45945469911250486 and parameters: {'lr': 0.0003943167163365675, 'decay': 0.0021362596921540174, 'batch_size': 64, 'nheads': 2, 'project_to': 64, 'hidden_size': 64, 'num_layers': 3, 'dropout': 0.21262519077945702, 'alpha': 1.4796969705516543, 'aug_choice': 5}. Best is trial 11 with value: 0.5551504528069804.
[I 2025-01-01 23:42:14,628] Trial 29 finished with value: 0.4698555574931001 and parameters: {'lr': 2.8686127051166557e-05, 'decay': 0.00013679682258255484, 'batch_size': 64, 'nheads': 4, 'project_to': 128, 'hidden_size': 32, 'num_layers': 1, 'dropout': 0.5714000484821357, 'alpha': 1.2718413896140393, 'aug_choice': 0}. Best is trial 11 with value: 0.5551504528069804.
[I 2025-01-01 23:45:47,367] Trial 30 finished with value: 0.4989034521258654 and parameters: {'lr': 0.00010180566666083592, 'decay': 6.36307128505637e-05, 'batch_size': 128, 'nheads': 4, 'project_to': 64, 'hidden_size': 128, 'num_layers': 3, 'dropout': 0.3376905867674343, 'alpha': 0.117413401815604, 'aug_choice': 5}. Best is trial 11 with value: 0.5551504528069804.
[I 2025-01-01 23:47:15,606] Trial 31 finished with value: 0.46058541922094715 and parameters: {'lr': 0.0006334831270605277, 'decay': 0.0035888069348817245, 'batch_size': 64, 'nheads': 2, 'project_to': 128, 'hidden_size': 128, 'num_layers': 3, 'dropout': 0.3428034643563289, 'alpha': 1.2323637517098034, 'aug_choice': 4}. Best is trial 11 with value: 0.5551504528069804.
[I 2025-01-01 23:48:48,398] Trial 32 finished with value: 0.47965981497808824 and parameters: {'lr': 0.00034276052812336845, 'decay': 0.005552151230464675, 'batch_size': 64, 'nheads': 2, 'project_to': 128, 'hidden_size': 128, 'num_layers': 3, 'dropout': 0.4253682016688446, 'alpha': 1.2937467749760307, 'aug_choice': 4}. Best is trial 11 with value: 0.5551504528069804.
[I 2025-01-01 23:50:14,244] Trial 33 finished with value: 0.451058077678807 and parameters: {'lr': 0.0024639182897148245, 'decay': 0.009968816803396105, 'batch_size': 64, 'nheads': 2, 'project_to': 128, 'hidden_size': 128, 'num_layers': 3, 'dropout': 0.47988610847338203, 'alpha': 1.3979336830258666, 'aug_choice': 4}. Best is trial 11 with value: 0.5551504528069804.
[I 2025-01-01 23:52:16,315] Trial 34 finished with value: 0.5115744078139988 and parameters: {'lr': 0.0004904715522519766, 'decay': 0.001106843960245673, 'batch_size': 64, 'nheads': 2, 'project_to': 32, 'hidden_size': 128, 'num_layers': 2, 'dropout': 0.3884258683214502, 'alpha': 1.1331577548288998, 'aug_choice': 2}. Best is trial 11 with value: 0.5551504528069804.
[I 2025-01-01 23:55:20,518] Trial 35 finished with value: 0.5055364002540866 and parameters: {'lr': 0.00019969942429549553, 'decay': 0.0027166043257978653, 'batch_size': 64, 'nheads': 2, 'project_to': 128, 'hidden_size': 32, 'num_layers': 3, 'dropout': 0.35130066526657766, 'alpha': 1.4181605444327146, 'aug_choice': 8}. Best is trial 11 with value: 0.5551504528069804.
[I 2025-01-01 23:56:51,535] Trial 36 finished with value: 0.4893245385046617 and parameters: {'lr': 0.0009192397288167719, 'decay': 0.0006468824747605509, 'batch_size': 64, 'nheads': 4, 'project_to': 32, 'hidden_size': 128, 'num_layers': 2, 'dropout': 0.2965165887033082, 'alpha': 1.0031216015122468, 'aug_choice': 4}. Best is trial 11 with value: 0.5551504528069804.
[I 2025-01-02 00:03:26,805] Trial 37 finished with value: 0.5262373312423771 and parameters: {'lr': 0.002110036275754778, 'decay': 0.0018265582212587598, 'batch_size': 128, 'nheads': 2, 'project_to': 128, 'hidden_size': 32, 'num_layers': 3, 'dropout': 0.5017818741404889, 'alpha': 1.2974933902652779, 'aug_choice': 3}. Best is trial 11 with value: 0.5551504528069804.
[I 2025-01-02 00:05:54,060] Trial 38 finished with value: 0.5353812529068022 and parameters: {'lr': 0.00028584989700802094, 'decay': 0.00035562083987586315, 'batch_size': 64, 'nheads': 1, 'project_to': 32, 'hidden_size': 64, 'num_layers': 3, 'dropout': 0.10017533314305771, 'alpha': 1.174450824961625, 'aug_choice': 8}. Best is trial 11 with value: 0.5551504528069804.
[I 2025-01-02 00:12:51,108] Trial 39 finished with value: 0.5168923208106735 and parameters: {'lr': 1.0358864442667836e-05, 'decay': 2.5568863329041482e-05, 'batch_size': 64, 'nheads': 4, 'project_to': 128, 'hidden_size': 128, 'num_layers': 2, 'dropout': 0.31544368956856617, 'alpha': 0.9971576208695512, 'aug_choice': 1}. Best is trial 11 with value: 0.5551504528069804.
[I 2025-01-02 00:16:11,117] Trial 40 finished with value: 0.5209423090370224 and parameters: {'lr': 0.00012820951144635275, 'decay': 0.004899830792289423, 'batch_size': 128, 'nheads': 1, 'project_to': 128, 'hidden_size': 32, 'num_layers': 3, 'dropout': 0.2561836562127119, 'alpha': 0.6924738537825371, 'aug_choice': 2}. Best is trial 11 with value: 0.5551504528069804.
[I 2025-01-02 00:18:19,484] Trial 41 finished with value: 0.514402766616783 and parameters: {'lr': 0.00027841034339956176, 'decay': 0.00033308482343252967, 'batch_size': 64, 'nheads': 1, 'project_to': 32, 'hidden_size': 64, 'num_layers': 3, 'dropout': 0.1069195035964934, 'alpha': 1.182146276847802, 'aug_choice': 8}. Best is trial 11 with value: 0.5551504528069804.
[I 2025-01-02 00:20:39,387] Trial 42 finished with value: 0.5512803325948655 and parameters: {'lr': 0.000530626390090553, 'decay': 0.00018617737347119921, 'batch_size': 64, 'nheads': 1, 'project_to': 32, 'hidden_size': 64, 'num_layers': 3, 'dropout': 0.17088657561420265, 'alpha': 1.3351312376315017, 'aug_choice': 8}. Best is trial 11 with value: 0.5551504528069804.
[I 2025-01-02 00:22:58,209] Trial 43 finished with value: 0.48634211238122765 and parameters: {'lr': 0.0005074380078693659, 'decay': 0.0002466386144377125, 'batch_size': 64, 'nheads': 1, 'project_to': 32, 'hidden_size': 64, 'num_layers': 3, 'dropout': 0.14740866206863995, 'alpha': 1.3267728165367105, 'aug_choice': 8}. Best is trial 11 with value: 0.5551504528069804.
