[I 2024-12-29 04:20:02,140] Trial 23 finished with value: 0.42701088490845923 and parameters: {'lr': 0.0002419995153554813, 'decay': 0.00240682046451636, 'batch_size': 128, 'nheads': 1, 'project_to': 128, 'hidden_size': 32, 'num_layers': 1, 'dropout': 0.33722517245416067, 'aug_choice': 1}. Best is trial 13 with value: 0.5995001579295215.
Best trial: 13. Best value: 0.5995:  60%|██████    | 24/40 [1:35:16<45:40, 171.27s/it]Best trial: 13. Best value: 0.5995:  60%|██████    | 24/40 [1:35:16<45:40, 171.27s/it]Best trial: 13. Best value: 0.5995:  62%|██████▎   | 25/40 [1:35:16<37:28, 149.90s/it]                                                                                      Best trial: 13. Best value: 0.5995:  62%|██████▎   | 25/40 [1:37:24<37:28, 149.90s/it]Best trial: 13. Best value: 0.5995:  62%|██████▎   | 25/40 [1:37:24<37:28, 149.90s/it]Best trial: 13. Best value: 0.5995:  65%|██████▌   | 26/40 [1:37:24<33:28, 143.47s/it]                                                                                      Best trial: 13. Best value: 0.5995:  65%|██████▌   | 26/40 [1:42:09<33:28, 143.47s/it]Best trial: 13. Best value: 0.5995:  65%|██████▌   | 26/40 [1:42:09<33:28, 143.47s/it]Best trial: 13. Best value: 0.5995:  68%|██████▊   | 27/40 [1:42:09<40:16, 185.92s/it]                                                                                      Best trial: 13. Best value: 0.5995:  68%|██████▊   | 27/40 [1:44:57<40:16, 185.92s/it]Best trial: 13. Best value: 0.5995:  68%|██████▊   | 27/40 [1:44:57<40:16, 185.92s/it]Best trial: 13. Best value: 0.5995:  70%|███████   | 28/40 [1:44:57<36:06, 180.57s/it]                                                                                      Best trial: 13. Best value: 0.5995:  70%|███████   | 28/40 [1:53:17<36:06, 180.57s/it]Best trial: 13. Best value: 0.5995:  70%|███████   | 28/40 [1:53:17<36:06, 180.57s/it]Best trial: 13. Best value: 0.5995:  72%|███████▎  | 29/40 [1:53:17<50:39, 276.32s/it]                                                                                      Best trial: 13. Best value: 0.5995:  72%|███████▎  | 29/40 [1:56:54<50:39, 276.32s/it]Best trial: 13. Best value: 0.5995:  72%|███████▎  | 29/40 [1:56:54<50:39, 276.32s/it]Best trial: 13. Best value: 0.5995:  75%|███████▌  | 30/40 [1:56:54<43:05, 258.51s/it]                                                                                      Best trial: 13. Best value: 0.5995:  75%|███████▌  | 30/40 [2:00:47<43:05, 258.51s/it]Best trial: 13. Best value: 0.5995:  75%|███████▌  | 30/40 [2:00:47<43:05, 258.51s/it]Best trial: 13. Best value: 0.5995:  78%|███████▊  | 31/40 [2:00:47<37:37, 250.80s/it]                                                                                      Best trial: 13. Best value: 0.5995:  78%|███████▊  | 31/40 [2:04:25<37:37, 250.80s/it]Best trial: 13. Best value: 0.5995:  78%|███████▊  | 31/40 [2:04:25<37:37, 250.80s/it]Best trial: 13. Best value: 0.5995:  80%|████████  | 32/40 [2:04:25<32:07, 240.92s/it]                                                                                      Best trial: 13. Best value: 0.5995:  80%|████████  | 32/40 [2:07:42<32:07, 240.92s/it]Best trial: 13. Best value: 0.5995:  80%|████████  | 32/40 [2:07:42<32:07, 240.92s/it]Best trial: 13. Best value: 0.5995:  82%|████████▎ | 33/40 [2:07:42<26:34, 227.83s/it]                                                                                      Best trial: 13. Best value: 0.5995:  82%|████████▎ | 33/40 [2:12:09<26:34, 227.83s/it]Best trial: 13. Best value: 0.5995:  82%|████████▎ | 33/40 [2:12:09<26:34, 227.83s/it]Best trial: 13. Best value: 0.5995:  85%|████████▌ | 34/40 [2:12:09<23:56, 239.46s/it]                                                                                      Best trial: 13. Best value: 0.5995:  85%|████████▌ | 34/40 [2:14:56<23:56, 239.46s/it]Best trial: 13. Best value: 0.5995:  85%|████████▌ | 34/40 [2:14:56<23:56, 239.46s/it]Best trial: 13. Best value: 0.5995:  88%|████████▊ | 35/40 [2:14:56<18:08, 217.69s/it]                                                                                      Best trial: 13. Best value: 0.5995:  88%|████████▊ | 35/40 [2:16:43<18:08, 217.69s/it]Best trial: 13. Best value: 0.5995:  88%|████████▊ | 35/40 [2:16:43<18:08, 217.69s/it]Best trial: 13. Best value: 0.5995:  90%|█████████ | 36/40 [2:16:43<12:18, 184.56s/it]                                                                                      Best trial: 13. Best value: 0.5995:  90%|█████████ | 36/40 [2:19:10<12:18, 184.56s/it]Best trial: 13. Best value: 0.5995:  90%|█████████ | 36/40 [2:19:10<12:18, 184.56s/it]Best trial: 13. Best value: 0.5995:  92%|█████████▎| 37/40 [2:19:10<08:39, 173.25s/it]                                                                                      Best trial: 13. Best value: 0.5995:  92%|█████████▎| 37/40 [2:20:56<08:39, 173.25s/it]Best trial: 13. Best value: 0.5995:  92%|█████████▎| 37/40 [2:20:56<08:39, 173.25s/it]Best trial: 13. Best value: 0.5995:  95%|█████████▌| 38/40 [2:20:56<05:06, 153.17s/it]                                                                                      Best trial: 13. Best value: 0.5995:  95%|█████████▌| 38/40 [2:25:36<05:06, 153.17s/it]Best trial: 13. Best value: 0.5995:  95%|█████████▌| 38/40 [2:25:36<05:06, 153.17s/it]Best trial: 13. Best value: 0.5995:  98%|█████████▊| 39/40 [2:25:36<03:11, 191.29s/it]                                                                                      Best trial: 13. Best value: 0.5995:  98%|█████████▊| 39/40 [2:27:07<03:11, 191.29s/it]Best trial: 13. Best value: 0.5995:  98%|█████████▊| 39/40 [2:27:07<03:11, 191.29s/it]Best trial: 13. Best value: 0.5995: 100%|██████████| 40/40 [2:27:07<00:00, 161.03s/it]Best trial: 13. Best value: 0.5995: 100%|██████████| 40/40 [2:27:07<00:00, 220.68s/it]
[I 2024-12-29 04:21:42,176] Trial 24 finished with value: 0.3430828608401827 and parameters: {'lr': 2.744843212267757e-05, 'decay': 0.004450359879709242, 'batch_size': 128, 'nheads': 1, 'project_to': 128, 'hidden_size': 128, 'num_layers': 1, 'dropout': 0.4123936323050872, 'aug_choice': 4}. Best is trial 13 with value: 0.5995001579295215.
[I 2024-12-29 04:23:50,659] Trial 25 finished with value: 0.3046857355154145 and parameters: {'lr': 7.71054064406505e-05, 'decay': 0.0003837199765220704, 'batch_size': 128, 'nheads': 1, 'project_to': 64, 'hidden_size': 32, 'num_layers': 1, 'dropout': 0.5776134276927054, 'aug_choice': 6}. Best is trial 13 with value: 0.5995001579295215.
[I 2024-12-29 04:28:35,614] Trial 26 finished with value: 0.540317624005939 and parameters: {'lr': 0.0006398685395885009, 'decay': 0.00014329139736519455, 'batch_size': 64, 'nheads': 1, 'project_to': 128, 'hidden_size': 32, 'num_layers': 1, 'dropout': 0.47380264030619546, 'aug_choice': 3}. Best is trial 13 with value: 0.5995001579295215.
[I 2024-12-29 04:31:23,709] Trial 27 finished with value: 0.3680061237119821 and parameters: {'lr': 0.00012680349411008687, 'decay': 0.0010922575748859428, 'batch_size': 128, 'nheads': 1, 'project_to': 128, 'hidden_size': 32, 'num_layers': 2, 'dropout': 0.37037024924254314, 'aug_choice': 8}. Best is trial 13 with value: 0.5995001579295215.
[I 2024-12-29 04:39:43,432] Trial 28 finished with value: 0.5484010164804426 and parameters: {'lr': 2.1350707621948752e-05, 'decay': 0.001882760675346587, 'batch_size': 128, 'nheads': 4, 'project_to': 128, 'hidden_size': 128, 'num_layers': 1, 'dropout': 0.11498179833357133, 'aug_choice': 5}. Best is trial 13 with value: 0.5995001579295215.
[I 2024-12-29 04:43:20,373] Trial 29 finished with value: 0.5771460111704523 and parameters: {'lr': 0.0002359643390967305, 'decay': 0.00018638651073435666, 'batch_size': 64, 'nheads': 2, 'project_to': 128, 'hidden_size': 64, 'num_layers': 3, 'dropout': 0.3145502909139767, 'aug_choice': 7}. Best is trial 13 with value: 0.5995001579295215.
[I 2024-12-29 04:47:13,178] Trial 30 finished with value: 0.5369730293434284 and parameters: {'lr': 0.0003222478643727299, 'decay': 0.004734966819087249, 'batch_size': 128, 'nheads': 2, 'project_to': 64, 'hidden_size': 64, 'num_layers': 1, 'dropout': 0.5995592945249483, 'aug_choice': 5}. Best is trial 13 with value: 0.5995001579295215.
[I 2024-12-29 04:50:51,061] Trial 31 finished with value: 0.5454636300544248 and parameters: {'lr': 0.0002276499625515235, 'decay': 0.000150059016905255, 'batch_size': 64, 'nheads': 2, 'project_to': 128, 'hidden_size': 64, 'num_layers': 3, 'dropout': 0.3061933071560293, 'aug_choice': 7}. Best is trial 13 with value: 0.5995001579295215.
[I 2024-12-29 04:54:08,342] Trial 32 finished with value: 0.5904757941039088 and parameters: {'lr': 0.0005132637766183962, 'decay': 7.926037913318162e-05, 'batch_size': 64, 'nheads': 2, 'project_to': 128, 'hidden_size': 64, 'num_layers': 3, 'dropout': 0.21837322033981021, 'aug_choice': 7}. Best is trial 13 with value: 0.5995001579295215.
[I 2024-12-29 04:58:34,945] Trial 33 finished with value: 0.5561345920578248 and parameters: {'lr': 7.109388075440427e-05, 'decay': 9.303724364180268e-05, 'batch_size': 64, 'nheads': 2, 'project_to': 128, 'hidden_size': 64, 'num_layers': 3, 'dropout': 0.21584415181664307, 'aug_choice': 7}. Best is trial 13 with value: 0.5995001579295215.
[I 2024-12-29 05:01:21,852] Trial 34 finished with value: 0.5069258613887551 and parameters: {'lr': 0.001421588351587017, 'decay': 1.718772249447466e-05, 'batch_size': 64, 'nheads': 2, 'project_to': 128, 'hidden_size': 64, 'num_layers': 2, 'dropout': 0.24063079959931158, 'aug_choice': 7}. Best is trial 13 with value: 0.5995001579295215.
[I 2024-12-29 05:03:09,086] Trial 35 finished with value: 0.48873665195897925 and parameters: {'lr': 0.000511115142772674, 'decay': 3.5505089198345e-05, 'batch_size': 64, 'nheads': 2, 'project_to': 128, 'hidden_size': 64, 'num_layers': 3, 'dropout': 0.40985947515526144, 'aug_choice': 6}. Best is trial 13 with value: 0.5995001579295215.
[I 2024-12-29 05:05:35,963] Trial 36 finished with value: 0.49057818383737023 and parameters: {'lr': 0.0037946397127804083, 'decay': 8.241137880364827e-05, 'batch_size': 64, 'nheads': 2, 'project_to': 32, 'hidden_size': 128, 'num_layers': 2, 'dropout': 0.1978731048805968, 'aug_choice': 2}. Best is trial 13 with value: 0.5995001579295215.
[I 2024-12-29 05:07:22,286] Trial 37 finished with value: 0.5215655240363263 and parameters: {'lr': 0.0013592611631579445, 'decay': 0.0012604018146771642, 'batch_size': 64, 'nheads': 1, 'project_to': 128, 'hidden_size': 64, 'num_layers': 1, 'dropout': 0.1521536750168381, 'aug_choice': 5}. Best is trial 13 with value: 0.5995001579295215.
[I 2024-12-29 05:12:02,519] Trial 38 finished with value: 0.5238873630375637 and parameters: {'lr': 0.00891437647106701, 'decay': 0.006170859317922189, 'batch_size': 64, 'nheads': 4, 'project_to': 64, 'hidden_size': 64, 'num_layers': 2, 'dropout': 0.6788291425273572, 'aug_choice': 1}. Best is trial 13 with value: 0.5995001579295215.
[I 2024-12-29 05:13:32,929] Trial 39 finished with value: 0.31994298337037913 and parameters: {'lr': 0.00033003807179687145, 'decay': 4.907883682569397e-05, 'batch_size': 128, 'nheads': 1, 'project_to': 32, 'hidden_size': 32, 'num_layers': 1, 'dropout': 0.10090046005006047, 'aug_choice': 0}. Best is trial 13 with value: 0.5995001579295215.

Optimization finished!
Best macro F1: 0.5995
Best hyperparameters:
    lr: 0.00017138139323048742
    decay: 0.0034217148799494364
    batch_size: 128
    nheads: 1
    project_to: 128
    hidden_size: 32
    num_layers: 1
    dropout: 0.3002582279999296
    aug_choice: 5
Fold 4: 0 trials completed, running 40 more trials...
[I 2024-12-29 05:13:35,202] A new study created in RDB with name: webcam_engagement_classifier
  0%|          | 0/40 [00:00<?, ?it/s]                                        0%|          | 0/40 [05:41<?, ?it/s]Best trial: 0. Best value: 0.436282:   0%|          | 0/40 [05:41<?, ?it/s]Best trial: 0. Best value: 0.436282:   2%|▎         | 1/40 [05:41<3:42:10, 341.80s/it]                                                                                      Best trial: 0. Best value: 0.436282:   2%|▎         | 1/40 [09:30<3:42:10, 341.80s/it]Best trial: 1. Best value: 0.513802:   2%|▎         | 1/40 [09:30<3:42:10, 341.80s/it]Best trial: 1. Best value: 0.513802:   5%|▌         | 2/40 [09:30<2:54:28, 275.48s/it]                                                                                      Best trial: 1. Best value: 0.513802:   5%|▌         | 2/40 [18:40<2:54:28, 275.48s/it]Best trial: 1. Best value: 0.513802:   5%|▌         | 2/40 [18:40<2:54:28, 275.48s/it]Best trial: 1. Best value: 0.513802:   8%|▊         | 3/40 [18:40<4:06:58, 400.50s/it]                                                                                      Best trial: 1. Best value: 0.513802:   8%|▊         | 3/40 [20:53<4:06:58, 400.50s/it]Best trial: 1. Best value: 0.513802:   8%|▊         | 3/40 [20:53<4:06:58, 400.50s/it]Best trial: 1. Best value: 0.513802:  10%|█         | 4/40 [20:53<2:56:55, 294.87s/it]                                                                                      Best trial: 1. Best value: 0.513802:  10%|█         | 4/40 [25:50<2:56:55, 294.87s/it]Best trial: 1. Best value: 0.513802:  10%|█         | 4/40 [25:50<2:56:55, 294.87s/it]Best trial: 1. Best value: 0.513802:  12%|█▎        | 5/40 [25:50<2:52:38, 295.95s/it]                                                                                      Best trial: 1. Best value: 0.513802:  12%|█▎        | 5/40 [27:17<2:52:38, 295.95s/it]Best trial: 1. Best value: 0.513802:  12%|█▎        | 5/40 [27:17<2:52:38, 295.95s/it]Best trial: 1. Best value: 0.513802:  15%|█▌        | 6/40 [27:17<2:07:18, 224.65s/it]                                                                                      Best trial: 1. Best value: 0.513802:  15%|█▌        | 6/40 [29:25<2:07:18, 224.65s/it]Best trial: 6. Best value: 0.594728:  15%|█▌        | 6/40 [29:25<2:07:18, 224.65s/it]Best trial: 6. Best value: 0.594728:  18%|█▊        | 7/40 [29:25<1:46:11, 193.08s/it]                                                                                      Best trial: 6. Best value: 0.594728:  18%|█▊        | 7/40 [32:11<1:46:11, 193.08s/it]Best trial: 6. Best value: 0.594728:  18%|█▊        | 7/40 [32:11<1:46:11, 193.08s/it]Best trial: 6. Best value: 0.594728:  20%|██        | 8/40 [32:11<1:38:22, 184.44s/it]                                                                                      Best trial: 6. Best value: 0.594728:  20%|██        | 8/40 [35:48<1:38:22, 184.44s/it]Best trial: 6. Best value: 0.594728:  20%|██        | 8/40 [35:48<1:38:22, 184.44s/it]Best trial: 6. Best value: 0.594728:  22%|██▎       | 9/40 [35:48<1:40:35, 194.69s/it]                                                                                      Best trial: 6. Best value: 0.594728:  22%|██▎       | 9/40 [38:56<1:40:35, 194.69s/it]Best trial: 6. Best value: 0.594728:  22%|██▎       | 9/40 [38:56<1:40:35, 194.69s/it]Best trial: 6. Best value: 0.594728:  25%|██▌       | 10/40 [38:56<1:36:21, 192.70s/it]                                                                                       Best trial: 6. Best value: 0.594728:  25%|██▌       | 10/40 [41:56<1:36:21, 192.70s/it]Best trial: 6. Best value: 0.594728:  25%|██▌       | 10/40 [41:56<1:36:21, 192.70s/it]Best trial: 6. Best value: 0.594728:  28%|██▊       | 11/40 [41:56<1:31:10, 188.63s/it]                                                                                       Best trial: 6. Best value: 0.594728:  28%|██▊       | 11/40 [45:40<1:31:10, 188.63s/it]Best trial: 6. Best value: 0.594728:  28%|██▊       | 11/40 [45:40<1:31:10, 188.63s/it]Best trial: 6. Best value: 0.594728:  30%|███       | 12/40 [45:40<1:33:10, 199.65s/it]                                                                                       Best trial: 6. Best value: 0.594728:  30%|███       | 12/40 [49:10<1:33:10, 199.65s/it]Best trial: 6. Best value: 0.594728:  30%|███       | 12/40 [49:10<1:33:10, 199.65s/it]Best trial: 6. Best value: 0.594728:  32%|███▎      | 13/40 [49:10<1:31:15, 202.80s/it]                                                                                       Best trial: 6. Best value: 0.594728:  32%|███▎      | 13/40 [53:43<1:31:15, 202.80s/it]Best trial: 6. Best value: 0.594728:  32%|███▎      | 13/40 [53:43<1:31:15, 202.80s/it]Best trial: 6. Best value: 0.594728:  35%|███▌      | 14/40 [53:43<1:36:57, 223.75s/it]                                                                                       Best trial: 6. Best value: 0.594728:  35%|███▌      | 14/40 [55:03<1:36:57, 223.75s/it]Best trial: 6. Best value: 0.594728:  35%|███▌      | 14/40 [55:03<1:36:57, 223.75s/it]Best trial: 6. Best value: 0.594728:  38%|███▊      | 15/40 [55:03<1:15:09, 180.40s/it]                                                                                       Best trial: 6. Best value: 0.594728:  38%|███▊      | 15/40 [57:56<1:15:09, 180.40s/it]Best trial: 6. Best value: 0.594728:  38%|███▊      | 15/40 [57:56<1:15:09, 180.40s/it]Best trial: 6. Best value: 0.594728:  40%|████      | 16/40 [57:56<1:11:17, 178.25s/it]                                                                                       Best trial: 6. Best value: 0.594728:  40%|████      | 16/40 [1:00:31<1:11:17, 178.25s/it]Best trial: 6. Best value: 0.594728:  40%|████      | 16/40 [1:00:31<1:11:17, 178.25s/it]Best trial: 6. Best value: 0.594728:  42%|████▎     | 17/40 [1:00:31<1:05:41, 171.35s/it]                                                                                         Best trial: 6. Best value: 0.594728:  42%|████▎     | 17/40 [1:04:11<1:05:41, 171.35s/it]Best trial: 6. Best value: 0.594728:  42%|████▎     | 17/40 [1:04:11<1:05:41, 171.35s/it]Best trial: 6. Best value: 0.594728:  45%|████▌     | 18/40 [1:04:11<1:08:12, 186.02s/it]                                                                                         Best trial: 6. Best value: 0.594728:  45%|████▌     | 18/40 [1:05:50<1:08:12, 186.02s/it]Best trial: 6. Best value: 0.594728:  45%|████▌     | 18/40 [1:05:50<1:08:12, 186.02s/it]Best trial: 6. Best value: 0.594728:  48%|████▊     | 19/40 [1:05:50<55:53, 159.70s/it]                                                                                         Best trial: 6. Best value: 0.594728:  48%|████▊     | 19/40 [1:07:12<55:53, 159.70s/it]Best trial: 6. Best value: 0.594728:  48%|████▊     | 19/40 [1:07:12<55:53, 159.70s/it]Best trial: 6. Best value: 0.594728:  50%|█████     | 20/40 [1:07:12<45:27, 136.38s/it]                                                                                       Best trial: 6. Best value: 0.594728:  50%|█████     | 20/40 [1:09:57<45:27, 136.38s/it]Best trial: 6. Best value: 0.594728:  50%|█████     | 20/40 [1:09:57<45:27, 136.38s/it]Best trial: 6. Best value: 0.594728:  52%|█████▎    | 21/40 [1:09:57<45:55, 145.05s/it]                                                                                       Best trial: 6. Best value: 0.594728:  52%|█████▎    | 21/40 [1:13:27<45:55, 145.05s/it]Best trial: 6. Best value: 0.594728:  52%|█████▎    | 21/40 [1:13:27<45:55, 145.05s/it]Best trial: 6. Best value: 0.594728:  55%|█████▌    | 22/40 [1:13:27<49:23, 164.65s/it]                                                                                       Best trial: 6. Best value: 0.594728:  55%|█████▌    | 22/40 [1:16:08<49:23, 164.65s/it]Best trial: 6. Best value: 0.594728:  55%|█████▌    | 22/40 [1:16:08<49:23, 164.65s/it]Best trial: 6. Best value: 0.594728:  57%|█████▊    | 23/40 [1:16:08<46:17, 163.40s/it]                                                                                       Best trial: 6. Best value: 0.594728:  57%|█████▊    | 23/40 [1:19:33<46:17, 163.40s/it]Best trial: 6. Best value: 0.594728:  57%|█████▊    | 23/40 [1:19:33<46:17, 163.40s/it]Best trial: 6. Best value: 0.594728:  60%|██████    | 24/40 [1:19:33<46:56, 176.02s/it]                                                                                       [I 2024-12-29 05:19:17,000] Trial 0 finished with value: 0.43628232118619376 and parameters: {'lr': 1.3623044047525484e-05, 'decay': 0.0004530805252947514, 'batch_size': 64, 'nheads': 1, 'project_to': 32, 'hidden_size': 128, 'num_layers': 2, 'dropout': 0.1944474024318217, 'aug_choice': 7}. Best is trial 0 with value: 0.43628232118619376.
[I 2024-12-29 05:23:06,061] Trial 1 finished with value: 0.5138017362988531 and parameters: {'lr': 7.908094014873424e-05, 'decay': 3.06645806861547e-05, 'batch_size': 128, 'nheads': 2, 'project_to': 64, 'hidden_size': 32, 'num_layers': 1, 'dropout': 0.2602756877614867, 'aug_choice': 5}. Best is trial 1 with value: 0.5138017362988531.
[I 2024-12-29 05:32:15,321] Trial 2 finished with value: 0.48923523453285395 and parameters: {'lr': 0.00011768531949469725, 'decay': 0.003907420189194282, 'batch_size': 64, 'nheads': 4, 'project_to': 32, 'hidden_size': 64, 'num_layers': 3, 'dropout': 0.20778243219040907, 'aug_choice': 3}. Best is trial 1 with value: 0.5138017362988531.
[I 2024-12-29 05:34:28,268] Trial 3 finished with value: 0.3839163112539694 and parameters: {'lr': 0.0003865525793715033, 'decay': 0.0018735449591862363, 'batch_size': 64, 'nheads': 1, 'project_to': 64, 'hidden_size': 32, 'num_layers': 1, 'dropout': 0.2263915340844297, 'aug_choice': 8}. Best is trial 1 with value: 0.5138017362988531.
[I 2024-12-29 05:39:26,134] Trial 4 finished with value: 0.4101132827322363 and parameters: {'lr': 0.000730098345031817, 'decay': 0.0061277635573592695, 'batch_size': 64, 'nheads': 4, 'project_to': 128, 'hidden_size': 128, 'num_layers': 1, 'dropout': 0.6482736150094993, 'aug_choice': 3}. Best is trial 1 with value: 0.5138017362988531.
