                                                                                      Best trial: 0. Best value: 0.501374:   2%|▎         | 1/40 [04:50<1:37:39, 150.25s/it]                                                                                      Best trial: 0. Best value: 0.501374:   2%|▎         | 1/40 [04:50<1:37:39, 150.25s/it]Best trial: 0. Best value: 0.501374:   2%|▎         | 1/40 [04:50<1:37:39, 150.25s/it]Best trial: 0. Best value: 0.501374:   5%|▌         | 2/40 [04:50<1:31:22, 144.29s/it][I 2024-12-28 13:05:05,968] Trial 0 finished with value: 0.5013736263736264 and parameters: {'lr': 6.03401945993473e-05, 'decay': 0.00016639947628252627, 'batch_size': 128, 'nheads': 4, 'project_to': 64, 'hidden_size': 64, 'num_layers': 1, 'dropout': 0.2685304449487834, 'class_weights': False, 'aug_choice': 0}. Best is trial 0 with value: 0.5013736263736264.
Trial failed due to: <class 'torch.cuda.OutOfMemoryError'>: CUDA out of memory. Tried to allocate 58.00 MiB. GPU 0 has a total capacity of 9.75 GiB of which 27.31 MiB is free. Process 32820 has 396.00 MiB memory in use. Process 32822 has 396.00 MiB memory in use. Process 32817 has 396.00 MiB memory in use. Process 32819 has 396.00 MiB memory in use. Process 32821 has 396.00 MiB memory in use. Process 32818 has 396.00 MiB memory in use. Process 32824 has 396.00 MiB memory in use. Process 32823 has 396.00 MiB memory in use. Process 32828 has 396.00 MiB memory in use. Process 32835 has 396.00 MiB memory in use. Process 32825 has 396.00 MiB memory in use. Process 32827 has 396.00 MiB memory in use. Process 33244 has 344.00 MiB memory in use. Process 33246 has 344.00 MiB memory in use. Process 33248 has 344.00 MiB memory in use. Process 33243 has 344.00 MiB memory in use. Process 33245 has 344.00 MiB memory in use. Process 33242 has 344.00 MiB memory in use. Process 33250 has 460.00 MiB memory in use. Process 33252 has 460.00 MiB memory in use. Process 33253 has 458.00 MiB memory in use. Process 33247 has 458.00 MiB memory in use. Including non-PyTorch memory, this process has 380.00 MiB memory in use. Process 33251 has 342.00 MiB memory in use. Of the allocated memory 95.16 MiB is allocated by PyTorch, and 24.84 MiB is reserved by PyTorch but unallocated. If reserved but unallocated memory is large try setting PYTORCH_CUDA_ALLOC_CONF=expandable_segments:True to avoid fragmentation.  See documentation for Memory Management  (https://pytorch.org/docs/stable/notes/cuda.html#environment-variables)
[W 2024-12-28 13:07:26,087] Trial 1 failed with parameters: {'lr': 0.00017819912369487534, 'decay': 0.0011777221645686512, 'batch_size': 64, 'nheads': 1, 'project_to': 128, 'hidden_size': 128, 'num_layers': 1, 'dropout': 0.6331457456364841, 'class_weights': False, 'aug_choice': 7} because of the following error: The value None could not be cast to float..
[W 2024-12-28 13:07:26,087] Trial 1 failed with value None.
/home/ammar/miniconda3/envs/torch/lib/python3.12/site-packages/torch/nn/modules/transformer.py:384: UserWarning: The PyTorch API of nested tensors is in prototype stage and will change in the near future. (Triggered internally at /opt/conda/conda-bld/pytorch_1708025845206/work/aten/src/ATen/NestedTensorImpl.cpp:177.)
  output = torch._nested_tensor_from_mask(output, src_key_padding_mask.logical_not(), mask_check=False)
/home/ammar/miniconda3/envs/torch/lib/python3.12/site-packages/torch/nn/modules/transformer.py:384: UserWarning: The PyTorch API of nested tensors is in prototype stage and will change in the near future. (Triggered internally at /opt/conda/conda-bld/pytorch_1708025845206/work/aten/src/ATen/NestedTensorImpl.cpp:177.)
  output = torch._nested_tensor_from_mask(output, src_key_padding_mask.logical_not(), mask_check=False)
/home/ammar/miniconda3/envs/torch/lib/python3.12/site-packages/torch/nn/modules/transformer.py:384: UserWarning: The PyTorch API of nested tensors is in prototype stage and will change in the near future. (Triggered internally at /opt/conda/conda-bld/pytorch_1708025845206/work/aten/src/ATen/NestedTensorImpl.cpp:177.)
  output = torch._nested_tensor_from_mask(output, src_key_padding_mask.logical_not(), mask_check=False)
/home/ammar/miniconda3/envs/torch/lib/python3.12/site-packages/torch/nn/modules/transformer.py:384: UserWarning: The PyTorch API of nested tensors is in prototype stage and will change in the near future. (Triggered internally at /opt/conda/conda-bld/pytorch_1708025845206/work/aten/src/ATen/NestedTensorImpl.cpp:177.)
  output = torch._nested_tensor_from_mask(output, src_key_padding_mask.logical_not(), mask_check=False)
/home/ammar/miniconda3/envs/torch/lib/python3.12/site-packages/torch/nn/modules/transformer.py:384: UserWarning: The PyTorch API of nested tensors is in prototype stage and will change in the near future. (Triggered internally at /opt/conda/conda-bld/pytorch_1708025845206/work/aten/src/ATen/NestedTensorImpl.cpp:177.)
  output = torch._nested_tensor_from_mask(output, src_key_padding_mask.logical_not(), mask_check=False)
/home/ammar/miniconda3/envs/torch/lib/python3.12/site-packages/torch/nn/modules/transformer.py:384: UserWarning: The PyTorch API of nested tensors is in prototype stage and will change in the near future. (Triggered internally at /opt/conda/conda-bld/pytorch_1708025845206/work/aten/src/ATen/NestedTensorImpl.cpp:177.)
  output = torch._nested_tensor_from_mask(output, src_key_padding_mask.logical_not(), mask_check=False)
                                                                                      Best trial: 0. Best value: 0.501374:   5%|▌         | 2/40 [07:46<1:31:22, 144.29s/it]Best trial: 0. Best value: 0.501374:   5%|▌         | 2/40 [07:46<1:31:22, 144.29s/it]Best trial: 0. Best value: 0.501374:   8%|▊         | 3/40 [07:46<1:38:04, 159.04s/it]/home/ammar/miniconda3/envs/torch/lib/python3.12/site-packages/torch/nn/modules/transformer.py:384: UserWarning: The PyTorch API of nested tensors is in prototype stage and will change in the near future. (Triggered internally at /opt/conda/conda-bld/pytorch_1708025845206/work/aten/src/ATen/NestedTensorImpl.cpp:177.)
  output = torch._nested_tensor_from_mask(output, src_key_padding_mask.logical_not(), mask_check=False)
/home/ammar/miniconda3/envs/torch/lib/python3.12/site-packages/torch/nn/modules/transformer.py:384: UserWarning: The PyTorch API of nested tensors is in prototype stage and will change in the near future. (Triggered internally at /opt/conda/conda-bld/pytorch_1708025845206/work/aten/src/ATen/NestedTensorImpl.cpp:177.)
  output = torch._nested_tensor_from_mask(output, src_key_padding_mask.logical_not(), mask_check=False)
/home/ammar/miniconda3/envs/torch/lib/python3.12/site-packages/torch/nn/modules/transformer.py:384: UserWarning: The PyTorch API of nested tensors is in prototype stage and will change in the near future. (Triggered internally at /opt/conda/conda-bld/pytorch_1708025845206/work/aten/src/ATen/NestedTensorImpl.cpp:177.)
  output = torch._nested_tensor_from_mask(output, src_key_padding_mask.logical_not(), mask_check=False)
/home/ammar/miniconda3/envs/torch/lib/python3.12/site-packages/torch/nn/modules/transformer.py:384: UserWarning: The PyTorch API of nested tensors is in prototype stage and will change in the near future. (Triggered internally at /opt/conda/conda-bld/pytorch_1708025845206/work/aten/src/ATen/NestedTensorImpl.cpp:177.)
  output = torch._nested_tensor_from_mask(output, src_key_padding_mask.logical_not(), mask_check=False)
/home/ammar/miniconda3/envs/torch/lib/python3.12/site-packages/torch/nn/modules/transformer.py:384: UserWarning: The PyTorch API of nested tensors is in prototype stage and will change in the near future. (Triggered internally at /opt/conda/conda-bld/pytorch_1708025845206/work/aten/src/ATen/NestedTensorImpl.cpp:177.)
  output = torch._nested_tensor_from_mask(output, src_key_padding_mask.logical_not(), mask_check=False)
/home/ammar/miniconda3/envs/torch/lib/python3.12/site-packages/torch/nn/modules/transformer.py:384: UserWarning: The PyTorch API of nested tensors is in prototype stage and will change in the near future. (Triggered internally at /opt/conda/conda-bld/pytorch_1708025845206/work/aten/src/ATen/NestedTensorImpl.cpp:177.)
  output = torch._nested_tensor_from_mask(output, src_key_padding_mask.logical_not(), mask_check=False)
                                                                                      Best trial: 0. Best value: 0.501374:   8%|▊         | 3/40 [10:36<1:38:04, 159.04s/it]Best trial: 3. Best value: 0.513991:   8%|▊         | 3/40 [10:36<1:38:04, 159.04s/it]Best trial: 3. Best value: 0.513991:  10%|█         | 4/40 [10:36<1:37:51, 163.09s/it]/home/ammar/miniconda3/envs/torch/lib/python3.12/site-packages/torch/nn/modules/transformer.py:384: UserWarning: The PyTorch API of nested tensors is in prototype stage and will change in the near future. (Triggered internally at /opt/conda/conda-bld/pytorch_1708025845206/work/aten/src/ATen/NestedTensorImpl.cpp:177.)
  output = torch._nested_tensor_from_mask(output, src_key_padding_mask.logical_not(), mask_check=False)
/home/ammar/miniconda3/envs/torch/lib/python3.12/site-packages/torch/nn/modules/transformer.py:384: UserWarning: The PyTorch API of nested tensors is in prototype stage and will change in the near future. (Triggered internally at /opt/conda/conda-bld/pytorch_1708025845206/work/aten/src/ATen/NestedTensorImpl.cpp:177.)
  output = torch._nested_tensor_from_mask(output, src_key_padding_mask.logical_not(), mask_check=False)
/home/ammar/miniconda3/envs/torch/lib/python3.12/site-packages/torch/nn/modules/transformer.py:384: UserWarning: The PyTorch API of nested tensors is in prototype stage and will change in the near future. (Triggered internally at /opt/conda/conda-bld/pytorch_1708025845206/work/aten/src/ATen/NestedTensorImpl.cpp:177.)
  output = torch._nested_tensor_from_mask(output, src_key_padding_mask.logical_not(), mask_check=False)
/home/ammar/miniconda3/envs/torch/lib/python3.12/site-packages/torch/nn/modules/transformer.py:384: UserWarning: The PyTorch API of nested tensors is in prototype stage and will change in the near future. (Triggered internally at /opt/conda/conda-bld/pytorch_1708025845206/work/aten/src/ATen/NestedTensorImpl.cpp:177.)
  output = torch._nested_tensor_from_mask(output, src_key_padding_mask.logical_not(), mask_check=False)
/home/ammar/miniconda3/envs/torch/lib/python3.12/site-packages/torch/nn/modules/transformer.py:384: UserWarning: The PyTorch API of nested tensors is in prototype stage and will change in the near future. (Triggered internally at /opt/conda/conda-bld/pytorch_1708025845206/work/aten/src/ATen/NestedTensorImpl.cpp:177.)
  output = torch._nested_tensor_from_mask(output, src_key_padding_mask.logical_not(), mask_check=False)
/home/ammar/miniconda3/envs/torch/lib/python3.12/site-packages/torch/nn/modules/transformer.py:384: UserWarning: The PyTorch API of nested tensors is in prototype stage and will change in the near future. (Triggered internally at /opt/conda/conda-bld/pytorch_1708025845206/work/aten/src/ATen/NestedTensorImpl.cpp:177.)
  output = torch._nested_tensor_from_mask(output, src_key_padding_mask.logical_not(), mask_check=False)
                                                                                      Best trial: 3. Best value: 0.513991:  10%|█         | 4/40 [12:30<1:37:51, 163.09s/it]Best trial: 3. Best value: 0.513991:  10%|█         | 4/40 [12:30<1:37:51, 163.09s/it]Best trial: 3. Best value: 0.513991:  12%|█▎        | 5/40 [12:30<1:24:47, 145.34s/it][I 2024-12-28 13:10:22,688] Trial 2 finished with value: 0.4936061381074169 and parameters: {'lr': 0.009866981236363058, 'decay': 0.0006283175806811285, 'batch_size': 128, 'nheads': 4, 'project_to': 128, 'hidden_size': 128, 'num_layers': 2, 'dropout': 0.13171200885695383, 'class_weights': True, 'aug_choice': 7}. Best is trial 0 with value: 0.5013736263736264.
[I 2024-12-28 13:13:11,977] Trial 3 finished with value: 0.5139911634756995 and parameters: {'lr': 0.00010833897266985015, 'decay': 4.2664107443638564e-05, 'batch_size': 128, 'nheads': 4, 'project_to': 64, 'hidden_size': 32, 'num_layers': 3, 'dropout': 0.20344101950341975, 'class_weights': False, 'aug_choice': 8}. Best is trial 3 with value: 0.5139911634756995.
[I 2024-12-28 13:15:05,859] Trial 4 finished with value: 0.5079217148182665 and parameters: {'lr': 0.0021797206835485364, 'decay': 0.00017427732676382403, 'batch_size': 64, 'nheads': 2, 'project_to': 128, 'hidden_size': 128, 'num_layers': 2, 'dropout': 0.6100933557820106, 'class_weights': True, 'aug_choice': 5}. Best is trial 3 with value: 0.5139911634756995.
                                                                                      Best trial: 3. Best value: 0.513991:  12%|█▎        | 5/40 [14:29<1:24:47, 145.34s/it]Best trial: 3. Best value: 0.513991:  12%|█▎        | 5/40 [14:29<1:24:47, 145.34s/it]Best trial: 3. Best value: 0.513991:  15%|█▌        | 6/40 [14:29<1:17:18, 136.43s/it]Fold 0: 0 trials completed, running 40 more trials...
[I 2024-12-28 20:11:13,026] A new study created in RDB with name: webcam_engagement_classifier
  0%|          | 0/40 [00:00<?, ?it/s]                                        0%|          | 0/40 [06:04<?, ?it/s]Best trial: 0. Best value: 0.465157:   0%|          | 0/40 [06:04<?, ?it/s]Best trial: 0. Best value: 0.465157:   2%|▎         | 1/40 [06:04<3:56:54, 364.48s/it]                                                                                      Best trial: 0. Best value: 0.465157:   2%|▎         | 1/40 [07:49<3:56:54, 364.48s/it]Best trial: 0. Best value: 0.465157:   2%|▎         | 1/40 [07:49<3:56:54, 364.48s/it]Best trial: 0. Best value: 0.465157:   5%|▌         | 2/40 [07:49<2:14:08, 211.80s/it]                                                                                      Best trial: 0. Best value: 0.465157:   5%|▌         | 2/40 [09:56<2:14:08, 211.80s/it]Best trial: 2. Best value: 0.522989:   5%|▌         | 2/40 [09:56<2:14:08, 211.80s/it]Best trial: 2. Best value: 0.522989:   8%|▊         | 3/40 [09:56<1:46:43, 173.06s/it]                                                                                      Best trial: 2. Best value: 0.522989:   8%|▊         | 3/40 [12:09<1:46:43, 173.06s/it]Best trial: 2. Best value: 0.522989:   8%|▊         | 3/40 [12:09<1:46:43, 173.06s/it]Best trial: 2. Best value: 0.522989:  10%|█         | 4/40 [12:09<1:34:23, 157.31s/it]                                                                                      Best trial: 2. Best value: 0.522989:  10%|█         | 4/40 [13:26<1:34:23, 157.31s/it]Best trial: 2. Best value: 0.522989:  10%|█         | 4/40 [13:26<1:34:23, 157.31s/it]Best trial: 2. Best value: 0.522989:  12%|█▎        | 5/40 [13:26<1:14:54, 128.42s/it]                                                                                      Best trial: 2. Best value: 0.522989:  12%|█▎        | 5/40 [20:26<1:14:54, 128.42s/it]Best trial: 2. Best value: 0.522989:  12%|█▎        | 5/40 [20:26<1:14:54, 128.42s/it]Best trial: 2. Best value: 0.522989:  15%|█▌        | 6/40 [20:26<2:08:55, 227.51s/it]                                                                                      Best trial: 2. Best value: 0.522989:  15%|█▌        | 6/40 [22:04<2:08:55, 227.51s/it]Best trial: 2. Best value: 0.522989:  15%|█▌        | 6/40 [22:04<2:08:55, 227.51s/it]Best trial: 2. Best value: 0.522989:  18%|█▊        | 7/40 [22:04<1:41:54, 185.30s/it]                                                                                      Best trial: 2. Best value: 0.522989:  18%|█▊        | 7/40 [23:13<1:41:54, 185.30s/it]Best trial: 2. Best value: 0.522989:  18%|█▊        | 7/40 [23:13<1:41:54, 185.30s/it]Best trial: 2. Best value: 0.522989:  20%|██        | 8/40 [23:13<1:19:01, 148.16s/it]                                                                                      Best trial: 2. Best value: 0.522989:  20%|██        | 8/40 [28:15<1:19:01, 148.16s/it]Best trial: 2. Best value: 0.522989:  20%|██        | 8/40 [28:15<1:19:01, 148.16s/it]Best trial: 2. Best value: 0.522989:  22%|██▎       | 9/40 [28:15<1:41:20, 196.15s/it]                                                                                      Best trial: 2. Best value: 0.522989:  22%|██▎       | 9/40 [29:29<1:41:20, 196.15s/it]Best trial: 2. Best value: 0.522989:  22%|██▎       | 9/40 [29:29<1:41:20, 196.15s/it]Best trial: 2. Best value: 0.522989:  25%|██▌       | 10/40 [29:29<1:19:19, 158.65s/it]                                                                                       Best trial: 2. Best value: 0.522989:  25%|██▌       | 10/40 [32:15<1:19:19, 158.65s/it]Best trial: 2. Best value: 0.522989:  25%|██▌       | 10/40 [32:15<1:19:19, 158.65s/it]Best trial: 2. Best value: 0.522989:  28%|██▊       | 11/40 [32:15<1:17:44, 160.86s/it]                                                                                       Best trial: 2. Best value: 0.522989:  28%|██▊       | 11/40 [34:41<1:17:44, 160.86s/it]Best trial: 2. Best value: 0.522989:  28%|██▊       | 11/40 [34:41<1:17:44, 160.86s/it]Best trial: 2. Best value: 0.522989:  30%|███       | 12/40 [34:41<1:12:56, 156.29s/it]                                                                                       Best trial: 2. Best value: 0.522989:  30%|███       | 12/40 [37:14<1:12:56, 156.29s/it]Best trial: 2. Best value: 0.522989:  30%|███       | 12/40 [37:14<1:12:56, 156.29s/it]Best trial: 2. Best value: 0.522989:  32%|███▎      | 13/40 [37:14<1:09:48, 155.13s/it]                                                                                       Best trial: 2. Best value: 0.522989:  32%|███▎      | 13/40 [42:07<1:09:48, 155.13s/it]Best trial: 2. Best value: 0.522989:  32%|███▎      | 13/40 [42:07<1:09:48, 155.13s/it]Best trial: 2. Best value: 0.522989:  35%|███▌      | 14/40 [42:07<1:25:18, 196.85s/it]                                                                                       Best trial: 2. Best value: 0.522989:  35%|███▌      | 14/40 [45:10<1:25:18, 196.85s/it]Best trial: 2. Best value: 0.522989:  35%|███▌      | 14/40 [45:10<1:25:18, 196.85s/it]Best trial: 2. Best value: 0.522989:  38%|███▊      | 15/40 [45:10<1:20:20, 192.83s/it]                                                                                       Best trial: 2. Best value: 0.522989:  38%|███▊      | 15/40 [47:10<1:20:20, 192.83s/it]Best trial: 2. Best value: 0.522989:  38%|███▊      | 15/40 [47:10<1:20:20, 192.83s/it]Best trial: 2. Best value: 0.522989:  40%|████      | 16/40 [47:10<1:08:20, 170.87s/it]                                                                                       Best trial: 2. Best value: 0.522989:  40%|████      | 16/40 [50:00<1:08:20, 170.87s/it]Best trial: 2. Best value: 0.522989:  40%|████      | 16/40 [50:00<1:08:20, 170.87s/it]Best trial: 2. Best value: 0.522989:  42%|████▎     | 17/40 [50:00<1:05:21, 170.50s/it]                                                                                       Best trial: 2. Best value: 0.522989:  42%|████▎     | 17/40 [51:59<1:05:21, 170.50s/it]Best trial: 2. Best value: 0.522989:  42%|████▎     | 17/40 [51:59<1:05:21, 170.50s/it]Best trial: 2. Best value: 0.522989:  45%|████▌     | 18/40 [51:59<56:49, 154.97s/it]                                                                                       Best trial: 2. Best value: 0.522989:  45%|████▌     | 18/40 [53:47<56:49, 154.97s/it]Best trial: 2. Best value: 0.522989:  45%|████▌     | 18/40 [53:47<56:49, 154.97s/it]Best trial: 2. Best value: 0.522989:  48%|████▊     | 19/40 [53:47<49:17, 140.85s/it]                                                                                     Best trial: 2. Best value: 0.522989:  48%|████▊     | 19/40 [57:26<49:17, 140.85s/it]Best trial: 2. Best value: 0.522989:  48%|████▊     | 19/40 [57:26<49:17, 140.85s/it]Best trial: 2. Best value: 0.522989:  50%|█████     | 20/40 [57:26<54:45, 164.28s/it]                                                                                     Best trial: 2. Best value: 0.522989:  50%|█████     | 20/40 [1:00:42<54:45, 164.28s/it]Best trial: 2. Best value: 0.522989:  50%|█████     | 20/40 [1:00:42<54:45, 164.28s/it]Best trial: 2. Best value: 0.522989:  52%|█████▎    | 21/40 [1:00:42<55:02, 173.83s/it]                                                                                       Best trial: 2. Best value: 0.522989:  52%|█████▎    | 21/40 [1:03:51<55:02, 173.83s/it]Best trial: 2. Best value: 0.522989:  52%|█████▎    | 21/40 [1:03:51<55:02, 173.83s/it]Best trial: 2. Best value: 0.522989:  55%|█████▌    | 22/40 [1:03:51<53:30, 178.38s/it]                                                                                       Best trial: 2. Best value: 0.522989:  55%|█████▌    | 22/40 [1:07:06<53:30, 178.38s/it]Best trial: 2. Best value: 0.522989:  55%|█████▌    | 22/40 [1:07:06<53:30, 178.38s/it]Best trial: 2. Best value: 0.522989:  57%|█████▊    | 23/40 [1:07:06<51:57, 183.38s/it]                                                                                       Best trial: 2. Best value: 0.522989:  57%|█████▊    | 23/40 [1:09:24<51:57, 183.38s/it]Best trial: 2. Best value: 0.522989:  57%|█████▊    | 23/40 [1:09:24<51:57, 183.38s/it]Best trial: 2. Best value: 0.522989:  60%|██████    | 24/40 [1:09:24<45:17, 169.82s/it]                                                                                       [I 2024-12-28 20:17:17,503] Trial 0 finished with value: 0.4651569752161932 and parameters: {'lr': 0.0007648138290446186, 'decay': 1.636772807586307e-05, 'batch_size': 128, 'nheads': 1, 'project_to': 32, 'hidden_size': 128, 'num_layers': 1, 'dropout': 0.31358953799574907, 'aug_choice': 3}. Best is trial 0 with value: 0.4651569752161932.
