[I 2024-12-26 01:23:22,702] Trial 21 finished with value: 0.43579491140163457 and parameters: {'lr': 7.41796868908851e-05, 'decay': 4.8189267604777356e-05, 'batch_size': 64, 'nheads': 1, 'project_to': 64, 'hidden_size': 128, 'num_layers': 3, 'dropout': 0.620061703762012, 'class_weights': True, 'aug_choice': 2}. Best is trial 2 with value: 0.49396530838161956.
Best trial: 2. Best value: 0.493965:  55%|█████▌    | 22/40 [1:13:52<46:44, 155.79s/it]Best trial: 2. Best value: 0.493965:  55%|█████▌    | 22/40 [1:13:52<46:44, 155.79s/it]Best trial: 2. Best value: 0.493965:  57%|█████▊    | 23/40 [1:13:52<45:58, 162.26s/it]                                                                                       Best trial: 2. Best value: 0.493965:  57%|█████▊    | 23/40 [1:19:08<45:58, 162.26s/it]Best trial: 23. Best value: 0.52838:  57%|█████▊    | 23/40 [1:19:08<45:58, 162.26s/it]Best trial: 23. Best value: 0.52838:  60%|██████    | 24/40 [1:19:08<55:32, 208.29s/it]                                                                                       Best trial: 23. Best value: 0.52838:  60%|██████    | 24/40 [1:23:41<55:32, 208.29s/it]Best trial: 24. Best value: 0.531472:  60%|██████    | 24/40 [1:23:41<55:32, 208.29s/it]Best trial: 24. Best value: 0.531472:  62%|██████▎   | 25/40 [1:23:41<56:55, 227.71s/it]                                                                                        Best trial: 24. Best value: 0.531472:  62%|██████▎   | 25/40 [1:28:16<56:55, 227.71s/it]Best trial: 24. Best value: 0.531472:  62%|██████▎   | 25/40 [1:28:16<56:55, 227.71s/it]Best trial: 24. Best value: 0.531472:  65%|██████▌   | 26/40 [1:28:16<56:26, 241.89s/it]                                                                                        Best trial: 24. Best value: 0.531472:  65%|██████▌   | 26/40 [1:32:38<56:26, 241.89s/it]Best trial: 24. Best value: 0.531472:  65%|██████▌   | 26/40 [1:32:38<56:26, 241.89s/it]Best trial: 24. Best value: 0.531472:  68%|██████▊   | 27/40 [1:32:38<53:45, 248.15s/it]                                                                                        Best trial: 24. Best value: 0.531472:  68%|██████▊   | 27/40 [1:37:29<53:45, 248.15s/it]Best trial: 24. Best value: 0.531472:  68%|██████▊   | 27/40 [1:37:29<53:45, 248.15s/it]Best trial: 24. Best value: 0.531472:  70%|███████   | 28/40 [1:37:29<52:10, 260.84s/it]                                                                                        Best trial: 24. Best value: 0.531472:  70%|███████   | 28/40 [1:41:45<52:10, 260.84s/it]Best trial: 24. Best value: 0.531472:  70%|███████   | 28/40 [1:41:45<52:10, 260.84s/it]Best trial: 24. Best value: 0.531472:  72%|███████▎  | 29/40 [1:41:45<47:33, 259.41s/it]                                                                                        Best trial: 24. Best value: 0.531472:  72%|███████▎  | 29/40 [1:46:12<47:33, 259.41s/it]Best trial: 24. Best value: 0.531472:  72%|███████▎  | 29/40 [1:46:12<47:33, 259.41s/it]Best trial: 24. Best value: 0.531472:  75%|███████▌  | 30/40 [1:46:12<43:36, 261.65s/it]                                                                                        Best trial: 24. Best value: 0.531472:  75%|███████▌  | 30/40 [1:50:04<43:36, 261.65s/it]Best trial: 24. Best value: 0.531472:  75%|███████▌  | 30/40 [1:50:04<43:36, 261.65s/it]Best trial: 24. Best value: 0.531472:  78%|███████▊  | 31/40 [1:50:04<37:54, 252.69s/it]                                                                                        Best trial: 24. Best value: 0.531472:  78%|███████▊  | 31/40 [1:54:14<37:54, 252.69s/it]Best trial: 24. Best value: 0.531472:  78%|███████▊  | 31/40 [1:54:14<37:54, 252.69s/it]Best trial: 24. Best value: 0.531472:  80%|████████  | 32/40 [1:54:14<33:35, 251.93s/it]                                                                                        Best trial: 24. Best value: 0.531472:  80%|████████  | 32/40 [1:58:28<33:35, 251.93s/it]Best trial: 24. Best value: 0.531472:  80%|████████  | 32/40 [1:58:28<33:35, 251.93s/it]Best trial: 24. Best value: 0.531472:  82%|████████▎ | 33/40 [1:58:28<29:29, 252.76s/it]                                                                                        Best trial: 24. Best value: 0.531472:  82%|████████▎ | 33/40 [2:02:45<29:29, 252.76s/it]Best trial: 24. Best value: 0.531472:  82%|████████▎ | 33/40 [2:02:45<29:29, 252.76s/it]Best trial: 24. Best value: 0.531472:  85%|████████▌ | 34/40 [2:02:45<25:22, 253.78s/it]                                                                                        Best trial: 24. Best value: 0.531472:  85%|████████▌ | 34/40 [2:08:04<25:22, 253.78s/it]Best trial: 24. Best value: 0.531472:  85%|████████▌ | 34/40 [2:08:04<25:22, 253.78s/it]Best trial: 24. Best value: 0.531472:  88%|████████▊ | 35/40 [2:08:04<22:47, 273.57s/it]                                                                                        Best trial: 24. Best value: 0.531472:  88%|████████▊ | 35/40 [2:10:26<22:47, 273.57s/it]Best trial: 35. Best value: 0.538583:  88%|████████▊ | 35/40 [2:10:26<22:47, 273.57s/it]Best trial: 35. Best value: 0.538583:  90%|█████████ | 36/40 [2:10:26<15:36, 234.10s/it]                                                                                        Best trial: 35. Best value: 0.538583:  90%|█████████ | 36/40 [2:12:54<15:36, 234.10s/it]Best trial: 35. Best value: 0.538583:  90%|█████████ | 36/40 [2:12:54<15:36, 234.10s/it]Best trial: 35. Best value: 0.538583:  92%|█████████▎| 37/40 [2:12:54<10:24, 208.22s/it]                                                                                        Best trial: 35. Best value: 0.538583:  92%|█████████▎| 37/40 [2:15:06<10:24, 208.22s/it]Best trial: 35. Best value: 0.538583:  92%|█████████▎| 37/40 [2:15:06<10:24, 208.22s/it]Best trial: 35. Best value: 0.538583:  95%|█████████▌| 38/40 [2:15:06<06:10, 185.22s/it]                                                                                        Best trial: 35. Best value: 0.538583:  95%|█████████▌| 38/40 [2:17:51<06:10, 185.22s/it]Best trial: 35. Best value: 0.538583:  95%|█████████▌| 38/40 [2:17:51<06:10, 185.22s/it]Best trial: 35. Best value: 0.538583:  98%|█████████▊| 39/40 [2:17:51<02:59, 179.24s/it]                                                                                        Best trial: 35. Best value: 0.538583:  98%|█████████▊| 39/40 [2:20:47<02:59, 179.24s/it]Best trial: 35. Best value: 0.538583:  98%|█████████▊| 39/40 [2:20:47<02:59, 179.24s/it]Best trial: 35. Best value: 0.538583: 100%|██████████| 40/40 [2:20:47<00:00, 178.27s/it]Best trial: 35. Best value: 0.538583: 100%|██████████| 40/40 [2:20:47<00:00, 211.19s/it]
[I 2024-12-26 01:26:20,026] Trial 22 finished with value: 0.4633781372627739 and parameters: {'lr': 3.532362414685997e-05, 'decay': 2.3753723586995312e-05, 'batch_size': 64, 'nheads': 1, 'project_to': 64, 'hidden_size': 128, 'num_layers': 3, 'dropout': 0.543563136570895, 'class_weights': True, 'aug_choice': 2}. Best is trial 2 with value: 0.49396530838161956.
[I 2024-12-26 01:31:35,695] Trial 23 finished with value: 0.5283804600634604 and parameters: {'lr': 0.0001161899695970761, 'decay': 7.665244512735433e-05, 'batch_size': 64, 'nheads': 1, 'project_to': 64, 'hidden_size': 128, 'num_layers': 3, 'dropout': 0.42441589191109835, 'class_weights': True, 'aug_choice': 3}. Best is trial 23 with value: 0.5283804600634604.
[I 2024-12-26 01:36:08,731] Trial 24 finished with value: 0.5314719896452683 and parameters: {'lr': 0.00020875307795275276, 'decay': 0.00021807991235497896, 'batch_size': 64, 'nheads': 1, 'project_to': 64, 'hidden_size': 128, 'num_layers': 2, 'dropout': 0.43104974227955933, 'class_weights': True, 'aug_choice': 3}. Best is trial 24 with value: 0.5314719896452683.
[I 2024-12-26 01:40:43,696] Trial 25 finished with value: 0.5237523436173611 and parameters: {'lr': 0.00019808997942051792, 'decay': 0.00022636468414145738, 'batch_size': 64, 'nheads': 1, 'project_to': 64, 'hidden_size': 128, 'num_layers': 2, 'dropout': 0.40551570593001895, 'class_weights': True, 'aug_choice': 3}. Best is trial 24 with value: 0.5314719896452683.
[I 2024-12-26 01:45:06,440] Trial 26 finished with value: 0.520938226102187 and parameters: {'lr': 0.0005212906029534196, 'decay': 0.00020007656670365548, 'batch_size': 64, 'nheads': 1, 'project_to': 64, 'hidden_size': 128, 'num_layers': 2, 'dropout': 0.4113663975586337, 'class_weights': False, 'aug_choice': 3}. Best is trial 24 with value: 0.5314719896452683.
[I 2024-12-26 01:49:56,879] Trial 27 finished with value: 0.4851148713068154 and parameters: {'lr': 0.00025716923007899147, 'decay': 7.35584122861292e-05, 'batch_size': 64, 'nheads': 1, 'project_to': 64, 'hidden_size': 128, 'num_layers': 2, 'dropout': 0.32779472395423154, 'class_weights': True, 'aug_choice': 3}. Best is trial 24 with value: 0.5314719896452683.
[I 2024-12-26 01:54:12,952] Trial 28 finished with value: 0.49546525081789855 and parameters: {'lr': 0.0002054951296251087, 'decay': 0.0004280822165691693, 'batch_size': 64, 'nheads': 1, 'project_to': 64, 'hidden_size': 128, 'num_layers': 1, 'dropout': 0.44419289151072616, 'class_weights': True, 'aug_choice': 3}. Best is trial 24 with value: 0.5314719896452683.
[I 2024-12-26 01:58:39,841] Trial 29 finished with value: 0.4605691103354115 and parameters: {'lr': 0.0007810534292435267, 'decay': 0.0002189712119060265, 'batch_size': 64, 'nheads': 1, 'project_to': 64, 'hidden_size': 128, 'num_layers': 2, 'dropout': 0.3250668819802747, 'class_weights': True, 'aug_choice': 3}. Best is trial 24 with value: 0.5314719896452683.
[I 2024-12-26 02:02:31,618] Trial 30 finished with value: 0.41525283142178165 and parameters: {'lr': 0.007382423153938933, 'decay': 0.00018728226063100025, 'batch_size': 64, 'nheads': 1, 'project_to': 64, 'hidden_size': 128, 'num_layers': 1, 'dropout': 0.36258897809873647, 'class_weights': True, 'aug_choice': 3}. Best is trial 24 with value: 0.5314719896452683.
[I 2024-12-26 02:06:41,772] Trial 31 finished with value: 0.4865047364709348 and parameters: {'lr': 0.0003847193518326819, 'decay': 7.419681128522787e-05, 'batch_size': 64, 'nheads': 1, 'project_to': 64, 'hidden_size': 128, 'num_layers': 2, 'dropout': 0.4284921368171588, 'class_weights': False, 'aug_choice': 3}. Best is trial 24 with value: 0.5314719896452683.
[I 2024-12-26 02:10:56,481] Trial 32 finished with value: 0.5099695526042483 and parameters: {'lr': 0.0005171178439317613, 'decay': 0.00020468315695096025, 'batch_size': 64, 'nheads': 1, 'project_to': 64, 'hidden_size': 128, 'num_layers': 2, 'dropout': 0.5009202374585421, 'class_weights': False, 'aug_choice': 3}. Best is trial 24 with value: 0.5314719896452683.
[I 2024-12-26 02:15:12,633] Trial 33 finished with value: 0.5196116278133667 and parameters: {'lr': 0.0014119202062012708, 'decay': 0.00046516949512292137, 'batch_size': 64, 'nheads': 1, 'project_to': 64, 'hidden_size': 128, 'num_layers': 2, 'dropout': 0.41109222067958895, 'class_weights': False, 'aug_choice': 3}. Best is trial 24 with value: 0.5314719896452683.
[I 2024-12-26 02:20:32,393] Trial 34 finished with value: 0.5176692479378687 and parameters: {'lr': 0.00011337966488301625, 'decay': 0.00014615658872483572, 'batch_size': 64, 'nheads': 1, 'project_to': 64, 'hidden_size': 128, 'num_layers': 2, 'dropout': 0.5439612681879398, 'class_weights': False, 'aug_choice': 3}. Best is trial 24 with value: 0.5314719896452683.
[I 2024-12-26 02:22:54,379] Trial 35 finished with value: 0.5385832553700405 and parameters: {'lr': 0.0004351336790398538, 'decay': 0.00025784827594637174, 'batch_size': 64, 'nheads': 1, 'project_to': 64, 'hidden_size': 128, 'num_layers': 2, 'dropout': 0.2828106005836888, 'class_weights': False, 'aug_choice': 8}. Best is trial 35 with value: 0.5385832553700405.
[I 2024-12-26 02:25:22,211] Trial 36 finished with value: 0.5159399859959591 and parameters: {'lr': 0.00021652157497523933, 'decay': 0.00029802357653285446, 'batch_size': 64, 'nheads': 1, 'project_to': 64, 'hidden_size': 128, 'num_layers': 2, 'dropout': 0.17068091018933013, 'class_weights': False, 'aug_choice': 8}. Best is trial 35 with value: 0.5385832553700405.
[I 2024-12-26 02:27:33,754] Trial 37 finished with value: 0.5045011681216456 and parameters: {'lr': 0.0004229997185779085, 'decay': 9.026269708941176e-05, 'batch_size': 64, 'nheads': 1, 'project_to': 64, 'hidden_size': 128, 'num_layers': 2, 'dropout': 0.27782587109877965, 'class_weights': True, 'aug_choice': 8}. Best is trial 35 with value: 0.5385832553700405.
[I 2024-12-26 02:30:19,066] Trial 38 finished with value: 0.5317519892232339 and parameters: {'lr': 0.00010186415358346809, 'decay': 0.0006650498513065837, 'batch_size': 64, 'nheads': 1, 'project_to': 128, 'hidden_size': 128, 'num_layers': 2, 'dropout': 0.1733405578247681, 'class_weights': False, 'aug_choice': 8}. Best is trial 35 with value: 0.5385832553700405.
[I 2024-12-26 02:33:15,058] Trial 39 finished with value: 0.5117128229392195 and parameters: {'lr': 0.0001300697796224591, 'decay': 0.0007064434583592604, 'batch_size': 64, 'nheads': 1, 'project_to': 128, 'hidden_size': 32, 'num_layers': 2, 'dropout': 0.17620569981032855, 'class_weights': False, 'aug_choice': 8}. Best is trial 35 with value: 0.5385832553700405.

Optimization finished!
Best macro F1: 0.5386
Best hyperparameters:
    lr: 0.0004351336790398538
    decay: 0.00025784827594637174
    batch_size: 64
    nheads: 1
    project_to: 64
    hidden_size: 128
    num_layers: 2
    dropout: 0.2828106005836888
    class_weights: False
    aug_choice: 8
Fold 3: 0 trials completed, running 40 more trials...
[I 2024-12-26 02:33:15,782] A new study created in RDB with name: webcam_engagement_classifier
  0%|          | 0/40 [00:00<?, ?it/s]                                        0%|          | 0/40 [04:54<?, ?it/s]Best trial: 0. Best value: 0.538866:   0%|          | 0/40 [04:54<?, ?it/s]Best trial: 0. Best value: 0.538866:   2%|▎         | 1/40 [04:54<3:11:31, 294.65s/it]                                                                                      Best trial: 0. Best value: 0.538866:   2%|▎         | 1/40 [06:12<3:11:31, 294.65s/it]Best trial: 1. Best value: 0.561245:   2%|▎         | 1/40 [06:12<3:11:31, 294.65s/it]Best trial: 1. Best value: 0.561245:   5%|▌         | 2/40 [06:12<1:45:44, 166.95s/it]                                                                                      Best trial: 1. Best value: 0.561245:   5%|▌         | 2/40 [08:06<1:45:44, 166.95s/it]Best trial: 1. Best value: 0.561245:   5%|▌         | 2/40 [08:06<1:45:44, 166.95s/it]Best trial: 1. Best value: 0.561245:   8%|▊         | 3/40 [08:06<1:28:12, 143.04s/it]                                                                                      Best trial: 1. Best value: 0.561245:   8%|▊         | 3/40 [10:15<1:28:12, 143.04s/it]Best trial: 1. Best value: 0.561245:   8%|▊         | 3/40 [10:15<1:28:12, 143.04s/it]Best trial: 1. Best value: 0.561245:  10%|█         | 4/40 [10:15<1:22:21, 137.26s/it]                                                                                      Best trial: 1. Best value: 0.561245:  10%|█         | 4/40 [13:48<1:22:21, 137.26s/it]Best trial: 1. Best value: 0.561245:  10%|█         | 4/40 [13:48<1:22:21, 137.26s/it]Best trial: 1. Best value: 0.561245:  12%|█▎        | 5/40 [13:48<1:36:05, 164.72s/it]                                                                                      Best trial: 1. Best value: 0.561245:  12%|█▎        | 5/40 [16:05<1:36:05, 164.72s/it]Best trial: 1. Best value: 0.561245:  12%|█▎        | 5/40 [16:05<1:36:05, 164.72s/it]Best trial: 1. Best value: 0.561245:  15%|█▌        | 6/40 [16:05<1:27:57, 155.23s/it]                                                                                      Best trial: 1. Best value: 0.561245:  15%|█▌        | 6/40 [26:53<1:27:57, 155.23s/it]Best trial: 1. Best value: 0.561245:  15%|█▌        | 6/40 [26:53<1:27:57, 155.23s/it]Best trial: 1. Best value: 0.561245:  18%|█▊        | 7/40 [26:53<2:54:02, 316.44s/it]                                                                                      Best trial: 1. Best value: 0.561245:  18%|█▊        | 7/40 [29:46<2:54:02, 316.44s/it]Best trial: 1. Best value: 0.561245:  18%|█▊        | 7/40 [29:46<2:54:02, 316.44s/it]Best trial: 1. Best value: 0.561245:  20%|██        | 8/40 [29:46<2:24:23, 270.73s/it]                                                                                      Best trial: 1. Best value: 0.561245:  20%|██        | 8/40 [32:16<2:24:23, 270.73s/it]Best trial: 1. Best value: 0.561245:  20%|██        | 8/40 [32:16<2:24:23, 270.73s/it]Best trial: 1. Best value: 0.561245:  22%|██▎       | 9/40 [32:16<2:00:18, 232.86s/it]                                                                                      Best trial: 1. Best value: 0.561245:  22%|██▎       | 9/40 [33:39<2:00:18, 232.86s/it]Best trial: 1. Best value: 0.561245:  22%|██▎       | 9/40 [33:39<2:00:18, 232.86s/it]Best trial: 1. Best value: 0.561245:  25%|██▌       | 10/40 [33:39<1:33:18, 186.61s/it]                                                                                       Best trial: 1. Best value: 0.561245:  25%|██▌       | 10/40 [35:08<1:33:18, 186.61s/it]Best trial: 1. Best value: 0.561245:  25%|██▌       | 10/40 [35:08<1:33:18, 186.61s/it]Best trial: 1. Best value: 0.561245:  28%|██▊       | 11/40 [35:08<1:15:51, 156.95s/it]                                                                                       Best trial: 1. Best value: 0.561245:  28%|██▊       | 11/40 [36:53<1:15:51, 156.95s/it]Best trial: 11. Best value: 0.576162:  28%|██▊       | 11/40 [36:53<1:15:51, 156.95s/it]Best trial: 11. Best value: 0.576162:  30%|███       | 12/40 [36:53<1:05:45, 140.92s/it]                                                                                        Best trial: 11. Best value: 0.576162:  30%|███       | 12/40 [38:28<1:05:45, 140.92s/it]Best trial: 11. Best value: 0.576162:  30%|███       | 12/40 [38:28<1:05:45, 140.92s/it]Best trial: 11. Best value: 0.576162:  32%|███▎      | 13/40 [38:28<57:14, 127.22s/it]                                                                                        Best trial: 11. Best value: 0.576162:  32%|███▎      | 13/40 [39:49<57:14, 127.22s/it]Best trial: 11. Best value: 0.576162:  32%|███▎      | 13/40 [39:49<57:14, 127.22s/it]Best trial: 11. Best value: 0.576162:  35%|███▌      | 14/40 [39:49<49:02, 113.19s/it]                                                                                      Best trial: 11. Best value: 0.576162:  35%|███▌      | 14/40 [43:47<49:02, 113.19s/it]Best trial: 11. Best value: 0.576162:  35%|███▌      | 14/40 [43:47<49:02, 113.19s/it]Best trial: 11. Best value: 0.576162:  38%|███▊      | 15/40 [43:47<1:02:50, 150.81s/it]                                                                                        Best trial: 11. Best value: 0.576162:  38%|███▊      | 15/40 [46:17<1:02:50, 150.81s/it]Best trial: 11. Best value: 0.576162:  38%|███▊      | 15/40 [46:17<1:02:50, 150.81s/it]Best trial: 11. Best value: 0.576162:  40%|████      | 16/40 [46:17<1:00:15, 150.63s/it]                                                                                        Best trial: 11. Best value: 0.576162:  40%|████      | 16/40 [48:54<1:00:15, 150.63s/it]Best trial: 11. Best value: 0.576162:  40%|████      | 16/40 [48:54<1:00:15, 150.63s/it]Best trial: 11. Best value: 0.576162:  42%|████▎     | 17/40 [48:54<58:28, 152.53s/it]                                                                                        Best trial: 11. Best value: 0.576162:  42%|████▎     | 17/40 [50:49<58:28, 152.53s/it]Best trial: 11. Best value: 0.576162:  42%|████▎     | 17/40 [50:49<58:28, 152.53s/it]Best trial: 11. Best value: 0.576162:  45%|████▌     | 18/40 [50:49<51:44, 141.13s/it]                                                                                      Best trial: 11. Best value: 0.576162:  45%|████▌     | 18/40 [53:05<51:44, 141.13s/it]Best trial: 11. Best value: 0.576162:  45%|████▌     | 18/40 [53:05<51:44, 141.13s/it]Best trial: 11. Best value: 0.576162:  48%|████▊     | 19/40 [53:05<48:49, 139.51s/it]                                                                                      Best trial: 11. Best value: 0.576162:  48%|████▊     | 19/40 [54:55<48:49, 139.51s/it]Best trial: 11. Best value: 0.576162:  48%|████▊     | 19/40 [54:55<48:49, 139.51s/it]Best trial: 11. Best value: 0.576162:  50%|█████     | 20/40 [54:55<43:38, 130.91s/it]                                                                                      Best trial: 11. Best value: 0.576162:  50%|█████     | 20/40 [57:24<43:38, 130.91s/it]Best trial: 11. Best value: 0.576162:  50%|█████     | 20/40 [57:24<43:38, 130.91s/it]Best trial: 11. Best value: 0.576162:  52%|█████▎    | 21/40 [57:24<43:07, 136.19s/it]                                                                                      Best trial: 11. Best value: 0.576162:  52%|█████▎    | 21/40 [59:57<43:07, 136.19s/it]Best trial: 11. Best value: 0.576162:  52%|█████▎    | 21/40 [59:57<43:07, 136.19s/it]Best trial: 11. Best value: 0.576162:  55%|█████▌    | 22/40 [59:57<42:22, 141.27s/it]                                                                                      [I 2024-12-26 02:38:10,430] Trial 0 finished with value: 0.5388658787800314 and parameters: {'lr': 4.508276628173431e-05, 'decay': 7.041483098719708e-05, 'batch_size': 64, 'nheads': 1, 'project_to': 32, 'hidden_size': 128, 'num_layers': 1, 'dropout': 0.2099507774899939, 'class_weights': False, 'aug_choice': 8}. Best is trial 0 with value: 0.5388658787800314.
