  0%|          | 0/40 [00:00<?, ?it/s]                                        0%|          | 0/40 [03:03<?, ?it/s]Best trial: 0. Best value: 0.423358:   0%|          | 0/40 [03:03<?, ?it/s]Best trial: 0. Best value: 0.423358:   2%|▎         | 1/40 [03:03<1:59:03, 183.17s/it]                                                                                      Best trial: 0. Best value: 0.423358:   2%|▎         | 1/40 [13:40<1:59:03, 183.17s/it]Best trial: 1. Best value: 0.585369:   2%|▎         | 1/40 [13:40<1:59:03, 183.17s/it]Best trial: 1. Best value: 0.585369:   5%|▌         | 2/40 [13:40<4:45:10, 450.28s/it]                                                                                      Best trial: 1. Best value: 0.585369:   5%|▌         | 2/40 [18:47<4:45:10, 450.28s/it]Best trial: 1. Best value: 0.585369:   5%|▌         | 2/40 [18:47<4:45:10, 450.28s/it]Best trial: 1. Best value: 0.585369:   8%|▊         | 3/40 [18:47<3:57:15, 384.75s/it]                                                                                      Best trial: 1. Best value: 0.585369:   8%|▊         | 3/40 [24:14<3:57:15, 384.75s/it]Best trial: 1. Best value: 0.585369:   8%|▊         | 3/40 [24:14<3:57:15, 384.75s/it]Best trial: 1. Best value: 0.585369:  10%|█         | 4/40 [24:14<3:37:17, 362.15s/it]                                                                                      Best trial: 1. Best value: 0.585369:  10%|█         | 4/40 [38:26<3:37:17, 362.15s/it]Best trial: 1. Best value: 0.585369:  10%|█         | 4/40 [38:26<3:37:17, 362.15s/it]Best trial: 1. Best value: 0.585369:  12%|█▎        | 5/40 [38:26<5:14:21, 538.90s/it]                                                                                      Best trial: 1. Best value: 0.585369:  12%|█▎        | 5/40 [47:02<5:14:21, 538.90s/it]Best trial: 1. Best value: 0.585369:  12%|█▎        | 5/40 [47:02<5:14:21, 538.90s/it]Best trial: 1. Best value: 0.585369:  15%|█▌        | 6/40 [47:02<5:00:53, 530.98s/it]                                                                                      Best trial: 1. Best value: 0.585369:  15%|█▌        | 6/40 [58:06<5:00:53, 530.98s/it]Best trial: 1. Best value: 0.585369:  15%|█▌        | 6/40 [58:06<5:00:53, 530.98s/it]Best trial: 1. Best value: 0.585369:  18%|█▊        | 7/40 [58:06<5:15:54, 574.39s/it]                                                                                      Best trial: 1. Best value: 0.585369:  18%|█▊        | 7/40 [1:02:31<5:15:54, 574.39s/it]Best trial: 1. Best value: 0.585369:  18%|█▊        | 7/40 [1:02:32<5:15:54, 574.39s/it]Best trial: 1. Best value: 0.585369:  20%|██        | 8/40 [1:02:32<4:13:55, 476.10s/it]                                                                                        Best trial: 1. Best value: 0.585369:  20%|██        | 8/40 [1:05:28<4:13:55, 476.10s/it]Best trial: 1. Best value: 0.585369:  20%|██        | 8/40 [1:05:28<4:13:55, 476.10s/it]Best trial: 1. Best value: 0.585369:  22%|██▎       | 9/40 [1:05:28<3:17:34, 382.40s/it]                                                                                        Best trial: 1. Best value: 0.585369:  22%|██▎       | 9/40 [1:09:10<3:17:34, 382.40s/it]Best trial: 1. Best value: 0.585369:  22%|██▎       | 9/40 [1:09:10<3:17:34, 382.40s/it]Best trial: 1. Best value: 0.585369:  25%|██▌       | 10/40 [1:09:10<2:46:27, 332.90s/it]                                                                                         Best trial: 1. Best value: 0.585369:  25%|██▌       | 10/40 [1:19:10<2:46:27, 332.90s/it]Best trial: 1. Best value: 0.585369:  25%|██▌       | 10/40 [1:19:10<2:46:27, 332.90s/it]Best trial: 1. Best value: 0.585369:  28%|██▊       | 11/40 [1:19:10<3:20:28, 414.79s/it]                                                                                         Best trial: 1. Best value: 0.585369:  28%|██▊       | 11/40 [1:29:18<3:20:28, 414.79s/it]Best trial: 1. Best value: 0.585369:  28%|██▊       | 11/40 [1:29:18<3:20:28, 414.79s/it]Best trial: 1. Best value: 0.585369:  30%|███       | 12/40 [1:29:18<3:40:52, 473.31s/it]                                                                                         Best trial: 1. Best value: 0.585369:  30%|███       | 12/40 [1:39:18<3:40:52, 473.31s/it]Best trial: 1. Best value: 0.585369:  30%|███       | 12/40 [1:39:18<3:40:52, 473.31s/it]Best trial: 1. Best value: 0.585369:  32%|███▎      | 13/40 [1:39:18<3:50:15, 511.67s/it]                                                                                         Best trial: 1. Best value: 0.585369:  32%|███▎      | 13/40 [1:47:30<3:50:15, 511.67s/it]Best trial: 1. Best value: 0.585369:  32%|███▎      | 13/40 [1:47:30<3:50:15, 511.67s/it]Best trial: 1. Best value: 0.585369:  35%|███▌      | 14/40 [1:47:30<3:39:15, 505.96s/it]                                                                                         Best trial: 1. Best value: 0.585369:  35%|███▌      | 14/40 [1:52:03<3:39:15, 505.96s/it]Best trial: 1. Best value: 0.585369:  35%|███▌      | 14/40 [1:52:03<3:39:15, 505.96s/it]Best trial: 1. Best value: 0.585369:  38%|███▊      | 15/40 [1:52:03<3:01:33, 435.75s/it]                                                                                         Best trial: 1. Best value: 0.585369:  38%|███▊      | 15/40 [1:55:47<3:01:33, 435.75s/it]Best trial: 1. Best value: 0.585369:  38%|███▊      | 15/40 [1:55:47<3:01:33, 435.75s/it]Best trial: 1. Best value: 0.585369:  40%|████      | 16/40 [1:55:47<2:28:44, 371.86s/it]                                                                                         Best trial: 1. Best value: 0.585369:  40%|████      | 16/40 [1:58:22<2:28:44, 371.86s/it]Best trial: 1. Best value: 0.585369:  40%|████      | 16/40 [1:58:22<2:28:44, 371.86s/it]Best trial: 1. Best value: 0.585369:  42%|████▎     | 17/40 [1:58:22<1:57:36, 306.79s/it]                                                                                         Best trial: 1. Best value: 0.585369:  42%|████▎     | 17/40 [2:08:44<1:57:36, 306.79s/it]Best trial: 1. Best value: 0.585369:  42%|████▎     | 17/40 [2:08:44<1:57:36, 306.79s/it]Best trial: 1. Best value: 0.585369:  45%|████▌     | 18/40 [2:08:44<2:27:09, 401.34s/it]                                                                                         Best trial: 1. Best value: 0.585369:  45%|████▌     | 18/40 [2:20:34<2:27:09, 401.34s/it]Best trial: 1. Best value: 0.585369:  45%|████▌     | 18/40 [2:20:34<2:27:09, 401.34s/it]Best trial: 1. Best value: 0.585369:  48%|████▊     | 19/40 [2:20:34<2:52:53, 493.99s/it]                                                                                         Best trial: 1. Best value: 0.585369:  48%|████▊     | 19/40 [2:24:39<2:52:53, 493.99s/it]Best trial: 1. Best value: 0.585369:  48%|████▊     | 19/40 [2:24:39<2:52:53, 493.99s/it]Best trial: 1. Best value: 0.585369:  50%|█████     | 20/40 [2:24:39<2:19:45, 419.30s/it]                                                                                         Best trial: 1. Best value: 0.585369:  50%|█████     | 20/40 [2:28:48<2:19:45, 419.30s/it]Best trial: 1. Best value: 0.585369:  50%|█████     | 20/40 [2:28:48<2:19:45, 419.30s/it]Best trial: 1. Best value: 0.585369:  52%|█████▎    | 21/40 [2:28:48<1:56:34, 368.12s/it]                                                                                         Best trial: 1. Best value: 0.585369:  52%|█████▎    | 21/40 [2:38:29<1:56:34, 368.12s/it]Best trial: 1. Best value: 0.585369:  52%|█████▎    | 21/40 [2:38:29<1:56:34, 368.12s/it]Best trial: 1. Best value: 0.585369:  55%|█████▌    | 22/40 [2:38:29<2:09:38, 432.14s/it]                                                                                         [I 2024-12-25 17:24:14,691] Trial 0 finished with value: 0.42335797280983617 and parameters: {'lr': 0.00477855314420556, 'decay': 0.0004951390003763398, 'batch_size': 128, 'nheads': 2, 'project_to': 64, 'hidden_size': 128, 'num_layers': 2, 'dropout': 0.7140906392285186, 'class_weights': True, 'aug_choice': 0}. Best is trial 0 with value: 0.42335797280983617.
[I 2024-12-25 17:34:51,947] Trial 1 finished with value: 0.5853691867504787 and parameters: {'lr': 0.004649707001496228, 'decay': 0.008691047285569258, 'batch_size': 64, 'nheads': 4, 'project_to': 32, 'hidden_size': 128, 'num_layers': 3, 'dropout': 0.21619806069630254, 'class_weights': True, 'aug_choice': 3}. Best is trial 1 with value: 0.5853691867504787.
[I 2024-12-25 17:39:58,712] Trial 2 finished with value: 0.5143658470959465 and parameters: {'lr': 0.0007154247881258801, 'decay': 0.00015438286174213574, 'batch_size': 64, 'nheads': 2, 'project_to': 32, 'hidden_size': 128, 'num_layers': 2, 'dropout': 0.34138262440175593, 'class_weights': False, 'aug_choice': 1}. Best is trial 1 with value: 0.5853691867504787.
[I 2024-12-25 17:45:26,229] Trial 3 finished with value: 0.46939432325879454 and parameters: {'lr': 2.4394504063296403e-05, 'decay': 0.003836033231033558, 'batch_size': 64, 'nheads': 4, 'project_to': 64, 'hidden_size': 64, 'num_layers': 3, 'dropout': 0.16819673569146146, 'class_weights': True, 'aug_choice': 5}. Best is trial 1 with value: 0.5853691867504787.
[I 2024-12-25 17:59:38,513] Trial 4 finished with value: 0.5222977799941919 and parameters: {'lr': 1.3460958435044659e-05, 'decay': 0.007858297788070312, 'batch_size': 64, 'nheads': 2, 'project_to': 32, 'hidden_size': 32, 'num_layers': 1, 'dropout': 0.3249577796902976, 'class_weights': False, 'aug_choice': 1}. Best is trial 1 with value: 0.5853691867504787.
[I 2024-12-25 18:08:14,117] Trial 5 finished with value: 0.4202133457912481 and parameters: {'lr': 1.499223410349586e-05, 'decay': 0.005405530040154574, 'batch_size': 128, 'nheads': 4, 'project_to': 128, 'hidden_size': 64, 'num_layers': 1, 'dropout': 0.4800215541438191, 'class_weights': False, 'aug_choice': 5}. Best is trial 1 with value: 0.5853691867504787.
[I 2024-12-25 18:19:17,885] Trial 6 finished with value: 0.44387579787223713 and parameters: {'lr': 3.8635034005008084e-05, 'decay': 0.0007631880712578089, 'batch_size': 64, 'nheads': 4, 'project_to': 32, 'hidden_size': 64, 'num_layers': 2, 'dropout': 0.7183831547286209, 'class_weights': False, 'aug_choice': 7}. Best is trial 1 with value: 0.5853691867504787.
[I 2024-12-25 18:23:43,531] Trial 7 finished with value: 0.49943883746068424 and parameters: {'lr': 0.0008581954804334081, 'decay': 0.0004141431644403733, 'batch_size': 64, 'nheads': 2, 'project_to': 32, 'hidden_size': 128, 'num_layers': 2, 'dropout': 0.34125937174508697, 'class_weights': False, 'aug_choice': 7}. Best is trial 1 with value: 0.5853691867504787.
[I 2024-12-25 18:26:39,915] Trial 8 finished with value: 0.4780618678404956 and parameters: {'lr': 0.00810246591110061, 'decay': 0.0006602332907897404, 'batch_size': 64, 'nheads': 1, 'project_to': 128, 'hidden_size': 32, 'num_layers': 1, 'dropout': 0.5217142349850196, 'class_weights': True, 'aug_choice': 5}. Best is trial 1 with value: 0.5853691867504787.
[I 2024-12-25 18:30:21,973] Trial 9 finished with value: 0.46195304619502986 and parameters: {'lr': 0.00493272955980139, 'decay': 6.67832284837776e-05, 'batch_size': 64, 'nheads': 4, 'project_to': 32, 'hidden_size': 128, 'num_layers': 2, 'dropout': 0.6863201816468752, 'class_weights': False, 'aug_choice': 8}. Best is trial 1 with value: 0.5853691867504787.
[I 2024-12-25 18:40:22,426] Trial 10 finished with value: 0.5382538001713972 and parameters: {'lr': 0.0001586501305727408, 'decay': 1.3972801394319296e-05, 'batch_size': 128, 'nheads': 1, 'project_to': 64, 'hidden_size': 128, 'num_layers': 3, 'dropout': 0.13992216252848738, 'class_weights': True, 'aug_choice': 3}. Best is trial 1 with value: 0.5853691867504787.
[I 2024-12-25 18:50:29,602] Trial 11 finished with value: 0.497099473700231 and parameters: {'lr': 0.00015476293449765763, 'decay': 1.6850178730181865e-05, 'batch_size': 128, 'nheads': 1, 'project_to': 64, 'hidden_size': 128, 'num_layers': 3, 'dropout': 0.12537979528884122, 'class_weights': True, 'aug_choice': 3}. Best is trial 1 with value: 0.5853691867504787.
[I 2024-12-25 19:00:29,544] Trial 12 finished with value: 0.4985518849946345 and parameters: {'lr': 0.00013608031798001576, 'decay': 1.1138199637337134e-05, 'batch_size': 128, 'nheads': 1, 'project_to': 64, 'hidden_size': 128, 'num_layers': 3, 'dropout': 0.22277188180535923, 'class_weights': True, 'aug_choice': 3}. Best is trial 1 with value: 0.5853691867504787.
[I 2024-12-25 19:08:42,310] Trial 13 finished with value: 0.530508278818738 and parameters: {'lr': 0.001285595012103803, 'decay': 0.0017206886904799013, 'batch_size': 128, 'nheads': 1, 'project_to': 64, 'hidden_size': 128, 'num_layers': 3, 'dropout': 0.24567976324544044, 'class_weights': True, 'aug_choice': 3}. Best is trial 1 with value: 0.5853691867504787.
[I 2024-12-25 19:13:15,330] Trial 14 finished with value: 0.29982476316102835 and parameters: {'lr': 6.592887794617871e-05, 'decay': 5.08643112938553e-05, 'batch_size': 128, 'nheads': 4, 'project_to': 128, 'hidden_size': 128, 'num_layers': 3, 'dropout': 0.8841851799396552, 'class_weights': True, 'aug_choice': 6}. Best is trial 1 with value: 0.5853691867504787.
[I 2024-12-25 19:16:58,813] Trial 15 finished with value: 0.32735597705280195 and parameters: {'lr': 0.0003293983852501166, 'decay': 0.00015772779158620514, 'batch_size': 128, 'nheads': 1, 'project_to': 32, 'hidden_size': 32, 'num_layers': 3, 'dropout': 0.4671723578640744, 'class_weights': True, 'aug_choice': 2}. Best is trial 1 with value: 0.5853691867504787.
[I 2024-12-25 19:19:34,304] Trial 16 finished with value: 0.47935087623026673 and parameters: {'lr': 0.002079878071693278, 'decay': 2.9955611805338674e-05, 'batch_size': 64, 'nheads': 4, 'project_to': 64, 'hidden_size': 128, 'num_layers': 3, 'dropout': 0.1396806800756314, 'class_weights': True, 'aug_choice': 4}. Best is trial 1 with value: 0.5853691867504787.
[I 2024-12-25 19:29:55,731] Trial 17 finished with value: 0.5407873641478396 and parameters: {'lr': 0.0002867303749179281, 'decay': 0.0018843810704916827, 'batch_size': 128, 'nheads': 1, 'project_to': 32, 'hidden_size': 128, 'num_layers': 3, 'dropout': 0.2440281858955773, 'class_weights': True, 'aug_choice': 3}. Best is trial 1 with value: 0.5853691867504787.
[I 2024-12-25 19:41:45,540] Trial 18 finished with value: 0.49051946268439295 and parameters: {'lr': 0.00039793297909663486, 'decay': 0.0019639766089510984, 'batch_size': 128, 'nheads': 4, 'project_to': 32, 'hidden_size': 32, 'num_layers': 3, 'dropout': 0.4006933511246623, 'class_weights': True, 'aug_choice': 3}. Best is trial 1 with value: 0.5853691867504787.
[I 2024-12-25 19:45:50,772] Trial 19 finished with value: 0.46288374595808496 and parameters: {'lr': 0.0027740586954347864, 'decay': 0.002356842025033463, 'batch_size': 64, 'nheads': 1, 'project_to': 32, 'hidden_size': 64, 'num_layers': 2, 'dropout': 0.5851200230719302, 'class_weights': True, 'aug_choice': 2}. Best is trial 1 with value: 0.5853691867504787.
[I 2024-12-25 19:49:59,557] Trial 20 finished with value: 0.39810154583237606 and parameters: {'lr': 8.079482693898906e-05, 'decay': 0.009810120748476715, 'batch_size': 128, 'nheads': 4, 'project_to': 32, 'hidden_size': 128, 'num_layers': 2, 'dropout': 0.2510177699543411, 'class_weights': True, 'aug_choice': 8}. Best is trial 1 with value: 0.5853691867504787.
