                                                                                       Best trial: 3. Best value: 0.579562:  57%|█████▊    | 23/40 [1:17:54<52:03, 183.75s/it]Best trial: 3. Best value: 0.579562:  57%|█████▊    | 23/40 [1:17:54<52:03, 183.75s/it]Best trial: 3. Best value: 0.579562:  60%|██████    | 24/40 [1:17:54<50:21, 188.87s/it][I 2024-12-28 12:18:10,996] Trial 23 finished with value: 0.4661723818350324 and parameters: {'lr': 3.905512267814024e-05, 'decay': 5.0616141779756546e-05, 'batch_size': 128, 'nheads': 1, 'project_to': 64, 'hidden_size': 128, 'num_layers': 2, 'dropout': 0.6885065748798318, 'class_weights': False, 'aug_choice': 6}. Best is trial 3 with value: 0.5795620437956204.
/home/ammar/miniconda3/envs/torch/lib/python3.12/site-packages/torch/nn/modules/transformer.py:286: UserWarning: enable_nested_tensor is True, but self.use_nested_tensor is False because encoder_layer.self_attn.num_heads is odd
  warnings.warn(f"enable_nested_tensor is True, but self.use_nested_tensor is False because {why_not_sparsity_fast_path}")
/home/ammar/miniconda3/envs/torch/lib/python3.12/site-packages/torch/nn/modules/transformer.py:286: UserWarning: enable_nested_tensor is True, but self.use_nested_tensor is False because encoder_layer.self_attn.num_heads is odd
  warnings.warn(f"enable_nested_tensor is True, but self.use_nested_tensor is False because {why_not_sparsity_fast_path}")
/home/ammar/miniconda3/envs/torch/lib/python3.12/site-packages/torch/nn/modules/transformer.py:286: UserWarning: enable_nested_tensor is True, but self.use_nested_tensor is False because encoder_layer.self_attn.num_heads is odd
  warnings.warn(f"enable_nested_tensor is True, but self.use_nested_tensor is False because {why_not_sparsity_fast_path}")
/home/ammar/miniconda3/envs/torch/lib/python3.12/site-packages/torch/nn/modules/transformer.py:286: UserWarning: enable_nested_tensor is True, but self.use_nested_tensor is False because encoder_layer.self_attn.num_heads is odd
  warnings.warn(f"enable_nested_tensor is True, but self.use_nested_tensor is False because {why_not_sparsity_fast_path}")
/home/ammar/miniconda3/envs/torch/lib/python3.12/site-packages/torch/nn/modules/transformer.py:286: UserWarning: enable_nested_tensor is True, but self.use_nested_tensor is False because encoder_layer.self_attn.num_heads is odd
  warnings.warn(f"enable_nested_tensor is True, but self.use_nested_tensor is False because {why_not_sparsity_fast_path}")
/home/ammar/miniconda3/envs/torch/lib/python3.12/site-packages/torch/nn/modules/transformer.py:286: UserWarning: enable_nested_tensor is True, but self.use_nested_tensor is False because encoder_layer.self_attn.num_heads is odd
  warnings.warn(f"enable_nested_tensor is True, but self.use_nested_tensor is False because {why_not_sparsity_fast_path}")
                                                                                       Best trial: 3. Best value: 0.579562:  60%|██████    | 24/40 [1:23:25<50:21, 188.87s/it]Best trial: 3. Best value: 0.579562:  60%|██████    | 24/40 [1:23:25<50:21, 188.87s/it]Best trial: 3. Best value: 0.579562:  62%|██████▎   | 25/40 [1:23:25<57:52, 231.49s/it][I 2024-12-28 12:23:41,914] Trial 24 finished with value: 0.42857142857142855 and parameters: {'lr': 2.5664066882320906e-05, 'decay': 1.4626074509204393e-05, 'batch_size': 128, 'nheads': 1, 'project_to': 64, 'hidden_size': 128, 'num_layers': 2, 'dropout': 0.5983962676203569, 'class_weights': False, 'aug_choice': 5}. Best is trial 3 with value: 0.5795620437956204.
/home/ammar/miniconda3/envs/torch/lib/python3.12/site-packages/torch/nn/modules/transformer.py:286: UserWarning: enable_nested_tensor is True, but self.use_nested_tensor is False because encoder_layer.self_attn.num_heads is odd
  warnings.warn(f"enable_nested_tensor is True, but self.use_nested_tensor is False because {why_not_sparsity_fast_path}")
/home/ammar/miniconda3/envs/torch/lib/python3.12/site-packages/torch/nn/modules/transformer.py:286: UserWarning: enable_nested_tensor is True, but self.use_nested_tensor is False because encoder_layer.self_attn.num_heads is odd
  warnings.warn(f"enable_nested_tensor is True, but self.use_nested_tensor is False because {why_not_sparsity_fast_path}")
/home/ammar/miniconda3/envs/torch/lib/python3.12/site-packages/torch/nn/modules/transformer.py:286: UserWarning: enable_nested_tensor is True, but self.use_nested_tensor is False because encoder_layer.self_attn.num_heads is odd
  warnings.warn(f"enable_nested_tensor is True, but self.use_nested_tensor is False because {why_not_sparsity_fast_path}")
/home/ammar/miniconda3/envs/torch/lib/python3.12/site-packages/torch/nn/modules/transformer.py:286: UserWarning: enable_nested_tensor is True, but self.use_nested_tensor is False because encoder_layer.self_attn.num_heads is odd
  warnings.warn(f"enable_nested_tensor is True, but self.use_nested_tensor is False because {why_not_sparsity_fast_path}")
/home/ammar/miniconda3/envs/torch/lib/python3.12/site-packages/torch/nn/modules/transformer.py:286: UserWarning: enable_nested_tensor is True, but self.use_nested_tensor is False because encoder_layer.self_attn.num_heads is odd
  warnings.warn(f"enable_nested_tensor is True, but self.use_nested_tensor is False because {why_not_sparsity_fast_path}")
/home/ammar/miniconda3/envs/torch/lib/python3.12/site-packages/torch/nn/modules/transformer.py:286: UserWarning: enable_nested_tensor is True, but self.use_nested_tensor is False because encoder_layer.self_attn.num_heads is odd
  warnings.warn(f"enable_nested_tensor is True, but self.use_nested_tensor is False because {why_not_sparsity_fast_path}")
                                                                                       Best trial: 3. Best value: 0.579562:  62%|██████▎   | 25/40 [1:28:34<57:52, 231.49s/it]Best trial: 3. Best value: 0.579562:  62%|██████▎   | 25/40 [1:28:34<57:52, 231.49s/it]Best trial: 3. Best value: 0.579562:  65%|██████▌   | 26/40 [1:28:34<59:28, 254.89s/it]/home/ammar/miniconda3/envs/torch/lib/python3.12/site-packages/torch/nn/modules/transformer.py:286: UserWarning: enable_nested_tensor is True, but self.use_nested_tensor is False because encoder_layer.self_attn.num_heads is odd
  warnings.warn(f"enable_nested_tensor is True, but self.use_nested_tensor is False because {why_not_sparsity_fast_path}")
/home/ammar/miniconda3/envs/torch/lib/python3.12/site-packages/torch/nn/modules/transformer.py:286: UserWarning: enable_nested_tensor is True, but self.use_nested_tensor is False because encoder_layer.self_attn.num_heads is odd
  warnings.warn(f"enable_nested_tensor is True, but self.use_nested_tensor is False because {why_not_sparsity_fast_path}")
/home/ammar/miniconda3/envs/torch/lib/python3.12/site-packages/torch/nn/modules/transformer.py:286: UserWarning: enable_nested_tensor is True, but self.use_nested_tensor is False because encoder_layer.self_attn.num_heads is odd
  warnings.warn(f"enable_nested_tensor is True, but self.use_nested_tensor is False because {why_not_sparsity_fast_path}")
/home/ammar/miniconda3/envs/torch/lib/python3.12/site-packages/torch/nn/modules/transformer.py:286: UserWarning: enable_nested_tensor is True, but self.use_nested_tensor is False because encoder_layer.self_attn.num_heads is odd
  warnings.warn(f"enable_nested_tensor is True, but self.use_nested_tensor is False because {why_not_sparsity_fast_path}")
/home/ammar/miniconda3/envs/torch/lib/python3.12/site-packages/torch/nn/modules/transformer.py:286: UserWarning: enable_nested_tensor is True, but self.use_nested_tensor is False because encoder_layer.self_attn.num_heads is odd
  warnings.warn(f"enable_nested_tensor is True, but self.use_nested_tensor is False because {why_not_sparsity_fast_path}")
/home/ammar/miniconda3/envs/torch/lib/python3.12/site-packages/torch/nn/modules/transformer.py:286: UserWarning: enable_nested_tensor is True, but self.use_nested_tensor is False because encoder_layer.self_attn.num_heads is odd
  warnings.warn(f"enable_nested_tensor is True, but self.use_nested_tensor is False because {why_not_sparsity_fast_path}")
                                                                                       Best trial: 3. Best value: 0.579562:  65%|██████▌   | 26/40 [1:31:56<59:28, 254.89s/it]Best trial: 3. Best value: 0.579562:  65%|██████▌   | 26/40 [1:31:56<59:28, 254.89s/it]Best trial: 3. Best value: 0.579562:  68%|██████▊   | 27/40 [1:31:56<51:48, 239.09s/it]/home/ammar/miniconda3/envs/torch/lib/python3.12/site-packages/torch/nn/modules/transformer.py:286: UserWarning: enable_nested_tensor is True, but self.use_nested_tensor is False because encoder_layer.self_attn.num_heads is odd
  warnings.warn(f"enable_nested_tensor is True, but self.use_nested_tensor is False because {why_not_sparsity_fast_path}")
/home/ammar/miniconda3/envs/torch/lib/python3.12/site-packages/torch/nn/modules/transformer.py:286: UserWarning: enable_nested_tensor is True, but self.use_nested_tensor is False because encoder_layer.self_attn.num_heads is odd
  warnings.warn(f"enable_nested_tensor is True, but self.use_nested_tensor is False because {why_not_sparsity_fast_path}")
/home/ammar/miniconda3/envs/torch/lib/python3.12/site-packages/torch/nn/modules/transformer.py:286: UserWarning: enable_nested_tensor is True, but self.use_nested_tensor is False because encoder_layer.self_attn.num_heads is odd
  warnings.warn(f"enable_nested_tensor is True, but self.use_nested_tensor is False because {why_not_sparsity_fast_path}")
/home/ammar/miniconda3/envs/torch/lib/python3.12/site-packages/torch/nn/modules/transformer.py:286: UserWarning: enable_nested_tensor is True, but self.use_nested_tensor is False because encoder_layer.self_attn.num_heads is odd
  warnings.warn(f"enable_nested_tensor is True, but self.use_nested_tensor is False because {why_not_sparsity_fast_path}")
/home/ammar/miniconda3/envs/torch/lib/python3.12/site-packages/torch/nn/modules/transformer.py:286: UserWarning: enable_nested_tensor is True, but self.use_nested_tensor is False because encoder_layer.self_attn.num_heads is odd
  warnings.warn(f"enable_nested_tensor is True, but self.use_nested_tensor is False because {why_not_sparsity_fast_path}")
/home/ammar/miniconda3/envs/torch/lib/python3.12/site-packages/torch/nn/modules/transformer.py:286: UserWarning: enable_nested_tensor is True, but self.use_nested_tensor is False because encoder_layer.self_attn.num_heads is odd
  warnings.warn(f"enable_nested_tensor is True, but self.use_nested_tensor is False because {why_not_sparsity_fast_path}")
                                                                                       Best trial: 3. Best value: 0.579562:  68%|██████▊   | 27/40 [1:33:27<51:48, 239.09s/it]Best trial: 3. Best value: 0.579562:  68%|██████▊   | 27/40 [1:33:27<51:48, 239.09s/it]Best trial: 3. Best value: 0.579562:  70%|███████   | 28/40 [1:33:27<38:55, 194.59s/it][I 2024-12-28 12:28:51,373] Trial 25 finished with value: 0.42857142857142855 and parameters: {'lr': 6.530320958390043e-05, 'decay': 3.9277688108677125e-05, 'batch_size': 128, 'nheads': 1, 'project_to': 64, 'hidden_size': 128, 'num_layers': 2, 'dropout': 0.5697388781756643, 'class_weights': False, 'aug_choice': 3}. Best is trial 3 with value: 0.5795620437956204.
[I 2024-12-28 12:32:13,613] Trial 26 finished with value: 0.2 and parameters: {'lr': 2.8111042969329906e-05, 'decay': 0.00020499699402040387, 'batch_size': 128, 'nheads': 1, 'project_to': 128, 'hidden_size': 128, 'num_layers': 1, 'dropout': 0.6531055435188711, 'class_weights': True, 'aug_choice': 1}. Best is trial 3 with value: 0.5795620437956204.
