Best trial: 40. Best value: 0.618536:  44%|████▍     | 66/150 [3:25:34<4:00:21, 171.69s/it]Best trial: 40. Best value: 0.618536:  44%|████▍     | 66/150 [3:25:34<4:00:21, 171.69s/it]Best trial: 40. Best value: 0.618536:  45%|████▍     | 67/150 [3:25:34<3:47:50, 164.70s/it]                                                                                           Best trial: 40. Best value: 0.618536:  45%|████▍     | 67/150 [3:27:04<3:47:50, 164.70s/it]Best trial: 40. Best value: 0.618536:  45%|████▍     | 67/150 [3:27:04<3:47:50, 164.70s/it]Best trial: 40. Best value: 0.618536:  45%|████▌     | 68/150 [3:27:04<3:14:37, 142.40s/it]                                                                                           Best trial: 40. Best value: 0.618536:  45%|████▌     | 68/150 [3:28:32<3:14:37, 142.40s/it]Best trial: 40. Best value: 0.618536:  45%|████▌     | 68/150 [3:28:32<3:14:37, 142.40s/it]Best trial: 40. Best value: 0.618536:  46%|████▌     | 69/150 [3:28:32<2:49:54, 125.86s/it]                                                                                           Best trial: 40. Best value: 0.618536:  46%|████▌     | 69/150 [3:33:38<2:49:54, 125.86s/it]Best trial: 40. Best value: 0.618536:  46%|████▌     | 69/150 [3:33:38<2:49:54, 125.86s/it]Best trial: 40. Best value: 0.618536:  47%|████▋     | 70/150 [3:33:38<3:59:56, 179.96s/it]                                                                                           Best trial: 40. Best value: 0.618536:  47%|████▋     | 70/150 [3:35:57<3:59:56, 179.96s/it]Best trial: 40. Best value: 0.618536:  47%|████▋     | 70/150 [3:35:57<3:59:56, 179.96s/it]Best trial: 40. Best value: 0.618536:  47%|████▋     | 71/150 [3:35:57<3:40:54, 167.78s/it]                                                                                           Best trial: 40. Best value: 0.618536:  47%|████▋     | 71/150 [3:38:30<3:40:54, 167.78s/it]Best trial: 40. Best value: 0.618536:  47%|████▋     | 71/150 [3:38:30<3:40:54, 167.78s/it]Best trial: 40. Best value: 0.618536:  48%|████▊     | 72/150 [3:38:30<3:32:14, 163.26s/it]                                                                                           Best trial: 40. Best value: 0.618536:  48%|████▊     | 72/150 [3:41:10<3:32:14, 163.26s/it]Best trial: 40. Best value: 0.618536:  48%|████▊     | 72/150 [3:41:10<3:32:14, 163.26s/it]Best trial: 40. Best value: 0.618536:  49%|████▊     | 73/150 [3:41:10<3:28:27, 162.44s/it]                                                                                           Best trial: 40. Best value: 0.618536:  49%|████▊     | 73/150 [3:43:18<3:28:27, 162.44s/it]Best trial: 40. Best value: 0.618536:  49%|████▊     | 73/150 [3:43:18<3:28:27, 162.44s/it]Best trial: 40. Best value: 0.618536:  49%|████▉     | 74/150 [3:43:18<3:12:18, 151.82s/it]                                                                                           Best trial: 40. Best value: 0.618536:  49%|████▉     | 74/150 [3:45:55<3:12:18, 151.82s/it]Best trial: 40. Best value: 0.618536:  49%|████▉     | 74/150 [3:45:55<3:12:18, 151.82s/it]Best trial: 40. Best value: 0.618536:  50%|█████     | 75/150 [3:45:55<3:11:59, 153.59s/it]                                                                                           Best trial: 40. Best value: 0.618536:  50%|█████     | 75/150 [3:48:58<3:11:59, 153.59s/it]Best trial: 40. Best value: 0.618536:  50%|█████     | 75/150 [3:48:58<3:11:59, 153.59s/it]Best trial: 40. Best value: 0.618536:  51%|█████     | 76/150 [3:48:58<3:20:19, 162.42s/it]                                                                                           Best trial: 40. Best value: 0.618536:  51%|█████     | 76/150 [3:51:29<3:20:19, 162.42s/it]Best trial: 40. Best value: 0.618536:  51%|█████     | 76/150 [3:51:29<3:20:19, 162.42s/it]Best trial: 40. Best value: 0.618536:  51%|█████▏    | 77/150 [3:51:29<3:13:27, 159.00s/it]                                                                                           Best trial: 40. Best value: 0.618536:  51%|█████▏    | 77/150 [3:53:54<3:13:27, 159.00s/it]Best trial: 40. Best value: 0.618536:  51%|█████▏    | 77/150 [3:53:54<3:13:27, 159.00s/it]Best trial: 40. Best value: 0.618536:  52%|█████▏    | 78/150 [3:53:54<3:05:45, 154.80s/it]                                                                                           Best trial: 40. Best value: 0.618536:  52%|█████▏    | 78/150 [3:55:30<3:05:45, 154.80s/it]Best trial: 40. Best value: 0.618536:  52%|█████▏    | 78/150 [3:55:30<3:05:45, 154.80s/it]Best trial: 40. Best value: 0.618536:  53%|█████▎    | 79/150 [3:55:30<2:42:04, 136.96s/it]                                                                                           Best trial: 40. Best value: 0.618536:  53%|█████▎    | 79/150 [3:58:17<2:42:04, 136.96s/it]Best trial: 40. Best value: 0.618536:  53%|█████▎    | 79/150 [3:58:17<2:42:04, 136.96s/it]Best trial: 40. Best value: 0.618536:  53%|█████▎    | 80/150 [3:58:17<2:50:23, 146.05s/it]                                                                                           Best trial: 40. Best value: 0.618536:  53%|█████▎    | 80/150 [3:59:40<2:50:23, 146.05s/it]Best trial: 40. Best value: 0.618536:  53%|█████▎    | 80/150 [3:59:40<2:50:23, 146.05s/it]Best trial: 40. Best value: 0.618536:  54%|█████▍    | 81/150 [3:59:40<2:26:13, 127.16s/it]                                                                                           Best trial: 40. Best value: 0.618536:  54%|█████▍    | 81/150 [4:02:02<2:26:13, 127.16s/it]Best trial: 40. Best value: 0.618536:  54%|█████▍    | 81/150 [4:02:02<2:26:13, 127.16s/it]Best trial: 40. Best value: 0.618536:  55%|█████▍    | 82/150 [4:02:02<2:29:02, 131.50s/it]                                                                                           Best trial: 40. Best value: 0.618536:  55%|█████▍    | 82/150 [4:05:16<2:29:02, 131.50s/it]Best trial: 40. Best value: 0.618536:  55%|█████▍    | 82/150 [4:05:16<2:29:02, 131.50s/it]Best trial: 40. Best value: 0.618536:  55%|█████▌    | 83/150 [4:05:16<2:47:56, 150.40s/it]                                                                                           Best trial: 40. Best value: 0.618536:  55%|█████▌    | 83/150 [4:08:09<2:47:56, 150.40s/it]Best trial: 40. Best value: 0.618536:  55%|█████▌    | 83/150 [4:08:09<2:47:56, 150.40s/it]Best trial: 40. Best value: 0.618536:  56%|█████▌    | 84/150 [4:08:09<2:52:58, 157.25s/it]                                                                                           Best trial: 40. Best value: 0.618536:  56%|█████▌    | 84/150 [4:11:24<2:52:58, 157.25s/it]Best trial: 40. Best value: 0.618536:  56%|█████▌    | 84/150 [4:11:24<2:52:58, 157.25s/it]Best trial: 40. Best value: 0.618536:  57%|█████▋    | 85/150 [4:11:24<3:02:36, 168.56s/it]                                                                                           Best trial: 40. Best value: 0.618536:  57%|█████▋    | 85/150 [4:14:02<3:02:36, 168.56s/it]Best trial: 40. Best value: 0.618536:  57%|█████▋    | 85/150 [4:14:02<3:02:36, 168.56s/it]Best trial: 40. Best value: 0.618536:  57%|█████▋    | 86/150 [4:14:02<2:56:11, 165.18s/it]                                                                                           Best trial: 40. Best value: 0.618536:  57%|█████▋    | 86/150 [4:16:44<2:56:11, 165.18s/it]Best trial: 40. Best value: 0.618536:  57%|█████▋    | 86/150 [4:16:44<2:56:11, 165.18s/it]Best trial: 40. Best value: 0.618536:  58%|█████▊    | 87/150 [4:16:44<2:52:38, 164.42s/it]                                                                                           Best trial: 40. Best value: 0.618536:  58%|█████▊    | 87/150 [4:19:38<2:52:38, 164.42s/it]Best trial: 40. Best value: 0.618536:  58%|█████▊    | 87/150 [4:19:38<2:52:38, 164.42s/it]Best trial: 40. Best value: 0.618536:  59%|█████▊    | 88/150 [4:19:38<2:52:49, 167.26s/it]                                                                                           [I 2025-01-02 07:24:20,766] Trial 66 finished with value: 0.5392921603344573 and parameters: {'lr': 0.0034771344127378996, 'decay': 0.0012890462027292774, 'batch_size': 64, 'nheads': 4, 'project_to': 128, 'hidden_size': 32, 'num_layers': 2, 'dropout': 0.24205539734282847, 'alpha': 0.8931927388192554, 'aug_choice': 2}. Best is trial 40 with value: 0.6185357998778109.
[I 2025-01-02 07:25:51,135] Trial 67 finished with value: 0.5152455740563949 and parameters: {'lr': 0.002532532242040299, 'decay': 0.003537992022592641, 'batch_size': 64, 'nheads': 4, 'project_to': 128, 'hidden_size': 32, 'num_layers': 2, 'dropout': 0.21078813149453166, 'alpha': 1.0154524385106503, 'aug_choice': 0}. Best is trial 40 with value: 0.6185357998778109.
[I 2025-01-02 07:27:18,388] Trial 68 finished with value: 0.48848484247856633 and parameters: {'lr': 0.0008782490548568186, 'decay': 0.0019815697902425718, 'batch_size': 64, 'nheads': 4, 'project_to': 128, 'hidden_size': 32, 'num_layers': 1, 'dropout': 0.17929215444293833, 'alpha': 1.186370829951782, 'aug_choice': 6}. Best is trial 40 with value: 0.6185357998778109.
[I 2025-01-02 07:32:24,574] Trial 69 finished with value: 0.491244694583596 and parameters: {'lr': 0.000511306151219762, 'decay': 0.00040777944493377265, 'batch_size': 64, 'nheads': 4, 'project_to': 128, 'hidden_size': 64, 'num_layers': 2, 'dropout': 0.26496580691458316, 'alpha': 0.9627429046452918, 'aug_choice': 3}. Best is trial 40 with value: 0.6185357998778109.
[I 2025-01-02 07:34:43,925] Trial 70 finished with value: 0.5441221311625757 and parameters: {'lr': 0.0013811270194653248, 'decay': 0.0006411746236428287, 'batch_size': 64, 'nheads': 4, 'project_to': 32, 'hidden_size': 32, 'num_layers': 2, 'dropout': 0.14760352654321635, 'alpha': 1.0621701045276453, 'aug_choice': 8}. Best is trial 40 with value: 0.6185357998778109.
[I 2025-01-02 07:37:16,648] Trial 71 finished with value: 0.5911335402125275 and parameters: {'lr': 0.0022526302444113395, 'decay': 0.0010027784673071812, 'batch_size': 64, 'nheads': 4, 'project_to': 128, 'hidden_size': 32, 'num_layers': 2, 'dropout': 0.31356233360559116, 'alpha': 1.138961829649851, 'aug_choice': 8}. Best is trial 40 with value: 0.6185357998778109.
[I 2025-01-02 07:39:57,163] Trial 72 finished with value: 0.5248280703997976 and parameters: {'lr': 0.005027365715036757, 'decay': 0.0023025665846900726, 'batch_size': 64, 'nheads': 4, 'project_to': 128, 'hidden_size': 32, 'num_layers': 2, 'dropout': 0.2036866914402149, 'alpha': 1.2427331401336577, 'aug_choice': 8}. Best is trial 40 with value: 0.6185357998778109.
[I 2025-01-02 07:42:04,227] Trial 73 finished with value: 0.5361212284010098 and parameters: {'lr': 0.0027564253532403864, 'decay': 0.0013351405936729273, 'batch_size': 64, 'nheads': 4, 'project_to': 128, 'hidden_size': 32, 'num_layers': 2, 'dropout': 0.25655975388753643, 'alpha': 1.3309006241512482, 'aug_choice': 8}. Best is trial 40 with value: 0.6185357998778109.
[I 2025-01-02 07:44:41,936] Trial 74 finished with value: 0.576928168750899 and parameters: {'lr': 0.0022150867135962995, 'decay': 0.0009921877499832646, 'batch_size': 64, 'nheads': 4, 'project_to': 128, 'hidden_size': 32, 'num_layers': 2, 'dropout': 0.22484212298632208, 'alpha': 1.150630152479614, 'aug_choice': 8}. Best is trial 40 with value: 0.6185357998778109.
[I 2025-01-02 07:47:44,966] Trial 75 finished with value: 0.4633424507591589 and parameters: {'lr': 0.00033909208316009864, 'decay': 0.0016070946536740614, 'batch_size': 64, 'nheads': 4, 'project_to': 128, 'hidden_size': 32, 'num_layers': 2, 'dropout': 0.10034798712476561, 'alpha': 0.84972797617491, 'aug_choice': 1}. Best is trial 40 with value: 0.6185357998778109.
[I 2025-01-02 07:50:15,983] Trial 76 finished with value: 0.5117894018425234 and parameters: {'lr': 0.003677417495759076, 'decay': 0.0005400293734344774, 'batch_size': 64, 'nheads': 4, 'project_to': 128, 'hidden_size': 32, 'num_layers': 2, 'dropout': 0.2802078601633395, 'alpha': 1.20542266827002, 'aug_choice': 8}. Best is trial 40 with value: 0.6185357998778109.
[I 2025-01-02 07:52:40,966] Trial 77 finished with value: 0.5656536492521717 and parameters: {'lr': 0.0015461366865441152, 'decay': 0.00017163021144906587, 'batch_size': 64, 'nheads': 4, 'project_to': 128, 'hidden_size': 32, 'num_layers': 2, 'dropout': 0.1700326107827379, 'alpha': 1.0927561065200502, 'aug_choice': 2}. Best is trial 40 with value: 0.6185357998778109.
[I 2025-01-02 07:54:16,309] Trial 78 finished with value: 0.5515951612122089 and parameters: {'lr': 0.0027896698635618846, 'decay': 0.0024193564105601004, 'batch_size': 64, 'nheads': 4, 'project_to': 128, 'hidden_size': 64, 'num_layers': 2, 'dropout': 0.12133016360082349, 'alpha': 1.0468987833862762, 'aug_choice': 0}. Best is trial 40 with value: 0.6185357998778109.
[I 2025-01-02 07:57:03,557] Trial 79 finished with value: 0.5221340617741196 and parameters: {'lr': 0.0070055702602497905, 'decay': 0.0006764406398005029, 'batch_size': 64, 'nheads': 4, 'project_to': 128, 'hidden_size': 32, 'num_layers': 2, 'dropout': 0.30055038229031994, 'alpha': 1.00224356013005, 'aug_choice': 8}. Best is trial 40 with value: 0.6185357998778109.
[I 2025-01-02 07:58:26,644] Trial 80 finished with value: 0.49604665058381514 and parameters: {'lr': 0.0009422757872561763, 'decay': 0.00034996013701888193, 'batch_size': 64, 'nheads': 4, 'project_to': 32, 'hidden_size': 32, 'num_layers': 2, 'dropout': 0.23674997314634333, 'alpha': 1.3052551004766721, 'aug_choice': 6}. Best is trial 40 with value: 0.6185357998778109.
[I 2025-01-02 08:00:48,287] Trial 81 finished with value: 0.5818379078834754 and parameters: {'lr': 0.0022184675795740762, 'decay': 0.0010206826049985378, 'batch_size': 64, 'nheads': 4, 'project_to': 128, 'hidden_size': 32, 'num_layers': 2, 'dropout': 0.22645014960986684, 'alpha': 1.2651486683134603, 'aug_choice': 8}. Best is trial 40 with value: 0.6185357998778109.
[I 2025-01-02 08:04:02,774] Trial 82 finished with value: 0.5311430331383706 and parameters: {'lr': 0.0037933440459700612, 'decay': 0.0010992985952015934, 'batch_size': 64, 'nheads': 4, 'project_to': 128, 'hidden_size': 32, 'num_layers': 2, 'dropout': 0.19602708358566975, 'alpha': 1.280535550597728, 'aug_choice': 8}. Best is trial 40 with value: 0.6185357998778109.
[I 2025-01-02 08:06:56,011] Trial 83 finished with value: 0.5676143047181738 and parameters: {'lr': 0.0019145027327807207, 'decay': 0.0013346431612192245, 'batch_size': 64, 'nheads': 4, 'project_to': 128, 'hidden_size': 32, 'num_layers': 2, 'dropout': 0.25332894407386924, 'alpha': 1.449223768105526, 'aug_choice': 8}. Best is trial 40 with value: 0.6185357998778109.
[I 2025-01-02 08:10:10,956] Trial 84 finished with value: 0.5195192434108707 and parameters: {'lr': 0.0024163091392719687, 'decay': 0.0008750659330317222, 'batch_size': 64, 'nheads': 4, 'project_to': 128, 'hidden_size': 32, 'num_layers': 2, 'dropout': 0.2181857156651187, 'alpha': 1.252742505686028, 'aug_choice': 7}. Best is trial 40 with value: 0.6185357998778109.
[I 2025-01-02 08:12:48,239] Trial 85 finished with value: 0.5001735645921193 and parameters: {'lr': 0.0012668315186286844, 'decay': 0.0016034363726949558, 'batch_size': 64, 'nheads': 1, 'project_to': 128, 'hidden_size': 32, 'num_layers': 2, 'dropout': 0.6812466935695951, 'alpha': 1.3525752040694536, 'aug_choice': 1}. Best is trial 40 with value: 0.6185357998778109.
[I 2025-01-02 08:15:30,910] Trial 86 finished with value: 0.6050761421448445 and parameters: {'lr': 0.003189343124530259, 'decay': 0.0005271012859441855, 'batch_size': 64, 'nheads': 4, 'project_to': 128, 'hidden_size': 64, 'num_layers': 2, 'dropout': 0.1454861826254757, 'alpha': 1.1755069558880236, 'aug_choice': 8}. Best is trial 40 with value: 0.6185357998778109.
[I 2025-01-02 08:18:24,779] Trial 87 finished with value: 0.5068335862531538 and parameters: {'lr': 0.0032494858163661126, 'decay': 0.0004929884314523561, 'batch_size': 64, 'nheads': 4, 'project_to': 128, 'hidden_size': 64, 'num_layers': 2, 'dropout': 0.13821932987244687, 'alpha': 1.2110255551122486, 'aug_choice': 8}. Best is trial 40 with value: 0.6185357998778109.
Best trial: 40. Best value: 0.618536:  59%|█████▊    | 88/150 [4:22:39<2:52:49, 167.26s/it]Best trial: 40. Best value: 0.618536:  59%|█████▊    | 88/150 [4:22:39<2:52:49, 167.26s/it]Best trial: 40. Best value: 0.618536:  59%|█████▉    | 89/150 [4:22:39<2:54:15, 171.40s/it]                                                                                           Best trial: 40. Best value: 0.618536:  59%|█████▉    | 89/150 [4:27:49<2:54:15, 171.40s/it]Best trial: 40. Best value: 0.618536:  59%|█████▉    | 89/150 [4:27:49<2:54:15, 171.40s/it]Best trial: 40. Best value: 0.618536:  60%|██████    | 90/150 [4:27:49<3:32:49, 212.83s/it]                                                                                           Best trial: 40. Best value: 0.618536:  60%|██████    | 90/150 [4:33:25<3:32:49, 212.83s/it]Best trial: 40. Best value: 0.618536:  60%|██████    | 90/150 [4:33:25<3:32:49, 212.83s/it]Best trial: 40. Best value: 0.618536:  61%|██████    | 91/150 [4:33:25<4:05:44, 249.90s/it]                                                                                           Best trial: 40. Best value: 0.618536:  61%|██████    | 91/150 [4:39:02<4:05:44, 249.90s/it]Best trial: 40. Best value: 0.618536:  61%|██████    | 91/150 [4:39:02<4:05:44, 249.90s/it]Best trial: 40. Best value: 0.618536:  61%|██████▏   | 92/150 [4:39:02<4:26:49, 276.03s/it]                                                                                           Best trial: 40. Best value: 0.618536:  61%|██████▏   | 92/150 [4:44:08<4:26:49, 276.03s/it]Best trial: 40. Best value: 0.618536:  61%|██████▏   | 92/150 [4:44:08<4:26:49, 276.03s/it]Best trial: 40. Best value: 0.618536:  62%|██████▏   | 93/150 [4:44:08<4:30:40, 284.92s/it]                                                                                           Best trial: 40. Best value: 0.618536:  62%|██████▏   | 93/150 [4:49:09<4:30:40, 284.92s/it]Best trial: 40. Best value: 0.618536:  62%|██████▏   | 93/150 [4:49:09<4:30:40, 284.92s/it]Best trial: 40. Best value: 0.618536:  63%|██████▎   | 94/150 [4:49:09<4:30:27, 289.77s/it]                                                                                           Best trial: 40. Best value: 0.618536:  63%|██████▎   | 94/150 [4:52:38<4:30:27, 289.77s/it]Best trial: 40. Best value: 0.618536:  63%|██████▎   | 94/150 [4:52:38<4:30:27, 289.77s/it]Best trial: 40. Best value: 0.618536:  63%|██████▎   | 95/150 [4:52:38<4:03:31, 265.67s/it]                                                                                           Best trial: 40. Best value: 0.618536:  63%|██████▎   | 95/150 [4:55:48<4:03:31, 265.67s/it]Best trial: 40. Best value: 0.618536:  63%|██████▎   | 95/150 [4:55:48<4:03:31, 265.67s/it]Best trial: 40. Best value: 0.618536:  64%|██████▍   | 96/150 [4:55:48<3:38:36, 242.90s/it]                                                                                           Best trial: 40. Best value: 0.618536:  64%|██████▍   | 96/150 [4:58:40<3:38:36, 242.90s/it]Best trial: 40. Best value: 0.618536:  64%|██████▍   | 96/150 [4:58:40<3:38:36, 242.90s/it]Best trial: 40. Best value: 0.618536:  65%|██████▍   | 97/150 [4:58:40<3:15:39, 221.49s/it]                                                                                           Best trial: 40. Best value: 0.618536:  65%|██████▍   | 97/150 [5:01:00<3:15:39, 221.49s/it]Best trial: 40. Best value: 0.618536:  65%|██████▍   | 97/150 [5:01:00<3:15:39, 221.49s/it]Best trial: 40. Best value: 0.618536:  65%|██████▌   | 98/150 [5:01:00<2:51:00, 197.31s/it]                                                                                           Best trial: 40. Best value: 0.618536:  65%|██████▌   | 98/150 [5:04:19<2:51:00, 197.31s/it]Best trial: 40. Best value: 0.618536:  65%|██████▌   | 98/150 [5:04:19<2:51:00, 197.31s/it]Best trial: 40. Best value: 0.618536:  66%|██████▌   | 99/150 [5:04:19<2:47:56, 197.57s/it]                                                                                           Best trial: 40. Best value: 0.618536:  66%|██████▌   | 99/150 [5:07:14<2:47:56, 197.57s/it]Best trial: 40. Best value: 0.618536:  66%|██████▌   | 99/150 [5:07:14<2:47:56, 197.57s/it]Best trial: 40. Best value: 0.618536:  67%|██████▋   | 100/150 [5:07:14<2:39:02, 190.84s/it]                                                                                            Best trial: 40. Best value: 0.618536:  67%|██████▋   | 100/150 [5:09:22<2:39:02, 190.84s/it]Best trial: 40. Best value: 0.618536:  67%|██████▋   | 100/150 [5:09:22<2:39:02, 190.84s/it]Best trial: 40. Best value: 0.618536:  67%|██████▋   | 101/150 [5:09:22<2:20:24, 171.93s/it]                                                                                            Best trial: 40. Best value: 0.618536:  67%|██████▋   | 101/150 [5:11:57<2:20:24, 171.93s/it]Best trial: 40. Best value: 0.618536:  67%|██████▋   | 101/150 [5:11:57<2:20:24, 171.93s/it]Best trial: 40. Best value: 0.618536:  68%|██████▊   | 102/150 [5:11:57<2:13:39, 167.07s/it]Fold 0: All trials completed (trial_149 exists). Skipping...
Fold 1: All trials completed (trial_149 exists). Skipping...
Fold 2: All trials completed (trial_149 exists). Skipping...
Fold 3: All trials completed (trial_149 exists). Skipping...
Fold 4: All trials completed (trial_149 exists). Skipping...
Fold 5: 102 trials completed, running 48 more trials...
[I 2025-01-02 21:56:14,423] Using an existing study with name 'webcam_engagement_classifier' instead of creating a new one.
