  0%|          | 0/40 [00:00<?, ?it/s]                                        0%|          | 0/40 [01:18<?, ?it/s]Best trial: 0. Best value: 0.337437:   0%|          | 0/40 [01:18<?, ?it/s]Best trial: 0. Best value: 0.337437:   2%|▎         | 1/40 [01:18<50:59, 78.45s/it]                                                                                   Best trial: 0. Best value: 0.337437:   2%|▎         | 1/40 [03:57<50:59, 78.45s/it]Best trial: 1. Best value: 0.478624:   2%|▎         | 1/40 [03:57<50:59, 78.45s/it]Best trial: 1. Best value: 0.478624:   5%|▌         | 2/40 [03:57<1:19:32, 125.59s/it]                                                                                      Best trial: 1. Best value: 0.478624:   5%|▌         | 2/40 [06:03<1:19:32, 125.59s/it]Best trial: 2. Best value: 0.498557:   5%|▌         | 2/40 [06:03<1:19:32, 125.59s/it]Best trial: 2. Best value: 0.498557:   8%|▊         | 3/40 [06:03<1:17:45, 126.11s/it]                                                                                      Best trial: 2. Best value: 0.498557:   8%|▊         | 3/40 [10:52<1:17:45, 126.11s/it]Best trial: 2. Best value: 0.498557:   8%|▊         | 3/40 [10:52<1:17:45, 126.11s/it]Best trial: 2. Best value: 0.498557:  10%|█         | 4/40 [10:52<1:54:10, 190.28s/it]                                                                                      Best trial: 2. Best value: 0.498557:  10%|█         | 4/40 [14:39<1:54:10, 190.28s/it]Best trial: 2. Best value: 0.498557:  10%|█         | 4/40 [14:39<1:54:10, 190.28s/it]Best trial: 2. Best value: 0.498557:  12%|█▎        | 5/40 [14:39<1:58:42, 203.49s/it]                                                                                      Best trial: 2. Best value: 0.498557:  12%|█▎        | 5/40 [17:07<1:58:42, 203.49s/it]Best trial: 5. Best value: 0.498652:  12%|█▎        | 5/40 [17:07<1:58:42, 203.49s/it]Best trial: 5. Best value: 0.498652:  15%|█▌        | 6/40 [17:07<1:44:39, 184.70s/it]                                                                                      Best trial: 5. Best value: 0.498652:  15%|█▌        | 6/40 [26:02<1:44:39, 184.70s/it]Best trial: 5. Best value: 0.498652:  15%|█▌        | 6/40 [26:02<1:44:39, 184.70s/it]Best trial: 5. Best value: 0.498652:  18%|█▊        | 7/40 [26:02<2:44:33, 299.19s/it]                                                                                      Best trial: 5. Best value: 0.498652:  18%|█▊        | 7/40 [28:25<2:44:33, 299.19s/it]Best trial: 5. Best value: 0.498652:  18%|█▊        | 7/40 [28:25<2:44:33, 299.19s/it]Best trial: 5. Best value: 0.498652:  20%|██        | 8/40 [28:25<2:13:00, 249.41s/it]                                                                                      Best trial: 5. Best value: 0.498652:  20%|██        | 8/40 [40:12<2:13:00, 249.41s/it]Best trial: 5. Best value: 0.498652:  20%|██        | 8/40 [40:12<2:13:00, 249.41s/it]Best trial: 5. Best value: 0.498652:  22%|██▎       | 9/40 [40:12<3:22:50, 392.61s/it]                                                                                      Best trial: 5. Best value: 0.498652:  22%|██▎       | 9/40 [42:03<3:22:50, 392.61s/it]Best trial: 5. Best value: 0.498652:  22%|██▎       | 9/40 [42:03<3:22:50, 392.61s/it]Best trial: 5. Best value: 0.498652:  25%|██▌       | 10/40 [42:03<2:32:50, 305.69s/it]                                                                                       Best trial: 5. Best value: 0.498652:  25%|██▌       | 10/40 [45:04<2:32:50, 305.69s/it]Best trial: 10. Best value: 0.553964:  25%|██▌       | 10/40 [45:04<2:32:50, 305.69s/it]Best trial: 10. Best value: 0.553964:  28%|██▊       | 11/40 [45:04<2:09:11, 267.30s/it]                                                                                        Best trial: 10. Best value: 0.553964:  28%|██▊       | 11/40 [47:17<2:09:11, 267.30s/it]Best trial: 10. Best value: 0.553964:  28%|██▊       | 11/40 [47:17<2:09:11, 267.30s/it]Best trial: 10. Best value: 0.553964:  30%|███       | 12/40 [47:17<1:45:43, 226.55s/it]                                                                                        Best trial: 10. Best value: 0.553964:  30%|███       | 12/40 [49:39<1:45:43, 226.55s/it]Best trial: 12. Best value: 0.564808:  30%|███       | 12/40 [49:39<1:45:43, 226.55s/it]Best trial: 12. Best value: 0.564808:  32%|███▎      | 13/40 [49:39<1:30:25, 200.96s/it]                                                                                        Best trial: 12. Best value: 0.564808:  32%|███▎      | 13/40 [51:57<1:30:25, 200.96s/it]Best trial: 12. Best value: 0.564808:  32%|███▎      | 13/40 [51:57<1:30:25, 200.96s/it]Best trial: 12. Best value: 0.564808:  35%|███▌      | 14/40 [51:57<1:18:52, 182.03s/it]                                                                                        Best trial: 12. Best value: 0.564808:  35%|███▌      | 14/40 [59:31<1:18:52, 182.03s/it]Best trial: 12. Best value: 0.564808:  35%|███▌      | 14/40 [59:31<1:18:52, 182.03s/it]Best trial: 12. Best value: 0.564808:  38%|███▊      | 15/40 [59:31<1:49:56, 263.85s/it]                                                                                        Best trial: 12. Best value: 0.564808:  38%|███▊      | 15/40 [1:05:53<1:49:56, 263.85s/it]Best trial: 12. Best value: 0.564808:  38%|███▊      | 15/40 [1:05:53<1:49:56, 263.85s/it]Best trial: 12. Best value: 0.564808:  40%|████      | 16/40 [1:05:53<1:59:45, 299.38s/it]                                                                                          Best trial: 12. Best value: 0.564808:  40%|████      | 16/40 [1:08:55<1:59:45, 299.38s/it]Best trial: 12. Best value: 0.564808:  40%|████      | 16/40 [1:08:55<1:59:45, 299.38s/it]Best trial: 12. Best value: 0.564808:  42%|████▎     | 17/40 [1:08:55<1:41:13, 264.08s/it]                                                                                          Best trial: 12. Best value: 0.564808:  42%|████▎     | 17/40 [1:15:25<1:41:13, 264.08s/it]Best trial: 12. Best value: 0.564808:  42%|████▎     | 17/40 [1:15:25<1:41:13, 264.08s/it]Best trial: 12. Best value: 0.564808:  45%|████▌     | 18/40 [1:15:25<1:50:43, 301.99s/it]                                                                                          Best trial: 12. Best value: 0.564808:  45%|████▌     | 18/40 [1:16:45<1:50:43, 301.99s/it]Best trial: 12. Best value: 0.564808:  45%|████▌     | 18/40 [1:16:45<1:50:43, 301.99s/it]Best trial: 12. Best value: 0.564808:  48%|████▊     | 19/40 [1:16:45<1:22:21, 235.31s/it]                                                                                          Best trial: 12. Best value: 0.564808:  48%|████▊     | 19/40 [1:23:16<1:22:21, 235.31s/it]Best trial: 19. Best value: 0.600023:  48%|████▊     | 19/40 [1:23:16<1:22:21, 235.31s/it]Best trial: 19. Best value: 0.600023:  50%|█████     | 20/40 [1:23:16<1:34:02, 282.11s/it]                                                                                          Best trial: 19. Best value: 0.600023:  50%|█████     | 20/40 [1:25:45<1:34:02, 282.11s/it]Best trial: 19. Best value: 0.600023:  50%|█████     | 20/40 [1:25:45<1:34:02, 282.11s/it]Best trial: 19. Best value: 0.600023:  52%|█████▎    | 21/40 [1:25:45<1:16:38, 242.05s/it]                                                                                          Best trial: 19. Best value: 0.600023:  52%|█████▎    | 21/40 [1:34:21<1:16:38, 242.05s/it]Best trial: 19. Best value: 0.600023:  52%|█████▎    | 21/40 [1:34:21<1:16:38, 242.05s/it]Best trial: 19. Best value: 0.600023:  55%|█████▌    | 22/40 [1:34:21<1:37:19, 324.42s/it]                                                                                          [I 2024-12-26 04:17:46,752] Trial 0 finished with value: 0.3374366813998086 and parameters: {'lr': 0.0002900255413787491, 'decay': 0.0002077428140302997, 'batch_size': 64, 'nheads': 4, 'project_to': 128, 'hidden_size': 32, 'num_layers': 1, 'dropout': 0.5324052442343269, 'class_weights': True, 'aug_choice': 4}. Best is trial 0 with value: 0.3374366813998086.
[I 2024-12-26 04:20:25,348] Trial 1 finished with value: 0.47862410199055616 and parameters: {'lr': 0.002766358873114415, 'decay': 0.0002589574155526281, 'batch_size': 128, 'nheads': 1, 'project_to': 32, 'hidden_size': 64, 'num_layers': 2, 'dropout': 0.3076786750050946, 'class_weights': False, 'aug_choice': 7}. Best is trial 1 with value: 0.47862410199055616.
[I 2024-12-26 04:22:32,066] Trial 2 finished with value: 0.49855723207051345 and parameters: {'lr': 0.003462452634254879, 'decay': 7.204237319869036e-05, 'batch_size': 64, 'nheads': 2, 'project_to': 32, 'hidden_size': 128, 'num_layers': 2, 'dropout': 0.10534259747773361, 'class_weights': True, 'aug_choice': 2}. Best is trial 2 with value: 0.49855723207051345.
[I 2024-12-26 04:27:20,726] Trial 3 finished with value: 0.45450758895256954 and parameters: {'lr': 1.4936294917907809e-05, 'decay': 1.472483298686036e-05, 'batch_size': 128, 'nheads': 4, 'project_to': 32, 'hidden_size': 64, 'num_layers': 1, 'dropout': 0.6702069611490301, 'class_weights': False, 'aug_choice': 0}. Best is trial 2 with value: 0.49855723207051345.
[I 2024-12-26 04:31:07,646] Trial 4 finished with value: 0.4312406045479791 and parameters: {'lr': 0.004637533985420769, 'decay': 3.1832898161492875e-05, 'batch_size': 64, 'nheads': 2, 'project_to': 32, 'hidden_size': 32, 'num_layers': 3, 'dropout': 0.8286069016115728, 'class_weights': False, 'aug_choice': 7}. Best is trial 2 with value: 0.49855723207051345.
[I 2024-12-26 04:33:35,867] Trial 5 finished with value: 0.49865202615466236 and parameters: {'lr': 0.006213013040949436, 'decay': 2.9701706452233462e-05, 'batch_size': 64, 'nheads': 2, 'project_to': 64, 'hidden_size': 64, 'num_layers': 2, 'dropout': 0.4321491011451494, 'class_weights': True, 'aug_choice': 5}. Best is trial 5 with value: 0.49865202615466236.
[I 2024-12-26 04:42:30,757] Trial 6 finished with value: 0.4478203117744009 and parameters: {'lr': 3.1701172443864865e-05, 'decay': 0.004159401103986636, 'batch_size': 64, 'nheads': 2, 'project_to': 64, 'hidden_size': 64, 'num_layers': 2, 'dropout': 0.8049709608308404, 'class_weights': False, 'aug_choice': 8}. Best is trial 5 with value: 0.49865202615466236.
[I 2024-12-26 04:44:53,575] Trial 7 finished with value: 0.44426126337151334 and parameters: {'lr': 0.004772039827354631, 'decay': 0.0030865971651505937, 'batch_size': 128, 'nheads': 4, 'project_to': 128, 'hidden_size': 128, 'num_layers': 2, 'dropout': 0.23140050894651917, 'class_weights': True, 'aug_choice': 0}. Best is trial 5 with value: 0.49865202615466236.
[I 2024-12-26 04:56:41,066] Trial 8 finished with value: 0.40686324952546277 and parameters: {'lr': 1.9270473012239535e-05, 'decay': 0.003942370728729708, 'batch_size': 64, 'nheads': 2, 'project_to': 32, 'hidden_size': 32, 'num_layers': 3, 'dropout': 0.8103533240112247, 'class_weights': False, 'aug_choice': 7}. Best is trial 5 with value: 0.49865202615466236.
[I 2024-12-26 04:58:32,117] Trial 9 finished with value: 0.42816666251662566 and parameters: {'lr': 0.002727244491499815, 'decay': 0.0033339231327556154, 'batch_size': 64, 'nheads': 2, 'project_to': 64, 'hidden_size': 32, 'num_layers': 1, 'dropout': 0.4485597533902701, 'class_weights': True, 'aug_choice': 0}. Best is trial 5 with value: 0.49865202615466236.
[I 2024-12-26 05:01:32,387] Trial 10 finished with value: 0.5539637056672209 and parameters: {'lr': 0.000491012786489656, 'decay': 1.0621590108442837e-05, 'batch_size': 128, 'nheads': 1, 'project_to': 64, 'hidden_size': 64, 'num_layers': 3, 'dropout': 0.4872244624231464, 'class_weights': True, 'aug_choice': 5}. Best is trial 10 with value: 0.5539637056672209.
[I 2024-12-26 05:03:45,735] Trial 11 finished with value: 0.5310357386525917 and parameters: {'lr': 0.0005360835149432813, 'decay': 1.013414843938655e-05, 'batch_size': 128, 'nheads': 1, 'project_to': 64, 'hidden_size': 64, 'num_layers': 3, 'dropout': 0.4746237590367928, 'class_weights': True, 'aug_choice': 5}. Best is trial 10 with value: 0.5539637056672209.
[I 2024-12-26 05:06:07,795] Trial 12 finished with value: 0.5648079440034683 and parameters: {'lr': 0.00046099151790952034, 'decay': 1.0671627271824023e-05, 'batch_size': 128, 'nheads': 1, 'project_to': 64, 'hidden_size': 64, 'num_layers': 3, 'dropout': 0.5996485107847884, 'class_weights': True, 'aug_choice': 5}. Best is trial 12 with value: 0.5648079440034683.
[I 2024-12-26 05:08:26,087] Trial 13 finished with value: 0.5539052273775296 and parameters: {'lr': 0.0003999167209157629, 'decay': 0.0008159799740177421, 'batch_size': 128, 'nheads': 1, 'project_to': 64, 'hidden_size': 64, 'num_layers': 3, 'dropout': 0.6215927996811884, 'class_weights': True, 'aug_choice': 5}. Best is trial 12 with value: 0.5648079440034683.
[I 2024-12-26 05:15:59,562] Trial 14 finished with value: 0.5557231314623888 and parameters: {'lr': 9.973494549401405e-05, 'decay': 7.9408598237346e-05, 'batch_size': 128, 'nheads': 1, 'project_to': 64, 'hidden_size': 64, 'num_layers': 3, 'dropout': 0.6515351029490994, 'class_weights': True, 'aug_choice': 3}. Best is trial 12 with value: 0.5648079440034683.
[I 2024-12-26 05:22:21,450] Trial 15 finished with value: 0.43886766281515593 and parameters: {'lr': 9.111445123177022e-05, 'decay': 8.60418724376742e-05, 'batch_size': 128, 'nheads': 1, 'project_to': 64, 'hidden_size': 64, 'num_layers': 3, 'dropout': 0.6809575069438767, 'class_weights': True, 'aug_choice': 3}. Best is trial 12 with value: 0.5648079440034683.
[I 2024-12-26 05:25:23,440] Trial 16 finished with value: 0.3013464833689338 and parameters: {'lr': 5.416250568137764e-05, 'decay': 8.457741455930022e-05, 'batch_size': 128, 'nheads': 1, 'project_to': 64, 'hidden_size': 128, 'num_layers': 3, 'dropout': 0.5913808649886836, 'class_weights': True, 'aug_choice': 1}. Best is trial 12 with value: 0.5648079440034683.
[I 2024-12-26 05:31:53,682] Trial 17 finished with value: 0.5024154080715028 and parameters: {'lr': 0.00014506251500140995, 'decay': 0.0008705410367502474, 'batch_size': 128, 'nheads': 1, 'project_to': 128, 'hidden_size': 64, 'num_layers': 3, 'dropout': 0.7217743392958942, 'class_weights': True, 'aug_choice': 3}. Best is trial 12 with value: 0.5648079440034683.
[I 2024-12-26 05:33:13,665] Trial 18 finished with value: 0.41545310437456123 and parameters: {'lr': 0.00127981433423411, 'decay': 2.9354901995337373e-05, 'batch_size': 128, 'nheads': 1, 'project_to': 64, 'hidden_size': 64, 'num_layers': 2, 'dropout': 0.7370139180380716, 'class_weights': True, 'aug_choice': 6}. Best is trial 12 with value: 0.5648079440034683.
[I 2024-12-26 05:39:44,858] Trial 19 finished with value: 0.600022887264312 and parameters: {'lr': 0.00017868740160019856, 'decay': 0.0006177741708750317, 'batch_size': 128, 'nheads': 1, 'project_to': 64, 'hidden_size': 128, 'num_layers': 3, 'dropout': 0.35104686334023105, 'class_weights': True, 'aug_choice': 3}. Best is trial 19 with value: 0.600022887264312.
[I 2024-12-26 05:42:13,501] Trial 20 finished with value: 0.5042155802866978 and parameters: {'lr': 0.0009575676113233425, 'decay': 0.009802017923478519, 'batch_size': 128, 'nheads': 1, 'project_to': 128, 'hidden_size': 128, 'num_layers': 3, 'dropout': 0.3479295543943154, 'class_weights': True, 'aug_choice': 6}. Best is trial 19 with value: 0.600022887264312.
