Best trial: 6. Best value: 0.599587:  15%|█▍        | 22/150 [1:21:00<6:08:34, 172.77s/it]Best trial: 6. Best value: 0.599587:  15%|█▍        | 22/150 [1:21:00<6:08:34, 172.77s/it]Best trial: 6. Best value: 0.599587:  15%|█▌        | 23/150 [1:21:00<5:25:30, 153.79s/it]                                                                                          Best trial: 6. Best value: 0.599587:  15%|█▌        | 23/150 [1:22:32<5:25:30, 153.79s/it]Best trial: 6. Best value: 0.599587:  15%|█▌        | 23/150 [1:22:32<5:25:30, 153.79s/it]Best trial: 6. Best value: 0.599587:  16%|█▌        | 24/150 [1:22:32<4:44:10, 135.32s/it]                                                                                          Best trial: 6. Best value: 0.599587:  16%|█▌        | 24/150 [1:29:31<4:44:10, 135.32s/it]Best trial: 6. Best value: 0.599587:  16%|█▌        | 24/150 [1:29:31<4:44:10, 135.32s/it]Best trial: 6. Best value: 0.599587:  17%|█▋        | 25/150 [1:29:31<7:39:09, 220.40s/it]                                                                                          Best trial: 6. Best value: 0.599587:  17%|█▋        | 25/150 [1:32:12<7:39:09, 220.40s/it]Best trial: 6. Best value: 0.599587:  17%|█▋        | 25/150 [1:32:12<7:39:09, 220.40s/it]Best trial: 6. Best value: 0.599587:  17%|█▋        | 26/150 [1:32:12<6:58:30, 202.51s/it]                                                                                          Best trial: 6. Best value: 0.599587:  17%|█▋        | 26/150 [1:34:47<6:58:30, 202.51s/it]Best trial: 6. Best value: 0.599587:  17%|█▋        | 26/150 [1:34:47<6:58:30, 202.51s/it]Best trial: 6. Best value: 0.599587:  18%|█▊        | 27/150 [1:34:47<6:25:51, 188.22s/it]                                                                                          Best trial: 6. Best value: 0.599587:  18%|█▊        | 27/150 [1:37:37<6:25:51, 188.22s/it]Best trial: 6. Best value: 0.599587:  18%|█▊        | 27/150 [1:37:37<6:25:51, 188.22s/it]Best trial: 6. Best value: 0.599587:  19%|█▊        | 28/150 [1:37:37<6:12:06, 183.00s/it]                                                                                          Best trial: 6. Best value: 0.599587:  19%|█▊        | 28/150 [1:39:22<6:12:06, 183.00s/it]Best trial: 6. Best value: 0.599587:  19%|█▊        | 28/150 [1:39:22<6:12:06, 183.00s/it]Best trial: 6. Best value: 0.599587:  19%|█▉        | 29/150 [1:39:22<5:21:45, 159.55s/it]                                                                                          Best trial: 6. Best value: 0.599587:  19%|█▉        | 29/150 [1:41:46<5:21:45, 159.55s/it]Best trial: 6. Best value: 0.599587:  19%|█▉        | 29/150 [1:41:46<5:21:45, 159.55s/it]Best trial: 6. Best value: 0.599587:  20%|██        | 30/150 [1:41:46<5:09:27, 154.73s/it]                                                                                          Best trial: 6. Best value: 0.599587:  20%|██        | 30/150 [1:51:07<5:09:27, 154.73s/it]Best trial: 6. Best value: 0.599587:  20%|██        | 30/150 [1:51:07<5:09:27, 154.73s/it]Best trial: 6. Best value: 0.599587:  21%|██        | 31/150 [1:51:07<9:08:58, 276.80s/it]                                                                                          Best trial: 6. Best value: 0.599587:  21%|██        | 31/150 [1:54:06<9:08:58, 276.80s/it]Best trial: 6. Best value: 0.599587:  21%|██        | 31/150 [1:54:06<9:08:58, 276.80s/it]Best trial: 6. Best value: 0.599587:  21%|██▏       | 32/150 [1:54:06<8:06:31, 247.38s/it]                                                                                          Best trial: 6. Best value: 0.599587:  21%|██▏       | 32/150 [1:57:50<8:06:31, 247.38s/it]Best trial: 6. Best value: 0.599587:  21%|██▏       | 32/150 [1:57:50<8:06:31, 247.38s/it]Best trial: 6. Best value: 0.599587:  22%|██▏       | 33/150 [1:57:50<7:48:37, 240.32s/it]                                                                                          Best trial: 6. Best value: 0.599587:  22%|██▏       | 33/150 [2:00:01<7:48:37, 240.32s/it]Best trial: 6. Best value: 0.599587:  22%|██▏       | 33/150 [2:00:01<7:48:37, 240.32s/it]Best trial: 6. Best value: 0.599587:  23%|██▎       | 34/150 [2:00:01<6:41:01, 207.42s/it]                                                                                          Best trial: 6. Best value: 0.599587:  23%|██▎       | 34/150 [2:04:50<6:41:01, 207.42s/it]Best trial: 6. Best value: 0.599587:  23%|██▎       | 34/150 [2:04:50<6:41:01, 207.42s/it]Best trial: 6. Best value: 0.599587:  23%|██▎       | 35/150 [2:04:50<7:24:47, 232.07s/it]                                                                                          Best trial: 6. Best value: 0.599587:  23%|██▎       | 35/150 [2:07:32<7:24:47, 232.07s/it]Best trial: 6. Best value: 0.599587:  23%|██▎       | 35/150 [2:07:32<7:24:47, 232.07s/it]Best trial: 6. Best value: 0.599587:  24%|██▍       | 36/150 [2:07:32<6:40:52, 210.99s/it]                                                                                          Best trial: 6. Best value: 0.599587:  24%|██▍       | 36/150 [2:10:38<6:40:52, 210.99s/it]Best trial: 6. Best value: 0.599587:  24%|██▍       | 36/150 [2:10:38<6:40:52, 210.99s/it]Best trial: 6. Best value: 0.599587:  25%|██▍       | 37/150 [2:10:38<6:23:29, 203.63s/it]                                                                                          Best trial: 6. Best value: 0.599587:  25%|██▍       | 37/150 [2:12:44<6:23:29, 203.63s/it]Best trial: 6. Best value: 0.599587:  25%|██▍       | 37/150 [2:12:44<6:23:29, 203.63s/it]Best trial: 6. Best value: 0.599587:  25%|██▌       | 38/150 [2:12:44<5:36:22, 180.20s/it]                                                                                          Best trial: 6. Best value: 0.599587:  25%|██▌       | 38/150 [2:16:19<5:36:22, 180.20s/it]Best trial: 6. Best value: 0.599587:  25%|██▌       | 38/150 [2:16:19<5:36:22, 180.20s/it]Best trial: 6. Best value: 0.599587:  26%|██▌       | 39/150 [2:16:19<5:52:32, 190.56s/it]                                                                                          Best trial: 6. Best value: 0.599587:  26%|██▌       | 39/150 [2:18:50<5:52:32, 190.56s/it]Best trial: 6. Best value: 0.599587:  26%|██▌       | 39/150 [2:18:50<5:52:32, 190.56s/it]Best trial: 6. Best value: 0.599587:  27%|██▋       | 40/150 [2:18:50<5:27:59, 178.91s/it]                                                                                          Best trial: 6. Best value: 0.599587:  27%|██▋       | 40/150 [2:21:14<5:27:59, 178.91s/it]Best trial: 6. Best value: 0.599587:  27%|██▋       | 40/150 [2:21:14<5:27:59, 178.91s/it]Best trial: 6. Best value: 0.599587:  27%|██▋       | 41/150 [2:21:14<5:05:45, 168.31s/it]                                                                                          Best trial: 6. Best value: 0.599587:  27%|██▋       | 41/150 [2:23:23<5:05:45, 168.31s/it]Best trial: 6. Best value: 0.599587:  27%|██▋       | 41/150 [2:23:23<5:05:45, 168.31s/it]Best trial: 6. Best value: 0.599587:  28%|██▊       | 42/150 [2:23:23<4:41:35, 156.44s/it]                                                                                          Best trial: 6. Best value: 0.599587:  28%|██▊       | 42/150 [2:25:46<4:41:35, 156.44s/it]Best trial: 6. Best value: 0.599587:  28%|██▊       | 42/150 [2:25:46<4:41:35, 156.44s/it]Best trial: 6. Best value: 0.599587:  29%|██▊       | 43/150 [2:25:46<4:32:09, 152.61s/it]                                                                                          Best trial: 6. Best value: 0.599587:  29%|██▊       | 43/150 [2:28:14<4:32:09, 152.61s/it]Best trial: 6. Best value: 0.599587:  29%|██▊       | 43/150 [2:28:14<4:32:09, 152.61s/it]Best trial: 6. Best value: 0.599587:  29%|██▉       | 44/150 [2:28:14<4:27:13, 151.26s/it]                                                                                          [I 2025-01-01 03:10:42,754] Trial 22 finished with value: 0.5271492144616481 and parameters: {'lr': 0.0014351530560422513, 'decay': 0.008681354710576787, 'batch_size': 128, 'nheads': 4, 'project_to': 128, 'hidden_size': 128, 'num_layers': 1, 'dropout': 0.5975406503556681, 'alpha': 0.9218331669355029, 'aug_choice': 6}. Best is trial 6 with value: 0.5995870683333523.
[I 2025-01-01 03:12:14,997] Trial 23 finished with value: 0.4803806694088761 and parameters: {'lr': 0.0003792152904673856, 'decay': 0.0007388274642630551, 'batch_size': 128, 'nheads': 4, 'project_to': 128, 'hidden_size': 128, 'num_layers': 1, 'dropout': 0.6884010204055376, 'alpha': 1.2213178926127428, 'aug_choice': 0}. Best is trial 6 with value: 0.5995870683333523.
[I 2025-01-01 03:19:13,878] Trial 24 finished with value: 0.5795403719127528 and parameters: {'lr': 0.00021735249619101978, 'decay': 0.0018646423183629516, 'batch_size': 128, 'nheads': 4, 'project_to': 128, 'hidden_size': 128, 'num_layers': 2, 'dropout': 0.4907612814585614, 'alpha': 1.4283606303491323, 'aug_choice': 3}. Best is trial 6 with value: 0.5995870683333523.
[I 2025-01-01 03:21:54,635] Trial 25 finished with value: 0.5555072246152106 and parameters: {'lr': 0.005993933992993058, 'decay': 0.008409045863465343, 'batch_size': 128, 'nheads': 2, 'project_to': 128, 'hidden_size': 32, 'num_layers': 1, 'dropout': 0.6351181874134746, 'alpha': 0.652223733558488, 'aug_choice': 8}. Best is trial 6 with value: 0.5995870683333523.
[I 2025-01-01 03:24:29,534] Trial 26 finished with value: 0.5323633838564072 and parameters: {'lr': 0.00228506040820146, 'decay': 0.0006178717347426831, 'batch_size': 128, 'nheads': 4, 'project_to': 128, 'hidden_size': 128, 'num_layers': 2, 'dropout': 0.5673161481235927, 'alpha': 1.037177188938365, 'aug_choice': 5}. Best is trial 6 with value: 0.5995870683333523.
[I 2025-01-01 03:27:20,355] Trial 27 finished with value: 0.5622971561530472 and parameters: {'lr': 0.0011138787386066273, 'decay': 8.222999620070709e-05, 'batch_size': 128, 'nheads': 4, 'project_to': 128, 'hidden_size': 128, 'num_layers': 3, 'dropout': 0.4182389604957637, 'alpha': 1.3502287648847973, 'aug_choice': 2}. Best is trial 6 with value: 0.5995870683333523.
[I 2025-01-01 03:29:05,197] Trial 28 finished with value: 0.5484972508980324 and parameters: {'lr': 0.0026227755375769473, 'decay': 0.0002872351733213472, 'batch_size': 64, 'nheads': 1, 'project_to': 64, 'hidden_size': 64, 'num_layers': 1, 'dropout': 0.3446365137370466, 'alpha': 0.6457816938501102, 'aug_choice': 2}. Best is trial 6 with value: 0.5995870683333523.
[I 2025-01-01 03:31:28,677] Trial 29 finished with value: 0.5230790815151862 and parameters: {'lr': 7.886730572634279e-05, 'decay': 0.0024414219562254582, 'batch_size': 64, 'nheads': 2, 'project_to': 128, 'hidden_size': 32, 'num_layers': 3, 'dropout': 0.18823557005184421, 'alpha': 0.8762386577829331, 'aug_choice': 4}. Best is trial 6 with value: 0.5995870683333523.
[I 2025-01-01 03:40:50,291] Trial 30 finished with value: 0.440648903710913 and parameters: {'lr': 1.0734628589689083e-05, 'decay': 0.0010520298089300368, 'batch_size': 128, 'nheads': 2, 'project_to': 32, 'hidden_size': 64, 'num_layers': 2, 'dropout': 0.2940493320102152, 'alpha': 1.224947420454974, 'aug_choice': 5}. Best is trial 6 with value: 0.5995870683333523.
[I 2025-01-01 03:43:49,043] Trial 31 finished with value: 0.5268291310055744 and parameters: {'lr': 0.00021247148821112213, 'decay': 1.6632535230071695e-05, 'batch_size': 64, 'nheads': 2, 'project_to': 64, 'hidden_size': 64, 'num_layers': 2, 'dropout': 0.11060621441590274, 'alpha': 0.41107853784174386, 'aug_choice': 5}. Best is trial 6 with value: 0.5995870683333523.
[I 2025-01-01 03:47:32,876] Trial 32 finished with value: 0.5794989050581651 and parameters: {'lr': 9.695660172577542e-05, 'decay': 1.1980647112945772e-05, 'batch_size': 64, 'nheads': 2, 'project_to': 64, 'hidden_size': 64, 'num_layers': 2, 'dropout': 0.1745698176550839, 'alpha': 0.12730138951034575, 'aug_choice': 5}. Best is trial 6 with value: 0.5995870683333523.
[I 2025-01-01 03:49:43,545] Trial 33 finished with value: 0.4573990636456477 and parameters: {'lr': 0.00012343902658445215, 'decay': 2.1966993230814082e-05, 'batch_size': 64, 'nheads': 2, 'project_to': 64, 'hidden_size': 64, 'num_layers': 2, 'dropout': 0.14828954020030075, 'alpha': 0.3567459919489428, 'aug_choice': 6}. Best is trial 6 with value: 0.5995870683333523.
[I 2025-01-01 03:54:33,115] Trial 34 finished with value: 0.5341577351266541 and parameters: {'lr': 4.4534395939147616e-05, 'decay': 3.3324492860067165e-05, 'batch_size': 64, 'nheads': 2, 'project_to': 64, 'hidden_size': 64, 'num_layers': 2, 'dropout': 0.2535275326879376, 'alpha': 0.22089527429850742, 'aug_choice': 5}. Best is trial 6 with value: 0.5995870683333523.
[I 2025-01-01 03:57:14,908] Trial 35 finished with value: 0.5815373269704595 and parameters: {'lr': 0.0005110569148107776, 'decay': 6.314377081452187e-05, 'batch_size': 64, 'nheads': 2, 'project_to': 32, 'hidden_size': 32, 'num_layers': 3, 'dropout': 0.22481066862012306, 'alpha': 0.5740278407110025, 'aug_choice': 8}. Best is trial 6 with value: 0.5995870683333523.
[I 2025-01-01 04:00:21,361] Trial 36 finished with value: 0.545574807012643 and parameters: {'lr': 0.0005071081144184478, 'decay': 6.89898867731979e-05, 'batch_size': 64, 'nheads': 2, 'project_to': 32, 'hidden_size': 32, 'num_layers': 3, 'dropout': 0.22226174194697926, 'alpha': 0.5204035277309637, 'aug_choice': 8}. Best is trial 6 with value: 0.5995870683333523.
[I 2025-01-01 04:02:26,894] Trial 37 finished with value: 0.5544803538680441 and parameters: {'lr': 0.0017137497497480203, 'decay': 4.627646351073953e-05, 'batch_size': 64, 'nheads': 2, 'project_to': 32, 'hidden_size': 32, 'num_layers': 3, 'dropout': 0.5032658897130095, 'alpha': 0.7410257619711924, 'aug_choice': 8}. Best is trial 6 with value: 0.5995870683333523.
[I 2025-01-01 04:06:01,644] Trial 38 finished with value: 0.5415762351791862 and parameters: {'lr': 0.0007898854275244769, 'decay': 0.00017639457020333552, 'batch_size': 128, 'nheads': 2, 'project_to': 32, 'hidden_size': 32, 'num_layers': 3, 'dropout': 0.28484140969345695, 'alpha': 0.7193268048603734, 'aug_choice': 1}. Best is trial 6 with value: 0.5995870683333523.
[I 2025-01-01 04:08:33,347] Trial 39 finished with value: 0.5837806318185209 and parameters: {'lr': 0.004459854415908881, 'decay': 0.005909680360547434, 'batch_size': 64, 'nheads': 1, 'project_to': 32, 'hidden_size': 32, 'num_layers': 3, 'dropout': 0.4491903873821592, 'alpha': 0.5641225099771393, 'aug_choice': 8}. Best is trial 6 with value: 0.5995870683333523.
[I 2025-01-01 04:10:56,930] Trial 40 finished with value: 0.5431026519411576 and parameters: {'lr': 0.004161841261924632, 'decay': 0.005460213897540222, 'batch_size': 64, 'nheads': 1, 'project_to': 32, 'hidden_size': 32, 'num_layers': 3, 'dropout': 0.45059937534875744, 'alpha': 0.5624673304300948, 'aug_choice': 8}. Best is trial 6 with value: 0.5995870683333523.
[I 2025-01-01 04:13:05,664] Trial 41 finished with value: 0.5228101295362862 and parameters: {'lr': 0.004922512853873755, 'decay': 0.005661327605247604, 'batch_size': 64, 'nheads': 1, 'project_to': 32, 'hidden_size': 32, 'num_layers': 3, 'dropout': 0.36940110810916604, 'alpha': 0.45483451076837156, 'aug_choice': 8}. Best is trial 6 with value: 0.5995870683333523.
[I 2025-01-01 04:15:29,358] Trial 42 finished with value: 0.5952949838567793 and parameters: {'lr': 0.002781259307131137, 'decay': 0.0029552878001141442, 'batch_size': 64, 'nheads': 1, 'project_to': 32, 'hidden_size': 32, 'num_layers': 3, 'dropout': 0.42682300312895155, 'alpha': 0.5820219278427019, 'aug_choice': 8}. Best is trial 6 with value: 0.5995870683333523.
[I 2025-01-01 04:17:57,464] Trial 43 finished with value: 0.5265193326158051 and parameters: {'lr': 0.002833650758725801, 'decay': 0.002810120208308362, 'batch_size': 64, 'nheads': 1, 'project_to': 32, 'hidden_size': 32, 'num_layers': 3, 'dropout': 0.42042856923928523, 'alpha': 0.3120471875215965, 'aug_choice': 8}. Best is trial 6 with value: 0.5995870683333523.
