[I 2024-12-26 02:39:27,998] Trial 1 finished with value: 0.5612453469655212 and parameters: {'lr': 0.0011558154362303179, 'decay': 0.00012086422763027082, 'batch_size': 128, 'nheads': 1, 'project_to': 64, 'hidden_size': 32, 'num_layers': 1, 'dropout': 0.1530221724595874, 'class_weights': False, 'aug_choice': 6}. Best is trial 1 with value: 0.5612453469655212.
[I 2024-12-26 02:41:22,573] Trial 2 finished with value: 0.46989351756929887 and parameters: {'lr': 0.007024033670833617, 'decay': 0.0010022684289824222, 'batch_size': 64, 'nheads': 2, 'project_to': 128, 'hidden_size': 128, 'num_layers': 2, 'dropout': 0.6121704503132334, 'class_weights': False, 'aug_choice': 0}. Best is trial 1 with value: 0.5612453469655212.
[I 2024-12-26 02:43:30,964] Trial 3 finished with value: 0.43778273375269405 and parameters: {'lr': 0.001408664566785547, 'decay': 1.0661531500287323e-05, 'batch_size': 64, 'nheads': 4, 'project_to': 128, 'hidden_size': 32, 'num_layers': 1, 'dropout': 0.5061984353207124, 'class_weights': True, 'aug_choice': 8}. Best is trial 1 with value: 0.5612453469655212.
[I 2024-12-26 02:47:04,381] Trial 4 finished with value: 0.4093391551984517 and parameters: {'lr': 0.00036921904638730687, 'decay': 0.0005739115397259091, 'batch_size': 128, 'nheads': 1, 'project_to': 32, 'hidden_size': 128, 'num_layers': 3, 'dropout': 0.8068311493176845, 'class_weights': False, 'aug_choice': 5}. Best is trial 1 with value: 0.5612453469655212.
[I 2024-12-26 02:49:21,192] Trial 5 finished with value: 0.5249039110412521 and parameters: {'lr': 0.007030559138892614, 'decay': 0.00010843055152846373, 'batch_size': 64, 'nheads': 2, 'project_to': 32, 'hidden_size': 32, 'num_layers': 3, 'dropout': 0.37310972110906115, 'class_weights': False, 'aug_choice': 5}. Best is trial 1 with value: 0.5612453469655212.
[I 2024-12-26 03:00:09,526] Trial 6 finished with value: 0.5167229082913077 and parameters: {'lr': 3.480866227579873e-05, 'decay': 5.133474722039809e-05, 'batch_size': 128, 'nheads': 1, 'project_to': 64, 'hidden_size': 32, 'num_layers': 1, 'dropout': 0.6173070692087474, 'class_weights': True, 'aug_choice': 3}. Best is trial 1 with value: 0.5612453469655212.
[I 2024-12-26 03:03:02,373] Trial 7 finished with value: 0.34488619152454825 and parameters: {'lr': 1.354624686316671e-05, 'decay': 2.11241006806805e-05, 'batch_size': 64, 'nheads': 4, 'project_to': 128, 'hidden_size': 128, 'num_layers': 2, 'dropout': 0.5058935250466304, 'class_weights': True, 'aug_choice': 8}. Best is trial 1 with value: 0.5612453469655212.
[I 2024-12-26 03:05:31,981] Trial 8 finished with value: 0.47503366998648655 and parameters: {'lr': 0.0004839423862505948, 'decay': 0.0005552128478265716, 'batch_size': 128, 'nheads': 2, 'project_to': 128, 'hidden_size': 128, 'num_layers': 2, 'dropout': 0.7539745852051966, 'class_weights': False, 'aug_choice': 5}. Best is trial 1 with value: 0.5612453469655212.
[I 2024-12-26 03:06:55,010] Trial 9 finished with value: 0.3488658880864684 and parameters: {'lr': 0.0002398499967649323, 'decay': 1.3683248220750323e-05, 'batch_size': 128, 'nheads': 2, 'project_to': 128, 'hidden_size': 128, 'num_layers': 2, 'dropout': 0.8048104167295784, 'class_weights': True, 'aug_choice': 4}. Best is trial 1 with value: 0.5612453469655212.
[I 2024-12-26 03:08:24,704] Trial 10 finished with value: 0.557098563129722 and parameters: {'lr': 0.0017988133270247354, 'decay': 0.006167271810792104, 'batch_size': 128, 'nheads': 1, 'project_to': 64, 'hidden_size': 64, 'num_layers': 1, 'dropout': 0.16199645397790935, 'class_weights': False, 'aug_choice': 6}. Best is trial 1 with value: 0.5612453469655212.
[I 2024-12-26 03:10:08,966] Trial 11 finished with value: 0.5761621174949884 and parameters: {'lr': 0.0016985985582577917, 'decay': 0.008575713656263103, 'batch_size': 128, 'nheads': 1, 'project_to': 64, 'hidden_size': 64, 'num_layers': 1, 'dropout': 0.11052274061795647, 'class_weights': False, 'aug_choice': 6}. Best is trial 11 with value: 0.5761621174949884.
[I 2024-12-26 03:11:44,665] Trial 12 finished with value: 0.5561962538240955 and parameters: {'lr': 0.0016409246168274311, 'decay': 0.00947190901479954, 'batch_size': 128, 'nheads': 1, 'project_to': 64, 'hidden_size': 64, 'num_layers': 1, 'dropout': 0.1083791028650692, 'class_weights': False, 'aug_choice': 6}. Best is trial 11 with value: 0.5761621174949884.
[I 2024-12-26 03:13:05,427] Trial 13 finished with value: 0.5249706053327075 and parameters: {'lr': 0.0009215901798963961, 'decay': 0.0022627777655779818, 'batch_size': 128, 'nheads': 1, 'project_to': 64, 'hidden_size': 64, 'num_layers': 1, 'dropout': 0.2920891846906676, 'class_weights': False, 'aug_choice': 6}. Best is trial 11 with value: 0.5761621174949884.
[I 2024-12-26 03:17:03,434] Trial 14 finished with value: 0.5099748990871669 and parameters: {'lr': 0.00014611810781447085, 'decay': 0.00019904391041879072, 'batch_size': 128, 'nheads': 1, 'project_to': 64, 'hidden_size': 32, 'num_layers': 1, 'dropout': 0.31449148873951493, 'class_weights': False, 'aug_choice': 7}. Best is trial 11 with value: 0.5761621174949884.
[I 2024-12-26 03:19:33,653] Trial 15 finished with value: 0.5458451330013077 and parameters: {'lr': 0.003757884417963138, 'decay': 0.0018314950780230512, 'batch_size': 128, 'nheads': 1, 'project_to': 64, 'hidden_size': 64, 'num_layers': 2, 'dropout': 0.22505076034359317, 'class_weights': False, 'aug_choice': 2}. Best is trial 11 with value: 0.5761621174949884.
[I 2024-12-26 03:22:10,600] Trial 16 finished with value: 0.38439221071382756 and parameters: {'lr': 0.0030245497710075686, 'decay': 0.00023457621999687606, 'batch_size': 128, 'nheads': 4, 'project_to': 64, 'hidden_size': 64, 'num_layers': 1, 'dropout': 0.39902806396829893, 'class_weights': False, 'aug_choice': 1}. Best is trial 11 with value: 0.5761621174949884.
[I 2024-12-26 03:24:05,186] Trial 17 finished with value: 0.5693522603094521 and parameters: {'lr': 0.0006735888501700919, 'decay': 0.0037765878740477, 'batch_size': 128, 'nheads': 1, 'project_to': 64, 'hidden_size': 32, 'num_layers': 3, 'dropout': 0.10366647774395148, 'class_weights': False, 'aug_choice': 6}. Best is trial 11 with value: 0.5761621174949884.
[I 2024-12-26 03:26:20,908] Trial 18 finished with value: 0.3903841239039161 and parameters: {'lr': 0.000135253869208893, 'decay': 0.003238470980303332, 'batch_size': 128, 'nheads': 1, 'project_to': 64, 'hidden_size': 64, 'num_layers': 3, 'dropout': 0.2565032747828263, 'class_weights': True, 'aug_choice': 6}. Best is trial 11 with value: 0.5761621174949884.
[I 2024-12-26 03:28:11,773] Trial 19 finished with value: 0.5001997035836475 and parameters: {'lr': 0.0006557242329618624, 'decay': 0.004236216244587928, 'batch_size': 128, 'nheads': 4, 'project_to': 64, 'hidden_size': 32, 'num_layers': 3, 'dropout': 0.11577317490770518, 'class_weights': False, 'aug_choice': 4}. Best is trial 11 with value: 0.5761621174949884.
[I 2024-12-26 03:30:40,284] Trial 20 finished with value: 0.5713656673228532 and parameters: {'lr': 0.003338385971740084, 'decay': 0.0013019872609264457, 'batch_size': 128, 'nheads': 1, 'project_to': 32, 'hidden_size': 64, 'num_layers': 3, 'dropout': 0.42908420590950236, 'class_weights': False, 'aug_choice': 7}. Best is trial 11 with value: 0.5761621174949884.
[I 2024-12-26 03:33:13,397] Trial 21 finished with value: 0.5435235485620169 and parameters: {'lr': 0.003163956307979862, 'decay': 0.0013870253187295487, 'batch_size': 128, 'nheads': 1, 'project_to': 32, 'hidden_size': 64, 'num_layers': 3, 'dropout': 0.39943156507197414, 'class_weights': False, 'aug_choice': 7}. Best is trial 11 with value: 0.5761621174949884.
Best trial: 11. Best value: 0.576162:  55%|█████▌    | 22/40 [1:02:47<42:22, 141.27s/it]Best trial: 11. Best value: 0.576162:  55%|█████▌    | 22/40 [1:02:47<42:22, 141.27s/it]Best trial: 11. Best value: 0.576162:  57%|█████▊    | 23/40 [1:02:47<42:29, 149.96s/it]                                                                                        Best trial: 11. Best value: 0.576162:  57%|█████▊    | 23/40 [1:08:57<42:29, 149.96s/it]Best trial: 11. Best value: 0.576162:  57%|█████▊    | 23/40 [1:08:57<42:29, 149.96s/it]Best trial: 11. Best value: 0.576162:  60%|██████    | 24/40 [1:08:57<57:33, 215.85s/it]                                                                                        Best trial: 11. Best value: 0.576162:  60%|██████    | 24/40 [1:12:03<57:33, 215.85s/it]Best trial: 11. Best value: 0.576162:  60%|██████    | 24/40 [1:12:03<57:33, 215.85s/it]Best trial: 11. Best value: 0.576162:  62%|██████▎   | 25/40 [1:12:03<51:42, 206.85s/it]                                                                                        Best trial: 11. Best value: 0.576162:  62%|██████▎   | 25/40 [1:14:15<51:42, 206.85s/it]Best trial: 11. Best value: 0.576162:  62%|██████▎   | 25/40 [1:14:15<51:42, 206.85s/it]Best trial: 11. Best value: 0.576162:  65%|██████▌   | 26/40 [1:14:15<43:03, 184.51s/it]                                                                                        Best trial: 11. Best value: 0.576162:  65%|██████▌   | 26/40 [1:17:03<43:03, 184.51s/it]Best trial: 11. Best value: 0.576162:  65%|██████▌   | 26/40 [1:17:03<43:03, 184.51s/it]Best trial: 11. Best value: 0.576162:  68%|██████▊   | 27/40 [1:17:03<38:52, 179.40s/it]                                                                                        Best trial: 11. Best value: 0.576162:  68%|██████▊   | 27/40 [1:19:33<38:52, 179.40s/it]Best trial: 11. Best value: 0.576162:  68%|██████▊   | 27/40 [1:19:33<38:52, 179.40s/it]Best trial: 11. Best value: 0.576162:  70%|███████   | 28/40 [1:19:33<34:07, 170.66s/it]                                                                                        Best trial: 11. Best value: 0.576162:  70%|███████   | 28/40 [1:21:12<34:07, 170.66s/it]Best trial: 28. Best value: 0.623971:  70%|███████   | 28/40 [1:21:12<34:07, 170.66s/it]Best trial: 28. Best value: 0.623971:  72%|███████▎  | 29/40 [1:21:12<27:22, 149.28s/it]                                                                                        Best trial: 28. Best value: 0.623971:  72%|███████▎  | 29/40 [1:22:50<27:22, 149.28s/it]Best trial: 28. Best value: 0.623971:  72%|███████▎  | 29/40 [1:22:50<27:22, 149.28s/it]Best trial: 28. Best value: 0.623971:  75%|███████▌  | 30/40 [1:22:50<22:17, 133.78s/it]                                                                                        Best trial: 28. Best value: 0.623971:  75%|███████▌  | 30/40 [1:24:30<22:17, 133.78s/it]Best trial: 28. Best value: 0.623971:  75%|███████▌  | 30/40 [1:24:30<22:17, 133.78s/it]Best trial: 28. Best value: 0.623971:  78%|███████▊  | 31/40 [1:24:30<18:33, 123.70s/it]                                                                                        Best trial: 28. Best value: 0.623971:  78%|███████▊  | 31/40 [1:26:01<18:33, 123.70s/it]Best trial: 28. Best value: 0.623971:  78%|███████▊  | 31/40 [1:26:01<18:33, 123.70s/it]Best trial: 28. Best value: 0.623971:  80%|████████  | 32/40 [1:26:01<15:10, 113.84s/it]                                                                                        Best trial: 28. Best value: 0.623971:  80%|████████  | 32/40 [1:27:55<15:10, 113.84s/it]Best trial: 28. Best value: 0.623971:  80%|████████  | 32/40 [1:27:55<15:10, 113.84s/it]Best trial: 28. Best value: 0.623971:  82%|████████▎ | 33/40 [1:27:55<13:16, 113.83s/it]                                                                                        Best trial: 28. Best value: 0.623971:  82%|████████▎ | 33/40 [1:29:23<13:16, 113.83s/it]Best trial: 28. Best value: 0.623971:  82%|████████▎ | 33/40 [1:29:23<13:16, 113.83s/it]Best trial: 28. Best value: 0.623971:  85%|████████▌ | 34/40 [1:29:23<10:37, 106.26s/it]                                                                                        Best trial: 28. Best value: 0.623971:  85%|████████▌ | 34/40 [1:31:02<10:37, 106.26s/it]Best trial: 28. Best value: 0.623971:  85%|████████▌ | 34/40 [1:31:02<10:37, 106.26s/it]Best trial: 28. Best value: 0.623971:  88%|████████▊ | 35/40 [1:31:02<08:39, 103.97s/it]                                                                                        Best trial: 28. Best value: 0.623971:  88%|████████▊ | 35/40 [1:32:58<08:39, 103.97s/it]Best trial: 28. Best value: 0.623971:  88%|████████▊ | 35/40 [1:32:58<08:39, 103.97s/it]Best trial: 28. Best value: 0.623971:  90%|█████████ | 36/40 [1:32:58<07:10, 107.64s/it]                                                                                        Best trial: 28. Best value: 0.623971:  90%|█████████ | 36/40 [1:35:51<07:10, 107.64s/it]Best trial: 28. Best value: 0.623971:  90%|█████████ | 36/40 [1:35:51<07:10, 107.64s/it]Best trial: 28. Best value: 0.623971:  92%|█████████▎| 37/40 [1:35:51<06:21, 127.28s/it]                                                                                        Best trial: 28. Best value: 0.623971:  92%|█████████▎| 37/40 [1:37:27<06:21, 127.28s/it]Best trial: 28. Best value: 0.623971:  92%|█████████▎| 37/40 [1:37:27<06:21, 127.28s/it]Best trial: 28. Best value: 0.623971:  95%|█████████▌| 38/40 [1:37:27<03:55, 117.95s/it]                                                                                        Best trial: 28. Best value: 0.623971:  95%|█████████▌| 38/40 [1:40:24<03:55, 117.95s/it]Best trial: 28. Best value: 0.623971:  95%|█████████▌| 38/40 [1:40:24<03:55, 117.95s/it]Best trial: 28. Best value: 0.623971:  98%|█████████▊| 39/40 [1:40:24<02:15, 135.61s/it]                                                                                        Best trial: 28. Best value: 0.623971:  98%|█████████▊| 39/40 [1:43:11<02:15, 135.61s/it]Best trial: 28. Best value: 0.623971:  98%|█████████▊| 39/40 [1:43:11<02:15, 135.61s/it]Best trial: 28. Best value: 0.623971: 100%|██████████| 40/40 [1:43:11<00:00, 145.04s/it]Best trial: 28. Best value: 0.623971: 100%|██████████| 40/40 [1:43:11<00:00, 154.79s/it]
[I 2024-12-26 03:36:03,620] Trial 22 finished with value: 0.5170653258393397 and parameters: {'lr': 0.003688963734371261, 'decay': 0.00991206096438814, 'batch_size': 128, 'nheads': 1, 'project_to': 32, 'hidden_size': 64, 'num_layers': 3, 'dropout': 0.588619225421608, 'class_weights': False, 'aug_choice': 7}. Best is trial 11 with value: 0.5761621174949884.
[I 2024-12-26 03:42:13,166] Trial 23 finished with value: 0.4348899189296825 and parameters: {'lr': 0.0095230065218776, 'decay': 0.004203821665584732, 'batch_size': 128, 'nheads': 1, 'project_to': 32, 'hidden_size': 64, 'num_layers': 3, 'dropout': 0.899307215369997, 'class_weights': False, 'aug_choice': 3}. Best is trial 11 with value: 0.5761621174949884.
[I 2024-12-26 03:45:19,035] Trial 24 finished with value: 0.5057410165877526 and parameters: {'lr': 0.0007000463973820301, 'decay': 0.0008770950634197934, 'batch_size': 128, 'nheads': 1, 'project_to': 32, 'hidden_size': 64, 'num_layers': 3, 'dropout': 0.19730804476832398, 'class_weights': False, 'aug_choice': 1}. Best is trial 11 with value: 0.5761621174949884.
[I 2024-12-26 03:47:31,409] Trial 25 finished with value: 0.5037658495264733 and parameters: {'lr': 0.0020520578734601687, 'decay': 0.0022989143010254797, 'batch_size': 128, 'nheads': 1, 'project_to': 64, 'hidden_size': 32, 'num_layers': 2, 'dropout': 0.34769486969862484, 'class_weights': False, 'aug_choice': 0}. Best is trial 11 with value: 0.5761621174949884.
[I 2024-12-26 03:50:18,901] Trial 26 finished with value: 0.44839826644871694 and parameters: {'lr': 0.0002638489244859286, 'decay': 0.005901483889742425, 'batch_size': 64, 'nheads': 1, 'project_to': 32, 'hidden_size': 64, 'num_layers': 3, 'dropout': 0.4426667589811855, 'class_weights': True, 'aug_choice': 2}. Best is trial 11 with value: 0.5761621174949884.
[I 2024-12-26 03:52:49,149] Trial 27 finished with value: 0.5516126603071262 and parameters: {'lr': 0.005201507868672157, 'decay': 0.0005275871389397273, 'batch_size': 128, 'nheads': 1, 'project_to': 64, 'hidden_size': 32, 'num_layers': 2, 'dropout': 0.27969031126390487, 'class_weights': False, 'aug_choice': 7}. Best is trial 11 with value: 0.5761621174949884.
[I 2024-12-26 03:54:28,539] Trial 28 finished with value: 0.6239711438620613 and parameters: {'lr': 0.0024551136901732958, 'decay': 0.0032168832224452777, 'batch_size': 128, 'nheads': 4, 'project_to': 64, 'hidden_size': 64, 'num_layers': 2, 'dropout': 0.16051652440421238, 'class_weights': False, 'aug_choice': 6}. Best is trial 28 with value: 0.6239711438620613.
[I 2024-12-26 03:56:06,175] Trial 29 finished with value: 0.5828478833954057 and parameters: {'lr': 0.002022538243779783, 'decay': 0.0012548463581584168, 'batch_size': 64, 'nheads': 4, 'project_to': 32, 'hidden_size': 64, 'num_layers': 2, 'dropout': 0.20718449626969918, 'class_weights': False, 'aug_choice': 6}. Best is trial 28 with value: 0.6239711438620613.
[I 2024-12-26 03:57:46,356] Trial 30 finished with value: 0.5986200551846746 and parameters: {'lr': 0.00236532590624311, 'decay': 0.006536210045864033, 'batch_size': 64, 'nheads': 4, 'project_to': 32, 'hidden_size': 64, 'num_layers': 2, 'dropout': 0.19464866802990297, 'class_weights': False, 'aug_choice': 6}. Best is trial 28 with value: 0.6239711438620613.
[I 2024-12-26 03:59:17,198] Trial 31 finished with value: 0.5347091056035168 and parameters: {'lr': 0.0024628329959665235, 'decay': 0.0056154850211617, 'batch_size': 64, 'nheads': 4, 'project_to': 32, 'hidden_size': 64, 'num_layers': 2, 'dropout': 0.20205201103943599, 'class_weights': False, 'aug_choice': 6}. Best is trial 28 with value: 0.6239711438620613.
[I 2024-12-26 04:01:10,996] Trial 32 finished with value: 0.5443500759341963 and parameters: {'lr': 0.0013969077107112286, 'decay': 0.00753195369165999, 'batch_size': 64, 'nheads': 4, 'project_to': 32, 'hidden_size': 64, 'num_layers': 2, 'dropout': 0.15889642548216473, 'class_weights': False, 'aug_choice': 6}. Best is trial 28 with value: 0.6239711438620613.
[I 2024-12-26 04:02:39,584] Trial 33 finished with value: 0.5936249235507184 and parameters: {'lr': 0.00563618302050636, 'decay': 0.0027153081919690154, 'batch_size': 64, 'nheads': 4, 'project_to': 32, 'hidden_size': 64, 'num_layers': 2, 'dropout': 0.23946761166936514, 'class_weights': False, 'aug_choice': 6}. Best is trial 28 with value: 0.6239711438620613.
[I 2024-12-26 04:04:18,226] Trial 34 finished with value: 0.5723412428089317 and parameters: {'lr': 0.0054052340947462335, 'decay': 0.002659594131586032, 'batch_size': 64, 'nheads': 4, 'project_to': 32, 'hidden_size': 64, 'num_layers': 2, 'dropout': 0.23566117836341954, 'class_weights': False, 'aug_choice': 6}. Best is trial 28 with value: 0.6239711438620613.
[I 2024-12-26 04:06:14,407] Trial 35 finished with value: 0.5658932959829689 and parameters: {'lr': 0.0049713997376215424, 'decay': 0.0008485020366949944, 'batch_size': 64, 'nheads': 4, 'project_to': 32, 'hidden_size': 64, 'num_layers': 2, 'dropout': 0.17984511874598014, 'class_weights': False, 'aug_choice': 6}. Best is trial 28 with value: 0.6239711438620613.
[I 2024-12-26 04:09:07,530] Trial 36 finished with value: 0.4539321213948684 and parameters: {'lr': 0.008345342051568679, 'decay': 0.001772027043658395, 'batch_size': 64, 'nheads': 4, 'project_to': 32, 'hidden_size': 64, 'num_layers': 2, 'dropout': 0.24762247377012106, 'class_weights': False, 'aug_choice': 0}. Best is trial 28 with value: 0.6239711438620613.
[I 2024-12-26 04:10:43,690] Trial 37 finished with value: 0.4863537019111659 and parameters: {'lr': 0.0008609163133761082, 'decay': 0.00039215404816826216, 'batch_size': 64, 'nheads': 4, 'project_to': 32, 'hidden_size': 64, 'num_layers': 2, 'dropout': 0.3235951693314512, 'class_weights': True, 'aug_choice': 6}. Best is trial 28 with value: 0.6239711438620613.
[I 2024-12-26 04:13:40,526] Trial 38 finished with value: 0.6213917330837034 and parameters: {'lr': 0.0010471388881246595, 'decay': 0.00141368782165192, 'batch_size': 64, 'nheads': 4, 'project_to': 32, 'hidden_size': 128, 'num_layers': 2, 'dropout': 0.2721664950413535, 'class_weights': False, 'aug_choice': 8}. Best is trial 28 with value: 0.6239711438620613.
[I 2024-12-26 04:16:27,550] Trial 39 finished with value: 0.5454125215346646 and parameters: {'lr': 0.0010599866980955006, 'decay': 0.0033891389846318477, 'batch_size': 64, 'nheads': 4, 'project_to': 128, 'hidden_size': 128, 'num_layers': 2, 'dropout': 0.2846120167963673, 'class_weights': False, 'aug_choice': 8}. Best is trial 28 with value: 0.6239711438620613.

Optimization finished!
Best macro F1: 0.6240
Best hyperparameters:
    lr: 0.0024551136901732958
    decay: 0.0032168832224452777
    batch_size: 128
    nheads: 4
    project_to: 64
    hidden_size: 64
    num_layers: 2
    dropout: 0.16051652440421238
    class_weights: False
    aug_choice: 6
Fold 4: 0 trials completed, running 40 more trials...
[I 2024-12-26 04:16:28,306] A new study created in RDB with name: webcam_engagement_classifier
