[I 2024-12-26 15:01:39,048] Trial 21 finished with value: 0.4054857698767282 and parameters: {'lr': 0.00020969319157294455, 'decay': 0.0005445376623846992, 'batch_size': 128, 'nheads': 4, 'project_to': 128, 'hidden_size': 64, 'num_layers': 2, 'dropout': 0.4703090858495996, 'class_weights': False, 'aug_choice': 1}. Best is trial 17 with value: 0.5346182885009482.
Best trial: 17. Best value: 0.534618:  55%|█████▌    | 22/40 [1:49:02<1:52:35, 375.31s/it]Best trial: 17. Best value: 0.534618:  55%|█████▌    | 22/40 [1:49:02<1:52:35, 375.31s/it]Best trial: 17. Best value: 0.534618:  57%|█████▊    | 23/40 [1:49:02<1:32:01, 324.78s/it]                                                                                          Best trial: 17. Best value: 0.534618:  57%|█████▊    | 23/40 [1:51:12<1:32:01, 324.78s/it]Best trial: 17. Best value: 0.534618:  57%|█████▊    | 23/40 [1:51:12<1:32:01, 324.78s/it]Best trial: 17. Best value: 0.534618:  60%|██████    | 24/40 [1:51:12<1:11:00, 266.27s/it]                                                                                          Best trial: 17. Best value: 0.534618:  60%|██████    | 24/40 [1:54:51<1:11:00, 266.27s/it]Best trial: 17. Best value: 0.534618:  60%|██████    | 24/40 [1:54:51<1:11:00, 266.27s/it]Best trial: 17. Best value: 0.534618:  62%|██████▎   | 25/40 [1:54:51<1:03:01, 252.07s/it]                                                                                          Best trial: 17. Best value: 0.534618:  62%|██████▎   | 25/40 [1:58:42<1:03:01, 252.07s/it]Best trial: 17. Best value: 0.534618:  62%|██████▎   | 25/40 [1:58:42<1:03:01, 252.07s/it]Best trial: 17. Best value: 0.534618:  65%|██████▌   | 26/40 [1:58:42<57:17, 245.57s/it]                                                                                          Best trial: 17. Best value: 0.534618:  65%|██████▌   | 26/40 [2:02:39<57:17, 245.57s/it]Best trial: 17. Best value: 0.534618:  65%|██████▌   | 26/40 [2:02:39<57:17, 245.57s/it]Best trial: 17. Best value: 0.534618:  68%|██████▊   | 27/40 [2:02:39<52:39, 243.07s/it]                                                                                        Best trial: 17. Best value: 0.534618:  68%|██████▊   | 27/40 [2:07:03<52:39, 243.07s/it]Best trial: 17. Best value: 0.534618:  68%|██████▊   | 27/40 [2:07:03<52:39, 243.07s/it]Best trial: 17. Best value: 0.534618:  70%|███████   | 28/40 [2:07:03<49:54, 249.56s/it]                                                                                        Best trial: 17. Best value: 0.534618:  70%|███████   | 28/40 [2:11:00<49:54, 249.56s/it]Best trial: 17. Best value: 0.534618:  70%|███████   | 28/40 [2:11:00<49:54, 249.56s/it]Best trial: 17. Best value: 0.534618:  72%|███████▎  | 29/40 [2:11:00<45:00, 245.50s/it]                                                                                        Best trial: 17. Best value: 0.534618:  72%|███████▎  | 29/40 [2:15:27<45:00, 245.50s/it]Best trial: 17. Best value: 0.534618:  72%|███████▎  | 29/40 [2:15:27<45:00, 245.50s/it]Best trial: 17. Best value: 0.534618:  75%|███████▌  | 30/40 [2:15:27<42:02, 252.21s/it]                                                                                        Best trial: 17. Best value: 0.534618:  75%|███████▌  | 30/40 [2:30:13<42:02, 252.21s/it]Best trial: 17. Best value: 0.534618:  75%|███████▌  | 30/40 [2:30:13<42:02, 252.21s/it]Best trial: 17. Best value: 0.534618:  78%|███████▊  | 31/40 [2:30:13<1:06:19, 442.21s/it]                                                                                          Best trial: 17. Best value: 0.534618:  78%|███████▊  | 31/40 [2:34:56<1:06:19, 442.21s/it]Best trial: 17. Best value: 0.534618:  78%|███████▊  | 31/40 [2:34:56<1:06:19, 442.21s/it]Best trial: 17. Best value: 0.534618:  80%|████████  | 32/40 [2:34:56<52:36, 394.55s/it]                                                                                          Best trial: 17. Best value: 0.534618:  80%|████████  | 32/40 [2:39:53<52:36, 394.55s/it]Best trial: 17. Best value: 0.534618:  80%|████████  | 32/40 [2:39:53<52:36, 394.55s/it]Best trial: 17. Best value: 0.534618:  82%|████████▎ | 33/40 [2:39:53<42:36, 365.17s/it]                                                                                        Best trial: 17. Best value: 0.534618:  82%|████████▎ | 33/40 [2:42:58<42:36, 365.17s/it]Best trial: 17. Best value: 0.534618:  82%|████████▎ | 33/40 [2:42:58<42:36, 365.17s/it]Best trial: 17. Best value: 0.534618:  85%|████████▌ | 34/40 [2:42:58<31:07, 311.27s/it]                                                                                        Best trial: 17. Best value: 0.534618:  85%|████████▌ | 34/40 [2:47:02<31:07, 311.27s/it]Best trial: 17. Best value: 0.534618:  85%|████████▌ | 34/40 [2:47:02<31:07, 311.27s/it]Best trial: 17. Best value: 0.534618:  88%|████████▊ | 35/40 [2:47:02<24:15, 291.06s/it]                                                                                        Best trial: 17. Best value: 0.534618:  88%|████████▊ | 35/40 [2:51:09<24:15, 291.06s/it]Best trial: 17. Best value: 0.534618:  88%|████████▊ | 35/40 [2:51:09<24:15, 291.06s/it]Best trial: 17. Best value: 0.534618:  90%|█████████ | 36/40 [2:51:09<18:31, 277.80s/it]                                                                                        Best trial: 17. Best value: 0.534618:  90%|█████████ | 36/40 [2:56:20<18:31, 277.80s/it]Best trial: 17. Best value: 0.534618:  90%|█████████ | 36/40 [2:56:20<18:31, 277.80s/it]Best trial: 17. Best value: 0.534618:  92%|█████████▎| 37/40 [2:56:20<14:23, 287.84s/it]                                                                                        Best trial: 17. Best value: 0.534618:  92%|█████████▎| 37/40 [2:58:36<14:23, 287.84s/it]Best trial: 17. Best value: 0.534618:  92%|█████████▎| 37/40 [2:58:36<14:23, 287.84s/it]Best trial: 17. Best value: 0.534618:  95%|█████████▌| 38/40 [2:58:36<08:04, 242.15s/it]                                                                                        Best trial: 17. Best value: 0.534618:  95%|█████████▌| 38/40 [3:02:50<08:04, 242.15s/it]Best trial: 17. Best value: 0.534618:  95%|█████████▌| 38/40 [3:02:50<08:04, 242.15s/it]Best trial: 17. Best value: 0.534618:  98%|█████████▊| 39/40 [3:02:50<04:05, 245.65s/it]                                                                                        Best trial: 17. Best value: 0.534618:  98%|█████████▊| 39/40 [3:13:17<04:05, 245.65s/it]Best trial: 17. Best value: 0.534618:  98%|█████████▊| 39/40 [3:13:17<04:05, 245.65s/it]Best trial: 17. Best value: 0.534618: 100%|██████████| 40/40 [3:13:17<00:00, 360.01s/it]Best trial: 17. Best value: 0.534618: 100%|██████████| 40/40 [3:13:17<00:00, 289.93s/it]
[I 2024-12-26 15:05:05,959] Trial 22 finished with value: 0.40860100284122686 and parameters: {'lr': 0.00030918677988711244, 'decay': 0.0019931916364940845, 'batch_size': 128, 'nheads': 4, 'project_to': 128, 'hidden_size': 64, 'num_layers': 3, 'dropout': 0.37826046516431816, 'class_weights': False, 'aug_choice': 0}. Best is trial 17 with value: 0.5346182885009482.
[I 2024-12-26 15:07:15,765] Trial 23 finished with value: 0.4123977358823614 and parameters: {'lr': 0.0001266833137885973, 'decay': 0.0006243971212404528, 'batch_size': 128, 'nheads': 1, 'project_to': 128, 'hidden_size': 64, 'num_layers': 2, 'dropout': 0.30995268421383804, 'class_weights': False, 'aug_choice': 4}. Best is trial 17 with value: 0.5346182885009482.
[I 2024-12-26 15:10:54,708] Trial 24 finished with value: 0.47855186600580696 and parameters: {'lr': 6.1001306813452236e-05, 'decay': 0.00015952828323267804, 'batch_size': 128, 'nheads': 4, 'project_to': 128, 'hidden_size': 64, 'num_layers': 3, 'dropout': 0.25744221267392964, 'class_weights': False, 'aug_choice': 6}. Best is trial 17 with value: 0.5346182885009482.
[I 2024-12-26 15:14:45,095] Trial 25 finished with value: 0.4593855426197757 and parameters: {'lr': 0.00025953832586601453, 'decay': 2.702520028689852e-05, 'batch_size': 128, 'nheads': 1, 'project_to': 128, 'hidden_size': 64, 'num_layers': 2, 'dropout': 0.570259376555658, 'class_weights': False, 'aug_choice': 5}. Best is trial 17 with value: 0.5346182885009482.
[I 2024-12-26 15:18:42,358] Trial 26 finished with value: 0.4274411640412002 and parameters: {'lr': 0.0007882401563092274, 'decay': 0.00038387470099598, 'batch_size': 64, 'nheads': 4, 'project_to': 32, 'hidden_size': 64, 'num_layers': 3, 'dropout': 0.40941737034918446, 'class_weights': False, 'aug_choice': 2}. Best is trial 17 with value: 0.5346182885009482.
[I 2024-12-26 15:23:07,055] Trial 27 finished with value: 0.46197937543347756 and parameters: {'lr': 0.004534537367443978, 'decay': 0.004177208140917166, 'batch_size': 128, 'nheads': 4, 'project_to': 128, 'hidden_size': 64, 'num_layers': 2, 'dropout': 0.2015545141915257, 'class_weights': False, 'aug_choice': 2}. Best is trial 17 with value: 0.5346182885009482.
[I 2024-12-26 15:27:03,077] Trial 28 finished with value: 0.49452821259802043 and parameters: {'lr': 0.0016544183325708168, 'decay': 0.00011098410784913456, 'batch_size': 64, 'nheads': 2, 'project_to': 128, 'hidden_size': 32, 'num_layers': 3, 'dropout': 0.33284639633145546, 'class_weights': False, 'aug_choice': 5}. Best is trial 17 with value: 0.5346182885009482.
[I 2024-12-26 15:31:30,932] Trial 29 finished with value: 0.5037102855648956 and parameters: {'lr': 0.0005216946240881959, 'decay': 0.000262833577664223, 'batch_size': 128, 'nheads': 1, 'project_to': 128, 'hidden_size': 128, 'num_layers': 1, 'dropout': 0.3870149044099942, 'class_weights': False, 'aug_choice': 7}. Best is trial 17 with value: 0.5346182885009482.
[I 2024-12-26 15:46:16,459] Trial 30 finished with value: 0.43855189763581853 and parameters: {'lr': 3.243808432350938e-05, 'decay': 0.0021869225051771688, 'batch_size': 128, 'nheads': 4, 'project_to': 32, 'hidden_size': 64, 'num_layers': 1, 'dropout': 0.4768514781937736, 'class_weights': False, 'aug_choice': 7}. Best is trial 17 with value: 0.5346182885009482.
[I 2024-12-26 15:50:59,824] Trial 31 finished with value: 0.492474467319616 and parameters: {'lr': 0.0003774766122507063, 'decay': 0.005582393611544966, 'batch_size': 64, 'nheads': 4, 'project_to': 64, 'hidden_size': 64, 'num_layers': 1, 'dropout': 0.37735763841744585, 'class_weights': False, 'aug_choice': 7}. Best is trial 17 with value: 0.5346182885009482.
[I 2024-12-26 15:55:56,444] Trial 32 finished with value: 0.49987648869485474 and parameters: {'lr': 0.00017010092150676528, 'decay': 0.0031140594744194284, 'batch_size': 64, 'nheads': 4, 'project_to': 64, 'hidden_size': 64, 'num_layers': 1, 'dropout': 0.3407394269361938, 'class_weights': False, 'aug_choice': 7}. Best is trial 17 with value: 0.5346182885009482.
[I 2024-12-26 15:59:01,932] Trial 33 finished with value: 0.42493177797134435 and parameters: {'lr': 0.00011055158764736156, 'decay': 0.006273543611076589, 'batch_size': 64, 'nheads': 4, 'project_to': 64, 'hidden_size': 64, 'num_layers': 1, 'dropout': 0.2861714134644837, 'class_weights': False, 'aug_choice': 6}. Best is trial 17 with value: 0.5346182885009482.
[I 2024-12-26 16:03:05,831] Trial 34 finished with value: 0.3989591850955016 and parameters: {'lr': 0.0007017643128252674, 'decay': 0.0018063179675969982, 'batch_size': 64, 'nheads': 4, 'project_to': 64, 'hidden_size': 64, 'num_layers': 1, 'dropout': 0.4181817309244974, 'class_weights': True, 'aug_choice': 7}. Best is trial 17 with value: 0.5346182885009482.
[I 2024-12-26 16:07:12,700] Trial 35 finished with value: 0.4932604916657494 and parameters: {'lr': 0.0013246428745654116, 'decay': 0.0007330954698659909, 'batch_size': 64, 'nheads': 2, 'project_to': 128, 'hidden_size': 64, 'num_layers': 1, 'dropout': 0.17002482402584887, 'class_weights': False, 'aug_choice': 7}. Best is trial 17 with value: 0.5346182885009482.
[I 2024-12-26 16:12:23,978] Trial 36 finished with value: 0.31006331673481397 and parameters: {'lr': 9.098407051294506e-05, 'decay': 0.0031376102539745327, 'batch_size': 64, 'nheads': 4, 'project_to': 64, 'hidden_size': 32, 'num_layers': 2, 'dropout': 0.5316055223418692, 'class_weights': True, 'aug_choice': 1}. Best is trial 17 with value: 0.5346182885009482.
[I 2024-12-26 16:14:39,499] Trial 37 finished with value: 0.4292045571811773 and parameters: {'lr': 0.0003079540095256103, 'decay': 0.0013811055469414343, 'batch_size': 128, 'nheads': 4, 'project_to': 32, 'hidden_size': 64, 'num_layers': 1, 'dropout': 0.2691841662496943, 'class_weights': False, 'aug_choice': 4}. Best is trial 17 with value: 0.5346182885009482.
[I 2024-12-26 16:18:53,333] Trial 38 finished with value: 0.5064300341227844 and parameters: {'lr': 0.0005685434991071949, 'decay': 0.00018809675709836583, 'batch_size': 64, 'nheads': 2, 'project_to': 64, 'hidden_size': 128, 'num_layers': 2, 'dropout': 0.6521905944224922, 'class_weights': True, 'aug_choice': 7}. Best is trial 17 with value: 0.5346182885009482.
[I 2024-12-26 16:29:20,175] Trial 39 finished with value: 0.5118254231300595 and parameters: {'lr': 0.00017426222733477848, 'decay': 0.0065767946098314834, 'batch_size': 128, 'nheads': 1, 'project_to': 128, 'hidden_size': 64, 'num_layers': 1, 'dropout': 0.45834691388875964, 'class_weights': False, 'aug_choice': 3}. Best is trial 17 with value: 0.5346182885009482.

Optimization finished!
Best macro F1: 0.5346
Best hyperparameters:
    lr: 0.0002698185026094123
    decay: 0.0005159458440262277
    batch_size: 128
    nheads: 4
    project_to: 128
    hidden_size: 64
    num_layers: 3
    dropout: 0.15330361498737408
    class_weights: False
    aug_choice: 2
Fold 1: 0 trials completed, running 40 more trials...
[I 2024-12-26 16:29:20,906] A new study created in RDB with name: webcam_engagement_classifier
