[I 2024-12-26 21:53:07,711] Trial 21 finished with value: 0.33997351718766927 and parameters: {'lr': 0.00034776894837347506, 'decay': 1.4051199708198415e-05, 'batch_size': 128, 'nheads': 2, 'project_to': 32, 'hidden_size': 32, 'num_layers': 2, 'dropout': 0.2351557446288161, 'class_weights': True, 'aug_choice': 8}. Best is trial 5 with value: 0.5576504066917297.
Best trial: 5. Best value: 0.55765:  55%|█████▌    | 22/40 [2:18:33<2:10:39, 435.55s/it]Best trial: 5. Best value: 0.55765:  55%|█████▌    | 22/40 [2:18:33<2:10:39, 435.55s/it]Best trial: 5. Best value: 0.55765:  57%|█████▊    | 23/40 [2:18:33<1:48:08, 381.65s/it]                                                                                        Best trial: 5. Best value: 0.55765:  57%|█████▊    | 23/40 [2:22:00<1:48:08, 381.65s/it]Best trial: 5. Best value: 0.55765:  57%|█████▊    | 23/40 [2:22:00<1:48:08, 381.65s/it]Best trial: 5. Best value: 0.55765:  60%|██████    | 24/40 [2:22:00<1:27:47, 329.22s/it]                                                                                        Best trial: 5. Best value: 0.55765:  60%|██████    | 24/40 [2:24:23<1:27:47, 329.22s/it]Best trial: 5. Best value: 0.55765:  60%|██████    | 24/40 [2:24:23<1:27:47, 329.22s/it]Best trial: 5. Best value: 0.55765:  62%|██████▎   | 25/40 [2:24:23<1:08:23, 273.54s/it]                                                                                        Best trial: 5. Best value: 0.55765:  62%|██████▎   | 25/40 [2:27:42<1:08:23, 273.54s/it]Best trial: 5. Best value: 0.55765:  62%|██████▎   | 25/40 [2:27:42<1:08:23, 273.54s/it]Best trial: 5. Best value: 0.55765:  65%|██████▌   | 26/40 [2:27:42<58:36, 251.18s/it]                                                                                        Best trial: 5. Best value: 0.55765:  65%|██████▌   | 26/40 [2:35:44<58:36, 251.18s/it]Best trial: 5. Best value: 0.55765:  65%|██████▌   | 26/40 [2:35:44<58:36, 251.18s/it]Best trial: 5. Best value: 0.55765:  68%|██████▊   | 27/40 [2:35:44<1:09:25, 320.46s/it]                                                                                        Best trial: 5. Best value: 0.55765:  68%|██████▊   | 27/40 [2:40:38<1:09:25, 320.46s/it]Best trial: 5. Best value: 0.55765:  68%|██████▊   | 27/40 [2:40:38<1:09:25, 320.46s/it]Best trial: 5. Best value: 0.55765:  70%|███████   | 28/40 [2:40:38<1:02:29, 312.48s/it]                                                                                        Best trial: 5. Best value: 0.55765:  70%|███████   | 28/40 [2:47:23<1:02:29, 312.48s/it]Best trial: 5. Best value: 0.55765:  70%|███████   | 28/40 [2:47:23<1:02:29, 312.48s/it]Best trial: 5. Best value: 0.55765:  72%|███████▎  | 29/40 [2:47:23<1:02:21, 340.17s/it]Fold 0: 0 trials completed, running 40 more trials...
[I 2024-12-27 13:05:05,248] A new study created in RDB with name: webcam_engagement_classifier
  0%|          | 0/40 [00:00<?, ?it/s]Fold 0: 0 trials completed, running 40 more trials...
[I 2024-12-27 13:20:48,848] A new study created in RDB with name: webcam_engagement_classifier
  0%|          | 0/40 [00:00<?, ?it/s]/home/ammar/miniconda3/envs/torch/lib/python3.12/site-packages/torch/nn/modules/transformer.py:286: UserWarning: enable_nested_tensor is True, but self.use_nested_tensor is False because encoder_layer.self_attn.num_heads is odd
  warnings.warn(f"enable_nested_tensor is True, but self.use_nested_tensor is False because {why_not_sparsity_fast_path}")
/home/ammar/miniconda3/envs/torch/lib/python3.12/site-packages/torch/nn/modules/transformer.py:286: UserWarning: enable_nested_tensor is True, but self.use_nested_tensor is False because encoder_layer.self_attn.num_heads is odd
  warnings.warn(f"enable_nested_tensor is True, but self.use_nested_tensor is False because {why_not_sparsity_fast_path}")
/home/ammar/miniconda3/envs/torch/lib/python3.12/site-packages/torch/nn/modules/transformer.py:286: UserWarning: enable_nested_tensor is True, but self.use_nested_tensor is False because encoder_layer.self_attn.num_heads is odd
  warnings.warn(f"enable_nested_tensor is True, but self.use_nested_tensor is False because {why_not_sparsity_fast_path}")
/home/ammar/miniconda3/envs/torch/lib/python3.12/site-packages/torch/nn/modules/transformer.py:286: UserWarning: enable_nested_tensor is True, but self.use_nested_tensor is False because encoder_layer.self_attn.num_heads is odd
  warnings.warn(f"enable_nested_tensor is True, but self.use_nested_tensor is False because {why_not_sparsity_fast_path}")
/home/ammar/miniconda3/envs/torch/lib/python3.12/site-packages/torch/nn/modules/transformer.py:286: UserWarning: enable_nested_tensor is True, but self.use_nested_tensor is False because encoder_layer.self_attn.num_heads is odd
  warnings.warn(f"enable_nested_tensor is True, but self.use_nested_tensor is False because {why_not_sparsity_fast_path}")
/home/ammar/miniconda3/envs/torch/lib/python3.12/site-packages/torch/nn/modules/transformer.py:286: UserWarning: enable_nested_tensor is True, but self.use_nested_tensor is False because encoder_layer.self_attn.num_heads is odd
  warnings.warn(f"enable_nested_tensor is True, but self.use_nested_tensor is False because {why_not_sparsity_fast_path}")
                                        0%|          | 0/40 [02:10<?, ?it/s]                                        0%|          | 0/40 [02:10<?, ?it/s]  2%|▎         | 1/40 [02:10<1:25:06, 130.94s/it]Fold 0: 0 trials completed, running 40 more trials...
[I 2024-12-28 10:18:23,751] A new study created in RDB with name: webcam_engagement_classifier
  0%|          | 0/40 [00:00<?, ?it/s]/home/ammar/miniconda3/envs/torch/lib/python3.12/site-packages/torch/nn/modules/transformer.py:286: UserWarning: enable_nested_tensor is True, but self.use_nested_tensor is False because encoder_layer.self_attn.num_heads is odd
  warnings.warn(f"enable_nested_tensor is True, but self.use_nested_tensor is False because {why_not_sparsity_fast_path}")
/home/ammar/miniconda3/envs/torch/lib/python3.12/site-packages/torch/nn/modules/transformer.py:286: UserWarning: enable_nested_tensor is True, but self.use_nested_tensor is False because encoder_layer.self_attn.num_heads is odd
  warnings.warn(f"enable_nested_tensor is True, but self.use_nested_tensor is False because {why_not_sparsity_fast_path}")
/home/ammar/miniconda3/envs/torch/lib/python3.12/site-packages/torch/nn/modules/transformer.py:286: UserWarning: enable_nested_tensor is True, but self.use_nested_tensor is False because encoder_layer.self_attn.num_heads is odd
  warnings.warn(f"enable_nested_tensor is True, but self.use_nested_tensor is False because {why_not_sparsity_fast_path}")
/home/ammar/miniconda3/envs/torch/lib/python3.12/site-packages/torch/nn/modules/transformer.py:286: UserWarning: enable_nested_tensor is True, but self.use_nested_tensor is False because encoder_layer.self_attn.num_heads is odd
  warnings.warn(f"enable_nested_tensor is True, but self.use_nested_tensor is False because {why_not_sparsity_fast_path}")
/home/ammar/miniconda3/envs/torch/lib/python3.12/site-packages/torch/nn/modules/transformer.py:286: UserWarning: enable_nested_tensor is True, but self.use_nested_tensor is False because encoder_layer.self_attn.num_heads is odd
  warnings.warn(f"enable_nested_tensor is True, but self.use_nested_tensor is False because {why_not_sparsity_fast_path}")
/home/ammar/miniconda3/envs/torch/lib/python3.12/site-packages/torch/nn/modules/transformer.py:286: UserWarning: enable_nested_tensor is True, but self.use_nested_tensor is False because encoder_layer.self_attn.num_heads is odd
  warnings.warn(f"enable_nested_tensor is True, but self.use_nested_tensor is False because {why_not_sparsity_fast_path}")
                                        0%|          | 0/40 [02:46<?, ?it/s]                                        0%|          | 0/40 [02:46<?, ?it/s]  2%|▎         | 1/40 [02:46<1:48:02, 166.23s/it]Fold 0: 0 trials completed, running 40 more trials...
Traceback (most recent call last):
  File "/home/ammar/MultimodalEngagement/src/optimize_hyperparams.py", line 225, in <module>
    main()
  File "/home/ammar/MultimodalEngagement/src/optimize_hyperparams.py", line 178, in main
    with open(args.base_config) as f:
         ^^^^^^^^^^^^^^^^^^^^^^
FileNotFoundError: [Errno 2] No such file or directory: '../configs/training_configs.yml'
Error occurred while processing fold 0
Fold 0: 0 trials completed, running 40 more trials...
[I 2024-12-28 10:42:34,941] A new study created in RDB with name: webcam_engagement_classifier
  0%|          | 0/40 [00:00<?, ?it/s]                                        0%|          | 0/40 [00:00<?, ?it/s]                                        0%|          | 0/40 [00:00<?, ?it/s]                                        2%|▎         | 1/40 [00:00<00:08,  4.56it/s]                                                2%|▎         | 1/40 [00:00<00:08,  4.56it/s]  5%|▌         | 2/40 [00:00<00:04,  9.00it/s]                                                5%|▌         | 2/40 [00:00<00:04,  9.00it/s]                                                5%|▌         | 2/40 [00:00<00:04,  9.00it/s]                                                8%|▊         | 3/40 [00:00<00:04,  9.00it/s]                                                8%|▊         | 3/40 [00:00<00:04,  9.00it/s] 10%|█         | 4/40 [00:00<00:03, 10.67it/s]                                               10%|█         | 4/40 [00:00<00:03, 10.67it/s]                                               10%|█         | 4/40 [00:00<00:03, 10.67it/s]                                               12%|█▎        | 5/40 [00:00<00:03, 10.67it/s]                                               12%|█▎        | 5/40 [00:00<00:03, 10.67it/s] 15%|█▌        | 6/40 [00:00<00:03, 11.30it/s]                                               15%|█▌        | 6/40 [00:00<00:03, 11.30it/s]                                               15%|█▌        | 6/40 [00:00<00:03, 11.30it/s]                                               18%|█▊        | 7/40 [00:00<00:02, 11.30it/s]                                               18%|█▊        | 7/40 [00:00<00:02, 11.30it/s] 20%|██        | 8/40 [00:00<00:02, 10.87it/s]                                               20%|██        | 8/40 [00:00<00:02, 10.87it/s]                                               20%|██        | 8/40 [00:00<00:02, 10.87it/s]                                               22%|██▎       | 9/40 [00:00<00:02, 10.87it/s]                                               22%|██▎       | 9/40 [00:00<00:02, 10.87it/s] 25%|██▌       | 10/40 [00:00<00:02, 11.22it/s]                                                25%|██▌       | 10/40 [00:00<00:02, 11.22it/s]                                                25%|██▌       | 10/40 [00:00<00:02, 11.22it/s]                                                28%|██▊       | 11/40 [00:01<00:02, 11.22it/s]                                                28%|██▊       | 11/40 [00:01<00:02, 11.22it/s] 30%|███       | 12/40 [00:01<00:02, 11.56it/s]                                               Configuration file not found: ../results/optimization/fold_0/trial_0/config.yml
Trial failed due to: <class 'FileNotFoundError'>: [Errno 2] No such file or directory: '../results/optimization/fold_0/trial_0/config.yml'
[W 2024-12-28 10:42:35,026] Trial 0 failed with parameters: {'lr': 0.0019761829052985956, 'decay': 2.1202643635049695e-05, 'batch_size': 64, 'nheads': 2, 'project_to': 64, 'hidden_size': 128, 'num_layers': 1, 'dropout': 0.3835133183893873, 'class_weights': False, 'aug_choice': 4} because of the following error: The value None could not be cast to float..
[W 2024-12-28 10:42:35,027] Trial 0 failed with value None.
Configuration file not found: ../results/optimization/fold_0/trial_1/config.yml
Trial failed due to: <class 'FileNotFoundError'>: [Errno 2] No such file or directory: '../results/optimization/fold_0/trial_1/config.yml'
[W 2024-12-28 10:42:35,162] Trial 1 failed with parameters: {'lr': 1.4720576975801791e-05, 'decay': 5.7267727486092796e-05, 'batch_size': 64, 'nheads': 1, 'project_to': 128, 'hidden_size': 64, 'num_layers': 1, 'dropout': 0.5822678655823952, 'class_weights': False, 'aug_choice': 7} because of the following error: The value None could not be cast to float..
[W 2024-12-28 10:42:35,162] Trial 1 failed with value None.
Configuration file not found: ../results/optimization/fold_0/trial_2/config.yml
Trial failed due to: <class 'FileNotFoundError'>: [Errno 2] No such file or directory: '../results/optimization/fold_0/trial_2/config.yml'
[W 2024-12-28 10:42:35,247] Trial 2 failed with parameters: {'lr': 1.0540899478257031e-05, 'decay': 0.0021787340735059785, 'batch_size': 64, 'nheads': 1, 'project_to': 32, 'hidden_size': 64, 'num_layers': 1, 'dropout': 0.16298494245584644, 'class_weights': False, 'aug_choice': 6} because of the following error: The value None could not be cast to float..
[W 2024-12-28 10:42:35,247] Trial 2 failed with value None.
Configuration file not found: ../results/optimization/fold_0/trial_3/config.yml
Trial failed due to: <class 'FileNotFoundError'>: [Errno 2] No such file or directory: '../results/optimization/fold_0/trial_3/config.yml'
[W 2024-12-28 10:42:35,326] Trial 3 failed with parameters: {'lr': 0.0001252970443315747, 'decay': 0.00010157254670412637, 'batch_size': 64, 'nheads': 1, 'project_to': 64, 'hidden_size': 64, 'num_layers': 1, 'dropout': 0.28151382766873834, 'class_weights': True, 'aug_choice': 2} because of the following error: The value None could not be cast to float..
[W 2024-12-28 10:42:35,327] Trial 3 failed with value None.
Configuration file not found: ../results/optimization/fold_0/trial_4/config.yml
Trial failed due to: <class 'FileNotFoundError'>: [Errno 2] No such file or directory: '../results/optimization/fold_0/trial_4/config.yml'
[W 2024-12-28 10:42:35,414] Trial 4 failed with parameters: {'lr': 0.0005975902909847417, 'decay': 0.00034086658334012306, 'batch_size': 128, 'nheads': 2, 'project_to': 64, 'hidden_size': 128, 'num_layers': 3, 'dropout': 0.14598754153623777, 'class_weights': True, 'aug_choice': 6} because of the following error: The value None could not be cast to float..
[W 2024-12-28 10:42:35,414] Trial 4 failed with value None.
Configuration file not found: ../results/optimization/fold_0/trial_5/config.yml
Trial failed due to: <class 'FileNotFoundError'>: [Errno 2] No such file or directory: '../results/optimization/fold_0/trial_5/config.yml'
[W 2024-12-28 10:42:35,492] Trial 5 failed with parameters: {'lr': 0.00036120240047577486, 'decay': 0.0001905003599990966, 'batch_size': 128, 'nheads': 2, 'project_to': 32, 'hidden_size': 128, 'num_layers': 2, 'dropout': 0.5355420973767672, 'class_weights': False, 'aug_choice': 3} because of the following error: The value None could not be cast to float..
[W 2024-12-28 10:42:35,492] Trial 5 failed with value None.
Configuration file not found: ../results/optimization/fold_0/trial_6/config.yml
Trial failed due to: <class 'FileNotFoundError'>: [Errno 2] No such file or directory: '../results/optimization/fold_0/trial_6/config.yml'
[W 2024-12-28 10:42:35,566] Trial 6 failed with parameters: {'lr': 1.5581435811105806e-05, 'decay': 0.0004491456378755836, 'batch_size': 128, 'nheads': 4, 'project_to': 128, 'hidden_size': 64, 'num_layers': 1, 'dropout': 0.5757120651226013, 'class_weights': False, 'aug_choice': 3} because of the following error: The value None could not be cast to float..
[W 2024-12-28 10:42:35,566] Trial 6 failed with value None.
Configuration file not found: ../results/optimization/fold_0/trial_7/config.yml
Trial failed due to: <class 'FileNotFoundError'>: [Errno 2] No such file or directory: '../results/optimization/fold_0/trial_7/config.yml'
[W 2024-12-28 10:42:35,684] Trial 7 failed with parameters: {'lr': 0.0002559552105338279, 'decay': 0.0033870226131989143, 'batch_size': 128, 'nheads': 4, 'project_to': 32, 'hidden_size': 128, 'num_layers': 2, 'dropout': 0.2268889422972321, 'class_weights': True, 'aug_choice': 2} because of the following error: The value None could not be cast to float..
[W 2024-12-28 10:42:35,685] Trial 7 failed with value None.
Configuration file not found: ../results/optimization/fold_0/trial_8/config.yml
Trial failed due to: <class 'FileNotFoundError'>: [Errno 2] No such file or directory: '../results/optimization/fold_0/trial_8/config.yml'
[W 2024-12-28 10:42:35,771] Trial 8 failed with parameters: {'lr': 0.002603761562964116, 'decay': 0.002483379119823819, 'batch_size': 128, 'nheads': 2, 'project_to': 64, 'hidden_size': 32, 'num_layers': 2, 'dropout': 0.22634788934233802, 'class_weights': False, 'aug_choice': 5} because of the following error: The value None could not be cast to float..
[W 2024-12-28 10:42:35,771] Trial 8 failed with value None.
Configuration file not found: ../results/optimization/fold_0/trial_9/config.yml
Trial failed due to: <class 'FileNotFoundError'>: [Errno 2] No such file or directory: '../results/optimization/fold_0/trial_9/config.yml'
[W 2024-12-28 10:42:35,853] Trial 9 failed with parameters: {'lr': 2.5518580097641894e-05, 'decay': 0.0003379208499624588, 'batch_size': 64, 'nheads': 2, 'project_to': 64, 'hidden_size': 128, 'num_layers': 2, 'dropout': 0.4943757785425047, 'class_weights': True, 'aug_choice': 3} because of the following error: The value None could not be cast to float..
[W 2024-12-28 10:42:35,854] Trial 9 failed with value None.
Configuration file not found: ../results/optimization/fold_0/trial_10/config.yml
Trial failed due to: <class 'FileNotFoundError'>: [Errno 2] No such file or directory: '../results/optimization/fold_0/trial_10/config.yml'
[W 2024-12-28 10:42:35,942] Trial 10 failed with parameters: {'lr': 0.007913492494233143, 'decay': 1.0562787482231038e-05, 'batch_size': 128, 'nheads': 4, 'project_to': 32, 'hidden_size': 64, 'num_layers': 3, 'dropout': 0.4256932935392247, 'class_weights': True, 'aug_choice': 2} because of the following error: The value None could not be cast to float..
[W 2024-12-28 10:42:35,942] Trial 10 failed with value None.
Configuration file not found: ../results/optimization/fold_0/trial_11/config.yml
Trial failed due to: <class 'FileNotFoundError'>: [Errno 2] No such file or directory: '../results/optimization/fold_0/trial_11/config.yml'
[W 2024-12-28 10:42:36,017] Trial 11 failed with parameters: {'lr': 1.612460412638505e-05, 'decay': 1.984861801616806e-05, 'batch_size': 128, 'nheads': 2, 'project_to': 64, 'hidden_size': 128, 'num_layers': 3, 'dropout': 0.43894710074694976, 'class_weights': False, 'aug_choice': 3} because of the following error: The value None could not be cast to float..
[W 2024-12-28 10:42:36,017] Trial 11 failed with value None.
Configuration file not found: ../results/optimization/fold_0/trial_12/config.yml
Trial failed due to: <class 'FileNotFoundError'>: [Errno 2] No such file or directory: '../results/optimization/fold_0/trial_12/config.yml'
 30%|███       | 12/40 [00:01<00:02, 11.56it/s]                                                30%|███       | 12/40 [00:01<00:02, 11.56it/s]                                                32%|███▎      | 13/40 [00:01<00:02, 11.56it/s]                                                32%|███▎      | 13/40 [00:01<00:02, 11.56it/s] 35%|███▌      | 14/40 [00:01<00:02, 11.99it/s]                                                35%|███▌      | 14/40 [00:01<00:02, 11.99it/s]                                                35%|███▌      | 14/40 [00:01<00:02, 11.99it/s]                                                38%|███▊      | 15/40 [00:01<00:02, 11.99it/s]                                                38%|███▊      | 15/40 [00:01<00:02, 11.99it/s] 40%|████      | 16/40 [00:01<00:01, 12.46it/s]                                                40%|████      | 16/40 [00:01<00:01, 12.46it/s]                                                40%|████      | 16/40 [00:01<00:01, 12.46it/s]                                                42%|████▎     | 17/40 [00:01<00:01, 12.46it/s]                                                42%|████▎     | 17/40 [00:01<00:01, 12.46it/s] 45%|████▌     | 18/40 [00:01<00:01, 12.75it/s]                                                45%|████▌     | 18/40 [00:01<00:01, 12.75it/s]                                                45%|████▌     | 18/40 [00:01<00:01, 12.75it/s]                                                48%|████▊     | 19/40 [00:01<00:01, 12.75it/s]                                                48%|████▊     | 19/40 [00:01<00:01, 12.75it/s] 50%|█████     | 20/40 [00:01<00:01, 13.02it/s]                                                50%|█████     | 20/40 [00:01<00:01, 13.02it/s]                                                50%|█████     | 20/40 [00:01<00:01, 13.02it/s]                                                52%|█████▎    | 21/40 [00:01<00:01, 13.02it/s]                                                52%|█████▎    | 21/40 [00:01<00:01, 13.02it/s] 55%|█████▌    | 22/40 [00:01<00:01, 13.15it/s]                                                55%|█████▌    | 22/40 [00:01<00:01, 13.15it/s]                                                55%|█████▌    | 22/40 [00:01<00:01, 13.15it/s]                                                57%|█████▊    | 23/40 [00:01<00:01, 13.15it/s]                                                57%|█████▊    | 23/40 [00:01<00:01, 13.15it/s] 60%|██████    | 24/40 [00:01<00:01, 13.17it/s]                                                60%|██████    | 24/40 [00:02<00:01, 13.17it/s]                                                60%|██████    | 24/40 [00:02<00:01, 13.17it/s][W 2024-12-28 10:42:36,094] Trial 12 failed with parameters: {'lr': 0.00013080560297015938, 'decay': 3.634977308596981e-05, 'batch_size': 128, 'nheads': 4, 'project_to': 1