Best trial: 42. Best value: 0.574338:  29%|██▉       | 44/150 [2:29:06<8:58:13, 304.66s/it]Best trial: 42. Best value: 0.574338:  29%|██▉       | 44/150 [2:29:06<8:58:13, 304.66s/it]Best trial: 42. Best value: 0.574338:  30%|███       | 45/150 [2:29:06<8:33:35, 293.48s/it]                                                                                           Best trial: 42. Best value: 0.574338:  30%|███       | 45/150 [2:33:54<8:33:35, 293.48s/it]Best trial: 42. Best value: 0.574338:  30%|███       | 45/150 [2:33:54<8:33:35, 293.48s/it]Best trial: 42. Best value: 0.574338:  31%|███       | 46/150 [2:33:54<8:25:57, 291.90s/it]                                                                                           Best trial: 42. Best value: 0.574338:  31%|███       | 46/150 [2:38:32<8:25:57, 291.90s/it]Best trial: 42. Best value: 0.574338:  31%|███       | 46/150 [2:38:32<8:25:57, 291.90s/it]Best trial: 42. Best value: 0.574338:  31%|███▏      | 47/150 [2:38:32<8:13:47, 287.65s/it]                                                                                           Best trial: 42. Best value: 0.574338:  31%|███▏      | 47/150 [2:39:37<8:13:47, 287.65s/it]Best trial: 42. Best value: 0.574338:  31%|███▏      | 47/150 [2:39:37<8:13:47, 287.65s/it]Best trial: 42. Best value: 0.574338:  32%|███▏      | 48/150 [2:39:37<6:15:29, 220.88s/it]                                                                                           Best trial: 42. Best value: 0.574338:  32%|███▏      | 48/150 [2:40:53<6:15:29, 220.88s/it]Best trial: 42. Best value: 0.574338:  32%|███▏      | 48/150 [2:40:53<6:15:29, 220.88s/it]Best trial: 42. Best value: 0.574338:  33%|███▎      | 49/150 [2:40:53<4:58:35, 177.38s/it]                                                                                           Best trial: 42. Best value: 0.574338:  33%|███▎      | 49/150 [2:46:15<4:58:35, 177.38s/it]Best trial: 42. Best value: 0.574338:  33%|███▎      | 49/150 [2:46:15<4:58:35, 177.38s/it]Best trial: 42. Best value: 0.574338:  33%|███▎      | 50/150 [2:46:15<6:08:04, 220.84s/it]                                                                                           Best trial: 42. Best value: 0.574338:  33%|███▎      | 50/150 [2:50:37<6:08:04, 220.84s/it]Best trial: 42. Best value: 0.574338:  33%|███▎      | 50/150 [2:50:37<6:08:04, 220.84s/it]Best trial: 42. Best value: 0.574338:  34%|███▍      | 51/150 [2:50:37<6:24:43, 233.16s/it]                                                                                           Best trial: 42. Best value: 0.574338:  34%|███▍      | 51/150 [2:56:06<6:24:43, 233.16s/it]Best trial: 42. Best value: 0.574338:  34%|███▍      | 51/150 [2:56:06<6:24:43, 233.16s/it]Best trial: 42. Best value: 0.574338:  35%|███▍      | 52/150 [2:56:06<7:07:29, 261.73s/it]                                                                                           Best trial: 42. Best value: 0.574338:  35%|███▍      | 52/150 [3:01:14<7:07:29, 261.73s/it]Best trial: 42. Best value: 0.574338:  35%|███▍      | 52/150 [3:01:14<7:07:29, 261.73s/it]Best trial: 42. Best value: 0.574338:  35%|███▌      | 53/150 [3:01:14<7:25:48, 275.76s/it]                                                                                           Best trial: 42. Best value: 0.574338:  35%|███▌      | 53/150 [3:06:35<7:25:48, 275.76s/it]Best trial: 42. Best value: 0.574338:  35%|███▌      | 53/150 [3:06:35<7:25:48, 275.76s/it]Best trial: 42. Best value: 0.574338:  36%|███▌      | 54/150 [3:06:35<7:42:43, 289.20s/it]                                                                                           Best trial: 42. Best value: 0.574338:  36%|███▌      | 54/150 [3:09:26<7:42:43, 289.20s/it]Best trial: 42. Best value: 0.574338:  36%|███▌      | 54/150 [3:09:26<7:42:43, 289.20s/it]Best trial: 42. Best value: 0.574338:  37%|███▋      | 55/150 [3:09:26<6:41:54, 253.84s/it]                                                                                           Best trial: 42. Best value: 0.574338:  37%|███▋      | 55/150 [3:16:52<6:41:54, 253.84s/it]Best trial: 42. Best value: 0.574338:  37%|███▋      | 55/150 [3:16:52<6:41:54, 253.84s/it]Best trial: 42. Best value: 0.574338:  37%|███▋      | 56/150 [3:16:52<8:08:09, 311.59s/it]                                                                                           Best trial: 42. Best value: 0.574338:  37%|███▋      | 56/150 [3:23:15<8:08:09, 311.59s/it]Best trial: 42. Best value: 0.574338:  37%|███▋      | 56/150 [3:23:15<8:08:09, 311.59s/it]Best trial: 42. Best value: 0.574338:  38%|███▊      | 57/150 [3:23:15<8:35:53, 332.84s/it]                                                                                           Best trial: 42. Best value: 0.574338:  38%|███▊      | 57/150 [3:28:36<8:35:53, 332.84s/it]Best trial: 42. Best value: 0.574338:  38%|███▊      | 57/150 [3:28:36<8:35:53, 332.84s/it]Best trial: 42. Best value: 0.574338:  39%|███▊      | 58/150 [3:28:36<8:24:49, 329.23s/it]                                                                                           Best trial: 42. Best value: 0.574338:  39%|███▊      | 58/150 [3:34:52<8:24:49, 329.23s/it]Best trial: 42. Best value: 0.574338:  39%|███▊      | 58/150 [3:34:52<8:24:49, 329.23s/it]Best trial: 42. Best value: 0.574338:  39%|███▉      | 59/150 [3:34:52<8:41:03, 343.55s/it]                                                                                           Best trial: 42. Best value: 0.574338:  39%|███▉      | 59/150 [3:37:01<8:41:03, 343.55s/it]Best trial: 42. Best value: 0.574338:  39%|███▉      | 59/150 [3:37:01<8:41:03, 343.55s/it]Best trial: 42. Best value: 0.574338:  40%|████      | 60/150 [3:37:01<6:58:28, 278.98s/it]                                                                                           Best trial: 42. Best value: 0.574338:  40%|████      | 60/150 [3:38:23<6:58:28, 278.98s/it]Best trial: 42. Best value: 0.574338:  40%|████      | 60/150 [3:38:23<6:58:28, 278.98s/it]Best trial: 42. Best value: 0.574338:  41%|████      | 61/150 [3:38:23<5:26:23, 220.04s/it]                                                                                           Best trial: 42. Best value: 0.574338:  41%|████      | 61/150 [3:44:10<5:26:23, 220.04s/it]Best trial: 42. Best value: 0.574338:  41%|████      | 61/150 [3:44:10<5:26:23, 220.04s/it]Best trial: 42. Best value: 0.574338:  41%|████▏     | 62/150 [3:44:10<6:18:29, 258.06s/it]                                                                                           Best trial: 42. Best value: 0.574338:  41%|████▏     | 62/150 [3:50:00<6:18:29, 258.06s/it]Best trial: 42. Best value: 0.574338:  41%|████▏     | 62/150 [3:50:00<6:18:29, 258.06s/it]Best trial: 42. Best value: 0.574338:  42%|████▏     | 63/150 [3:50:00<6:54:05, 285.58s/it]                                                                                           Best trial: 42. Best value: 0.574338:  42%|████▏     | 63/150 [3:51:31<6:54:05, 285.58s/it]Best trial: 42. Best value: 0.574338:  42%|████▏     | 63/150 [3:51:31<6:54:05, 285.58s/it]Best trial: 42. Best value: 0.574338:  43%|████▎     | 64/150 [3:51:31<5:25:29, 227.09s/it]                                                                                           Best trial: 42. Best value: 0.574338:  43%|████▎     | 64/150 [3:52:50<5:25:29, 227.09s/it]Best trial: 42. Best value: 0.574338:  43%|████▎     | 64/150 [3:52:50<5:25:29, 227.09s/it]Best trial: 42. Best value: 0.574338:  43%|████▎     | 65/150 [3:52:50<4:19:00, 182.83s/it]                                                                                           Best trial: 42. Best value: 0.574338:  43%|████▎     | 65/150 [3:55:56<4:19:00, 182.83s/it]Best trial: 42. Best value: 0.574338:  43%|████▎     | 65/150 [3:55:56<4:19:00, 182.83s/it]Best trial: 42. Best value: 0.574338:  44%|████▍     | 66/150 [3:55:56<4:17:17, 183.78s/it]                                                                                           [I 2024-12-29 21:50:52,903] Trial 44 finished with value: 0.5023057837697228 and parameters: {'lr': 0.0019421752456273264, 'decay': 0.00041682129426951126, 'batch_size': 64, 'nheads': 1, 'project_to': 32, 'hidden_size': 64, 'num_layers': 1, 'dropout': 0.2041244581269464, 'alpha': 0.7345546784955366, 'aug_choice': 3}. Best is trial 42 with value: 0.5743379801920471.
[I 2024-12-29 21:55:41,125] Trial 45 finished with value: 0.5159188674389121 and parameters: {'lr': 0.006099706499344569, 'decay': 0.0027730010337344503, 'batch_size': 64, 'nheads': 1, 'project_to': 32, 'hidden_size': 64, 'num_layers': 1, 'dropout': 0.1524272792199842, 'alpha': 0.5964970668941976, 'aug_choice': 3}. Best is trial 42 with value: 0.5743379801920471.
[I 2024-12-29 22:00:18,845] Trial 46 finished with value: 0.49974273083787674 and parameters: {'lr': 0.0016814285711939097, 'decay': 0.0008679794283661245, 'batch_size': 64, 'nheads': 1, 'project_to': 32, 'hidden_size': 64, 'num_layers': 1, 'dropout': 0.11332039139140712, 'alpha': 0.5108862720804793, 'aug_choice': 3}. Best is trial 42 with value: 0.5743379801920471.
[I 2024-12-29 22:01:23,937] Trial 47 finished with value: 0.4317718239636009 and parameters: {'lr': 0.0009376625512943194, 'decay': 0.0010747015716832259, 'batch_size': 64, 'nheads': 1, 'project_to': 32, 'hidden_size': 64, 'num_layers': 1, 'dropout': 0.17891265297890518, 'alpha': 0.9212315749832929, 'aug_choice': 4}. Best is trial 42 with value: 0.5743379801920471.
[I 2024-12-29 22:02:39,831] Trial 48 finished with value: 0.412529917671122 and parameters: {'lr': 0.0026815639809644725, 'decay': 0.0016797169171403994, 'batch_size': 64, 'nheads': 1, 'project_to': 32, 'hidden_size': 64, 'num_layers': 1, 'dropout': 0.10003962595426934, 'alpha': 0.4198871171185986, 'aug_choice': 0}. Best is trial 42 with value: 0.5743379801920471.
[I 2024-12-29 22:08:02,079] Trial 49 finished with value: 0.556514090404301 and parameters: {'lr': 0.0006356189799094164, 'decay': 0.009124823699105259, 'batch_size': 64, 'nheads': 1, 'project_to': 32, 'hidden_size': 64, 'num_layers': 1, 'dropout': 0.21080220978753492, 'alpha': 0.7824933991463126, 'aug_choice': 3}. Best is trial 42 with value: 0.5743379801920471.
[I 2024-12-29 22:12:23,984] Trial 50 finished with value: 0.5127843362264423 and parameters: {'lr': 0.004518180275401134, 'decay': 0.0005803522383731103, 'batch_size': 64, 'nheads': 1, 'project_to': 128, 'hidden_size': 64, 'num_layers': 1, 'dropout': 0.12593227304147986, 'alpha': 0.685198153393669, 'aug_choice': 3}. Best is trial 42 with value: 0.5743379801920471.
[I 2024-12-29 22:17:52,379] Trial 51 finished with value: 0.5229659808003047 and parameters: {'lr': 0.0020841321743201506, 'decay': 0.001670189930431275, 'batch_size': 64, 'nheads': 1, 'project_to': 32, 'hidden_size': 64, 'num_layers': 1, 'dropout': 0.13534604487287083, 'alpha': 0.8379976711696738, 'aug_choice': 3}. Best is trial 42 with value: 0.5743379801920471.
[I 2024-12-29 22:23:00,870] Trial 52 finished with value: 0.5687197668069502 and parameters: {'lr': 0.005394045937635901, 'decay': 0.0014259756968364313, 'batch_size': 64, 'nheads': 1, 'project_to': 32, 'hidden_size': 64, 'num_layers': 1, 'dropout': 0.13122321328755998, 'alpha': 0.8309381078639091, 'aug_choice': 3}. Best is trial 42 with value: 0.5743379801920471.
[I 2024-12-29 22:28:21,444] Trial 53 finished with value: 0.559054385592933 and parameters: {'lr': 0.005269274188040575, 'decay': 0.0013518007484049533, 'batch_size': 64, 'nheads': 1, 'project_to': 32, 'hidden_size': 64, 'num_layers': 1, 'dropout': 0.15917987388138355, 'alpha': 1.0399624447068043, 'aug_choice': 3}. Best is trial 42 with value: 0.5743379801920471.
[I 2024-12-29 22:31:12,775] Trial 54 finished with value: 0.5472608316162849 and parameters: {'lr': 0.008536677988190852, 'decay': 0.0023162743192726614, 'batch_size': 64, 'nheads': 1, 'project_to': 32, 'hidden_size': 64, 'num_layers': 1, 'dropout': 0.1843661438799909, 'alpha': 0.9439125425351707, 'aug_choice': 7}. Best is trial 42 with value: 0.5743379801920471.
[I 2024-12-29 22:38:39,107] Trial 55 finished with value: 0.568118608926236 and parameters: {'lr': 0.003500834920211617, 'decay': 0.0031380123750260024, 'batch_size': 64, 'nheads': 4, 'project_to': 32, 'hidden_size': 64, 'num_layers': 1, 'dropout': 0.2715870827912659, 'alpha': 0.7382654089390737, 'aug_choice': 3}. Best is trial 42 with value: 0.5743379801920471.
[I 2024-12-29 22:45:01,521] Trial 56 finished with value: 0.5154457855234253 and parameters: {'lr': 0.0027431022189761773, 'decay': 0.003850345106930343, 'batch_size': 64, 'nheads': 4, 'project_to': 32, 'hidden_size': 64, 'num_layers': 1, 'dropout': 0.26657504051004055, 'alpha': 0.7469238974496553, 'aug_choice': 3}. Best is trial 42 with value: 0.5743379801920471.
[I 2024-12-29 22:50:22,336] Trial 57 finished with value: 0.5398132383702773 and parameters: {'lr': 0.003602594802398561, 'decay': 0.0009605916067201067, 'batch_size': 64, 'nheads': 4, 'project_to': 32, 'hidden_size': 64, 'num_layers': 1, 'dropout': 0.2882899401292219, 'alpha': 0.6371484782907988, 'aug_choice': 3}. Best is trial 42 with value: 0.5743379801920471.
[I 2024-12-29 22:56:39,311] Trial 58 finished with value: 0.4935352126502846 and parameters: {'lr': 0.0015216446305255059, 'decay': 0.0013398943163128577, 'batch_size': 64, 'nheads': 4, 'project_to': 32, 'hidden_size': 64, 'num_layers': 1, 'dropout': 0.22428987687247925, 'alpha': 0.6736118262166999, 'aug_choice': 3}. Best is trial 42 with value: 0.5743379801920471.
[I 2024-12-29 22:58:47,628] Trial 59 finished with value: 0.4842697499317175 and parameters: {'lr': 0.009739629300718965, 'decay': 0.00808036177935736, 'batch_size': 64, 'nheads': 4, 'project_to': 32, 'hidden_size': 64, 'num_layers': 1, 'dropout': 0.5442499054959826, 'alpha': 0.8062092591149125, 'aug_choice': 5}. Best is trial 42 with value: 0.5743379801920471.
[I 2024-12-29 23:00:10,125] Trial 60 finished with value: 0.4327943756046019 and parameters: {'lr': 0.0011389877218800821, 'decay': 0.004615638263829469, 'batch_size': 64, 'nheads': 4, 'project_to': 32, 'hidden_size': 64, 'num_layers': 1, 'dropout': 0.6656316832450027, 'alpha': 0.8633205551788944, 'aug_choice': 6}. Best is trial 42 with value: 0.5743379801920471.
[I 2024-12-29 23:05:56,918] Trial 61 finished with value: 0.507971343263187 and parameters: {'lr': 0.005372817665701815, 'decay': 0.003040451905873002, 'batch_size': 64, 'nheads': 1, 'project_to': 128, 'hidden_size': 64, 'num_layers': 1, 'dropout': 0.11647800424903618, 'alpha': 0.583429931583569, 'aug_choice': 3}. Best is trial 42 with value: 0.5743379801920471.
[I 2024-12-29 23:11:46,709] Trial 62 finished with value: 0.5083279979634162 and parameters: {'lr': 0.0001557579420361557, 'decay': 0.0020995951578688644, 'batch_size': 64, 'nheads': 1, 'project_to': 128, 'hidden_size': 64, 'num_layers': 1, 'dropout': 0.15758235831419243, 'alpha': 0.9904847166612404, 'aug_choice': 3}. Best is trial 42 with value: 0.5743379801920471.
[I 2024-12-29 23:13:17,326] Trial 63 finished with value: 0.522075115902361 and parameters: {'lr': 0.007272387470328875, 'decay': 0.003309634088221188, 'batch_size': 64, 'nheads': 1, 'project_to': 128, 'hidden_size': 64, 'num_layers': 1, 'dropout': 0.17990088544770383, 'alpha': 0.7220353584756891, 'aug_choice': 0}. Best is trial 42 with value: 0.5743379801920471.
[I 2024-12-29 23:14:36,868] Trial 64 finished with value: 0.47633203444420064 and parameters: {'lr': 0.00403406057106705, 'decay': 0.002099667583322946, 'batch_size': 64, 'nheads': 1, 'project_to': 32, 'hidden_size': 64, 'num_layers': 1, 'dropout': 0.12128334520071832, 'alpha': 0.6182606483057201, 'aug_choice': 4}. Best is trial 42 with value: 0.5743379801920471.
[I 2024-12-29 23:17:42,868] Trial 65 finished with value: 0.5431713402810173 and parameters: {'lr': 0.002811818635254399, 'decay': 0.0030141284929387953, 'batch_size': 64, 'nheads': 4, 'project_to': 128, 'hidden_size': 64, 'num_layers': 1, 'dropout': 0.14644978250652968, 'alpha': 0.882738261968848, 'aug_choice': 7}. Best is trial 42 with value: 0.5743379801920471.
