[I 2025-01-01 22:14:26,210] Trial 149 finished with value: 0.5621014027507453 and parameters: {'lr': 0.004186455186937274, 'decay': 3.979362487221036e-05, 'batch_size': 128, 'nheads': 4, 'project_to': 128, 'hidden_size': 32, 'num_layers': 3, 'dropout': 0.2986076880762127, 'alpha': 0.6399793335367868, 'aug_choice': 8}. Best is trial 97 with value: 0.61798434411871.

Optimization finished!
Best macro F1: 0.6180
Best hyperparameters:
    lr: 0.006281810260156404
    decay: 0.00508959296313041
    batch_size: 128
    nheads: 4
    project_to: 128
    hidden_size: 32
    num_layers: 2
    dropout: 0.43467132230861305
    alpha: 0.7772629657497033
    aug_choice: 2
Fold 4: 0 trials completed, running 150 more trials...
[I 2025-01-01 22:14:28,464] A new study created in RDB with name: webcam_engagement_classifier
  0%|          | 0/150 [00:00<?, ?it/s]                                         0%|          | 0/150 [02:34<?, ?it/s]Best trial: 0. Best value: 0.414705:   0%|          | 0/150 [02:34<?, ?it/s]Best trial: 0. Best value: 0.414705:   1%|          | 1/150 [02:34<6:22:50, 154.16s/it]                                                                                       Best trial: 0. Best value: 0.414705:   1%|          | 1/150 [04:24<6:22:50, 154.16s/it]Best trial: 1. Best value: 0.428753:   1%|          | 1/150 [04:24<6:22:50, 154.16s/it]Best trial: 1. Best value: 0.428753:   1%|▏         | 2/150 [04:24<5:16:19, 128.24s/it]                                                                                       Best trial: 1. Best value: 0.428753:   1%|▏         | 2/150 [10:48<5:16:19, 128.24s/it]Best trial: 2. Best value: 0.493301:   1%|▏         | 2/150 [10:48<5:16:19, 128.24s/it]Best trial: 2. Best value: 0.493301:   2%|▏         | 3/150 [10:48<10:00:52, 245.26s/it]                                                                                        Best trial: 2. Best value: 0.493301:   2%|▏         | 3/150 [14:42<10:00:52, 245.26s/it]Best trial: 2. Best value: 0.493301:   2%|▏         | 3/150 [14:43<10:00:52, 245.26s/it]Best trial: 2. Best value: 0.493301:   3%|▎         | 4/150 [14:43<9:46:12, 240.91s/it]                                                                                        Best trial: 2. Best value: 0.493301:   3%|▎         | 4/150 [16:42<9:46:12, 240.91s/it]Best trial: 2. Best value: 0.493301:   3%|▎         | 4/150 [16:42<9:46:12, 240.91s/it]Best trial: 2. Best value: 0.493301:   3%|▎         | 5/150 [16:42<7:56:26, 197.15s/it]                                                                                       Best trial: 2. Best value: 0.493301:   3%|▎         | 5/150 [19:08<7:56:26, 197.15s/it]Best trial: 2. Best value: 0.493301:   3%|▎         | 5/150 [19:08<7:56:26, 197.15s/it]Best trial: 2. Best value: 0.493301:   4%|▍         | 6/150 [19:08<7:11:17, 179.71s/it]                                                                                       Best trial: 2. Best value: 0.493301:   4%|▍         | 6/150 [22:16<7:11:17, 179.71s/it]Best trial: 6. Best value: 0.544509:   4%|▍         | 6/150 [22:16<7:11:17, 179.71s/it]Best trial: 6. Best value: 0.544509:   5%|▍         | 7/150 [22:16<7:14:59, 182.52s/it]                                                                                       Best trial: 6. Best value: 0.544509:   5%|▍         | 7/150 [24:44<7:14:59, 182.52s/it]Best trial: 6. Best value: 0.544509:   5%|▍         | 7/150 [24:44<7:14:59, 182.52s/it]Best trial: 6. Best value: 0.544509:   5%|▌         | 8/150 [24:44<6:45:36, 171.38s/it]                                                                                       Best trial: 6. Best value: 0.544509:   5%|▌         | 8/150 [27:09<6:45:36, 171.38s/it]Best trial: 6. Best value: 0.544509:   5%|▌         | 8/150 [27:09<6:45:36, 171.38s/it]Best trial: 6. Best value: 0.544509:   6%|▌         | 9/150 [27:09<6:23:53, 163.36s/it]                                                                                       Best trial: 6. Best value: 0.544509:   6%|▌         | 9/150 [28:42<6:23:53, 163.36s/it]Best trial: 6. Best value: 0.544509:   6%|▌         | 9/150 [28:42<6:23:53, 163.36s/it]Best trial: 6. Best value: 0.544509:   7%|▋         | 10/150 [28:42<5:30:20, 141.57s/it]                                                                                        Best trial: 6. Best value: 0.544509:   7%|▋         | 10/150 [31:20<5:30:20, 141.57s/it]Best trial: 6. Best value: 0.544509:   7%|▋         | 10/150 [31:20<5:30:20, 141.57s/it]Best trial: 6. Best value: 0.544509:   7%|▋         | 11/150 [31:20<5:39:33, 146.58s/it]                                                                                        Best trial: 6. Best value: 0.544509:   7%|▋         | 11/150 [34:06<5:39:33, 146.58s/it]Best trial: 11. Best value: 0.55515:   7%|▋         | 11/150 [34:06<5:39:33, 146.58s/it]Best trial: 11. Best value: 0.55515:   8%|▊         | 12/150 [34:06<5:50:48, 152.52s/it]                                                                                        Best trial: 11. Best value: 0.55515:   8%|▊         | 12/150 [37:07<5:50:48, 152.52s/it]Best trial: 11. Best value: 0.55515:   8%|▊         | 12/150 [37:07<5:50:48, 152.52s/it]Best trial: 11. Best value: 0.55515:   9%|▊         | 13/150 [37:07<6:07:49, 161.09s/it]                                                                                        Best trial: 11. Best value: 0.55515:   9%|▊         | 13/150 [41:44<6:07:49, 161.09s/it]Best trial: 11. Best value: 0.55515:   9%|▊         | 13/150 [41:44<6:07:49, 161.09s/it]Best trial: 11. Best value: 0.55515:   9%|▉         | 14/150 [41:44<7:24:05, 195.93s/it]                                                                                        Best trial: 11. Best value: 0.55515:   9%|▉         | 14/150 [43:11<7:24:05, 195.93s/it]Best trial: 11. Best value: 0.55515:   9%|▉         | 14/150 [43:11<7:24:05, 195.93s/it]Best trial: 11. Best value: 0.55515:  10%|█         | 15/150 [43:11<6:07:23, 163.28s/it]                                                                                        Best trial: 11. Best value: 0.55515:  10%|█         | 15/150 [46:06<6:07:23, 163.28s/it]Best trial: 11. Best value: 0.55515:  10%|█         | 15/150 [46:06<6:07:23, 163.28s/it]Best trial: 11. Best value: 0.55515:  11%|█         | 16/150 [46:06<6:12:22, 166.73s/it]                                                                                        Best trial: 11. Best value: 0.55515:  11%|█         | 16/150 [48:30<6:12:22, 166.73s/it]Best trial: 11. Best value: 0.55515:  11%|█         | 16/150 [48:30<6:12:22, 166.73s/it]Best trial: 11. Best value: 0.55515:  11%|█▏        | 17/150 [48:30<5:54:13, 159.80s/it]                                                                                        Best trial: 11. Best value: 0.55515:  11%|█▏        | 17/150 [50:27<5:54:13, 159.80s/it]Best trial: 11. Best value: 0.55515:  11%|█▏        | 17/150 [50:27<5:54:13, 159.80s/it]Best trial: 11. Best value: 0.55515:  12%|█▏        | 18/150 [50:27<5:23:28, 147.03s/it]                                                                                        Best trial: 11. Best value: 0.55515:  12%|█▏        | 18/150 [53:56<5:23:28, 147.03s/it]Best trial: 11. Best value: 0.55515:  12%|█▏        | 18/150 [53:56<5:23:28, 147.03s/it]Best trial: 11. Best value: 0.55515:  13%|█▎        | 19/150 [53:56<6:01:48, 165.71s/it]                                                                                        Best trial: 11. Best value: 0.55515:  13%|█▎        | 19/150 [55:11<6:01:48, 165.71s/it]Best trial: 11. Best value: 0.55515:  13%|█▎        | 19/150 [55:11<6:01:48, 165.71s/it]Best trial: 11. Best value: 0.55515:  13%|█▎        | 20/150 [55:11<4:59:54, 138.42s/it]                                                                                        Best trial: 11. Best value: 0.55515:  13%|█▎        | 20/150 [58:27<4:59:54, 138.42s/it]Best trial: 11. Best value: 0.55515:  13%|█▎        | 20/150 [58:27<4:59:54, 138.42s/it]Best trial: 11. Best value: 0.55515:  14%|█▍        | 21/150 [58:27<5:35:01, 155.82s/it]                                                                                        Best trial: 11. Best value: 0.55515:  14%|█▍        | 21/150 [1:01:09<5:35:01, 155.82s/it]Best trial: 11. Best value: 0.55515:  14%|█▍        | 21/150 [1:01:09<5:35:01, 155.82s/it]Best trial: 11. Best value: 0.55515:  15%|█▍        | 22/150 [1:01:09<5:36:05, 157.55s/it]                                                                                          [I 2025-01-01 22:17:02,624] Trial 0 finished with value: 0.4147053972143871 and parameters: {'lr': 2.0531144974902092e-05, 'decay': 0.00010663354028702006, 'batch_size': 64, 'nheads': 4, 'project_to': 64, 'hidden_size': 128, 'num_layers': 1, 'dropout': 0.5509316483426534, 'alpha': 1.2489593559019514, 'aug_choice': 0}. Best is trial 0 with value: 0.4147053972143871.
[I 2025-01-01 22:18:52,717] Trial 1 finished with value: 0.4287529364342927 and parameters: {'lr': 0.0035054439354907396, 'decay': 1.827443711863028e-05, 'batch_size': 128, 'nheads': 2, 'project_to': 32, 'hidden_size': 32, 'num_layers': 2, 'dropout': 0.6762210178901249, 'alpha': 0.24143366377386105, 'aug_choice': 8}. Best is trial 1 with value: 0.4287529364342927.
[I 2025-01-01 22:25:17,221] Trial 2 finished with value: 0.4933008248633107 and parameters: {'lr': 1.765165449973046e-05, 'decay': 9.810692931700852e-05, 'batch_size': 64, 'nheads': 4, 'project_to': 32, 'hidden_size': 64, 'num_layers': 2, 'dropout': 0.10867477517165994, 'alpha': 1.000403867197909, 'aug_choice': 2}. Best is trial 2 with value: 0.4933008248633107.
[I 2025-01-01 22:29:11,463] Trial 3 finished with value: 0.4522324683930661 and parameters: {'lr': 0.004531083872272971, 'decay': 4.187040866891424e-05, 'batch_size': 128, 'nheads': 1, 'project_to': 32, 'hidden_size': 32, 'num_layers': 1, 'dropout': 0.6895822414109561, 'alpha': 0.25695398575266926, 'aug_choice': 3}. Best is trial 2 with value: 0.4933008248633107.
[I 2025-01-01 22:31:11,020] Trial 4 finished with value: 0.415405805203143 and parameters: {'lr': 1.527378252010582e-05, 'decay': 0.0019306865571144822, 'batch_size': 64, 'nheads': 4, 'project_to': 32, 'hidden_size': 32, 'num_layers': 2, 'dropout': 0.25934505271401936, 'alpha': 0.5020321812935675, 'aug_choice': 8}. Best is trial 2 with value: 0.4933008248633107.
[I 2025-01-01 22:33:36,867] Trial 5 finished with value: 0.3824550051516617 and parameters: {'lr': 0.00021885068120384635, 'decay': 0.0002586339438552511, 'batch_size': 64, 'nheads': 4, 'project_to': 128, 'hidden_size': 32, 'num_layers': 3, 'dropout': 0.30327527073996846, 'alpha': 0.30205116574968605, 'aug_choice': 2}. Best is trial 2 with value: 0.4933008248633107.
[I 2025-01-01 22:36:45,168] Trial 6 finished with value: 0.54450857252561 and parameters: {'lr': 0.00033677624295244457, 'decay': 0.0002979156929203481, 'batch_size': 64, 'nheads': 4, 'project_to': 128, 'hidden_size': 128, 'num_layers': 3, 'dropout': 0.3775660921830074, 'alpha': 1.3007420314342117, 'aug_choice': 5}. Best is trial 6 with value: 0.54450857252561.
[I 2025-01-01 22:39:12,711] Trial 7 finished with value: 0.45968037299958375 and parameters: {'lr': 0.0015714987917213854, 'decay': 0.000212885526586863, 'batch_size': 128, 'nheads': 2, 'project_to': 32, 'hidden_size': 128, 'num_layers': 2, 'dropout': 0.6411591058137707, 'alpha': 0.630661508196581, 'aug_choice': 1}. Best is trial 6 with value: 0.54450857252561.
[I 2025-01-01 22:41:38,428] Trial 8 finished with value: 0.4006958873060366 and parameters: {'lr': 0.0011039865434489772, 'decay': 0.0014047921376556043, 'batch_size': 64, 'nheads': 1, 'project_to': 64, 'hidden_size': 64, 'num_layers': 2, 'dropout': 0.49128678910952694, 'alpha': 0.9243794155838746, 'aug_choice': 7}. Best is trial 6 with value: 0.54450857252561.
[I 2025-01-01 22:43:11,227] Trial 9 finished with value: 0.5230675519467252 and parameters: {'lr': 0.0013480142894769771, 'decay': 0.00515167124788733, 'batch_size': 64, 'nheads': 4, 'project_to': 128, 'hidden_size': 64, 'num_layers': 3, 'dropout': 0.22361201296770256, 'alpha': 0.5211753452528568, 'aug_choice': 0}. Best is trial 6 with value: 0.54450857252561.
[I 2025-01-01 22:45:49,141] Trial 10 finished with value: 0.5443136485202448 and parameters: {'lr': 0.00018655658434024993, 'decay': 0.0008670907472809459, 'batch_size': 128, 'nheads': 1, 'project_to': 128, 'hidden_size': 128, 'num_layers': 3, 'dropout': 0.41621962922659617, 'alpha': 1.468312496855076, 'aug_choice': 5}. Best is trial 6 with value: 0.54450857252561.
[I 2025-01-01 22:48:35,272] Trial 11 finished with value: 0.5551504528069804 and parameters: {'lr': 0.0001716366077874006, 'decay': 0.0008882071085050089, 'batch_size': 128, 'nheads': 1, 'project_to': 128, 'hidden_size': 128, 'num_layers': 3, 'dropout': 0.3857623111460266, 'alpha': 1.4593457005107495, 'aug_choice': 5}. Best is trial 11 with value: 0.5551504528069804.
[I 2025-01-01 22:51:36,088] Trial 12 finished with value: 0.5057801222120435 and parameters: {'lr': 7.620877081791766e-05, 'decay': 0.00046970302887480123, 'batch_size': 128, 'nheads': 1, 'project_to': 128, 'hidden_size': 128, 'num_layers': 3, 'dropout': 0.36624764819408956, 'alpha': 1.4896112281102853, 'aug_choice': 5}. Best is trial 11 with value: 0.5551504528069804.
[I 2025-01-01 22:56:12,497] Trial 13 finished with value: 0.4986393282511579 and parameters: {'lr': 8.05821646156605e-05, 'decay': 0.008381882490951393, 'batch_size': 128, 'nheads': 1, 'project_to': 128, 'hidden_size': 128, 'num_layers': 3, 'dropout': 0.4348340989035443, 'alpha': 1.2087910976479077, 'aug_choice': 5}. Best is trial 11 with value: 0.5551504528069804.
[I 2025-01-01 22:57:40,136] Trial 14 finished with value: 0.5363465363804367 and parameters: {'lr': 0.000474293010072098, 'decay': 0.0031215532113343853, 'batch_size': 64, 'nheads': 2, 'project_to': 128, 'hidden_size': 128, 'num_layers': 3, 'dropout': 0.35050708804642716, 'alpha': 1.2358257836560904, 'aug_choice': 4}. Best is trial 11 with value: 0.5551504528069804.
[I 2025-01-01 23:00:34,875] Trial 15 finished with value: 0.44890093816641924 and parameters: {'lr': 5.935826147582869e-05, 'decay': 0.0006336477975947774, 'batch_size': 128, 'nheads': 4, 'project_to': 128, 'hidden_size': 128, 'num_layers': 3, 'dropout': 0.5434792383271669, 'alpha': 1.0637372160806802, 'aug_choice': 6}. Best is trial 11 with value: 0.5551504528069804.
[I 2025-01-01 23:02:58,552] Trial 16 finished with value: 0.5097443618258753 and parameters: {'lr': 0.00041546360409149734, 'decay': 0.00011167854832291706, 'batch_size': 128, 'nheads': 1, 'project_to': 128, 'hidden_size': 128, 'num_layers': 3, 'dropout': 0.17107272082902208, 'alpha': 1.3663994022656478, 'aug_choice': 5}. Best is trial 11 with value: 0.5551504528069804.
[I 2025-01-01 23:04:55,869] Trial 17 finished with value: 0.49781902178998927 and parameters: {'lr': 0.009599665248151722, 'decay': 0.001463559382419948, 'batch_size': 64, 'nheads': 1, 'project_to': 64, 'hidden_size': 128, 'num_layers': 1, 'dropout': 0.46815314401419106, 'alpha': 0.797286246388748, 'aug_choice': 5}. Best is trial 11 with value: 0.5551504528069804.
[I 2025-01-01 23:08:25,091] Trial 18 finished with value: 0.4917885632292722 and parameters: {'lr': 0.00015353800725363543, 'decay': 1.1036191174123338e-05, 'batch_size': 128, 'nheads': 4, 'project_to': 128, 'hidden_size': 128, 'num_layers': 2, 'dropout': 0.3246966098618824, 'alpha': 1.115808772344857, 'aug_choice': 1}. Best is trial 11 with value: 0.5551504528069804.
[I 2025-01-01 23:09:39,911] Trial 19 finished with value: 0.45959536878859014 and parameters: {'lr': 0.0006339007560742344, 'decay': 0.00031451478610780727, 'batch_size': 64, 'nheads': 2, 'project_to': 128, 'hidden_size': 64, 'num_layers': 3, 'dropout': 0.26541548855335384, 'alpha': 1.35407360361822, 'aug_choice': 4}. Best is trial 11 with value: 0.5551504528069804.
[I 2025-01-01 23:12:56,309] Trial 20 finished with value: 0.4638441138138384 and parameters: {'lr': 9.012787469171608e-05, 'decay': 0.000870141153377293, 'batch_size': 128, 'nheads': 4, 'project_to': 64, 'hidden_size': 128, 'num_layers': 2, 'dropout': 0.5202061043212879, 'alpha': 0.8372282042291936, 'aug_choice': 6}. Best is trial 11 with value: 0.5551504528069804.
[I 2025-01-01 23:15:37,869] Trial 21 finished with value: 0.5259141302270907 and parameters: {'lr': 0.0001744386143330164, 'decay': 0.0008015254081319619, 'batch_size': 128, 'nheads': 1, 'project_to': 128, 'hidden_size': 128, 'num_layers': 3, 'dropout': 0.4081951377748667, 'alpha': 1.4565137085545874, 'aug_choice': 5}. Best is trial 11 with value: 0.5551504528069804.
