  0%|          | 0/39 [00:00<?, ?it/s]                                        0%|          | 0/39 [04:13<?, ?it/s]Best trial: 0. Best value: 0.52:   0%|          | 0/39 [04:13<?, ?it/s]Best trial: 0. Best value: 0.52:   3%|▎         | 1/39 [04:13<2:40:50, 253.97s/it]                                                                                  Best trial: 0. Best value: 0.52:   3%|▎         | 1/39 [08:04<2:40:50, 253.97s/it]Best trial: 0. Best value: 0.52:   3%|▎         | 1/39 [08:04<2:40:50, 253.97s/it]Best trial: 0. Best value: 0.52:   5%|▌         | 2/39 [08:04<2:28:14, 240.39s/it]                                                                                  Best trial: 0. Best value: 0.52:   5%|▌         | 2/39 [11:40<2:28:14, 240.39s/it]Best trial: 0. Best value: 0.52:   5%|▌         | 2/39 [11:40<2:28:14, 240.39s/it]Best trial: 0. Best value: 0.52:   8%|▊         | 3/39 [11:40<2:17:23, 229.00s/it]                                                                                  Best trial: 0. Best value: 0.52:   8%|▊         | 3/39 [13:48<2:17:23, 229.00s/it]Best trial: 0. Best value: 0.52:   8%|▊         | 3/39 [13:48<2:17:23, 229.00s/it]Best trial: 0. Best value: 0.52:  10%|█         | 4/39 [13:48<1:50:19, 189.11s/it]                                                                                  Best trial: 0. Best value: 0.52:  10%|█         | 4/39 [16:11<1:50:19, 189.11s/it]Best trial: 0. Best value: 0.52:  10%|█         | 4/39 [16:11<1:50:19, 189.11s/it]Best trial: 0. Best value: 0.52:  13%|█▎        | 5/39 [16:11<1:37:52, 172.71s/it]                                                                                  Best trial: 0. Best value: 0.52:  13%|█▎        | 5/39 [19:02<1:37:52, 172.71s/it]Best trial: 6. Best value: 0.523111:  13%|█▎        | 5/39 [19:02<1:37:52, 172.71s/it]Best trial: 6. Best value: 0.523111:  15%|█▌        | 6/39 [19:02<1:34:33, 171.92s/it]                                                                                      Best trial: 6. Best value: 0.523111:  15%|█▌        | 6/39 [21:00<1:34:33, 171.92s/it]Best trial: 6. Best value: 0.523111:  15%|█▌        | 6/39 [21:00<1:34:33, 171.92s/it]Best trial: 6. Best value: 0.523111:  18%|█▊        | 7/39 [21:00<1:22:16, 154.28s/it]                                                                                      Best trial: 6. Best value: 0.523111:  18%|█▊        | 7/39 [22:11<1:22:16, 154.28s/it]Best trial: 6. Best value: 0.523111:  18%|█▊        | 7/39 [22:11<1:22:16, 154.28s/it]Best trial: 6. Best value: 0.523111:  21%|██        | 8/39 [22:11<1:06:05, 127.93s/it]                                                                                      Best trial: 6. Best value: 0.523111:  21%|██        | 8/39 [24:22<1:06:05, 127.93s/it]Best trial: 6. Best value: 0.523111:  21%|██        | 8/39 [24:22<1:06:05, 127.93s/it]Best trial: 6. Best value: 0.523111:  23%|██▎       | 9/39 [24:22<1:04:21, 128.73s/it]                                                                                      Best trial: 6. Best value: 0.523111:  23%|██▎       | 9/39 [26:21<1:04:21, 128.73s/it]Best trial: 6. Best value: 0.523111:  23%|██▎       | 9/39 [26:21<1:04:21, 128.73s/it]Best trial: 6. Best value: 0.523111:  26%|██▌       | 10/39 [26:21<1:00:46, 125.75s/it]                                                                                       Best trial: 6. Best value: 0.523111:  26%|██▌       | 10/39 [28:38<1:00:46, 125.75s/it]Best trial: 6. Best value: 0.523111:  26%|██▌       | 10/39 [28:38<1:00:46, 125.75s/it]Best trial: 6. Best value: 0.523111:  28%|██▊       | 11/39 [28:38<1:00:22, 129.38s/it]                                                                                       Best trial: 6. Best value: 0.523111:  28%|██▊       | 11/39 [31:28<1:00:22, 129.38s/it]Best trial: 6. Best value: 0.523111:  28%|██▊       | 11/39 [31:28<1:00:22, 129.38s/it]Best trial: 6. Best value: 0.523111:  31%|███       | 12/39 [31:28<1:03:43, 141.60s/it]                                                                                       Best trial: 6. Best value: 0.523111:  31%|███       | 12/39 [34:50<1:03:43, 141.60s/it]Best trial: 13. Best value: 0.548439:  31%|███       | 12/39 [34:50<1:03:43, 141.60s/it]Best trial: 13. Best value: 0.548439:  33%|███▎      | 13/39 [34:50<1:09:16, 159.87s/it]                                                                                        Best trial: 13. Best value: 0.548439:  33%|███▎      | 13/39 [39:10<1:09:16, 159.87s/it]Best trial: 13. Best value: 0.548439:  33%|███▎      | 13/39 [39:10<1:09:16, 159.87s/it]Best trial: 13. Best value: 0.548439:  36%|███▌      | 14/39 [39:10<1:19:10, 190.02s/it]                                                                                        Best trial: 13. Best value: 0.548439:  36%|███▌      | 14/39 [42:16<1:19:10, 190.02s/it]Best trial: 13. Best value: 0.548439:  36%|███▌      | 14/39 [42:16<1:19:10, 190.02s/it]Best trial: 13. Best value: 0.548439:  38%|███▊      | 15/39 [42:16<1:15:31, 188.80s/it]                                                                                        Best trial: 13. Best value: 0.548439:  38%|███▊      | 15/39 [45:20<1:15:31, 188.80s/it]Best trial: 13. Best value: 0.548439:  38%|███▊      | 15/39 [45:20<1:15:31, 188.80s/it]Best trial: 13. Best value: 0.548439:  41%|████      | 16/39 [45:20<1:11:53, 187.53s/it]                                                                                        Best trial: 13. Best value: 0.548439:  41%|████      | 16/39 [46:58<1:11:53, 187.53s/it]Best trial: 13. Best value: 0.548439:  41%|████      | 16/39 [46:58<1:11:53, 187.53s/it]Best trial: 13. Best value: 0.548439:  44%|████▎     | 17/39 [46:58<58:49, 160.44s/it]                                                                                        Best trial: 13. Best value: 0.548439:  44%|████▎     | 17/39 [48:25<58:49, 160.44s/it]Best trial: 13. Best value: 0.548439:  44%|████▎     | 17/39 [48:25<58:49, 160.44s/it]Best trial: 13. Best value: 0.548439:  46%|████▌     | 18/39 [48:25<48:28, 138.51s/it]                                                                                      Best trial: 13. Best value: 0.548439:  46%|████▌     | 18/39 [55:53<48:28, 138.51s/it]Best trial: 13. Best value: 0.548439:  46%|████▌     | 18/39 [55:53<48:28, 138.51s/it]Best trial: 13. Best value: 0.548439:  49%|████▊     | 19/39 [55:53<1:17:11, 231.57s/it]                                                                                        Best trial: 13. Best value: 0.548439:  49%|████▊     | 19/39 [58:41<1:17:11, 231.57s/it]Best trial: 13. Best value: 0.548439:  49%|████▊     | 19/39 [58:41<1:17:11, 231.57s/it]Best trial: 13. Best value: 0.548439:  51%|█████▏    | 20/39 [58:41<1:07:14, 212.33s/it]                                                                                        Best trial: 13. Best value: 0.548439:  51%|█████▏    | 20/39 [1:01:49<1:07:14, 212.33s/it]Best trial: 13. Best value: 0.548439:  51%|█████▏    | 20/39 [1:01:49<1:07:14, 212.33s/it]Best trial: 13. Best value: 0.548439:  54%|█████▍    | 21/39 [1:01:49<1:01:30, 205.04s/it]                                                                                          Best trial: 13. Best value: 0.548439:  54%|█████▍    | 21/39 [1:03:36<1:01:30, 205.04s/it]Best trial: 13. Best value: 0.548439:  54%|█████▍    | 21/39 [1:03:36<1:01:30, 205.04s/it]Best trial: 13. Best value: 0.548439:  56%|█████▋    | 22/39 [1:03:36<49:46, 175.67s/it]                                                                                          [I 2024-12-25 22:22:58,859] Trial 1 finished with value: 0.48846385270972204 and parameters: {'lr': 2.0752437907916167e-05, 'decay': 0.0027942333583078883, 'batch_size': 128, 'nheads': 4, 'project_to': 64, 'hidden_size': 128, 'num_layers': 1, 'dropout': 0.6592933862836884, 'class_weights': False, 'aug_choice': 6}. Best is trial 0 with value: 0.52.
[I 2024-12-25 22:26:49,738] Trial 2 finished with value: 0.4493379223682592 and parameters: {'lr': 0.0003259172647902518, 'decay': 0.002458102262221613, 'batch_size': 64, 'nheads': 4, 'project_to': 128, 'hidden_size': 32, 'num_layers': 1, 'dropout': 0.8151371578584764, 'class_weights': False, 'aug_choice': 8}. Best is trial 0 with value: 0.52.
[I 2024-12-25 22:30:25,179] Trial 3 finished with value: 0.4313024879301282 and parameters: {'lr': 0.004333172236451779, 'decay': 0.001419970389925956, 'batch_size': 128, 'nheads': 4, 'project_to': 64, 'hidden_size': 64, 'num_layers': 2, 'dropout': 0.8996640867374269, 'class_weights': True, 'aug_choice': 7}. Best is trial 0 with value: 0.52.
[I 2024-12-25 22:32:33,156] Trial 4 finished with value: 0.49859709271178615 and parameters: {'lr': 0.0001842613760211108, 'decay': 7.07070885979208e-05, 'batch_size': 128, 'nheads': 4, 'project_to': 128, 'hidden_size': 64, 'num_layers': 1, 'dropout': 0.12088251241323987, 'class_weights': False, 'aug_choice': 0}. Best is trial 0 with value: 0.52.
[I 2024-12-25 22:34:56,781] Trial 5 finished with value: 0.41898969095153316 and parameters: {'lr': 6.468480105428315e-05, 'decay': 0.00015187199306392822, 'batch_size': 64, 'nheads': 2, 'project_to': 64, 'hidden_size': 64, 'num_layers': 2, 'dropout': 0.8249214881980476, 'class_weights': True, 'aug_choice': 5}. Best is trial 0 with value: 0.52.
[I 2024-12-25 22:37:47,174] Trial 6 finished with value: 0.5231112669101203 and parameters: {'lr': 0.00670161378128641, 'decay': 0.004793715441115765, 'batch_size': 64, 'nheads': 4, 'project_to': 32, 'hidden_size': 64, 'num_layers': 2, 'dropout': 0.8298258588182669, 'class_weights': False, 'aug_choice': 2}. Best is trial 6 with value: 0.5231112669101203.
[I 2024-12-25 22:39:45,120] Trial 7 finished with value: 0.3171909240779942 and parameters: {'lr': 0.0046537980365470395, 'decay': 4.07344324029829e-05, 'batch_size': 64, 'nheads': 4, 'project_to': 32, 'hidden_size': 32, 'num_layers': 3, 'dropout': 0.4699373234502744, 'class_weights': True, 'aug_choice': 0}. Best is trial 6 with value: 0.5231112669101203.
[I 2024-12-25 22:40:56,629] Trial 8 finished with value: 0.28435927815180684 and parameters: {'lr': 0.0007260101821479607, 'decay': 4.933766957693263e-05, 'batch_size': 128, 'nheads': 4, 'project_to': 64, 'hidden_size': 64, 'num_layers': 1, 'dropout': 0.7511482424762583, 'class_weights': True, 'aug_choice': 6}. Best is trial 6 with value: 0.5231112669101203.
[I 2024-12-25 22:43:07,109] Trial 9 finished with value: 0.3474713342249234 and parameters: {'lr': 0.0001243312474489392, 'decay': 5.743911637614916e-05, 'batch_size': 128, 'nheads': 1, 'project_to': 32, 'hidden_size': 32, 'num_layers': 3, 'dropout': 0.6935894079051523, 'class_weights': True, 'aug_choice': 0}. Best is trial 6 with value: 0.5231112669101203.
[I 2024-12-25 22:45:06,196] Trial 10 finished with value: 0.5201303186505385 and parameters: {'lr': 0.0014965985686631533, 'decay': 0.009955766907187481, 'batch_size': 64, 'nheads': 1, 'project_to': 32, 'hidden_size': 128, 'num_layers': 2, 'dropout': 0.4638649090742209, 'class_weights': False, 'aug_choice': 2}. Best is trial 6 with value: 0.5231112669101203.
[I 2024-12-25 22:47:23,823] Trial 11 finished with value: 0.5143142060224649 and parameters: {'lr': 0.0013141148618507775, 'decay': 0.009796728795116137, 'batch_size': 64, 'nheads': 1, 'project_to': 32, 'hidden_size': 128, 'num_layers': 2, 'dropout': 0.4521877562611925, 'class_weights': False, 'aug_choice': 2}. Best is trial 6 with value: 0.5231112669101203.
[I 2024-12-25 22:50:13,374] Trial 12 finished with value: 0.5219824114327436 and parameters: {'lr': 0.008270200248314007, 'decay': 0.00967930867345654, 'batch_size': 64, 'nheads': 1, 'project_to': 32, 'hidden_size': 128, 'num_layers': 2, 'dropout': 0.24597871234081614, 'class_weights': False, 'aug_choice': 2}. Best is trial 6 with value: 0.5231112669101203.
[I 2024-12-25 22:53:35,268] Trial 13 finished with value: 0.5484386653482537 and parameters: {'lr': 0.009056596365538043, 'decay': 0.0006662593604616624, 'batch_size': 64, 'nheads': 2, 'project_to': 32, 'hidden_size': 128, 'num_layers': 3, 'dropout': 0.2573727296543873, 'class_weights': False, 'aug_choice': 2}. Best is trial 13 with value: 0.5484386653482537.
[I 2024-12-25 22:57:54,977] Trial 14 finished with value: 0.5238295132511984 and parameters: {'lr': 0.009151543099416598, 'decay': 1.0372933891129876e-05, 'batch_size': 64, 'nheads': 2, 'project_to': 32, 'hidden_size': 64, 'num_layers': 3, 'dropout': 0.2978131080053512, 'class_weights': False, 'aug_choice': 1}. Best is trial 13 with value: 0.5484386653482537.
[I 2024-12-25 23:01:00,947] Trial 15 finished with value: 0.4094214601664068 and parameters: {'lr': 0.0025879349257925707, 'decay': 1.2764961063907576e-05, 'batch_size': 64, 'nheads': 2, 'project_to': 32, 'hidden_size': 128, 'num_layers': 3, 'dropout': 0.31044041662102057, 'class_weights': False, 'aug_choice': 1}. Best is trial 13 with value: 0.5484386653482537.
[I 2024-12-25 23:04:05,532] Trial 16 finished with value: 0.5087447143237763 and parameters: {'lr': 0.00930104085736565, 'decay': 0.0006135632304188756, 'batch_size': 64, 'nheads': 2, 'project_to': 32, 'hidden_size': 64, 'num_layers': 3, 'dropout': 0.3027065735074391, 'class_weights': False, 'aug_choice': 1}. Best is trial 13 with value: 0.5484386653482537.
[I 2024-12-25 23:05:42,954] Trial 17 finished with value: 0.5307182267998224 and parameters: {'lr': 0.0006814763238246366, 'decay': 0.00045569336034325644, 'batch_size': 64, 'nheads': 2, 'project_to': 128, 'hidden_size': 128, 'num_layers': 3, 'dropout': 0.11298439448994604, 'class_weights': False, 'aug_choice': 4}. Best is trial 13 with value: 0.5484386653482537.
[I 2024-12-25 23:07:10,405] Trial 18 finished with value: 0.48005562084140546 and parameters: {'lr': 0.0005697783325323183, 'decay': 0.000497467934873782, 'batch_size': 64, 'nheads': 2, 'project_to': 128, 'hidden_size': 128, 'num_layers': 3, 'dropout': 0.11348807232778224, 'class_weights': False, 'aug_choice': 4}. Best is trial 13 with value: 0.5484386653482537.
[I 2024-12-25 23:14:38,783] Trial 19 finished with value: 0.4896237721439163 and parameters: {'lr': 2.847990388705399e-05, 'decay': 0.0002148236624741804, 'batch_size': 64, 'nheads': 2, 'project_to': 128, 'hidden_size': 128, 'num_layers': 3, 'dropout': 0.2036839594867137, 'class_weights': False, 'aug_choice': 3}. Best is trial 13 with value: 0.5484386653482537.
[I 2024-12-25 23:17:26,269] Trial 20 finished with value: 0.5262804914870902 and parameters: {'lr': 1.0262302775102659e-05, 'decay': 0.0008926021855828279, 'batch_size': 64, 'nheads': 2, 'project_to': 128, 'hidden_size': 128, 'num_layers': 3, 'dropout': 0.3846968662805413, 'class_weights': False, 'aug_choice': 4}. Best is trial 13 with value: 0.5484386653482537.
[I 2024-12-25 23:20:34,321] Trial 21 finished with value: 0.48103864815736047 and parameters: {'lr': 1.167709015347892e-05, 'decay': 0.0009327900751728212, 'batch_size': 64, 'nheads': 2, 'project_to': 128, 'hidden_size': 128, 'num_layers': 3, 'dropout': 0.3795383465204452, 'class_weights': False, 'aug_choice': 4}. Best is trial 13 with value: 0.5484386653482537.
[I 2024-12-25 23:22:21,478] Trial 22 finished with value: 0.4311769387046924 and parameters: {'lr': 5.718405513002096e-05, 'decay': 0.0003470404327864396, 'batch_size': 64, 'nheads': 2, 'project_to': 128, 'hidden_size': 128, 'num_layers': 3, 'dropout': 0.5597221453273618, 'class_weights': False, 'aug_choice': 4}. Best is trial 13 with value: 0.5484386653482537.
Best trial: 13. Best value: 0.548439:  56%|█████▋    | 22/39 [1:05:06<49:46, 175.67s/it]Best trial: 13. Best value: 0.548439:  56%|█████▋    | 22/39 [1:05:06<49:46, 175.67s/it]Best trial: 13. Best value: 0.548439:  59%|█████▉    | 23/39 [1:05:06<40:00, 150.03s/it]                                                                                        Best trial: 13. Best value: 0.548439:  59%|█████▉    | 23/39 [1:06:36<40:00, 150.03s/it]Best trial: 24. Best value: 0.564203:  59%|█████▉    | 23/39 [1:06:36<40:00, 150.03s/it]Best trial: 24. Best value: 0.564203:  62%|██████▏   | 24/39 [1:06:36<32:56, 131.78s/it]                                                                                        Best trial: 24. Best value: 0.564203:  62%|██████▏   | 24/39 [1:12:04<32:56, 131.78s/it]Best trial: 24. Best value: 0.564203:  62%|██████▏   | 24/39 [1:12:04<32:56, 131.78s/it]Best trial: 24. Best value: 0.564203:  64%|██████▍   | 25/39 [1:12:04<44:32, 190.90s/it]                                                                                        Best trial: 24. Best value: 0.564203:  64%|██████▍   | 25/39 [1:17:11<44:32, 190.90s/it]Best trial: 24. Best value: 0.564203:  64%|██████▍   | 25/39 [1:17:11<44:32, 190.90s/it]Best trial: 24. Best value: 0.564203:  67%|██████▋   | 26/39 [1:17:11<48:55, 225.77s/it]                                                                                        Best trial: 24. Best value: 0.564203:  67%|██████▋   | 26/39 [1:22:33<48:55, 225.77s/it]Best trial: 27. Best value: 0.564656:  67%|██████▋   | 26/39 [1:22:33<48:55, 225.77s/it]Best trial: 27. Best value: 0.564656:  69%|██████▉   | 27/39 [1:22:33<50:54, 254.55s/it]                                                                                        Best trial: 27. Best value: 0.564656:  69%|██████▉   | 27/39 [1:24:27<50:54, 254.55s/it]Best trial: 27. Best value: 0.564656:  69%|██████▉   | 27/39 [1:24:27<50:54, 254.55s/it]Best trial: 27. Best value: 0.564656:  72%|███████▏  | 28/39 [1:24:27<38:55, 212.36s/it]                                                                                        Best trial: 27. Best value: 0.564656:  72%|███████▏  | 28/39 [1:26:36<38:55, 212.36s/it]Best trial: 27. Best value: 0.564656:  72%|███████▏  | 28/39 [1:26:36<38:55, 212.36s/it]Best trial: 27. Best value: 0.564656:  74%|███████▍  | 29/39 [1:26:36<31:12, 187.20s/it]                                                                                        Best trial: 27. Best value: 0.564656:  74%|███████▍  | 29/39 [1:29:22<31:12, 187.20s/it]Best trial: 27. Best value: 0.564656:  74%|███████▍  | 29/39 [1:29:22<31:12, 187.20s/it]Best trial: 27. Best value: 0.564656:  77%|███████▋  | 30/39 [1:29:22<27:07, 180.81s/it]                                                                                        Best trial: 27. Best value: 0.564656:  77%|███████▋  | 30/39 [1:31:35<27:07, 180.81s/it]Best trial: 27. Best value: 0.564656:  77%|███████▋  | 30/39 [1:31:35<27:07, 180.81s/it]Best trial: 27. Best value: 0.564656:  79%|███████▉  | 31/39 [1:31:35<22:12, 166.59s/it]                                                                                        Best trial: 27. Best value: 0.564656:  79%|███████▉  | 31/39 [1:34:13<22:12, 166.59s/it]Best trial: 27. Best value: 0.564656:  79%|███████▉  | 31/39 [1:34:13<22:12, 166.59s/it]Best trial: 27. Best value: 0.564656:  82%|████████▏ | 32/39 [1:34:13<19:08, 164.01s/it]                                                                                        Best trial: 27. Best value: 0.564656:  82%|████████▏ | 32/39 [1:36:17<19:08, 164.01s/it]Best trial: 27. Best value: 0.564656:  82%|████████▏ | 32/39 [1:36:17<19:08, 164.01s/it]Best trial: 27. Best value: 0.564656:  85%|████████▍ | 33/39 [1:36:17<15:11, 151.98s/it]                                                                                        Best trial: 27. Best value: 0.564656:  85%|████████▍ | 33/39 [1:42:33<15:11, 151.98s/it]Best trial: 27. Best value: 0.564656:  85%|████████▍ | 33/39 [1:42:33<15:11, 151.98s/it]Best trial: 27. Best value: 0.564656:  87%|████████▋ | 34/39 [1:42:33<18:16, 219.31s/it]                                                                                        Best trial: 27. Best value: 0.564656:  87%|████████▋ | 34/39 [1:44:14<18:16, 219.31s/it]Best trial: 27. Best value: 0.564656:  87%|████████▋ | 34/39 [1:44:14<18:16, 219.31s/it]Best trial: 27. Best value: 0.564656:  90%|████████▉ | 35/39 [1:44:14<12:15, 183.80s/it]                                                                                        Best trial: 27. Best value: 0.564656:  90%|████████▉ | 35/39 [1:46:09<12:15, 183.80s/it]Best trial: 27. Best value: 0.564656:  90%|████████▉ | 35/39 [1:46:09<12:15, 183.80s/it]Best trial: 27. Best value: 0.564656:  92%|█████████▏| 36/39 [1:46:09<08:09, 163.09s/it]                                                                                        Best trial: 27. Best value: 0.564656:  92%|█████████▏| 36/39 [1:49:13<08:09, 163.09s/it]Best trial: 27. Best value: 0.564656:  92%|█████████▏| 36/39 [1:49:13<08:09, 163.09s/it]Best trial: 27. Best value: 0.564656:  95%|█████████▍| 37/39 [1:49:13<05:39, 169.51s/it]                                                                                        Best trial: 27. Best value: 0.564656:  95%|█████████▍| 37/39 [1:51:45<05:39, 169.51s/it]Best trial: 27. Best value: 0.564656:  95%|█████████▍| 37/39 [1:51:45<05:39, 169.51s/it]Best trial: 27. Best value: 0.564656:  97%|█████████▋| 38/39 [1:51:45<02:44, 164.26s/it]                                                                                        Best trial: 27. Best value: 0.564656:  97%|█████████▋| 38/39 [1:53:41<02:44, 164.26s/it]Best trial: 27. Best value: 0.564656:  97%|█████████▋| 38/39 [1:53:41<02:44, 164.26s/it]Best trial: 27. Best value: 0.564656: 100%|██████████| 39/39 [1:53:41<00:00, 149.74s/it]Best trial: 27. Best value: 0.564656: 100%|██████████| 39/39 [1:53:41<00:00, 174.92s/it]
