  0%|          | 0/40 [00:00<?, ?it/s]                                        0%|          | 0/40 [00:00<?, ?it/s]Best trial: 0. Best value: 0.59:   0%|          | 0/40 [00:00<?, ?it/s]                                                                       Best trial: 0. Best value: 0.59:   2%|▎         | 1/40 [00:00<00:06,  5.66it/s]Best trial: 0. Best value: 0.59:   2%|▎         | 1/40 [00:00<00:07,  5.50it/s]Best trial: 0. Best value: 0.59:   5%|▌         | 2/40 [00:00<00:03, 11.00it/s]                                                                               Best trial: 0. Best value: 0.59:   5%|▌         | 2/40 [00:00<00:03, 11.00it/s]Best trial: 0. Best value: 0.59:   5%|▌         | 2/40 [00:00<00:03, 11.00it/s]                                                                               Best trial: 0. Best value: 0.59:   8%|▊         | 3/40 [00:00<00:03, 11.00it/s]Best trial: 0. Best value: 0.59:   8%|▊         | 3/40 [00:00<00:03, 11.00it/s]Best trial: 0. Best value: 0.59:  10%|█         | 4/40 [00:00<00:03, 11.45it/s]                                                                               Best trial: 0. Best value: 0.59:  10%|█         | 4/40 [00:00<00:03, 11.45it/s]Best trial: 0. Best value: 0.59:  10%|█         | 4/40 [00:00<00:03, 11.45it/s]                                                                               Best trial: 0. Best value: 0.59:  12%|█▎        | 5/40 [00:00<00:03, 11.45it/s]Best trial: 0. Best value: 0.59:  12%|█▎        | 5/40 [00:00<00:03, 11.45it/s]Best trial: 0. Best value: 0.59:  15%|█▌        | 6/40 [00:00<00:02, 11.64it/s]                                                                               Best trial: 0. Best value: 0.59:  15%|█▌        | 6/40 [00:00<00:02, 11.64it/s]Best trial: 0. Best value: 0.59:  15%|█▌        | 6/40 [00:00<00:02, 11.64it/s]                                                                               Best trial: 0. Best value: 0.59:  18%|█▊        | 7/40 [00:00<00:02, 11.64it/s]Best trial: 0. Best value: 0.59:  18%|█▊        | 7/40 [00:00<00:02, 11.64it/s]Best trial: 0. Best value: 0.59:  20%|██        | 8/40 [00:00<00:02, 11.61it/s]                                                                               Best trial: 0. Best value: 0.59:  20%|██        | 8/40 [00:00<00:02, 11.61it/s]Best trial: 0. Best value: 0.59:  20%|██        | 8/40 [00:00<00:02, 11.61it/s]                                                                               Best trial: 0. Best value: 0.59:  22%|██▎       | 9/40 [00:00<00:02, 11.61it/s]Best trial: 0. Best value: 0.59:  22%|██▎       | 9/40 [00:00<00:02, 11.61it/s]Best trial: 0. Best value: 0.59:  25%|██▌       | 10/40 [00:00<00:02, 11.19it/s]                                                                                Best trial: 0. Best value: 0.59:  25%|██▌       | 10/40 [00:00<00:02, 11.19it/s]Best trial: 0. Best value: 0.59:  25%|██▌       | 10/40 [00:00<00:02, 11.19it/s]                                                                                Best trial: 0. Best value: 0.59:  28%|██▊       | 11/40 [00:01<00:02, 11.19it/s]Best trial: 0. Best value: 0.59:  28%|██▊       | 11/40 [00:01<00:02, 11.19it/s]Best trial: 0. Best value: 0.59:  30%|███       | 12/40 [00:01<00:02, 10.44it/s]                                                                                Best trial: 0. Best value: 0.59:  30%|███       | 12/40 [00:01<00:02, 10.44it/s]Best trial: 0. Best value: 0.59:  30%|███       | 12/40 [00:01<00:02, 10.44it/s]                                                                                Best trial: 0. Best value: 0.59:  32%|███▎      | 13/40 [00:01<00:02, 10.44it/s]Best trial: 0. Best value: 0.59:  32%|███▎      | 13/40 [00:01<00:02, 10.44it/s]Best trial: 0. Best value: 0.59:  35%|███▌      | 14/40 [00:01<00:02, 10.33it/s]                                                                                Best trial: 0. Best value: 0.59:  35%|███▌      | 14/40 [00:01<00:02, 10.33it/s]Best trial: 0. Best value: 0.59:  35%|███▌      | 14/40 [00:01<00:02, 10.33it/s]                                                                                Best trial: 0. Best value: 0.59:  38%|███▊      | 15/40 [00:01<00:02, 10.33it/s]Best trial: 0. Best value: 0.59:  38%|███▊      | 15/40 [00:01<00:02, 10.33it/s]Best trial: 0. Best value: 0.59:  40%|████      | 16/40 [00:01<00:02, 10.24it/s]                                                                                Best trial: 0. Best value: 0.59:  40%|████      | 16/40 [00:01<00:02, 10.24it/s]Best trial: 0. Best value: 0.59:  40%|████      | 16/40 [00:01<00:02, 10.24it/s]                                                                                Best trial: 0. Best value: 0.59:  42%|████▎     | 17/40 [00:01<00:02, 10.24it/s]Best trial: 0. Best value: 0.59:  42%|████▎     | 17/40 [00:01<00:02, 10.24it/s]Best trial: 0. Best value: 0.59:  45%|████▌     | 18/40 [00:01<00:02, 10.22it/s]                                                                                Best trial: 0. Best value: 0.59:  45%|████▌     | 18/40 [00:01<00:02, 10.22it/s]Best trial: 0. Best value: 0.59:  45%|████▌     | 18/40 [00:01<00:02, 10.22it/s]                                                                                Best trial: 0. Best value: 0.59:  48%|████▊     | 19/40 [00:01<00:02, 10.22it/s]Best trial: 0. Best value: 0.59:  48%|████▊     | 19/40 [00:01<00:02, 10.22it/s]Best trial: 0. Best value: 0.59:  50%|█████     | 20/40 [00:01<00:01, 10.18it/s]                                                                                Best trial: 0. Best value: 0.59:  50%|█████     | 20/40 [00:01<00:01, 10.18it/s]Best trial: 0. Best value: 0.59:  50%|█████     | 20/40 [00:01<00:01, 10.18it/s]                                                                                Best trial: 0. Best value: 0.59:  52%|█████▎    | 21/40 [00:02<00:01, 10.18it/s]Best trial: 0. Best value: 0.59:  52%|█████▎    | 21/40 [00:02<00:01, 10.18it/s]Best trial: 0. Best value: 0.59:  55%|█████▌    | 22/40 [00:02<00:01, 10.26it/s]                                                                                Best trial: 0. Best value: 0.59:  55%|█████▌    | 22/40 [00:02<00:01, 10.26it/s]Best trial: 0. Best value: 0.59:  55%|█████▌    | 22/40 [00:02<00:01, 10.26it/s]                                                                                Best trial: 0. Best value: 0.59:  57%|█████▊    | 23/40 [00:02<00:01, 10.26it/s]Best trial: 0. Best value: 0.59:  57%|█████▊    | 23/40 [00:02<00:01, 10.26it/s]Best trial: 0. Best value: 0.59:  60%|██████    | 24/40 [00:02<00:01, 10.25it/s]                                                                                [I 2024-12-26 09:03:10,158] Trial 0 finished with value: 0.59 and parameters: {'lr': 1.526569069753017e-05, 'decay': 0.008551826317184118, 'batch_size': 64, 'nheads': 2, 'project_to': 64, 'hidden_size': 128, 'num_layers': 3, 'dropout': 0.30651938680709045, 'class_weights': True, 'aug_choice': 2}. Best is trial 0 with value: 0.59.
[I 2024-12-26 09:03:10,244] Trial 1 finished with value: 0.59 and parameters: {'lr': 0.00886147887357809, 'decay': 0.0009383842039984452, 'batch_size': 64, 'nheads': 2, 'project_to': 64, 'hidden_size': 32, 'num_layers': 2, 'dropout': 0.22424188156509117, 'class_weights': True, 'aug_choice': 0}. Best is trial 0 with value: 0.59.
[I 2024-12-26 09:03:10,331] Trial 2 finished with value: 0.59 and parameters: {'lr': 0.0005368037064566328, 'decay': 0.00018888371732194353, 'batch_size': 64, 'nheads': 1, 'project_to': 128, 'hidden_size': 128, 'num_layers': 1, 'dropout': 0.32684875949691317, 'class_weights': False, 'aug_choice': 3}. Best is trial 0 with value: 0.59.
[I 2024-12-26 09:03:10,414] Trial 3 finished with value: 0.59 and parameters: {'lr': 2.906960037120895e-05, 'decay': 0.00035131739491013923, 'batch_size': 64, 'nheads': 2, 'project_to': 64, 'hidden_size': 32, 'num_layers': 2, 'dropout': 0.38085076485493974, 'class_weights': True, 'aug_choice': 6}. Best is trial 0 with value: 0.59.
[I 2024-12-26 09:03:10,497] Trial 4 finished with value: 0.59 and parameters: {'lr': 2.1933630601664346e-05, 'decay': 0.0004451781530082359, 'batch_size': 128, 'nheads': 2, 'project_to': 32, 'hidden_size': 128, 'num_layers': 1, 'dropout': 0.3295516584811303, 'class_weights': False, 'aug_choice': 6}. Best is trial 0 with value: 0.59.
[I 2024-12-26 09:03:10,582] Trial 5 finished with value: 0.59 and parameters: {'lr': 1.7427465339160628e-05, 'decay': 0.00019180802117066197, 'batch_size': 64, 'nheads': 2, 'project_to': 128, 'hidden_size': 64, 'num_layers': 1, 'dropout': 0.11978322387147214, 'class_weights': False, 'aug_choice': 2}. Best is trial 0 with value: 0.59.
[I 2024-12-26 09:03:10,665] Trial 6 finished with value: 0.59 and parameters: {'lr': 0.0025457858702184885, 'decay': 0.00022035771504750208, 'batch_size': 128, 'nheads': 1, 'project_to': 128, 'hidden_size': 32, 'num_layers': 2, 'dropout': 0.3889247721079244, 'class_weights': False, 'aug_choice': 7}. Best is trial 0 with value: 0.59.
[I 2024-12-26 09:03:10,753] Trial 7 finished with value: 0.59 and parameters: {'lr': 1.5237234202376529e-05, 'decay': 2.2133473175558055e-05, 'batch_size': 64, 'nheads': 4, 'project_to': 32, 'hidden_size': 64, 'num_layers': 1, 'dropout': 0.38275084940390125, 'class_weights': True, 'aug_choice': 7}. Best is trial 0 with value: 0.59.
[I 2024-12-26 09:03:10,851] Trial 8 finished with value: 0.59 and parameters: {'lr': 0.002149856142625844, 'decay': 0.00293519464586061, 'batch_size': 64, 'nheads': 2, 'project_to': 64, 'hidden_size': 64, 'num_layers': 2, 'dropout': 0.22400587145821935, 'class_weights': False, 'aug_choice': 8}. Best is trial 0 with value: 0.59.
[I 2024-12-26 09:03:10,944] Trial 9 finished with value: 0.59 and parameters: {'lr': 0.00029926709004526745, 'decay': 0.0002195600122765878, 'batch_size': 64, 'nheads': 4, 'project_to': 128, 'hidden_size': 32, 'num_layers': 3, 'dropout': 0.5099690294496743, 'class_weights': True, 'aug_choice': 6}. Best is trial 0 with value: 0.59.
[I 2024-12-26 09:03:11,053] Trial 10 finished with value: 0.59 and parameters: {'lr': 0.00010393824213513137, 'decay': 0.0098663463008093, 'batch_size': 128, 'nheads': 1, 'project_to': 64, 'hidden_size': 128, 'num_layers': 3, 'dropout': 0.61814040540923, 'class_weights': True, 'aug_choice': 1}. Best is trial 0 with value: 0.59.
[I 2024-12-26 09:03:11,161] Trial 11 finished with value: 0.59 and parameters: {'lr': 0.0087206057406922, 'decay': 0.002303388264445051, 'batch_size': 64, 'nheads': 2, 'project_to': 64, 'hidden_size': 32, 'num_layers': 3, 'dropout': 0.2147779283242273, 'class_weights': True, 'aug_choice': 0}. Best is trial 0 with value: 0.59.
[I 2024-12-26 09:03:11,260] Trial 12 finished with value: 0.59 and parameters: {'lr': 0.00010370121019289366, 'decay': 0.008737152200967874, 'batch_size': 64, 'nheads': 2, 'project_to': 64, 'hidden_size': 128, 'num_layers': 3, 'dropout': 0.23515241092913391, 'class_weights': True, 'aug_choice': 0}. Best is trial 0 with value: 0.59.
[I 2024-12-26 09:03:11,359] Trial 13 finished with value: 0.59 and parameters: {'lr': 0.0009366825282435715, 'decay': 0.0017685549624616615, 'batch_size': 64, 'nheads': 2, 'project_to': 64, 'hidden_size': 128, 'num_layers': 2, 'dropout': 0.12240295459613024, 'class_weights': True, 'aug_choice': 2}. Best is trial 0 with value: 0.59.
[I 2024-12-26 09:03:11,460] Trial 14 finished with value: 0.59 and parameters: {'lr': 0.009188096749254998, 'decay': 0.0007555626108573889, 'batch_size': 128, 'nheads': 2, 'project_to': 64, 'hidden_size': 32, 'num_layers': 2, 'dropout': 0.5202604092648724, 'class_weights': True, 'aug_choice': 4}. Best is trial 0 with value: 0.59.
[I 2024-12-26 09:03:11,558] Trial 15 finished with value: 0.59 and parameters: {'lr': 6.447686740637948e-05, 'decay': 4.549307511709256e-05, 'batch_size': 64, 'nheads': 4, 'project_to': 64, 'hidden_size': 32, 'num_layers': 3, 'dropout': 0.2746153770391877, 'class_weights': True, 'aug_choice': 0}. Best is trial 0 with value: 0.59.
[I 2024-12-26 09:03:11,656] Trial 16 finished with value: 0.59 and parameters: {'lr': 0.00025109344340674543, 'decay': 0.004390970910330983, 'batch_size': 64, 'nheads': 2, 'project_to': 32, 'hidden_size': 128, 'num_layers': 2, 'dropout': 0.4652420521489352, 'class_weights': True, 'aug_choice': 5}. Best is trial 0 with value: 0.59.
[I 2024-12-26 09:03:11,755] Trial 17 finished with value: 0.59 and parameters: {'lr': 0.0029666099648682255, 'decay': 0.0010588481172203743, 'batch_size': 64, 'nheads': 2, 'project_to': 64, 'hidden_size': 128, 'num_layers': 3, 'dropout': 0.17478379416902948, 'class_weights': True, 'aug_choice': 2}. Best is trial 0 with value: 0.59.
[I 2024-12-26 09:03:11,855] Trial 18 finished with value: 0.59 and parameters: {'lr': 4.7574630272360624e-05, 'decay': 8.55444252768943e-05, 'batch_size': 128, 'nheads': 1, 'project_to': 64, 'hidden_size': 32, 'num_layers': 2, 'dropout': 0.30612981594938504, 'class_weights': True, 'aug_choice': 8}. Best is trial 0 with value: 0.59.
[I 2024-12-26 09:03:11,953] Trial 19 finished with value: 0.59 and parameters: {'lr': 1.0959047123609349e-05, 'decay': 0.004967022070394478, 'batch_size': 64, 'nheads': 2, 'project_to': 32, 'hidden_size': 64, 'num_layers': 2, 'dropout': 0.1655633802364403, 'class_weights': True, 'aug_choice': 1}. Best is trial 0 with value: 0.59.
[I 2024-12-26 09:03:12,049] Trial 20 finished with value: 0.59 and parameters: {'lr': 0.0011570263521755125, 'decay': 0.001071678629100573, 'batch_size': 64, 'nheads': 4, 'project_to': 64, 'hidden_size': 32, 'num_layers': 3, 'dropout': 0.44798923807151625, 'class_weights': True, 'aug_choice': 4}. Best is trial 0 with value: 0.59.
[I 2024-12-26 09:03:12,145] Trial 21 finished with value: 0.59 and parameters: {'lr': 0.0006277751346495897, 'decay': 8.00256753020472e-05, 'batch_size': 64, 'nheads': 1, 'project_to': 128, 'hidden_size': 128, 'num_layers': 1, 'dropout': 0.3177353730751453, 'class_weights': False, 'aug_choice': 3}. Best is trial 0 with value: 0.59.
[I 2024-12-26 09:03:12,243] Trial 22 finished with value: 0.59 and parameters: {'lr': 0.00018054889073673228, 'decay': 1.0673653152829905e-05, 'batch_size': 64, 'nheads': 1, 'project_to': 128, 'hidden_size': 128, 'num_layers': 1, 'dropout': 0.27357846923306167, 'class_weights': False, 'aug_choice': 3}. Best is trial 0 with value: 0.59.
[I 2024-12-26 09:03:12,340] Trial 23 finished with value: 0.59 and parameters: {'lr': 0.0005092325596304947, 'decay': 9.273656651435751e-05, 'batch_size': 64, 'nheads': 1, 'project_to': 128, 'hidden_size': 128, 'num_layers': 1, 'dropout': 0.6944609078539655, 'class_weights': False, 'aug_choice': 3}. Best is trial 0 with value: 0.59.
Best trial: 0. Best value: 0.59:  60%|██████    | 24/40 [00:02<00:01, 10.25it/s]Best trial: 0. Best value: 0.59:  60%|██████    | 24/40 [00:02<00:01, 10.25it/s]                                                                                Best trial: 0. Best value: 0.59:  62%|██████▎   | 25/40 [00:02<00:01, 10.25it/s]Best trial: 0. Best value: 0.59:  62%|██████▎   | 25/40 [00:02<00:01, 10.25it/s]Best trial: 0. Best value: 0.59:  65%|██████▌   | 26/40 [00:02<00:01, 10.30it/s]                                                                                Best trial: 0. Best value: 0.59:  65%|██████▌   | 26/40 [00:02<00:01, 10.30it/s]Best trial: 0. Best value: 0.59:  65%|██████▌   | 26/40 [00:02<00:01, 10.30it/s]                                                                                Best trial: 0. Best value: 0.59:  68%|██████▊   | 27/40 [00:02<00:01, 10.30it/s]Best trial: 0. Best value: 0.59:  68%|██████▊   | 27/40 [00:02<00:01, 10.30it/s]Best trial: 0. Best value: 0.59:  70%|███████   | 28/40 [00:02<00:01, 10.29it/s]Fold 0: 0 trials completed, running 40 more trials...
[I 2024-12-26 09:04:00,794] A new study created in RDB with name: webcam_engagement_classifier
  0%|          | 0/40 [00:00<?, ?it/s]                                        0%|          | 0/40 [01:48<?, ?it/s]Best trial: 0. Best value: 0.347626:   0%|          | 0/40 [01:48<?, ?it/s]Best trial: 0. Best value: 0.347626:   2%|▎         | 1/40 [01:48<1:10:33, 108.56s/it]Fold 0: 0 trials completed, running 40 more trials...
[I 2024-12-26 09:07:14,459] A new study created in RDB with name: webcam_engagement_classifier
