Best trial: 13. Best value: 0.57801:  29%|██▉       | 44/150 [1:55:27<3:49:35, 129.95s/it]Best trial: 13. Best value: 0.57801:  29%|██▉       | 44/150 [1:55:27<3:49:35, 129.95s/it]Best trial: 13. Best value: 0.57801:  30%|███       | 45/150 [1:55:27<4:09:15, 142.43s/it]                                                                                          Best trial: 13. Best value: 0.57801:  30%|███       | 45/150 [1:57:42<4:09:15, 142.43s/it]Best trial: 13. Best value: 0.57801:  30%|███       | 45/150 [1:57:42<4:09:15, 142.43s/it]Best trial: 13. Best value: 0.57801:  31%|███       | 46/150 [1:57:42<4:03:01, 140.21s/it]                                                                                          Best trial: 13. Best value: 0.57801:  31%|███       | 46/150 [1:59:56<4:03:01, 140.21s/it]Best trial: 13. Best value: 0.57801:  31%|███       | 46/150 [1:59:56<4:03:01, 140.21s/it]Best trial: 13. Best value: 0.57801:  31%|███▏      | 47/150 [1:59:56<3:57:09, 138.15s/it]                                                                                          Best trial: 13. Best value: 0.57801:  31%|███▏      | 47/150 [2:01:40<3:57:09, 138.15s/it]Best trial: 13. Best value: 0.57801:  31%|███▏      | 47/150 [2:01:40<3:57:09, 138.15s/it]Best trial: 13. Best value: 0.57801:  32%|███▏      | 48/150 [2:01:40<3:37:19, 127.84s/it]                                                                                          Best trial: 13. Best value: 0.57801:  32%|███▏      | 48/150 [2:07:14<3:37:19, 127.84s/it]Best trial: 13. Best value: 0.57801:  32%|███▏      | 48/150 [2:07:14<3:37:19, 127.84s/it]Best trial: 13. Best value: 0.57801:  33%|███▎      | 49/150 [2:07:14<5:19:32, 189.83s/it]                                                                                          Best trial: 13. Best value: 0.57801:  33%|███▎      | 49/150 [2:12:18<5:19:32, 189.83s/it]Best trial: 13. Best value: 0.57801:  33%|███▎      | 49/150 [2:12:18<5:19:32, 189.83s/it]Best trial: 13. Best value: 0.57801:  33%|███▎      | 50/150 [2:12:18<6:13:25, 224.05s/it]                                                                                          Best trial: 13. Best value: 0.57801:  33%|███▎      | 50/150 [2:18:55<6:13:25, 224.05s/it]Best trial: 13. Best value: 0.57801:  33%|███▎      | 50/150 [2:18:55<6:13:25, 224.05s/it]Best trial: 13. Best value: 0.57801:  34%|███▍      | 51/150 [2:18:55<7:35:24, 276.01s/it]                                                                                          Best trial: 13. Best value: 0.57801:  34%|███▍      | 51/150 [2:24:18<7:35:24, 276.01s/it]Best trial: 13. Best value: 0.57801:  34%|███▍      | 51/150 [2:24:18<7:35:24, 276.01s/it]Best trial: 13. Best value: 0.57801:  35%|███▍      | 52/150 [2:24:18<7:53:50, 290.11s/it]                                                                                          Best trial: 13. Best value: 0.57801:  35%|███▍      | 52/150 [2:26:30<7:53:50, 290.11s/it]Best trial: 13. Best value: 0.57801:  35%|███▍      | 52/150 [2:26:30<7:53:50, 290.11s/it]Best trial: 13. Best value: 0.57801:  35%|███▌      | 53/150 [2:26:30<6:32:25, 242.74s/it]                                                                                          Best trial: 13. Best value: 0.57801:  35%|███▌      | 53/150 [2:28:40<6:32:25, 242.74s/it]Best trial: 13. Best value: 0.57801:  35%|███▌      | 53/150 [2:28:40<6:32:25, 242.74s/it]Best trial: 13. Best value: 0.57801:  36%|███▌      | 54/150 [2:28:40<5:34:02, 208.78s/it]                                                                                          Best trial: 13. Best value: 0.57801:  36%|███▌      | 54/150 [2:31:01<5:34:02, 208.78s/it]Best trial: 13. Best value: 0.57801:  36%|███▌      | 54/150 [2:31:01<5:34:02, 208.78s/it]Best trial: 13. Best value: 0.57801:  37%|███▋      | 55/150 [2:31:01<4:58:31, 188.54s/it]                                                                                          Best trial: 13. Best value: 0.57801:  37%|███▋      | 55/150 [2:36:39<4:58:31, 188.54s/it]Best trial: 13. Best value: 0.57801:  37%|███▋      | 55/150 [2:36:39<4:58:31, 188.54s/it]Best trial: 13. Best value: 0.57801:  37%|███▋      | 56/150 [2:36:39<6:05:40, 233.41s/it]                                                                                          Best trial: 13. Best value: 0.57801:  37%|███▋      | 56/150 [2:37:53<6:05:40, 233.41s/it]Best trial: 13. Best value: 0.57801:  37%|███▋      | 56/150 [2:37:53<6:05:40, 233.41s/it]Best trial: 13. Best value: 0.57801:  38%|███▊      | 57/150 [2:37:53<4:47:25, 185.43s/it]                                                                                          Best trial: 13. Best value: 0.57801:  38%|███▊      | 57/150 [2:39:34<4:47:25, 185.43s/it]Best trial: 13. Best value: 0.57801:  38%|███▊      | 57/150 [2:39:34<4:47:25, 185.43s/it]Best trial: 13. Best value: 0.57801:  39%|███▊      | 58/150 [2:39:34<4:05:40, 160.22s/it]                                                                                          Best trial: 13. Best value: 0.57801:  39%|███▊      | 58/150 [2:40:43<4:05:40, 160.22s/it]Best trial: 13. Best value: 0.57801:  39%|███▊      | 58/150 [2:40:43<4:05:40, 160.22s/it]Best trial: 13. Best value: 0.57801:  39%|███▉      | 59/150 [2:40:43<3:21:13, 132.67s/it]                                                                                          Best trial: 13. Best value: 0.57801:  39%|███▉      | 59/150 [2:42:53<3:21:13, 132.67s/it]Best trial: 13. Best value: 0.57801:  39%|███▉      | 59/150 [2:42:53<3:21:13, 132.67s/it]Best trial: 13. Best value: 0.57801:  40%|████      | 60/150 [2:42:53<3:17:47, 131.86s/it]                                                                                          Best trial: 13. Best value: 0.57801:  40%|████      | 60/150 [2:46:00<3:17:47, 131.86s/it]Best trial: 13. Best value: 0.57801:  40%|████      | 60/150 [2:46:00<3:17:47, 131.86s/it]Best trial: 13. Best value: 0.57801:  41%|████      | 61/150 [2:46:00<3:40:19, 148.54s/it]                                                                                          Best trial: 13. Best value: 0.57801:  41%|████      | 61/150 [2:47:45<3:40:19, 148.54s/it]Best trial: 13. Best value: 0.57801:  41%|████      | 61/150 [2:47:45<3:40:19, 148.54s/it]Best trial: 13. Best value: 0.57801:  41%|████▏     | 62/150 [2:47:45<3:18:46, 135.52s/it]                                                                                          Best trial: 13. Best value: 0.57801:  41%|████▏     | 62/150 [2:49:29<3:18:46, 135.52s/it]Best trial: 13. Best value: 0.57801:  41%|████▏     | 62/150 [2:49:29<3:18:46, 135.52s/it]Best trial: 13. Best value: 0.57801:  42%|████▏     | 63/150 [2:49:29<3:02:49, 126.09s/it]                                                                                          Best trial: 13. Best value: 0.57801:  42%|████▏     | 63/150 [2:51:35<3:02:49, 126.09s/it]Best trial: 13. Best value: 0.57801:  42%|████▏     | 63/150 [2:51:35<3:02:49, 126.09s/it]Best trial: 13. Best value: 0.57801:  43%|████▎     | 64/150 [2:51:35<3:00:35, 125.99s/it]                                                                                          Best trial: 13. Best value: 0.57801:  43%|████▎     | 64/150 [2:53:53<3:00:35, 125.99s/it]Best trial: 13. Best value: 0.57801:  43%|████▎     | 64/150 [2:53:53<3:00:35, 125.99s/it]Best trial: 13. Best value: 0.57801:  43%|████▎     | 65/150 [2:53:53<3:03:34, 129.58s/it]                                                                                          Best trial: 13. Best value: 0.57801:  43%|████▎     | 65/150 [2:55:02<3:03:34, 129.58s/it]Best trial: 13. Best value: 0.57801:  43%|████▎     | 65/150 [2:55:02<3:03:34, 129.58s/it]Best trial: 13. Best value: 0.57801:  44%|████▍     | 66/150 [2:55:02<2:35:51, 111.32s/it]                                                                                          [I 2024-12-29 15:25:17,968] Trial 44 finished with value: 0.46819462042579296 and parameters: {'lr': 0.0004305674156052695, 'decay': 0.0012271564633036195, 'batch_size': 64, 'nheads': 2, 'project_to': 128, 'hidden_size': 32, 'num_layers': 2, 'dropout': 0.5326723153014639, 'alpha': 0.9969110923608794, 'aug_choice': 7}. Best is trial 13 with value: 0.5780103030910341.
[I 2024-12-29 15:27:32,994] Trial 45 finished with value: 0.4634071736762034 and parameters: {'lr': 5.0486509053603704e-05, 'decay': 0.00017782661742464463, 'batch_size': 64, 'nheads': 1, 'project_to': 128, 'hidden_size': 64, 'num_layers': 2, 'dropout': 0.312303339825375, 'alpha': 1.3081186318184754, 'aug_choice': 8}. Best is trial 13 with value: 0.5780103030910341.
[I 2024-12-29 15:29:46,326] Trial 46 finished with value: 0.5082356380870214 and parameters: {'lr': 0.003586918712849443, 'decay': 0.0003733833970926748, 'batch_size': 128, 'nheads': 1, 'project_to': 128, 'hidden_size': 32, 'num_layers': 2, 'dropout': 0.16999939668825512, 'alpha': 0.860438460213657, 'aug_choice': 2}. Best is trial 13 with value: 0.5780103030910341.
[I 2024-12-29 15:31:30,122] Trial 47 finished with value: 0.41988258396551154 and parameters: {'lr': 1.3539478362306096e-05, 'decay': 0.0052115880465949125, 'batch_size': 64, 'nheads': 1, 'project_to': 64, 'hidden_size': 64, 'num_layers': 2, 'dropout': 0.11909025779954086, 'alpha': 0.7468825811615912, 'aug_choice': 6}. Best is trial 13 with value: 0.5780103030910341.
[I 2024-12-29 15:37:04,594] Trial 48 finished with value: 0.5676233947095568 and parameters: {'lr': 0.002179884905940736, 'decay': 0.0019482909692003373, 'batch_size': 64, 'nheads': 2, 'project_to': 32, 'hidden_size': 128, 'num_layers': 2, 'dropout': 0.1588816716604242, 'alpha': 1.0890447844079394, 'aug_choice': 3}. Best is trial 13 with value: 0.5780103030910341.
[I 2024-12-29 15:42:08,504] Trial 49 finished with value: 0.44292783550651676 and parameters: {'lr': 0.0022558361819785314, 'decay': 0.0027908398701148285, 'batch_size': 128, 'nheads': 2, 'project_to': 32, 'hidden_size': 128, 'num_layers': 2, 'dropout': 0.24644086646330768, 'alpha': 0.6020681822248543, 'aug_choice': 3}. Best is trial 13 with value: 0.5780103030910341.
[I 2024-12-29 15:48:45,729] Trial 50 finished with value: 0.5252422026992531 and parameters: {'lr': 0.0028350009385974795, 'decay': 0.00980149957418699, 'batch_size': 64, 'nheads': 2, 'project_to': 32, 'hidden_size': 128, 'num_layers': 3, 'dropout': 0.1956264169189985, 'alpha': 1.253702165503783, 'aug_choice': 3}. Best is trial 13 with value: 0.5780103030910341.
[I 2024-12-29 15:54:08,737] Trial 51 finished with value: 0.4955624866584391 and parameters: {'lr': 0.005304212506911566, 'decay': 0.001976643321599191, 'batch_size': 64, 'nheads': 2, 'project_to': 32, 'hidden_size': 128, 'num_layers': 2, 'dropout': 0.1536258833312186, 'alpha': 1.0612832425653589, 'aug_choice': 3}. Best is trial 13 with value: 0.5780103030910341.
[I 2024-12-29 15:56:20,946] Trial 52 finished with value: 0.4873435983544039 and parameters: {'lr': 0.007514151119454833, 'decay': 0.0017175362499954566, 'batch_size': 64, 'nheads': 2, 'project_to': 32, 'hidden_size': 128, 'num_layers': 2, 'dropout': 0.14861664510202555, 'alpha': 1.1481177183327649, 'aug_choice': 2}. Best is trial 13 with value: 0.5780103030910341.
[I 2024-12-29 15:58:30,489] Trial 53 finished with value: 0.5256462721530131 and parameters: {'lr': 0.004537452408195346, 'decay': 0.0010788014507097652, 'batch_size': 64, 'nheads': 2, 'project_to': 32, 'hidden_size': 32, 'num_layers': 2, 'dropout': 0.11119162237860848, 'alpha': 0.9933136587724416, 'aug_choice': 5}. Best is trial 13 with value: 0.5780103030910341.
[I 2024-12-29 16:00:51,798] Trial 54 finished with value: 0.4667434624743591 and parameters: {'lr': 0.001232997481961137, 'decay': 0.004102152439046987, 'batch_size': 64, 'nheads': 4, 'project_to': 128, 'hidden_size': 128, 'num_layers': 2, 'dropout': 0.1001198117526806, 'alpha': 0.9276736705880773, 'aug_choice': 2}. Best is trial 13 with value: 0.5780103030910341.
[I 2024-12-29 16:06:29,923] Trial 55 finished with value: 0.5132879148983587 and parameters: {'lr': 0.0015680950225374869, 'decay': 0.0007810883181899958, 'batch_size': 128, 'nheads': 1, 'project_to': 32, 'hidden_size': 64, 'num_layers': 2, 'dropout': 0.17126675182248466, 'alpha': 1.0826056487289728, 'aug_choice': 3}. Best is trial 13 with value: 0.5780103030910341.
[I 2024-12-29 16:07:43,404] Trial 56 finished with value: 0.4608825535588609 and parameters: {'lr': 0.00012020080754075003, 'decay': 0.0022504574525179545, 'batch_size': 64, 'nheads': 1, 'project_to': 128, 'hidden_size': 32, 'num_layers': 2, 'dropout': 0.19916209494549925, 'alpha': 1.1644972100324322, 'aug_choice': 4}. Best is trial 13 with value: 0.5780103030910341.
[I 2024-12-29 16:09:24,797] Trial 57 finished with value: 0.41590392777299695 and parameters: {'lr': 0.002075965001947949, 'decay': 0.001421161628022211, 'batch_size': 64, 'nheads': 1, 'project_to': 64, 'hidden_size': 32, 'num_layers': 2, 'dropout': 0.685283171621898, 'alpha': 0.24834435239891717, 'aug_choice': 2}. Best is trial 13 with value: 0.5780103030910341.
[I 2024-12-29 16:10:33,192] Trial 58 finished with value: 0.423981166445511 and parameters: {'lr': 0.007529362246433626, 'decay': 1.4480452996796135e-05, 'batch_size': 128, 'nheads': 2, 'project_to': 128, 'hidden_size': 64, 'num_layers': 1, 'dropout': 0.28509176221188715, 'alpha': 0.8158299469128875, 'aug_choice': 0}. Best is trial 13 with value: 0.5780103030910341.
[I 2024-12-29 16:12:43,156] Trial 59 finished with value: 0.4900445508481878 and parameters: {'lr': 0.0007640120288071277, 'decay': 0.000636851005549069, 'batch_size': 64, 'nheads': 1, 'project_to': 32, 'hidden_size': 128, 'num_layers': 2, 'dropout': 0.13681393245832596, 'alpha': 1.3440225667685737, 'aug_choice': 5}. Best is trial 13 with value: 0.5780103030910341.
[I 2024-12-29 16:15:50,611] Trial 60 finished with value: 0.43589306511588205 and parameters: {'lr': 0.0033065368706638233, 'decay': 0.003087993483864614, 'batch_size': 64, 'nheads': 4, 'project_to': 128, 'hidden_size': 32, 'num_layers': 2, 'dropout': 0.21944848466798372, 'alpha': 0.9903977312961282, 'aug_choice': 2}. Best is trial 13 with value: 0.5780103030910341.
[I 2024-12-29 16:17:35,767] Trial 61 finished with value: 0.459272119680667 and parameters: {'lr': 0.0049575237777291295, 'decay': 0.0010709257308348058, 'batch_size': 64, 'nheads': 2, 'project_to': 32, 'hidden_size': 32, 'num_layers': 2, 'dropout': 0.11409161027777896, 'alpha': 0.9992592914003224, 'aug_choice': 5}. Best is trial 13 with value: 0.5780103030910341.
[I 2024-12-29 16:19:19,849] Trial 62 finished with value: 0.49937406544524127 and parameters: {'lr': 0.004265009550482369, 'decay': 0.0009748810716529112, 'batch_size': 64, 'nheads': 2, 'project_to': 32, 'hidden_size': 32, 'num_layers': 2, 'dropout': 0.11893720606910034, 'alpha': 1.123425155629442, 'aug_choice': 5}. Best is trial 13 with value: 0.5780103030910341.
[I 2024-12-29 16:21:25,618] Trial 63 finished with value: 0.48105176731809784 and parameters: {'lr': 0.005572473284315033, 'decay': 0.0020665754526671192, 'batch_size': 64, 'nheads': 2, 'project_to': 32, 'hidden_size': 32, 'num_layers': 2, 'dropout': 0.14270272894937447, 'alpha': 1.2364062381273697, 'aug_choice': 5}. Best is trial 13 with value: 0.5780103030910341.
[I 2024-12-29 16:23:43,562] Trial 64 finished with value: 0.5219109055000347 and parameters: {'lr': 0.008135797913584852, 'decay': 0.001572154519805661, 'batch_size': 64, 'nheads': 2, 'project_to': 32, 'hidden_size': 32, 'num_layers': 2, 'dropout': 0.1803969731470907, 'alpha': 0.9023009775519701, 'aug_choice': 5}. Best is trial 13 with value: 0.5780103030910341.
[I 2024-12-29 16:24:52,289] Trial 65 finished with value: 0.4703342946497179 and parameters: {'lr': 0.004364348073767079, 'decay': 0.001128499914017356, 'batch_size': 64, 'nheads': 2, 'project_to': 32, 'hidden_size': 32, 'num_layers': 2, 'dropout': 0.10176831167353245, 'alpha': 0.7339551096860224, 'aug_choice': 6}. Best is trial 13 with value: 0.5780103030910341.
