[I 2024-12-25 19:59:40,999] Trial 21 finished with value: 0.5167203662899815 and parameters: {'lr': 0.0002025068345437438, 'decay': 0.0030945684156334086, 'batch_size': 128, 'nheads': 1, 'project_to': 32, 'hidden_size': 128, 'num_layers': 3, 'dropout': 0.11324730399453874, 'class_weights': True, 'aug_choice': 3}. Best is trial 1 with value: 0.5853691867504787.
Best trial: 1. Best value: 0.585369:  55%|█████▌    | 22/40 [2:46:27<2:09:38, 432.14s/it]Best trial: 1. Best value: 0.585369:  55%|█████▌    | 22/40 [2:46:27<2:09:38, 432.14s/it]Best trial: 1. Best value: 0.585369:  57%|█████▊    | 23/40 [2:46:27<2:06:19, 445.84s/it]Fold 0: All trials completed (trial_39 exists). Skipping...
Fold 1: 1 trials completed, running 39 more trials...
[I 2024-12-25 21:36:12,358] Using an existing study with name 'webcam_engagement_classifier' instead of creating a new one.
  0%|          | 0/39 [00:00<?, ?it/s]Warning: Some folds may have failed. stderr: /home/ammar/miniconda3/envs/torch/lib/python3.12/site-packages/torch/nn/modules/transformer.py:384: UserWarning: The PyTorch API of nested tensors is in prototype stage and will change in the near future. (Triggered internally at /opt/conda/conda-bld/pytorch_1708025845206/work/aten/src/ATen/NestedTensorImpl.cpp:177.)
  output = torch._nested_tensor_from_mask(output, src_key_padding_mask.logical_not(), mask_check=False)
Traceback (most recent call last):
  File "/home/ammar/MultimodalEngagement/src/train_fold.py", line 107, in <module>
    main()
  File "/home/ammar/MultimodalEngagement/src/train_fold.py", line 99, in main
    eval_run.run()
  File "/home/ammar/MultimodalEngagement/src/experiments/evaluation_run.py", line 71, in run
    train_losses, validation_losses = self.training_loop()
                                      ^^^^^^^^^^^^^^^^^^^^
  File "/home/ammar/MultimodalEngagement/src/experiments/evaluation_run.py", line 286, in training_loop
    train_loss = self.train_epoch()
                 ^^^^^^^^^^^^^^^^^^
  File "/home/ammar/MultimodalEngagement/src/experiments/evaluation_run.py", line 226, in train_epoch
    loss = self.forward(x, y, lengths=lengths)
           ^^^^^^^^^^^^^^^^^^^^^^^^^^^^^^^^^^^
  File "/home/ammar/MultimodalEngagement/src/experiments/evaluation_run.py", line 241, in forward
    output = self.model(x, lengths)
             ^^^^^^^^^^^^^^^^^^^^^^
  File "/home/ammar/miniconda3/envs/torch/lib/python3.12/site-packages/torch/nn/modules/module.py", line 1511, in _wrapped_call_impl
    return self._call_impl(*args, **kwargs)
           ^^^^^^^^^^^^^^^^^^^^^^^^^^^^^^^^
  File "/home/ammar/miniconda3/envs/torch/lib/python3.12/site-packages/torch/nn/modules/module.py", line 1520, in _call_impl
    return forward_call(*args, **kwargs)
           ^^^^^^^^^^^^^^^^^^^^^^^^^^^^^
  File "/home/ammar/MultimodalEngagement/src/models/balanced_transformer.py", line 64, in forward
    x = self.encoder(x, src_key_padding_mask=mask)
        ^^^^^^^^^^^^^^^^^^^^^^^^^^^^^^^^^^^^^^^^^^
  File "/home/ammar/miniconda3/envs/torch/lib/python3.12/site-packages/torch/nn/modules/module.py", line 1511, in _wrapped_call_impl
    return self._call_impl(*args, **kwargs)
           ^^^^^^^^^^^^^^^^^^^^^^^^^^^^^^^^
  File "/home/ammar/miniconda3/envs/torch/lib/python3.12/site-packages/torch/nn/modules/module.py", line 1520, in _call_impl
    return forward_call(*args, **kwargs)
           ^^^^^^^^^^^^^^^^^^^^^^^^^^^^^
  File "/home/ammar/miniconda3/envs/torch/lib/python3.12/site-packages/torch/nn/modules/transformer.py", line 391, in forward
    output = mod(output, src_mask=mask, is_causal=is_causal, src_key_padding_mask=src_key_padding_mask_for_layers)
             ^^^^^^^^^^^^^^^^^^^^^^^^^^^^^^^^^^^^^^^^^^^^^^^^^^^^^^^^^^^^^^^^^^^^^^^^^^^^^^^^^^^^^^^^^^^^^^^^^^^^^
  File "/home/ammar/miniconda3/envs/torch/lib/python3.12/site-packages/torch/nn/modules/module.py", line 1511, in _wrapped_call_impl
    return self._call_impl(*args, **kwargs)
           ^^^^^^^^^^^^^^^^^^^^^^^^^^^^^^^^
  File "/home/ammar/miniconda3/envs/torch/lib/python3.12/site-packages/torch/nn/modules/module.py", line 1520, in _call_impl
    return forward_call(*args, **kwargs)
           ^^^^^^^^^^^^^^^^^^^^^^^^^^^^^
  File "/home/ammar/miniconda3/envs/torch/lib/python3.12/site-packages/torch/nn/modules/transformer.py", line 715, in forward
    x = self.norm2(x + self._ff_block(x))
                       ^^^^^^^^^^^^^^^^^
  File "/home/ammar/miniconda3/envs/torch/lib/python3.12/site-packages/torch/nn/modules/transformer.py", line 730, in _ff_block
    x = self.linear2(self.dropout(self.activation(self.linear1(x))))
        ^^^^^^^^^^^^^^^^^^^^^^^^^^^^^^^^^^^^^^^^^^^^^^^^^^^^^^^^^^^^
  File "/home/ammar/miniconda3/envs/torch/lib/python3.12/site-packages/torch/nn/modules/module.py", line 1511, in _wrapped_call_impl
    return self._call_impl(*args, **kwargs)
           ^^^^^^^^^^^^^^^^^^^^^^^^^^^^^^^^
  File "/home/ammar/miniconda3/envs/torch/lib/python3.12/site-packages/torch/nn/modules/module.py", line 1520, in _call_impl
    return forward_call(*args, **kwargs)
           ^^^^^^^^^^^^^^^^^^^^^^^^^^^^^
  File "/home/ammar/miniconda3/envs/torch/lib/python3.12/site-packages/torch/nn/modules/linear.py", line 116, in forward
    return F.linear(input, self.weight, self.bias)
           ^^^^^^^^^^^^^^^^^^^^^^^^^^^^^^^^^^^^^^^
torch.cuda.OutOfMemoryError: CUDA out of memory. Tried to allocate 2.00 MiB. GPU 0 has a total capacity of 9.75 GiB of which 21.31 MiB is free. Process 306396 has 1.81 GiB memory in use. Process 306398 has 1.77 GiB memory in use. Process 306392 has 1.73 GiB memory in use. Including non-PyTorch memory, this process has 1.18 GiB memory in use. Process 306394 has 672.00 MiB memory in use. Process 306388 has 1.76 GiB memory in use. Of the allocated memory 917.99 MiB is allocated by PyTorch, and 34.01 MiB is reserved by PyTorch but unallocated. If reserved but unallocated memory is large try setting PYTORCH_CUDA_ALLOC_CONF=expandable_segments:True to avoid fragmentation.  See documentation for Memory Management  (https://pytorch.org/docs/stable/notes/cuda.html#environment-variables)
/home/ammar/miniconda3/envs/torch/lib/python3.12/site-packages/torch/nn/modules/transformer.py:384: UserWarning: The PyTorch API of nested tensors is in prototype stage and will change in the near future. (Triggered internally at /opt/conda/conda-bld/pytorch_1708025845206/work/aten/src/ATen/NestedTensorImpl.cpp:177.)
  output = torch._nested_tensor_from_mask(output, src_key_padding_mask.logical_not(), mask_check=False)
Traceback (most recent call last):
  File "/home/ammar/MultimodalEngagement/src/train_fold.py", line 107, in <module>
    main()
  File "/home/ammar/MultimodalEngagement/src/train_fold.py", line 99, in main
    eval_run.run()
  File "/home/ammar/MultimodalEngagement/src/experiments/evaluation_run.py", line 71, in run
    train_losses, validation_losses = self.training_loop()
                                      ^^^^^^^^^^^^^^^^^^^^
  File "/home/ammar/MultimodalEngagement/src/experiments/evaluation_run.py", line 286, in training_loop
    train_loss = self.train_epoch()
                 ^^^^^^^^^^^^^^^^^^
  File "/home/ammar/MultimodalEngagement/src/experiments/evaluation_run.py", line 226, in train_epoch
    loss = self.forward(x, y, lengths=lengths)
           ^^^^^^^^^^^^^^^^^^^^^^^^^^^^^^^^^^^
  File "/home/ammar/MultimodalEngagement/src/experiments/evaluation_run.py", line 241, in forward
    output = self.model(x, lengths)
             ^^^^^^^^^^^^^^^^^^^^^^
  File "/home/ammar/miniconda3/envs/torch/lib/python3.12/site-packages/torch/nn/modules/module.py", line 1511, in _wrapped_call_impl
    return self._call_impl(*args, **kwargs)
           ^^^^^^^^^^^^^^^^^^^^^^^^^^^^^^^^
  File "/home/ammar/miniconda3/envs/torch/lib/python3.12/site-packages/torch/nn/modules/module.py", line 1520, in _call_impl
    return forward_call(*args, **kwargs)
           ^^^^^^^^^^^^^^^^^^^^^^^^^^^^^
  File "/home/ammar/MultimodalEngagement/src/models/balanced_transformer.py", line 64, in forward
    x = self.encoder(x, src_key_padding_mask=mask)
        ^^^^^^^^^^^^^^^^^^^^^^^^^^^^^^^^^^^^^^^^^^
  File "/home/ammar/miniconda3/envs/torch/lib/python3.12/site-packages/torch/nn/modules/module.py", line 1511, in _wrapped_call_impl
    return self._call_impl(*args, **kwargs)
           ^^^^^^^^^^^^^^^^^^^^^^^^^^^^^^^^
  File "/home/ammar/miniconda3/envs/torch/lib/python3.12/site-packages/torch/nn/modules/module.py", line 1520, in _call_impl
    return forward_call(*args, **kwargs)
           ^^^^^^^^^^^^^^^^^^^^^^^^^^^^^
  File "/home/ammar/miniconda3/envs/torch/lib/python3.12/site-packages/torch/nn/modules/transformer.py", line 391, in forward
    output = mod(output, src_mask=mask, is_causal=is_causal, src_key_padding_mask=src_key_padding_mask_for_layers)
             ^^^^^^^^^^^^^^^^^^^^^^^^^^^^^^^^^^^^^^^^^^^^^^^^^^^^^^^^^^^^^^^^^^^^^^^^^^^^^^^^^^^^^^^^^^^^^^^^^^^^^
  File "/home/ammar/miniconda3/envs/torch/lib/python3.12/site-packages/torch/nn/modules/module.py", line 1511, in _wrapped_call_impl
    return self._call_impl(*args, **kwargs)
           ^^^^^^^^^^^^^^^^^^^^^^^^^^^^^^^^
  File "/home/ammar/miniconda3/envs/torch/lib/python3.12/site-packages/torch/nn/modules/module.py", line 1520, in _call_impl
    return forward_call(*args, **kwargs)
           ^^^^^^^^^^^^^^^^^^^^^^^^^^^^^
  File "/home/ammar/miniconda3/envs/torch/lib/python3.12/site-packages/torch/nn/modules/transformer.py", line 714, in forward
    x = self.norm1(x + self._sa_block(x, src_mask, src_key_padding_mask, is_causal=is_causal))
                       ^^^^^^^^^^^^^^^^^^^^^^^^^^^^^^^^^^^^^^^^^^^^^^^^^^^^^^^^^^^^^^^^^^^^^^
  File "/home/ammar/miniconda3/envs/torch/lib/python3.12/site-packages/torch/nn/modules/transformer.py", line 726, in _sa_block
    return self.dropout1(x)
           ^^^^^^^^^^^^^^^^
  File "/home/ammar/miniconda3/envs/torch/lib/python3.12/site-packages/torch/nn/modules/module.py", line 1511, in _wrapped_call_impl
    return self._call_impl(*args, **kwargs)
           ^^^^^^^^^^^^^^^^^^^^^^^^^^^^^^^^
  File "/home/ammar/miniconda3/envs/torch/lib/python3.12/site-packages/torch/nn/modules/module.py", line 1520, in _call_impl
    return forward_call(*args, **kwargs)
           ^^^^^^^^^^^^^^^^^^^^^^^^^^^^^
  File "/home/ammar/miniconda3/envs/torch/lib/python3.12/site-packages/torch/nn/modules/dropout.py", line 59, in forward
    return F.dropout(input, self.p, self.training, self.inplace)
           ^^^^^^^^^^^^^^^^^^^^^^^^^^^^^^^^^^^^^^^^^^^^^^^^^^^^^
  File "/home/ammar/miniconda3/envs/torch/lib/python3.12/site-packages/torch/nn/functional.py", line 1268, in dropout
    return _VF.dropout_(input, p, training) if inplace else _VF.dropout(input, p, training)
                                                            ^^^^^^^^^^^^^^^^^^^^^^^^^^^^^^^
torch.cuda.OutOfMemoryError: CUDA out of memory. Tried to allocate 38.00 MiB. GPU 0 has a total capacity of 9.75 GiB of which 25.56 MiB is free. Process 306396 has 1.81 GiB memory in use. Process 306398 has 1.77 GiB memory in use. Process 306392 has 1.73 GiB memory in use. Process 306390 has 1.18 GiB memory in use. Including non-PyTorch memory, this process has 682.00 MiB memory in use. Process 306388 has 1.76 GiB memory in use. Of the allocated memory 400.55 MiB is allocated by PyTorch, and 21.45 MiB is reserved by PyTorch but unallocated. If reserved but unallocated memory is large try setting PYTORCH_CUDA_ALLOC_CONF=expandable_segments:True to avoid fragmentation.  See documentation for Memory Management  (https://pytorch.org/docs/stable/notes/cuda.html#environment-variables)
/home/ammar/miniconda3/envs/torch/lib/python3.12/site-packages/torch/nn/modules/transformer.py:384: UserWarning: The PyTorch API of nested tensors is in prototype stage and will change in the near future. (Triggered internally at /opt/conda/conda-bld/pytorch_1708025845206/work/aten/src/ATen/NestedTensorImpl.cpp:177.)
  output = torch._nested_tensor_from_mask(output, src_key_padding_mask.logical_not(), mask_check=False)
/home/ammar/miniconda3/envs/torch/lib/python3.12/site-packages/torch/nn/modules/transformer.py:384: UserWarning: The PyTorch API of nested tensors is in prototype stage and will change in the near future. (Triggered internally at /opt/conda/conda-bld/pytorch_1708025845206/work/aten/src/ATen/NestedTensorImpl.cpp:177.)
  output = torch._nested_tensor_from_mask(output, src_key_padding_mask.logical_not(), mask_check=False)
/home/ammar/miniconda3/envs/torch/lib/python3.12/site-packages/torch/nn/modules/transformer.py:384: UserWarning: The PyTorch API of nested tensors is in prototype stage and will change in the near future. (Triggered internally at /opt/conda/conda-bld/pytorch_1708025845206/work/aten/src/ATen/NestedTensorImpl.cpp:177.)
  output = torch._nested_tensor_from_mask(output, src_key_padding_mask.logical_not(), mask_check=False)
/home/ammar/miniconda3/envs/torch/lib/python3.12/site-packages/torch/nn/modules/transformer.py:384: UserWarning: The PyTorch API of nested tensors is in prototype stage and will change in the near future. (Triggered internally at /opt/conda/conda-bld/pytorch_1708025845206/work/aten/src/ATen/NestedTensorImpl.cpp:177.)
  output = torch._nested_tensor_from_mask(output, src_key_padding_mask.logical_not(), mask_check=False)
                                        0%|          | 0/39 [02:39<?, ?it/s]Best trial: 1. Best value: 0.574627:   0%|          | 0/39 [02:39<?, ?it/s]Best trial: 1. Best value: 0.574627:   3%|▎         | 1/39 [02:39<1:41:14, 159.87s/it]Fold 0: All trials completed (trial_39 exists). Skipping...
Fold 1: 1 trials completed, running 39 more trials...
[I 2024-12-25 21:41:06,130] Using an existing study with name 'webcam_engagement_classifier' instead of creating a new one.
  0%|          | 0/39 [00:00<?, ?it/s]                                        0%|          | 0/39 [04:04<?, ?it/s]Best trial: 1. Best value: 0.554165:   0%|          | 0/39 [04:04<?, ?it/s]Best trial: 1. Best value: 0.554165:   3%|▎         | 1/39 [04:04<2:34:38, 244.18s/it]                                                                                      Best trial: 1. Best value: 0.554165:   3%|▎         | 1/39 [05:43<2:34:38, 244.18s/it]Best trial: 1. Best value: 0.554165:   3%|▎         | 1/39 [05:43<2:34:38, 244.18s/it]Best trial: 1. Best value: 0.554165:   5%|▌         | 2/39 [05:43<1:37:51, 158.68s/it]                                                                                      Best trial: 1. Best value: 0.554165:   5%|▌         | 2/39 [08:02<1:37:51, 158.68s/it]Best trial: 1. Best value: 0.554165:   5%|▌         | 2/39 [08:02<1:37:51, 158.68s/it]Best trial: 1. Best value: 0.554165:   8%|▊         | 3/39 [08:02<1:30:00, 150.02s/it]                                                                                      Best trial: 1. Best value: 0.554165:   8%|▊         | 3/39 [10:42<1:30:00, 150.02s/it]Best trial: 1. Best value: 0.554165:   8%|▊         | 3/39 [10:42<1:30:00, 150.02s/it]Best trial: 1. Best value: 0.554165:  10%|█         | 4/39 [10:42<1:29:48, 153.97s/it]Fold 0: All trials completed (trial_39 exists). Skipping...
Fold 1: 0 trials completed, running 40 more trials...
[I 2024-12-25 21:54:13,940] A new study created in RDB with name: webcam_engagement_classifier
  0%|          | 0/40 [00:00<?, ?it/s]Fold 0: All trials completed (trial_39 exists). Skipping...
Fold 1: 1 trials completed, running 39 more trials...
[I 2024-12-25 21:54:14,673] Using an existing study with name 'webcam_engagement_classifier' instead of creating a new one.
  0%|          | 0/39 [00:00<?, ?it/s]Fold 0: All trials completed (trial_39 exists). Skipping...
Fold 1: 0 trials completed, running 40 more trials...
[I 2024-12-25 21:54:27,818] A new study created in RDB with name: webcam_engagement_classifier
  0%|          | 0/40 [00:00<?, ?it/s]                                        0%|          | 0/40 [02:44<?, ?it/s]Best trial: 0. Best value: 0.329465:   0%|          | 0/40 [02:44<?, ?it/s]Best trial: 0. Best value: 0.329465:   2%|▎         | 1/40 [02:44<1:46:38, 164.05s/it]                                                                                      Best trial: 0. Best value: 0.329465:   2%|▎         | 1/40 [04:29<1:46:38, 164.05s/it]Best trial: 1. Best value: 0.343366:   2%|▎         | 1/40 [04:29<1:46:38, 164.05s/it]Best trial: 1. Best value: 0.343366:   5%|▌         | 2/40 [04:29<1:21:53, 129.31s/it]                                                                                      Best trial: 1. Best value: 0.343366:   5%|▌         | 2/40 [08:20<1:21:53, 129.31s/it]Best trial: 2. Best value: 0.376654:   5%|▌         | 2/40 [08:20<1:21:53, 129.31s/it]Best trial: 2. Best value: 0.376654:   8%|▊         | 3/40 [08:20<1:48:29, 175.93s/it]                                                                                      Best trial: 2. Best value: 0.376654:   8%|▊         | 3/40 [10:31<1:48:29, 175.93s/it]Best trial: 2. Best value: 0.376654:   8%|▊         | 3/40 [10:31<1:48:29, 175.93s/it]Best trial: 2. Best value: 0.376654:  10%|█         | 4/40 [10:31<1:34:52, 158.14s/it]Fold 0: All trials completed (trial_39 exists). Skipping...
Fold 1: 1 trials completed, running 39 more trials...
[I 2024-12-25 22:18:44,889] Using an existing study with name 'webcam_engagement_classifier' instead of creating a new one.
