Best trial: 41. Best value: 0.56679:  44%|████▍     | 66/150 [4:06:31<5:12:10, 222.99s/it]Best trial: 41. Best value: 0.56679:  44%|████▍     | 66/150 [4:06:31<5:12:10, 222.99s/it]Best trial: 41. Best value: 0.56679:  45%|████▍     | 67/150 [4:06:31<4:34:13, 198.23s/it]                                                                                          Best trial: 41. Best value: 0.56679:  45%|████▍     | 67/150 [4:09:04<4:34:13, 198.23s/it]Best trial: 41. Best value: 0.56679:  45%|████▍     | 67/150 [4:09:04<4:34:13, 198.23s/it]Best trial: 41. Best value: 0.56679:  45%|████▌     | 68/150 [4:09:04<4:12:23, 184.68s/it]                                                                                          Best trial: 41. Best value: 0.56679:  45%|████▌     | 68/150 [4:12:14<4:12:23, 184.68s/it]Best trial: 41. Best value: 0.56679:  45%|████▌     | 68/150 [4:12:14<4:12:23, 184.68s/it]Best trial: 41. Best value: 0.56679:  46%|████▌     | 69/150 [4:12:14<4:11:28, 186.28s/it]                                                                                          Best trial: 41. Best value: 0.56679:  46%|████▌     | 69/150 [4:19:04<4:11:28, 186.28s/it]Best trial: 41. Best value: 0.56679:  46%|████▌     | 69/150 [4:19:04<4:11:28, 186.28s/it]Best trial: 41. Best value: 0.56679:  47%|████▋     | 70/150 [4:19:04<5:37:50, 253.38s/it]                                                                                          Best trial: 41. Best value: 0.56679:  47%|████▋     | 70/150 [4:24:49<5:37:50, 253.38s/it]Best trial: 41. Best value: 0.56679:  47%|████▋     | 70/150 [4:24:49<5:37:50, 253.38s/it]Best trial: 41. Best value: 0.56679:  47%|████▋     | 71/150 [4:24:49<6:09:40, 280.76s/it]                                                                                          Best trial: 41. Best value: 0.56679:  47%|████▋     | 71/150 [4:30:22<6:09:40, 280.76s/it]Best trial: 41. Best value: 0.56679:  47%|████▋     | 71/150 [4:30:22<6:09:40, 280.76s/it]Best trial: 41. Best value: 0.56679:  48%|████▊     | 72/150 [4:30:22<6:25:12, 296.32s/it]                                                                                          Best trial: 41. Best value: 0.56679:  48%|████▊     | 72/150 [4:36:31<6:25:12, 296.32s/it]Best trial: 41. Best value: 0.56679:  48%|████▊     | 72/150 [4:36:31<6:25:12, 296.32s/it]Best trial: 41. Best value: 0.56679:  49%|████▊     | 73/150 [4:36:31<6:48:16, 318.13s/it]                                                                                          Best trial: 41. Best value: 0.56679:  49%|████▊     | 73/150 [4:40:02<6:48:16, 318.13s/it]Best trial: 41. Best value: 0.56679:  49%|████▊     | 73/150 [4:40:02<6:48:16, 318.13s/it]Best trial: 41. Best value: 0.56679:  49%|████▉     | 74/150 [4:40:02<6:02:26, 286.14s/it]                                                                                          Best trial: 41. Best value: 0.56679:  49%|████▉     | 74/150 [4:46:58<6:02:26, 286.14s/it]Best trial: 41. Best value: 0.56679:  49%|████▉     | 74/150 [4:46:58<6:02:26, 286.14s/it]Best trial: 41. Best value: 0.56679:  50%|█████     | 75/150 [4:46:58<6:46:11, 324.95s/it]                                                                                          Best trial: 41. Best value: 0.56679:  50%|█████     | 75/150 [4:52:07<6:46:11, 324.95s/it]Best trial: 41. Best value: 0.56679:  50%|█████     | 75/150 [4:52:07<6:46:11, 324.95s/it]Best trial: 41. Best value: 0.56679:  51%|█████     | 76/150 [4:52:07<6:34:58, 320.26s/it]                                                                                          Best trial: 41. Best value: 0.56679:  51%|█████     | 76/150 [4:58:05<6:34:58, 320.26s/it]Best trial: 41. Best value: 0.56679:  51%|█████     | 76/150 [4:58:05<6:34:58, 320.26s/it]Best trial: 41. Best value: 0.56679:  51%|█████▏    | 77/150 [4:58:05<6:43:34, 331.70s/it]                                                                                          Best trial: 41. Best value: 0.56679:  51%|█████▏    | 77/150 [5:03:07<6:43:34, 331.70s/it]Best trial: 41. Best value: 0.56679:  51%|█████▏    | 77/150 [5:03:07<6:43:34, 331.70s/it]Best trial: 41. Best value: 0.56679:  52%|█████▏    | 78/150 [5:03:07<6:27:13, 322.69s/it]                                                                                          Best trial: 41. Best value: 0.56679:  52%|█████▏    | 78/150 [5:10:20<6:27:13, 322.69s/it]Best trial: 41. Best value: 0.56679:  52%|█████▏    | 78/150 [5:10:20<6:27:13, 322.69s/it]Best trial: 41. Best value: 0.56679:  53%|█████▎    | 79/150 [5:10:20<7:01:02, 355.81s/it]                                                                                          Best trial: 41. Best value: 0.56679:  53%|█████▎    | 79/150 [5:11:52<7:01:02, 355.81s/it]Best trial: 41. Best value: 0.56679:  53%|█████▎    | 79/150 [5:11:52<7:01:02, 355.81s/it]Best trial: 41. Best value: 0.56679:  53%|█████▎    | 80/150 [5:11:52<5:22:43, 276.62s/it]                                                                                          Best trial: 41. Best value: 0.56679:  53%|█████▎    | 80/150 [5:13:24<5:22:43, 276.62s/it]Best trial: 41. Best value: 0.56679:  53%|█████▎    | 80/150 [5:13:24<5:22:43, 276.62s/it]Best trial: 41. Best value: 0.56679:  54%|█████▍    | 81/150 [5:13:24<4:14:30, 221.31s/it]                                                                                          Best trial: 41. Best value: 0.56679:  54%|█████▍    | 81/150 [5:16:45<4:14:30, 221.31s/it]Best trial: 41. Best value: 0.56679:  54%|█████▍    | 81/150 [5:16:45<4:14:30, 221.31s/it]Best trial: 41. Best value: 0.56679:  55%|█████▍    | 82/150 [5:16:45<4:03:40, 215.01s/it]                                                                                          Best trial: 41. Best value: 0.56679:  55%|█████▍    | 82/150 [5:20:13<4:03:40, 215.01s/it]Best trial: 41. Best value: 0.56679:  55%|█████▍    | 82/150 [5:20:13<4:03:40, 215.01s/it]Best trial: 41. Best value: 0.56679:  55%|█████▌    | 83/150 [5:20:13<3:57:52, 213.02s/it]                                                                                          Best trial: 41. Best value: 0.56679:  55%|█████▌    | 83/150 [5:24:22<3:57:52, 213.02s/it]Best trial: 41. Best value: 0.56679:  55%|█████▌    | 83/150 [5:24:22<3:57:52, 213.02s/it]Best trial: 41. Best value: 0.56679:  56%|█████▌    | 84/150 [5:24:22<4:06:10, 223.79s/it]                                                                                          Best trial: 41. Best value: 0.56679:  56%|█████▌    | 84/150 [5:27:38<4:06:10, 223.79s/it]Best trial: 41. Best value: 0.56679:  56%|█████▌    | 84/150 [5:27:38<4:06:10, 223.79s/it]Best trial: 41. Best value: 0.56679:  57%|█████▋    | 85/150 [5:27:38<3:53:23, 215.43s/it]                                                                                          Best trial: 41. Best value: 0.56679:  57%|█████▋    | 85/150 [5:29:11<3:53:23, 215.43s/it]Best trial: 41. Best value: 0.56679:  57%|█████▋    | 85/150 [5:29:11<3:53:23, 215.43s/it]Best trial: 41. Best value: 0.56679:  57%|█████▋    | 86/150 [5:29:11<3:10:50, 178.92s/it]                                                                                          Best trial: 41. Best value: 0.56679:  57%|█████▋    | 86/150 [5:31:09<3:10:50, 178.92s/it]Best trial: 41. Best value: 0.56679:  57%|█████▋    | 86/150 [5:31:09<3:10:50, 178.92s/it]Best trial: 41. Best value: 0.56679:  58%|█████▊    | 87/150 [5:31:09<2:48:24, 160.39s/it]                                                                                          Best trial: 41. Best value: 0.56679:  58%|█████▊    | 87/150 [5:32:38<2:48:24, 160.39s/it]Best trial: 41. Best value: 0.56679:  58%|█████▊    | 87/150 [5:32:38<2:48:24, 160.39s/it]Best trial: 41. Best value: 0.56679:  59%|█████▊    | 88/150 [5:32:38<2:23:37, 138.99s/it]                                                                                          [I 2025-01-03 05:04:14,517] Trial 66 finished with value: 0.4706333852817567 and parameters: {'lr': 0.009823016994886047, 'decay': 0.0013942343701185678, 'batch_size': 128, 'nheads': 2, 'project_to': 32, 'hidden_size': 32, 'num_layers': 2, 'dropout': 0.2577648182116449, 'alpha': 0.7254752405392376, 'aug_choice': 2}. Best is trial 41 with value: 0.56678959769374.
[I 2025-01-03 05:06:47,581] Trial 67 finished with value: 0.5428041473305848 and parameters: {'lr': 0.006892456743054015, 'decay': 0.0010345119870412514, 'batch_size': 128, 'nheads': 4, 'project_to': 128, 'hidden_size': 32, 'num_layers': 1, 'dropout': 0.16328646946602599, 'alpha': 0.7878982960488199, 'aug_choice': 5}. Best is trial 41 with value: 0.56678959769374.
[I 2025-01-03 05:09:57,583] Trial 68 finished with value: 0.446355455286718 and parameters: {'lr': 0.0003883878913145448, 'decay': 0.0004481389972333418, 'batch_size': 128, 'nheads': 1, 'project_to': 128, 'hidden_size': 64, 'num_layers': 2, 'dropout': 0.5615520816246301, 'alpha': 0.9455805185524023, 'aug_choice': 7}. Best is trial 41 with value: 0.56678959769374.
[I 2025-01-03 05:16:47,549] Trial 69 finished with value: 0.5604315266988176 and parameters: {'lr': 0.0005741010132306077, 'decay': 0.00011687431009195761, 'batch_size': 128, 'nheads': 2, 'project_to': 64, 'hidden_size': 32, 'num_layers': 2, 'dropout': 0.1910318175580465, 'alpha': 0.826692334117882, 'aug_choice': 3}. Best is trial 41 with value: 0.56678959769374.
[I 2025-01-03 05:22:32,191] Trial 70 finished with value: 0.5151588085251835 and parameters: {'lr': 0.001718554440452152, 'decay': 0.00012225643931254598, 'batch_size': 128, 'nheads': 2, 'project_to': 64, 'hidden_size': 128, 'num_layers': 2, 'dropout': 0.18732289930980814, 'alpha': 0.8350332159392782, 'aug_choice': 3}. Best is trial 41 with value: 0.56678959769374.
[I 2025-01-03 05:28:04,817] Trial 71 finished with value: 0.4581918283906473 and parameters: {'lr': 0.0007912946520401235, 'decay': 6.0396608110070494e-05, 'batch_size': 128, 'nheads': 2, 'project_to': 64, 'hidden_size': 32, 'num_layers': 2, 'dropout': 0.20294784478239977, 'alpha': 0.8890525784773352, 'aug_choice': 3}. Best is trial 41 with value: 0.56678959769374.
[I 2025-01-03 05:34:13,851] Trial 72 finished with value: 0.4530237628239235 and parameters: {'lr': 0.000564223527216709, 'decay': 0.0033755864949132773, 'batch_size': 128, 'nheads': 2, 'project_to': 64, 'hidden_size': 32, 'num_layers': 2, 'dropout': 0.23067499496025823, 'alpha': 1.4053042777752338, 'aug_choice': 3}. Best is trial 41 with value: 0.56678959769374.
[I 2025-01-03 05:37:45,335] Trial 73 finished with value: 0.5241142753339192 and parameters: {'lr': 0.0006718497861779452, 'decay': 0.00018243143668832546, 'batch_size': 128, 'nheads': 2, 'project_to': 64, 'hidden_size': 32, 'num_layers': 2, 'dropout': 0.47394917318384433, 'alpha': 0.6779213720397115, 'aug_choice': 7}. Best is trial 41 with value: 0.56678959769374.
[I 2025-01-03 05:44:40,837] Trial 74 finished with value: 0.551311213574685 and parameters: {'lr': 0.0011598096490238504, 'decay': 9.3213526204777e-05, 'batch_size': 128, 'nheads': 2, 'project_to': 32, 'hidden_size': 32, 'num_layers': 2, 'dropout': 0.17140174816423226, 'alpha': 0.191507323585265, 'aug_choice': 3}. Best is trial 41 with value: 0.56678959769374.
[I 2025-01-03 05:49:50,143] Trial 75 finished with value: 0.4463934898518366 and parameters: {'lr': 0.004928428889343981, 'decay': 0.00011410197130187224, 'batch_size': 128, 'nheads': 2, 'project_to': 32, 'hidden_size': 32, 'num_layers': 1, 'dropout': 0.12991841188569037, 'alpha': 0.1333072455346499, 'aug_choice': 3}. Best is trial 41 with value: 0.56678959769374.
[I 2025-01-03 05:55:48,547] Trial 76 finished with value: 0.5382242574945567 and parameters: {'lr': 0.003569062465920801, 'decay': 0.00023693506409052046, 'batch_size': 128, 'nheads': 2, 'project_to': 32, 'hidden_size': 32, 'num_layers': 2, 'dropout': 0.14771717714871385, 'alpha': 0.28626001044611293, 'aug_choice': 3}. Best is trial 41 with value: 0.56678959769374.
[I 2025-01-03 06:00:50,197] Trial 77 finished with value: 0.38018385090005813 and parameters: {'lr': 0.0011578207062573223, 'decay': 9.260174337478896e-05, 'batch_size': 128, 'nheads': 2, 'project_to': 32, 'hidden_size': 64, 'num_layers': 2, 'dropout': 0.18079117160931224, 'alpha': 0.1765173256117629, 'aug_choice': 3}. Best is trial 41 with value: 0.56678959769374.
[I 2025-01-03 06:08:03,302] Trial 78 finished with value: 0.46099344786550345 and parameters: {'lr': 0.0008915249649789796, 'decay': 0.006522089464403111, 'batch_size': 128, 'nheads': 2, 'project_to': 32, 'hidden_size': 32, 'num_layers': 2, 'dropout': 0.21884271843618347, 'alpha': 0.31561727729199895, 'aug_choice': 3}. Best is trial 41 with value: 0.56678959769374.
[I 2025-01-03 06:09:35,144] Trial 79 finished with value: 0.4825196910876537 and parameters: {'lr': 0.0006307246264235396, 'decay': 0.00013565638361785748, 'batch_size': 128, 'nheads': 4, 'project_to': 32, 'hidden_size': 32, 'num_layers': 2, 'dropout': 0.27458561108737745, 'alpha': 0.3702207798804975, 'aug_choice': 6}. Best is trial 41 with value: 0.56678959769374.
[I 2025-01-03 06:11:07,393] Trial 80 finished with value: 0.4475095618098113 and parameters: {'lr': 0.0012488059931458804, 'decay': 0.009980366068101263, 'batch_size': 128, 'nheads': 2, 'project_to': 64, 'hidden_size': 32, 'num_layers': 1, 'dropout': 0.16996688466748924, 'alpha': 0.4587488748062594, 'aug_choice': 4}. Best is trial 41 with value: 0.56678959769374.
[I 2025-01-03 06:14:27,716] Trial 81 finished with value: 0.40692503415850884 and parameters: {'lr': 0.0004953089690060065, 'decay': 3.804858709127796e-05, 'batch_size': 64, 'nheads': 1, 'project_to': 128, 'hidden_size': 32, 'num_layers': 2, 'dropout': 0.2458803906402895, 'alpha': 0.1977576458959951, 'aug_choice': 7}. Best is trial 41 with value: 0.56678959769374.
[I 2025-01-03 06:17:56,093] Trial 82 finished with value: 0.5056272732017528 and parameters: {'lr': 0.00029222583796483436, 'decay': 7.92073428772376e-05, 'batch_size': 64, 'nheads': 1, 'project_to': 128, 'hidden_size': 32, 'num_layers': 2, 'dropout': 0.4190250639834827, 'alpha': 1.086049626611926, 'aug_choice': 7}. Best is trial 41 with value: 0.56678959769374.
[I 2025-01-03 06:22:05,008] Trial 83 finished with value: 0.523791834289827 and parameters: {'lr': 0.0004106882981926168, 'decay': 5.560553611110691e-05, 'batch_size': 128, 'nheads': 4, 'project_to': 32, 'hidden_size': 32, 'num_layers': 2, 'dropout': 0.4475901136223635, 'alpha': 0.9921315717540404, 'aug_choice': 1}. Best is trial 41 with value: 0.56678959769374.
[I 2025-01-03 06:25:20,945] Trial 84 finished with value: 0.45777740071250034 and parameters: {'lr': 0.0022579002534055836, 'decay': 6.693007096238982e-05, 'batch_size': 128, 'nheads': 2, 'project_to': 128, 'hidden_size': 32, 'num_layers': 2, 'dropout': 0.5097823795504302, 'alpha': 0.7314304106535907, 'aug_choice': 7}. Best is trial 41 with value: 0.56678959769374.
[I 2025-01-03 06:26:54,654] Trial 85 finished with value: 0.5537711746216086 and parameters: {'lr': 0.008431696442628974, 'decay': 0.0006982233448751936, 'batch_size': 64, 'nheads': 1, 'project_to': 128, 'hidden_size': 32, 'num_layers': 2, 'dropout': 0.48356841799514044, 'alpha': 0.8077406338442279, 'aug_choice': 0}. Best is trial 41 with value: 0.56678959769374.
[I 2025-01-03 06:28:51,816] Trial 86 finished with value: 0.5001099563787944 and parameters: {'lr': 0.006621454126830142, 'decay': 0.000777455396891258, 'batch_size': 128, 'nheads': 2, 'project_to': 128, 'hidden_size': 64, 'num_layers': 3, 'dropout': 0.19337570554471167, 'alpha': 0.6393860617160843, 'aug_choice': 0}. Best is trial 41 with value: 0.56678959769374.
[I 2025-01-03 06:30:20,881] Trial 87 finished with value: 0.4771909476836775 and parameters: {'lr': 0.00789420570846184, 'decay': 0.0005172224030693441, 'batch_size': 64, 'nheads': 4, 'project_to': 64, 'hidden_size': 32, 'num_layers': 2, 'dropout': 0.48354442986345847, 'alpha': 0.7891493515882813, 'aug_choice': 0}. Best is trial 41 with value: 0.56678959769374.
