                                                                                      Best trial: 0. Best value: 0.319297:   2%|▎         | 1/40 [06:10<2:31:05, 232.45s/it]Best trial: 0. Best value: 0.319297:   2%|▎         | 1/40 [06:10<2:31:05, 232.45s/it]Best trial: 0. Best value: 0.319297:   5%|▌         | 2/40 [06:10<1:51:54, 176.69s/it][I 2024-12-28 10:47:07,929] Trial 0 finished with value: 0.31929748009163306 and parameters: {'lr': 0.0014563302110258904, 'decay': 0.0061275501935857, 'batch_size': 64, 'nheads': 4, 'project_to': 64, 'hidden_size': 64, 'num_layers': 2, 'dropout': 0.2211787794717543, 'class_weights': True, 'aug_choice': 1}. Best is trial 0 with value: 0.31929748009163306.
