[I 2024-12-25 15:45:36,531] Trial 21 finished with value: 0.4954757706243646 and parameters: {'lr': 6.896452672773096e-05, 'decay': 0.0007706399735794169, 'batch_size': 64, 'nheads': 4, 'project_to': 32, 'hidden_size': 64, 'num_layers': 3, 'dropout': 0.518755655800134, 'class_weights': True, 'aug_choice': 3}. Best is trial 14 with value: 0.5997416501477526.
Best trial: 14. Best value: 0.599742:  55%|█████▌    | 22/40 [2:28:47<2:42:04, 540.25s/it]Best trial: 14. Best value: 0.599742:  55%|█████▌    | 22/40 [2:28:47<2:42:04, 540.25s/it]Best trial: 14. Best value: 0.599742:  57%|█████▊    | 23/40 [2:28:47<2:44:31, 580.68s/it]                                                                                          Best trial: 14. Best value: 0.599742:  57%|█████▊    | 23/40 [2:38:14<2:44:31, 580.68s/it]Best trial: 14. Best value: 0.599742:  57%|█████▊    | 23/40 [2:38:14<2:44:31, 580.68s/it]Best trial: 14. Best value: 0.599742:  60%|██████    | 24/40 [2:38:14<2:33:42, 576.41s/it]                                                                                          Best trial: 14. Best value: 0.599742:  60%|██████    | 24/40 [2:48:04<2:33:42, 576.41s/it]Best trial: 14. Best value: 0.599742:  60%|██████    | 24/40 [2:48:04<2:33:42, 576.41s/it]Best trial: 14. Best value: 0.599742:  62%|██████▎   | 25/40 [2:48:04<2:25:10, 580.67s/it]                                                                                          Best trial: 14. Best value: 0.599742:  62%|██████▎   | 25/40 [2:56:49<2:25:10, 580.67s/it]Best trial: 14. Best value: 0.599742:  62%|██████▎   | 25/40 [2:56:49<2:25:10, 580.67s/it]Best trial: 14. Best value: 0.599742:  65%|██████▌   | 26/40 [2:56:49<2:11:34, 563.89s/it]                                                                                          Best trial: 14. Best value: 0.599742:  65%|██████▌   | 26/40 [3:01:40<2:11:34, 563.89s/it]Best trial: 14. Best value: 0.599742:  65%|██████▌   | 26/40 [3:01:40<2:11:34, 563.89s/it]Best trial: 14. Best value: 0.599742:  68%|██████▊   | 27/40 [3:01:40<1:44:27, 482.10s/it]                                                                                          Best trial: 14. Best value: 0.599742:  68%|██████▊   | 27/40 [3:05:18<1:44:27, 482.10s/it]Best trial: 14. Best value: 0.599742:  68%|██████▊   | 27/40 [3:05:18<1:44:27, 482.10s/it]Best trial: 14. Best value: 0.599742:  70%|███████   | 28/40 [3:05:18<1:20:32, 402.74s/it]                                                                                          Best trial: 14. Best value: 0.599742:  70%|███████   | 28/40 [3:08:29<1:20:32, 402.74s/it]Best trial: 14. Best value: 0.599742:  70%|███████   | 28/40 [3:08:29<1:20:32, 402.74s/it]Best trial: 14. Best value: 0.599742:  72%|███████▎  | 29/40 [3:08:29<1:02:10, 339.15s/it]                                                                                          Best trial: 14. Best value: 0.599742:  72%|███████▎  | 29/40 [3:11:26<1:02:10, 339.15s/it]Best trial: 14. Best value: 0.599742:  72%|███████▎  | 29/40 [3:11:26<1:02:10, 339.15s/it]Best trial: 14. Best value: 0.599742:  75%|███████▌  | 30/40 [3:11:26<48:26, 290.65s/it]                                                                                          Best trial: 14. Best value: 0.599742:  75%|███████▌  | 30/40 [3:14:07<48:26, 290.65s/it]Best trial: 14. Best value: 0.599742:  75%|███████▌  | 30/40 [3:14:07<48:26, 290.65s/it]Best trial: 14. Best value: 0.599742:  78%|███████▊  | 31/40 [3:14:07<37:45, 251.75s/it]                                                                                        Best trial: 14. Best value: 0.599742:  78%|███████▊  | 31/40 [3:17:02<37:45, 251.75s/it]Best trial: 14. Best value: 0.599742:  78%|███████▊  | 31/40 [3:17:02<37:45, 251.75s/it]Best trial: 14. Best value: 0.599742:  80%|████████  | 32/40 [3:17:02<30:28, 228.55s/it]                                                                                        Best trial: 14. Best value: 0.599742:  80%|████████  | 32/40 [3:22:54<30:28, 228.55s/it]Best trial: 14. Best value: 0.599742:  80%|████████  | 32/40 [3:22:54<30:28, 228.55s/it]Best trial: 14. Best value: 0.599742:  82%|████████▎ | 33/40 [3:22:54<31:00, 265.72s/it]                                                                                        Best trial: 14. Best value: 0.599742:  82%|████████▎ | 33/40 [3:31:23<31:00, 265.72s/it]Best trial: 14. Best value: 0.599742:  82%|████████▎ | 33/40 [3:31:23<31:00, 265.72s/it]Best trial: 14. Best value: 0.599742:  85%|████████▌ | 34/40 [3:31:23<33:51, 338.58s/it]                                                                                        Best trial: 14. Best value: 0.599742:  85%|████████▌ | 34/40 [3:34:55<33:51, 338.58s/it]Best trial: 14. Best value: 0.599742:  85%|████████▌ | 34/40 [3:34:55<33:51, 338.58s/it]Best trial: 14. Best value: 0.599742:  88%|████████▊ | 35/40 [3:34:55<25:03, 300.73s/it]                                                                                        Best trial: 14. Best value: 0.599742:  88%|████████▊ | 35/40 [3:38:22<25:03, 300.73s/it]Best trial: 14. Best value: 0.599742:  88%|████████▊ | 35/40 [3:38:22<25:03, 300.73s/it]Best trial: 14. Best value: 0.599742:  90%|█████████ | 36/40 [3:38:22<18:10, 272.57s/it]                                                                                        Best trial: 14. Best value: 0.599742:  90%|█████████ | 36/40 [3:41:41<18:10, 272.57s/it]Best trial: 14. Best value: 0.599742:  90%|█████████ | 36/40 [3:41:41<18:10, 272.57s/it]Best trial: 14. Best value: 0.599742:  92%|█████████▎| 37/40 [3:41:41<12:31, 250.38s/it]                                                                                        Best trial: 14. Best value: 0.599742:  92%|█████████▎| 37/40 [3:45:04<12:31, 250.38s/it]Best trial: 14. Best value: 0.599742:  92%|█████████▎| 37/40 [3:45:04<12:31, 250.38s/it]Best trial: 14. Best value: 0.599742:  95%|█████████▌| 38/40 [3:45:04<07:52, 236.31s/it]                                                                                        Best trial: 14. Best value: 0.599742:  95%|█████████▌| 38/40 [3:48:28<07:52, 236.31s/it]Best trial: 14. Best value: 0.599742:  95%|█████████▌| 38/40 [3:48:28<07:52, 236.31s/it]Best trial: 14. Best value: 0.599742:  98%|█████████▊| 39/40 [3:48:28<03:46, 226.70s/it]                                                                                        Best trial: 14. Best value: 0.599742:  98%|█████████▊| 39/40 [3:53:07<03:46, 226.70s/it]Best trial: 14. Best value: 0.599742:  98%|█████████▊| 39/40 [3:53:07<03:46, 226.70s/it]Best trial: 14. Best value: 0.599742: 100%|██████████| 40/40 [3:53:07<00:00, 242.18s/it]Best trial: 14. Best value: 0.599742: 100%|██████████| 40/40 [3:53:07<00:00, 349.68s/it]
[I 2024-12-25 15:56:51,525] Trial 22 finished with value: 0.5317343664494544 and parameters: {'lr': 0.00020729164074698923, 'decay': 0.0005126515746488202, 'batch_size': 64, 'nheads': 4, 'project_to': 32, 'hidden_size': 64, 'num_layers': 3, 'dropout': 0.5969119798865545, 'class_weights': True, 'aug_choice': 3}. Best is trial 14 with value: 0.5997416501477526.
[I 2024-12-25 16:06:17,969] Trial 23 finished with value: 0.48923865569422825 and parameters: {'lr': 0.00017022901931594428, 'decay': 0.0004892892779796528, 'batch_size': 64, 'nheads': 4, 'project_to': 32, 'hidden_size': 64, 'num_layers': 3, 'dropout': 0.6476128674112084, 'class_weights': True, 'aug_choice': 3}. Best is trial 14 with value: 0.5997416501477526.
[I 2024-12-25 16:16:08,564] Trial 24 finished with value: 0.47749525664205444 and parameters: {'lr': 0.0005333696092363234, 'decay': 5.377325255362462e-05, 'batch_size': 64, 'nheads': 4, 'project_to': 32, 'hidden_size': 64, 'num_layers': 3, 'dropout': 0.4803893555989827, 'class_weights': True, 'aug_choice': 3}. Best is trial 14 with value: 0.5997416501477526.
[I 2024-12-25 16:24:53,307] Trial 25 finished with value: 0.4999413735697664 and parameters: {'lr': 0.0015805964894699898, 'decay': 0.0002101790624330698, 'batch_size': 64, 'nheads': 4, 'project_to': 32, 'hidden_size': 64, 'num_layers': 2, 'dropout': 0.8294121025142933, 'class_weights': True, 'aug_choice': 3}. Best is trial 14 with value: 0.5997416501477526.
[I 2024-12-25 16:29:44,579] Trial 26 finished with value: 0.5369705550952224 and parameters: {'lr': 0.0002208180695920924, 'decay': 0.0020186918148023428, 'batch_size': 64, 'nheads': 4, 'project_to': 32, 'hidden_size': 64, 'num_layers': 3, 'dropout': 0.3824942326885648, 'class_weights': False, 'aug_choice': 4}. Best is trial 14 with value: 0.5997416501477526.
[I 2024-12-25 16:33:22,163] Trial 27 finished with value: 0.5773424469341423 and parameters: {'lr': 0.00042453817224658274, 'decay': 0.006061156649072945, 'batch_size': 64, 'nheads': 4, 'project_to': 32, 'hidden_size': 64, 'num_layers': 2, 'dropout': 0.3666267572693933, 'class_weights': False, 'aug_choice': 4}. Best is trial 14 with value: 0.5997416501477526.
[I 2024-12-25 16:36:32,936] Trial 28 finished with value: 0.500371565569084 and parameters: {'lr': 0.00026686098565688587, 'decay': 0.00522971668213759, 'batch_size': 64, 'nheads': 4, 'project_to': 32, 'hidden_size': 128, 'num_layers': 2, 'dropout': 0.3771517846544523, 'class_weights': False, 'aug_choice': 4}. Best is trial 14 with value: 0.5997416501477526.
[I 2024-12-25 16:39:30,443] Trial 29 finished with value: 0.5202862311821795 and parameters: {'lr': 0.0015358406450021202, 'decay': 0.001967166129697185, 'batch_size': 128, 'nheads': 2, 'project_to': 64, 'hidden_size': 64, 'num_layers': 1, 'dropout': 0.35085512016549253, 'class_weights': False, 'aug_choice': 4}. Best is trial 14 with value: 0.5997416501477526.
[I 2024-12-25 16:42:11,433] Trial 30 finished with value: 0.436668162652923 and parameters: {'lr': 0.0004211532909060249, 'decay': 0.002272637181502935, 'batch_size': 64, 'nheads': 4, 'project_to': 32, 'hidden_size': 64, 'num_layers': 2, 'dropout': 0.22787239467886042, 'class_weights': False, 'aug_choice': 4}. Best is trial 14 with value: 0.5997416501477526.
[I 2024-12-25 16:45:05,848] Trial 31 finished with value: 0.4951976139526935 and parameters: {'lr': 0.0005840592791809134, 'decay': 0.005824668792112703, 'batch_size': 64, 'nheads': 4, 'project_to': 32, 'hidden_size': 64, 'num_layers': 2, 'dropout': 0.39860336767194426, 'class_weights': False, 'aug_choice': 4}. Best is trial 14 with value: 0.5997416501477526.
[I 2024-12-25 16:50:58,279] Trial 32 finished with value: 0.4784414006284332 and parameters: {'lr': 0.00010933235056898529, 'decay': 0.0015608660302379356, 'batch_size': 64, 'nheads': 4, 'project_to': 32, 'hidden_size': 64, 'num_layers': 2, 'dropout': 0.4992084673217783, 'class_weights': False, 'aug_choice': 8}. Best is trial 14 with value: 0.5997416501477526.
[I 2024-12-25 16:59:26,886] Trial 33 finished with value: 0.5183112681544411 and parameters: {'lr': 0.00022325794727534758, 'decay': 0.0027610482316814257, 'batch_size': 64, 'nheads': 4, 'project_to': 32, 'hidden_size': 64, 'num_layers': 3, 'dropout': 0.330111989906209, 'class_weights': False, 'aug_choice': 1}. Best is trial 14 with value: 0.5997416501477526.
[I 2024-12-25 17:02:59,296] Trial 34 finished with value: 0.5410600087035214 and parameters: {'lr': 0.0011652967220696438, 'decay': 0.005192318086316732, 'batch_size': 128, 'nheads': 4, 'project_to': 32, 'hidden_size': 64, 'num_layers': 2, 'dropout': 0.1867933327954127, 'class_weights': False, 'aug_choice': 6}. Best is trial 14 with value: 0.5997416501477526.
[I 2024-12-25 17:06:26,159] Trial 35 finished with value: 0.5509122599313526 and parameters: {'lr': 0.002415868376373138, 'decay': 0.006678586192087911, 'batch_size': 128, 'nheads': 4, 'project_to': 128, 'hidden_size': 128, 'num_layers': 2, 'dropout': 0.10121721609965088, 'class_weights': False, 'aug_choice': 6}. Best is trial 14 with value: 0.5997416501477526.
[I 2024-12-25 17:09:44,754] Trial 36 finished with value: 0.5665292949395772 and parameters: {'lr': 0.0023696375981320443, 'decay': 0.006136824605633625, 'batch_size': 128, 'nheads': 1, 'project_to': 128, 'hidden_size': 128, 'num_layers': 2, 'dropout': 0.10410315262367953, 'class_weights': False, 'aug_choice': 6}. Best is trial 14 with value: 0.5997416501477526.
[I 2024-12-25 17:13:08,243] Trial 37 finished with value: 0.5231817605028551 and parameters: {'lr': 0.0026145010505761357, 'decay': 0.00729954831870902, 'batch_size': 128, 'nheads': 1, 'project_to': 128, 'hidden_size': 128, 'num_layers': 2, 'dropout': 0.10372843895283955, 'class_weights': False, 'aug_choice': 6}. Best is trial 14 with value: 0.5997416501477526.
[I 2024-12-25 17:16:32,515] Trial 38 finished with value: 0.5514654735552659 and parameters: {'lr': 0.004558934332612285, 'decay': 0.0037104206885793783, 'batch_size': 128, 'nheads': 1, 'project_to': 128, 'hidden_size': 128, 'num_layers': 2, 'dropout': 0.10070019146764292, 'class_weights': False, 'aug_choice': 6}. Best is trial 14 with value: 0.5997416501477526.
[I 2024-12-25 17:21:10,800] Trial 39 finished with value: 0.5385077571831496 and parameters: {'lr': 0.006327780369664458, 'decay': 0.003764849689032075, 'batch_size': 128, 'nheads': 1, 'project_to': 128, 'hidden_size': 128, 'num_layers': 1, 'dropout': 0.22150632880368365, 'class_weights': False, 'aug_choice': 0}. Best is trial 14 with value: 0.5997416501477526.

Optimization finished!
Best macro F1: 0.5997
Best hyperparameters:
    lr: 0.0006243229568347664
    decay: 0.007054504309818491
    batch_size: 64
    nheads: 2
    project_to: 32
    hidden_size: 64
    num_layers: 2
    dropout: 0.28637386274160354
    class_weights: True
    aug_choice: 3
Fold 1: 0 trials completed, running 40 more trials...
[I 2024-12-25 17:21:11,527] A new study created in RDB with name: webcam_engagement_classifier
