Best trial: 13. Best value: 0.57801:  44%|████▍     | 66/150 [2:57:34<2:35:51, 111.32s/it]Best trial: 13. Best value: 0.57801:  44%|████▍     | 66/150 [2:57:34<2:35:51, 111.32s/it]Best trial: 13. Best value: 0.57801:  45%|████▍     | 67/150 [2:57:34<2:51:07, 123.70s/it]                                                                                          Best trial: 13. Best value: 0.57801:  45%|████▍     | 67/150 [3:00:15<2:51:07, 123.70s/it]Best trial: 13. Best value: 0.57801:  45%|████▍     | 67/150 [3:00:15<2:51:07, 123.70s/it]Best trial: 13. Best value: 0.57801:  45%|████▌     | 68/150 [3:00:15<3:04:18, 134.86s/it]                                                                                          Best trial: 13. Best value: 0.57801:  45%|████▌     | 68/150 [3:06:32<3:04:18, 134.86s/it]Best trial: 13. Best value: 0.57801:  45%|████▌     | 68/150 [3:06:32<3:04:18, 134.86s/it]Best trial: 13. Best value: 0.57801:  46%|████▌     | 69/150 [3:06:32<4:39:49, 207.28s/it]                                                                                          Best trial: 13. Best value: 0.57801:  46%|████▌     | 69/150 [3:13:05<4:39:49, 207.28s/it]Best trial: 13. Best value: 0.57801:  46%|████▌     | 69/150 [3:13:05<4:39:49, 207.28s/it]Best trial: 13. Best value: 0.57801:  47%|████▋     | 70/150 [3:13:05<5:50:45, 263.07s/it]                                                                                          Best trial: 13. Best value: 0.57801:  47%|████▋     | 70/150 [3:18:05<5:50:45, 263.07s/it]Best trial: 13. Best value: 0.57801:  47%|████▋     | 70/150 [3:18:05<5:50:45, 263.07s/it]Best trial: 13. Best value: 0.57801:  47%|████▋     | 71/150 [3:18:05<6:00:59, 274.17s/it]                                                                                          Best trial: 13. Best value: 0.57801:  47%|████▋     | 71/150 [3:23:45<6:00:59, 274.17s/it]Best trial: 13. Best value: 0.57801:  47%|████▋     | 71/150 [3:23:45<6:00:59, 274.17s/it]Best trial: 13. Best value: 0.57801:  48%|████▊     | 72/150 [3:23:45<6:22:08, 293.95s/it]                                                                                          Best trial: 13. Best value: 0.57801:  48%|████▊     | 72/150 [3:25:48<6:22:08, 293.95s/it]Best trial: 13. Best value: 0.57801:  48%|████▊     | 72/150 [3:25:48<6:22:08, 293.95s/it]Best trial: 13. Best value: 0.57801:  49%|████▊     | 73/150 [3:25:48<5:11:18, 242.58s/it]                                                                                          Best trial: 13. Best value: 0.57801:  49%|████▊     | 73/150 [3:27:42<5:11:18, 242.58s/it]Best trial: 13. Best value: 0.57801:  49%|████▊     | 73/150 [3:27:42<5:11:18, 242.58s/it]Best trial: 13. Best value: 0.57801:  49%|████▉     | 74/150 [3:27:42<4:18:22, 203.98s/it]                                                                                          Best trial: 13. Best value: 0.57801:  49%|████▉     | 74/150 [3:29:54<4:18:22, 203.98s/it]Best trial: 13. Best value: 0.57801:  49%|████▉     | 74/150 [3:29:54<4:18:22, 203.98s/it]Best trial: 13. Best value: 0.57801:  50%|█████     | 75/150 [3:29:54<3:48:13, 182.58s/it]                                                                                          Best trial: 13. Best value: 0.57801:  50%|█████     | 75/150 [3:35:09<3:48:13, 182.58s/it]Best trial: 13. Best value: 0.57801:  50%|█████     | 75/150 [3:35:09<3:48:13, 182.58s/it]Best trial: 13. Best value: 0.57801:  51%|█████     | 76/150 [3:35:09<4:34:07, 222.26s/it]                                                                                          Best trial: 13. Best value: 0.57801:  51%|█████     | 76/150 [3:37:10<4:34:07, 222.26s/it]Best trial: 13. Best value: 0.57801:  51%|█████     | 76/150 [3:37:10<4:34:07, 222.26s/it]Best trial: 13. Best value: 0.57801:  51%|█████▏    | 77/150 [3:37:10<3:53:36, 192.00s/it]                                                                                          Best trial: 13. Best value: 0.57801:  51%|█████▏    | 77/150 [3:38:51<3:53:36, 192.00s/it]Best trial: 13. Best value: 0.57801:  51%|█████▏    | 77/150 [3:38:51<3:53:36, 192.00s/it]Best trial: 13. Best value: 0.57801:  52%|█████▏    | 78/150 [3:38:51<3:17:38, 164.70s/it]                                                                                          Best trial: 13. Best value: 0.57801:  52%|█████▏    | 78/150 [3:40:59<3:17:38, 164.70s/it]Best trial: 13. Best value: 0.57801:  52%|█████▏    | 78/150 [3:40:59<3:17:38, 164.70s/it]Best trial: 13. Best value: 0.57801:  53%|█████▎    | 79/150 [3:40:59<3:01:49, 153.65s/it]                                                                                          Best trial: 13. Best value: 0.57801:  53%|█████▎    | 79/150 [3:42:05<3:01:49, 153.65s/it]Best trial: 13. Best value: 0.57801:  53%|█████▎    | 79/150 [3:42:05<3:01:49, 153.65s/it]Best trial: 13. Best value: 0.57801:  53%|█████▎    | 80/150 [3:42:05<2:28:27, 127.26s/it]                                                                                          Best trial: 13. Best value: 0.57801:  53%|█████▎    | 80/150 [3:44:16<2:28:27, 127.26s/it]Best trial: 13. Best value: 0.57801:  53%|█████▎    | 80/150 [3:44:16<2:28:27, 127.26s/it]Best trial: 13. Best value: 0.57801:  54%|█████▍    | 81/150 [3:44:16<2:27:31, 128.29s/it]                                                                                          Best trial: 13. Best value: 0.57801:  54%|█████▍    | 81/150 [3:46:57<2:27:31, 128.29s/it]Best trial: 13. Best value: 0.57801:  54%|█████▍    | 81/150 [3:46:57<2:27:31, 128.29s/it]Best trial: 13. Best value: 0.57801:  55%|█████▍    | 82/150 [3:46:57<2:36:36, 138.19s/it]                                                                                          Best trial: 13. Best value: 0.57801:  55%|█████▍    | 82/150 [3:49:51<2:36:36, 138.19s/it]Best trial: 13. Best value: 0.57801:  55%|█████▍    | 82/150 [3:49:51<2:36:36, 138.19s/it]Best trial: 13. Best value: 0.57801:  55%|█████▌    | 83/150 [3:49:51<2:46:10, 148.81s/it]                                                                                          Best trial: 13. Best value: 0.57801:  55%|█████▌    | 83/150 [3:52:38<2:46:10, 148.81s/it]Best trial: 13. Best value: 0.57801:  55%|█████▌    | 83/150 [3:52:38<2:46:10, 148.81s/it]Best trial: 13. Best value: 0.57801:  56%|█████▌    | 84/150 [3:52:38<2:49:44, 154.30s/it]                                                                                          Best trial: 13. Best value: 0.57801:  56%|█████▌    | 84/150 [3:55:44<2:49:44, 154.30s/it]Best trial: 13. Best value: 0.57801:  56%|█████▌    | 84/150 [3:55:44<2:49:44, 154.30s/it]Best trial: 13. Best value: 0.57801:  57%|█████▋    | 85/150 [3:55:44<2:57:24, 163.76s/it]                                                                                          Best trial: 13. Best value: 0.57801:  57%|█████▋    | 85/150 [3:58:24<2:57:24, 163.76s/it]Best trial: 13. Best value: 0.57801:  57%|█████▋    | 85/150 [3:58:24<2:57:24, 163.76s/it]Best trial: 13. Best value: 0.57801:  57%|█████▋    | 86/150 [3:58:24<2:53:46, 162.91s/it]                                                                                          Best trial: 13. Best value: 0.57801:  57%|█████▋    | 86/150 [4:00:40<2:53:46, 162.91s/it]Best trial: 13. Best value: 0.57801:  57%|█████▋    | 86/150 [4:00:40<2:53:46, 162.91s/it]Best trial: 13. Best value: 0.57801:  58%|█████▊    | 87/150 [4:00:40<2:42:28, 154.74s/it]                                                                                          Best trial: 13. Best value: 0.57801:  58%|█████▊    | 87/150 [4:02:49<2:42:28, 154.74s/it]Best trial: 13. Best value: 0.57801:  58%|█████▊    | 87/150 [4:02:49<2:42:28, 154.74s/it]Best trial: 13. Best value: 0.57801:  59%|█████▊    | 88/150 [4:02:49<2:31:46, 146.88s/it]                                                                                          [I 2024-12-29 16:27:24,873] Trial 66 finished with value: 0.4940016997688967 and parameters: {'lr': 0.0025943543008028454, 'decay': 0.0005016984266502705, 'batch_size': 128, 'nheads': 1, 'project_to': 128, 'hidden_size': 32, 'num_layers': 2, 'dropout': 0.5838019366286641, 'alpha': 0.9732681551503554, 'aug_choice': 1}. Best is trial 13 with value: 0.5780103030910341.
[I 2024-12-29 16:30:05,761] Trial 67 finished with value: 0.49240827912268154 and parameters: {'lr': 0.003516064763717139, 'decay': 0.003974867417744093, 'batch_size': 64, 'nheads': 1, 'project_to': 32, 'hidden_size': 64, 'num_layers': 2, 'dropout': 0.39428003565377806, 'alpha': 0.8440018006826598, 'aug_choice': 7}. Best is trial 13 with value: 0.5780103030910341.
[I 2024-12-29 16:36:22,037] Trial 68 finished with value: 0.5290915468287047 and parameters: {'lr': 0.006651595858115987, 'decay': 0.0025021957496433106, 'batch_size': 64, 'nheads': 1, 'project_to': 128, 'hidden_size': 32, 'num_layers': 2, 'dropout': 0.16051567521368126, 'alpha': 1.2908333507719356, 'aug_choice': 3}. Best is trial 13 with value: 0.5780103030910341.
[I 2024-12-29 16:42:55,273] Trial 69 finished with value: 0.4391913975986962 and parameters: {'lr': 0.0070460870920047766, 'decay': 0.0024782388715268687, 'batch_size': 64, 'nheads': 1, 'project_to': 128, 'hidden_size': 32, 'num_layers': 2, 'dropout': 0.2493764648070874, 'alpha': 1.2859262666864377, 'aug_choice': 3}. Best is trial 13 with value: 0.5780103030910341.
[I 2024-12-29 16:47:55,349] Trial 70 finished with value: 0.4813409662517074 and parameters: {'lr': 0.009998293974393325, 'decay': 0.006616600146912354, 'batch_size': 128, 'nheads': 1, 'project_to': 128, 'hidden_size': 32, 'num_layers': 2, 'dropout': 0.16200834713384316, 'alpha': 1.3176192025996218, 'aug_choice': 3}. Best is trial 13 with value: 0.5780103030910341.
[I 2024-12-29 16:53:35,456] Trial 71 finished with value: 0.5220093885471614 and parameters: {'lr': 0.005931495293360842, 'decay': 0.0019568035895530995, 'batch_size': 64, 'nheads': 1, 'project_to': 128, 'hidden_size': 32, 'num_layers': 2, 'dropout': 0.12591908036666688, 'alpha': 1.4466412908513826, 'aug_choice': 3}. Best is trial 13 with value: 0.5780103030910341.
[I 2024-12-29 16:55:38,160] Trial 72 finished with value: 0.5106866818982959 and parameters: {'lr': 0.00496097371158808, 'decay': 0.0012694487117527657, 'batch_size': 64, 'nheads': 1, 'project_to': 128, 'hidden_size': 32, 'num_layers': 2, 'dropout': 0.1999407317489441, 'alpha': 1.18183746382311, 'aug_choice': 8}. Best is trial 13 with value: 0.5780103030910341.
[I 2024-12-29 16:57:32,068] Trial 73 finished with value: 0.48536692083333105 and parameters: {'lr': 0.00809545236751842, 'decay': 0.0009074951103306828, 'batch_size': 64, 'nheads': 1, 'project_to': 128, 'hidden_size': 32, 'num_layers': 2, 'dropout': 0.14473679056023359, 'alpha': 1.084466440658624, 'aug_choice': 2}. Best is trial 13 with value: 0.5780103030910341.
[I 2024-12-29 16:59:44,714] Trial 74 finished with value: 0.4749731623004844 and parameters: {'lr': 0.001750595591262337, 'decay': 0.003221485421159345, 'batch_size': 64, 'nheads': 1, 'project_to': 128, 'hidden_size': 32, 'num_layers': 2, 'dropout': 0.18192678972071474, 'alpha': 1.2256348687758076, 'aug_choice': 5}. Best is trial 13 with value: 0.5780103030910341.
[I 2024-12-29 17:04:59,568] Trial 75 finished with value: 0.5241743857070988 and parameters: {'lr': 0.0028328366292285603, 'decay': 0.001583233759549138, 'batch_size': 64, 'nheads': 4, 'project_to': 32, 'hidden_size': 32, 'num_layers': 2, 'dropout': 0.22924459270537528, 'alpha': 1.3584940799287728, 'aug_choice': 3}. Best is trial 13 with value: 0.5780103030910341.
[I 2024-12-29 17:07:00,963] Trial 76 finished with value: 0.47443364982193553 and parameters: {'lr': 0.003943095789700309, 'decay': 0.0005929606452847682, 'batch_size': 64, 'nheads': 1, 'project_to': 64, 'hidden_size': 64, 'num_layers': 2, 'dropout': 0.16211972435892966, 'alpha': 1.0236975244585713, 'aug_choice': 2}. Best is trial 13 with value: 0.5780103030910341.
[I 2024-12-29 17:08:41,975] Trial 77 finished with value: 0.4795275142437151 and parameters: {'lr': 0.008162415225848488, 'decay': 0.0007785413043859127, 'batch_size': 64, 'nheads': 2, 'project_to': 128, 'hidden_size': 128, 'num_layers': 2, 'dropout': 0.12098939802661862, 'alpha': 0.9336987964081728, 'aug_choice': 4}. Best is trial 13 with value: 0.5780103030910341.
[I 2024-12-29 17:10:49,835] Trial 78 finished with value: 0.5194732778675543 and parameters: {'lr': 0.006525555879170038, 'decay': 0.0002888872168257061, 'batch_size': 64, 'nheads': 1, 'project_to': 128, 'hidden_size': 32, 'num_layers': 2, 'dropout': 0.18892872150739265, 'alpha': 0.77820445568525, 'aug_choice': 2}. Best is trial 13 with value: 0.5780103030910341.
[I 2024-12-29 17:11:55,503] Trial 79 finished with value: 0.4594268959450506 and parameters: {'lr': 0.0010199201469894559, 'decay': 0.005266015623064866, 'batch_size': 128, 'nheads': 1, 'project_to': 32, 'hidden_size': 32, 'num_layers': 2, 'dropout': 0.33312798056074633, 'alpha': 0.6711838969172763, 'aug_choice': 0}. Best is trial 13 with value: 0.5780103030910341.
[I 2024-12-29 17:14:06,192] Trial 80 finished with value: 0.48645559519557685 and parameters: {'lr': 0.0022954207349887216, 'decay': 0.0023359962209434783, 'batch_size': 64, 'nheads': 1, 'project_to': 128, 'hidden_size': 32, 'num_layers': 2, 'dropout': 0.13328542368051, 'alpha': 1.1302793025738376, 'aug_choice': 5}. Best is trial 13 with value: 0.5780103030910341.
[I 2024-12-29 17:16:47,476] Trial 81 finished with value: 0.5339847153419373 and parameters: {'lr': 0.0032129211991168936, 'decay': 0.001343859302151017, 'batch_size': 64, 'nheads': 1, 'project_to': 128, 'hidden_size': 32, 'num_layers': 2, 'dropout': 0.20653931956327434, 'alpha': 0.5972936329435664, 'aug_choice': 1}. Best is trial 13 with value: 0.5780103030910341.
[I 2024-12-29 17:19:41,093] Trial 82 finished with value: 0.442799425023851 and parameters: {'lr': 0.003204705666554266, 'decay': 0.0013262267224553811, 'batch_size': 64, 'nheads': 1, 'project_to': 128, 'hidden_size': 32, 'num_layers': 2, 'dropout': 0.15742270216915855, 'alpha': 0.35350184146451713, 'aug_choice': 1}. Best is trial 13 with value: 0.5780103030910341.
[I 2024-12-29 17:22:28,204] Trial 83 finished with value: 0.4537601279598598 and parameters: {'lr': 0.004439177356531724, 'decay': 0.0017770266646912215, 'batch_size': 64, 'nheads': 1, 'project_to': 128, 'hidden_size': 32, 'num_layers': 2, 'dropout': 0.21045349446123207, 'alpha': 0.5068487053285434, 'aug_choice': 1}. Best is trial 13 with value: 0.5780103030910341.
[I 2024-12-29 17:25:34,040] Trial 84 finished with value: 0.5087792722541282 and parameters: {'lr': 0.005699451259673286, 'decay': 0.0010112468567609048, 'batch_size': 64, 'nheads': 1, 'project_to': 128, 'hidden_size': 32, 'num_layers': 2, 'dropout': 0.14544358583323225, 'alpha': 1.2758132481963917, 'aug_choice': 1}. Best is trial 13 with value: 0.5780103030910341.
[I 2024-12-29 17:28:14,964] Trial 85 finished with value: 0.5374422722218972 and parameters: {'lr': 0.0087062292853171, 'decay': 0.0015095460889611475, 'batch_size': 64, 'nheads': 1, 'project_to': 128, 'hidden_size': 64, 'num_layers': 2, 'dropout': 0.11028901466219262, 'alpha': 0.603274434783577, 'aug_choice': 2}. Best is trial 13 with value: 0.5780103030910341.
[I 2024-12-29 17:30:30,628] Trial 86 finished with value: 0.517593950330871 and parameters: {'lr': 0.008351505238033179, 'decay': 0.0028040689226982145, 'batch_size': 64, 'nheads': 1, 'project_to': 128, 'hidden_size': 64, 'num_layers': 2, 'dropout': 0.1723656678452549, 'alpha': 0.6042799257404737, 'aug_choice': 2}. Best is trial 13 with value: 0.5780103030910341.
[I 2024-12-29 17:32:39,186] Trial 87 finished with value: 0.44717724659687313 and parameters: {'lr': 0.006890218388913999, 'decay': 0.0037498058403078838, 'batch_size': 64, 'nheads': 1, 'project_to': 128, 'hidden_size': 64, 'num_layers': 2, 'dropout': 0.25937989977797715, 'alpha': 0.5512640772322907, 'aug_choice': 2}. Best is trial 13 with value: 0.5780103030910341.
