Best trial: 57. Best value: 0.619304:  59%|█████▊    | 88/150 [4:23:42<2:48:17, 162.86s/it]Best trial: 57. Best value: 0.619304:  59%|█████▊    | 88/150 [4:23:42<2:48:17, 162.86s/it]Best trial: 57. Best value: 0.619304:  59%|█████▉    | 89/150 [4:23:42<2:24:20, 141.97s/it]                                                                                           Best trial: 57. Best value: 0.619304:  59%|█████▉    | 89/150 [4:27:07<2:24:20, 141.97s/it]Best trial: 57. Best value: 0.619304:  59%|█████▉    | 89/150 [4:27:07<2:24:20, 141.97s/it]Best trial: 57. Best value: 0.619304:  60%|██████    | 90/150 [4:27:07<2:40:52, 160.87s/it]                                                                                           Best trial: 57. Best value: 0.619304:  60%|██████    | 90/150 [4:29:20<2:40:52, 160.87s/it]Best trial: 57. Best value: 0.619304:  60%|██████    | 90/150 [4:29:21<2:40:52, 160.87s/it]Best trial: 57. Best value: 0.619304:  61%|██████    | 91/150 [4:29:21<2:30:14, 152.80s/it]                                                                                           Best trial: 57. Best value: 0.619304:  61%|██████    | 91/150 [4:30:58<2:30:14, 152.80s/it]Best trial: 57. Best value: 0.619304:  61%|██████    | 91/150 [4:30:58<2:30:14, 152.80s/it]Best trial: 57. Best value: 0.619304:  61%|██████▏   | 92/150 [4:30:58<2:11:47, 136.34s/it]                                                                                           Best trial: 57. Best value: 0.619304:  61%|██████▏   | 92/150 [4:32:49<2:11:47, 136.34s/it]Best trial: 57. Best value: 0.619304:  61%|██████▏   | 92/150 [4:32:49<2:11:47, 136.34s/it]Best trial: 57. Best value: 0.619304:  62%|██████▏   | 93/150 [4:32:49<2:02:18, 128.74s/it]                                                                                           Best trial: 57. Best value: 0.619304:  62%|██████▏   | 93/150 [4:35:30<2:02:18, 128.74s/it]Best trial: 57. Best value: 0.619304:  62%|██████▏   | 93/150 [4:35:30<2:02:18, 128.74s/it]Best trial: 57. Best value: 0.619304:  63%|██████▎   | 94/150 [4:35:30<2:08:59, 138.20s/it]                                                                                           Best trial: 57. Best value: 0.619304:  63%|██████▎   | 94/150 [4:37:31<2:08:59, 138.20s/it]Best trial: 57. Best value: 0.619304:  63%|██████▎   | 94/150 [4:37:31<2:08:59, 138.20s/it]Best trial: 57. Best value: 0.619304:  63%|██████▎   | 95/150 [4:37:31<2:02:02, 133.14s/it]                                                                                           Best trial: 57. Best value: 0.619304:  63%|██████▎   | 95/150 [4:38:44<2:02:02, 133.14s/it]Best trial: 57. Best value: 0.619304:  63%|██████▎   | 95/150 [4:38:44<2:02:02, 133.14s/it]Best trial: 57. Best value: 0.619304:  64%|██████▍   | 96/150 [4:38:44<1:43:39, 115.18s/it]                                                                                           Best trial: 57. Best value: 0.619304:  64%|██████▍   | 96/150 [4:39:48<1:43:39, 115.18s/it]Best trial: 57. Best value: 0.619304:  64%|██████▍   | 96/150 [4:39:48<1:43:39, 115.18s/it]Best trial: 57. Best value: 0.619304:  65%|██████▍   | 97/150 [4:39:48<1:28:07, 99.76s/it]                                                                                           Best trial: 57. Best value: 0.619304:  65%|██████▍   | 97/150 [4:40:54<1:28:07, 99.76s/it]Best trial: 57. Best value: 0.619304:  65%|██████▍   | 97/150 [4:40:54<1:28:07, 99.76s/it]Best trial: 57. Best value: 0.619304:  65%|██████▌   | 98/150 [4:40:54<1:17:38, 89.58s/it]                                                                                          Best trial: 57. Best value: 0.619304:  65%|██████▌   | 98/150 [4:42:00<1:17:38, 89.58s/it]Best trial: 57. Best value: 0.619304:  65%|██████▌   | 98/150 [4:42:00<1:17:38, 89.58s/it]Best trial: 57. Best value: 0.619304:  66%|██████▌   | 99/150 [4:42:00<1:10:07, 82.50s/it]                                                                                          Best trial: 57. Best value: 0.619304:  66%|██████▌   | 99/150 [4:43:21<1:10:07, 82.50s/it]Best trial: 57. Best value: 0.619304:  66%|██████▌   | 99/150 [4:43:21<1:10:07, 82.50s/it]Best trial: 57. Best value: 0.619304:  67%|██████▋   | 100/150 [4:43:21<1:08:17, 81.96s/it]                                                                                           Best trial: 57. Best value: 0.619304:  67%|██████▋   | 100/150 [4:44:47<1:08:17, 81.96s/it]Best trial: 57. Best value: 0.619304:  67%|██████▋   | 100/150 [4:44:47<1:08:17, 81.96s/it]Best trial: 57. Best value: 0.619304:  67%|██████▋   | 101/150 [4:44:47<1:08:03, 83.34s/it]                                                                                           Best trial: 57. Best value: 0.619304:  67%|██████▋   | 101/150 [4:46:06<1:08:03, 83.34s/it]Best trial: 57. Best value: 0.619304:  67%|██████▋   | 101/150 [4:46:06<1:08:03, 83.34s/it]Best trial: 57. Best value: 0.619304:  68%|██████▊   | 102/150 [4:46:06<1:05:42, 82.13s/it]                                                                                           Best trial: 57. Best value: 0.619304:  68%|██████▊   | 102/150 [4:47:23<1:05:42, 82.13s/it]Best trial: 57. Best value: 0.619304:  68%|██████▊   | 102/150 [4:47:23<1:05:42, 82.13s/it]Best trial: 57. Best value: 0.619304:  69%|██████▊   | 103/150 [4:47:23<1:02:54, 80.31s/it]                                                                                           Best trial: 57. Best value: 0.619304:  69%|██████▊   | 103/150 [4:49:48<1:02:54, 80.31s/it]Best trial: 57. Best value: 0.619304:  69%|██████▊   | 103/150 [4:49:48<1:02:54, 80.31s/it]Best trial: 57. Best value: 0.619304:  69%|██████▉   | 104/150 [4:49:48<1:16:30, 99.79s/it]                                                                                           Best trial: 57. Best value: 0.619304:  69%|██████▉   | 104/150 [4:52:43<1:16:30, 99.79s/it]Best trial: 57. Best value: 0.619304:  69%|██████▉   | 104/150 [4:52:43<1:16:30, 99.79s/it]Best trial: 57. Best value: 0.619304:  70%|███████   | 105/150 [4:52:43<1:31:53, 122.52s/it]                                                                                            Best trial: 57. Best value: 0.619304:  70%|███████   | 105/150 [4:53:51<1:31:53, 122.52s/it]Best trial: 57. Best value: 0.619304:  70%|███████   | 105/150 [4:53:51<1:31:53, 122.52s/it]Best trial: 57. Best value: 0.619304:  71%|███████   | 106/150 [4:53:51<1:17:41, 105.93s/it]                                                                                            Best trial: 57. Best value: 0.619304:  71%|███████   | 106/150 [4:55:04<1:17:41, 105.93s/it]Best trial: 57. Best value: 0.619304:  71%|███████   | 106/150 [4:55:04<1:17:41, 105.93s/it]Best trial: 57. Best value: 0.619304:  71%|███████▏  | 107/150 [4:55:04<1:08:53, 96.13s/it]                                                                                            Best trial: 57. Best value: 0.619304:  71%|███████▏  | 107/150 [4:56:23<1:08:53, 96.13s/it]Best trial: 57. Best value: 0.619304:  71%|███████▏  | 107/150 [4:56:23<1:08:53, 96.13s/it]Best trial: 57. Best value: 0.619304:  72%|███████▏  | 108/150 [4:56:23<1:03:45, 91.10s/it]                                                                                           Best trial: 57. Best value: 0.619304:  72%|███████▏  | 108/150 [4:58:30<1:03:45, 91.10s/it]Best trial: 57. Best value: 0.619304:  72%|███████▏  | 108/150 [4:58:30<1:03:45, 91.10s/it]Best trial: 57. Best value: 0.619304:  73%|███████▎  | 109/150 [4:58:30<1:09:40, 101.96s/it]                                                                                            Best trial: 57. Best value: 0.619304:  73%|███████▎  | 109/150 [5:01:27<1:09:40, 101.96s/it]Best trial: 57. Best value: 0.619304:  73%|███████▎  | 109/150 [5:01:27<1:09:40, 101.96s/it]Best trial: 57. Best value: 0.619304:  73%|███████▎  | 110/150 [5:01:27<1:22:55, 124.39s/it]                                                                                            [I 2024-12-30 08:32:58,660] Trial 88 finished with value: 0.41913549999842103 and parameters: {'lr': 0.00019257588720626498, 'decay': 0.00036158364296369976, 'batch_size': 64, 'nheads': 1, 'project_to': 128, 'hidden_size': 32, 'num_layers': 1, 'dropout': 0.2934427135951442, 'alpha': 1.1447480112584858, 'aug_choice': 0}. Best is trial 57 with value: 0.6193042196249754.
[I 2024-12-30 08:36:23,629] Trial 89 finished with value: 0.5624654269263506 and parameters: {'lr': 0.0011302885634096053, 'decay': 0.000140169493833366, 'batch_size': 64, 'nheads': 1, 'project_to': 32, 'hidden_size': 32, 'num_layers': 1, 'dropout': 0.23791746173098274, 'alpha': 0.889872045262292, 'aug_choice': 8}. Best is trial 57 with value: 0.6193042196249754.
[I 2024-12-30 08:38:37,577] Trial 90 finished with value: 0.5037567272401475 and parameters: {'lr': 0.003346746213898363, 'decay': 0.00014758646854032558, 'batch_size': 128, 'nheads': 4, 'project_to': 32, 'hidden_size': 128, 'num_layers': 2, 'dropout': 0.24128374079215456, 'alpha': 0.8819387139351859, 'aug_choice': 8}. Best is trial 57 with value: 0.6193042196249754.
[I 2024-12-30 08:40:15,506] Trial 91 finished with value: 0.4969762091245721 and parameters: {'lr': 0.0010705090876999277, 'decay': 0.0002654539793629025, 'batch_size': 64, 'nheads': 1, 'project_to': 32, 'hidden_size': 32, 'num_layers': 1, 'dropout': 0.2681520361030136, 'alpha': 1.0063199824350166, 'aug_choice': 8}. Best is trial 57 with value: 0.6193042196249754.
[I 2024-12-30 08:42:06,529] Trial 92 finished with value: 0.5467736159142828 and parameters: {'lr': 0.0004919297456007618, 'decay': 0.00020142410205644371, 'batch_size': 64, 'nheads': 1, 'project_to': 32, 'hidden_size': 32, 'num_layers': 1, 'dropout': 0.3320759314170608, 'alpha': 1.073436275482, 'aug_choice': 8}. Best is trial 57 with value: 0.6193042196249754.
[I 2024-12-30 08:44:46,790] Trial 93 finished with value: 0.5165385374533304 and parameters: {'lr': 0.0009094208932829476, 'decay': 8.10400612882481e-05, 'batch_size': 64, 'nheads': 1, 'project_to': 32, 'hidden_size': 32, 'num_layers': 1, 'dropout': 0.23125313941972156, 'alpha': 0.842496796965248, 'aug_choice': 1}. Best is trial 57 with value: 0.6193042196249754.
[I 2024-12-30 08:46:48,126] Trial 94 finished with value: 0.4822302054824029 and parameters: {'lr': 0.0006698249463810203, 'decay': 0.00013635153419355272, 'batch_size': 64, 'nheads': 1, 'project_to': 32, 'hidden_size': 32, 'num_layers': 1, 'dropout': 0.20785065454226592, 'alpha': 0.9163852377252046, 'aug_choice': 8}. Best is trial 57 with value: 0.6193042196249754.
[I 2024-12-30 08:48:01,409] Trial 95 finished with value: 0.602591996785997 and parameters: {'lr': 0.0013007825235410542, 'decay': 0.00030183242293839295, 'batch_size': 64, 'nheads': 1, 'project_to': 32, 'hidden_size': 32, 'num_layers': 1, 'dropout': 0.2830110127098162, 'alpha': 0.8247167331279963, 'aug_choice': 4}. Best is trial 57 with value: 0.6193042196249754.
[I 2024-12-30 08:49:05,179] Trial 96 finished with value: 0.4435279376021773 and parameters: {'lr': 0.001901374647828799, 'decay': 0.00011186216666776055, 'batch_size': 64, 'nheads': 2, 'project_to': 128, 'hidden_size': 32, 'num_layers': 1, 'dropout': 0.2901032725223271, 'alpha': 0.8097007332079127, 'aug_choice': 4}. Best is trial 57 with value: 0.6193042196249754.
[I 2024-12-30 08:50:11,009] Trial 97 finished with value: 0.5237804175097095 and parameters: {'lr': 0.001431986258018537, 'decay': 0.00016128007513942883, 'batch_size': 64, 'nheads': 1, 'project_to': 64, 'hidden_size': 32, 'num_layers': 1, 'dropout': 0.30203657431016734, 'alpha': 0.7645298728350045, 'aug_choice': 4}. Best is trial 57 with value: 0.6193042196249754.
[I 2024-12-30 08:51:16,997] Trial 98 finished with value: 0.5215878446416339 and parameters: {'lr': 0.0022568574737870935, 'decay': 9.551921305691876e-05, 'batch_size': 64, 'nheads': 1, 'project_to': 32, 'hidden_size': 32, 'num_layers': 1, 'dropout': 0.28252172960863714, 'alpha': 0.6961565808762809, 'aug_choice': 4}. Best is trial 57 with value: 0.6193042196249754.
[I 2024-12-30 08:52:37,688] Trial 99 finished with value: 0.584471855152943 and parameters: {'lr': 0.0012306317107516275, 'decay': 0.0003197880153640381, 'batch_size': 64, 'nheads': 4, 'project_to': 32, 'hidden_size': 32, 'num_layers': 2, 'dropout': 0.3731402308598128, 'alpha': 1.3419508887586278, 'aug_choice': 0}. Best is trial 57 with value: 0.6193042196249754.
[I 2024-12-30 08:54:04,257] Trial 100 finished with value: 0.5012036574241453 and parameters: {'lr': 0.0010815765643945913, 'decay': 0.00030556663761048785, 'batch_size': 128, 'nheads': 4, 'project_to': 32, 'hidden_size': 128, 'num_layers': 2, 'dropout': 0.41178666863014585, 'alpha': 1.4399291981080589, 'aug_choice': 0}. Best is trial 57 with value: 0.6193042196249754.
[I 2024-12-30 08:55:23,554] Trial 101 finished with value: 0.49267028892250037 and parameters: {'lr': 0.0015554114335110548, 'decay': 0.00022932968435419374, 'batch_size': 64, 'nheads': 4, 'project_to': 32, 'hidden_size': 32, 'num_layers': 2, 'dropout': 0.36138060979116626, 'alpha': 1.3211112100777602, 'aug_choice': 0}. Best is trial 57 with value: 0.6193042196249754.
[I 2024-12-30 08:56:39,614] Trial 102 finished with value: 0.489734021181925 and parameters: {'lr': 0.001223555850850968, 'decay': 0.00017602488439241208, 'batch_size': 64, 'nheads': 4, 'project_to': 32, 'hidden_size': 32, 'num_layers': 2, 'dropout': 0.26205008084717335, 'alpha': 1.3399452683687656, 'aug_choice': 0}. Best is trial 57 with value: 0.6193042196249754.
[I 2024-12-30 08:59:04,867] Trial 103 finished with value: 0.5450705784688136 and parameters: {'lr': 0.0008794026564579426, 'decay': 0.00041421491303516986, 'batch_size': 64, 'nheads': 4, 'project_to': 32, 'hidden_size': 32, 'num_layers': 2, 'dropout': 0.3446644630206884, 'alpha': 1.4983282183314297, 'aug_choice': 2}. Best is trial 57 with value: 0.6193042196249754.
[I 2024-12-30 09:02:00,406] Trial 104 finished with value: 0.5536818535166711 and parameters: {'lr': 0.002101593284556785, 'decay': 0.0005443806099200023, 'batch_size': 64, 'nheads': 4, 'project_to': 32, 'hidden_size': 32, 'num_layers': 2, 'dropout': 0.37800212303236314, 'alpha': 1.226574425744623, 'aug_choice': 7}. Best is trial 57 with value: 0.6193042196249754.
[I 2024-12-30 09:03:07,650] Trial 105 finished with value: 0.5064070482586696 and parameters: {'lr': 0.0016059499364179206, 'decay': 0.0002961662526391457, 'batch_size': 64, 'nheads': 1, 'project_to': 32, 'hidden_size': 32, 'num_layers': 1, 'dropout': 0.31656719141321304, 'alpha': 0.7438106798741433, 'aug_choice': 0}. Best is trial 57 with value: 0.6193042196249754.
[I 2024-12-30 09:04:20,896] Trial 106 finished with value: 0.4664260698088065 and parameters: {'lr': 0.002938448463951908, 'decay': 0.0007945108952428437, 'batch_size': 64, 'nheads': 2, 'project_to': 32, 'hidden_size': 64, 'num_layers': 3, 'dropout': 0.2443214222391469, 'alpha': 0.6699344472877656, 'aug_choice': 4}. Best is trial 57 with value: 0.6193042196249754.
[I 2024-12-30 09:05:40,249] Trial 107 finished with value: 0.5554602083787623 and parameters: {'lr': 0.0007514335545719415, 'decay': 0.0010710767159659328, 'batch_size': 64, 'nheads': 1, 'project_to': 128, 'hidden_size': 32, 'num_layers': 2, 'dropout': 0.44767452751050646, 'alpha': 0.8704293022655856, 'aug_choice': 6}. Best is trial 57 with value: 0.6193042196249754.
[I 2024-12-30 09:07:47,563] Trial 108 finished with value: 0.5133755847377199 and parameters: {'lr': 0.0009853787307018721, 'decay': 0.00678759734910653, 'batch_size': 64, 'nheads': 4, 'project_to': 32, 'hidden_size': 32, 'num_layers': 1, 'dropout': 0.3381024260624364, 'alpha': 0.8235168740482119, 'aug_choice': 8}. Best is trial 57 with value: 0.6193042196249754.
[I 2024-12-30 09:10:44,277] Trial 109 finished with value: 0.4815008948637711 and parameters: {'lr': 0.0012481904995035752, 'decay': 0.0001077544393492017, 'batch_size': 64, 'nheads': 1, 'project_to': 32, 'hidden_size': 32, 'num_layers': 2, 'dropout': 0.36991231446709893, 'alpha': 0.2745307992729177, 'aug_choice': 7}. Best is trial 57 with value: 0.6193042196249754.
Best trial: 57. Best value: 0.619304:  73%|███████▎  | 110/150 [5:02:34<1:22:55, 124.39s/it]Best trial: 57. Best value: 0.619304:  73%|███████▎  | 110/150 [5:02:34<1:22:55, 124.39s/it]Best trial: 57. Best value: 0.619304:  74%|███████▍  | 111/150 [5:02:34<1:09:38, 107.15s/it]                                                                                            Best trial: 57. Best value: 0.619304:  74%|███████▍  | 111/150 [5:03:53<1:09:38, 107.15s/it]Best trial: 57. Best value: 0.619304:  74%|███████▍  | 111/150 [5:03:53<1:09:38, 107.15s/it]Best trial: 57. Best value: 0.619304:  75%|███████▍  | 112/150 [5:03:53<1:02:26, 98.58s/it]                                                                                            Best trial: 57. Best value: 0.619304:  75%|███████▍  | 112/150 [5:05:15<1:02:26, 98.58s/it]Best trial: 57. Best value: 0.619304:  75%|███████▍  | 112/150 [5:05:15<1:02:26, 98.58s/it]Best trial: 57. Best value: 0.619304:  75%|███████▌  | 113/150 [5:05:15<57:44, 93.62s/it]                                                                                           Best trial: 57. Best value: 0.619304:  75%|███████▌  | 113/150 [5:07:19<57:44, 93.62s/it]Best trial: 57. Best value: 0.619304:  75%|███████▌  | 113/150 [5:07:19<57:44, 93.62s/it]Best trial: 57. Best value: 0.619304:  76%|███████▌  | 114/150 [5:07:19<1:01:45, 102.94s/it]                                                                                            Best trial: 57. Best value: 0.619304:  76%|███████▌  | 114/150 [5:08:36<1:01:45, 102.94s/it]Best trial: 57. Best value: 0.619304:  76%|███████▌  | 114/150 [5:08:36<1:01:45, 102.94s/it]Best trial: 57. Best value: 0.619304:  77%|███████▋  | 115/150 [5:08:36<55:26, 95.03s/it]                                                                                            Best trial: 57. Best value: 0.619304:  77%|███████▋  | 115/150 [5:10:05<55:26, 95.03s/it]Best trial: 57. Best value: 0.619304:  77%|███████▋  | 115/150 [5:10:05<55:26, 95.03s/it]Best trial: 57. Best value: 0.619304:  77%|███████▋  | 116/150 [5:10:05<52:50, 93.24s/it]                                                                                         Best trial: 57. Best value: 0.619304:  77%|███████▋  | 116/150 [5:12:34<52:50, 93.24s/it]Best trial: 57. Best value: 0.619304:  77%|███████▋  | 116/150 [5:12:34<52:50, 93.24s/it]Best trial: 57. Best value: 0.619304:  78%|███████▊  | 117/150 [5:12:34<1:00:24, 109.84s/it]                                                                                            Best trial: 57. Best value: 0.619304:  78%|███████▊  | 117/150 [5:15:10<1:00:24, 109.84s/it]Best trial: 57. Best value: 0.619304:  78%|███████▊  | 117/150 [5:15:10<1:00:24, 109.84s/it]Best trial: 57. Best value: 0.619304:  79%|███████▊  | 118/150 [5:15:10<1:06:04, 123.89s/it]                                                                                            Best trial: 57. Best value: 0.619304:  79%|███████▊  | 118/150 [5:17:33<1:06:04, 123.89s/it]Best trial: 57. Best value: 0.619304:  79%|███████▊  | 118/150 [5:17:33<1:06:04, 123.89s/it]Best trial: 57. Best value: 0.619304:  79%|███████▉  | 119/150 [5:17:33<1:06:52, 129.42s/it]                                                                                            Best trial: 57. Best value: 0.619304:  79%|███████▉  | 119/150 [5:20:04<1:06:52, 129.42s/it]Best trial: 57. Best value: 0.619304:  79%|███████▉  | 119/150 [5:20:04<1:06:52, 129.42s/it]Best trial: 57. Best value: 0.619304:  80%|████████  | 120/150 [5:20:04<1:08:00, 136.02s/it]                                                                                            Best trial: 57. Best value: 0.619304:  80%|████████  | 120/150 [5:21:27<1:08:00, 136.02s/it]Best trial: 57. Best value: 0.619304:  80%|████████  | 120/150 [5:21:27<1:08:00, 136.02s/it]Best trial: 57. Best value: 0.619304:  81%|████████  | 121/150 [5:21:27<58:00, 120.02s/it]                                                                                            Best trial: 57. Best value: 0.619304:  81%|████████  | 121/150 [5:24:04<58:00, 120.02s/it]Best trial: 57. Best value: 0.619304:  81%|████████  | 121/150 [5:24:04<58:00, 120.02s/it]Best trial: 57. Best value: 0.619304:  81%|████████▏ | 122/150 [5:24:04<1:01:11, 131.11s/it]                                                                                            Best trial: 57. Best value: 0.619304:  81%|████████▏ | 122/150 [5:26:46<1:01:11, 131.11s/it]Best trial: 57. Best value: 0.619304:  81%|████████▏ | 122/150 [5:26:46<1:01:11, 131.11s/it]Best trial: 57. Best value: 0.619304:  82%|████████▏ | 123/150 [5:26:46<1:03:09, 140.34s/it]                                                                                            Best trial: 57. Best value: 0.619304:  82%|████████▏ | 123/150 [5:29:20<1:03:09, 140.34s/it]Best trial: 57. Best value: 0.619304:  82%|████████▏ | 123/150 [5:29:20<1:03:09, 140.34s/it]Best trial: 57. Best value: 0.619304:  83%|████████▎ | 124/150 [5:29:20<1:02:36, 144.49s/it]                                                                                            Best trial: 57. Best value: 0.619304:  83%|████████▎ | 124/150 [5:32:07<1:02:36, 144.49s/it]Best trial: 57. Best value: 0.619304:  83%|████████▎ | 124/150 [5:32:07<1:02:36, 144.49s/it]Best trial: 57. Best value: 0.619304:  83%|████████▎ | 125/150 [5:32:07<1:03:03, 151.35s/it]Fold 0: All trials completed (trial_149 exists). Skipping...
Fold 1: All trials completed (trial_149 exists). Skipping...
Fold 2: 125 trials completed, running 25 more trials...
[I 2025-01-01 00:49:04,184] Using an existing study with name 'webcam_engagement_classifier' instead of creating a new one.
