[I 2024-12-28 20:19:02,430] Trial 1 finished with value: 0.28187518076391316 and parameters: {'lr': 0.00251441268308337, 'decay': 0.006208542125506934, 'batch_size': 64, 'nheads': 1, 'project_to': 32, 'hidden_size': 64, 'num_layers': 3, 'dropout': 0.6867448981318357, 'aug_choice': 0}. Best is trial 0 with value: 0.4651569752161932.
[I 2024-12-28 20:21:09,385] Trial 2 finished with value: 0.5229890061888663 and parameters: {'lr': 0.007205986268892185, 'decay': 0.0022543935259381077, 'batch_size': 128, 'nheads': 4, 'project_to': 64, 'hidden_size': 32, 'num_layers': 2, 'dropout': 0.34835523786744316, 'aug_choice': 5}. Best is trial 2 with value: 0.5229890061888663.
[I 2024-12-28 20:23:22,562] Trial 3 finished with value: 0.5044462860268324 and parameters: {'lr': 0.00118354324962819, 'decay': 3.706407903072672e-05, 'batch_size': 128, 'nheads': 1, 'project_to': 128, 'hidden_size': 128, 'num_layers': 3, 'dropout': 0.21457854552090275, 'aug_choice': 5}. Best is trial 2 with value: 0.5229890061888663.
[I 2024-12-28 20:24:39,749] Trial 4 finished with value: 0.504056988266668 and parameters: {'lr': 0.00015630436536812412, 'decay': 4.121097328504466e-05, 'batch_size': 64, 'nheads': 4, 'project_to': 64, 'hidden_size': 64, 'num_layers': 1, 'dropout': 0.5983394431015248, 'aug_choice': 4}. Best is trial 2 with value: 0.5229890061888663.
[I 2024-12-28 20:31:39,610] Trial 5 finished with value: 0.4594405580445602 and parameters: {'lr': 2.8141002782057232e-05, 'decay': 0.0004637941218803514, 'batch_size': 64, 'nheads': 1, 'project_to': 128, 'hidden_size': 64, 'num_layers': 3, 'dropout': 0.1266107490650803, 'aug_choice': 3}. Best is trial 2 with value: 0.5229890061888663.
[I 2024-12-28 20:33:17,994] Trial 6 finished with value: 0.43910068937221786 and parameters: {'lr': 0.0004914355654117576, 'decay': 1.1391332053235175e-05, 'batch_size': 128, 'nheads': 2, 'project_to': 64, 'hidden_size': 64, 'num_layers': 1, 'dropout': 0.4957813126300673, 'aug_choice': 5}. Best is trial 2 with value: 0.5229890061888663.
[I 2024-12-28 20:34:26,634] Trial 7 finished with value: 0.449650838761734 and parameters: {'lr': 0.006419759546559077, 'decay': 0.0021731623668337138, 'batch_size': 64, 'nheads': 1, 'project_to': 64, 'hidden_size': 64, 'num_layers': 2, 'dropout': 0.450325173561563, 'aug_choice': 6}. Best is trial 2 with value: 0.5229890061888663.
[I 2024-12-28 20:39:28,318] Trial 8 finished with value: 0.4143125361146963 and parameters: {'lr': 0.0008447089150913704, 'decay': 0.002899949949019474, 'batch_size': 64, 'nheads': 2, 'project_to': 64, 'hidden_size': 128, 'num_layers': 2, 'dropout': 0.32415309925723723, 'aug_choice': 3}. Best is trial 2 with value: 0.5229890061888663.
[I 2024-12-28 20:40:42,998] Trial 9 finished with value: 0.3292224202839479 and parameters: {'lr': 0.0001354043380274484, 'decay': 2.0130221828786424e-05, 'batch_size': 64, 'nheads': 2, 'project_to': 32, 'hidden_size': 128, 'num_layers': 2, 'dropout': 0.10459368368445683, 'aug_choice': 6}. Best is trial 2 with value: 0.5229890061888663.
[I 2024-12-28 20:43:28,866] Trial 10 finished with value: 0.39215855134996913 and parameters: {'lr': 0.008282403012183833, 'decay': 0.0003967206972889078, 'batch_size': 128, 'nheads': 4, 'project_to': 64, 'hidden_size': 32, 'num_layers': 2, 'dropout': 0.3490884849460656, 'aug_choice': 7}. Best is trial 2 with value: 0.5229890061888663.
[I 2024-12-28 20:45:54,716] Trial 11 finished with value: 0.45546019442333296 and parameters: {'lr': 0.002459311276815856, 'decay': 8.246916680823172e-05, 'batch_size': 128, 'nheads': 4, 'project_to': 128, 'hidden_size': 32, 'num_layers': 3, 'dropout': 0.216352307210275, 'aug_choice': 5}. Best is trial 2 with value: 0.5229890061888663.
[I 2024-12-28 20:48:27,180] Trial 12 finished with value: 0.48818943896517547 and parameters: {'lr': 0.002308041016833163, 'decay': 0.0001435713365778383, 'batch_size': 128, 'nheads': 4, 'project_to': 128, 'hidden_size': 32, 'num_layers': 3, 'dropout': 0.2210537999456458, 'aug_choice': 5}. Best is trial 2 with value: 0.5229890061888663.
[I 2024-12-28 20:53:20,439] Trial 13 finished with value: 0.33845775665338185 and parameters: {'lr': 1.0693567324278417e-05, 'decay': 0.0011461211673960735, 'batch_size': 128, 'nheads': 1, 'project_to': 128, 'hidden_size': 32, 'num_layers': 2, 'dropout': 0.2341297967048782, 'aug_choice': 1}. Best is trial 2 with value: 0.5229890061888663.
[I 2024-12-28 20:56:23,958] Trial 14 finished with value: 0.3024210726365961 and parameters: {'lr': 0.004111216856114182, 'decay': 0.00015144820071436322, 'batch_size': 128, 'nheads': 4, 'project_to': 128, 'hidden_size': 128, 'num_layers': 3, 'dropout': 0.43089360993743786, 'aug_choice': 8}. Best is trial 2 with value: 0.5229890061888663.
[I 2024-12-28 20:58:23,824] Trial 15 finished with value: 0.2820203449786863 and parameters: {'lr': 0.001218034056319638, 'decay': 0.007564795185580361, 'batch_size': 128, 'nheads': 1, 'project_to': 64, 'hidden_size': 32, 'num_layers': 2, 'dropout': 0.25572645093553203, 'aug_choice': 2}. Best is trial 2 with value: 0.5229890061888663.
[I 2024-12-28 21:01:13,457] Trial 16 finished with value: 0.4620164375571129 and parameters: {'lr': 0.0002417982143974362, 'decay': 0.0008808692794742457, 'batch_size': 128, 'nheads': 4, 'project_to': 128, 'hidden_size': 128, 'num_layers': 3, 'dropout': 0.5095342347232156, 'aug_choice': 5}. Best is trial 2 with value: 0.5229890061888663.
[I 2024-12-28 21:03:12,283] Trial 17 finished with value: 0.37640725177491074 and parameters: {'lr': 5.4137237447786694e-05, 'decay': 0.00018225657440286221, 'batch_size': 128, 'nheads': 4, 'project_to': 128, 'hidden_size': 128, 'num_layers': 1, 'dropout': 0.16355869036288367, 'aug_choice': 5}. Best is trial 2 with value: 0.5229890061888663.
[I 2024-12-28 21:05:00,252] Trial 18 finished with value: 0.3716930185257957 and parameters: {'lr': 0.008919342520777291, 'decay': 5.154060231019762e-05, 'batch_size': 128, 'nheads': 1, 'project_to': 64, 'hidden_size': 32, 'num_layers': 2, 'dropout': 0.3732912232368101, 'aug_choice': 0}. Best is trial 2 with value: 0.5229890061888663.
[I 2024-12-28 21:08:39,143] Trial 19 finished with value: 0.5149318497106452 and parameters: {'lr': 0.001560734279504663, 'decay': 0.0030708096000592773, 'batch_size': 128, 'nheads': 2, 'project_to': 32, 'hidden_size': 128, 'num_layers': 3, 'dropout': 0.29601162519623564, 'aug_choice': 2}. Best is trial 2 with value: 0.5229890061888663.
[I 2024-12-28 21:11:55,233] Trial 20 finished with value: 0.3564214406083783 and parameters: {'lr': 0.003227661574886203, 'decay': 0.003270204657126027, 'batch_size': 128, 'nheads': 2, 'project_to': 32, 'hidden_size': 32, 'num_layers': 2, 'dropout': 0.2859565545450277, 'aug_choice': 2}. Best is trial 2 with value: 0.5229890061888663.
[I 2024-12-28 21:15:04,205] Trial 21 finished with value: 0.48673769327713856 and parameters: {'lr': 0.001390040547222551, 'decay': 0.0013164186398130107, 'batch_size': 128, 'nheads': 2, 'project_to': 32, 'hidden_size': 128, 'num_layers': 3, 'dropout': 0.17457756055632834, 'aug_choice': 2}. Best is trial 2 with value: 0.5229890061888663.
[I 2024-12-28 21:18:19,261] Trial 22 finished with value: 0.38827265263482597 and parameters: {'lr': 0.00042071151782386727, 'decay': 0.009652890721309319, 'batch_size': 128, 'nheads': 2, 'project_to': 32, 'hidden_size': 128, 'num_layers': 3, 'dropout': 0.411144217725343, 'aug_choice': 1}. Best is trial 2 with value: 0.5229890061888663.
[I 2024-12-28 21:20:37,436] Trial 23 finished with value: 0.3529280505411526 and parameters: {'lr': 0.0015042613928917122, 'decay': 0.00378558882741528, 'batch_size': 128, 'nheads': 2, 'project_to': 32, 'hidden_size': 128, 'num_layers': 3, 'dropout': 0.2929822977493648, 'aug_choice': 8}. Best is trial 2 with value: 0.5229890061888663.
Best trial: 2. Best value: 0.522989:  60%|██████    | 24/40 [1:12:18<45:17, 169.82s/it]Best trial: 2. Best value: 0.522989:  60%|██████    | 24/40 [1:12:18<45:17, 169.82s/it]Best trial: 2. Best value: 0.522989:  62%|██████▎   | 25/40 [1:12:18<42:45, 171.04s/it]                                                                                       Best trial: 2. Best value: 0.522989:  62%|██████▎   | 25/40 [1:13:49<42:45, 171.04s/it]Best trial: 2. Best value: 0.522989:  62%|██████▎   | 25/40 [1:13:49<42:45, 171.04s/it]Best trial: 2. Best value: 0.522989:  65%|██████▌   | 26/40 [1:13:49<34:21, 147.23s/it]                                                                                       Best trial: 2. Best value: 0.522989:  65%|██████▌   | 26/40 [1:16:03<34:21, 147.23s/it]Best trial: 2. Best value: 0.522989:  65%|██████▌   | 26/40 [1:16:03<34:21, 147.23s/it]Best trial: 2. Best value: 0.522989:  68%|██████▊   | 27/40 [1:16:03<30:58, 142.98s/it]                                                                                       Best trial: 2. Best value: 0.522989:  68%|██████▊   | 27/40 [1:18:11<30:58, 142.98s/it]Best trial: 2. Best value: 0.522989:  68%|██████▊   | 27/40 [1:18:11<30:58, 142.98s/it]Best trial: 2. Best value: 0.522989:  70%|███████   | 28/40 [1:18:11<27:43, 138.66s/it]                                                                                       Best trial: 2. Best value: 0.522989:  70%|███████   | 28/40 [1:20:08<27:43, 138.66s/it]Best trial: 2. Best value: 0.522989:  70%|███████   | 28/40 [1:20:08<27:43, 138.66s/it]Best trial: 2. Best value: 0.522989:  72%|███████▎  | 29/40 [1:20:08<24:12, 132.08s/it]                                                                                       Best trial: 2. Best value: 0.522989:  72%|███████▎  | 29/40 [1:22:08<24:12, 132.08s/it]Best trial: 2. Best value: 0.522989:  72%|███████▎  | 29/40 [1:22:08<24:12, 132.08s/it]Best trial: 2. Best value: 0.522989:  75%|███████▌  | 30/40 [1:22:08<21:24, 128.50s/it]                                                                                       Best trial: 2. Best value: 0.522989:  75%|███████▌  | 30/40 [1:23:55<21:24, 128.50s/it]Best trial: 2. Best value: 0.522989:  75%|███████▌  | 30/40 [1:23:55<21:24, 128.50s/it]Best trial: 2. Best value: 0.522989:  78%|███████▊  | 31/40 [1:23:55<18:17, 121.99s/it]                                                                                       Best trial: 2. Best value: 0.522989:  78%|███████▊  | 31/40 [1:26:21<18:17, 121.99s/it]Best trial: 2. Best value: 0.522989:  78%|███████▊  | 31/40 [1:26:21<18:17, 121.99s/it]Best trial: 2. Best value: 0.522989:  80%|████████  | 32/40 [1:26:21<17:14, 129.32s/it]                                                                                       Best trial: 2. Best value: 0.522989:  80%|████████  | 32/40 [1:28:36<17:14, 129.32s/it]Best trial: 2. Best value: 0.522989:  80%|████████  | 32/40 [1:28:36<17:14, 129.32s/it]Best trial: 2. Best value: 0.522989:  82%|████████▎ | 33/40 [1:28:36<15:17, 131.09s/it]                                                                                       Best trial: 2. Best value: 0.522989:  82%|████████▎ | 33/40 [1:30:29<15:17, 131.09s/it]Best trial: 2. Best value: 0.522989:  82%|████████▎ | 33/40 [1:30:29<15:17, 131.09s/it]Best trial: 2. Best value: 0.522989:  85%|████████▌ | 34/40 [1:30:29<12:33, 125.55s/it]                                                                                       Best trial: 2. Best value: 0.522989:  85%|████████▌ | 34/40 [1:32:51<12:33, 125.55s/it]Best trial: 2. Best value: 0.522989:  85%|████████▌ | 34/40 [1:32:51<12:33, 125.55s/it]Best trial: 2. Best value: 0.522989:  88%|████████▊ | 35/40 [1:32:51<10:51, 130.34s/it]                                                                                       Best trial: 2. Best value: 0.522989:  88%|████████▊ | 35/40 [1:34:07<10:51, 130.34s/it]Best trial: 2. Best value: 0.522989:  88%|████████▊ | 35/40 [1:34:07<10:51, 130.34s/it]Best trial: 2. Best value: 0.522989:  90%|█████████ | 36/40 [1:34:07<07:36, 114.25s/it]                                                                                       Best trial: 2. Best value: 0.522989:  90%|█████████ | 36/40 [1:40:57<07:36, 114.25s/it]Best trial: 2. Best value: 0.522989:  90%|█████████ | 36/40 [1:40:57<07:36, 114.25s/it]Best trial: 2. Best value: 0.522989:  92%|█████████▎| 37/40 [1:40:57<10:08, 202.87s/it]                                                                                       Best trial: 2. Best value: 0.522989:  92%|█████████▎| 37/40 [1:42:45<10:08, 202.87s/it]Best trial: 2. Best value: 0.522989:  92%|█████████▎| 37/40 [1:42:45<10:08, 202.87s/it]Best trial: 2. Best value: 0.522989:  95%|█████████▌| 38/40 [1:42:45<05:49, 174.54s/it]                                                                                       Best trial: 2. Best value: 0.522989:  95%|█████████▌| 38/40 [1:44:04<05:49, 174.54s/it]Best trial: 2. Best value: 0.522989:  95%|█████████▌| 38/40 [1:44:04<05:49, 174.54s/it]Best trial: 2. Best value: 0.522989:  98%|█████████▊| 39/40 [1:44:04<02:25, 145.67s/it]                                                                                       Best trial: 2. Best value: 0.522989:  98%|█████████▊| 39/40 [1:45:22<02:25, 145.67s/it]Best trial: 2. Best value: 0.522989:  98%|█████████▊| 39/40 [1:45:22<02:25, 145.67s/it]Best trial: 2. Best value: 0.522989: 100%|██████████| 40/40 [1:45:22<00:00, 125.50s/it]Best trial: 2. Best value: 0.522989: 100%|██████████| 40/40 [1:45:22<00:00, 158.07s/it]
[I 2024-12-28 21:23:31,320] Trial 24 finished with value: 0.45404374033901734 and parameters: {'lr': 0.005220737587335612, 'decay': 0.000868172020404111, 'batch_size': 128, 'nheads': 4, 'project_to': 32, 'hidden_size': 128, 'num_layers': 2, 'dropout': 0.38542013529537655, 'aug_choice': 7}. Best is trial 2 with value: 0.5229890061888663.
[I 2024-12-28 21:25:02,993] Trial 25 finished with value: 0.35382672762065964 and parameters: {'lr': 0.0006503404259030339, 'decay': 0.0017404659484934967, 'batch_size': 128, 'nheads': 1, 'project_to': 128, 'hidden_size': 128, 'num_layers': 3, 'dropout': 0.17322984651880022, 'aug_choice': 4}. Best is trial 2 with value: 0.5229890061888663.
[I 2024-12-28 21:27:16,060] Trial 26 finished with value: 0.5041277649462591 and parameters: {'lr': 0.0013982298947332495, 'decay': 0.0005860203116763726, 'batch_size': 128, 'nheads': 2, 'project_to': 64, 'hidden_size': 32, 'num_layers': 3, 'dropout': 0.2634793554430015, 'aug_choice': 2}. Best is trial 2 with value: 0.5229890061888663.
[I 2024-12-28 21:29:24,647] Trial 27 finished with value: 0.4896599592029422 and parameters: {'lr': 0.00029413095126484823, 'decay': 0.0002230583062130445, 'batch_size': 128, 'nheads': 4, 'project_to': 32, 'hidden_size': 128, 'num_layers': 2, 'dropout': 0.3446233440594826, 'aug_choice': 5}. Best is trial 2 with value: 0.5229890061888663.
[I 2024-12-28 21:31:21,358] Trial 28 finished with value: 0.4222374444685401 and parameters: {'lr': 0.004678368013459881, 'decay': 0.005054913149196928, 'batch_size': 128, 'nheads': 1, 'project_to': 64, 'hidden_size': 128, 'num_layers': 3, 'dropout': 0.4856869440421778, 'aug_choice': 5}. Best is trial 2 with value: 0.5229890061888663.
[I 2024-12-28 21:33:21,505] Trial 29 finished with value: 0.3669339317853311 and parameters: {'lr': 0.0008775240085536422, 'decay': 3.1314945978712686e-05, 'batch_size': 128, 'nheads': 2, 'project_to': 128, 'hidden_size': 32, 'num_layers': 1, 'dropout': 0.30982918759005185, 'aug_choice': 2}. Best is trial 2 with value: 0.5229890061888663.
[I 2024-12-28 21:35:08,325] Trial 30 finished with value: 0.48676006226492896 and parameters: {'lr': 0.0017030071240399709, 'decay': 9.075069246266e-05, 'batch_size': 128, 'nheads': 1, 'project_to': 32, 'hidden_size': 128, 'num_layers': 2, 'dropout': 0.5686536230525183, 'aug_choice': 5}. Best is trial 2 with value: 0.5229890061888663.
[I 2024-12-28 21:37:34,747] Trial 31 finished with value: 0.45906327250539747 and parameters: {'lr': 0.0010413615019334954, 'decay': 0.0006772839211109928, 'batch_size': 128, 'nheads': 2, 'project_to': 64, 'hidden_size': 32, 'num_layers': 3, 'dropout': 0.24778821368796766, 'aug_choice': 2}. Best is trial 2 with value: 0.5229890061888663.
[I 2024-12-28 21:39:49,947] Trial 32 finished with value: 0.45114453842345853 and parameters: {'lr': 0.003137691405434079, 'decay': 0.0005455931230698102, 'batch_size': 128, 'nheads': 2, 'project_to': 64, 'hidden_size': 32, 'num_layers': 3, 'dropout': 0.2683572814992928, 'aug_choice': 2}. Best is trial 2 with value: 0.5229890061888663.
[I 2024-12-28 21:41:42,577] Trial 33 finished with value: 0.366544927398187 and parameters: {'lr': 0.0018595988957298465, 'decay': 0.001723154329713518, 'batch_size': 128, 'nheads': 2, 'project_to': 64, 'hidden_size': 32, 'num_layers': 3, 'dropout': 0.19751747504659115, 'aug_choice': 0}. Best is trial 2 with value: 0.5229890061888663.
[I 2024-12-28 21:44:04,098] Trial 34 finished with value: 0.36167987781668914 and parameters: {'lr': 0.000490062835576773, 'decay': 0.00028530588455143104, 'batch_size': 64, 'nheads': 2, 'project_to': 64, 'hidden_size': 64, 'num_layers': 3, 'dropout': 0.32745056011028645, 'aug_choice': 2}. Best is trial 2 with value: 0.5229890061888663.
[I 2024-12-28 21:45:20,789] Trial 35 finished with value: 0.38698215859673585 and parameters: {'lr': 0.0002101273192544192, 'decay': 0.0028838703828573684, 'batch_size': 128, 'nheads': 1, 'project_to': 64, 'hidden_size': 32, 'num_layers': 3, 'dropout': 0.6843212095264477, 'aug_choice': 4}. Best is trial 2 with value: 0.5229890061888663.
[I 2024-12-28 21:52:10,424] Trial 36 finished with value: 0.37616163322978924 and parameters: {'lr': 7.95385036038733e-05, 'decay': 0.005051141041556872, 'batch_size': 64, 'nheads': 2, 'project_to': 64, 'hidden_size': 64, 'num_layers': 3, 'dropout': 0.12905340481614558, 'aug_choice': 3}. Best is trial 2 with value: 0.5229890061888663.
[I 2024-12-28 21:53:58,879] Trial 37 finished with value: 0.5211926780730616 and parameters: {'lr': 0.0006745599447240978, 'decay': 1.2287699337978604e-05, 'batch_size': 128, 'nheads': 4, 'project_to': 32, 'hidden_size': 32, 'num_layers': 1, 'dropout': 0.28159600528595236, 'aug_choice': 6}. Best is trial 2 with value: 0.5229890061888663.
[I 2024-12-28 21:55:17,198] Trial 38 finished with value: 0.3400249926408323 and parameters: {'lr': 0.000740742317154321, 'decay': 1.1535474517288442e-05, 'batch_size': 64, 'nheads': 4, 'project_to': 32, 'hidden_size': 64, 'num_layers': 1, 'dropout': 0.3652159750208036, 'aug_choice': 6}. Best is trial 2 with value: 0.5229890061888663.
[I 2024-12-28 21:56:35,634] Trial 39 finished with value: 0.37735278618598744 and parameters: {'lr': 0.0003730565081119151, 'decay': 2.2215971169632042e-05, 'batch_size': 128, 'nheads': 4, 'project_to': 32, 'hidden_size': 128, 'num_layers': 1, 'dropout': 0.3235786449731912, 'aug_choice': 6}. Best is trial 2 with value: 0.5229890061888663.

Optimization finished!
Best macro F1: 0.5230
Best hyperparameters:
    lr: 0.007205986268892185
    decay: 0.0022543935259381077
    batch_size: 128
    nheads: 4
    project_to: 64
    hidden_size: 32
    num_layers: 2
    dropout: 0.34835523786744316
    aug_choice: 5
Fold 1: 0 trials completed, running 40 more trials...
[I 2024-12-28 21:56:37,896] A new study created in RDB with name: webcam_engagement_classifier
