Best trial: 13. Best value: 0.57801:  59%|█████▊    | 88/150 [4:05:00<2:31:46, 146.88s/it]Best trial: 13. Best value: 0.57801:  59%|█████▊    | 88/150 [4:05:00<2:31:46, 146.88s/it]Best trial: 13. Best value: 0.57801:  59%|█████▉    | 89/150 [4:05:00<2:24:31, 142.16s/it]                                                                                          Best trial: 13. Best value: 0.57801:  59%|█████▉    | 89/150 [4:06:52<2:24:31, 142.16s/it]Best trial: 13. Best value: 0.57801:  59%|█████▉    | 89/150 [4:06:52<2:24:31, 142.16s/it]Best trial: 13. Best value: 0.57801:  60%|██████    | 90/150 [4:06:52<2:13:03, 133.05s/it]                                                                                          Best trial: 13. Best value: 0.57801:  60%|██████    | 90/150 [4:12:12<2:13:03, 133.05s/it]Best trial: 13. Best value: 0.57801:  60%|██████    | 90/150 [4:12:12<2:13:03, 133.05s/it]Best trial: 13. Best value: 0.57801:  61%|██████    | 91/150 [4:12:12<3:06:09, 189.31s/it]                                                                                          Best trial: 13. Best value: 0.57801:  61%|██████    | 91/150 [4:15:03<3:06:09, 189.31s/it]Best trial: 13. Best value: 0.57801:  61%|██████    | 91/150 [4:15:03<3:06:09, 189.31s/it]Best trial: 13. Best value: 0.57801:  61%|██████▏   | 92/150 [4:15:03<2:57:44, 183.87s/it]                                                                                          Best trial: 13. Best value: 0.57801:  61%|██████▏   | 92/150 [4:17:15<2:57:44, 183.87s/it]Best trial: 13. Best value: 0.57801:  61%|██████▏   | 92/150 [4:17:15<2:57:44, 183.87s/it]Best trial: 13. Best value: 0.57801:  62%|██████▏   | 93/150 [4:17:15<2:39:54, 168.33s/it]                                                                                          Best trial: 13. Best value: 0.57801:  62%|██████▏   | 93/150 [4:18:39<2:39:54, 168.33s/it]Best trial: 13. Best value: 0.57801:  62%|██████▏   | 93/150 [4:18:39<2:39:54, 168.33s/it]Best trial: 13. Best value: 0.57801:  63%|██████▎   | 94/150 [4:18:39<2:13:18, 142.83s/it]                                                                                          Best trial: 13. Best value: 0.57801:  63%|██████▎   | 94/150 [4:20:04<2:13:18, 142.83s/it]Best trial: 13. Best value: 0.57801:  63%|██████▎   | 94/150 [4:20:04<2:13:18, 142.83s/it]Best trial: 13. Best value: 0.57801:  63%|██████▎   | 95/150 [4:20:04<1:55:01, 125.47s/it]                                                                                          Best trial: 13. Best value: 0.57801:  63%|██████▎   | 95/150 [4:21:23<1:55:01, 125.47s/it]Best trial: 13. Best value: 0.57801:  63%|██████▎   | 95/150 [4:21:23<1:55:01, 125.47s/it]Best trial: 13. Best value: 0.57801:  64%|██████▍   | 96/150 [4:21:23<1:40:25, 111.59s/it]                                                                                          Best trial: 13. Best value: 0.57801:  64%|██████▍   | 96/150 [4:22:52<1:40:25, 111.59s/it]Best trial: 13. Best value: 0.57801:  64%|██████▍   | 96/150 [4:22:52<1:40:25, 111.59s/it]Best trial: 13. Best value: 0.57801:  65%|██████▍   | 97/150 [4:22:52<1:32:40, 104.91s/it]                                                                                          Best trial: 13. Best value: 0.57801:  65%|██████▍   | 97/150 [4:26:19<1:32:40, 104.91s/it]Best trial: 13. Best value: 0.57801:  65%|██████▍   | 97/150 [4:26:19<1:32:40, 104.91s/it]Best trial: 13. Best value: 0.57801:  65%|██████▌   | 98/150 [4:26:19<1:57:24, 135.48s/it]                                                                                          Best trial: 13. Best value: 0.57801:  65%|██████▌   | 98/150 [4:28:21<1:57:24, 135.48s/it]Best trial: 13. Best value: 0.57801:  65%|██████▌   | 98/150 [4:28:21<1:57:24, 135.48s/it]Best trial: 13. Best value: 0.57801:  66%|██████▌   | 99/150 [4:28:21<1:51:44, 131.45s/it]                                                                                          Best trial: 13. Best value: 0.57801:  66%|██████▌   | 99/150 [4:29:39<1:51:44, 131.45s/it]Best trial: 13. Best value: 0.57801:  66%|██████▌   | 99/150 [4:29:39<1:51:44, 131.45s/it]Best trial: 13. Best value: 0.57801:  67%|██████▋   | 100/150 [4:29:39<1:36:12, 115.45s/it]                                                                                           Best trial: 13. Best value: 0.57801:  67%|██████▋   | 100/150 [4:30:56<1:36:12, 115.45s/it]Best trial: 13. Best value: 0.57801:  67%|██████▋   | 100/150 [4:30:56<1:36:12, 115.45s/it]Best trial: 13. Best value: 0.57801:  67%|██████▋   | 101/150 [4:30:56<1:24:46, 103.81s/it]                                                                                           Best trial: 13. Best value: 0.57801:  67%|██████▋   | 101/150 [4:32:23<1:24:46, 103.81s/it]Best trial: 13. Best value: 0.57801:  67%|██████▋   | 101/150 [4:32:23<1:24:46, 103.81s/it]Best trial: 13. Best value: 0.57801:  68%|██████▊   | 102/150 [4:32:23<1:18:57, 98.70s/it]                                                                                           Best trial: 13. Best value: 0.57801:  68%|██████▊   | 102/150 [4:34:02<1:18:57, 98.70s/it]Best trial: 13. Best value: 0.57801:  68%|██████▊   | 102/150 [4:34:02<1:18:57, 98.70s/it]Best trial: 13. Best value: 0.57801:  69%|██████▊   | 103/150 [4:34:02<1:17:34, 99.04s/it]                                                                                          Best trial: 13. Best value: 0.57801:  69%|██████▊   | 103/150 [4:35:23<1:17:34, 99.04s/it]Best trial: 103. Best value: 0.581967:  69%|██████▊   | 103/150 [4:35:23<1:17:34, 99.04s/it]Best trial: 103. Best value: 0.581967:  69%|██████▉   | 104/150 [4:35:23<1:11:42, 93.53s/it]                                                                                            Best trial: 103. Best value: 0.581967:  69%|██████▉   | 104/150 [4:36:56<1:11:42, 93.53s/it]Best trial: 103. Best value: 0.581967:  69%|██████▉   | 104/150 [4:36:56<1:11:42, 93.53s/it]Best trial: 103. Best value: 0.581967:  70%|███████   | 105/150 [4:36:56<1:10:00, 93.35s/it]                                                                                            Best trial: 103. Best value: 0.581967:  70%|███████   | 105/150 [4:38:26<1:10:00, 93.35s/it]Best trial: 103. Best value: 0.581967:  70%|███████   | 105/150 [4:38:26<1:10:00, 93.35s/it]Best trial: 103. Best value: 0.581967:  71%|███████   | 106/150 [4:38:26<1:07:37, 92.22s/it]                                                                                            Best trial: 103. Best value: 0.581967:  71%|███████   | 106/150 [4:39:45<1:07:37, 92.22s/it]Best trial: 103. Best value: 0.581967:  71%|███████   | 106/150 [4:39:45<1:07:37, 92.22s/it]Best trial: 103. Best value: 0.581967:  71%|███████▏  | 107/150 [4:39:45<1:03:22, 88.43s/it]                                                                                            Best trial: 103. Best value: 0.581967:  71%|███████▏  | 107/150 [4:41:13<1:03:22, 88.43s/it]Best trial: 103. Best value: 0.581967:  71%|███████▏  | 107/150 [4:41:13<1:03:22, 88.43s/it]Best trial: 103. Best value: 0.581967:  72%|███████▏  | 108/150 [4:41:13<1:01:50, 88.34s/it]                                                                                            Best trial: 103. Best value: 0.581967:  72%|███████▏  | 108/150 [4:42:34<1:01:50, 88.34s/it]Best trial: 103. Best value: 0.581967:  72%|███████▏  | 108/150 [4:42:34<1:01:50, 88.34s/it]Best trial: 103. Best value: 0.581967:  73%|███████▎  | 109/150 [4:42:34<58:49, 86.09s/it]                                                                                            Best trial: 103. Best value: 0.581967:  73%|███████▎  | 109/150 [4:44:04<58:49, 86.09s/it]Best trial: 103. Best value: 0.581967:  73%|███████▎  | 109/150 [4:44:04<58:49, 86.09s/it]Best trial: 103. Best value: 0.581967:  73%|███████▎  | 110/150 [4:44:04<58:04, 87.12s/it]                                                                                          [I 2024-12-29 17:34:50,314] Trial 88 finished with value: 0.5138774616900074 and parameters: {'lr': 0.009447484342827507, 'decay': 0.0014599718795369231, 'batch_size': 64, 'nheads': 1, 'project_to': 128, 'hidden_size': 64, 'num_layers': 2, 'dropout': 0.22380723102636296, 'alpha': 0.6465001492102329, 'aug_choice': 2}. Best is trial 13 with value: 0.5780103030910341.
[I 2024-12-29 17:36:42,125] Trial 89 finished with value: 0.4528388282973123 and parameters: {'lr': 0.00022383327331856282, 'decay': 0.0019066243243886715, 'batch_size': 128, 'nheads': 1, 'project_to': 128, 'hidden_size': 64, 'num_layers': 2, 'dropout': 0.47867313886931806, 'alpha': 0.7088854002232767, 'aug_choice': 2}. Best is trial 13 with value: 0.5780103030910341.
[I 2024-12-29 17:42:02,703] Trial 90 finished with value: 0.4797048300005152 and parameters: {'lr': 0.0018828048980580351, 'decay': 0.0007818250955508514, 'batch_size': 64, 'nheads': 1, 'project_to': 128, 'hidden_size': 128, 'num_layers': 2, 'dropout': 0.20283145043668543, 'alpha': 0.5180584578801771, 'aug_choice': 3}. Best is trial 13 with value: 0.5780103030910341.
[I 2024-12-29 17:44:53,865] Trial 91 finished with value: 0.5114184809097732 and parameters: {'lr': 0.005125010825097746, 'decay': 0.0010782924994564825, 'batch_size': 64, 'nheads': 2, 'project_to': 128, 'hidden_size': 64, 'num_layers': 2, 'dropout': 0.11445041176599709, 'alpha': 0.39782753790192427, 'aug_choice': 7}. Best is trial 13 with value: 0.5780103030910341.
[I 2024-12-29 17:47:05,952] Trial 92 finished with value: 0.49979235178215664 and parameters: {'lr': 0.003992799720403302, 'decay': 0.0012139624231784012, 'batch_size': 64, 'nheads': 1, 'project_to': 64, 'hidden_size': 32, 'num_layers': 2, 'dropout': 0.10674301558320147, 'alpha': 0.7852772464987793, 'aug_choice': 2}. Best is trial 13 with value: 0.5780103030910341.
[I 2024-12-29 17:48:29,261] Trial 93 finished with value: 0.5498243659499804 and parameters: {'lr': 0.006215806189787073, 'decay': 0.0004194701234414338, 'batch_size': 64, 'nheads': 1, 'project_to': 32, 'hidden_size': 32, 'num_layers': 2, 'dropout': 0.1364972504715501, 'alpha': 1.209274159329697, 'aug_choice': 6}. Best is trial 13 with value: 0.5780103030910341.
[I 2024-12-29 17:49:54,246] Trial 94 finished with value: 0.4938404875315815 and parameters: {'lr': 0.006097553360250062, 'decay': 0.00020736598896248343, 'batch_size': 64, 'nheads': 1, 'project_to': 128, 'hidden_size': 32, 'num_layers': 2, 'dropout': 0.13184057660811288, 'alpha': 1.20981461969483, 'aug_choice': 6}. Best is trial 13 with value: 0.5780103030910341.
[I 2024-12-29 17:51:13,438] Trial 95 finished with value: 0.4998652028600658 and parameters: {'lr': 0.008678861916644345, 'decay': 0.00010361733948644841, 'batch_size': 64, 'nheads': 1, 'project_to': 32, 'hidden_size': 64, 'num_layers': 2, 'dropout': 0.15307975635792054, 'alpha': 1.4247691191886738, 'aug_choice': 6}. Best is trial 13 with value: 0.5780103030910341.
[I 2024-12-29 17:52:42,762] Trial 96 finished with value: 0.49687042567855094 and parameters: {'lr': 0.007168642489966609, 'decay': 0.00041891624391403374, 'batch_size': 64, 'nheads': 1, 'project_to': 128, 'hidden_size': 128, 'num_layers': 2, 'dropout': 0.13792727524515064, 'alpha': 1.1958771172569347, 'aug_choice': 6}. Best is trial 13 with value: 0.5780103030910341.
[I 2024-12-29 17:56:09,560] Trial 97 finished with value: 0.47016041068713416 and parameters: {'lr': 0.009963858630973313, 'decay': 0.0021748583027495745, 'batch_size': 64, 'nheads': 1, 'project_to': 128, 'hidden_size': 32, 'num_layers': 2, 'dropout': 0.17682395645679527, 'alpha': 1.2593117071582962, 'aug_choice': 1}. Best is trial 13 with value: 0.5780103030910341.
[I 2024-12-29 17:58:11,631] Trial 98 finished with value: 0.45818921050774275 and parameters: {'lr': 0.0029911912926883183, 'decay': 0.0008482044827566248, 'batch_size': 128, 'nheads': 1, 'project_to': 32, 'hidden_size': 32, 'num_layers': 2, 'dropout': 0.18710406793050643, 'alpha': 1.1506178364681137, 'aug_choice': 8}. Best is trial 13 with value: 0.5780103030910341.
[I 2024-12-29 17:59:29,751] Trial 99 finished with value: 0.5464482182662337 and parameters: {'lr': 0.0036251822106413796, 'decay': 0.0015946395327205022, 'batch_size': 64, 'nheads': 4, 'project_to': 128, 'hidden_size': 64, 'num_layers': 2, 'dropout': 0.1659031493439391, 'alpha': 1.3310365211319641, 'aug_choice': 6}. Best is trial 13 with value: 0.5780103030910341.
[I 2024-12-29 18:00:46,380] Trial 100 finished with value: 0.4764766578040679 and parameters: {'lr': 0.0014700951927205407, 'decay': 0.0014728933099722099, 'batch_size': 64, 'nheads': 4, 'project_to': 128, 'hidden_size': 64, 'num_layers': 2, 'dropout': 0.10014801321147744, 'alpha': 1.3743882212144305, 'aug_choice': 6}. Best is trial 13 with value: 0.5780103030910341.
[I 2024-12-29 18:02:13,162] Trial 101 finished with value: 0.5613579083868617 and parameters: {'lr': 0.0024142287590447876, 'decay': 0.0018514503034295455, 'batch_size': 64, 'nheads': 4, 'project_to': 128, 'hidden_size': 64, 'num_layers': 2, 'dropout': 0.15789542392312889, 'alpha': 1.3217372457593273, 'aug_choice': 6}. Best is trial 13 with value: 0.5780103030910341.
[I 2024-12-29 18:03:52,981] Trial 102 finished with value: 0.5265056893070496 and parameters: {'lr': 0.0023692016864545434, 'decay': 0.0017108765149781479, 'batch_size': 64, 'nheads': 4, 'project_to': 128, 'hidden_size': 64, 'num_layers': 2, 'dropout': 0.12360011952470251, 'alpha': 1.3206767227175515, 'aug_choice': 6}. Best is trial 13 with value: 0.5780103030910341.
[I 2024-12-29 18:05:13,677] Trial 103 finished with value: 0.5819666157646056 and parameters: {'lr': 0.0033507037657773474, 'decay': 0.00287356565695494, 'batch_size': 64, 'nheads': 4, 'project_to': 128, 'hidden_size': 64, 'num_layers': 2, 'dropout': 0.16528988519711316, 'alpha': 1.2956173217177007, 'aug_choice': 6}. Best is trial 103 with value: 0.5819666157646056.
[I 2024-12-29 18:06:46,587] Trial 104 finished with value: 0.540519795051707 and parameters: {'lr': 0.0036886105765778342, 'decay': 0.00123617710448672, 'batch_size': 64, 'nheads': 4, 'project_to': 128, 'hidden_size': 64, 'num_layers': 2, 'dropout': 0.14531528916707445, 'alpha': 1.392463158838856, 'aug_choice': 6}. Best is trial 103 with value: 0.5819666157646056.
[I 2024-12-29 18:08:16,177] Trial 105 finished with value: 0.5579042482099968 and parameters: {'lr': 0.0038005124089093892, 'decay': 0.0006651610251266228, 'batch_size': 64, 'nheads': 4, 'project_to': 128, 'hidden_size': 64, 'num_layers': 2, 'dropout': 0.14456394731436917, 'alpha': 1.397082928729947, 'aug_choice': 6}. Best is trial 103 with value: 0.5819666157646056.
[I 2024-12-29 18:09:35,771] Trial 106 finished with value: 0.5114780261523689 and parameters: {'lr': 0.0021007594272269446, 'decay': 0.0006831297697662579, 'batch_size': 64, 'nheads': 4, 'project_to': 32, 'hidden_size': 64, 'num_layers': 2, 'dropout': 0.1703027821894308, 'alpha': 1.4063125632197273, 'aug_choice': 6}. Best is trial 103 with value: 0.5819666157646056.
[I 2024-12-29 18:11:03,912] Trial 107 finished with value: 0.5207518326112164 and parameters: {'lr': 0.0037588569304421453, 'decay': 0.0005578203804622371, 'batch_size': 64, 'nheads': 4, 'project_to': 128, 'hidden_size': 64, 'num_layers': 2, 'dropout': 0.14565564420808114, 'alpha': 1.4665964463693004, 'aug_choice': 6}. Best is trial 103 with value: 0.5819666157646056.
[I 2024-12-29 18:12:24,757] Trial 108 finished with value: 0.5269498432695923 and parameters: {'lr': 0.0011944173765488693, 'decay': 0.00040736253607976915, 'batch_size': 64, 'nheads': 4, 'project_to': 64, 'hidden_size': 64, 'num_layers': 2, 'dropout': 0.18991039239282337, 'alpha': 1.3884254183459903, 'aug_choice': 6}. Best is trial 103 with value: 0.5819666157646056.
[I 2024-12-29 18:13:54,254] Trial 109 finished with value: 0.556929512439592 and parameters: {'lr': 0.002655731103152154, 'decay': 0.0003259518421547353, 'batch_size': 128, 'nheads': 4, 'project_to': 32, 'hidden_size': 64, 'num_layers': 2, 'dropout': 0.13548026703065835, 'alpha': 1.3381209849957811, 'aug_choice': 6}. Best is trial 103 with value: 0.5819666157646056.
