Best trial: 5. Best value: 0.55458:  15%|█▍        | 22/150 [1:10:29<6:19:52, 178.07s/it]Best trial: 5. Best value: 0.55458:  15%|█▍        | 22/150 [1:10:29<6:19:52, 178.07s/it]Best trial: 5. Best value: 0.55458:  15%|█▌        | 23/150 [1:10:29<5:59:40, 169.92s/it]                                                                                         Best trial: 5. Best value: 0.55458:  15%|█▌        | 23/150 [1:14:37<5:59:40, 169.92s/it]Best trial: 5. Best value: 0.55458:  15%|█▌        | 23/150 [1:14:37<5:59:40, 169.92s/it]Best trial: 5. Best value: 0.55458:  16%|█▌        | 24/150 [1:14:37<6:46:31, 193.59s/it]                                                                                         Best trial: 5. Best value: 0.55458:  16%|█▌        | 24/150 [1:17:31<6:46:31, 193.59s/it]Best trial: 5. Best value: 0.55458:  16%|█▌        | 24/150 [1:17:31<6:46:31, 193.59s/it]Best trial: 5. Best value: 0.55458:  17%|█▋        | 25/150 [1:17:31<6:30:47, 187.58s/it]                                                                                         Best trial: 5. Best value: 0.55458:  17%|█▋        | 25/150 [1:19:20<6:30:47, 187.58s/it]Best trial: 5. Best value: 0.55458:  17%|█▋        | 25/150 [1:19:20<6:30:47, 187.58s/it]Best trial: 5. Best value: 0.55458:  17%|█▋        | 26/150 [1:19:20<5:38:45, 163.92s/it]                                                                                         Best trial: 5. Best value: 0.55458:  17%|█▋        | 26/150 [1:23:18<5:38:45, 163.92s/it]Best trial: 5. Best value: 0.55458:  17%|█▋        | 26/150 [1:23:18<5:38:45, 163.92s/it]Best trial: 5. Best value: 0.55458:  18%|█▊        | 27/150 [1:23:18<6:21:39, 186.17s/it]                                                                                         Best trial: 5. Best value: 0.55458:  18%|█▊        | 27/150 [1:27:21<6:21:39, 186.17s/it]Best trial: 5. Best value: 0.55458:  18%|█▊        | 27/150 [1:27:21<6:21:39, 186.17s/it]Best trial: 5. Best value: 0.55458:  19%|█▊        | 28/150 [1:27:21<6:53:19, 203.28s/it]                                                                                         Best trial: 5. Best value: 0.55458:  19%|█▊        | 28/150 [1:29:55<6:53:19, 203.28s/it]Best trial: 5. Best value: 0.55458:  19%|█▊        | 28/150 [1:29:55<6:53:19, 203.28s/it]Best trial: 5. Best value: 0.55458:  19%|█▉        | 29/150 [1:29:55<6:20:19, 188.59s/it]                                                                                         Best trial: 5. Best value: 0.55458:  19%|█▉        | 29/150 [1:31:55<6:20:19, 188.59s/it]Best trial: 5. Best value: 0.55458:  19%|█▉        | 29/150 [1:31:55<6:20:19, 188.59s/it]Best trial: 5. Best value: 0.55458:  20%|██        | 30/150 [1:31:55<5:35:39, 167.83s/it]                                                                                         Best trial: 5. Best value: 0.55458:  20%|██        | 30/150 [1:35:54<5:35:39, 167.83s/it]Best trial: 5. Best value: 0.55458:  20%|██        | 30/150 [1:35:54<5:35:39, 167.83s/it]Best trial: 5. Best value: 0.55458:  21%|██        | 31/150 [1:35:54<6:15:28, 189.32s/it]                                                                                         Best trial: 5. Best value: 0.55458:  21%|██        | 31/150 [1:38:59<6:15:28, 189.32s/it]Best trial: 31. Best value: 0.566641:  21%|██        | 31/150 [1:38:59<6:15:28, 189.32s/it]Best trial: 31. Best value: 0.566641:  21%|██▏       | 32/150 [1:38:59<6:09:43, 188.00s/it]                                                                                           Best trial: 31. Best value: 0.566641:  21%|██▏       | 32/150 [1:41:06<6:09:43, 188.00s/it]Best trial: 31. Best value: 0.566641:  21%|██▏       | 32/150 [1:41:06<6:09:43, 188.00s/it]Best trial: 31. Best value: 0.566641:  22%|██▏       | 33/150 [1:41:06<5:30:57, 169.72s/it]                                                                                           Best trial: 31. Best value: 0.566641:  22%|██▏       | 33/150 [1:43:58<5:30:57, 169.72s/it]Best trial: 33. Best value: 0.572853:  22%|██▏       | 33/150 [1:43:58<5:30:57, 169.72s/it]Best trial: 33. Best value: 0.572853:  23%|██▎       | 34/150 [1:43:58<5:29:21, 170.35s/it]                                                                                           Best trial: 33. Best value: 0.572853:  23%|██▎       | 34/150 [1:46:09<5:29:21, 170.35s/it]Best trial: 33. Best value: 0.572853:  23%|██▎       | 34/150 [1:46:09<5:29:21, 170.35s/it]Best trial: 33. Best value: 0.572853:  23%|██▎       | 35/150 [1:46:09<5:03:39, 158.43s/it]                                                                                           Best trial: 33. Best value: 0.572853:  23%|██▎       | 35/150 [1:48:36<5:03:39, 158.43s/it]Best trial: 33. Best value: 0.572853:  23%|██▎       | 35/150 [1:48:36<5:03:39, 158.43s/it]Best trial: 33. Best value: 0.572853:  24%|██▍       | 36/150 [1:48:36<4:54:56, 155.23s/it]                                                                                           Best trial: 33. Best value: 0.572853:  24%|██▍       | 36/150 [1:50:09<4:54:56, 155.23s/it]Best trial: 33. Best value: 0.572853:  24%|██▍       | 36/150 [1:50:09<4:54:56, 155.23s/it]Best trial: 33. Best value: 0.572853:  25%|██▍       | 37/150 [1:50:09<4:17:07, 136.52s/it]                                                                                           Best trial: 33. Best value: 0.572853:  25%|██▍       | 37/150 [1:52:35<4:17:07, 136.52s/it]Best trial: 33. Best value: 0.572853:  25%|██▍       | 37/150 [1:52:35<4:17:07, 136.52s/it]Best trial: 33. Best value: 0.572853:  25%|██▌       | 38/150 [1:52:35<4:20:10, 139.38s/it]                                                                                           Best trial: 33. Best value: 0.572853:  25%|██▌       | 38/150 [1:57:51<4:20:10, 139.38s/it]Best trial: 33. Best value: 0.572853:  25%|██▌       | 38/150 [1:57:51<4:20:10, 139.38s/it]Best trial: 33. Best value: 0.572853:  26%|██▌       | 39/150 [1:57:51<5:55:57, 192.41s/it]                                                                                           Best trial: 33. Best value: 0.572853:  26%|██▌       | 39/150 [2:03:11<5:55:57, 192.41s/it]Best trial: 39. Best value: 0.57334:  26%|██▌       | 39/150 [2:03:11<5:55:57, 192.41s/it] Best trial: 39. Best value: 0.57334:  27%|██▋       | 40/150 [2:03:11<7:02:43, 230.58s/it]                                                                                          Best trial: 39. Best value: 0.57334:  27%|██▋       | 40/150 [2:08:35<7:02:43, 230.58s/it]Best trial: 39. Best value: 0.57334:  27%|██▋       | 40/150 [2:08:35<7:02:43, 230.58s/it]Best trial: 39. Best value: 0.57334:  27%|██▋       | 41/150 [2:08:35<7:49:56, 258.69s/it]                                                                                          Best trial: 39. Best value: 0.57334:  27%|██▋       | 41/150 [2:13:31<7:49:56, 258.69s/it]Best trial: 39. Best value: 0.57334:  27%|██▋       | 41/150 [2:13:32<7:49:56, 258.69s/it]Best trial: 39. Best value: 0.57334:  28%|██▊       | 42/150 [2:13:32<8:05:52, 269.93s/it]                                                                                          Best trial: 39. Best value: 0.57334:  28%|██▊       | 42/150 [2:18:40<8:05:52, 269.93s/it]Best trial: 42. Best value: 0.574338:  28%|██▊       | 42/150 [2:18:40<8:05:52, 269.93s/it]Best trial: 42. Best value: 0.574338:  29%|██▊       | 43/150 [2:18:40<8:22:01, 281.51s/it]                                                                                           Best trial: 42. Best value: 0.574338:  29%|██▊       | 43/150 [2:24:39<8:22:01, 281.51s/it]Best trial: 42. Best value: 0.574338:  29%|██▊       | 43/150 [2:24:39<8:22:01, 281.51s/it]Best trial: 42. Best value: 0.574338:  29%|██▉       | 44/150 [2:24:39<8:58:13, 304.66s/it]                                                                                           [I 2024-12-29 20:32:15,456] Trial 22 finished with value: 0.527695497812667 and parameters: {'lr': 0.00024073062651811417, 'decay': 0.00345886870435346, 'batch_size': 64, 'nheads': 1, 'project_to': 128, 'hidden_size': 32, 'num_layers': 2, 'dropout': 0.16078330789829698, 'alpha': 0.9964616038924178, 'aug_choice': 8}. Best is trial 5 with value: 0.5545795045453051.
[I 2024-12-29 20:36:24,239] Trial 23 finished with value: 0.45534469205622397 and parameters: {'lr': 4.499317721028949e-05, 'decay': 0.004991281615849714, 'batch_size': 64, 'nheads': 1, 'project_to': 128, 'hidden_size': 32, 'num_layers': 2, 'dropout': 0.33842515164609155, 'alpha': 0.7315415981520053, 'aug_choice': 7}. Best is trial 5 with value: 0.5545795045453051.
[I 2024-12-29 20:39:17,801] Trial 24 finished with value: 0.4799966934611524 and parameters: {'lr': 8.027275910829869e-05, 'decay': 0.0019219771034668447, 'batch_size': 64, 'nheads': 1, 'project_to': 128, 'hidden_size': 32, 'num_layers': 2, 'dropout': 0.260386211223312, 'alpha': 1.483499122687407, 'aug_choice': 8}. Best is trial 5 with value: 0.5545795045453051.
[I 2024-12-29 20:41:06,522] Trial 25 finished with value: 0.48976379560339056 and parameters: {'lr': 0.0008152290153581706, 'decay': 3.982254970746492e-05, 'batch_size': 64, 'nheads': 2, 'project_to': 64, 'hidden_size': 32, 'num_layers': 1, 'dropout': 0.178847017124468, 'alpha': 1.2961990394735705, 'aug_choice': 2}. Best is trial 5 with value: 0.5545795045453051.
[I 2024-12-29 20:45:04,623] Trial 26 finished with value: 0.5012650820153224 and parameters: {'lr': 0.0001342597541952554, 'decay': 0.0006774319591603765, 'batch_size': 128, 'nheads': 1, 'project_to': 128, 'hidden_size': 128, 'num_layers': 3, 'dropout': 0.1412995550178794, 'alpha': 0.6404013459109997, 'aug_choice': 1}. Best is trial 5 with value: 0.5545795045453051.
[I 2024-12-29 20:49:07,803] Trial 27 finished with value: 0.5102688769098077 and parameters: {'lr': 2.600253251009338e-05, 'decay': 0.006605981156680035, 'batch_size': 64, 'nheads': 1, 'project_to': 128, 'hidden_size': 32, 'num_layers': 2, 'dropout': 0.35931002392861733, 'alpha': 1.1166501096750248, 'aug_choice': 8}. Best is trial 5 with value: 0.5545795045453051.
[I 2024-12-29 20:51:42,135] Trial 28 finished with value: 0.5262764979818081 and parameters: {'lr': 0.0003605279825772359, 'decay': 0.0022058817046949086, 'batch_size': 128, 'nheads': 4, 'project_to': 32, 'hidden_size': 32, 'num_layers': 2, 'dropout': 0.1960865187198506, 'alpha': 0.9137790457962083, 'aug_choice': 2}. Best is trial 5 with value: 0.5545795045453051.
[I 2024-12-29 20:53:41,505] Trial 29 finished with value: 0.5023756340142442 and parameters: {'lr': 0.0005647481811526293, 'decay': 0.0008066286731385427, 'batch_size': 128, 'nheads': 2, 'project_to': 64, 'hidden_size': 128, 'num_layers': 1, 'dropout': 0.10543235426992636, 'alpha': 1.3921678986117076, 'aug_choice': 5}. Best is trial 5 with value: 0.5545795045453051.
[I 2024-12-29 20:57:40,972] Trial 30 finished with value: 0.524088000520364 and parameters: {'lr': 0.00019982246766441162, 'decay': 0.0002823568713470743, 'batch_size': 64, 'nheads': 4, 'project_to': 32, 'hidden_size': 64, 'num_layers': 3, 'dropout': 0.25402149233233595, 'alpha': 1.243214508811472, 'aug_choice': 1}. Best is trial 5 with value: 0.5545795045453051.
[I 2024-12-29 21:00:45,880] Trial 31 finished with value: 0.5666406753216193 and parameters: {'lr': 0.0002683080019127251, 'decay': 0.0029295018622613575, 'batch_size': 64, 'nheads': 1, 'project_to': 128, 'hidden_size': 32, 'num_layers': 2, 'dropout': 0.14623800382097346, 'alpha': 1.0322617930566962, 'aug_choice': 8}. Best is trial 31 with value: 0.5666406753216193.
[I 2024-12-29 21:02:52,975] Trial 32 finished with value: 0.5308581327551892 and parameters: {'lr': 0.0003117185597897399, 'decay': 0.0025861444200002293, 'batch_size': 64, 'nheads': 1, 'project_to': 128, 'hidden_size': 32, 'num_layers': 2, 'dropout': 0.104843140290179, 'alpha': 1.0783162974750544, 'aug_choice': 8}. Best is trial 31 with value: 0.5666406753216193.
[I 2024-12-29 21:05:44,798] Trial 33 finished with value: 0.5728534168075273 and parameters: {'lr': 0.0003552599614492538, 'decay': 0.002697383090961181, 'batch_size': 64, 'nheads': 1, 'project_to': 128, 'hidden_size': 32, 'num_layers': 2, 'dropout': 0.10045990482234529, 'alpha': 1.0434984237434832, 'aug_choice': 8}. Best is trial 33 with value: 0.5728534168075273.
[I 2024-12-29 21:07:55,404] Trial 34 finished with value: 0.5360914424497141 and parameters: {'lr': 0.00320762776998598, 'decay': 0.006162296950364033, 'batch_size': 64, 'nheads': 1, 'project_to': 128, 'hidden_size': 32, 'num_layers': 2, 'dropout': 0.1272929827048597, 'alpha': 0.34690069373418353, 'aug_choice': 8}. Best is trial 33 with value: 0.5728534168075273.
[I 2024-12-29 21:10:23,181] Trial 35 finished with value: 0.5067741968002362 and parameters: {'lr': 0.004298978941961987, 'decay': 0.006634534942414927, 'batch_size': 64, 'nheads': 1, 'project_to': 128, 'hidden_size': 32, 'num_layers': 2, 'dropout': 0.13888609819117692, 'alpha': 0.3175141581799294, 'aug_choice': 8}. Best is trial 33 with value: 0.5728534168075273.
[I 2024-12-29 21:11:56,049] Trial 36 finished with value: 0.4761156103155549 and parameters: {'lr': 0.004465754735524369, 'decay': 0.005667093490763517, 'batch_size': 64, 'nheads': 2, 'project_to': 128, 'hidden_size': 32, 'num_layers': 2, 'dropout': 0.13946832916940366, 'alpha': 0.45819414415400217, 'aug_choice': 6}. Best is trial 33 with value: 0.5728534168075273.
[I 2024-12-29 21:14:22,093] Trial 37 finished with value: 0.4999093466956989 and parameters: {'lr': 0.003129681318670532, 'decay': 0.0011271696762837039, 'batch_size': 64, 'nheads': 1, 'project_to': 128, 'hidden_size': 32, 'num_layers': 2, 'dropout': 0.21979489801193225, 'alpha': 0.2820413641314525, 'aug_choice': 8}. Best is trial 33 with value: 0.5728534168075273.
[I 2024-12-29 21:19:38,242] Trial 38 finished with value: 0.5684094009829173 and parameters: {'lr': 0.002765279898205328, 'decay': 0.002524245557305928, 'batch_size': 64, 'nheads': 1, 'project_to': 128, 'hidden_size': 64, 'num_layers': 1, 'dropout': 0.10085569610817167, 'alpha': 0.6392380592742051, 'aug_choice': 3}. Best is trial 33 with value: 0.5728534168075273.
[I 2024-12-29 21:24:57,884] Trial 39 finished with value: 0.5733404613709098 and parameters: {'lr': 0.006094550006687142, 'decay': 0.0026015201116249462, 'batch_size': 64, 'nheads': 1, 'project_to': 32, 'hidden_size': 64, 'num_layers': 1, 'dropout': 0.10159170581928517, 'alpha': 0.6689454977444538, 'aug_choice': 3}. Best is trial 39 with value: 0.5733404613709098.
[I 2024-12-29 21:30:22,150] Trial 40 finished with value: 0.5074798403349778 and parameters: {'lr': 0.006580396160443588, 'decay': 0.0025584571738035806, 'batch_size': 64, 'nheads': 1, 'project_to': 32, 'hidden_size': 64, 'num_layers': 1, 'dropout': 0.10112179920344452, 'alpha': 0.6752090335753327, 'aug_choice': 3}. Best is trial 39 with value: 0.5733404613709098.
[I 2024-12-29 21:35:18,320] Trial 41 finished with value: 0.4133358185063732 and parameters: {'lr': 0.008851469074766636, 'decay': 0.004483115051324434, 'batch_size': 64, 'nheads': 1, 'project_to': 32, 'hidden_size': 64, 'num_layers': 1, 'dropout': 0.16071442613615616, 'alpha': 0.5639690822546883, 'aug_choice': 3}. Best is trial 39 with value: 0.5733404613709098.
[I 2024-12-29 21:40:26,845] Trial 42 finished with value: 0.5743379801920471 and parameters: {'lr': 0.0022546706310674347, 'decay': 0.0016724037917462548, 'batch_size': 64, 'nheads': 1, 'project_to': 32, 'hidden_size': 64, 'num_layers': 1, 'dropout': 0.13385988081702088, 'alpha': 0.7039626701604331, 'aug_choice': 3}. Best is trial 42 with value: 0.5743379801920471.
[I 2024-12-29 21:46:25,508] Trial 43 finished with value: 0.5583912359322445 and parameters: {'lr': 0.0022116310540705474, 'decay': 0.0017714389433180799, 'batch_size': 64, 'nheads': 1, 'project_to': 32, 'hidden_size': 64, 'num_layers': 1, 'dropout': 0.13329362763847863, 'alpha': 0.8441253217441467, 'aug_choice': 3}. Best is trial 42 with value: 0.5743379801920471.
