[I 2025-01-01 07:49:58,731] Trial 113 finished with value: 0.5606807465885112 and parameters: {'lr': 0.005840986073977226, 'decay': 0.008991646847672124, 'batch_size': 64, 'nheads': 1, 'project_to': 32, 'hidden_size': 32, 'num_layers': 2, 'dropout': 0.49258070790965863, 'alpha': 0.5150250038399825, 'aug_choice': 8}. Best is trial 97 with value: 0.61798434411871.
[I 2025-01-01 07:52:38,868] Trial 114 finished with value: 0.5835110270221024 and parameters: {'lr': 0.007347999184527385, 'decay': 0.006051464047883735, 'batch_size': 64, 'nheads': 1, 'project_to': 32, 'hidden_size': 32, 'num_layers': 3, 'dropout': 0.42599717961757183, 'alpha': 0.5904594894788655, 'aug_choice': 8}. Best is trial 97 with value: 0.61798434411871.
[I 2025-01-01 07:55:07,649] Trial 115 finished with value: 0.5152991192277493 and parameters: {'lr': 0.0026575308905545593, 'decay': 0.0002519652514454173, 'batch_size': 64, 'nheads': 1, 'project_to': 32, 'hidden_size': 32, 'num_layers': 2, 'dropout': 0.34947469179563595, 'alpha': 0.7281200376373946, 'aug_choice': 7}. Best is trial 97 with value: 0.61798434411871.
[I 2025-01-01 07:57:34,422] Trial 116 finished with value: 0.5481774526359502 and parameters: {'lr': 0.0037065963582724177, 'decay': 0.009886445081800742, 'batch_size': 64, 'nheads': 2, 'project_to': 32, 'hidden_size': 32, 'num_layers': 2, 'dropout': 0.3257635888389861, 'alpha': 0.9501996210457049, 'aug_choice': 8}. Best is trial 97 with value: 0.61798434411871.
[I 2025-01-01 07:59:40,037] Trial 117 finished with value: 0.5398052653327061 and parameters: {'lr': 0.0043408927862891985, 'decay': 0.002884172920193123, 'batch_size': 128, 'nheads': 4, 'project_to': 128, 'hidden_size': 64, 'num_layers': 1, 'dropout': 0.4644907326276966, 'alpha': 0.8147826750020649, 'aug_choice': 2}. Best is trial 97 with value: 0.61798434411871.
[I 2025-01-01 08:01:27,348] Trial 118 finished with value: 0.530443927861974 and parameters: {'lr': 0.0022773665162560547, 'decay': 0.007077698571496453, 'batch_size': 64, 'nheads': 4, 'project_to': 128, 'hidden_size': 32, 'num_layers': 2, 'dropout': 0.3984629072729887, 'alpha': 0.5710074114762974, 'aug_choice': 4}. Best is trial 97 with value: 0.61798434411871.
[I 2025-01-01 08:03:27,132] Trial 119 finished with value: 0.5093468678606602 and parameters: {'lr': 0.001906069650792273, 'decay': 0.0013919669046677133, 'batch_size': 128, 'nheads': 4, 'project_to': 128, 'hidden_size': 128, 'num_layers': 3, 'dropout': 0.4473999788359627, 'alpha': 0.41084410348828315, 'aug_choice': 6}. Best is trial 97 with value: 0.61798434411871.
[I 2025-01-01 08:05:28,306] Trial 120 finished with value: 0.5050340976303872 and parameters: {'lr': 0.0030407218297427547, 'decay': 0.0021267415940742626, 'batch_size': 64, 'nheads': 4, 'project_to': 128, 'hidden_size': 32, 'num_layers': 1, 'dropout': 0.35897187822146026, 'alpha': 0.6794454513229499, 'aug_choice': 5}. Best is trial 97 with value: 0.61798434411871.
