[I 2024-12-28 10:49:25,598] Trial 1 finished with value: 0.2 and parameters: {'lr': 0.001933236351449633, 'decay': 0.002291302638635222, 'batch_size': 128, 'nheads': 2, 'project_to': 32, 'hidden_size': 32, 'num_layers': 2, 'dropout': 0.6786467908910014, 'class_weights': True, 'aug_choice': 2}. Best is trial 0 with value: 0.31929748009163306.
Warning: Some folds may have failed. stderr: /home/ammar/miniconda3/envs/torch/lib/python3.12/site-packages/torch/nn/modules/transformer.py:286: UserWarning: enable_nested_tensor is True, but self.use_nested_tensor is False because encoder_layer.self_attn.num_heads is odd
  warnings.warn(f"enable_nested_tensor is True, but self.use_nested_tensor is False because {why_not_sparsity_fast_path}")
Traceback (most recent call last):
  File "/home/ammar/MultimodalEngagement/src/train_fold.py", line 107, in <module>
    main()
  File "/home/ammar/MultimodalEngagement/src/train_fold.py", line 99, in main
    eval_run.run()
  File "/home/ammar/MultimodalEngagement/src/experiments/evaluation_run.py", line 71, in run
    train_losses, validation_losses = self.training_loop()
                                      ^^^^^^^^^^^^^^^^^^^^
  File "/home/ammar/MultimodalEngagement/src/experiments/evaluation_run.py", line 281, in training_loop
    train_loss = self.train_epoch()
                 ^^^^^^^^^^^^^^^^^^
  File "/home/ammar/MultimodalEngagement/src/experiments/evaluation_run.py", line 221, in train_epoch
    loss = self.forward(x, y, lengths=lengths)
           ^^^^^^^^^^^^^^^^^^^^^^^^^^^^^^^^^^^
  File "/home/ammar/MultimodalEngagement/src/experiments/evaluation_run.py", line 236, in forward
    output = self.model(x, lengths)
             ^^^^^^^^^^^^^^^^^^^^^^
  File "/home/ammar/miniconda3/envs/torch/lib/python3.12/site-packages/torch/nn/modules/module.py", line 1511, in _wrapped_call_impl
    return self._call_impl(*args, **kwargs)
           ^^^^^^^^^^^^^^^^^^^^^^^^^^^^^^^^
  File "/home/ammar/miniconda3/envs/torch/lib/python3.12/site-packages/torch/nn/modules/module.py", line 1520, in _call_impl
    return forward_call(*args, **kwargs)
           ^^^^^^^^^^^^^^^^^^^^^^^^^^^^^
  File "/home/ammar/MultimodalEngagement/src/models/balanced_transformer.py", line 64, in forward
    x = self.encoder(x, src_key_padding_mask=mask)
        ^^^^^^^^^^^^^^^^^^^^^^^^^^^^^^^^^^^^^^^^^^
  File "/home/ammar/miniconda3/envs/torch/lib/python3.12/site-packages/torch/nn/modules/module.py", line 1511, in _wrapped_call_impl
    return self._call_impl(*args, **kwargs)
           ^^^^^^^^^^^^^^^^^^^^^^^^^^^^^^^^
  File "/home/ammar/miniconda3/envs/torch/lib/python3.12/site-packages/torch/nn/modules/module.py", line 1520, in _call_impl
    return forward_call(*args, **kwargs)
           ^^^^^^^^^^^^^^^^^^^^^^^^^^^^^
  File "/home/ammar/miniconda3/envs/torch/lib/python3.12/site-packages/torch/nn/modules/transformer.py", line 391, in forward
    output = mod(output, src_mask=mask, is_causal=is_causal, src_key_padding_mask=src_key_padding_mask_for_layers)
             ^^^^^^^^^^^^^^^^^^^^^^^^^^^^^^^^^^^^^^^^^^^^^^^^^^^^^^^^^^^^^^^^^^^^^^^^^^^^^^^^^^^^^^^^^^^^^^^^^^^^^
  File "/home/ammar/miniconda3/envs/torch/lib/python3.12/site-packages/torch/nn/modules/module.py", line 1511, in _wrapped_call_impl
    return self._call_impl(*args, **kwargs)
           ^^^^^^^^^^^^^^^^^^^^^^^^^^^^^^^^
  File "/home/ammar/miniconda3/envs/torch/lib/python3.12/site-packages/torch/nn/modules/module.py", line 1520, in _call_impl
    return forward_call(*args, **kwargs)
           ^^^^^^^^^^^^^^^^^^^^^^^^^^^^^
  File "/home/ammar/miniconda3/envs/torch/lib/python3.12/site-packages/torch/nn/modules/transformer.py", line 714, in forward
    x = self.norm1(x + self._sa_block(x, src_mask, src_key_padding_mask, is_causal=is_causal))
                       ^^^^^^^^^^^^^^^^^^^^^^^^^^^^^^^^^^^^^^^^^^^^^^^^^^^^^^^^^^^^^^^^^^^^^^
  File "/home/ammar/miniconda3/envs/torch/lib/python3.12/site-packages/torch/nn/modules/transformer.py", line 726, in _sa_block
    return self.dropout1(x)
           ^^^^^^^^^^^^^^^^
  File "/home/ammar/miniconda3/envs/torch/lib/python3.12/site-packages/torch/nn/modules/module.py", line 1511, in _wrapped_call_impl
    return self._call_impl(*args, **kwargs)
           ^^^^^^^^^^^^^^^^^^^^^^^^^^^^^^^^
  File "/home/ammar/miniconda3/envs/torch/lib/python3.12/site-packages/torch/nn/modules/module.py", line 1520, in _call_impl
    return forward_call(*args, **kwargs)
           ^^^^^^^^^^^^^^^^^^^^^^^^^^^^^
  File "/home/ammar/miniconda3/envs/torch/lib/python3.12/site-packages/torch/nn/modules/dropout.py", line 59, in forward
    return F.dropout(input, self.p, self.training, self.inplace)
           ^^^^^^^^^^^^^^^^^^^^^^^^^^^^^^^^^^^^^^^^^^^^^^^^^^^^^
  File "/home/ammar/miniconda3/envs/torch/lib/python3.12/site-packages/torch/nn/functional.py", line 1268, in dropout
    return _VF.dropout_(input, p, training) if inplace else _VF.dropout(input, p, training)
                                                            ^^^^^^^^^^^^^^^^^^^^^^^^^^^^^^^
torch.cuda.OutOfMemoryError: CUDA out of memory. Tried to allocate 38.00 MiB. GPU 0 has a total capacity of 9.75 GiB of which 52.81 MiB is free. Process 9714 has 338.00 MiB memory in use. Process 9715 has 338.00 MiB memory in use. Process 9713 has 338.00 MiB memory in use. Process 9716 has 338.00 MiB memory in use. Process 9717 has 338.00 MiB memory in use. Process 9718 has 338.00 MiB memory in use. Process 9726 has 338.00 MiB memory in use. Process 9721 has 338.00 MiB memory in use. Process 9723 has 338.00 MiB memory in use. Process 9720 has 338.00 MiB memory in use. Process 9722 has 338.00 MiB memory in use. Process 9719 has 338.00 MiB memory in use. Including non-PyTorch memory, this process has 1.51 GiB memory in use. Process 11395 has 1.73 GiB memory in use. Process 11393 has 1.74 GiB memory in use. Of the allocated memory 1.21 GiB is allocated by PyTorch, and 48.85 MiB is reserved by PyTorch but unallocated. If reserved but unallocated memory is large try setting PYTORCH_CUDA_ALLOC_CONF=expandable_segments:True to avoid fragmentation.  See documentation for Memory Management  (https://pytorch.org/docs/stable/notes/cuda.html#environment-variables)
/home/ammar/miniconda3/envs/torch/lib/python3.12/site-packages/torch/nn/modules/transformer.py:286: UserWarning: enable_nested_tensor is True, but self.use_nested_tensor is False because encoder_layer.self_attn.num_heads is odd
  warnings.warn(f"enable_nested_tensor is True, but self.use_nested_tensor is False because {why_not_sparsity_fast_path}")
Traceback (most recent call last):
  File "/home/ammar/MultimodalEngagement/src/train_fold.py", line 107, in <module>
    main()
  File "/home/ammar/MultimodalEngagement/src/train_fold.py", line 99, in main
    eval_run.run()
  File "/home/ammar/MultimodalEngagement/src/experiments/evaluation_run.py", line 71, in run
    train_losses, validation_losses = self.training_loop()
                                      ^^^^^^^^^^^^^^^^^^^^
  File "/home/ammar/MultimodalEngagement/src/experiments/evaluation_run.py", line 281, in training_loop
    train_loss = self.train_epoch()
                 ^^^^^^^^^^^^^^^^^^
  File "/home/ammar/MultimodalEngagement/src/experiments/evaluation_run.py", line 221, in train_epoch
    loss = self.forward(x, y, lengths=lengths)
           ^^^^^^^^^^^^^^^^^^^^^^^^^^^^^^^^^^^
  File "/home/ammar/MultimodalEngagement/src/experiments/evaluation_run.py", line 236, in forward
    output = self.model(x, lengths)
             ^^^^^^^^^^^^^^^^^^^^^^
  File "/home/ammar/miniconda3/envs/torch/lib/python3.12/site-packages/torch/nn/modules/module.py", line 1511, in _wrapped_call_impl
    return self._call_impl(*args, **kwargs)
           ^^^^^^^^^^^^^^^^^^^^^^^^^^^^^^^^
  File "/home/ammar/miniconda3/envs/torch/lib/python3.12/site-packages/torch/nn/modules/module.py", line 1520, in _call_impl
    return forward_call(*args, **kwargs)
           ^^^^^^^^^^^^^^^^^^^^^^^^^^^^^
  File "/home/ammar/MultimodalEngagement/src/models/balanced_transformer.py", line 64, in forward
    x = self.encoder(x, src_key_padding_mask=mask)
        ^^^^^^^^^^^^^^^^^^^^^^^^^^^^^^^^^^^^^^^^^^
  File "/home/ammar/miniconda3/envs/torch/lib/python3.12/site-packages/torch/nn/modules/module.py", line 1511, in _wrapped_call_impl
    return self._call_impl(*args, **kwargs)
           ^^^^^^^^^^^^^^^^^^^^^^^^^^^^^^^^
  File "/home/ammar/miniconda3/envs/torch/lib/python3.12/site-packages/torch/nn/modules/module.py", line 1520, in _call_impl
    return forward_call(*args, **kwargs)
           ^^^^^^^^^^^^^^^^^^^^^^^^^^^^^
  File "/home/ammar/miniconda3/envs/torch/lib/python3.12/site-packages/torch/nn/modules/transformer.py", line 391, in forward
    output = mod(output, src_mask=mask, is_causal=is_causal, src_key_padding_mask=src_key_padding_mask_for_layers)
             ^^^^^^^^^^^^^^^^^^^^^^^^^^^^^^^^^^^^^^^^^^^^^^^^^^^^^^^^^^^^^^^^^^^^^^^^^^^^^^^^^^^^^^^^^^^^^^^^^^^^^
  File "/home/ammar/miniconda3/envs/torch/lib/python3.12/site-packages/torch/nn/modules/module.py", line 1511, in _wrapped_call_impl
    return self._call_impl(*args, **kwargs)
           ^^^^^^^^^^^^^^^^^^^^^^^^^^^^^^^^
  File "/home/ammar/miniconda3/envs/torch/lib/python3.12/site-packages/torch/nn/modules/module.py", line 1520, in _call_impl
    return forward_call(*args, **kwargs)
           ^^^^^^^^^^^^^^^^^^^^^^^^^^^^^
  File "/home/ammar/miniconda3/envs/torch/lib/python3.12/site-packages/torch/nn/modules/transformer.py", line 715, in forward
    x = self.norm2(x + self._ff_block(x))
                       ^^^^^^^^^^^^^^^^^
  File "/home/ammar/miniconda3/envs/torch/lib/python3.12/site-packages/torch/nn/modules/transformer.py", line 731, in _ff_block
    return self.dropout2(x)
           ^^^^^^^^^^^^^^^^
  File "/home/ammar/miniconda3/envs/torch/lib/python3.12/site-packages/torch/nn/modules/module.py", line 1511, in _wrapped_call_impl
    return self._call_impl(*args, **kwargs)
           ^^^^^^^^^^^^^^^^^^^^^^^^^^^^^^^^
  File "/home/ammar/miniconda3/envs/torch/lib/python3.12/site-packages/torch/nn/modules/module.py", line 1520, in _call_impl
    return forward_call(*args, **kwargs)
           ^^^^^^^^^^^^^^^^^^^^^^^^^^^^^
  File "/home/ammar/miniconda3/envs/torch/lib/python3.12/site-packages/torch/nn/modules/dropout.py", line 59, in forward
    return F.dropout(input, self.p, self.training, self.inplace)
           ^^^^^^^^^^^^^^^^^^^^^^^^^^^^^^^^^^^^^^^^^^^^^^^^^^^^^
  File "/home/ammar/miniconda3/envs/torch/lib/python3.12/site-packages/torch/nn/functional.py", line 1268, in dropout
    return _VF.dropout_(input, p, training) if inplace else _VF.dropout(input, p, training)
                                                            ^^^^^^^^^^^^^^^^^^^^^^^^^^^^^^^
torch.cuda.OutOfMemoryError: CUDA out of memory. Tried to allocate 38.00 MiB. GPU 0 has a total capacity of 9.75 GiB of which 37.81 MiB is free. Process 9714 has 338.00 MiB memory in use. Process 9715 has 338.00 MiB memory in use. Process 9713 has 338.00 MiB memory in use. Process 9716 has 338.00 MiB memory in use. Process 9717 has 338.00 MiB memory in use. Process 9718 has 338.00 MiB memory in use. Process 9726 has 338.00 MiB memory in use. Process 9721 has 338.00 MiB memory in use. Process 9723 has 338.00 MiB memory in use. Process 9720 has 338.00 MiB memory in use. Process 9722 has 338.00 MiB memory in use. Process 9719 has 338.00 MiB memory in use. Process 11395 has 1.73 GiB memory in use. Process 11393 has 1.75 GiB memory in use. Including non-PyTorch memory, this process has 1.63 GiB memory in use. Of the allocated memory 1.33 GiB is allocated by PyTorch, and 50.21 MiB is reserved by PyTorch but unallocated. If reserved but unallocated memory is large try setting PYTORCH_CUDA_ALLOC_CONF=expandable_segments:True to avoid fragmentation.  See documentation for Memory Management  (https://pytorch.org/docs/stable/notes/cuda.html#environment-variables)
/home/ammar/miniconda3/envs/torch/lib/python3.12/site-packages/torch/nn/modules/transformer.py:286: UserWarning: enable_nested_tensor is True, but self.use_nested_tensor is False because encoder_layer.self_attn.num_heads is odd
  warnings.warn(f"enable_nested_tensor is True, but self.use_nested_tensor is False because {why_not_sparsity_fast_path}")
Traceback (most recent call last):
  File "/home/ammar/MultimodalEngagement/src/train_fold.py", line 107, in <module>
    main()
  File "/home/ammar/MultimodalEngagement/src/train_fold.py", line 99, in main
    eval_run.run()
  File "/home/ammar/MultimodalEngagement/src/experiments/evaluation_run.py", line 71, in run
    train_losses, validation_losses = self.training_loop()
                                      ^^^^^^^^^^^^^^^^^^^^
  File "/home/ammar/MultimodalEngagement/src/experiments/evaluation_run.py", line 281, in training_loop
    train_loss = self.train_epoch()
                 ^^^^^^^^^^^^^^^^^^
  File "/home/ammar/MultimodalEngagement/src/experiments/evaluation_run.py", line 221, in train_epoch
    loss = self.forward(x, y, lengths=lengths)
           ^^^^^^^^^^^^^^^^^^^^^^^^^^^^^^^^^^^
  File "/home/ammar/MultimodalEngagement/src/experiments/evaluation_run.py", line 236, in forward
    output = self.model(x, lengths)
             ^^^^^^^^^^^^^^^^^^^^^^
  File "/home/ammar/miniconda3/envs/torch/lib/python3.12/site-packages/torch/nn/modules/module.py", line 1511, in _wrapped_call_impl
    return self._call_impl(*args, **kwargs)
           ^^^^^^^^^^^^^^^^^^^^^^^^^^^^^^^^
  File "/home/ammar/miniconda3/envs/torch/lib/python3.12/site-packages/torch/nn/modules/module.py", line 1520, in _call_impl
    return forward_call(*args, **kwargs)
           ^^^^^^^^^^^^^^^^^^^^^^^^^^^^^
  File "/home/ammar/MultimodalEngagement/src/models/balanced_transformer.py", line 64, in forward
    x = self.encoder(x, src_key_padding_mask=mask)
        ^^^^^^^^^^^^^^^^^^^^^^^^^^^^^^^^^^^^^^^^^^
  File "/home/ammar/miniconda3/envs/torch/lib/python3.12/site-packages/torch/nn/modules/module.py", line 1511, in _wrapped_call_impl
    return self._call_impl(*args, **kwargs)
           ^^^^^^^^^^^^^^^^^^^^^^^^^^^^^^^^
  File "/home/ammar/miniconda3/envs/torch/lib/python3.12/site-packages/torch/nn/modules/module.py", line 1520, in _call_impl
    return forward_call(*args, **kwargs)
           ^^^^^^^^^^^^^^^^^^^^^^^^^^^^^
  File "/home/ammar/miniconda3/envs/torch/lib/python3.12/site-packages/torch/nn/modules/transformer.py", line 391, in forward
    output = mod(output, src_mask=mask, is_causal=is_causal, src_key_padding_mask=src_key_padding_mask_for_layers)
             ^^^^^^^^^^^^^^^^^^^^^^^^^^^^^^^^^^^^^^^^^^^^^^^^^^^^^^^^^^^^^^^^^^^^^^^^^^^^^^^^^^^^^^^^^^^^^^^^^^^^^
  File "/home/ammar/miniconda3/envs/torch/lib/python3.12/site-packages/torch/nn/modules/module.py", line 1511, in _wrapped_call_impl
    return self._call_impl(*args, **kwargs)
           ^^^^^^^^^^^^^^^^^^^^^^^^^^^^^^^^
  File "/home/ammar/miniconda3/envs/torch/lib/python3.12/site-packages/torch/nn/modules/module.py", line 1520, in _call_impl
    return forward_call(*args, **kwargs)
           ^^^^^^^^^^^^^^^^^^^^^^^^^^^^^
  File "/home/ammar/miniconda3/envs/torch/lib/python3.12/site-packages/torch/nn/modules/transformer.py", line 715, in forward
    x = self.norm2(x + self._ff_block(x))
                       ^^^^^^^^^^^^^^^^^
  File "/home/ammar/miniconda3/envs/torch/lib/python3.12/site-packages/torch/nn/modules/transformer.py", line 731, in _ff_block
    return self.dropout2(x)
           ^^^^^^^^^^^^^^^^
  File "/home/ammar/miniconda3/envs/torch/lib/python3.12/site-packages/torch/nn/modules/module.py", line 1511, in _wrapped_call_impl
    return self._call_impl(*args, **kwargs)
           ^^^^^^^^^^^^^^^^^^^^^^^^^^^^^^^^
  File "/home/ammar/miniconda3/envs/torch/lib/python3.12/site-packages/torch/nn/modules/module.py", line 1520, in _call_impl
    return forward_call(*args, **kwargs)
           ^^^^^^^^^^^^^^^^^^^^^^^^^^^^^
  File "/home/ammar/miniconda3/envs/torch/lib/python3.12/site-packages/torch/nn/modules/dropout.py", line 59, in forward
    return F.dropout(input, self.p, self.training, self.inplace)
           ^^^^^^^^^^^^^^^^^^^^^^^^^^^^^^^^^^^^^^^^^^^^^^^^^^^^^
  File "/home/ammar/miniconda3/envs/torch/lib/python3.12/site-packages/torch/nn/functional.py", line 1268, in dropout
    return _VF.dropout_(input, p, training) if inplace else _VF.dropout(input, p, training)
                                                            ^^^^^^^^^^^^^^^^^^^^^^^^^^^^^^^
torch.cuda.OutOfMemoryError: CUDA out of memory. Tried to allocate 20.00 MiB. GPU 0 has a total capacity of 9.75 GiB of which 43.75 MiB is free. Process 9714 has 338.00 MiB memory in use. Process 9715 has 338.00 MiB memory in use. Process 9713 has 338.00 MiB memory in use. Process 9716 has 338.00 MiB memory in use. Process 9717 has 338.00 MiB memory in use. Process 9718 has 338.00 MiB memory in use. Process 9726 has 338.00 MiB memory in use. Process 9721 has 338.00 MiB memory in use. Process 9723 has 338.00 MiB memory in use. Process 9720 has 338.00 MiB memory in use. Process 9722 has 338.00 MiB memory in use. Process 9719 has 338.00 MiB memory in use. Process 11395 has 1.73 GiB memory in use. Process 11393 has 1.75 GiB memory in use. Including non-PyTorch memory, this process has 1.63 GiB memory in use. Of the allocated memory 1.32 GiB is allocated by PyTorch, and 50.33 MiB is reserved by PyTorch but unallocated. If reserved but unallocated memory is large try setting PYTORCH_CUDA_ALLOC_CONF=expandable_segments:True to avoid fragmentation.  See documentation for Memory Management  (https://pytorch.org/docs/stable/notes/cuda.html#environment-variables)
/home/ammar/miniconda3/envs/torch/lib/python3.12/site-packages/torch/nn/modules/transformer.py:286: UserWarning: enable_nested_tensor is True, but self.use_nested_tensor is False because encoder_layer.self_attn.num_heads is odd
  warnings.warn(f"enable_nested_tensor is True, but self.use_nested_tensor is False because {why_not_sparsity_fast_path}")
Traceback (most recent call last):
  File "/home/ammar/MultimodalEngagement/src/train_fold.py", line 107, in <module>
    main()
  File "/home/ammar/MultimodalEngagement/src/train_fold.py", line 99, in main
    eval_run.run()
  File "/home/ammar/MultimodalEngagement/src/experiments/evaluation_run.py", line 71, in run
    train_losses, validation_losses = self.training_loop()
                                      ^^^^^^^^^^^^^^^^^^^^
  File "/home/ammar/MultimodalEngagement/src/experiments/evaluation_run.py", line 281, in training_loop
    train_loss = self.train_epoch()
                 ^^^^^^^^^^^^^^^^^^
  File "/home/ammar/MultimodalEngagement/src/experiments/evaluation_run.py", line 221, in train_epoch
    loss = self.forward(x, y, lengths=lengths)
           ^^^^^^^^^^^^^^^^^^^^^^^^^^^^^^^^^^^
  File "/home/ammar/MultimodalEngagement/src/experiments/evaluation_run.py", line 236, in forward
    output = self.model(x, lengths)
             ^^^^^^^^^^^^^^^^^^^^^^
  File "/home/ammar/miniconda3/envs/torch/lib/python3.12/site-packages/torch/nn/modules/module.py", line 1511, in _wrapped_call_impl
    return self._call_impl(*args, **kwargs)
           ^^^^^^^^^^^^^^^^^^^^^^^^^^^^^^^^
  File "/home/ammar/miniconda3/envs/torch/lib/python3.12/site-packages/torch/nn/modules/module.py", line 1520, in _call_impl
    return forward_call(*args, **kwargs)
           ^^^^^^^^^^^^^^^^^^^^^^^^^^^^^
  File "/home/ammar/MultimodalEngagement/src/models/balanced_transformer.py", line 64, in forward
    x = self.encoder(x, src_key_padding_mask=mask)
        ^^^^^^^^^^^^^^^^^^^^^^^^^^^^^^^^^^^^^^^^^^
  File "/home/ammar/miniconda3/envs/torch/lib/python3.12/site-packages/torch/nn/modules/module.py", line 1511, in _wrapped_call_impl
    return self._call_impl(*args, **kwargs)
           ^^^^^^^^^^^^^^^^^^^^^^^^^^^^^^^^
  File "/home/ammar/miniconda3/envs/torch/lib/python3.12/site-packages/torch/nn/modules/module.py", line 1520, in _call_impl
    return forward_call(*args, **kwargs)
           ^^^^^^^^^^^^^^^^^^^^^^^^^^^^^
  File "/home/ammar/miniconda3/envs/torch/lib/python3.12/site-packages/torch/nn/modules/transformer.py", line 391, in forward
    output = mod(output, src_mask=mask, is_causal=is_causal, src_key_padding_mask=src_key_padding_mask_for_layers)
             ^^^^^^^^^^^^^^^^^^^^^^^^^^^^^^^^^^^^^^^^^^^^^^^^^^^^^^^^^^^^^^^^^^^^^^^^^^^^^^^^^^^^^^^^^^^^^^^^^^^^^
  File "/home/ammar/miniconda3/envs/torch/lib/python3.12/site-packages/torch/nn/modules/module.py", line 1511, in _wrapped_call_impl
    return self._call_impl(*args, **kwargs)
           ^^^^^^^^^^^^^^^^^^^^^^^^^^^^^^^^
  File "/home/ammar/miniconda3/envs/torch/lib/python3.12/site-packages/torch/nn/modules/module.py", line 1520, in _call_impl
    return forward_call(*args, **kwargs)
           ^^^^^^^^^^^^^^^^^^^^^^^^^^^^^
  File "/home/ammar/miniconda3/envs/torch/lib/python3.12/site-packages/torch/nn/modules/transformer.py", line 715, in forward
    x = self.norm2(x + self._ff_block(x))
                       ^^^^^^^^^^^^^^^^^
  File "/home/ammar/miniconda3/envs/torch/lib/python3.12/site-packages/torch/nn/modules/transformer.py", line 731, in _ff_block
    return self.dropout2(x)
           ^^^^^^^^^^^^^^^^
  File "/home/ammar/miniconda3/envs/torch/lib/python3.12/site-packages/torch/nn/modules/module.py", line 1511, in _wrapped_call_impl
    return self._call_impl(*args, **kwargs)
           ^^^^^^^^^^^^^^^^^^^^^^^^^^^^^^^^
  File "/home/ammar/miniconda3/envs/torch/lib/python3.12/site-packages/torch/nn/modules/module.py", line 1520, in _call_impl
    return forward_call(*args, **kwargs)
           ^^^^^^^^^^^^^^^^^^^^^^^^^^^^^
  File "/home/ammar/miniconda3/envs/torch/lib/python3.12/site-packages/torch/nn/modules/dropout.py", line 59, in forward
    return F.dropout(input, self.p, self.training, self.inplace)
           ^^^^^^^^^^^^^^^^^^^^^^^^^^^^^^^^^^^^^^^^^^^^^^^^^^^^^
  File "/home/ammar/miniconda3/envs/torch/lib/python3.12/site-packages/torch/nn/functional.py", line 1268, in dropout
