  0%|          | 0/40 [00:00<?, ?it/s]                                        0%|          | 0/40 [01:48<?, ?it/s]Best trial: 0. Best value: 0.47437:   0%|          | 0/40 [01:48<?, ?it/s]Best trial: 0. Best value: 0.47437:   2%|▎         | 1/40 [01:48<1:10:32, 108.52s/it]                                                                                     Best trial: 0. Best value: 0.47437:   2%|▎         | 1/40 [07:23<1:10:32, 108.52s/it]Best trial: 1. Best value: 0.475789:   2%|▎         | 1/40 [07:23<1:10:32, 108.52s/it]Best trial: 1. Best value: 0.475789:   5%|▌         | 2/40 [07:23<2:32:55, 241.46s/it]                                                                                      Best trial: 1. Best value: 0.475789:   5%|▌         | 2/40 [09:23<2:32:55, 241.46s/it]Best trial: 1. Best value: 0.475789:   5%|▌         | 2/40 [09:23<2:32:55, 241.46s/it]Best trial: 1. Best value: 0.475789:   8%|▊         | 3/40 [09:23<1:54:42, 186.01s/it]                                                                                      Best trial: 1. Best value: 0.475789:   8%|▊         | 3/40 [11:17<1:54:42, 186.01s/it]Best trial: 1. Best value: 0.475789:   8%|▊         | 3/40 [11:17<1:54:42, 186.01s/it]Best trial: 1. Best value: 0.475789:  10%|█         | 4/40 [11:17<1:34:32, 157.58s/it]                                                                                      Best trial: 1. Best value: 0.475789:  10%|█         | 4/40 [14:18<1:34:32, 157.58s/it]Best trial: 1. Best value: 0.475789:  10%|█         | 4/40 [14:18<1:34:32, 157.58s/it]Best trial: 1. Best value: 0.475789:  12%|█▎        | 5/40 [14:18<1:36:58, 166.26s/it]                                                                                      Best trial: 1. Best value: 0.475789:  12%|█▎        | 5/40 [16:38<1:36:58, 166.26s/it]Best trial: 1. Best value: 0.475789:  12%|█▎        | 5/40 [16:38<1:36:58, 166.26s/it]Best trial: 1. Best value: 0.475789:  15%|█▌        | 6/40 [16:38<1:29:07, 157.27s/it]                                                                                      Best trial: 1. Best value: 0.475789:  15%|█▌        | 6/40 [18:14<1:29:07, 157.27s/it]Best trial: 1. Best value: 0.475789:  15%|█▌        | 6/40 [18:14<1:29:07, 157.27s/it]Best trial: 1. Best value: 0.475789:  18%|█▊        | 7/40 [18:14<1:15:33, 137.38s/it]                                                                                      Best trial: 1. Best value: 0.475789:  18%|█▊        | 7/40 [20:09<1:15:33, 137.38s/it]Best trial: 7. Best value: 0.540671:  18%|█▊        | 7/40 [20:09<1:15:33, 137.38s/it]Best trial: 7. Best value: 0.540671:  20%|██        | 8/40 [20:09<1:09:21, 130.05s/it]                                                                                      Best trial: 7. Best value: 0.540671:  20%|██        | 8/40 [21:19<1:09:21, 130.05s/it]Best trial: 7. Best value: 0.540671:  20%|██        | 8/40 [21:19<1:09:21, 130.05s/it]Best trial: 7. Best value: 0.540671:  22%|██▎       | 9/40 [21:19<57:28, 111.24s/it]                                                                                      Best trial: 7. Best value: 0.540671:  22%|██▎       | 9/40 [23:01<57:28, 111.24s/it]Best trial: 7. Best value: 0.540671:  22%|██▎       | 9/40 [23:01<57:28, 111.24s/it]Best trial: 7. Best value: 0.540671:  25%|██▌       | 10/40 [23:01<54:16, 108.55s/it]                                                                                     Best trial: 7. Best value: 0.540671:  25%|██▌       | 10/40 [25:03<54:16, 108.55s/it]Best trial: 7. Best value: 0.540671:  25%|██▌       | 10/40 [25:03<54:16, 108.55s/it]Best trial: 7. Best value: 0.540671:  28%|██▊       | 11/40 [25:03<54:26, 112.63s/it]                                                                                     Best trial: 7. Best value: 0.540671:  28%|██▊       | 11/40 [27:12<54:26, 112.63s/it]Best trial: 7. Best value: 0.540671:  28%|██▊       | 11/40 [27:12<54:26, 112.63s/it]Best trial: 7. Best value: 0.540671:  30%|███       | 12/40 [27:12<54:50, 117.51s/it]                                                                                     Best trial: 7. Best value: 0.540671:  30%|███       | 12/40 [29:09<54:50, 117.51s/it]Best trial: 7. Best value: 0.540671:  30%|███       | 12/40 [29:09<54:50, 117.51s/it]Best trial: 7. Best value: 0.540671:  32%|███▎      | 13/40 [29:09<52:52, 117.49s/it]                                                                                     Best trial: 7. Best value: 0.540671:  32%|███▎      | 13/40 [36:33<52:52, 117.49s/it]Best trial: 7. Best value: 0.540671:  32%|███▎      | 13/40 [36:33<52:52, 117.49s/it]Best trial: 7. Best value: 0.540671:  35%|███▌      | 14/40 [36:33<1:33:39, 216.12s/it]                                                                                       Best trial: 7. Best value: 0.540671:  35%|███▌      | 14/40 [41:38<1:33:39, 216.12s/it]Best trial: 7. Best value: 0.540671:  35%|███▌      | 14/40 [41:38<1:33:39, 216.12s/it]Best trial: 7. Best value: 0.540671:  38%|███▊      | 15/40 [41:38<1:41:11, 242.85s/it]                                                                                       Best trial: 7. Best value: 0.540671:  38%|███▊      | 15/40 [45:26<1:41:11, 242.85s/it]Best trial: 7. Best value: 0.540671:  38%|███▊      | 15/40 [45:26<1:41:11, 242.85s/it]Best trial: 7. Best value: 0.540671:  40%|████      | 16/40 [45:26<1:35:23, 238.50s/it]                                                                                       Best trial: 7. Best value: 0.540671:  40%|████      | 16/40 [48:39<1:35:23, 238.50s/it]Best trial: 7. Best value: 0.540671:  40%|████      | 16/40 [48:39<1:35:23, 238.50s/it]Best trial: 7. Best value: 0.540671:  42%|████▎     | 17/40 [48:39<1:26:07, 224.66s/it]                                                                                       Best trial: 7. Best value: 0.540671:  42%|████▎     | 17/40 [49:57<1:26:07, 224.66s/it]Best trial: 7. Best value: 0.540671:  42%|████▎     | 17/40 [49:57<1:26:07, 224.66s/it]Best trial: 7. Best value: 0.540671:  45%|████▌     | 18/40 [49:57<1:06:14, 180.65s/it]                                                                                       Best trial: 7. Best value: 0.540671:  45%|████▌     | 18/40 [51:34<1:06:14, 180.65s/it]Best trial: 7. Best value: 0.540671:  45%|████▌     | 18/40 [51:34<1:06:14, 180.65s/it]Best trial: 7. Best value: 0.540671:  48%|████▊     | 19/40 [51:34<54:25, 155.50s/it]                                                                                       Best trial: 7. Best value: 0.540671:  48%|████▊     | 19/40 [54:47<54:25, 155.50s/it]Best trial: 7. Best value: 0.540671:  48%|████▊     | 19/40 [54:47<54:25, 155.50s/it]Best trial: 7. Best value: 0.540671:  50%|█████     | 20/40 [54:47<55:36, 166.81s/it]                                                                                     Best trial: 7. Best value: 0.540671:  50%|█████     | 20/40 [57:44<55:36, 166.81s/it]Best trial: 7. Best value: 0.540671:  50%|█████     | 20/40 [57:45<55:36, 166.81s/it]Best trial: 7. Best value: 0.540671:  52%|█████▎    | 21/40 [57:45<53:49, 169.96s/it]                                                                                     Best trial: 7. Best value: 0.540671:  52%|█████▎    | 21/40 [1:00:33<53:49, 169.96s/it]Best trial: 21. Best value: 0.564898:  52%|█████▎    | 21/40 [1:00:33<53:49, 169.96s/it]Best trial: 21. Best value: 0.564898:  55%|█████▌    | 22/40 [1:00:33<50:51, 169.50s/it]                                                                                        [I 2024-12-26 09:09:02,975] Trial 0 finished with value: 0.47436986496017836 and parameters: {'lr': 0.005406792618538074, 'decay': 0.0006168037606502093, 'batch_size': 128, 'nheads': 2, 'project_to': 64, 'hidden_size': 64, 'num_layers': 3, 'dropout': 0.43860663110593034, 'class_weights': False, 'aug_choice': 0}. Best is trial 0 with value: 0.47436986496017836.
[I 2024-12-26 09:14:37,497] Trial 1 finished with value: 0.4757894259574977 and parameters: {'lr': 3.3351798718043595e-05, 'decay': 4.244434422113109e-05, 'batch_size': 128, 'nheads': 2, 'project_to': 64, 'hidden_size': 64, 'num_layers': 1, 'dropout': 0.43038270023284564, 'class_weights': False, 'aug_choice': 2}. Best is trial 1 with value: 0.4757894259574977.
[I 2024-12-26 09:16:37,530] Trial 2 finished with value: 0.4743771549812019 and parameters: {'lr': 0.0035310124816180107, 'decay': 0.0011930066111905423, 'batch_size': 64, 'nheads': 1, 'project_to': 64, 'hidden_size': 128, 'num_layers': 3, 'dropout': 0.40993989884745574, 'class_weights': True, 'aug_choice': 2}. Best is trial 1 with value: 0.4757894259574977.
[I 2024-12-26 09:18:31,522] Trial 3 finished with value: 0.4493148939825693 and parameters: {'lr': 6.6725418685837e-05, 'decay': 0.00014462307556758022, 'batch_size': 64, 'nheads': 2, 'project_to': 64, 'hidden_size': 128, 'num_layers': 1, 'dropout': 0.20048777449572766, 'class_weights': False, 'aug_choice': 4}. Best is trial 1 with value: 0.4757894259574977.
[I 2024-12-26 09:21:33,159] Trial 4 finished with value: 0.461530233599237 and parameters: {'lr': 9.037887016499008e-05, 'decay': 0.0001378938084608882, 'batch_size': 64, 'nheads': 2, 'project_to': 64, 'hidden_size': 32, 'num_layers': 2, 'dropout': 0.6954788503021021, 'class_weights': False, 'aug_choice': 4}. Best is trial 1 with value: 0.4757894259574977.
[I 2024-12-26 09:23:52,994] Trial 5 finished with value: 0.3947512209014457 and parameters: {'lr': 5.448502593458076e-05, 'decay': 1.3293092241041743e-05, 'batch_size': 64, 'nheads': 4, 'project_to': 64, 'hidden_size': 64, 'num_layers': 1, 'dropout': 0.45482144332816676, 'class_weights': True, 'aug_choice': 2}. Best is trial 1 with value: 0.4757894259574977.
[I 2024-12-26 09:25:29,422] Trial 6 finished with value: 0.42276207410072336 and parameters: {'lr': 0.001384993038774697, 'decay': 0.004910391347201946, 'batch_size': 128, 'nheads': 2, 'project_to': 64, 'hidden_size': 32, 'num_layers': 1, 'dropout': 0.40629491042466015, 'class_weights': False, 'aug_choice': 5}. Best is trial 1 with value: 0.4757894259574977.
[I 2024-12-26 09:27:23,789] Trial 7 finished with value: 0.5406709233220731 and parameters: {'lr': 0.0009759215680624191, 'decay': 0.005688151790052158, 'batch_size': 64, 'nheads': 4, 'project_to': 128, 'hidden_size': 128, 'num_layers': 2, 'dropout': 0.29550658409844865, 'class_weights': False, 'aug_choice': 6}. Best is trial 7 with value: 0.5406709233220731.
[I 2024-12-26 09:28:33,653] Trial 8 finished with value: 0.405036541278178 and parameters: {'lr': 0.0005580466672812305, 'decay': 9.393417904284324e-05, 'batch_size': 128, 'nheads': 2, 'project_to': 32, 'hidden_size': 32, 'num_layers': 2, 'dropout': 0.28475607967476235, 'class_weights': True, 'aug_choice': 4}. Best is trial 7 with value: 0.5406709233220731.
[I 2024-12-26 09:30:16,178] Trial 9 finished with value: 0.47568092545890467 and parameters: {'lr': 0.006022917658864924, 'decay': 3.796429012663751e-05, 'batch_size': 64, 'nheads': 4, 'project_to': 32, 'hidden_size': 128, 'num_layers': 3, 'dropout': 0.2952412520173871, 'class_weights': True, 'aug_choice': 6}. Best is trial 7 with value: 0.5406709233220731.
[I 2024-12-26 09:32:18,061] Trial 10 finished with value: 0.5318949056311434 and parameters: {'lr': 0.0004074248218728348, 'decay': 0.00867868963344333, 'batch_size': 64, 'nheads': 4, 'project_to': 128, 'hidden_size': 128, 'num_layers': 2, 'dropout': 0.1057009354070022, 'class_weights': False, 'aug_choice': 6}. Best is trial 7 with value: 0.5406709233220731.
[I 2024-12-26 09:34:26,722] Trial 11 finished with value: 0.5002661162976219 and parameters: {'lr': 0.0002978920891020008, 'decay': 0.006624492570162658, 'batch_size': 64, 'nheads': 4, 'project_to': 128, 'hidden_size': 128, 'num_layers': 2, 'dropout': 0.10499652983557234, 'class_weights': False, 'aug_choice': 6}. Best is trial 7 with value: 0.5406709233220731.
[I 2024-12-26 09:36:24,174] Trial 12 finished with value: 0.5111188514129733 and parameters: {'lr': 0.0002748104453959689, 'decay': 0.0018573160613691141, 'batch_size': 64, 'nheads': 4, 'project_to': 128, 'hidden_size': 128, 'num_layers': 2, 'dropout': 0.10368458855071772, 'class_weights': False, 'aug_choice': 6}. Best is trial 7 with value: 0.5406709233220731.
[I 2024-12-26 09:43:48,201] Trial 13 finished with value: 0.4651326365436755 and parameters: {'lr': 1.2471881828859672e-05, 'decay': 0.009060653103367126, 'batch_size': 64, 'nheads': 4, 'project_to': 128, 'hidden_size': 128, 'num_layers': 2, 'dropout': 0.5915634585178152, 'class_weights': False, 'aug_choice': 8}. Best is trial 7 with value: 0.5406709233220731.
[I 2024-12-26 09:48:53,005] Trial 14 finished with value: 0.5275993474840789 and parameters: {'lr': 0.001251687711570738, 'decay': 0.002783202642027866, 'batch_size': 64, 'nheads': 1, 'project_to': 128, 'hidden_size': 128, 'num_layers': 2, 'dropout': 0.2242103662805068, 'class_weights': False, 'aug_choice': 3}. Best is trial 7 with value: 0.5406709233220731.
[I 2024-12-26 09:52:41,391] Trial 15 finished with value: 0.4194588033079449 and parameters: {'lr': 0.0008823886762265345, 'decay': 0.0008136785625760941, 'batch_size': 64, 'nheads': 4, 'project_to': 128, 'hidden_size': 128, 'num_layers': 3, 'dropout': 0.31315139215032844, 'class_weights': False, 'aug_choice': 1}. Best is trial 7 with value: 0.5406709233220731.
[I 2024-12-26 09:55:53,858] Trial 16 finished with value: 0.4562545981251906 and parameters: {'lr': 0.0001547878635968312, 'decay': 0.0036831246855670717, 'batch_size': 64, 'nheads': 4, 'project_to': 128, 'hidden_size': 128, 'num_layers': 2, 'dropout': 0.18373723824534838, 'class_weights': False, 'aug_choice': 7}. Best is trial 7 with value: 0.5406709233220731.
[I 2024-12-26 09:57:12,065] Trial 17 finished with value: 0.4747208921328703 and parameters: {'lr': 0.002348440225470121, 'decay': 0.00042218400646716744, 'batch_size': 64, 'nheads': 4, 'project_to': 128, 'hidden_size': 128, 'num_layers': 1, 'dropout': 0.5251036809076015, 'class_weights': False, 'aug_choice': 6}. Best is trial 7 with value: 0.5406709233220731.
[I 2024-12-26 09:58:48,977] Trial 18 finished with value: 0.37411981144088485 and parameters: {'lr': 0.0005533214213432712, 'decay': 0.009050862412728403, 'batch_size': 128, 'nheads': 1, 'project_to': 128, 'hidden_size': 64, 'num_layers': 3, 'dropout': 0.16174202030754437, 'class_weights': True, 'aug_choice': 6}. Best is trial 7 with value: 0.5406709233220731.
[I 2024-12-26 10:02:02,135] Trial 19 finished with value: 0.44706755112586566 and parameters: {'lr': 0.00020384973738999117, 'decay': 0.0019361086610761474, 'batch_size': 64, 'nheads': 4, 'project_to': 32, 'hidden_size': 32, 'num_layers': 2, 'dropout': 0.3595680601362598, 'class_weights': False, 'aug_choice': 7}. Best is trial 7 with value: 0.5406709233220731.
[I 2024-12-26 10:04:59,459] Trial 20 finished with value: 0.5294102392914667 and parameters: {'lr': 0.0005778825080546403, 'decay': 0.0040361061124875395, 'batch_size': 64, 'nheads': 4, 'project_to': 128, 'hidden_size': 128, 'num_layers': 2, 'dropout': 0.24935642029002886, 'class_weights': False, 'aug_choice': 8}. Best is trial 7 with value: 0.5406709233220731.
