  0%|          | 0/40 [00:00<?, ?it/s]                                        0%|          | 0/40 [04:44<?, ?it/s]Best trial: 0. Best value: 0.505522:   0%|          | 0/40 [04:44<?, ?it/s]Best trial: 0. Best value: 0.505522:   2%|▎         | 1/40 [04:44<3:05:04, 284.72s/it]                                                                                      Best trial: 0. Best value: 0.505522:   2%|▎         | 1/40 [09:22<3:05:04, 284.72s/it]Best trial: 1. Best value: 0.510685:   2%|▎         | 1/40 [09:22<3:05:04, 284.72s/it]Best trial: 1. Best value: 0.510685:   5%|▌         | 2/40 [09:22<2:57:55, 280.93s/it]                                                                                      Best trial: 1. Best value: 0.510685:   5%|▌         | 2/40 [11:29<2:57:55, 280.93s/it]Best trial: 1. Best value: 0.510685:   5%|▌         | 2/40 [11:29<2:57:55, 280.93s/it]Best trial: 1. Best value: 0.510685:   8%|▊         | 3/40 [11:29<2:09:47, 210.46s/it]                                                                                      Best trial: 1. Best value: 0.510685:   8%|▊         | 3/40 [16:31<2:09:47, 210.46s/it]Best trial: 3. Best value: 0.523707:   8%|▊         | 3/40 [16:31<2:09:47, 210.46s/it]Best trial: 3. Best value: 0.523707:  10%|█         | 4/40 [16:31<2:27:52, 246.46s/it]                                                                                      Best trial: 3. Best value: 0.523707:  10%|█         | 4/40 [21:48<2:27:52, 246.46s/it]Best trial: 3. Best value: 0.523707:  10%|█         | 4/40 [21:48<2:27:52, 246.46s/it]Best trial: 3. Best value: 0.523707:  12%|█▎        | 5/40 [21:48<2:38:35, 271.88s/it]                                                                                      Best trial: 3. Best value: 0.523707:  12%|█▎        | 5/40 [25:02<2:38:35, 271.88s/it]Best trial: 3. Best value: 0.523707:  12%|█▎        | 5/40 [25:02<2:38:35, 271.88s/it]Best trial: 3. Best value: 0.523707:  15%|█▌        | 6/40 [25:02<2:19:03, 245.39s/it]                                                                                      Best trial: 3. Best value: 0.523707:  15%|█▌        | 6/40 [31:47<2:19:03, 245.39s/it]Best trial: 3. Best value: 0.523707:  15%|█▌        | 6/40 [31:47<2:19:03, 245.39s/it]Best trial: 3. Best value: 0.523707:  18%|█▊        | 7/40 [31:47<2:43:48, 297.84s/it]                                                                                      Best trial: 3. Best value: 0.523707:  18%|█▊        | 7/40 [36:56<2:43:48, 297.84s/it]Best trial: 3. Best value: 0.523707:  18%|█▊        | 7/40 [36:56<2:43:48, 297.84s/it]Best trial: 3. Best value: 0.523707:  20%|██        | 8/40 [36:56<2:40:38, 301.21s/it]                                                                                      Best trial: 3. Best value: 0.523707:  20%|██        | 8/40 [38:58<2:40:38, 301.21s/it]Best trial: 3. Best value: 0.523707:  20%|██        | 8/40 [38:58<2:40:38, 301.21s/it]Best trial: 3. Best value: 0.523707:  22%|██▎       | 9/40 [38:58<2:06:40, 245.19s/it]                                                                                      Best trial: 3. Best value: 0.523707:  22%|██▎       | 9/40 [46:05<2:06:40, 245.19s/it]Best trial: 3. Best value: 0.523707:  22%|██▎       | 9/40 [46:05<2:06:40, 245.19s/it]Best trial: 3. Best value: 0.523707:  25%|██▌       | 10/40 [46:05<2:30:40, 301.33s/it]                                                                                       Best trial: 3. Best value: 0.523707:  25%|██▌       | 10/40 [49:24<2:30:40, 301.33s/it]Best trial: 3. Best value: 0.523707:  25%|██▌       | 10/40 [49:24<2:30:40, 301.33s/it]Best trial: 3. Best value: 0.523707:  28%|██▊       | 11/40 [49:24<2:10:28, 269.95s/it]                                                                                       Best trial: 3. Best value: 0.523707:  28%|██▊       | 11/40 [53:28<2:10:28, 269.95s/it]Best trial: 11. Best value: 0.527908:  28%|██▊       | 11/40 [53:28<2:10:28, 269.95s/it]Best trial: 11. Best value: 0.527908:  30%|███       | 12/40 [53:28<2:02:15, 262.00s/it]                                                                                        Best trial: 11. Best value: 0.527908:  30%|███       | 12/40 [57:19<2:02:15, 262.00s/it]Best trial: 11. Best value: 0.527908:  30%|███       | 12/40 [57:19<2:02:15, 262.00s/it]Best trial: 11. Best value: 0.527908:  32%|███▎      | 13/40 [57:19<1:53:42, 252.70s/it]                                                                                        Best trial: 11. Best value: 0.527908:  32%|███▎      | 13/40 [1:01:28<1:53:42, 252.70s/it]Best trial: 11. Best value: 0.527908:  32%|███▎      | 13/40 [1:01:28<1:53:42, 252.70s/it]Best trial: 11. Best value: 0.527908:  35%|███▌      | 14/40 [1:01:28<1:49:00, 251.55s/it]                                                                                          Best trial: 11. Best value: 0.527908:  35%|███▌      | 14/40 [1:05:30<1:49:00, 251.55s/it]Best trial: 11. Best value: 0.527908:  35%|███▌      | 14/40 [1:05:30<1:49:00, 251.55s/it]Best trial: 11. Best value: 0.527908:  38%|███▊      | 15/40 [1:05:30<1:43:37, 248.68s/it]                                                                                          Best trial: 11. Best value: 0.527908:  38%|███▊      | 15/40 [1:08:33<1:43:37, 248.68s/it]Best trial: 11. Best value: 0.527908:  38%|███▊      | 15/40 [1:08:33<1:43:37, 248.68s/it]Best trial: 11. Best value: 0.527908:  40%|████      | 16/40 [1:08:33<1:31:31, 228.83s/it]                                                                                          Best trial: 11. Best value: 0.527908:  40%|████      | 16/40 [1:15:06<1:31:31, 228.83s/it]Best trial: 11. Best value: 0.527908:  40%|████      | 16/40 [1:15:06<1:31:31, 228.83s/it]Best trial: 11. Best value: 0.527908:  42%|████▎     | 17/40 [1:15:06<1:46:43, 278.40s/it]                                                                                          Best trial: 11. Best value: 0.527908:  42%|████▎     | 17/40 [1:20:07<1:46:43, 278.40s/it]Best trial: 17. Best value: 0.534618:  42%|████▎     | 17/40 [1:20:07<1:46:43, 278.40s/it]Best trial: 17. Best value: 0.534618:  45%|████▌     | 18/40 [1:20:07<1:44:35, 285.23s/it]                                                                                          Best trial: 17. Best value: 0.534618:  45%|████▌     | 18/40 [1:24:21<1:44:35, 285.23s/it]Best trial: 17. Best value: 0.534618:  45%|████▌     | 18/40 [1:24:21<1:44:35, 285.23s/it]Best trial: 17. Best value: 0.534618:  48%|████▊     | 19/40 [1:24:21<1:36:31, 275.79s/it]                                                                                          Best trial: 17. Best value: 0.534618:  48%|████▊     | 19/40 [1:29:46<1:36:31, 275.79s/it]Best trial: 17. Best value: 0.534618:  48%|████▊     | 19/40 [1:29:46<1:36:31, 275.79s/it]Best trial: 17. Best value: 0.534618:  50%|█████     | 20/40 [1:29:46<1:36:49, 290.45s/it]                                                                                          Best trial: 17. Best value: 0.534618:  50%|█████     | 20/40 [1:39:23<1:36:49, 290.45s/it]Best trial: 17. Best value: 0.534618:  50%|█████     | 20/40 [1:39:23<1:36:49, 290.45s/it]Best trial: 17. Best value: 0.534618:  52%|█████▎    | 21/40 [1:39:23<1:59:14, 376.56s/it]                                                                                          Best trial: 17. Best value: 0.534618:  52%|█████▎    | 21/40 [1:45:35<1:59:14, 376.56s/it]Best trial: 17. Best value: 0.534618:  52%|█████▎    | 21/40 [1:45:35<1:59:14, 376.56s/it]Best trial: 17. Best value: 0.534618:  55%|█████▌    | 22/40 [1:45:35<1:52:35, 375.31s/it]                                                                                          [I 2024-12-26 13:20:47,795] Trial 0 finished with value: 0.505522202436615 and parameters: {'lr': 0.0071859537996541495, 'decay': 0.000240063999378861, 'batch_size': 128, 'nheads': 4, 'project_to': 64, 'hidden_size': 64, 'num_layers': 1, 'dropout': 0.35938075677815506, 'class_weights': False, 'aug_choice': 7}. Best is trial 0 with value: 0.505522202436615.
[I 2024-12-26 13:25:26,066] Trial 1 finished with value: 0.5106852637781166 and parameters: {'lr': 0.00046650362487400497, 'decay': 0.0046236090177134105, 'batch_size': 64, 'nheads': 4, 'project_to': 64, 'hidden_size': 64, 'num_layers': 1, 'dropout': 0.3616947406142562, 'class_weights': False, 'aug_choice': 7}. Best is trial 1 with value: 0.5106852637781166.
[I 2024-12-26 13:27:32,669] Trial 2 finished with value: 0.4302290266037832 and parameters: {'lr': 0.0001028632540994807, 'decay': 0.00019779855654336858, 'batch_size': 128, 'nheads': 2, 'project_to': 32, 'hidden_size': 64, 'num_layers': 2, 'dropout': 0.1372882045449244, 'class_weights': True, 'aug_choice': 6}. Best is trial 1 with value: 0.5106852637781166.
[I 2024-12-26 13:32:34,315] Trial 3 finished with value: 0.5237071564795359 and parameters: {'lr': 0.00024905622888067027, 'decay': 0.000521843478211846, 'batch_size': 128, 'nheads': 1, 'project_to': 128, 'hidden_size': 64, 'num_layers': 1, 'dropout': 0.45243397544087893, 'class_weights': False, 'aug_choice': 7}. Best is trial 3 with value: 0.5237071564795359.
[I 2024-12-26 13:37:51,263] Trial 4 finished with value: 0.4963284379150439 and parameters: {'lr': 0.009612510864867065, 'decay': 0.00454847171816944, 'batch_size': 64, 'nheads': 4, 'project_to': 64, 'hidden_size': 128, 'num_layers': 2, 'dropout': 0.5262839271770288, 'class_weights': True, 'aug_choice': 7}. Best is trial 3 with value: 0.5237071564795359.
[I 2024-12-26 13:41:05,224] Trial 5 finished with value: 0.35375144779992773 and parameters: {'lr': 0.0018176199304102702, 'decay': 1.0592343583571724e-05, 'batch_size': 128, 'nheads': 2, 'project_to': 128, 'hidden_size': 32, 'num_layers': 1, 'dropout': 0.23945313463922974, 'class_weights': True, 'aug_choice': 2}. Best is trial 3 with value: 0.5237071564795359.
[I 2024-12-26 13:47:51,042] Trial 6 finished with value: 0.4583383481562886 and parameters: {'lr': 6.650170530536995e-05, 'decay': 1.0985919962072066e-05, 'batch_size': 64, 'nheads': 1, 'project_to': 64, 'hidden_size': 32, 'num_layers': 1, 'dropout': 0.6277470887281941, 'class_weights': False, 'aug_choice': 1}. Best is trial 3 with value: 0.5237071564795359.
[I 2024-12-26 13:52:59,488] Trial 7 finished with value: 0.5039705776348318 and parameters: {'lr': 4.5928746798030714e-05, 'decay': 1.1280114910924821e-05, 'batch_size': 128, 'nheads': 2, 'project_to': 64, 'hidden_size': 32, 'num_layers': 1, 'dropout': 0.5244605659642965, 'class_weights': True, 'aug_choice': 7}. Best is trial 3 with value: 0.5237071564795359.
[I 2024-12-26 13:55:01,494] Trial 8 finished with value: 0.30537262016618294 and parameters: {'lr': 0.00015096841303426022, 'decay': 1.2688968430089733e-05, 'batch_size': 128, 'nheads': 2, 'project_to': 64, 'hidden_size': 128, 'num_layers': 1, 'dropout': 0.5975443753298031, 'class_weights': True, 'aug_choice': 4}. Best is trial 3 with value: 0.5237071564795359.
[I 2024-12-26 14:02:08,546] Trial 9 finished with value: 0.39755677067538997 and parameters: {'lr': 0.002947398070151684, 'decay': 3.8313278857227176e-05, 'batch_size': 64, 'nheads': 1, 'project_to': 64, 'hidden_size': 128, 'num_layers': 2, 'dropout': 0.22339315807671514, 'class_weights': True, 'aug_choice': 3}. Best is trial 3 with value: 0.5237071564795359.
[I 2024-12-26 14:05:27,340] Trial 10 finished with value: 0.43149736804793354 and parameters: {'lr': 1.110560347102111e-05, 'decay': 0.0013448570337550878, 'batch_size': 128, 'nheads': 1, 'project_to': 128, 'hidden_size': 64, 'num_layers': 3, 'dropout': 0.4489478139746695, 'class_weights': False, 'aug_choice': 0}. Best is trial 3 with value: 0.5237071564795359.
[I 2024-12-26 14:09:31,149] Trial 11 finished with value: 0.5279076284050234 and parameters: {'lr': 0.0005983255919277191, 'decay': 0.009641649174703221, 'batch_size': 64, 'nheads': 4, 'project_to': 128, 'hidden_size': 64, 'num_layers': 3, 'dropout': 0.36076887272016606, 'class_weights': False, 'aug_choice': 5}. Best is trial 11 with value: 0.5279076284050234.
[I 2024-12-26 14:13:22,445] Trial 12 finished with value: 0.44636277889300086 and parameters: {'lr': 0.00048766116539902815, 'decay': 0.0010821739687400635, 'batch_size': 64, 'nheads': 4, 'project_to': 128, 'hidden_size': 64, 'num_layers': 3, 'dropout': 0.42635082998856194, 'class_weights': False, 'aug_choice': 5}. Best is trial 11 with value: 0.5279076284050234.
[I 2024-12-26 14:17:31,327] Trial 13 finished with value: 0.500891829578957 and parameters: {'lr': 0.0010788012559235104, 'decay': 0.009112528727144346, 'batch_size': 64, 'nheads': 1, 'project_to': 128, 'hidden_size': 64, 'num_layers': 3, 'dropout': 0.28594982311069317, 'class_weights': False, 'aug_choice': 5}. Best is trial 11 with value: 0.5279076284050234.
[I 2024-12-26 14:21:33,373] Trial 14 finished with value: 0.4594653202877839 and parameters: {'lr': 0.0002204345582767315, 'decay': 0.0008894257872009652, 'batch_size': 128, 'nheads': 4, 'project_to': 128, 'hidden_size': 64, 'num_layers': 3, 'dropout': 0.4998818489321652, 'class_weights': False, 'aug_choice': 8}. Best is trial 11 with value: 0.5279076284050234.
[I 2024-12-26 14:24:36,101] Trial 15 finished with value: 0.4416286719842702 and parameters: {'lr': 0.0007521704701675124, 'decay': 6.293499836343526e-05, 'batch_size': 64, 'nheads': 1, 'project_to': 32, 'hidden_size': 64, 'num_layers': 2, 'dropout': 0.31605936766143483, 'class_weights': False, 'aug_choice': 5}. Best is trial 11 with value: 0.5279076284050234.
[I 2024-12-26 14:31:09,795] Trial 16 finished with value: 0.43392510249326005 and parameters: {'lr': 2.4097539241711667e-05, 'decay': 0.002531866242371035, 'batch_size': 64, 'nheads': 1, 'project_to': 128, 'hidden_size': 64, 'num_layers': 2, 'dropout': 0.6996509060987415, 'class_weights': False, 'aug_choice': 8}. Best is trial 11 with value: 0.5279076284050234.
[I 2024-12-26 14:36:10,909] Trial 17 finished with value: 0.5346182885009482 and parameters: {'lr': 0.0002698185026094123, 'decay': 0.0005159458440262277, 'batch_size': 128, 'nheads': 4, 'project_to': 128, 'hidden_size': 64, 'num_layers': 3, 'dropout': 0.15330361498737408, 'class_weights': False, 'aug_choice': 2}. Best is trial 17 with value: 0.5346182885009482.
[I 2024-12-26 14:40:24,710] Trial 18 finished with value: 0.49927302178367045 and parameters: {'lr': 0.0023162923806477513, 'decay': 0.00010576642036213998, 'batch_size': 64, 'nheads': 4, 'project_to': 128, 'hidden_size': 128, 'num_layers': 3, 'dropout': 0.13745263864684248, 'class_weights': False, 'aug_choice': 2}. Best is trial 17 with value: 0.5346182885009482.
[I 2024-12-26 14:45:49,336] Trial 19 finished with value: 0.5059015311437834 and parameters: {'lr': 0.00099570513720115, 'decay': 0.0094042028191166, 'batch_size': 128, 'nheads': 4, 'project_to': 32, 'hidden_size': 32, 'num_layers': 3, 'dropout': 0.18274575712640553, 'class_weights': False, 'aug_choice': 2}. Best is trial 17 with value: 0.5346182885009482.
[I 2024-12-26 14:55:26,667] Trial 20 finished with value: 0.4758815068849597 and parameters: {'lr': 0.00044029814772489996, 'decay': 0.0004130059905701208, 'batch_size': 128, 'nheads': 4, 'project_to': 128, 'hidden_size': 64, 'num_layers': 3, 'dropout': 0.10595517860125364, 'class_weights': False, 'aug_choice': 3}. Best is trial 17 with value: 0.5346182885009482.
