[I 2024-12-26 19:45:02,685] Trial 1 finished with value: 0.5353652170036729 and parameters: {'lr': 0.0009881990305972467, 'decay': 0.009592168433339404, 'batch_size': 64, 'nheads': 1, 'project_to': 32, 'hidden_size': 128, 'num_layers': 1, 'dropout': 0.2931692425621485, 'class_weights': False, 'aug_choice': 6}. Best is trial 1 with value: 0.5353652170036729.
[I 2024-12-26 19:47:28,084] Trial 2 finished with value: 0.36337317632282046 and parameters: {'lr': 0.00014622581870089117, 'decay': 0.0004646340351727637, 'batch_size': 64, 'nheads': 4, 'project_to': 32, 'hidden_size': 128, 'num_layers': 3, 'dropout': 0.6821813016652966, 'class_weights': True, 'aug_choice': 6}. Best is trial 1 with value: 0.5353652170036729.
[I 2024-12-26 19:59:02,591] Trial 3 finished with value: 0.5168865738757578 and parameters: {'lr': 7.752622781828368e-05, 'decay': 0.002110712936175906, 'batch_size': 128, 'nheads': 2, 'project_to': 128, 'hidden_size': 32, 'num_layers': 1, 'dropout': 0.22078184868445666, 'class_weights': True, 'aug_choice': 3}. Best is trial 1 with value: 0.5353652170036729.
[I 2024-12-26 20:01:38,186] Trial 4 finished with value: 0.5077601410440643 and parameters: {'lr': 0.0011132376920780598, 'decay': 2.6169517798573044e-05, 'batch_size': 64, 'nheads': 2, 'project_to': 64, 'hidden_size': 64, 'num_layers': 1, 'dropout': 0.38041670025514496, 'class_weights': False, 'aug_choice': 6}. Best is trial 1 with value: 0.5353652170036729.
[I 2024-12-26 20:07:21,576] Trial 5 finished with value: 0.5576504066917297 and parameters: {'lr': 0.009329299971187392, 'decay': 0.0005319920991033793, 'batch_size': 64, 'nheads': 2, 'project_to': 64, 'hidden_size': 32, 'num_layers': 3, 'dropout': 0.18429643557738606, 'class_weights': True, 'aug_choice': 7}. Best is trial 5 with value: 0.5576504066917297.
[I 2024-12-26 20:12:01,656] Trial 6 finished with value: 0.49133353453427925 and parameters: {'lr': 0.000787194195436352, 'decay': 2.1098762134165433e-05, 'batch_size': 128, 'nheads': 4, 'project_to': 64, 'hidden_size': 32, 'num_layers': 1, 'dropout': 0.4870196289945533, 'class_weights': False, 'aug_choice': 7}. Best is trial 5 with value: 0.5576504066917297.
[I 2024-12-26 20:17:45,270] Trial 7 finished with value: 0.46123498116657674 and parameters: {'lr': 0.00013461308892907795, 'decay': 0.002994926695856138, 'batch_size': 64, 'nheads': 1, 'project_to': 128, 'hidden_size': 32, 'num_layers': 1, 'dropout': 0.6322906637751222, 'class_weights': False, 'aug_choice': 1}. Best is trial 5 with value: 0.5576504066917297.
[I 2024-12-26 20:21:52,019] Trial 8 finished with value: 0.4099442681507767 and parameters: {'lr': 0.0024859464658046225, 'decay': 0.005181426466278847, 'batch_size': 128, 'nheads': 2, 'project_to': 64, 'hidden_size': 32, 'num_layers': 1, 'dropout': 0.5720700971889109, 'class_weights': True, 'aug_choice': 2}. Best is trial 5 with value: 0.5576504066917297.
[I 2024-12-26 20:26:58,300] Trial 9 finished with value: 0.5409916333282498 and parameters: {'lr': 0.0005135558064380978, 'decay': 0.0034592191758970547, 'batch_size': 64, 'nheads': 4, 'project_to': 64, 'hidden_size': 64, 'num_layers': 3, 'dropout': 0.2883212234992464, 'class_weights': True, 'aug_choice': 7}. Best is trial 5 with value: 0.5576504066917297.
[I 2024-12-26 20:30:23,786] Trial 10 finished with value: 0.5193812581320432 and parameters: {'lr': 0.009038950794651364, 'decay': 0.00040528141250482957, 'batch_size': 128, 'nheads': 2, 'project_to': 64, 'hidden_size': 64, 'num_layers': 2, 'dropout': 0.1157533838174244, 'class_weights': True, 'aug_choice': 5}. Best is trial 5 with value: 0.5576504066917297.
[I 2024-12-26 20:42:39,924] Trial 11 finished with value: 0.45317239866724407 and parameters: {'lr': 1.2689717508302406e-05, 'decay': 0.0011393605044234506, 'batch_size': 64, 'nheads': 4, 'project_to': 64, 'hidden_size': 64, 'num_layers': 3, 'dropout': 0.18550712847994563, 'class_weights': True, 'aug_choice': 7}. Best is trial 5 with value: 0.5576504066917297.
[I 2024-12-26 20:48:27,644] Trial 12 finished with value: 0.5197122827056491 and parameters: {'lr': 0.006516514098837606, 'decay': 7.992940557579865e-05, 'batch_size': 64, 'nheads': 2, 'project_to': 64, 'hidden_size': 64, 'num_layers': 3, 'dropout': 0.3279642345798941, 'class_weights': True, 'aug_choice': 7}. Best is trial 5 with value: 0.5576504066917297.
[I 2024-12-26 20:53:47,499] Trial 13 finished with value: 0.43033779954989293 and parameters: {'lr': 1.147567823887274e-05, 'decay': 0.0008869249038440277, 'batch_size': 64, 'nheads': 4, 'project_to': 64, 'hidden_size': 64, 'num_layers': 2, 'dropout': 0.2464149956303385, 'class_weights': True, 'aug_choice': 4}. Best is trial 5 with value: 0.5576504066917297.
[I 2024-12-26 20:57:28,509] Trial 14 finished with value: 0.4088419044288985 and parameters: {'lr': 0.003170618538501, 'decay': 0.00011379687888287049, 'batch_size': 64, 'nheads': 1, 'project_to': 64, 'hidden_size': 128, 'num_layers': 3, 'dropout': 0.13950415139212047, 'class_weights': True, 'aug_choice': 8}. Best is trial 5 with value: 0.5576504066917297.
[I 2024-12-26 21:07:24,282] Trial 15 finished with value: 0.5398464840510104 and parameters: {'lr': 3.697947026163868e-05, 'decay': 0.001159888760763668, 'batch_size': 64, 'nheads': 2, 'project_to': 32, 'hidden_size': 32, 'num_layers': 2, 'dropout': 0.3972436322988565, 'class_weights': True, 'aug_choice': 7}. Best is trial 5 with value: 0.5576504066917297.
[I 2024-12-26 21:13:38,711] Trial 16 finished with value: 0.522618425024265 and parameters: {'lr': 0.0003231633846381618, 'decay': 0.008566040174714861, 'batch_size': 64, 'nheads': 4, 'project_to': 64, 'hidden_size': 64, 'num_layers': 3, 'dropout': 0.2990265657709516, 'class_weights': True, 'aug_choice': 7}. Best is trial 5 with value: 0.5576504066917297.
[I 2024-12-26 21:20:05,975] Trial 17 finished with value: 0.4677517867832601 and parameters: {'lr': 0.002691922832066172, 'decay': 0.003538300135745054, 'batch_size': 64, 'nheads': 4, 'project_to': 64, 'hidden_size': 64, 'num_layers': 3, 'dropout': 0.46768730917695167, 'class_weights': True, 'aug_choice': 1}. Best is trial 5 with value: 0.5576504066917297.
[I 2024-12-26 21:29:33,037] Trial 18 finished with value: 0.5480692120415761 and parameters: {'lr': 0.0003872532902383077, 'decay': 5.5326970972718026e-05, 'batch_size': 128, 'nheads': 2, 'project_to': 32, 'hidden_size': 32, 'num_layers': 2, 'dropout': 0.1881317892888459, 'class_weights': True, 'aug_choice': 3}. Best is trial 5 with value: 0.5576504066917297.
[I 2024-12-26 21:40:07,414] Trial 19 finished with value: 0.4039536350994541 and parameters: {'lr': 2.519155456516049e-05, 'decay': 5.086027896398939e-05, 'batch_size': 128, 'nheads': 2, 'project_to': 32, 'hidden_size': 32, 'num_layers': 2, 'dropout': 0.16646829398608712, 'class_weights': True, 'aug_choice': 3}. Best is trial 5 with value: 0.5576504066917297.
[I 2024-12-26 21:48:24,952] Trial 20 finished with value: 0.5204994847373863 and parameters: {'lr': 0.005487833198397775, 'decay': 0.00020407064080783484, 'batch_size': 128, 'nheads': 2, 'project_to': 32, 'hidden_size': 32, 'num_layers': 2, 'dropout': 0.10744288000220706, 'class_weights': True, 'aug_choice': 3}. Best is trial 5 with value: 0.5576504066917297.
