  0%|          | 0/150 [00:00<?, ?it/s]                                         0%|          | 0/150 [03:44<?, ?it/s]Best trial: 0. Best value: 0.48631:   0%|          | 0/150 [03:44<?, ?it/s]Best trial: 0. Best value: 0.48631:   1%|          | 1/150 [03:44<9:17:20, 224.43s/it]                                                                                      Best trial: 0. Best value: 0.48631:   1%|          | 1/150 [07:59<9:17:20, 224.43s/it]Best trial: 0. Best value: 0.48631:   1%|          | 1/150 [07:59<9:17:20, 224.43s/it]Best trial: 0. Best value: 0.48631:   1%|▏         | 2/150 [07:59<9:57:41, 242.31s/it]                                                                                      Best trial: 0. Best value: 0.48631:   1%|▏         | 2/150 [10:37<9:57:41, 242.31s/it]Best trial: 2. Best value: 0.514961:   1%|▏         | 2/150 [10:37<9:57:41, 242.31s/it]Best trial: 2. Best value: 0.514961:   2%|▏         | 3/150 [10:37<8:20:03, 204.11s/it]                                                                                       Best trial: 2. Best value: 0.514961:   2%|▏         | 3/150 [13:40<8:20:03, 204.11s/it]Best trial: 2. Best value: 0.514961:   2%|▏         | 3/150 [13:40<8:20:03, 204.11s/it]Best trial: 2. Best value: 0.514961:   3%|▎         | 4/150 [13:40<7:55:31, 195.42s/it]                                                                                       Best trial: 2. Best value: 0.514961:   3%|▎         | 4/150 [17:11<7:55:31, 195.42s/it]Best trial: 2. Best value: 0.514961:   3%|▎         | 4/150 [17:11<7:55:31, 195.42s/it]Best trial: 2. Best value: 0.514961:   3%|▎         | 5/150 [17:11<8:06:20, 201.24s/it]                                                                                       Best trial: 2. Best value: 0.514961:   3%|▎         | 5/150 [19:46<8:06:20, 201.24s/it]Best trial: 2. Best value: 0.514961:   3%|▎         | 5/150 [19:46<8:06:20, 201.24s/it]Best trial: 2. Best value: 0.514961:   4%|▍         | 6/150 [19:46<7:25:23, 185.58s/it]                                                                                       Best trial: 2. Best value: 0.514961:   4%|▍         | 6/150 [22:44<7:25:23, 185.58s/it]Best trial: 2. Best value: 0.514961:   4%|▍         | 6/150 [22:44<7:25:23, 185.58s/it]Best trial: 2. Best value: 0.514961:   5%|▍         | 7/150 [22:44<7:15:55, 182.90s/it]                                                                                       Best trial: 2. Best value: 0.514961:   5%|▍         | 7/150 [27:55<7:15:55, 182.90s/it]Best trial: 2. Best value: 0.514961:   5%|▍         | 7/150 [27:55<7:15:55, 182.90s/it]Best trial: 2. Best value: 0.514961:   5%|▌         | 8/150 [27:55<8:49:36, 223.78s/it]                                                                                       Best trial: 2. Best value: 0.514961:   5%|▌         | 8/150 [29:42<8:49:36, 223.78s/it]Best trial: 2. Best value: 0.514961:   5%|▌         | 8/150 [29:42<8:49:36, 223.78s/it]Best trial: 2. Best value: 0.514961:   6%|▌         | 9/150 [29:42<7:20:29, 187.44s/it]                                                                                       Best trial: 2. Best value: 0.514961:   6%|▌         | 9/150 [32:10<7:20:29, 187.44s/it]Best trial: 2. Best value: 0.514961:   6%|▌         | 9/150 [32:10<7:20:29, 187.44s/it]Best trial: 2. Best value: 0.514961:   7%|▋         | 10/150 [32:10<6:48:30, 175.07s/it]                                                                                        Best trial: 2. Best value: 0.514961:   7%|▋         | 10/150 [34:33<6:48:30, 175.07s/it]Best trial: 10. Best value: 0.515541:   7%|▋         | 10/150 [34:33<6:48:30, 175.07s/it]Best trial: 10. Best value: 0.515541:   7%|▋         | 11/150 [34:33<6:23:01, 165.33s/it]                                                                                         Best trial: 10. Best value: 0.515541:   7%|▋         | 11/150 [36:59<6:23:01, 165.33s/it]Best trial: 11. Best value: 0.522281:   7%|▋         | 11/150 [36:59<6:23:01, 165.33s/it]Best trial: 11. Best value: 0.522281:   8%|▊         | 12/150 [36:59<6:06:36, 159.39s/it]                                                                                         Best trial: 11. Best value: 0.522281:   8%|▊         | 12/150 [39:20<6:06:36, 159.39s/it]Best trial: 11. Best value: 0.522281:   8%|▊         | 12/150 [39:20<6:06:36, 159.39s/it]Best trial: 11. Best value: 0.522281:   9%|▊         | 13/150 [39:20<5:51:26, 153.92s/it]                                                                                         Best trial: 11. Best value: 0.522281:   9%|▊         | 13/150 [44:59<5:51:26, 153.92s/it]Best trial: 11. Best value: 0.522281:   9%|▊         | 13/150 [44:59<5:51:26, 153.92s/it]Best trial: 11. Best value: 0.522281:   9%|▉         | 14/150 [44:59<7:55:36, 209.83s/it]                                                                                         Best trial: 11. Best value: 0.522281:   9%|▉         | 14/150 [47:09<7:55:36, 209.83s/it]Best trial: 14. Best value: 0.562334:   9%|▉         | 14/150 [47:09<7:55:36, 209.83s/it]Best trial: 14. Best value: 0.562334:  10%|█         | 15/150 [47:09<6:57:52, 185.72s/it]                                                                                         Best trial: 14. Best value: 0.562334:  10%|█         | 15/150 [48:50<6:57:52, 185.72s/it]Best trial: 14. Best value: 0.562334:  10%|█         | 15/150 [48:50<6:57:52, 185.72s/it]Best trial: 14. Best value: 0.562334:  11%|█         | 16/150 [48:50<5:57:31, 160.09s/it]                                                                                         Best trial: 14. Best value: 0.562334:  11%|█         | 16/150 [50:32<5:57:31, 160.09s/it]Best trial: 14. Best value: 0.562334:  11%|█         | 16/150 [50:32<5:57:31, 160.09s/it]Best trial: 14. Best value: 0.562334:  11%|█▏        | 17/150 [50:32<5:16:17, 142.68s/it]                                                                                         Best trial: 14. Best value: 0.562334:  11%|█▏        | 17/150 [51:53<5:16:17, 142.68s/it]Best trial: 14. Best value: 0.562334:  11%|█▏        | 17/150 [51:53<5:16:17, 142.68s/it]Best trial: 14. Best value: 0.562334:  12%|█▏        | 18/150 [51:53<4:32:59, 124.08s/it]                                                                                         Best trial: 14. Best value: 0.562334:  12%|█▏        | 18/150 [54:49<4:32:59, 124.08s/it]Best trial: 14. Best value: 0.562334:  12%|█▏        | 18/150 [54:49<4:32:59, 124.08s/it]Best trial: 14. Best value: 0.562334:  13%|█▎        | 19/150 [54:49<5:05:27, 139.91s/it]                                                                                         Best trial: 14. Best value: 0.562334:  13%|█▎        | 19/150 [57:30<5:05:27, 139.91s/it]Best trial: 14. Best value: 0.562334:  13%|█▎        | 19/150 [57:30<5:05:27, 139.91s/it]Best trial: 14. Best value: 0.562334:  13%|█▎        | 20/150 [57:30<5:16:25, 146.04s/it]                                                                                         Best trial: 14. Best value: 0.562334:  13%|█▎        | 20/150 [58:41<5:16:25, 146.04s/it]Best trial: 14. Best value: 0.562334:  13%|█▎        | 20/150 [58:41<5:16:25, 146.04s/it]Best trial: 14. Best value: 0.562334:  14%|█▍        | 21/150 [58:41<4:25:46, 123.62s/it]                                                                                         Best trial: 14. Best value: 0.562334:  14%|█▍        | 21/150 [1:00:41<4:25:46, 123.62s/it]Best trial: 14. Best value: 0.562334:  14%|█▍        | 21/150 [1:00:41<4:25:46, 123.62s/it]Best trial: 14. Best value: 0.562334:  15%|█▍        | 22/150 [1:00:41<4:21:20, 122.51s/it]                                                                                           [I 2024-12-30 04:13:01,004] Trial 0 finished with value: 0.4863097474743969 and parameters: {'lr': 6.510502933434835e-05, 'decay': 2.9772594639657303e-05, 'batch_size': 64, 'nheads': 1, 'project_to': 32, 'hidden_size': 128, 'num_layers': 3, 'dropout': 0.16660741331494391, 'alpha': 0.8717688835222603, 'aug_choice': 7}. Best is trial 0 with value: 0.4863097474743969.
[I 2024-12-30 04:17:15,831] Trial 1 finished with value: 0.4451984454857281 and parameters: {'lr': 0.00010101565934398822, 'decay': 0.0053031750155331375, 'batch_size': 128, 'nheads': 1, 'project_to': 128, 'hidden_size': 32, 'num_layers': 3, 'dropout': 0.47545456014013254, 'alpha': 0.46604435587945214, 'aug_choice': 2}. Best is trial 0 with value: 0.4863097474743969.
[I 2024-12-30 04:19:54,479] Trial 2 finished with value: 0.5149606337716935 and parameters: {'lr': 0.0066222379849767135, 'decay': 0.0007491889831367464, 'batch_size': 128, 'nheads': 1, 'project_to': 128, 'hidden_size': 64, 'num_layers': 3, 'dropout': 0.1495987889878092, 'alpha': 0.14753388219925298, 'aug_choice': 8}. Best is trial 2 with value: 0.5149606337716935.
[I 2024-12-30 04:22:56,582] Trial 3 finished with value: 0.48054062050278884 and parameters: {'lr': 0.0012753592695752163, 'decay': 0.00014765781752904437, 'batch_size': 128, 'nheads': 4, 'project_to': 128, 'hidden_size': 32, 'num_layers': 2, 'dropout': 0.24429553244916322, 'alpha': 0.13022152643770904, 'aug_choice': 7}. Best is trial 2 with value: 0.5149606337716935.
[I 2024-12-30 04:26:28,153] Trial 4 finished with value: 0.4784138940471557 and parameters: {'lr': 0.00014914631986718784, 'decay': 0.00023767108529692662, 'batch_size': 64, 'nheads': 4, 'project_to': 32, 'hidden_size': 64, 'num_layers': 1, 'dropout': 0.611711780960551, 'alpha': 1.1178012011542786, 'aug_choice': 5}. Best is trial 2 with value: 0.5149606337716935.
[I 2024-12-30 04:29:03,326] Trial 5 finished with value: 0.48055517142252746 and parameters: {'lr': 0.0005078439855487752, 'decay': 5.132208197019732e-05, 'batch_size': 64, 'nheads': 2, 'project_to': 64, 'hidden_size': 128, 'num_layers': 2, 'dropout': 0.38688950081138207, 'alpha': 0.8152943847370496, 'aug_choice': 1}. Best is trial 2 with value: 0.5149606337716935.
[I 2024-12-30 04:32:00,722] Trial 6 finished with value: 0.5103615048122868 and parameters: {'lr': 0.009403974352169107, 'decay': 0.003931057114359378, 'batch_size': 64, 'nheads': 1, 'project_to': 64, 'hidden_size': 64, 'num_layers': 3, 'dropout': 0.4821211750556714, 'alpha': 0.9724141024044133, 'aug_choice': 7}. Best is trial 2 with value: 0.5149606337716935.
[I 2024-12-30 04:37:12,027] Trial 7 finished with value: 0.5048979766022338 and parameters: {'lr': 1.1568368939160149e-05, 'decay': 8.04231782765717e-05, 'batch_size': 64, 'nheads': 1, 'project_to': 128, 'hidden_size': 64, 'num_layers': 1, 'dropout': 0.3786160259902428, 'alpha': 1.1133902587617812, 'aug_choice': 2}. Best is trial 2 with value: 0.5149606337716935.
[I 2024-12-30 04:38:59,562] Trial 8 finished with value: 0.4538579881062632 and parameters: {'lr': 0.005323360400444312, 'decay': 0.0005328744152443043, 'batch_size': 128, 'nheads': 1, 'project_to': 32, 'hidden_size': 32, 'num_layers': 2, 'dropout': 0.4655242866977173, 'alpha': 1.1211824558642476, 'aug_choice': 5}. Best is trial 2 with value: 0.5149606337716935.
[I 2024-12-30 04:41:26,944] Trial 9 finished with value: 0.3989921206849646 and parameters: {'lr': 7.737824524996005e-05, 'decay': 0.003706189489580211, 'batch_size': 64, 'nheads': 4, 'project_to': 32, 'hidden_size': 64, 'num_layers': 1, 'dropout': 0.6211356705927643, 'alpha': 1.3758591150092017, 'aug_choice': 6}. Best is trial 2 with value: 0.5149606337716935.
[I 2024-12-30 04:43:50,193] Trial 10 finished with value: 0.5155408262163578 and parameters: {'lr': 0.0022370706569171503, 'decay': 0.000860110862712953, 'batch_size': 128, 'nheads': 2, 'project_to': 128, 'hidden_size': 64, 'num_layers': 3, 'dropout': 0.12446604773739989, 'alpha': 0.14024655674436537, 'aug_choice': 8}. Best is trial 10 with value: 0.5155408262163578.
[I 2024-12-30 04:46:16,003] Trial 11 finished with value: 0.5222805797081999 and parameters: {'lr': 0.0026109792586188744, 'decay': 0.0009135961151456845, 'batch_size': 128, 'nheads': 2, 'project_to': 128, 'hidden_size': 64, 'num_layers': 3, 'dropout': 0.1365251687685926, 'alpha': 0.10189283319814768, 'aug_choice': 8}. Best is trial 11 with value: 0.5222805797081999.
[I 2024-12-30 04:48:37,312] Trial 12 finished with value: 0.49201622514600796 and parameters: {'lr': 0.001199292727471909, 'decay': 0.0012876982773437765, 'batch_size': 128, 'nheads': 2, 'project_to': 128, 'hidden_size': 64, 'num_layers': 3, 'dropout': 0.10026609045558123, 'alpha': 0.42398045734581025, 'aug_choice': 8}. Best is trial 11 with value: 0.5222805797081999.
[I 2024-12-30 04:54:16,333] Trial 13 finished with value: 0.47770900231523494 and parameters: {'lr': 0.0017538895854029247, 'decay': 0.001337589264685024, 'batch_size': 128, 'nheads': 2, 'project_to': 128, 'hidden_size': 64, 'num_layers': 3, 'dropout': 0.24843922537400578, 'alpha': 0.43174848569511437, 'aug_choice': 3}. Best is trial 11 with value: 0.5222805797081999.
[I 2024-12-30 04:56:26,183] Trial 14 finished with value: 0.562333921686486 and parameters: {'lr': 0.00275869128121952, 'decay': 0.0016714458521322531, 'batch_size': 128, 'nheads': 2, 'project_to': 128, 'hidden_size': 128, 'num_layers': 2, 'dropout': 0.2799024530500651, 'alpha': 0.29077383951881264, 'aug_choice': 8}. Best is trial 14 with value: 0.562333921686486.
[I 2024-12-30 04:58:06,743] Trial 15 finished with value: 0.5235503707726178 and parameters: {'lr': 0.00041712547050712015, 'decay': 0.008631318248570772, 'batch_size': 128, 'nheads': 2, 'project_to': 128, 'hidden_size': 128, 'num_layers': 2, 'dropout': 0.27717954305388726, 'alpha': 0.624831928456091, 'aug_choice': 4}. Best is trial 14 with value: 0.562333921686486.
[I 2024-12-30 04:59:48,959] Trial 16 finished with value: 0.4753564687845868 and parameters: {'lr': 0.000396915729353508, 'decay': 0.009438795117467334, 'batch_size': 128, 'nheads': 2, 'project_to': 64, 'hidden_size': 128, 'num_layers': 2, 'dropout': 0.28538683580642393, 'alpha': 0.6194544292287164, 'aug_choice': 4}. Best is trial 14 with value: 0.562333921686486.
[I 2024-12-30 05:01:09,745] Trial 17 finished with value: 0.4790492104632468 and parameters: {'lr': 0.0007090592593306984, 'decay': 0.0022563559400862274, 'batch_size': 128, 'nheads': 2, 'project_to': 128, 'hidden_size': 128, 'num_layers': 2, 'dropout': 0.3186799812432316, 'alpha': 0.6050800557767191, 'aug_choice': 4}. Best is trial 14 with value: 0.562333921686486.
[I 2024-12-30 05:04:06,510] Trial 18 finished with value: 0.4356594001992831 and parameters: {'lr': 3.677597096587991e-05, 'decay': 0.005899359948432716, 'batch_size': 128, 'nheads': 2, 'project_to': 128, 'hidden_size': 128, 'num_layers': 2, 'dropout': 0.21470384637566625, 'alpha': 0.6220277975106236, 'aug_choice': 0}. Best is trial 14 with value: 0.562333921686486.
[I 2024-12-30 05:06:46,859] Trial 19 finished with value: 0.49041726302824695 and parameters: {'lr': 0.00021778935486571464, 'decay': 0.009950711746200356, 'batch_size': 128, 'nheads': 2, 'project_to': 64, 'hidden_size': 128, 'num_layers': 2, 'dropout': 0.3583028197370133, 'alpha': 0.3162060556112882, 'aug_choice': 4}. Best is trial 14 with value: 0.562333921686486.
[I 2024-12-30 05:07:58,186] Trial 20 finished with value: 0.5029944615525558 and parameters: {'lr': 0.00309841493504308, 'decay': 0.002213313572204175, 'batch_size': 128, 'nheads': 2, 'project_to': 128, 'hidden_size': 128, 'num_layers': 1, 'dropout': 0.5441580065689711, 'alpha': 0.31930774788362914, 'aug_choice': 6}. Best is trial 14 with value: 0.562333921686486.
[I 2024-12-30 05:09:58,100] Trial 21 finished with value: 0.4551679871103524 and parameters: {'lr': 0.0036244973730448363, 'decay': 1.1875587193334926e-05, 'batch_size': 128, 'nheads': 2, 'project_to': 128, 'hidden_size': 128, 'num_layers': 2, 'dropout': 0.1976474149970694, 'alpha': 0.24206160157439827, 'aug_choice': 8}. Best is trial 14 with value: 0.562333921686486.
