  0%|          | 0/40 [00:00<?, ?it/s]                                        0%|          | 0/40 [03:56<?, ?it/s]Best trial: 0. Best value: 0.528339:   0%|          | 0/40 [03:56<?, ?it/s]Best trial: 0. Best value: 0.528339:   2%|▎         | 1/40 [03:56<2:33:34, 236.28s/it]                                                                                      Best trial: 0. Best value: 0.528339:   2%|▎         | 1/40 [05:23<2:33:34, 236.28s/it]Best trial: 0. Best value: 0.528339:   2%|▎         | 1/40 [05:23<2:33:34, 236.28s/it]Best trial: 0. Best value: 0.528339:   5%|▌         | 2/40 [05:23<1:34:05, 148.57s/it]                                                                                      Best trial: 0. Best value: 0.528339:   5%|▌         | 2/40 [06:49<1:34:05, 148.57s/it]Best trial: 0. Best value: 0.528339:   5%|▌         | 2/40 [06:49<1:34:05, 148.57s/it]Best trial: 0. Best value: 0.528339:   8%|▊         | 3/40 [06:49<1:13:55, 119.88s/it]                                                                                      Best trial: 0. Best value: 0.528339:   8%|▊         | 3/40 [08:22<1:13:55, 119.88s/it]Best trial: 0. Best value: 0.528339:   8%|▊         | 3/40 [08:22<1:13:55, 119.88s/it]Best trial: 0. Best value: 0.528339:  10%|█         | 4/40 [08:22<1:05:44, 109.58s/it]                                                                                      Best trial: 0. Best value: 0.528339:  10%|█         | 4/40 [13:34<1:05:44, 109.58s/it]Best trial: 4. Best value: 0.590656:  10%|█         | 4/40 [13:34<1:05:44, 109.58s/it]Best trial: 4. Best value: 0.590656:  12%|█▎        | 5/40 [13:34<1:46:29, 182.55s/it]                                                                                      Best trial: 4. Best value: 0.590656:  12%|█▎        | 5/40 [15:21<1:46:29, 182.55s/it]Best trial: 4. Best value: 0.590656:  12%|█▎        | 5/40 [15:21<1:46:29, 182.55s/it]Best trial: 4. Best value: 0.590656:  15%|█▌        | 6/40 [15:21<1:28:43, 156.59s/it]                                                                                      Best trial: 4. Best value: 0.590656:  15%|█▌        | 6/40 [20:15<1:28:43, 156.59s/it]Best trial: 4. Best value: 0.590656:  15%|█▌        | 6/40 [20:15<1:28:43, 156.59s/it]Best trial: 4. Best value: 0.590656:  18%|█▊        | 7/40 [20:15<1:50:58, 201.76s/it]                                                                                      Best trial: 4. Best value: 0.590656:  18%|█▊        | 7/40 [24:54<1:50:58, 201.76s/it]Best trial: 4. Best value: 0.590656:  18%|█▊        | 7/40 [24:54<1:50:58, 201.76s/it]Best trial: 4. Best value: 0.590656:  20%|██        | 8/40 [24:54<2:00:36, 226.15s/it]                                                                                      Best trial: 4. Best value: 0.590656:  20%|██        | 8/40 [26:24<2:00:36, 226.15s/it]Best trial: 4. Best value: 0.590656:  20%|██        | 8/40 [26:24<2:00:36, 226.15s/it]Best trial: 4. Best value: 0.590656:  22%|██▎       | 9/40 [26:24<1:34:58, 183.81s/it]                                                                                      Best trial: 4. Best value: 0.590656:  22%|██▎       | 9/40 [33:32<1:34:58, 183.81s/it]Best trial: 4. Best value: 0.590656:  22%|██▎       | 9/40 [33:32<1:34:58, 183.81s/it]Best trial: 4. Best value: 0.590656:  25%|██▌       | 10/40 [33:32<2:09:32, 259.09s/it]                                                                                       Best trial: 4. Best value: 0.590656:  25%|██▌       | 10/40 [35:51<2:09:32, 259.09s/it]Best trial: 4. Best value: 0.590656:  25%|██▌       | 10/40 [35:51<2:09:32, 259.09s/it]Best trial: 4. Best value: 0.590656:  28%|██▊       | 11/40 [35:51<1:47:28, 222.37s/it]                                                                                       Best trial: 4. Best value: 0.590656:  28%|██▊       | 11/40 [50:20<1:47:28, 222.37s/it]Best trial: 4. Best value: 0.590656:  28%|██▊       | 11/40 [50:20<1:47:28, 222.37s/it]Best trial: 4. Best value: 0.590656:  30%|███       | 12/40 [50:20<3:15:35, 419.11s/it]                                                                                       Best trial: 4. Best value: 0.590656:  30%|███       | 12/40 [1:03:22<3:15:35, 419.11s/it]Best trial: 4. Best value: 0.590656:  30%|███       | 12/40 [1:03:22<3:15:35, 419.11s/it]Best trial: 4. Best value: 0.590656:  32%|███▎      | 13/40 [1:03:22<3:57:57, 528.80s/it]                                                                                         Best trial: 4. Best value: 0.590656:  32%|███▎      | 13/40 [1:07:17<3:57:57, 528.80s/it]Best trial: 13. Best value: 0.5995:  32%|███▎      | 13/40 [1:07:17<3:57:57, 528.80s/it] Best trial: 13. Best value: 0.5995:  35%|███▌      | 14/40 [1:07:17<3:10:48, 440.34s/it]                                                                                        Best trial: 13. Best value: 0.5995:  35%|███▌      | 14/40 [1:09:57<3:10:48, 440.34s/it]Best trial: 13. Best value: 0.5995:  35%|███▌      | 14/40 [1:09:57<3:10:48, 440.34s/it]Best trial: 13. Best value: 0.5995:  38%|███▊      | 15/40 [1:09:57<2:28:09, 355.57s/it]                                                                                        Best trial: 13. Best value: 0.5995:  38%|███▊      | 15/40 [1:11:53<2:28:09, 355.57s/it]Best trial: 13. Best value: 0.5995:  38%|███▊      | 15/40 [1:11:53<2:28:09, 355.57s/it]Best trial: 13. Best value: 0.5995:  40%|████      | 16/40 [1:11:53<1:53:26, 283.62s/it]                                                                                        Best trial: 13. Best value: 0.5995:  40%|████      | 16/40 [1:13:48<1:53:26, 283.62s/it]Best trial: 13. Best value: 0.5995:  40%|████      | 16/40 [1:13:48<1:53:26, 283.62s/it]Best trial: 13. Best value: 0.5995:  42%|████▎     | 17/40 [1:13:48<1:29:16, 232.90s/it]                                                                                        Best trial: 13. Best value: 0.5995:  42%|████▎     | 17/40 [1:18:12<1:29:16, 232.90s/it]Best trial: 13. Best value: 0.5995:  42%|████▎     | 17/40 [1:18:12<1:29:16, 232.90s/it]Best trial: 13. Best value: 0.5995:  45%|████▌     | 18/40 [1:18:12<1:28:48, 242.20s/it]                                                                                        Best trial: 13. Best value: 0.5995:  45%|████▌     | 18/40 [1:19:42<1:28:48, 242.20s/it]Best trial: 13. Best value: 0.5995:  45%|████▌     | 18/40 [1:19:42<1:28:48, 242.20s/it]Best trial: 13. Best value: 0.5995:  48%|████▊     | 19/40 [1:19:42<1:08:49, 196.66s/it]                                                                                        Best trial: 13. Best value: 0.5995:  48%|████▊     | 19/40 [1:23:21<1:08:49, 196.66s/it]Best trial: 13. Best value: 0.5995:  48%|████▊     | 19/40 [1:23:21<1:08:49, 196.66s/it]Best trial: 13. Best value: 0.5995:  50%|█████     | 20/40 [1:23:21<1:07:42, 203.13s/it]                                                                                        Best trial: 13. Best value: 0.5995:  50%|█████     | 20/40 [1:25:29<1:07:42, 203.13s/it]Best trial: 13. Best value: 0.5995:  50%|█████     | 20/40 [1:25:29<1:07:42, 203.13s/it]Best trial: 13. Best value: 0.5995:  52%|█████▎    | 21/40 [1:25:29<57:15, 180.81s/it]                                                                                        Best trial: 13. Best value: 0.5995:  52%|█████▎    | 21/40 [1:27:58<57:15, 180.81s/it]Best trial: 13. Best value: 0.5995:  52%|█████▎    | 21/40 [1:27:58<57:15, 180.81s/it]Best trial: 13. Best value: 0.5995:  55%|█████▌    | 22/40 [1:27:58<51:20, 171.15s/it]                                                                                      Best trial: 13. Best value: 0.5995:  55%|█████▌    | 22/40 [1:30:33<51:20, 171.15s/it]Best trial: 13. Best value: 0.5995:  55%|█████▌    | 22/40 [1:30:33<51:20, 171.15s/it]Best trial: 13. Best value: 0.5995:  57%|█████▊    | 23/40 [1:30:33<47:05, 166.22s/it]                                                                                      Best trial: 13. Best value: 0.5995:  57%|█████▊    | 23/40 [1:33:36<47:05, 166.22s/it]Best trial: 13. Best value: 0.5995:  57%|█████▊    | 23/40 [1:33:36<47:05, 166.22s/it]Best trial: 13. Best value: 0.5995:  60%|██████    | 24/40 [1:33:36<45:40, 171.27s/it]                                                                                      [I 2024-12-29 02:50:22,067] Trial 0 finished with value: 0.5283389535471921 and parameters: {'lr': 0.00024598350842684757, 'decay': 1.096502068592387e-05, 'batch_size': 64, 'nheads': 2, 'project_to': 128, 'hidden_size': 64, 'num_layers': 3, 'dropout': 0.5974247541407092, 'aug_choice': 7}. Best is trial 0 with value: 0.5283389535471921.
[I 2024-12-29 02:51:49,244] Trial 1 finished with value: 0.3067993787980425 and parameters: {'lr': 8.517377867694167e-05, 'decay': 0.0012643574636874832, 'batch_size': 64, 'nheads': 1, 'project_to': 32, 'hidden_size': 128, 'num_layers': 1, 'dropout': 0.16186446410154048, 'aug_choice': 0}. Best is trial 0 with value: 0.5283389535471921.
[I 2024-12-29 02:53:14,982] Trial 2 finished with value: 0.290694601358199 and parameters: {'lr': 5.241670443617004e-05, 'decay': 3.8154594515716314e-05, 'batch_size': 64, 'nheads': 2, 'project_to': 32, 'hidden_size': 64, 'num_layers': 2, 'dropout': 0.26701788388071784, 'aug_choice': 6}. Best is trial 0 with value: 0.5283389535471921.
[I 2024-12-29 02:54:48,768] Trial 3 finished with value: 0.42952555050430963 and parameters: {'lr': 0.006780086777658019, 'decay': 4.018413682615723e-05, 'batch_size': 128, 'nheads': 2, 'project_to': 64, 'hidden_size': 64, 'num_layers': 1, 'dropout': 0.6738352508477573, 'aug_choice': 0}. Best is trial 0 with value: 0.5283389535471921.
[I 2024-12-29 03:00:00,716] Trial 4 finished with value: 0.590656334329479 and parameters: {'lr': 6.286066838154361e-05, 'decay': 0.0018603985591280309, 'batch_size': 128, 'nheads': 1, 'project_to': 128, 'hidden_size': 64, 'num_layers': 1, 'dropout': 0.6556400229717854, 'aug_choice': 7}. Best is trial 4 with value: 0.590656334329479.
[I 2024-12-29 03:01:46,896] Trial 5 finished with value: 0.44852997856929827 and parameters: {'lr': 0.0008839892384729705, 'decay': 0.0014565581564240006, 'batch_size': 64, 'nheads': 4, 'project_to': 32, 'hidden_size': 128, 'num_layers': 2, 'dropout': 0.6484463566640546, 'aug_choice': 0}. Best is trial 4 with value: 0.590656334329479.
[I 2024-12-29 03:06:41,659] Trial 6 finished with value: 0.37177996074595704 and parameters: {'lr': 3.770263211402786e-05, 'decay': 6.04221793214188e-05, 'batch_size': 128, 'nheads': 4, 'project_to': 32, 'hidden_size': 32, 'num_layers': 1, 'dropout': 0.15644434912582367, 'aug_choice': 2}. Best is trial 4 with value: 0.590656334329479.
[I 2024-12-29 03:11:20,035] Trial 7 finished with value: 0.5215509920127628 and parameters: {'lr': 0.0004340173307180747, 'decay': 0.00022775726261126786, 'batch_size': 128, 'nheads': 4, 'project_to': 32, 'hidden_size': 64, 'num_layers': 3, 'dropout': 0.17327626854945932, 'aug_choice': 1}. Best is trial 4 with value: 0.590656334329479.
[I 2024-12-29 03:12:50,753] Trial 8 finished with value: 0.3525088436560119 and parameters: {'lr': 4.691467407870948e-05, 'decay': 1.245514865479077e-05, 'batch_size': 64, 'nheads': 1, 'project_to': 64, 'hidden_size': 64, 'num_layers': 2, 'dropout': 0.6483487330711787, 'aug_choice': 0}. Best is trial 4 with value: 0.590656334329479.
[I 2024-12-29 03:19:58,415] Trial 9 finished with value: 0.5468622016893497 and parameters: {'lr': 1.5403496436090283e-05, 'decay': 0.0039179367426269785, 'batch_size': 128, 'nheads': 1, 'project_to': 32, 'hidden_size': 64, 'num_layers': 2, 'dropout': 0.2810738225215349, 'aug_choice': 7}. Best is trial 4 with value: 0.590656334329479.
[I 2024-12-29 03:22:17,517] Trial 10 finished with value: 0.4608334158228154 and parameters: {'lr': 0.002596118332435391, 'decay': 0.009838763553715674, 'batch_size': 128, 'nheads': 1, 'project_to': 128, 'hidden_size': 32, 'num_layers': 1, 'dropout': 0.49389041001334893, 'aug_choice': 8}. Best is trial 4 with value: 0.590656334329479.
[I 2024-12-29 03:36:46,616] Trial 11 finished with value: 0.5160056626107872 and parameters: {'lr': 1.2734437425716851e-05, 'decay': 0.007643827733512394, 'batch_size': 128, 'nheads': 1, 'project_to': 128, 'hidden_size': 64, 'num_layers': 2, 'dropout': 0.3520620928438736, 'aug_choice': 7}. Best is trial 4 with value: 0.590656334329479.
[I 2024-12-29 03:49:47,801] Trial 12 finished with value: 0.5455314506389182 and parameters: {'lr': 1.2770305989156945e-05, 'decay': 0.0018799182318378945, 'batch_size': 128, 'nheads': 1, 'project_to': 128, 'hidden_size': 64, 'num_layers': 3, 'dropout': 0.45351273466808123, 'aug_choice': 7}. Best is trial 4 with value: 0.590656334329479.
[I 2024-12-29 03:53:43,740] Trial 13 finished with value: 0.5995001579295215 and parameters: {'lr': 0.00017138139323048742, 'decay': 0.0034217148799494364, 'batch_size': 128, 'nheads': 1, 'project_to': 128, 'hidden_size': 32, 'num_layers': 1, 'dropout': 0.3002582279999296, 'aug_choice': 5}. Best is trial 13 with value: 0.5995001579295215.
[I 2024-12-29 03:56:22,871] Trial 14 finished with value: 0.5285833640733907 and parameters: {'lr': 0.0001628242894577866, 'decay': 0.0004963995369278602, 'batch_size': 128, 'nheads': 1, 'project_to': 128, 'hidden_size': 32, 'num_layers': 1, 'dropout': 0.5259145565345553, 'aug_choice': 5}. Best is trial 13 with value: 0.5995001579295215.
[I 2024-12-29 03:58:19,404] Trial 15 finished with value: 0.5993184775498278 and parameters: {'lr': 0.0006963290478996855, 'decay': 0.00045580180242796775, 'batch_size': 128, 'nheads': 1, 'project_to': 128, 'hidden_size': 32, 'num_layers': 1, 'dropout': 0.3764984144663388, 'aug_choice': 5}. Best is trial 13 with value: 0.5995001579295215.
[I 2024-12-29 04:00:14,341] Trial 16 finished with value: 0.5576803223497776 and parameters: {'lr': 0.0008811278842254503, 'decay': 0.0003168352477405875, 'batch_size': 128, 'nheads': 1, 'project_to': 128, 'hidden_size': 32, 'num_layers': 1, 'dropout': 0.38410514369364335, 'aug_choice': 5}. Best is trial 13 with value: 0.5995001579295215.
[I 2024-12-29 04:04:38,195] Trial 17 finished with value: 0.5265442320932664 and parameters: {'lr': 0.0007501965707158919, 'decay': 0.0006209813968081612, 'batch_size': 128, 'nheads': 1, 'project_to': 128, 'hidden_size': 32, 'num_layers': 1, 'dropout': 0.28463321596301205, 'aug_choice': 3}. Best is trial 13 with value: 0.5995001579295215.
[I 2024-12-29 04:06:08,769] Trial 18 finished with value: 0.4667294577503488 and parameters: {'lr': 0.0021048426265462524, 'decay': 0.0001427294105001743, 'batch_size': 128, 'nheads': 4, 'project_to': 64, 'hidden_size': 32, 'num_layers': 2, 'dropout': 0.3399257333459329, 'aug_choice': 4}. Best is trial 13 with value: 0.5995001579295215.
[I 2024-12-29 04:09:46,967] Trial 19 finished with value: 0.47951924912309624 and parameters: {'lr': 0.00015444153646934161, 'decay': 0.004301906046432375, 'batch_size': 128, 'nheads': 2, 'project_to': 128, 'hidden_size': 32, 'num_layers': 1, 'dropout': 0.43668564298949686, 'aug_choice': 5}. Best is trial 13 with value: 0.5995001579295215.
[I 2024-12-29 04:11:55,752] Trial 20 finished with value: 0.5030427018539355 and parameters: {'lr': 0.0020610221635194107, 'decay': 0.0007470017874234734, 'batch_size': 128, 'nheads': 1, 'project_to': 128, 'hidden_size': 128, 'num_layers': 2, 'dropout': 0.5323890078187329, 'aug_choice': 5}. Best is trial 13 with value: 0.5995001579295215.
[I 2024-12-29 04:14:24,384] Trial 21 finished with value: 0.5355630539175068 and parameters: {'lr': 0.00040107261309015046, 'decay': 0.0029350137904551013, 'batch_size': 128, 'nheads': 1, 'project_to': 128, 'hidden_size': 32, 'num_layers': 1, 'dropout': 0.259714556394249, 'aug_choice': 5}. Best is trial 13 with value: 0.5995001579295215.
[I 2024-12-29 04:16:59,093] Trial 22 finished with value: 0.36717485338526984 and parameters: {'lr': 0.00010032945879488112, 'decay': 0.0008929174432833882, 'batch_size': 128, 'nheads': 1, 'project_to': 128, 'hidden_size': 32, 'num_layers': 1, 'dropout': 0.21844928661347524, 'aug_choice': 2}. Best is trial 13 with value: 0.5995001579295215.
